[35m[Appium][39m Welcome to Appium v2.4.1 (REV 82c2e743a5bcea725f9ca1429e3e21c3088ff904)
[35m[Appium][39m Non-default server args:
[35m[Appium][39m { basePath: [32m'/wd/hub'[39m, loglevel: [32m'info'[39m, port: [33m52801[39m }
[35m[Appium][39m Attempting to load driver xcuitest...
[35m[Appium][39m Attempting to load driver uiautomator2...
[Appium] Appium REST http interface listener started on http://0.0.0.0:52801/wd/hub
[Appium] You can provide the following URLs in your client code to connect to this server:
[Appium] 	http://127.0.0.1:52801/wd/hub (only accessible from the same host)
[Appium] 	http://192.168.1.4:52801/wd/hub
[Appium] 	http://169.254.111.83:52801/wd/hub
[Appium] Available drivers:
[Appium]   - xcuitest@5.12.2 (automationName 'XCUITest')
[Appium]   - uiautomator2@2.40.0 (automationName 'UiAutomator2')
[Appium] No plugins have been installed. Use the "appium plugin" command to install the one(s) you want to use.
[38;5;0m[HTTP][0m [37m-->[39m [37mGET[39m [37m/wd/hub/status[39m
[38;5;0m[HTTP][0m {}
[38;5;0m[HTTP][0m <-- GET /wd/hub/status 200 2 ms - 199
[38;5;0m[HTTP][0m 
[38;5;0m[HTTP][0m [37m-->[39m [37mPOST[39m [37m/wd/hub/session[39m
[38;5;0m[HTTP][0m {"desiredCapabilities":{"appium:waitForAppScript":"true;","appium:newCommandTimeout":1800,"appium:automationName":"XCUITest","appium:fullReset":true,"appium:platformVersion":"17.4.1","appium:deviceId":"00008110-00112D590CD0201E","appium:noReset":false,"appium:udid":"00008110-00112D590CD0201E","appium:wdaLocalPort":52764,"appium:deviceName":"Safa’s iPhone","platformName":"iOS","appium:app":"/Users/safaamarir/APK/IOS/IS/IS_Preprod_2.2.1_290.ipa"},"capabilities":{"firstMatch":[{"appium:app":"/Users/safaamarir/APK/IOS/IS/IS_Preprod_2.2.1_290.ipa","appium:automationName":"XCUITest","appium:deviceId":"00008110-00112D590CD0201E","appium:deviceName":"Safa’s iPhone","appium:fullReset":true,"appium:newCommandTimeout":1800,"appium:noReset":false,"appium:platformVersion":"17.4.1","appium:udid":"00008110-00112D590CD0201E","appium:waitForAppScript":"true;","appium:wdaLocalPort":52764,"platformName":"ios"}]}}
[Appium] Attempting to find matching driver for automationName 'XCUITest' and platformName 'ios'
[Appium] The 'xcuitest' driver was installed and matched caps.
[Appium] Will require it at /Users/safaamarir/.appium/node_modules/appium-xcuitest-driver
[38;5;16m[AppiumDriver@c2d6][0m Appium v2.4.1 creating new XCUITestDriver (v5.12.2) session
[38;5;16m[AppiumDriver@c2d6][0m Checking BaseDriver versions for Appium and XCUITestDriver
[38;5;16m[AppiumDriver@c2d6][0m Appium's BaseDriver version is 9.5.0
[38;5;16m[AppiumDriver@c2d6][0m XCUITestDriver's BaseDriver version is 9.5.0
[38;5;32m[XCUITestDriver@a470][0m The following provided capabilities were not recognized by this driver:
[38;5;32m[XCUITestDriver@a470][0m   deviceId
[38;5;32m[XCUITestDriver@a470][0m   waitForAppScript
[38;5;32m[XCUITestDriver@a470 (591c8487)][0m Session created with session id: 591c8487-8189-4811-ad28-457cb77de768
[38;5;32m[XCUITestDriver@a470 (591c8487)][0m Determining device to run tests on: udid: '00008110-00112D590CD0201E', real device: true
[38;5;32m[XCUITestDriver@a470 (591c8487)][0m Normalized platformVersion capability value '17.4.1' to '17.4'
[38;5;64m[BaseDriver][0m Using local app '/Users/safaamarir/APK/IOS/IS/IS_Preprod_2.2.1_290.ipa'
[38;5;32m[XCUITestDriver@a470 (591c8487)][0m 'Payload/eKareApp.app' is the resulting application bundle selected from '/Users/safaamarir/APK/IOS/IS/IS_Preprod_2.2.1_290.ipa'
[38;5;32m[XCUITestDriver@a470 (591c8487)][0m Using WDA path: '/Users/safaamarir/.appium/node_modules/appium-xcuitest-driver/node_modules/appium-webdriveragent'
[38;5;32m[XCUITestDriver@a470 (591c8487)][0m Using WDA agent: '/Users/safaamarir/.appium/node_modules/appium-xcuitest-driver/node_modules/appium-webdriveragent/WebDriverAgent.xcodeproj'
[38;5;32m[XCUITestDriver@a470 (591c8487)][0m Setting up real device
[38;5;32m[XCUITestDriver@a470 (591c8487)][0m App 'com.ekareinc.insight.healthcare' is not installed yet or it has an offload and cannot be detected, which might keep the local data.
[38;5;48m[XCUITest][0m App installation succeeded after 12089ms
[38;5;96m[DevCon Factory][0m Requesting connection for device 00008110-00112D590CD0201E on local port 52764, device port 52764
[38;5;96m[DevCon Factory][0m Successfully requested the connection for 00008110-00112D590CD0201E:52764
[38;5;112m[WD Proxy][0m socket hang up
[38;5;32m[XCUITestDriver@a470 (591c8487)][0m Launching WebDriverAgent on the device
[38;5;32m[XCUITestDriver@a470 (591c8487)][0m There is no need to perform the project cleanup. A fresh install has been detected
[38;5;32m[XCUITestDriver@a470 (591c8487)][0m socket hang up
[38;5;32m[XCUITestDriver@a470 (591c8487)][0m socket hang up
[38;5;32m[XCUITestDriver@a470 (591c8487)][0m socket hang up
[38;5;32m[XCUITestDriver@a470 (591c8487)][0m socket hang up
[38;5;32m[XCUITestDriver@a470 (591c8487)][0m socket hang up
[38;5;32m[XCUITestDriver@a470 (591c8487)][0m socket hang up
[38;5;32m[XCUITestDriver@a470 (591c8487)][0m socket hang up
[38;5;32m[XCUITestDriver@a470 (591c8487)][0m socket hang up
[38;5;32m[XCUITestDriver@a470 (591c8487)][0m socket hang up
[38;5;32m[XCUITestDriver@a470 (591c8487)][0m socket hang up
[38;5;32m[XCUITestDriver@a470 (591c8487)][0m socket hang up
[38;5;32m[XCUITestDriver@a470 (591c8487)][0m Determined the downstream protocol as 'W3C'
[38;5;16m[AppiumDriver@c2d6][0m New XCUITestDriver session created successfully, session 591c8487-8189-4811-ad28-457cb77de768 added to master session list
[38;5;0m[HTTP][0m <-- POST /wd/hub/session 200 32279 ms - 624
[38;5;0m[HTTP][0m 
[38;5;0m[HTTP][0m [37m-->[39m [37mGET[39m [37m/wd/hub/session/591c8487-8189-4811-ad28-457cb77de768[39m
[38;5;0m[HTTP][0m {}
[38;5;0m[HTTP][0m <-- GET /wd/hub/session/591c8487-8189-4811-ad28-457cb77de768 200 1 ms - 360
[38;5;0m[HTTP][0m 
[38;5;0m[HTTP][0m [37m-->[39m [37mGET[39m [37m/wd/hub/session/591c8487-8189-4811-ad28-457cb77de768[39m
[38;5;0m[HTTP][0m {}
[38;5;0m[HTTP][0m <-- GET /wd/hub/session/591c8487-8189-4811-ad28-457cb77de768 200 0 ms - 360
[38;5;0m[HTTP][0m 
[38;5;0m[HTTP][0m [37m-->[39m [37mGET[39m [37m/wd/hub/status[39m
[38;5;0m[HTTP][0m {}
[38;5;0m[HTTP][0m <-- GET /wd/hub/status 200 1 ms - 199
[38;5;0m[HTTP][0m 
[38;5;0m[HTTP][0m [37m-->[39m [37mPOST[39m [37m/wd/hub/session/591c8487-8189-4811-ad28-457cb77de768/timeouts[39m
[38;5;0m[HTTP][0m {"implicit":30000}
[38;5;0m[HTTP][0m <-- POST /wd/hub/session/591c8487-8189-4811-ad28-457cb77de768/timeouts 200 1 ms - 14
[38;5;0m[HTTP][0m 
[38;5;0m[HTTP][0m [37m-->[39m [37mPOST[39m [37m/wd/hub/session/591c8487-8189-4811-ad28-457cb77de768/execute/sync[39m
[38;5;0m[HTTP][0m {"script":"mobile: deviceScreenInfo","args":[]}
[38;5;0m[HTTP][0m <-- POST /wd/hub/session/591c8487-8189-4811-ad28-457cb77de768/execute/sync 200 236 ms - 63
[38;5;0m[HTTP][0m 
[38;5;0m[HTTP][0m [37m-->[39m [37mPOST[39m [37m/wd/hub/session/591c8487-8189-4811-ad28-457cb77de768/execute/sync[39m
[38;5;0m[HTTP][0m {"script":"mobile: deviceScreenInfo","args":[]}
[38;5;0m[HTTP][0m <-- POST /wd/hub/session/591c8487-8189-4811-ad28-457cb77de768/execute/sync 200 3 ms - 63
[38;5;0m[HTTP][0m 
[38;5;0m[HTTP][0m [37m-->[39m [37mPOST[39m [37m/wd/hub/session/591c8487-8189-4811-ad28-457cb77de768/timeouts[39m
[38;5;0m[HTTP][0m {"implicit":50}
[38;5;0m[HTTP][0m <-- POST /wd/hub/session/591c8487-8189-4811-ad28-457cb77de768/timeouts 200 1 ms - 14
[38;5;0m[HTTP][0m 
[38;5;0m[HTTP][0m [37m-->[39m [37mGET[39m [37m/wd/hub/session/591c8487-8189-4811-ad28-457cb77de768/window/rect[39m
[38;5;0m[HTTP][0m {}
[38;5;0m[HTTP][0m <-- GET /wd/hub/session/591c8487-8189-4811-ad28-457cb77de768/window/rect 200 111 ms - 48
[38;5;0m[HTTP][0m 
[38;5;0m[HTTP][0m [37m-->[39m [37mPOST[39m [37m/wd/hub/session/591c8487-8189-4811-ad28-457cb77de768/elements[39m
[38;5;0m[HTTP][0m {"using":"xpath","value":"//*[@type = 'XCUIElementTypeButton' and @label = 'Allow' and @name = 'Allow']"}
[38;5;0m[HTTP][0m <-- POST /wd/hub/session/591c8487-8189-4811-ad28-457cb77de768/elements 200 468 ms - 139
[38;5;0m[HTTP][0m 
[38;5;0m[HTTP][0m [37m-->[39m [37mGET[39m [37m/wd/hub/session/591c8487-8189-4811-ad28-457cb77de768/element/880A0000-0000-0000-2400-000000000000/location[39m
[38;5;0m[HTTP][0m {}
[38;5;0m[HTTP][0m <-- GET /wd/hub/session/591c8487-8189-4811-ad28-457cb77de768/element/880A0000-0000-0000-2400-000000000000/location 200 71 ms - 27
[38;5;0m[HTTP][0m 
[38;5;0m[HTTP][0m [37m-->[39m [37mPOST[39m [37m/wd/hub/session/591c8487-8189-4811-ad28-457cb77de768/timeouts[39m
[38;5;0m[HTTP][0m {"implicit":30000}
[38;5;0m[HTTP][0m <-- POST /wd/hub/session/591c8487-8189-4811-ad28-457cb77de768/timeouts 200 0 ms - 14
[38;5;0m[HTTP][0m 
[38;5;0m[HTTP][0m [37m-->[39m [37mPOST[39m [37m/wd/hub/session/591c8487-8189-4811-ad28-457cb77de768/element/880A0000-0000-0000-2400-000000000000/click[39m
[38;5;0m[HTTP][0m {"id":"880A0000-0000-0000-2400-000000000000"}
[38;5;32m[XCUITestDriver@a470 (591c8487)][0m Driver proxy active, passing request on via HTTP proxy
[38;5;32m[XCUITestDriver@a470 (591c8487)][0m Replacing sessionId DDFB9A36-707D-40FB-957C-3957AEE5EDA9 with 591c8487-8189-4811-ad28-457cb77de768
[38;5;0m[HTTP][0m <-- POST /wd/hub/session/591c8487-8189-4811-ad28-457cb77de768/element/880A0000-0000-0000-2400-000000000000/click 200 791 ms - 65
[38;5;0m[HTTP][0m 
[38;5;0m[HTTP][0m [37m-->[39m [37mPOST[39m [37m/wd/hub/session/591c8487-8189-4811-ad28-457cb77de768/timeouts[39m
[38;5;0m[HTTP][0m {"implicit":50}
[38;5;0m[HTTP][0m <-- POST /wd/hub/session/591c8487-8189-4811-ad28-457cb77de768/timeouts 200 1 ms - 14
[38;5;0m[HTTP][0m 
[38;5;0m[HTTP][0m [37m-->[39m [37mGET[39m [37m/wd/hub/session/591c8487-8189-4811-ad28-457cb77de768/window/rect[39m
[38;5;0m[HTTP][0m {}
[38;5;0m[HTTP][0m <-- GET /wd/hub/session/591c8487-8189-4811-ad28-457cb77de768/window/rect 200 97 ms - 48
[38;5;0m[HTTP][0m 
[38;5;0m[HTTP][0m [37m-->[39m [37mPOST[39m [37m/wd/hub/session/591c8487-8189-4811-ad28-457cb77de768/elements[39m
[38;5;0m[HTTP][0m {"using":"xpath","value":"//*[@type = 'XCUIElementTypeTextField']"}
[38;5;0m[HTTP][0m <-- POST /wd/hub/session/591c8487-8189-4811-ad28-457cb77de768/elements 200 204 ms - 139
[38;5;0m[HTTP][0m 
[38;5;0m[HTTP][0m [37m-->[39m [37mGET[39m [37m/wd/hub/session/591c8487-8189-4811-ad28-457cb77de768/element/34000000-0000-0000-E425-000000000000/location[39m
[38;5;0m[HTTP][0m {}
[38;5;0m[HTTP][0m <-- GET /wd/hub/session/591c8487-8189-4811-ad28-457cb77de768/element/34000000-0000-0000-E425-000000000000/location 200 40 ms - 26
[38;5;0m[HTTP][0m 
[38;5;0m[HTTP][0m [37m-->[39m [37mPOST[39m [37m/wd/hub/session/591c8487-8189-4811-ad28-457cb77de768/timeouts[39m
[38;5;0m[HTTP][0m {"implicit":30000}
[38;5;0m[HTTP][0m <-- POST /wd/hub/session/591c8487-8189-4811-ad28-457cb77de768/timeouts 200 1 ms - 14
[38;5;0m[HTTP][0m 
[38;5;0m[HTTP][0m [37m-->[39m [37mPOST[39m [37m/wd/hub/session/591c8487-8189-4811-ad28-457cb77de768/element/34000000-0000-0000-E425-000000000000/clear[39m
[38;5;0m[HTTP][0m {"id":"34000000-0000-0000-E425-000000000000"}
[38;5;0m[HTTP][0m <-- POST /wd/hub/session/591c8487-8189-4811-ad28-457cb77de768/element/34000000-0000-0000-E425-000000000000/clear 200 46 ms - 14
[38;5;0m[HTTP][0m 
[38;5;0m[HTTP][0m [37m-->[39m [37mPOST[39m [37m/wd/hub/session/591c8487-8189-4811-ad28-457cb77de768/element/34000000-0000-0000-E425-000000000000/click[39m
[38;5;0m[HTTP][0m {"id":"34000000-0000-0000-E425-000000000000"}
[38;5;32m[XCUITestDriver@a470 (591c8487)][0m Driver proxy active, passing request on via HTTP proxy
[38;5;32m[XCUITestDriver@a470 (591c8487)][0m Replacing sessionId DDFB9A36-707D-40FB-957C-3957AEE5EDA9 with 591c8487-8189-4811-ad28-457cb77de768
[38;5;0m[HTTP][0m <-- POST /wd/hub/session/591c8487-8189-4811-ad28-457cb77de768/element/34000000-0000-0000-E425-000000000000/click 200 904 ms - 65
[38;5;0m[HTTP][0m 
[38;5;0m[HTTP][0m [37m-->[39m [37mPOST[39m [37m/wd/hub/session/591c8487-8189-4811-ad28-457cb77de768/element/34000000-0000-0000-E425-000000000000/value[39m
[38;5;0m[HTTP][0m {"id":"34000000-0000-0000-E425-000000000000","text":"katalon","value":["k","a","t","a","l","o","n"]}
[38;5;0m[HTTP][0m <-- POST /wd/hub/session/591c8487-8189-4811-ad28-457cb77de768/element/34000000-0000-0000-E425-000000000000/value 200 520 ms - 14
[38;5;0m[HTTP][0m 
[38;5;0m[HTTP][0m [37m-->[39m [37mPOST[39m [37m/wd/hub/session/591c8487-8189-4811-ad28-457cb77de768/timeouts[39m
[38;5;0m[HTTP][0m {"implicit":50}
[38;5;0m[HTTP][0m <-- POST /wd/hub/session/591c8487-8189-4811-ad28-457cb77de768/timeouts 200 0 ms - 14
[38;5;0m[HTTP][0m 
[38;5;0m[HTTP][0m [37m-->[39m [37mGET[39m [37m/wd/hub/session/591c8487-8189-4811-ad28-457cb77de768/window/rect[39m
[38;5;0m[HTTP][0m {}
[38;5;0m[HTTP][0m <-- GET /wd/hub/session/591c8487-8189-4811-ad28-457cb77de768/window/rect 200 111 ms - 48
[38;5;0m[HTTP][0m 
[38;5;0m[HTTP][0m [37m-->[39m [37mPOST[39m [37m/wd/hub/session/591c8487-8189-4811-ad28-457cb77de768/elements[39m
[38;5;0m[HTTP][0m {"using":"xpath","value":"//*[@type = 'XCUIElementTypeSecureTextField']"}
[38;5;0m[HTTP][0m <-- POST /wd/hub/session/591c8487-8189-4811-ad28-457cb77de768/elements 200 315 ms - 139
[38;5;0m[HTTP][0m 
[38;5;0m[HTTP][0m [37m-->[39m [37mGET[39m [37m/wd/hub/session/591c8487-8189-4811-ad28-457cb77de768/element/35000000-0000-0000-E425-000000000000/location[39m
[38;5;0m[HTTP][0m {}
[38;5;0m[HTTP][0m <-- GET /wd/hub/session/591c8487-8189-4811-ad28-457cb77de768/element/35000000-0000-0000-E425-000000000000/location 200 76 ms - 26
[38;5;0m[HTTP][0m 
[38;5;0m[HTTP][0m [37m-->[39m [37mPOST[39m [37m/wd/hub/session/591c8487-8189-4811-ad28-457cb77de768/timeouts[39m
[38;5;0m[HTTP][0m {"implicit":30000}
[38;5;0m[HTTP][0m <-- POST /wd/hub/session/591c8487-8189-4811-ad28-457cb77de768/timeouts 200 0 ms - 14
[38;5;0m[HTTP][0m 
[38;5;0m[HTTP][0m [37m-->[39m [37mPOST[39m [37m/wd/hub/session/591c8487-8189-4811-ad28-457cb77de768/element/35000000-0000-0000-E425-000000000000/clear[39m
[38;5;0m[HTTP][0m {"id":"35000000-0000-0000-E425-000000000000"}
[38;5;0m[HTTP][0m <-- POST /wd/hub/session/591c8487-8189-4811-ad28-457cb77de768/element/35000000-0000-0000-E425-000000000000/clear 200 77 ms - 14
[38;5;0m[HTTP][0m 
[38;5;0m[HTTP][0m [37m-->[39m [37mPOST[39m [37m/wd/hub/session/591c8487-8189-4811-ad28-457cb77de768/element/35000000-0000-0000-E425-000000000000/click[39m
[38;5;0m[HTTP][0m {"id":"35000000-0000-0000-E425-000000000000"}
[38;5;32m[XCUITestDriver@a470 (591c8487)][0m Driver proxy active, passing request on via HTTP proxy
[38;5;32m[XCUITestDriver@a470 (591c8487)][0m Replacing sessionId DDFB9A36-707D-40FB-957C-3957AEE5EDA9 with 591c8487-8189-4811-ad28-457cb77de768
[38;5;0m[HTTP][0m <-- POST /wd/hub/session/591c8487-8189-4811-ad28-457cb77de768/element/35000000-0000-0000-E425-000000000000/click 200 488 ms - 65
[38;5;0m[HTTP][0m 
[38;5;0m[HTTP][0m [37m-->[39m [37mPOST[39m [37m/wd/hub/session/591c8487-8189-4811-ad28-457cb77de768/element/35000000-0000-0000-E425-000000000000/value[39m
[38;5;0m[HTTP][0m {"id":"35000000-0000-0000-E425-000000000000","text":"eKare123@","value":["e","K","a","r","e","1","2","3","@"]}
[38;5;0m[HTTP][0m <-- POST /wd/hub/session/591c8487-8189-4811-ad28-457cb77de768/element/35000000-0000-0000-E425-000000000000/value 200 461 ms - 14
[38;5;0m[HTTP][0m 
[38;5;0m[HTTP][0m [37m-->[39m [37mPOST[39m [37m/wd/hub/session/591c8487-8189-4811-ad28-457cb77de768/timeouts[39m
[38;5;0m[HTTP][0m {"implicit":50}
[38;5;0m[HTTP][0m <-- POST /wd/hub/session/591c8487-8189-4811-ad28-457cb77de768/timeouts 200 0 ms - 14
[38;5;0m[HTTP][0m 
[38;5;0m[HTTP][0m [37m-->[39m [37mGET[39m [37m/wd/hub/session/591c8487-8189-4811-ad28-457cb77de768/window/rect[39m
[38;5;0m[HTTP][0m {}
[38;5;0m[HTTP][0m <-- GET /wd/hub/session/591c8487-8189-4811-ad28-457cb77de768/window/rect 200 216 ms - 48
[38;5;0m[HTTP][0m 
[38;5;0m[HTTP][0m [37m-->[39m [37mPOST[39m [37m/wd/hub/session/591c8487-8189-4811-ad28-457cb77de768/elements[39m
[38;5;0m[HTTP][0m {"using":"xpath","value":"//*[@type = 'XCUIElementTypeOther' and @label = 'SIGN IN' and @name = 'SIGN IN']"}
[38;5;0m[HTTP][0m <-- POST /wd/hub/session/591c8487-8189-4811-ad28-457cb77de768/elements 200 843 ms - 139
[38;5;0m[HTTP][0m 
[38;5;0m[HTTP][0m [37m-->[39m [37mGET[39m [37m/wd/hub/session/591c8487-8189-4811-ad28-457cb77de768/element/1B000000-0000-0000-E425-000000000000/location[39m
[38;5;0m[HTTP][0m {}
[38;5;0m[HTTP][0m <-- GET /wd/hub/session/591c8487-8189-4811-ad28-457cb77de768/element/1B000000-0000-0000-E425-000000000000/location 200 46 ms - 26
[38;5;0m[HTTP][0m 
[38;5;0m[HTTP][0m [37m-->[39m [37mPOST[39m [37m/wd/hub/session/591c8487-8189-4811-ad28-457cb77de768/timeouts[39m
[38;5;0m[HTTP][0m {"implicit":30000}
[38;5;0m[HTTP][0m <-- POST /wd/hub/session/591c8487-8189-4811-ad28-457cb77de768/timeouts 200 0 ms - 14
[38;5;0m[HTTP][0m 
[38;5;0m[HTTP][0m [37m-->[39m [37mPOST[39m [37m/wd/hub/session/591c8487-8189-4811-ad28-457cb77de768/element/1B000000-0000-0000-E425-000000000000/click[39m
[38;5;0m[HTTP][0m {"id":"1B000000-0000-0000-E425-000000000000"}
[38;5;32m[XCUITestDriver@a470 (591c8487)][0m Driver proxy active, passing request on via HTTP proxy
[38;5;32m[XCUITestDriver@a470 (591c8487)][0m Replacing sessionId DDFB9A36-707D-40FB-957C-3957AEE5EDA9 with 591c8487-8189-4811-ad28-457cb77de768
[38;5;0m[HTTP][0m <-- POST /wd/hub/session/591c8487-8189-4811-ad28-457cb77de768/element/1B000000-0000-0000-E425-000000000000/click 200 776 ms - 65
[38;5;0m[HTTP][0m 
[38;5;0m[HTTP][0m [37m-->[39m [37mPOST[39m [37m/wd/hub/session/591c8487-8189-4811-ad28-457cb77de768/timeouts[39m
[38;5;0m[HTTP][0m {"implicit":50}
[38;5;0m[HTTP][0m <-- POST /wd/hub/session/591c8487-8189-4811-ad28-457cb77de768/timeouts 200 0 ms - 14
[38;5;0m[HTTP][0m 
[38;5;0m[HTTP][0m [37m-->[39m [37mGET[39m [37m/wd/hub/session/591c8487-8189-4811-ad28-457cb77de768/window/rect[39m
[38;5;0m[HTTP][0m {}
[38;5;0m[HTTP][0m <-- GET /wd/hub/session/591c8487-8189-4811-ad28-457cb77de768/window/rect 200 55 ms - 48
[38;5;0m[HTTP][0m 
[38;5;0m[HTTP][0m [37m-->[39m [37mPOST[39m [37m/wd/hub/session/591c8487-8189-4811-ad28-457cb77de768/elements[39m
[38;5;0m[HTTP][0m {"using":"xpath","value":"//XCUIElementTypeApplication/XCUIElementTypeWindow[1]/XCUIElementTypeOther[2]/XCUIElementTypeOther[1]/XCUIElementTypeOther[1]/XCUIElementTypeOther[2]/XCUIElementTypeOther[1]/XCUIElementTypeOther[1]/XCUIElementTypeOther[1]/XCUIElementTypeScrollView[1]/XCUIElementTypeOther[1]/XCUIElementTypeOther[1]/XCUIElementTypeOther[2]"}
[38;5;0m[HTTP][0m <-- POST /wd/hub/session/591c8487-8189-4811-ad28-457cb77de768/elements 200 339 ms - 139
[38;5;0m[HTTP][0m 
[38;5;0m[HTTP][0m [37m-->[39m [37mGET[39m [37m/wd/hub/session/591c8487-8189-4811-ad28-457cb77de768/element/92000000-0000-0000-E425-000000000000/location[39m
[38;5;0m[HTTP][0m {}
[38;5;0m[HTTP][0m <-- GET /wd/hub/session/591c8487-8189-4811-ad28-457cb77de768/element/92000000-0000-0000-E425-000000000000/location 200 63 ms - 26
[38;5;0m[HTTP][0m 
[38;5;0m[HTTP][0m [37m-->[39m [37mPOST[39m [37m/wd/hub/session/591c8487-8189-4811-ad28-457cb77de768/timeouts[39m
[38;5;0m[HTTP][0m {"implicit":30000}
[38;5;0m[HTTP][0m <-- POST /wd/hub/session/591c8487-8189-4811-ad28-457cb77de768/timeouts 200 0 ms - 14
[38;5;0m[HTTP][0m 
[38;5;0m[HTTP][0m [37m-->[39m [37mPOST[39m [37m/wd/hub/session/591c8487-8189-4811-ad28-457cb77de768/element/92000000-0000-0000-E425-000000000000/click[39m
[38;5;0m[HTTP][0m {"id":"92000000-0000-0000-E425-000000000000"}
[38;5;32m[XCUITestDriver@a470 (591c8487)][0m Driver proxy active, passing request on via HTTP proxy
[38;5;32m[XCUITestDriver@a470 (591c8487)][0m Replacing sessionId DDFB9A36-707D-40FB-957C-3957AEE5EDA9 with 591c8487-8189-4811-ad28-457cb77de768
[38;5;0m[HTTP][0m <-- POST /wd/hub/session/591c8487-8189-4811-ad28-457cb77de768/element/92000000-0000-0000-E425-000000000000/click 200 442 ms - 65
[38;5;0m[HTTP][0m 
[38;5;0m[HTTP][0m [37m-->[39m [37mPOST[39m [37m/wd/hub/session/591c8487-8189-4811-ad28-457cb77de768/timeouts[39m
[38;5;0m[HTTP][0m {"implicit":50}
[38;5;0m[HTTP][0m <-- POST /wd/hub/session/591c8487-8189-4811-ad28-457cb77de768/timeouts 200 1 ms - 14
[38;5;0m[HTTP][0m 
[38;5;0m[HTTP][0m [37m-->[39m [37mGET[39m [37m/wd/hub/session/591c8487-8189-4811-ad28-457cb77de768/window/rect[39m
[38;5;0m[HTTP][0m {}
[38;5;0m[HTTP][0m <-- GET /wd/hub/session/591c8487-8189-4811-ad28-457cb77de768/window/rect 200 149 ms - 48
[38;5;0m[HTTP][0m 
[38;5;0m[HTTP][0m [37m-->[39m [37mPOST[39m [37m/wd/hub/session/591c8487-8189-4811-ad28-457cb77de768/elements[39m
[38;5;0m[HTTP][0m {"using":"xpath","value":"//XCUIElementTypeApplication/XCUIElementTypeWindow[1]/XCUIElementTypeOther[1]/XCUIElementTypeOther[1]/XCUIElementTypeOther[1]/XCUIElementTypeOther[1]/XCUIElementTypeOther[1]/XCUIElementTypeOther[1]/XCUIElementTypeOther[1]/XCUIElementTypeOther[1]/XCUIElementTypeOther[1]/XCUIElementTypeOther[1]/XCUIElementTypeOther[1]/XCUIElementTypeOther[2]/XCUIElementTypeOther[1]/XCUIElementTypeOther[1]/XCUIElementTypeOther[1]/XCUIElementTypeOther[1]/XCUIElementTypeOther[1]/XCUIElementTypeOther[2]/XCUIElementTypeOther[1]/XCUIElementTypeOther[1]/XCUIElementTypeOther[1]/XCUIElementTypeOther[1]/XCUIElementTypeOther[3]/XCUIElementTypeOther[1]/XCUIElementTypeOther[2]/XCUIElementTypeTextField[1]"}
[38;5;0m[HTTP][0m <-- POST /wd/hub/session/591c8487-8189-4811-ad28-457cb77de768/elements 200 444 ms - 139
[38;5;0m[HTTP][0m 
[38;5;0m[HTTP][0m [37m-->[39m [37mGET[39m [37m/wd/hub/session/591c8487-8189-4811-ad28-457cb77de768/element/DA000000-0000-0000-E425-000000000000/location[39m
[38;5;0m[HTTP][0m {}
[38;5;0m[HTTP][0m <-- GET /wd/hub/session/591c8487-8189-4811-ad28-457cb77de768/element/DA000000-0000-0000-E425-000000000000/location 200 84 ms - 26
[38;5;0m[HTTP][0m 
[38;5;0m[HTTP][0m [37m-->[39m [37mPOST[39m [37m/wd/hub/session/591c8487-8189-4811-ad28-457cb77de768/timeouts[39m
[38;5;0m[HTTP][0m {"implicit":30000}
[38;5;0m[HTTP][0m <-- POST /wd/hub/session/591c8487-8189-4811-ad28-457cb77de768/timeouts 200 0 ms - 14
[38;5;0m[HTTP][0m 
[38;5;0m[HTTP][0m [37m-->[39m [37mPOST[39m [37m/wd/hub/session/591c8487-8189-4811-ad28-457cb77de768/element/DA000000-0000-0000-E425-000000000000/clear[39m
[38;5;0m[HTTP][0m {"id":"DA000000-0000-0000-E425-000000000000"}
[38;5;0m[HTTP][0m <-- POST /wd/hub/session/591c8487-8189-4811-ad28-457cb77de768/element/DA000000-0000-0000-E425-000000000000/clear 200 1396 ms - 14
[38;5;0m[HTTP][0m 
[38;5;0m[HTTP][0m [37m-->[39m [37mPOST[39m [37m/wd/hub/session/591c8487-8189-4811-ad28-457cb77de768/element/DA000000-0000-0000-E425-000000000000/click[39m
[38;5;0m[HTTP][0m {"id":"DA000000-0000-0000-E425-000000000000"}
[38;5;32m[XCUITestDriver@a470 (591c8487)][0m Driver proxy active, passing request on via HTTP proxy
[38;5;32m[XCUITestDriver@a470 (591c8487)][0m Replacing sessionId DDFB9A36-707D-40FB-957C-3957AEE5EDA9 with 591c8487-8189-4811-ad28-457cb77de768
[38;5;0m[HTTP][0m <-- POST /wd/hub/session/591c8487-8189-4811-ad28-457cb77de768/element/DA000000-0000-0000-E425-000000000000/click 200 471 ms - 65
[38;5;0m[HTTP][0m 
[38;5;0m[HTTP][0m [37m-->[39m [37mPOST[39m [37m/wd/hub/session/591c8487-8189-4811-ad28-457cb77de768/element/DA000000-0000-0000-E425-000000000000/value[39m
[38;5;0m[HTTP][0m {"id":"DA000000-0000-0000-E425-000000000000","text":"6767","value":["6","7","6","7"]}
[38;5;0m[HTTP][0m <-- POST /wd/hub/session/591c8487-8189-4811-ad28-457cb77de768/element/DA000000-0000-0000-E425-000000000000/value 200 404 ms - 14
[38;5;0m[HTTP][0m 
[38;5;0m[HTTP][0m [37m-->[39m [37mPOST[39m [37m/wd/hub/session/591c8487-8189-4811-ad28-457cb77de768/timeouts[39m
[38;5;0m[HTTP][0m {"implicit":50}
[38;5;0m[HTTP][0m <-- POST /wd/hub/session/591c8487-8189-4811-ad28-457cb77de768/timeouts 200 0 ms - 14
[38;5;0m[HTTP][0m 
[38;5;0m[HTTP][0m [37m-->[39m [37mGET[39m [37m/wd/hub/session/591c8487-8189-4811-ad28-457cb77de768/window/rect[39m
[38;5;0m[HTTP][0m {}
[38;5;0m[HTTP][0m <-- GET /wd/hub/session/591c8487-8189-4811-ad28-457cb77de768/window/rect 200 132 ms - 48
[38;5;0m[HTTP][0m 
[38;5;0m[HTTP][0m [37m-->[39m [37mPOST[39m [37m/wd/hub/session/591c8487-8189-4811-ad28-457cb77de768/elements[39m
[38;5;0m[HTTP][0m {"using":"xpath","value":"//XCUIElementTypeApplication/XCUIElementTypeWindow[1]/XCUIElementTypeOther[1]/XCUIElementTypeOther[1]/XCUIElementTypeOther[1]/XCUIElementTypeOther[1]/XCUIElementTypeOther[1]/XCUIElementTypeOther[1]/XCUIElementTypeOther[1]/XCUIElementTypeOther[1]/XCUIElementTypeOther[1]/XCUIElementTypeOther[1]/XCUIElementTypeOther[1]/XCUIElementTypeOther[2]/XCUIElementTypeOther[1]/XCUIElementTypeOther[1]/XCUIElementTypeOther[1]/XCUIElementTypeOther[1]/XCUIElementTypeOther[1]/XCUIElementTypeOther[2]/XCUIElementTypeOther[1]/XCUIElementTypeOther[1]/XCUIElementTypeOther[1]/XCUIElementTypeOther[1]/XCUIElementTypeOther[4]/XCUIElementTypeScrollView[1]/XCUIElementTypeOther[2]/XCUIElementTypeOther[1]/XCUIElementTypeOther[1]/XCUIElementTypeOther[1]/XCUIElementTypeOther[1]"}
[38;5;0m[HTTP][0m <-- POST /wd/hub/session/591c8487-8189-4811-ad28-457cb77de768/elements 200 401 ms - 139
[38;5;0m[HTTP][0m 
[38;5;0m[HTTP][0m [37m-->[39m [37mGET[39m [37m/wd/hub/session/591c8487-8189-4811-ad28-457cb77de768/element/2A010000-0000-0000-E425-000000000000/location[39m
[38;5;0m[HTTP][0m {}
[38;5;0m[HTTP][0m <-- GET /wd/hub/session/591c8487-8189-4811-ad28-457cb77de768/element/2A010000-0000-0000-E425-000000000000/location 200 77 ms - 25
[38;5;0m[HTTP][0m 
[38;5;0m[HTTP][0m [37m-->[39m [37mPOST[39m [37m/wd/hub/session/591c8487-8189-4811-ad28-457cb77de768/timeouts[39m
[38;5;0m[HTTP][0m {"implicit":30000}
[38;5;0m[HTTP][0m <-- POST /wd/hub/session/591c8487-8189-4811-ad28-457cb77de768/timeouts 200 0 ms - 14
[38;5;0m[HTTP][0m 
[38;5;0m[HTTP][0m [37m-->[39m [37mPOST[39m [37m/wd/hub/session/591c8487-8189-4811-ad28-457cb77de768/element/2A010000-0000-0000-E425-000000000000/click[39m
[38;5;0m[HTTP][0m {"id":"2A010000-0000-0000-E425-000000000000"}
[38;5;32m[XCUITestDriver@a470 (591c8487)][0m Driver proxy active, passing request on via HTTP proxy
[38;5;32m[XCUITestDriver@a470 (591c8487)][0m Replacing sessionId DDFB9A36-707D-40FB-957C-3957AEE5EDA9 with 591c8487-8189-4811-ad28-457cb77de768
[38;5;0m[HTTP][0m <-- POST /wd/hub/session/591c8487-8189-4811-ad28-457cb77de768/element/2A010000-0000-0000-E425-000000000000/click 200 856 ms - 65
[38;5;0m[HTTP][0m 
[38;5;0m[HTTP][0m [37m-->[39m [37mPOST[39m [37m/wd/hub/session/591c8487-8189-4811-ad28-457cb77de768/timeouts[39m
[38;5;0m[HTTP][0m {"implicit":50}
[38;5;0m[HTTP][0m <-- POST /wd/hub/session/591c8487-8189-4811-ad28-457cb77de768/timeouts 200 0 ms - 14
[38;5;0m[HTTP][0m 
[38;5;0m[HTTP][0m [37m-->[39m [37mGET[39m [37m/wd/hub/session/591c8487-8189-4811-ad28-457cb77de768/window/rect[39m
[38;5;0m[HTTP][0m {}
[38;5;0m[HTTP][0m <-- GET /wd/hub/session/591c8487-8189-4811-ad28-457cb77de768/window/rect 200 88 ms - 48
[38;5;0m[HTTP][0m 
[38;5;0m[HTTP][0m [37m-->[39m [37mPOST[39m [37m/wd/hub/session/591c8487-8189-4811-ad28-457cb77de768/elements[39m
[38;5;0m[HTTP][0m {"using":"xpath","value":"//XCUIElementTypeApplication/XCUIElementTypeWindow[1]/XCUIElementTypeOther[1]/XCUIElementTypeOther[1]/XCUIElementTypeOther[1]/XCUIElementTypeOther[1]/XCUIElementTypeOther[1]/XCUIElementTypeOther[1]/XCUIElementTypeOther[1]/XCUIElementTypeOther[1]/XCUIElementTypeOther[1]/XCUIElementTypeOther[1]/XCUIElementTypeOther[1]/XCUIElementTypeOther[2]/XCUIElementTypeOther[1]/XCUIElementTypeOther[1]/XCUIElementTypeOther[1]/XCUIElementTypeOther[1]/XCUIElementTypeOther[1]/XCUIElementTypeOther[2]/XCUIElementTypeOther[1]/XCUIElementTypeOther[1]/XCUIElementTypeOther[1]/XCUIElementTypeOther[1]/XCUIElementTypeOther[4]/XCUIElementTypeScrollView[1]/XCUIElementTypeOther[2]/XCUIElementTypeOther[1]/XCUIElementTypeOther[1]/XCUIElementTypeOther[1]/XCUIElementTypeOther[1]"}
[38;5;0m[HTTP][0m <-- POST /wd/hub/session/591c8487-8189-4811-ad28-457cb77de768/elements 200 261 ms - 139
[38;5;0m[HTTP][0m 
[38;5;0m[HTTP][0m [37m-->[39m [37mGET[39m [37m/wd/hub/session/591c8487-8189-4811-ad28-457cb77de768/element/2A010000-0000-0000-E425-000000000000/location[39m
[38;5;0m[HTTP][0m {}
[38;5;0m[HTTP][0m <-- GET /wd/hub/session/591c8487-8189-4811-ad28-457cb77de768/element/2A010000-0000-0000-E425-000000000000/location 200 67 ms - 25
[38;5;0m[HTTP][0m 
[38;5;0m[HTTP][0m [37m-->[39m [37mPOST[39m [37m/wd/hub/session/591c8487-8189-4811-ad28-457cb77de768/timeouts[39m
[38;5;0m[HTTP][0m {"implicit":30000}
[38;5;0m[HTTP][0m <-- POST /wd/hub/session/591c8487-8189-4811-ad28-457cb77de768/timeouts 200 0 ms - 14
[38;5;0m[HTTP][0m 
[38;5;0m[HTTP][0m [37m-->[39m [37mPOST[39m [37m/wd/hub/session/591c8487-8189-4811-ad28-457cb77de768/element/2A010000-0000-0000-E425-000000000000/click[39m
[38;5;0m[HTTP][0m {"id":"2A010000-0000-0000-E425-000000000000"}
[38;5;32m[XCUITestDriver@a470 (591c8487)][0m Driver proxy active, passing request on via HTTP proxy
[38;5;32m[XCUITestDriver@a470 (591c8487)][0m Replacing sessionId DDFB9A36-707D-40FB-957C-3957AEE5EDA9 with 591c8487-8189-4811-ad28-457cb77de768
[38;5;0m[HTTP][0m <-- POST /wd/hub/session/591c8487-8189-4811-ad28-457cb77de768/element/2A010000-0000-0000-E425-000000000000/click 200 456 ms - 65
[38;5;0m[HTTP][0m 
[38;5;0m[HTTP][0m [37m-->[39m [37mPOST[39m [37m/wd/hub/session/591c8487-8189-4811-ad28-457cb77de768/timeouts[39m
[38;5;0m[HTTP][0m {"implicit":50}
[38;5;0m[HTTP][0m <-- POST /wd/hub/session/591c8487-8189-4811-ad28-457cb77de768/timeouts 200 0 ms - 14
[38;5;0m[HTTP][0m 
[38;5;0m[HTTP][0m [37m-->[39m [37mGET[39m [37m/wd/hub/session/591c8487-8189-4811-ad28-457cb77de768/window/rect[39m
[38;5;0m[HTTP][0m {}
[38;5;0m[HTTP][0m <-- GET /wd/hub/session/591c8487-8189-4811-ad28-457cb77de768/window/rect 200 85 ms - 48
[38;5;0m[HTTP][0m 
[38;5;0m[HTTP][0m [37m-->[39m [37mPOST[39m [37m/wd/hub/session/591c8487-8189-4811-ad28-457cb77de768/elements[39m
[38;5;0m[HTTP][0m {"using":"xpath","value":"//XCUIElementTypeApplication/XCUIElementTypeWindow[1]/XCUIElementTypeOther[1]/XCUIElementTypeOther[1]/XCUIElementTypeOther[1]/XCUIElementTypeOther[1]/XCUIElementTypeOther[1]/XCUIElementTypeOther[1]/XCUIElementTypeOther[1]/XCUIElementTypeOther[1]/XCUIElementTypeOther[1]/XCUIElementTypeOther[1]/XCUIElementTypeOther[1]/XCUIElementTypeOther[2]/XCUIElementTypeOther[1]/XCUIElementTypeOther[1]/XCUIElementTypeOther[1]/XCUIElementTypeOther[1]/XCUIElementTypeOther[1]/XCUIElementTypeOther[2]/XCUIElementTypeOther[1]/XCUIElementTypeOther[2]/XCUIElementTypeOther[1]/XCUIElementTypeOther[1]/XCUIElementTypeOther[1]/XCUIElementTypeOther[2]/XCUIElementTypeOther[4]/XCUIElementTypeOther[1]"}
[38;5;0m[HTTP][0m <-- POST /wd/hub/session/591c8487-8189-4811-ad28-457cb77de768/elements 200 207 ms - 12
[38;5;0m[HTTP][0m 
[38;5;0m[HTTP][0m [37m-->[39m [37mPOST[39m [37m/wd/hub/session/591c8487-8189-4811-ad28-457cb77de768/elements[39m
[38;5;0m[HTTP][0m {"using":"xpath","value":"//XCUIElementTypeApplication/XCUIElementTypeWindow[1]/XCUIElementTypeOther[1]/XCUIElementTypeOther[1]/XCUIElementTypeOther[1]/XCUIElementTypeOther[1]/XCUIElementTypeOther[1]/XCUIElementTypeOther[1]/XCUIElementTypeOther[1]/XCUIElementTypeOther[1]/XCUIElementTypeOther[1]/XCUIElementTypeOther[1]/XCUIElementTypeOther[1]/XCUIElementTypeOther[2]/XCUIElementTypeOther[1]/XCUIElementTypeOther[1]/XCUIElementTypeOther[1]/XCUIElementTypeOther[1]/XCUIElementTypeOther[1]/XCUIElementTypeOther[2]/XCUIElementTypeOther[1]/XCUIElementTypeOther[2]/XCUIElementTypeOther[1]/XCUIElementTypeOther[1]/XCUIElementTypeOther[1]/XCUIElementTypeOther[2]/XCUIElementTypeOther[4]/XCUIElementTypeOther[1]"}
[38;5;0m[HTTP][0m <-- POST /wd/hub/session/591c8487-8189-4811-ad28-457cb77de768/elements 200 214 ms - 12
[38;5;0m[HTTP][0m 
[38;5;0m[HTTP][0m [37m-->[39m [37mPOST[39m [37m/wd/hub/session/591c8487-8189-4811-ad28-457cb77de768/elements[39m
[38;5;0m[HTTP][0m {"using":"xpath","value":"//XCUIElementTypeApplication/XCUIElementTypeWindow[1]/XCUIElementTypeOther[1]/XCUIElementTypeOther[1]/XCUIElementTypeOther[1]/XCUIElementTypeOther[1]/XCUIElementTypeOther[1]/XCUIElementTypeOther[1]/XCUIElementTypeOther[1]/XCUIElementTypeOther[1]/XCUIElementTypeOther[1]/XCUIElementTypeOther[1]/XCUIElementTypeOther[1]/XCUIElementTypeOther[2]/XCUIElementTypeOther[1]/XCUIElementTypeOther[1]/XCUIElementTypeOther[1]/XCUIElementTypeOther[1]/XCUIElementTypeOther[1]/XCUIElementTypeOther[2]/XCUIElementTypeOther[1]/XCUIElementTypeOther[2]/XCUIElementTypeOther[1]/XCUIElementTypeOther[1]/XCUIElementTypeOther[1]/XCUIElementTypeOther[2]/XCUIElementTypeOther[4]/XCUIElementTypeOther[1]"}
[38;5;0m[HTTP][0m <-- POST /wd/hub/session/591c8487-8189-4811-ad28-457cb77de768/elements 200 378 ms - 139
[38;5;0m[HTTP][0m 
[38;5;0m[HTTP][0m [37m-->[39m [37mGET[39m [37m/wd/hub/session/591c8487-8189-4811-ad28-457cb77de768/element/73010000-0000-0000-E425-000000000000/location[39m
[38;5;0m[HTTP][0m {}
[38;5;0m[HTTP][0m <-- GET /wd/hub/session/591c8487-8189-4811-ad28-457cb77de768/element/73010000-0000-0000-E425-000000000000/location 200 80 ms - 26
[38;5;0m[HTTP][0m 
[38;5;0m[HTTP][0m [37m-->[39m [37mPOST[39m [37m/wd/hub/session/591c8487-8189-4811-ad28-457cb77de768/timeouts[39m
[38;5;0m[HTTP][0m {"implicit":30000}
[38;5;0m[HTTP][0m <-- POST /wd/hub/session/591c8487-8189-4811-ad28-457cb77de768/timeouts 200 0 ms - 14
[38;5;0m[HTTP][0m 
[38;5;0m[HTTP][0m [37m-->[39m [37mPOST[39m [37m/wd/hub/session/591c8487-8189-4811-ad28-457cb77de768/element/73010000-0000-0000-E425-000000000000/click[39m
[38;5;0m[HTTP][0m {"id":"73010000-0000-0000-E425-000000000000"}
[38;5;32m[XCUITestDriver@a470 (591c8487)][0m Driver proxy active, passing request on via HTTP proxy
[38;5;32m[XCUITestDriver@a470 (591c8487)][0m Replacing sessionId DDFB9A36-707D-40FB-957C-3957AEE5EDA9 with 591c8487-8189-4811-ad28-457cb77de768
[38;5;0m[HTTP][0m <-- POST /wd/hub/session/591c8487-8189-4811-ad28-457cb77de768/element/73010000-0000-0000-E425-000000000000/click 200 498 ms - 65
[38;5;0m[HTTP][0m 
[38;5;0m[HTTP][0m [37m-->[39m [37mPOST[39m [37m/wd/hub/session/591c8487-8189-4811-ad28-457cb77de768/timeouts[39m
[38;5;0m[HTTP][0m {"implicit":50}
[38;5;0m[HTTP][0m <-- POST /wd/hub/session/591c8487-8189-4811-ad28-457cb77de768/timeouts 200 0 ms - 14
[38;5;0m[HTTP][0m 
[38;5;0m[HTTP][0m [37m-->[39m [37mGET[39m [37m/wd/hub/session/591c8487-8189-4811-ad28-457cb77de768/window/rect[39m
[38;5;0m[HTTP][0m {}
[38;5;0m[HTTP][0m <-- GET /wd/hub/session/591c8487-8189-4811-ad28-457cb77de768/window/rect 200 98 ms - 48
[38;5;0m[HTTP][0m 
[38;5;0m[HTTP][0m [37m-->[39m [37mPOST[39m [37m/wd/hub/session/591c8487-8189-4811-ad28-457cb77de768/elements[39m
[38;5;0m[HTTP][0m {"using":"xpath","value":"//*[@type = 'XCUIElementTypeOther' and @label = 'Freeze patient' and @name = 'Freeze patient']"}
[38;5;0m[HTTP][0m <-- POST /wd/hub/session/591c8487-8189-4811-ad28-457cb77de768/elements 200 593 ms - 139
[38;5;0m[HTTP][0m 
[38;5;0m[HTTP][0m [37m-->[39m [37mGET[39m [37m/wd/hub/session/591c8487-8189-4811-ad28-457cb77de768/element/9D010000-0000-0000-E425-000000000000/location[39m
[38;5;0m[HTTP][0m {}
[38;5;0m[HTTP][0m <-- GET /wd/hub/session/591c8487-8189-4811-ad28-457cb77de768/element/9D010000-0000-0000-E425-000000000000/location 200 51 ms - 26
[38;5;0m[HTTP][0m 
[38;5;0m[HTTP][0m [37m-->[39m [37mPOST[39m [37m/wd/hub/session/591c8487-8189-4811-ad28-457cb77de768/timeouts[39m
[38;5;0m[HTTP][0m {"implicit":30000}
[38;5;0m[HTTP][0m <-- POST /wd/hub/session/591c8487-8189-4811-ad28-457cb77de768/timeouts 200 0 ms - 14
[38;5;0m[HTTP][0m 
[38;5;0m[HTTP][0m [37m-->[39m [37mPOST[39m [37m/wd/hub/session/591c8487-8189-4811-ad28-457cb77de768/element/9D010000-0000-0000-E425-000000000000/click[39m
[38;5;0m[HTTP][0m {"id":"9D010000-0000-0000-E425-000000000000"}
[38;5;32m[XCUITestDriver@a470 (591c8487)][0m Driver proxy active, passing request on via HTTP proxy
[38;5;32m[XCUITestDriver@a470 (591c8487)][0m Replacing sessionId DDFB9A36-707D-40FB-957C-3957AEE5EDA9 with 591c8487-8189-4811-ad28-457cb77de768
[38;5;0m[HTTP][0m <-- POST /wd/hub/session/591c8487-8189-4811-ad28-457cb77de768/element/9D010000-0000-0000-E425-000000000000/click 200 391 ms - 65
[38;5;0m[HTTP][0m 
[38;5;0m[HTTP][0m [37m-->[39m [37mPOST[39m [37m/wd/hub/session/591c8487-8189-4811-ad28-457cb77de768/timeouts[39m
[38;5;0m[HTTP][0m {"implicit":50}
[38;5;0m[HTTP][0m <-- POST /wd/hub/session/591c8487-8189-4811-ad28-457cb77de768/timeouts 200 0 ms - 14
[38;5;0m[HTTP][0m 
[38;5;0m[HTTP][0m [37m-->[39m [37mGET[39m [37m/wd/hub/session/591c8487-8189-4811-ad28-457cb77de768/window/rect[39m
[38;5;0m[HTTP][0m {}
[38;5;0m[HTTP][0m <-- GET /wd/hub/session/591c8487-8189-4811-ad28-457cb77de768/window/rect 200 101 ms - 48
[38;5;0m[HTTP][0m 
[38;5;0m[HTTP][0m [37m-->[39m [37mPOST[39m [37m/wd/hub/session/591c8487-8189-4811-ad28-457cb77de768/elements[39m
[38;5;0m[HTTP][0m {"using":"xpath","value":"//*[@type = 'XCUIElementTypeOther' and @label = 'Change patient status to Inactive ?' and @name = 'Change patient status to Inactive ?']"}
[38;5;0m[HTTP][0m <-- POST /wd/hub/session/591c8487-8189-4811-ad28-457cb77de768/elements 200 621 ms - 12
[38;5;0m[HTTP][0m 
[38;5;0m[HTTP][0m [37m-->[39m [37mPOST[39m [37m/wd/hub/session/591c8487-8189-4811-ad28-457cb77de768/elements[39m
[38;5;0m[HTTP][0m {"using":"xpath","value":"//*[@type = 'XCUIElementTypeOther' and @label = 'Change patient status to Inactive ?' and @name = 'Change patient status to Inactive ?']"}
[38;5;0m[HTTP][0m <-- POST /wd/hub/session/591c8487-8189-4811-ad28-457cb77de768/elements 200 541 ms - 139
[38;5;0m[HTTP][0m 
[38;5;0m[HTTP][0m [37m-->[39m [37mGET[39m [37m/wd/hub/session/591c8487-8189-4811-ad28-457cb77de768/element/A7010000-0000-0000-E425-000000000000/location[39m
[38;5;0m[HTTP][0m {}
[38;5;0m[HTTP][0m <-- GET /wd/hub/session/591c8487-8189-4811-ad28-457cb77de768/element/A7010000-0000-0000-E425-000000000000/location 200 61 ms - 26
[38;5;0m[HTTP][0m 
[38;5;0m[HTTP][0m [37m-->[39m [37mPOST[39m [37m/wd/hub/session/591c8487-8189-4811-ad28-457cb77de768/timeouts[39m
[38;5;0m[HTTP][0m {"implicit":30000}
[38;5;0m[HTTP][0m <-- POST /wd/hub/session/591c8487-8189-4811-ad28-457cb77de768/timeouts 200 0 ms - 14
[38;5;0m[HTTP][0m 
[38;5;0m[HTTP][0m [37m-->[39m [37mGET[39m [37m/wd/hub/session/591c8487-8189-4811-ad28-457cb77de768/element/A7010000-0000-0000-E425-000000000000/text[39m
[38;5;0m[HTTP][0m {}
[38;5;32m[XCUITestDriver@a470 (591c8487)][0m Driver proxy active, passing request on via HTTP proxy
[38;5;32m[XCUITestDriver@a470 (591c8487)][0m Replacing sessionId DDFB9A36-707D-40FB-957C-3957AEE5EDA9 with 591c8487-8189-4811-ad28-457cb77de768
[38;5;0m[HTTP][0m <-- GET /wd/hub/session/591c8487-8189-4811-ad28-457cb77de768/element/A7010000-0000-0000-E425-000000000000/text 200 61 ms - 98
[38;5;0m[HTTP][0m 
[38;5;0m[HTTP][0m [37m-->[39m [37mPOST[39m [37m/wd/hub/session/591c8487-8189-4811-ad28-457cb77de768/timeouts[39m
[38;5;0m[HTTP][0m {"implicit":50}
[38;5;0m[HTTP][0m <-- POST /wd/hub/session/591c8487-8189-4811-ad28-457cb77de768/timeouts 200 1 ms - 14
[38;5;0m[HTTP][0m 
[38;5;0m[HTTP][0m [37m-->[39m [37mGET[39m [37m/wd/hub/session/591c8487-8189-4811-ad28-457cb77de768/window/rect[39m
[38;5;0m[HTTP][0m {}
[38;5;0m[HTTP][0m <-- GET /wd/hub/session/591c8487-8189-4811-ad28-457cb77de768/window/rect 200 61 ms - 48
[38;5;0m[HTTP][0m 
[38;5;0m[HTTP][0m [37m-->[39m [37mPOST[39m [37m/wd/hub/session/591c8487-8189-4811-ad28-457cb77de768/elements[39m
[38;5;0m[HTTP][0m {"using":"xpath","value":"//*[@type = 'XCUIElementTypeOther' and @label = 'Confirm' and @name = 'Confirm']"}
[38;5;0m[HTTP][0m <-- POST /wd/hub/session/591c8487-8189-4811-ad28-457cb77de768/elements 200 554 ms - 139
[38;5;0m[HTTP][0m 
[38;5;0m[HTTP][0m [37m-->[39m [37mGET[39m [37m/wd/hub/session/591c8487-8189-4811-ad28-457cb77de768/element/A9010000-0000-0000-E425-000000000000/location[39m
[38;5;0m[HTTP][0m {}
[38;5;0m[HTTP][0m <-- GET /wd/hub/session/591c8487-8189-4811-ad28-457cb77de768/element/A9010000-0000-0000-E425-000000000000/location 200 53 ms - 26
[38;5;0m[HTTP][0m 
[38;5;0m[HTTP][0m [37m-->[39m [37mPOST[39m [37m/wd/hub/session/591c8487-8189-4811-ad28-457cb77de768/timeouts[39m
[38;5;0m[HTTP][0m {"implicit":30000}
[38;5;0m[HTTP][0m <-- POST /wd/hub/session/591c8487-8189-4811-ad28-457cb77de768/timeouts 200 0 ms - 14
[38;5;0m[HTTP][0m 
[38;5;0m[HTTP][0m [37m-->[39m [37mGET[39m [37m/wd/hub/session/591c8487-8189-4811-ad28-457cb77de768/element/A9010000-0000-0000-E425-000000000000/text[39m
[38;5;0m[HTTP][0m {}
[38;5;32m[XCUITestDriver@a470 (591c8487)][0m Driver proxy active, passing request on via HTTP proxy
[38;5;32m[XCUITestDriver@a470 (591c8487)][0m Replacing sessionId DDFB9A36-707D-40FB-957C-3957AEE5EDA9 with 591c8487-8189-4811-ad28-457cb77de768
[38;5;0m[HTTP][0m <-- GET /wd/hub/session/591c8487-8189-4811-ad28-457cb77de768/element/A9010000-0000-0000-E425-000000000000/text 200 50 ms - 70
[38;5;0m[HTTP][0m 
[38;5;0m[HTTP][0m [37m-->[39m [37mPOST[39m [37m/wd/hub/session/591c8487-8189-4811-ad28-457cb77de768/timeouts[39m
[38;5;0m[HTTP][0m {"implicit":50}
[38;5;0m[HTTP][0m <-- POST /wd/hub/session/591c8487-8189-4811-ad28-457cb77de768/timeouts 200 1 ms - 14
[38;5;0m[HTTP][0m 
[38;5;0m[HTTP][0m [37m-->[39m [37mGET[39m [37m/wd/hub/session/591c8487-8189-4811-ad28-457cb77de768/window/rect[39m
[38;5;0m[HTTP][0m {}
[38;5;0m[HTTP][0m <-- GET /wd/hub/session/591c8487-8189-4811-ad28-457cb77de768/window/rect 200 58 ms - 48
[38;5;0m[HTTP][0m 
[38;5;0m[HTTP][0m [37m-->[39m [37mPOST[39m [37m/wd/hub/session/591c8487-8189-4811-ad28-457cb77de768/elements[39m
[38;5;0m[HTTP][0m {"using":"xpath","value":"//*[@type = 'XCUIElementTypeOther' and @label = 'Cancel' and @name = 'Cancel']"}
[38;5;0m[HTTP][0m <-- POST /wd/hub/session/591c8487-8189-4811-ad28-457cb77de768/elements 200 557 ms - 139
[38;5;0m[HTTP][0m 
[38;5;0m[HTTP][0m [37m-->[39m [37mGET[39m [37m/wd/hub/session/591c8487-8189-4811-ad28-457cb77de768/element/AB010000-0000-0000-E425-000000000000/location[39m
[38;5;0m[HTTP][0m {}
[38;5;0m[HTTP][0m <-- GET /wd/hub/session/591c8487-8189-4811-ad28-457cb77de768/element/AB010000-0000-0000-E425-000000000000/location 200 48 ms - 26
[38;5;0m[HTTP][0m 
[38;5;0m[HTTP][0m [37m-->[39m [37mPOST[39m [37m/wd/hub/session/591c8487-8189-4811-ad28-457cb77de768/timeouts[39m
[38;5;0m[HTTP][0m {"implicit":30000}
[38;5;0m[HTTP][0m <-- POST /wd/hub/session/591c8487-8189-4811-ad28-457cb77de768/timeouts 200 0 ms - 14
[38;5;0m[HTTP][0m 
[38;5;0m[HTTP][0m [37m-->[39m [37mGET[39m [37m/wd/hub/session/591c8487-8189-4811-ad28-457cb77de768/element/AB010000-0000-0000-E425-000000000000/text[39m
[38;5;0m[HTTP][0m {}
[38;5;32m[XCUITestDriver@a470 (591c8487)][0m Driver proxy active, passing request on via HTTP proxy
[38;5;32m[XCUITestDriver@a470 (591c8487)][0m Replacing sessionId DDFB9A36-707D-40FB-957C-3957AEE5EDA9 with 591c8487-8189-4811-ad28-457cb77de768
[38;5;0m[HTTP][0m <-- GET /wd/hub/session/591c8487-8189-4811-ad28-457cb77de768/element/AB010000-0000-0000-E425-000000000000/text 200 47 ms - 69
[38;5;0m[HTTP][0m 
[38;5;0m[HTTP][0m [37m-->[39m [37mPOST[39m [37m/wd/hub/session/591c8487-8189-4811-ad28-457cb77de768/timeouts[39m
[38;5;0m[HTTP][0m {"implicit":50}
[38;5;0m[HTTP][0m <-- POST /wd/hub/session/591c8487-8189-4811-ad28-457cb77de768/timeouts 200 1 ms - 14
[38;5;0m[HTTP][0m 
[38;5;0m[HTTP][0m [37m-->[39m [37mGET[39m [37m/wd/hub/session/591c8487-8189-4811-ad28-457cb77de768/window/rect[39m
[38;5;0m[HTTP][0m {}
[38;5;0m[HTTP][0m <-- GET /wd/hub/session/591c8487-8189-4811-ad28-457cb77de768/window/rect 200 60 ms - 48
[38;5;0m[HTTP][0m 
[38;5;0m[HTTP][0m [37m-->[39m [37mPOST[39m [37m/wd/hub/session/591c8487-8189-4811-ad28-457cb77de768/elements[39m
[38;5;0m[HTTP][0m {"using":"xpath","value":"//*[@type = 'XCUIElementTypeOther' and @label = 'Confirm' and @name = 'Confirm']"}
[38;5;0m[HTTP][0m <-- POST /wd/hub/session/591c8487-8189-4811-ad28-457cb77de768/elements 200 560 ms - 139
[38;5;0m[HTTP][0m 
[38;5;0m[HTTP][0m [37m-->[39m [37mGET[39m [37m/wd/hub/session/591c8487-8189-4811-ad28-457cb77de768/element/A9010000-0000-0000-E425-000000000000/location[39m
[38;5;0m[HTTP][0m {}
[38;5;0m[HTTP][0m <-- GET /wd/hub/session/591c8487-8189-4811-ad28-457cb77de768/element/A9010000-0000-0000-E425-000000000000/location 200 54 ms - 26
[38;5;0m[HTTP][0m 
[38;5;0m[HTTP][0m [37m-->[39m [37mPOST[39m [37m/wd/hub/session/591c8487-8189-4811-ad28-457cb77de768/timeouts[39m
[38;5;0m[HTTP][0m {"implicit":30000}
[38;5;0m[HTTP][0m <-- POST /wd/hub/session/591c8487-8189-4811-ad28-457cb77de768/timeouts 200 0 ms - 14
[38;5;0m[HTTP][0m 
[38;5;0m[HTTP][0m [37m-->[39m [37mPOST[39m [37m/wd/hub/session/591c8487-8189-4811-ad28-457cb77de768/element/A9010000-0000-0000-E425-000000000000/click[39m
[38;5;0m[HTTP][0m {"id":"A9010000-0000-0000-E425-000000000000"}
[38;5;32m[XCUITestDriver@a470 (591c8487)][0m Driver proxy active, passing request on via HTTP proxy
[38;5;32m[XCUITestDriver@a470 (591c8487)][0m Replacing sessionId DDFB9A36-707D-40FB-957C-3957AEE5EDA9 with 591c8487-8189-4811-ad28-457cb77de768
[38;5;0m[HTTP][0m <-- POST /wd/hub/session/591c8487-8189-4811-ad28-457cb77de768/element/A9010000-0000-0000-E425-000000000000/click 200 383 ms - 65
[38;5;0m[HTTP][0m 
[38;5;0m[HTTP][0m [37m-->[39m [37mDELETE[39m [37m/wd/hub/session/591c8487-8189-4811-ad28-457cb77de768[39m
[38;5;0m[HTTP][0m {}
[38;5;16m[AppiumDriver@c2d6][0m Removing session 591c8487-8189-4811-ad28-457cb77de768 from our master session list
[38;5;96m[DevCon Factory][0m Releasing connections for 00008110-00112D590CD0201E device on any port number
[38;5;96m[DevCon Factory][0m Found cached connections to release: ["00008110-00112D590CD0201E:52764"]
[38;5;96m[DevCon Factory][0m Releasing the listener for '00008110-00112D590CD0201E:52764'
[38;5;0m[HTTP][0m <-- DELETE /wd/hub/session/591c8487-8189-4811-ad28-457cb77de768 200 1047 ms - 14
[38;5;0m[HTTP][0m 
[Appium] Received SIGTERM - shutting down
[38;5;0m[HTTP][0m Waiting until the server is closed
[38;5;0m[HTTP][0m Received server close event
