[35m[Appium][39m Welcome to Appium v1.22.0
[35m[Appium][39m Non-default server args:
[35m[Appium][39m   port: 60903
[35m[Appium][39m   loglevel: info
[35m[Appium][39m   tmpDir: C:\Users\Amarir\AppData\Local\Temp\\Katalon\Appium\Temp1695822105391
[35m[Appium][39m   chromedriverPort: 60905
[35m[Appium][39m Deprecated server args:
[35m[Appium][39m   [31m--chromedriver-port[39m => --default-capabilities
[35m[Appium][39m Default capabilities, which will be added to each request unless overridden by desired capabilities:
[35m[Appium][39m   chromedriverPort: 60905
[35m[Appium][39m Appium REST http interface listener started on 0.0.0.0:60903
[35m[HTTP][39m [37m-->[39m [37mGET[39m [37m/wd/hub/status[39m
[35m[HTTP][39m [90m{}[39m
[35m[HTTP][39m [37m<-- GET /wd/hub/status [39m[32m200[39m [90m22 ms - 68[39m
[35m[HTTP][39m [90m[39m
[35m[HTTP][39m [37m-->[39m [37mPOST[39m [37m/wd/hub/session[39m
[35m[HTTP][39m [90m{"desiredCapabilities":{"app":"C:\\Users\\Amarir\\Downloads\\APK\\IS\\IS_Preprod_2.1.1_160.apk","noReset":true,"deviceName":"samsung SM-N975F (Android 12)","fullReset":false,"platform":"ANDROID","newCommandTimeout":1800,"platformVersion":"12","automationName":"uiautomator2","autoGrantPermissions":true,"platformName":"Android","udid":"RF8N307NKZV","systemPort":60902},"capabilities":{"firstMatch":[{"appium:app":"C:\\Users\\Amarir\\Downloads\\APK\\IS\\IS_Preprod_2.1.1_160.apk","appium:autoGrantPermissions":true,"appium:automationName":"uiautomator2","appium:deviceName":"samsung SM-N975F (Android 12)","appium:fullReset":false,"appium:newCommandTimeout":1800,"appium:noReset":true,"platform":"ANDROID","platformName":"android","appium:platformVersion":"12","appium:systemPort":60902,"appium:udid":"RF8N307NKZV"}]}}[39m
[35m[BaseDriver][39m The following capabilities are not standard capabilities and should have an extension prefix:
[35m[BaseDriver][39m   platform
[35m[BaseDriver][39m   chromedriverPort
[35m[Appium][39m Appium v1.22.0 creating new AndroidUiautomator2Driver (v1.69.0) session
[35m[BaseDriver][39m The following capabilities were provided, but are not recognized by Appium:
[35m[BaseDriver][39m   platform
[35m[BaseDriver][39m Session created with session id: a641f6a2-479a-444f-b5a8-1b6ef0d1ed23
[35m[BaseDriver][39m Using local app 'C:\Users\Amarir\Downloads\APK\IS\IS_Preprod_2.1.1_160.apk'
[35m[ADB][39m Found 1 'build-tools' folders under 'C:\Users\Amarir\.katalon\tools\android_sdk' (newest first):
[35m[ADB][39m     C:/Users/Amarir/.katalon/tools/android_sdk/build-tools/29.0.3
[35m[ADB][39m Using 'adb.exe' from 'C:\Users\Amarir\.katalon\tools\android_sdk\platform-tools\adb.exe'
[35m[AndroidDriver][39m Retrieving device list
[35m[AndroidDriver][39m Using device: RF8N307NKZV
[35m[ADB][39m Using 'adb.exe' from 'C:\Users\Amarir\.katalon\tools\android_sdk\platform-tools\adb.exe'
[35m[ADB][39m Getting device platform version
[35m[UiAutomator2][39m Relaxing hidden api policy
[35m[ADB][39m Package name: 'com.ekareinc.insight.standard'
[35m[ADB][39m Main activity name: 'com.ekareinc.insight.standard.MainActivity'
[35m[ADB][39m Using 'apksigner.jar' from 'C:\Users\Amarir\.katalon\tools\android_sdk\build-tools\29.0.3\lib\apksigner.jar'
[35m[ADB][39m 'C:\Users\Amarir\AppData\Roaming\npm\node_modules\appium\node_modules\appium-uiautomator2-server\apks\appium-uiautomator2-server-v4.24.0.apk' is signed with the default certificate
[35m[ADB][39m 'C:\Users\Amarir\AppData\Roaming\npm\node_modules\appium\node_modules\appium-uiautomator2-server\apks\appium-uiautomator2-server-debug-androidTest.apk' is signed with the default certificate
[35m[UiAutomator2][39m Server packages are not going to be (re)installed
[35m[ADB][39m Adding packages ["io.appium.settings","io.appium.uiautomator2.server","io.appium.uiautomator2.server.test"] to Doze whitelist
[35m[ADB][39m 'C:\Users\Amarir\Downloads\APK\IS\IS_Preprod_2.1.1_160.apk' is signed with a non-default certificate
[35m[UiAutomator2][39m Starting UIAutomator2 server 4.24.0
[35m[UiAutomator2][39m Using UIAutomator2 server from 'C:\Users\Amarir\AppData\Roaming\npm\node_modules\appium\node_modules\appium-uiautomator2-server\apks\appium-uiautomator2-server-v4.24.0.apk' and test from 'C:\Users\Amarir\AppData\Roaming\npm\node_modules\appium\node_modules\appium-uiautomator2-server\apks\appium-uiautomator2-server-debug-androidTest.apk'
[35m[UiAutomator2][39m Waiting up to 30000ms for UiAutomator2 to be online...
[35m[WD Proxy][39m socket hang up
[35m[WD Proxy][39m socket hang up
[35m[WD Proxy][39m Determined the downstream protocol as 'W3C'
[35m[AndroidDriver][39m Screen already unlocked, doing nothing
[35m[UiAutomator2][39m Starting 'com.ekareinc.insight.standard/com.ekareinc.insight.standard.MainActivity and waiting for 'com.ekareinc.insight.standard/com.ekareinc.insight.standard.MainActivity'
[35m[Appium][39m New AndroidUiautomator2Driver session created successfully, session a641f6a2-479a-444f-b5a8-1b6ef0d1ed23 added to master session list
[35m[HTTP][39m [37m<-- POST /wd/hub/session [39m[32m200[39m [90m16083 ms - 1291[39m
[35m[HTTP][39m [90m[39m
[35m[HTTP][39m [37m-->[39m [37mGET[39m [37m/wd/hub/session/a641f6a2-479a-444f-b5a8-1b6ef0d1ed23[39m
[35m[HTTP][39m [90m{}[39m
[35m[HTTP][39m [37m<-- GET /wd/hub/session/a641f6a2-479a-444f-b5a8-1b6ef0d1ed23 [39m[32m200[39m [90m20 ms - 1245[39m
[35m[HTTP][39m [90m[39m
[35m[HTTP][39m [37m-->[39m [37mGET[39m [37m/wd/hub/session/a641f6a2-479a-444f-b5a8-1b6ef0d1ed23[39m
[35m[HTTP][39m [90m{}[39m
[35m[HTTP][39m [37m<-- GET /wd/hub/session/a641f6a2-479a-444f-b5a8-1b6ef0d1ed23 [39m[32m200[39m [90m14 ms - 1245[39m
[35m[HTTP][39m [90m[39m
[35m[HTTP][39m [37m-->[39m [37mGET[39m [37m/wd/hub/status[39m
[35m[HTTP][39m [90m{}[39m
[35m[HTTP][39m [37m<-- GET /wd/hub/status [39m[32m200[39m [90m1 ms - 68[39m
[35m[HTTP][39m [90m[39m
[35m[HTTP][39m [37m-->[39m [37mPOST[39m [37m/wd/hub/session/a641f6a2-479a-444f-b5a8-1b6ef0d1ed23/timeouts[39m
[35m[HTTP][39m [90m{"implicit":30000}[39m
[35m[HTTP][39m [37m<-- POST /wd/hub/session/a641f6a2-479a-444f-b5a8-1b6ef0d1ed23/timeouts [39m[32m200[39m [90m8 ms - 14[39m
[35m[HTTP][39m [90m[39m
[35m[HTTP][39m [37m-->[39m [37mGET[39m [37m/wd/hub/session/a641f6a2-479a-444f-b5a8-1b6ef0d1ed23/screenshot[39m
[35m[HTTP][39m [90m{}[39m
[35m[HTTP][39m [37m<-- GET /wd/hub/session/a641f6a2-479a-444f-b5a8-1b6ef0d1ed23/screenshot [39m[32m200[39m [90m393 ms - 182480[39m
[35m[HTTP][39m [90m[39m
[35m[HTTP][39m [37m-->[39m [37mGET[39m [37m/wd/hub/session/a641f6a2-479a-444f-b5a8-1b6ef0d1ed23/window/rect[39m
[35m[HTTP][39m [90m{}[39m
[35m[HTTP][39m [37m<-- GET /wd/hub/session/a641f6a2-479a-444f-b5a8-1b6ef0d1ed23/window/rect [39m[32m200[39m [90m48 ms - 50[39m
[35m[HTTP][39m [90m[39m
[35m[HTTP][39m [37m-->[39m [37mGET[39m [37m/wd/hub/session/a641f6a2-479a-444f-b5a8-1b6ef0d1ed23/appium/device/system_bars[39m
[35m[HTTP][39m [90m{}[39m
[35m[HTTP][39m [37m<-- GET /wd/hub/session/a641f6a2-479a-444f-b5a8-1b6ef0d1ed23/appium/device/system_bars [39m[32m200[39m [90m183 ms - 145[39m
[35m[HTTP][39m [90m[39m
[35m[HTTP][39m [37m-->[39m [37mPOST[39m [37m/wd/hub/session/a641f6a2-479a-444f-b5a8-1b6ef0d1ed23/timeouts[39m
[35m[HTTP][39m [90m{"implicit":50}[39m
[35m[HTTP][39m [37m<-- POST /wd/hub/session/a641f6a2-479a-444f-b5a8-1b6ef0d1ed23/timeouts [39m[32m200[39m [90m9 ms - 14[39m
[35m[HTTP][39m [90m[39m
[35m[HTTP][39m [37m-->[39m [37mGET[39m [37m/wd/hub/session/a641f6a2-479a-444f-b5a8-1b6ef0d1ed23/window/rect[39m
[35m[HTTP][39m [90m{}[39m
[35m[HTTP][39m [37m<-- GET /wd/hub/session/a641f6a2-479a-444f-b5a8-1b6ef0d1ed23/window/rect [39m[32m200[39m [90m31 ms - 50[39m
[35m[HTTP][39m [90m[39m
[35m[HTTP][39m [37m-->[39m [37mPOST[39m [37m/wd/hub/session/a641f6a2-479a-444f-b5a8-1b6ef0d1ed23/elements[39m
[35m[HTTP][39m [90m{"using":"xpath","value":"//hierarchy/android.widget.FrameLayout[1]/android.widget.LinearLayout[1]/android.widget.FrameLayout[1]/android.widget.LinearLayout[1]/android.widget.FrameLayout[1]/android.widget.FrameLayout[1]/android.widget.ScrollView[1]/android.view.ViewGroup[1]/android.view.ViewGroup[1]/android.widget.EditText[1]"}[39m
[35m[HTTP][39m [37m<-- POST /wd/hub/session/a641f6a2-479a-444f-b5a8-1b6ef0d1ed23/elements [39m[32m200[39m [90m167 ms - 139[39m
[35m[HTTP][39m [90m[39m
[35m[HTTP][39m [37m-->[39m [37mGET[39m [37m/wd/hub/session/a641f6a2-479a-444f-b5a8-1b6ef0d1ed23/element/00000000-0000-08c5-ffff-ffff0000001b/location[39m
[35m[HTTP][39m [90m{}[39m
[35m[W3C (a641f6a2)][39m Driver proxy active, passing request on via HTTP proxy
[35m[WD Proxy][39m Replacing sessionId ce74ff50-88ee-45e0-bdf2-34ebf9e6c54b with a641f6a2-479a-444f-b5a8-1b6ef0d1ed23
[35m[HTTP][39m [37m<-- GET /wd/hub/session/a641f6a2-479a-444f-b5a8-1b6ef0d1ed23/element/00000000-0000-08c5-ffff-ffff0000001b/location [39m[32m200[39m [90m33 ms - 78[39m
[35m[HTTP][39m [90m[39m
[35m[HTTP][39m [37m-->[39m [37mPOST[39m [37m/wd/hub/session/a641f6a2-479a-444f-b5a8-1b6ef0d1ed23/timeouts[39m
[35m[HTTP][39m [90m{"implicit":30000}[39m
[35m[HTTP][39m [37m<-- POST /wd/hub/session/a641f6a2-479a-444f-b5a8-1b6ef0d1ed23/timeouts [39m[32m200[39m [90m3 ms - 14[39m
[35m[HTTP][39m [90m[39m
[35m[HTTP][39m [37m-->[39m [37mPOST[39m [37m/wd/hub/session/a641f6a2-479a-444f-b5a8-1b6ef0d1ed23/element/00000000-0000-08c5-ffff-ffff0000001b/clear[39m
[35m[HTTP][39m [90m{"id":"00000000-0000-08c5-ffff-ffff0000001b"}[39m
[35m[HTTP][39m [37m<-- POST /wd/hub/session/a641f6a2-479a-444f-b5a8-1b6ef0d1ed23/element/00000000-0000-08c5-ffff-ffff0000001b/clear [39m[32m200[39m [90m30 ms - 14[39m
[35m[HTTP][39m [90m[39m
[35m[HTTP][39m [37m-->[39m [37mPOST[39m [37m/wd/hub/session/a641f6a2-479a-444f-b5a8-1b6ef0d1ed23/element/00000000-0000-08c5-ffff-ffff0000001b/value[39m
[35m[HTTP][39m [90m{"id":"00000000-0000-08c5-ffff-ffff0000001b","text":"katalon","value":["k","a","t","a","l","o","n"]}[39m
[35m[HTTP][39m [37m<-- POST /wd/hub/session/a641f6a2-479a-444f-b5a8-1b6ef0d1ed23/element/00000000-0000-08c5-ffff-ffff0000001b/value [39m[32m200[39m [90m664 ms - 14[39m
[35m[HTTP][39m [90m[39m
[35m[HTTP][39m [37m-->[39m [37mPOST[39m [37m/wd/hub/session/a641f6a2-479a-444f-b5a8-1b6ef0d1ed23/timeouts[39m
[35m[HTTP][39m [90m{"implicit":50}[39m
[35m[HTTP][39m [37m<-- POST /wd/hub/session/a641f6a2-479a-444f-b5a8-1b6ef0d1ed23/timeouts [39m[32m200[39m [90m4 ms - 14[39m
[35m[HTTP][39m [90m[39m
[35m[HTTP][39m [37m-->[39m [37mGET[39m [37m/wd/hub/session/a641f6a2-479a-444f-b5a8-1b6ef0d1ed23/window/rect[39m
[35m[HTTP][39m [90m{}[39m
[35m[HTTP][39m [37m<-- GET /wd/hub/session/a641f6a2-479a-444f-b5a8-1b6ef0d1ed23/window/rect [39m[32m200[39m [90m28 ms - 50[39m
[35m[HTTP][39m [90m[39m
[35m[HTTP][39m [37m-->[39m [37mPOST[39m [37m/wd/hub/session/a641f6a2-479a-444f-b5a8-1b6ef0d1ed23/elements[39m
[35m[HTTP][39m [90m{"using":"xpath","value":"//hierarchy/android.widget.FrameLayout[1]/android.widget.LinearLayout[1]/android.widget.FrameLayout[1]/android.widget.LinearLayout[1]/android.widget.FrameLayout[1]/android.widget.FrameLayout[1]/android.widget.ScrollView[1]/android.view.ViewGroup[1]/android.view.ViewGroup[2]/android.widget.EditText[1]"}[39m
[35m[HTTP][39m [37m<-- POST /wd/hub/session/a641f6a2-479a-444f-b5a8-1b6ef0d1ed23/elements [39m[32m200[39m [90m237 ms - 139[39m
[35m[HTTP][39m [90m[39m
[35m[HTTP][39m [37m-->[39m [37mGET[39m [37m/wd/hub/session/a641f6a2-479a-444f-b5a8-1b6ef0d1ed23/element/00000000-0000-08c5-ffff-ffff0000001d/location[39m
[35m[HTTP][39m [90m{}[39m
[35m[W3C (a641f6a2)][39m Driver proxy active, passing request on via HTTP proxy
[35m[WD Proxy][39m Replacing sessionId ce74ff50-88ee-45e0-bdf2-34ebf9e6c54b with a641f6a2-479a-444f-b5a8-1b6ef0d1ed23
[35m[HTTP][39m [37m<-- GET /wd/hub/session/a641f6a2-479a-444f-b5a8-1b6ef0d1ed23/element/00000000-0000-08c5-ffff-ffff0000001d/location [39m[32m200[39m [90m31 ms - 78[39m
[35m[HTTP][39m [90m[39m
[35m[HTTP][39m [37m-->[39m [37mPOST[39m [37m/wd/hub/session/a641f6a2-479a-444f-b5a8-1b6ef0d1ed23/timeouts[39m
[35m[HTTP][39m [90m{"implicit":30000}[39m
[35m[HTTP][39m [37m<-- POST /wd/hub/session/a641f6a2-479a-444f-b5a8-1b6ef0d1ed23/timeouts [39m[32m200[39m [90m3 ms - 14[39m
[35m[HTTP][39m [90m[39m
[35m[HTTP][39m [37m-->[39m [37mPOST[39m [37m/wd/hub/session/a641f6a2-479a-444f-b5a8-1b6ef0d1ed23/element/00000000-0000-08c5-ffff-ffff0000001d/clear[39m
[35m[HTTP][39m [90m{"id":"00000000-0000-08c5-ffff-ffff0000001d"}[39m
[35m[HTTP][39m [37m<-- POST /wd/hub/session/a641f6a2-479a-444f-b5a8-1b6ef0d1ed23/element/00000000-0000-08c5-ffff-ffff0000001d/clear [39m[32m200[39m [90m38 ms - 14[39m
[35m[HTTP][39m [90m[39m
[35m[HTTP][39m [37m-->[39m [37mPOST[39m [37m/wd/hub/session/a641f6a2-479a-444f-b5a8-1b6ef0d1ed23/element/00000000-0000-08c5-ffff-ffff0000001d/value[39m
[35m[HTTP][39m [90m{"id":"00000000-0000-08c5-ffff-ffff0000001d","text":"eKare123@","value":["e","K","a","r","e","1","2","3","@"]}[39m
[35m[HTTP][39m [37m<-- POST /wd/hub/session/a641f6a2-479a-444f-b5a8-1b6ef0d1ed23/element/00000000-0000-08c5-ffff-ffff0000001d/value [39m[32m200[39m [90m527 ms - 14[39m
[35m[HTTP][39m [90m[39m
[35m[HTTP][39m [37m-->[39m [37mPOST[39m [37m/wd/hub/session/a641f6a2-479a-444f-b5a8-1b6ef0d1ed23/timeouts[39m
[35m[HTTP][39m [90m{"implicit":50}[39m
[35m[HTTP][39m [37m<-- POST /wd/hub/session/a641f6a2-479a-444f-b5a8-1b6ef0d1ed23/timeouts [39m[32m200[39m [90m2 ms - 14[39m
[35m[HTTP][39m [90m[39m
[35m[HTTP][39m [37m-->[39m [37mGET[39m [37m/wd/hub/session/a641f6a2-479a-444f-b5a8-1b6ef0d1ed23/window/rect[39m
[35m[HTTP][39m [90m{}[39m
[35m[HTTP][39m [37m<-- GET /wd/hub/session/a641f6a2-479a-444f-b5a8-1b6ef0d1ed23/window/rect [39m[32m200[39m [90m19 ms - 50[39m
[35m[HTTP][39m [90m[39m
[35m[HTTP][39m [37m-->[39m [37mPOST[39m [37m/wd/hub/session/a641f6a2-479a-444f-b5a8-1b6ef0d1ed23/elements[39m
[35m[HTTP][39m [90m{"using":"xpath","value":"//*[@class = 'android.widget.TextView' and (@text = 'SIGN IN' or . = 'SIGN IN')]"}[39m
[35m[HTTP][39m [37m<-- POST /wd/hub/session/a641f6a2-479a-444f-b5a8-1b6ef0d1ed23/elements [39m[32m200[39m [90m419 ms - 139[39m
[35m[HTTP][39m [90m[39m
[35m[HTTP][39m [37m-->[39m [37mGET[39m [37m/wd/hub/session/a641f6a2-479a-444f-b5a8-1b6ef0d1ed23/element/00000000-0000-08c5-ffff-ffff00000022/location[39m
[35m[HTTP][39m [90m{}[39m
[35m[W3C (a641f6a2)][39m Driver proxy active, passing request on via HTTP proxy
[35m[WD Proxy][39m Replacing sessionId ce74ff50-88ee-45e0-bdf2-34ebf9e6c54b with a641f6a2-479a-444f-b5a8-1b6ef0d1ed23
[35m[HTTP][39m [37m<-- GET /wd/hub/session/a641f6a2-479a-444f-b5a8-1b6ef0d1ed23/element/00000000-0000-08c5-ffff-ffff00000022/location [39m[32m200[39m [90m41 ms - 79[39m
[35m[HTTP][39m [90m[39m
[35m[HTTP][39m [37m-->[39m [37mPOST[39m [37m/wd/hub/session/a641f6a2-479a-444f-b5a8-1b6ef0d1ed23/timeouts[39m
[35m[HTTP][39m [90m{"implicit":30000}[39m
[35m[HTTP][39m [37m<-- POST /wd/hub/session/a641f6a2-479a-444f-b5a8-1b6ef0d1ed23/timeouts [39m[32m200[39m [90m5 ms - 14[39m
[35m[HTTP][39m [90m[39m
[35m[HTTP][39m [37m-->[39m [37mPOST[39m [37m/wd/hub/session/a641f6a2-479a-444f-b5a8-1b6ef0d1ed23/element/00000000-0000-08c5-ffff-ffff00000022/click[39m
[35m[HTTP][39m [90m{"id":"00000000-0000-08c5-ffff-ffff00000022"}[39m
[35m[HTTP][39m [37m<-- POST /wd/hub/session/a641f6a2-479a-444f-b5a8-1b6ef0d1ed23/element/00000000-0000-08c5-ffff-ffff00000022/click [39m[32m200[39m [90m88 ms - 14[39m
[35m[HTTP][39m [90m[39m
[35m[HTTP][39m [37m-->[39m [37mPOST[39m [37m/wd/hub/session/a641f6a2-479a-444f-b5a8-1b6ef0d1ed23/timeouts[39m
[35m[HTTP][39m [90m{"implicit":50}[39m
[35m[HTTP][39m [37m<-- POST /wd/hub/session/a641f6a2-479a-444f-b5a8-1b6ef0d1ed23/timeouts [39m[32m200[39m [90m2 ms - 14[39m
[35m[HTTP][39m [90m[39m
[35m[HTTP][39m [37m-->[39m [37mGET[39m [37m/wd/hub/session/a641f6a2-479a-444f-b5a8-1b6ef0d1ed23/window/rect[39m
[35m[HTTP][39m [90m{}[39m
[35m[HTTP][39m [37m<-- GET /wd/hub/session/a641f6a2-479a-444f-b5a8-1b6ef0d1ed23/window/rect [39m[32m200[39m [90m22 ms - 50[39m
[35m[HTTP][39m [90m[39m
[35m[HTTP][39m [37m-->[39m [37mPOST[39m [37m/wd/hub/session/a641f6a2-479a-444f-b5a8-1b6ef0d1ed23/elements[39m
[35m[HTTP][39m [90m{"using":"xpath","value":"//*[@class = 'android.widget.TextView' and (@text = 'Katalon' or . = 'Katalon')]"}[39m
[35m[HTTP][39m [37m<-- POST /wd/hub/session/a641f6a2-479a-444f-b5a8-1b6ef0d1ed23/elements [39m[32m200[39m [90m431 ms - 12[39m
[35m[HTTP][39m [90m[39m
[35m[HTTP][39m [37m-->[39m [37mPOST[39m [37m/wd/hub/session/a641f6a2-479a-444f-b5a8-1b6ef0d1ed23/elements[39m
[35m[HTTP][39m [90m{"using":"xpath","value":"//*[@class = 'android.widget.TextView' and (@text = 'Katalon' or . = 'Katalon')]"}[39m
[35m[HTTP][39m [37m<-- POST /wd/hub/session/a641f6a2-479a-444f-b5a8-1b6ef0d1ed23/elements [39m[32m200[39m [90m1021 ms - 139[39m
[35m[HTTP][39m [90m[39m
[35m[HTTP][39m [37m-->[39m [37mGET[39m [37m/wd/hub/session/a641f6a2-479a-444f-b5a8-1b6ef0d1ed23/element/00000000-0000-08c8-ffff-ffff00000056/location[39m
[35m[HTTP][39m [90m{}[39m
[35m[W3C (a641f6a2)][39m Driver proxy active, passing request on via HTTP proxy
[35m[WD Proxy][39m Replacing sessionId ce74ff50-88ee-45e0-bdf2-34ebf9e6c54b with a641f6a2-479a-444f-b5a8-1b6ef0d1ed23
[35m[HTTP][39m [37m<-- GET /wd/hub/session/a641f6a2-479a-444f-b5a8-1b6ef0d1ed23/element/00000000-0000-08c8-ffff-ffff00000056/location [39m[32m200[39m [90m24 ms - 79[39m
[35m[HTTP][39m [90m[39m
[35m[HTTP][39m [37m-->[39m [37mPOST[39m [37m/wd/hub/session/a641f6a2-479a-444f-b5a8-1b6ef0d1ed23/timeouts[39m
[35m[HTTP][39m [90m{"implicit":30000}[39m
[35m[HTTP][39m [37m<-- POST /wd/hub/session/a641f6a2-479a-444f-b5a8-1b6ef0d1ed23/timeouts [39m[32m200[39m [90m2 ms - 14[39m
[35m[HTTP][39m [90m[39m
[35m[HTTP][39m [37m-->[39m [37mPOST[39m [37m/wd/hub/session/a641f6a2-479a-444f-b5a8-1b6ef0d1ed23/element/00000000-0000-08c8-ffff-ffff00000056/click[39m
[35m[HTTP][39m [90m{"id":"00000000-0000-08c8-ffff-ffff00000056"}[39m
[35m[HTTP][39m [37m<-- POST /wd/hub/session/a641f6a2-479a-444f-b5a8-1b6ef0d1ed23/element/00000000-0000-08c8-ffff-ffff00000056/click [39m[32m200[39m [90m57 ms - 14[39m
[35m[HTTP][39m [90m[39m
[35m[HTTP][39m [37m-->[39m [37mPOST[39m [37m/wd/hub/session/a641f6a2-479a-444f-b5a8-1b6ef0d1ed23/timeouts[39m
[35m[HTTP][39m [90m{"implicit":50}[39m
[35m[HTTP][39m [37m<-- POST /wd/hub/session/a641f6a2-479a-444f-b5a8-1b6ef0d1ed23/timeouts [39m[32m200[39m [90m3 ms - 14[39m
[35m[HTTP][39m [90m[39m
[35m[HTTP][39m [37m-->[39m [37mGET[39m [37m/wd/hub/session/a641f6a2-479a-444f-b5a8-1b6ef0d1ed23/window/rect[39m
[35m[HTTP][39m [90m{}[39m
[35m[HTTP][39m [37m<-- GET /wd/hub/session/a641f6a2-479a-444f-b5a8-1b6ef0d1ed23/window/rect [39m[32m200[39m [90m25 ms - 50[39m
[35m[HTTP][39m [90m[39m
[35m[HTTP][39m [37m-->[39m [37mPOST[39m [37m/wd/hub/session/a641f6a2-479a-444f-b5a8-1b6ef0d1ed23/elements[39m
[35m[HTTP][39m [90m{"using":"xpath","value":"//*[@class = 'android.widget.TextView' and (@text = 'Patient Directory' or . = 'Patient Directory')]"}[39m
[35m[HTTP][39m [37m<-- POST /wd/hub/session/a641f6a2-479a-444f-b5a8-1b6ef0d1ed23/elements [39m[32m200[39m [90m73 ms - 12[39m
[35m[HTTP][39m [90m[39m
[35m[HTTP][39m [37m-->[39m [37mPOST[39m [37m/wd/hub/session/a641f6a2-479a-444f-b5a8-1b6ef0d1ed23/elements[39m
[35m[HTTP][39m [90m{"using":"xpath","value":"//*[@class = 'android.widget.TextView' and (@text = 'Patient Directory' or . = 'Patient Directory')]"}[39m
[35m[HTTP][39m [37m<-- POST /wd/hub/session/a641f6a2-479a-444f-b5a8-1b6ef0d1ed23/elements [39m[32m200[39m [90m752 ms - 12[39m
[35m[HTTP][39m [90m[39m
[35m[HTTP][39m [37m-->[39m [37mPOST[39m [37m/wd/hub/session/a641f6a2-479a-444f-b5a8-1b6ef0d1ed23/elements[39m
[35m[HTTP][39m [90m{"using":"xpath","value":"//*[@class = 'android.widget.TextView' and (@text = 'Patient Directory' or . = 'Patient Directory')]"}[39m
[35m[HTTP][39m [37m<-- POST /wd/hub/session/a641f6a2-479a-444f-b5a8-1b6ef0d1ed23/elements [39m[32m200[39m [90m56 ms - 12[39m
[35m[HTTP][39m [90m[39m
[35m[HTTP][39m [37m-->[39m [37mPOST[39m [37m/wd/hub/session/a641f6a2-479a-444f-b5a8-1b6ef0d1ed23/elements[39m
[35m[HTTP][39m [90m{"using":"xpath","value":"//*[@class = 'android.widget.TextView' and (@text = 'Patient Directory' or . = 'Patient Directory')]"}[39m
[35m[HTTP][39m [37m<-- POST /wd/hub/session/a641f6a2-479a-444f-b5a8-1b6ef0d1ed23/elements [39m[32m200[39m [90m62 ms - 12[39m
[35m[HTTP][39m [90m[39m
[35m[HTTP][39m [37m-->[39m [37mPOST[39m [37m/wd/hub/session/a641f6a2-479a-444f-b5a8-1b6ef0d1ed23/elements[39m
[35m[HTTP][39m [90m{"using":"xpath","value":"//*[@class = 'android.widget.TextView' and (@text = 'Patient Directory' or . = 'Patient Directory')]"}[39m
[35m[HTTP][39m [37m<-- POST /wd/hub/session/a641f6a2-479a-444f-b5a8-1b6ef0d1ed23/elements [39m[32m200[39m [90m103 ms - 12[39m
[35m[HTTP][39m [90m[39m
[35m[HTTP][39m [37m-->[39m [37mPOST[39m [37m/wd/hub/session/a641f6a2-479a-444f-b5a8-1b6ef0d1ed23/elements[39m
[35m[HTTP][39m [90m{"using":"xpath","value":"//*[@class = 'android.widget.TextView' and (@text = 'Patient Directory' or . = 'Patient Directory')]"}[39m
[35m[HTTP][39m [37m<-- POST /wd/hub/session/a641f6a2-479a-444f-b5a8-1b6ef0d1ed23/elements [39m[32m200[39m [90m100 ms - 12[39m
[35m[HTTP][39m [90m[39m
[35m[HTTP][39m [37m-->[39m [37mPOST[39m [37m/wd/hub/session/a641f6a2-479a-444f-b5a8-1b6ef0d1ed23/elements[39m
[35m[HTTP][39m [90m{"using":"xpath","value":"//*[@class = 'android.widget.TextView' and (@text = 'Patient Directory' or . = 'Patient Directory')]"}[39m
[35m[HTTP][39m [37m<-- POST /wd/hub/session/a641f6a2-479a-444f-b5a8-1b6ef0d1ed23/elements [39m[32m200[39m [90m99 ms - 12[39m
[35m[HTTP][39m [90m[39m
[35m[HTTP][39m [37m-->[39m [37mPOST[39m [37m/wd/hub/session/a641f6a2-479a-444f-b5a8-1b6ef0d1ed23/elements[39m
[35m[HTTP][39m [90m{"using":"xpath","value":"//*[@class = 'android.widget.TextView' and (@text = 'Patient Directory' or . = 'Patient Directory')]"}[39m
[35m[HTTP][39m [37m<-- POST /wd/hub/session/a641f6a2-479a-444f-b5a8-1b6ef0d1ed23/elements [39m[32m200[39m [90m96 ms - 12[39m
[35m[HTTP][39m [90m[39m
[35m[HTTP][39m [37m-->[39m [37mPOST[39m [37m/wd/hub/session/a641f6a2-479a-444f-b5a8-1b6ef0d1ed23/elements[39m
[35m[HTTP][39m [90m{"using":"xpath","value":"//*[@class = 'android.widget.TextView' and (@text = 'Patient Directory' or . = 'Patient Directory')]"}[39m
[35m[HTTP][39m [37m<-- POST /wd/hub/session/a641f6a2-479a-444f-b5a8-1b6ef0d1ed23/elements [39m[32m200[39m [90m98 ms - 12[39m
[35m[HTTP][39m [90m[39m
[35m[HTTP][39m [37m-->[39m [37mPOST[39m [37m/wd/hub/session/a641f6a2-479a-444f-b5a8-1b6ef0d1ed23/elements[39m
[35m[HTTP][39m [90m{"using":"xpath","value":"//*[@class = 'android.widget.TextView' and (@text = 'Patient Directory' or . = 'Patient Directory')]"}[39m
[35m[HTTP][39m [37m<-- POST /wd/hub/session/a641f6a2-479a-444f-b5a8-1b6ef0d1ed23/elements [39m[32m200[39m [90m107 ms - 12[39m
[35m[HTTP][39m [90m[39m
[35m[HTTP][39m [37m-->[39m [37mPOST[39m [37m/wd/hub/session/a641f6a2-479a-444f-b5a8-1b6ef0d1ed23/elements[39m
[35m[HTTP][39m [90m{"using":"xpath","value":"//*[@class = 'android.widget.TextView' and (@text = 'Patient Directory' or . = 'Patient Directory')]"}[39m
[35m[HTTP][39m [37m<-- POST /wd/hub/session/a641f6a2-479a-444f-b5a8-1b6ef0d1ed23/elements [39m[32m200[39m [90m97 ms - 12[39m
[35m[HTTP][39m [90m[39m
[35m[HTTP][39m [37m-->[39m [37mPOST[39m [37m/wd/hub/session/a641f6a2-479a-444f-b5a8-1b6ef0d1ed23/elements[39m
[35m[HTTP][39m [90m{"using":"xpath","value":"//*[@class = 'android.widget.TextView' and (@text = 'Patient Directory' or . = 'Patient Directory')]"}[39m
[35m[HTTP][39m [37m<-- POST /wd/hub/session/a641f6a2-479a-444f-b5a8-1b6ef0d1ed23/elements [39m[32m200[39m [90m54 ms - 12[39m
[35m[HTTP][39m [90m[39m
[35m[HTTP][39m [37m-->[39m [37mPOST[39m [37m/wd/hub/session/a641f6a2-479a-444f-b5a8-1b6ef0d1ed23/elements[39m
[35m[HTTP][39m [90m{"using":"xpath","value":"//*[@class = 'android.widget.TextView' and (@text = 'Patient Directory' or . = 'Patient Directory')]"}[39m
[35m[HTTP][39m [37m<-- POST /wd/hub/session/a641f6a2-479a-444f-b5a8-1b6ef0d1ed23/elements [39m[32m200[39m [90m89 ms - 12[39m
[35m[HTTP][39m [90m[39m
[35m[HTTP][39m [37m-->[39m [37mPOST[39m [37m/wd/hub/session/a641f6a2-479a-444f-b5a8-1b6ef0d1ed23/elements[39m
[35m[HTTP][39m [90m{"using":"xpath","value":"//*[@class = 'android.widget.TextView' and (@text = 'Patient Directory' or . = 'Patient Directory')]"}[39m
[35m[HTTP][39m [37m<-- POST /wd/hub/session/a641f6a2-479a-444f-b5a8-1b6ef0d1ed23/elements [39m[32m200[39m [90m95 ms - 12[39m
[35m[HTTP][39m [90m[39m
[35m[HTTP][39m [37m-->[39m [37mPOST[39m [37m/wd/hub/session/a641f6a2-479a-444f-b5a8-1b6ef0d1ed23/elements[39m
[35m[HTTP][39m [90m{"using":"xpath","value":"//*[@class = 'android.widget.TextView' and (@text = 'Patient Directory' or . = 'Patient Directory')]"}[39m
[35m[HTTP][39m [37m<-- POST /wd/hub/session/a641f6a2-479a-444f-b5a8-1b6ef0d1ed23/elements [39m[32m200[39m [90m103 ms - 12[39m
[35m[HTTP][39m [90m[39m
[35m[HTTP][39m [37m-->[39m [37mPOST[39m [37m/wd/hub/session/a641f6a2-479a-444f-b5a8-1b6ef0d1ed23/elements[39m
[35m[HTTP][39m [90m{"using":"xpath","value":"//*[@class = 'android.widget.TextView' and (@text = 'Patient Directory' or . = 'Patient Directory')]"}[39m
[35m[HTTP][39m [37m<-- POST /wd/hub/session/a641f6a2-479a-444f-b5a8-1b6ef0d1ed23/elements [39m[32m200[39m [90m117 ms - 12[39m
[35m[HTTP][39m [90m[39m
[35m[HTTP][39m [37m-->[39m [37mPOST[39m [37m/wd/hub/session/a641f6a2-479a-444f-b5a8-1b6ef0d1ed23/elements[39m
[35m[HTTP][39m [90m{"using":"xpath","value":"//*[@class = 'android.widget.TextView' and (@text = 'Patient Directory' or . = 'Patient Directory')]"}[39m
[35m[HTTP][39m [37m<-- POST /wd/hub/session/a641f6a2-479a-444f-b5a8-1b6ef0d1ed23/elements [39m[32m200[39m [90m97 ms - 12[39m
[35m[HTTP][39m [90m[39m
[35m[HTTP][39m [37m-->[39m [37mPOST[39m [37m/wd/hub/session/a641f6a2-479a-444f-b5a8-1b6ef0d1ed23/elements[39m
[35m[HTTP][39m [90m{"using":"xpath","value":"//*[@class = 'android.widget.TextView' and (@text = 'Patient Directory' or . = 'Patient Directory')]"}[39m
[35m[HTTP][39m [37m<-- POST /wd/hub/session/a641f6a2-479a-444f-b5a8-1b6ef0d1ed23/elements [39m[32m200[39m [90m91 ms - 12[39m
[35m[HTTP][39m [90m[39m
[35m[HTTP][39m [37m-->[39m [37mPOST[39m [37m/wd/hub/session/a641f6a2-479a-444f-b5a8-1b6ef0d1ed23/elements[39m
[35m[HTTP][39m [90m{"using":"xpath","value":"//*[@class = 'android.widget.TextView' and (@text = 'Patient Directory' or . = 'Patient Directory')]"}[39m
[35m[HTTP][39m [37m<-- POST /wd/hub/session/a641f6a2-479a-444f-b5a8-1b6ef0d1ed23/elements [39m[32m200[39m [90m99 ms - 12[39m
[35m[HTTP][39m [90m[39m
[35m[HTTP][39m [37m-->[39m [37mPOST[39m [37m/wd/hub/session/a641f6a2-479a-444f-b5a8-1b6ef0d1ed23/elements[39m
[35m[HTTP][39m [90m{"using":"xpath","value":"//*[@class = 'android.widget.TextView' and (@text = 'Patient Directory' or . = 'Patient Directory')]"}[39m
[35m[HTTP][39m [37m<-- POST /wd/hub/session/a641f6a2-479a-444f-b5a8-1b6ef0d1ed23/elements [39m[32m200[39m [90m105 ms - 12[39m
[35m[HTTP][39m [90m[39m
[35m[HTTP][39m [37m-->[39m [37mPOST[39m [37m/wd/hub/session/a641f6a2-479a-444f-b5a8-1b6ef0d1ed23/elements[39m
[35m[HTTP][39m [90m{"using":"xpath","value":"//*[@class = 'android.widget.TextView' and (@text = 'Patient Directory' or . = 'Patient Directory')]"}[39m
[35m[HTTP][39m [37m<-- POST /wd/hub/session/a641f6a2-479a-444f-b5a8-1b6ef0d1ed23/elements [39m[32m200[39m [90m92 ms - 12[39m
[35m[HTTP][39m [90m[39m
[35m[HTTP][39m [37m-->[39m [37mPOST[39m [37m/wd/hub/session/a641f6a2-479a-444f-b5a8-1b6ef0d1ed23/elements[39m
[35m[HTTP][39m [90m{"using":"xpath","value":"//*[@class = 'android.widget.TextView' and (@text = 'Patient Directory' or . = 'Patient Directory')]"}[39m
[35m[HTTP][39m [37m<-- POST /wd/hub/session/a641f6a2-479a-444f-b5a8-1b6ef0d1ed23/elements [39m[32m200[39m [90m96 ms - 12[39m
[35m[HTTP][39m [90m[39m
[35m[HTTP][39m [37m-->[39m [37mPOST[39m [37m/wd/hub/session/a641f6a2-479a-444f-b5a8-1b6ef0d1ed23/elements[39m
[35m[HTTP][39m [90m{"using":"xpath","value":"//*[@class = 'android.widget.TextView' and (@text = 'Patient Directory' or . = 'Patient Directory')]"}[39m
[35m[HTTP][39m [37m<-- POST /wd/hub/session/a641f6a2-479a-444f-b5a8-1b6ef0d1ed23/elements [39m[32m200[39m [90m103 ms - 12[39m
[35m[HTTP][39m [90m[39m
[35m[HTTP][39m [37m-->[39m [37mPOST[39m [37m/wd/hub/session/a641f6a2-479a-444f-b5a8-1b6ef0d1ed23/elements[39m
[35m[HTTP][39m [90m{"using":"xpath","value":"//*[@class = 'android.widget.TextView' and (@text = 'Patient Directory' or . = 'Patient Directory')]"}[39m
[35m[HTTP][39m [37m<-- POST /wd/hub/session/a641f6a2-479a-444f-b5a8-1b6ef0d1ed23/elements [39m[32m200[39m [90m92 ms - 12[39m
[35m[HTTP][39m [90m[39m
[35m[HTTP][39m [37m-->[39m [37mPOST[39m [37m/wd/hub/session/a641f6a2-479a-444f-b5a8-1b6ef0d1ed23/elements[39m
[35m[HTTP][39m [90m{"using":"xpath","value":"//*[@class = 'android.widget.TextView' and (@text = 'Patient Directory' or . = 'Patient Directory')]"}[39m
[35m[HTTP][39m [37m<-- POST /wd/hub/session/a641f6a2-479a-444f-b5a8-1b6ef0d1ed23/elements [39m[32m200[39m [90m97 ms - 12[39m
[35m[HTTP][39m [90m[39m
[35m[HTTP][39m [37m-->[39m [37mPOST[39m [37m/wd/hub/session/a641f6a2-479a-444f-b5a8-1b6ef0d1ed23/elements[39m
[35m[HTTP][39m [90m{"using":"xpath","value":"//*[@class = 'android.widget.TextView' and (@text = 'Patient Directory' or . = 'Patient Directory')]"}[39m
[35m[HTTP][39m [37m<-- POST /wd/hub/session/a641f6a2-479a-444f-b5a8-1b6ef0d1ed23/elements [39m[32m200[39m [90m98 ms - 12[39m
[35m[HTTP][39m [90m[39m
[35m[HTTP][39m [37m-->[39m [37mPOST[39m [37m/wd/hub/session/a641f6a2-479a-444f-b5a8-1b6ef0d1ed23/elements[39m
[35m[HTTP][39m [90m{"using":"xpath","value":"//*[@class = 'android.widget.TextView' and (@text = 'Patient Directory' or . = 'Patient Directory')]"}[39m
[35m[HTTP][39m [37m<-- POST /wd/hub/session/a641f6a2-479a-444f-b5a8-1b6ef0d1ed23/elements [39m[32m200[39m [90m94 ms - 12[39m
[35m[HTTP][39m [90m[39m
[35m[HTTP][39m [37m-->[39m [37mPOST[39m [37m/wd/hub/session/a641f6a2-479a-444f-b5a8-1b6ef0d1ed23/elements[39m
[35m[HTTP][39m [90m{"using":"xpath","value":"//*[@class = 'android.widget.TextView' and (@text = 'Patient Directory' or . = 'Patient Directory')]"}[39m
[35m[HTTP][39m [37m<-- POST /wd/hub/session/a641f6a2-479a-444f-b5a8-1b6ef0d1ed23/elements [39m[32m200[39m [90m110 ms - 12[39m
[35m[HTTP][39m [90m[39m
[35m[HTTP][39m [37m-->[39m [37mPOST[39m [37m/wd/hub/session/a641f6a2-479a-444f-b5a8-1b6ef0d1ed23/elements[39m
[35m[HTTP][39m [90m{"using":"xpath","value":"//*[@class = 'android.widget.TextView' and (@text = 'Patient Directory' or . = 'Patient Directory')]"}[39m
[35m[HTTP][39m [37m<-- POST /wd/hub/session/a641f6a2-479a-444f-b5a8-1b6ef0d1ed23/elements [39m[32m200[39m [90m89 ms - 12[39m
[35m[HTTP][39m [90m[39m
[35m[HTTP][39m [37m-->[39m [37mPOST[39m [37m/wd/hub/session/a641f6a2-479a-444f-b5a8-1b6ef0d1ed23/elements[39m
[35m[HTTP][39m [90m{"using":"xpath","value":"//*[@class = 'android.widget.TextView' and (@text = 'Patient Directory' or . = 'Patient Directory')]"}[39m
[35m[HTTP][39m [37m<-- POST /wd/hub/session/a641f6a2-479a-444f-b5a8-1b6ef0d1ed23/elements [39m[32m200[39m [90m98 ms - 12[39m
[35m[HTTP][39m [90m[39m
[35m[HTTP][39m [37m-->[39m [37mPOST[39m [37m/wd/hub/session/a641f6a2-479a-444f-b5a8-1b6ef0d1ed23/elements[39m
[35m[HTTP][39m [90m{"using":"xpath","value":"//*[@class = 'android.widget.TextView' and (@text = 'Patient Directory' or . = 'Patient Directory')]"}[39m
[35m[HTTP][39m [37m<-- POST /wd/hub/session/a641f6a2-479a-444f-b5a8-1b6ef0d1ed23/elements [39m[32m200[39m [90m91 ms - 12[39m
[35m[HTTP][39m [90m[39m
[35m[HTTP][39m [37m-->[39m [37mPOST[39m [37m/wd/hub/session/a641f6a2-479a-444f-b5a8-1b6ef0d1ed23/elements[39m
[35m[HTTP][39m [90m{"using":"xpath","value":"//*[@class = 'android.widget.TextView' and (@text = 'Patient Directory' or . = 'Patient Directory')]"}[39m
[35m[HTTP][39m [37m<-- POST /wd/hub/session/a641f6a2-479a-444f-b5a8-1b6ef0d1ed23/elements [39m[32m200[39m [90m96 ms - 12[39m
[35m[HTTP][39m [90m[39m
[35m[HTTP][39m [37m-->[39m [37mPOST[39m [37m/wd/hub/session/a641f6a2-479a-444f-b5a8-1b6ef0d1ed23/elements[39m
[35m[HTTP][39m [90m{"using":"xpath","value":"//*[@class = 'android.widget.TextView' and (@text = 'Patient Directory' or . = 'Patient Directory')]"}[39m
[35m[HTTP][39m [37m<-- POST /wd/hub/session/a641f6a2-479a-444f-b5a8-1b6ef0d1ed23/elements [39m[32m200[39m [90m1061 ms - 139[39m
[35m[HTTP][39m [90m[39m
[35m[HTTP][39m [37m-->[39m [37mGET[39m [37m/wd/hub/session/a641f6a2-479a-444f-b5a8-1b6ef0d1ed23/element/00000000-0000-08c5-ffff-ffff000000a5/location[39m
[35m[HTTP][39m [90m{}[39m
[35m[W3C (a641f6a2)][39m Driver proxy active, passing request on via HTTP proxy
[35m[WD Proxy][39m Replacing sessionId ce74ff50-88ee-45e0-bdf2-34ebf9e6c54b with a641f6a2-479a-444f-b5a8-1b6ef0d1ed23
[35m[HTTP][39m [37m<-- GET /wd/hub/session/a641f6a2-479a-444f-b5a8-1b6ef0d1ed23/element/00000000-0000-08c5-ffff-ffff000000a5/location [39m[32m200[39m [90m36 ms - 78[39m
[35m[HTTP][39m [90m[39m
[35m[HTTP][39m [37m-->[39m [37mPOST[39m [37m/wd/hub/session/a641f6a2-479a-444f-b5a8-1b6ef0d1ed23/timeouts[39m
[35m[HTTP][39m [90m{"implicit":30000}[39m
[35m[HTTP][39m [37m<-- POST /wd/hub/session/a641f6a2-479a-444f-b5a8-1b6ef0d1ed23/timeouts [39m[32m200[39m [90m3 ms - 14[39m
[35m[HTTP][39m [90m[39m
[35m[HTTP][39m [37m-->[39m [37mPOST[39m [37m/wd/hub/session/a641f6a2-479a-444f-b5a8-1b6ef0d1ed23/timeouts[39m
[35m[HTTP][39m [90m{"implicit":50}[39m
[35m[HTTP][39m [37m<-- POST /wd/hub/session/a641f6a2-479a-444f-b5a8-1b6ef0d1ed23/timeouts [39m[32m200[39m [90m1 ms - 14[39m
[35m[HTTP][39m [90m[39m
[35m[HTTP][39m [37m-->[39m [37mGET[39m [37m/wd/hub/session/a641f6a2-479a-444f-b5a8-1b6ef0d1ed23/window/rect[39m
[35m[HTTP][39m [90m{}[39m
[35m[HTTP][39m [37m<-- GET /wd/hub/session/a641f6a2-479a-444f-b5a8-1b6ef0d1ed23/window/rect [39m[32m200[39m [90m14 ms - 50[39m
[35m[HTTP][39m [90m[39m
[35m[HTTP][39m [37m-->[39m [37mPOST[39m [37m/wd/hub/session/a641f6a2-479a-444f-b5a8-1b6ef0d1ed23/elements[39m
[35m[HTTP][39m [90m{"using":"xpath","value":"//*[@class = 'android.widget.TextView' and (@text = '+' or . = '+')]"}[39m
[35m[HTTP][39m [37m<-- POST /wd/hub/session/a641f6a2-479a-444f-b5a8-1b6ef0d1ed23/elements [39m[32m200[39m [90m166 ms - 139[39m
[35m[HTTP][39m [90m[39m
[35m[HTTP][39m [37m-->[39m [37mGET[39m [37m/wd/hub/session/a641f6a2-479a-444f-b5a8-1b6ef0d1ed23/element/00000000-0000-08c5-ffff-ffff000000b5/location[39m
[35m[HTTP][39m [90m{}[39m
[35m[W3C (a641f6a2)][39m Driver proxy active, passing request on via HTTP proxy
[35m[WD Proxy][39m Replacing sessionId ce74ff50-88ee-45e0-bdf2-34ebf9e6c54b with a641f6a2-479a-444f-b5a8-1b6ef0d1ed23
[35m[HTTP][39m [37m<-- GET /wd/hub/session/a641f6a2-479a-444f-b5a8-1b6ef0d1ed23/element/00000000-0000-08c5-ffff-ffff000000b5/location [39m[32m200[39m [90m30 ms - 79[39m
[35m[HTTP][39m [90m[39m
[35m[HTTP][39m [37m-->[39m [37mPOST[39m [37m/wd/hub/session/a641f6a2-479a-444f-b5a8-1b6ef0d1ed23/timeouts[39m
[35m[HTTP][39m [90m{"implicit":30000}[39m
[35m[HTTP][39m [37m<-- POST /wd/hub/session/a641f6a2-479a-444f-b5a8-1b6ef0d1ed23/timeouts [39m[32m200[39m [90m2 ms - 14[39m
[35m[HTTP][39m [90m[39m
[35m[HTTP][39m [37m-->[39m [37mPOST[39m [37m/wd/hub/session/a641f6a2-479a-444f-b5a8-1b6ef0d1ed23/element/00000000-0000-08c5-ffff-ffff000000b5/click[39m
[35m[HTTP][39m [90m{"id":"00000000-0000-08c5-ffff-ffff000000b5"}[39m
[35m[HTTP][39m [37m<-- POST /wd/hub/session/a641f6a2-479a-444f-b5a8-1b6ef0d1ed23/element/00000000-0000-08c5-ffff-ffff000000b5/click [39m[32m200[39m [90m72 ms - 14[39m
[35m[HTTP][39m [90m[39m
[35m[HTTP][39m [37m-->[39m [37mPOST[39m [37m/wd/hub/session/a641f6a2-479a-444f-b5a8-1b6ef0d1ed23/timeouts[39m
[35m[HTTP][39m [90m{"implicit":50}[39m
[35m[HTTP][39m [37m<-- POST /wd/hub/session/a641f6a2-479a-444f-b5a8-1b6ef0d1ed23/timeouts [39m[32m200[39m [90m2 ms - 14[39m
[35m[HTTP][39m [90m[39m
[35m[HTTP][39m [37m-->[39m [37mGET[39m [37m/wd/hub/session/a641f6a2-479a-444f-b5a8-1b6ef0d1ed23/window/rect[39m
[35m[HTTP][39m [90m{}[39m
[35m[HTTP][39m [37m<-- GET /wd/hub/session/a641f6a2-479a-444f-b5a8-1b6ef0d1ed23/window/rect [39m[32m200[39m [90m13 ms - 50[39m
[35m[HTTP][39m [90m[39m
[35m[HTTP][39m [37m-->[39m [37mPOST[39m [37m/wd/hub/session/a641f6a2-479a-444f-b5a8-1b6ef0d1ed23/elements[39m
[35m[HTTP][39m [90m{"using":"xpath","value":"//*[@class = 'android.widget.EditText' and (@text = 'First name' or . = 'First name')]"}[39m
[35m[HTTP][39m [37m<-- POST /wd/hub/session/a641f6a2-479a-444f-b5a8-1b6ef0d1ed23/elements [39m[32m200[39m [90m875 ms - 139[39m
[35m[HTTP][39m [90m[39m
[35m[HTTP][39m [37m-->[39m [37mGET[39m [37m/wd/hub/session/a641f6a2-479a-444f-b5a8-1b6ef0d1ed23/element/00000000-0000-08c5-ffff-ffff00000124/location[39m
[35m[HTTP][39m [90m{}[39m
[35m[W3C (a641f6a2)][39m Driver proxy active, passing request on via HTTP proxy
[35m[WD Proxy][39m Replacing sessionId ce74ff50-88ee-45e0-bdf2-34ebf9e6c54b with a641f6a2-479a-444f-b5a8-1b6ef0d1ed23
[35m[HTTP][39m [37m<-- GET /wd/hub/session/a641f6a2-479a-444f-b5a8-1b6ef0d1ed23/element/00000000-0000-08c5-ffff-ffff00000124/location [39m[32m200[39m [90m31 ms - 77[39m
[35m[HTTP][39m [90m[39m
[35m[HTTP][39m [37m-->[39m [37mPOST[39m [37m/wd/hub/session/a641f6a2-479a-444f-b5a8-1b6ef0d1ed23/timeouts[39m
[35m[HTTP][39m [90m{"implicit":30000}[39m
[35m[HTTP][39m [37m<-- POST /wd/hub/session/a641f6a2-479a-444f-b5a8-1b6ef0d1ed23/timeouts [39m[32m200[39m [90m2 ms - 14[39m
[35m[HTTP][39m [90m[39m
[35m[HTTP][39m [37m-->[39m [37mPOST[39m [37m/wd/hub/session/a641f6a2-479a-444f-b5a8-1b6ef0d1ed23/element/00000000-0000-08c5-ffff-ffff00000124/clear[39m
[35m[HTTP][39m [90m{"id":"00000000-0000-08c5-ffff-ffff00000124"}[39m
[35m[HTTP][39m [37m<-- POST /wd/hub/session/a641f6a2-479a-444f-b5a8-1b6ef0d1ed23/element/00000000-0000-08c5-ffff-ffff00000124/clear [39m[32m200[39m [90m36 ms - 14[39m
[35m[HTTP][39m [90m[39m
[35m[HTTP][39m [37m-->[39m [37mPOST[39m [37m/wd/hub/session/a641f6a2-479a-444f-b5a8-1b6ef0d1ed23/element/00000000-0000-08c5-ffff-ffff00000124/value[39m
[35m[HTTP][39m [90m{"id":"00000000-0000-08c5-ffff-ffff00000124","text":"Test","value":["T","e","s","t"]}[39m
[35m[HTTP][39m [37m<-- POST /wd/hub/session/a641f6a2-479a-444f-b5a8-1b6ef0d1ed23/element/00000000-0000-08c5-ffff-ffff00000124/value [39m[32m200[39m [90m545 ms - 14[39m
[35m[HTTP][39m [90m[39m
[35m[HTTP][39m [37m-->[39m [37mPOST[39m [37m/wd/hub/session/a641f6a2-479a-444f-b5a8-1b6ef0d1ed23/timeouts[39m
[35m[HTTP][39m [90m{"implicit":50}[39m
[35m[HTTP][39m [37m<-- POST /wd/hub/session/a641f6a2-479a-444f-b5a8-1b6ef0d1ed23/timeouts [39m[32m200[39m [90m2 ms - 14[39m
[35m[HTTP][39m [90m[39m
[35m[HTTP][39m [37m-->[39m [37mGET[39m [37m/wd/hub/session/a641f6a2-479a-444f-b5a8-1b6ef0d1ed23/window/rect[39m
[35m[HTTP][39m [90m{}[39m
[35m[HTTP][39m [37m<-- GET /wd/hub/session/a641f6a2-479a-444f-b5a8-1b6ef0d1ed23/window/rect [39m[32m200[39m [90m16 ms - 50[39m
[35m[HTTP][39m [90m[39m
[35m[HTTP][39m [37m-->[39m [37mPOST[39m [37m/wd/hub/session/a641f6a2-479a-444f-b5a8-1b6ef0d1ed23/elements[39m
[35m[HTTP][39m [90m{"using":"xpath","value":"//*[@class = 'android.widget.EditText' and (@text = 'Last name' or . = 'Last name')]"}[39m
[35m[HTTP][39m [37m<-- POST /wd/hub/session/a641f6a2-479a-444f-b5a8-1b6ef0d1ed23/elements [39m[32m200[39m [90m467 ms - 139[39m
[35m[HTTP][39m [90m[39m
[35m[HTTP][39m [37m-->[39m [37mGET[39m [37m/wd/hub/session/a641f6a2-479a-444f-b5a8-1b6ef0d1ed23/element/00000000-0000-08c5-ffff-ffff00000126/location[39m
[35m[HTTP][39m [90m{}[39m
[35m[W3C (a641f6a2)][39m Driver proxy active, passing request on via HTTP proxy
[35m[WD Proxy][39m Replacing sessionId ce74ff50-88ee-45e0-bdf2-34ebf9e6c54b with a641f6a2-479a-444f-b5a8-1b6ef0d1ed23
[35m[HTTP][39m [37m<-- GET /wd/hub/session/a641f6a2-479a-444f-b5a8-1b6ef0d1ed23/element/00000000-0000-08c5-ffff-ffff00000126/location [39m[32m200[39m [90m53 ms - 77[39m
[35m[HTTP][39m [90m[39m
[35m[HTTP][39m [37m-->[39m [37mPOST[39m [37m/wd/hub/session/a641f6a2-479a-444f-b5a8-1b6ef0d1ed23/timeouts[39m
[35m[HTTP][39m [90m{"implicit":30000}[39m
[35m[HTTP][39m [37m<-- POST /wd/hub/session/a641f6a2-479a-444f-b5a8-1b6ef0d1ed23/timeouts [39m[32m200[39m [90m1 ms - 14[39m
[35m[HTTP][39m [90m[39m
[35m[HTTP][39m [37m-->[39m [37mPOST[39m [37m/wd/hub/session/a641f6a2-479a-444f-b5a8-1b6ef0d1ed23/element/00000000-0000-08c5-ffff-ffff00000126/clear[39m
[35m[HTTP][39m [90m{"id":"00000000-0000-08c5-ffff-ffff00000126"}[39m
[35m[HTTP][39m [37m<-- POST /wd/hub/session/a641f6a2-479a-444f-b5a8-1b6ef0d1ed23/element/00000000-0000-08c5-ffff-ffff00000126/clear [39m[32m200[39m [90m34 ms - 14[39m
[35m[HTTP][39m [90m[39m
[35m[HTTP][39m [37m-->[39m [37mPOST[39m [37m/wd/hub/session/a641f6a2-479a-444f-b5a8-1b6ef0d1ed23/element/00000000-0000-08c5-ffff-ffff00000126/value[39m
[35m[HTTP][39m [90m{"id":"00000000-0000-08c5-ffff-ffff00000126","text":"lite","value":["l","i","t","e"]}[39m
[35m[HTTP][39m [37m<-- POST /wd/hub/session/a641f6a2-479a-444f-b5a8-1b6ef0d1ed23/element/00000000-0000-08c5-ffff-ffff00000126/value [39m[32m200[39m [90m556 ms - 14[39m
[35m[HTTP][39m [90m[39m
[35m[HTTP][39m [37m-->[39m [37mPOST[39m [37m/wd/hub/session/a641f6a2-479a-444f-b5a8-1b6ef0d1ed23/timeouts[39m
[35m[HTTP][39m [90m{"implicit":50}[39m
[35m[HTTP][39m [37m<-- POST /wd/hub/session/a641f6a2-479a-444f-b5a8-1b6ef0d1ed23/timeouts [39m[32m200[39m [90m2 ms - 14[39m
[35m[HTTP][39m [90m[39m
[35m[HTTP][39m [37m-->[39m [37mGET[39m [37m/wd/hub/session/a641f6a2-479a-444f-b5a8-1b6ef0d1ed23/window/rect[39m
[35m[HTTP][39m [90m{}[39m
[35m[HTTP][39m [37m<-- GET /wd/hub/session/a641f6a2-479a-444f-b5a8-1b6ef0d1ed23/window/rect [39m[32m200[39m [90m23 ms - 50[39m
[35m[HTTP][39m [90m[39m
[35m[HTTP][39m [37m-->[39m [37mPOST[39m [37m/wd/hub/session/a641f6a2-479a-444f-b5a8-1b6ef0d1ed23/elements[39m
[35m[HTTP][39m [90m{"using":"xpath","value":"//*[@class = 'android.widget.EditText' and (@text = 'Date of birth (dd/mm/yyyy)' or . = 'Date of birth (dd/mm/yyyy)')]"}[39m
[35m[HTTP][39m [37m<-- POST /wd/hub/session/a641f6a2-479a-444f-b5a8-1b6ef0d1ed23/elements [39m[32m200[39m [90m628 ms - 139[39m
[35m[HTTP][39m [90m[39m
[35m[HTTP][39m [37m-->[39m [37mGET[39m [37m/wd/hub/session/a641f6a2-479a-444f-b5a8-1b6ef0d1ed23/element/00000000-0000-08c5-ffff-ffff00000128/location[39m
[35m[HTTP][39m [90m{}[39m
[35m[W3C (a641f6a2)][39m Driver proxy active, passing request on via HTTP proxy
[35m[WD Proxy][39m Replacing sessionId ce74ff50-88ee-45e0-bdf2-34ebf9e6c54b with a641f6a2-479a-444f-b5a8-1b6ef0d1ed23
[35m[HTTP][39m [37m<-- GET /wd/hub/session/a641f6a2-479a-444f-b5a8-1b6ef0d1ed23/element/00000000-0000-08c5-ffff-ffff00000128/location [39m[32m200[39m [90m45 ms - 78[39m
[35m[HTTP][39m [90m[39m
[35m[HTTP][39m [37m-->[39m [37mPOST[39m [37m/wd/hub/session/a641f6a2-479a-444f-b5a8-1b6ef0d1ed23/timeouts[39m
[35m[HTTP][39m [90m{"implicit":30000}[39m
[35m[HTTP][39m [37m<-- POST /wd/hub/session/a641f6a2-479a-444f-b5a8-1b6ef0d1ed23/timeouts [39m[32m200[39m [90m3 ms - 14[39m
[35m[HTTP][39m [90m[39m
[35m[HTTP][39m [37m-->[39m [37mPOST[39m [37m/wd/hub/session/a641f6a2-479a-444f-b5a8-1b6ef0d1ed23/element/00000000-0000-08c5-ffff-ffff00000128/clear[39m
[35m[HTTP][39m [90m{"id":"00000000-0000-08c5-ffff-ffff00000128"}[39m
[35m[HTTP][39m [37m<-- POST /wd/hub/session/a641f6a2-479a-444f-b5a8-1b6ef0d1ed23/element/00000000-0000-08c5-ffff-ffff00000128/clear [39m[32m200[39m [90m42 ms - 14[39m
[35m[HTTP][39m [90m[39m
[35m[HTTP][39m [37m-->[39m [37mPOST[39m [37m/wd/hub/session/a641f6a2-479a-444f-b5a8-1b6ef0d1ed23/element/00000000-0000-08c5-ffff-ffff00000128/value[39m
[35m[HTTP][39m [90m{"id":"00000000-0000-08c5-ffff-ffff00000128","text":"09/12/2001","value":["0","9","/","1","2","/","2","0","0","1"]}[39m
[35m[HTTP][39m [37m<-- POST /wd/hub/session/a641f6a2-479a-444f-b5a8-1b6ef0d1ed23/element/00000000-0000-08c5-ffff-ffff00000128/value [39m[32m200[39m [90m540 ms - 14[39m
[35m[HTTP][39m [90m[39m
[35m[HTTP][39m [37m-->[39m [37mPOST[39m [37m/wd/hub/session/a641f6a2-479a-444f-b5a8-1b6ef0d1ed23/timeouts[39m
[35m[HTTP][39m [90m{"implicit":50}[39m
[35m[HTTP][39m [37m<-- POST /wd/hub/session/a641f6a2-479a-444f-b5a8-1b6ef0d1ed23/timeouts [39m[32m200[39m [90m3 ms - 14[39m
[35m[HTTP][39m [90m[39m
[35m[HTTP][39m [37m-->[39m [37mGET[39m [37m/wd/hub/session/a641f6a2-479a-444f-b5a8-1b6ef0d1ed23/window/rect[39m
[35m[HTTP][39m [90m{}[39m
[35m[HTTP][39m [37m<-- GET /wd/hub/session/a641f6a2-479a-444f-b5a8-1b6ef0d1ed23/window/rect [39m[32m200[39m [90m20 ms - 50[39m
[35m[HTTP][39m [90m[39m
[35m[HTTP][39m [37m-->[39m [37mPOST[39m [37m/wd/hub/session/a641f6a2-479a-444f-b5a8-1b6ef0d1ed23/elements[39m
[35m[HTTP][39m [90m{"using":"xpath","value":"//*[@class = 'android.widget.EditText' and (@text = 'MRN' or . = 'MRN')]"}[39m
[35m[HTTP][39m [37m<-- POST /wd/hub/session/a641f6a2-479a-444f-b5a8-1b6ef0d1ed23/elements [39m[32m200[39m [90m446 ms - 139[39m
[35m[HTTP][39m [90m[39m
[35m[HTTP][39m [37m-->[39m [37mGET[39m [37m/wd/hub/session/a641f6a2-479a-444f-b5a8-1b6ef0d1ed23/element/00000000-0000-08c5-ffff-ffff0000012a/location[39m
[35m[HTTP][39m [90m{}[39m
[35m[W3C (a641f6a2)][39m Driver proxy active, passing request on via HTTP proxy
[35m[WD Proxy][39m Replacing sessionId ce74ff50-88ee-45e0-bdf2-34ebf9e6c54b with a641f6a2-479a-444f-b5a8-1b6ef0d1ed23
[35m[HTTP][39m [37m<-- GET /wd/hub/session/a641f6a2-479a-444f-b5a8-1b6ef0d1ed23/element/00000000-0000-08c5-ffff-ffff0000012a/location [39m[32m200[39m [90m30 ms - 78[39m
[35m[HTTP][39m [90m[39m
[35m[HTTP][39m [37m-->[39m [37mPOST[39m [37m/wd/hub/session/a641f6a2-479a-444f-b5a8-1b6ef0d1ed23/timeouts[39m
[35m[HTTP][39m [90m{"implicit":30000}[39m
[35m[HTTP][39m [37m<-- POST /wd/hub/session/a641f6a2-479a-444f-b5a8-1b6ef0d1ed23/timeouts [39m[32m200[39m [90m3 ms - 14[39m
[35m[HTTP][39m [90m[39m
[35m[HTTP][39m [37m-->[39m [37mPOST[39m [37m/wd/hub/session/a641f6a2-479a-444f-b5a8-1b6ef0d1ed23/element/00000000-0000-08c5-ffff-ffff0000012a/clear[39m
[35m[HTTP][39m [90m{"id":"00000000-0000-08c5-ffff-ffff0000012a"}[39m
[35m[HTTP][39m [37m<-- POST /wd/hub/session/a641f6a2-479a-444f-b5a8-1b6ef0d1ed23/element/00000000-0000-08c5-ffff-ffff0000012a/clear [39m[32m200[39m [90m46 ms - 14[39m
[35m[HTTP][39m [90m[39m
[35m[HTTP][39m [37m-->[39m [37mPOST[39m [37m/wd/hub/session/a641f6a2-479a-444f-b5a8-1b6ef0d1ed23/element/00000000-0000-08c5-ffff-ffff0000012a/value[39m
[35m[HTTP][39m [90m{"id":"00000000-0000-08c5-ffff-ffff0000012a","text":"6766","value":["6","7","6","6"]}[39m
[35m[HTTP][39m [37m<-- POST /wd/hub/session/a641f6a2-479a-444f-b5a8-1b6ef0d1ed23/element/00000000-0000-08c5-ffff-ffff0000012a/value [39m[32m200[39m [90m548 ms - 14[39m
[35m[HTTP][39m [90m[39m
[35m[HTTP][39m [37m-->[39m [37mPOST[39m [37m/wd/hub/session/a641f6a2-479a-444f-b5a8-1b6ef0d1ed23/timeouts[39m
[35m[HTTP][39m [90m{"implicit":50}[39m
[35m[HTTP][39m [37m<-- POST /wd/hub/session/a641f6a2-479a-444f-b5a8-1b6ef0d1ed23/timeouts [39m[32m200[39m [90m2 ms - 14[39m
[35m[HTTP][39m [90m[39m
[35m[HTTP][39m [37m-->[39m [37mGET[39m [37m/wd/hub/session/a641f6a2-479a-444f-b5a8-1b6ef0d1ed23/window/rect[39m
[35m[HTTP][39m [90m{}[39m
[35m[HTTP][39m [37m<-- GET /wd/hub/session/a641f6a2-479a-444f-b5a8-1b6ef0d1ed23/window/rect [39m[32m200[39m [90m17 ms - 50[39m
[35m[HTTP][39m [90m[39m
[35m[HTTP][39m [37m-->[39m [37mPOST[39m [37m/wd/hub/session/a641f6a2-479a-444f-b5a8-1b6ef0d1ed23/elements[39m
[35m[HTTP][39m [90m{"using":"xpath","value":"//*[@class = 'android.widget.TextView' and (@text = 'Save' or . = 'Save')]"}[39m
[35m[HTTP][39m [37m<-- POST /wd/hub/session/a641f6a2-479a-444f-b5a8-1b6ef0d1ed23/elements [39m[32m200[39m [90m432 ms - 139[39m
[35m[HTTP][39m [90m[39m
[35m[HTTP][39m [37m-->[39m [37mGET[39m [37m/wd/hub/session/a641f6a2-479a-444f-b5a8-1b6ef0d1ed23/element/00000000-0000-08c5-ffff-ffff0000011c/location[39m
[35m[HTTP][39m [90m{}[39m
[35m[W3C (a641f6a2)][39m Driver proxy active, passing request on via HTTP proxy
[35m[WD Proxy][39m Replacing sessionId ce74ff50-88ee-45e0-bdf2-34ebf9e6c54b with a641f6a2-479a-444f-b5a8-1b6ef0d1ed23
[35m[HTTP][39m [37m<-- GET /wd/hub/session/a641f6a2-479a-444f-b5a8-1b6ef0d1ed23/element/00000000-0000-08c5-ffff-ffff0000011c/location [39m[32m200[39m [90m27 ms - 78[39m
[35m[HTTP][39m [90m[39m
[35m[HTTP][39m [37m-->[39m [37mPOST[39m [37m/wd/hub/session/a641f6a2-479a-444f-b5a8-1b6ef0d1ed23/timeouts[39m
[35m[HTTP][39m [90m{"implicit":30000}[39m
[35m[HTTP][39m [37m<-- POST /wd/hub/session/a641f6a2-479a-444f-b5a8-1b6ef0d1ed23/timeouts [39m[32m200[39m [90m3 ms - 14[39m
[35m[HTTP][39m [90m[39m
[35m[HTTP][39m [37m-->[39m [37mPOST[39m [37m/wd/hub/session/a641f6a2-479a-444f-b5a8-1b6ef0d1ed23/element/00000000-0000-08c5-ffff-ffff0000011c/click[39m
[35m[HTTP][39m [90m{"id":"00000000-0000-08c5-ffff-ffff0000011c"}[39m
[35m[HTTP][39m [37m<-- POST /wd/hub/session/a641f6a2-479a-444f-b5a8-1b6ef0d1ed23/element/00000000-0000-08c5-ffff-ffff0000011c/click [39m[32m200[39m [90m69 ms - 14[39m
[35m[HTTP][39m [90m[39m
[35m[HTTP][39m [37m-->[39m [37mPOST[39m [37m/wd/hub/session/a641f6a2-479a-444f-b5a8-1b6ef0d1ed23/timeouts[39m
[35m[HTTP][39m [90m{"implicit":50}[39m
[35m[HTTP][39m [37m<-- POST /wd/hub/session/a641f6a2-479a-444f-b5a8-1b6ef0d1ed23/timeouts [39m[32m200[39m [90m2 ms - 14[39m
[35m[HTTP][39m [90m[39m
[35m[HTTP][39m [37m-->[39m [37mGET[39m [37m/wd/hub/session/a641f6a2-479a-444f-b5a8-1b6ef0d1ed23/window/rect[39m
[35m[HTTP][39m [90m{}[39m
[35m[HTTP][39m [37m<-- GET /wd/hub/session/a641f6a2-479a-444f-b5a8-1b6ef0d1ed23/window/rect [39m[32m200[39m [90m13 ms - 50[39m
[35m[HTTP][39m [90m[39m
[35m[HTTP][39m [37m-->[39m [37mPOST[39m [37m/wd/hub/session/a641f6a2-479a-444f-b5a8-1b6ef0d1ed23/elements[39m
[35m[HTTP][39m [90m{"using":"xpath","value":"//*[@class = 'android.widget.TextView' and (@text = 'Patient created successfully' or . = 'Patient created successfully') and @resource-id = 'android:id/message']"}[39m
[35m[HTTP][39m [37m<-- POST /wd/hub/session/a641f6a2-479a-444f-b5a8-1b6ef0d1ed23/elements [39m[32m200[39m [90m1113 ms - 139[39m
[35m[HTTP][39m [90m[39m
[35m[HTTP][39m [37m-->[39m [37mGET[39m [37m/wd/hub/session/a641f6a2-479a-444f-b5a8-1b6ef0d1ed23/element/00000000-0000-08cb-ffff-ffff0000015b/location[39m
[35m[HTTP][39m [90m{}[39m
[35m[W3C (a641f6a2)][39m Driver proxy active, passing request on via HTTP proxy
[35m[WD Proxy][39m Replacing sessionId ce74ff50-88ee-45e0-bdf2-34ebf9e6c54b with a641f6a2-479a-444f-b5a8-1b6ef0d1ed23
[35m[HTTP][39m [37m<-- GET /wd/hub/session/a641f6a2-479a-444f-b5a8-1b6ef0d1ed23/element/00000000-0000-08cb-ffff-ffff0000015b/location [39m[32m200[39m [90m18 ms - 78[39m
[35m[HTTP][39m [90m[39m
[35m[HTTP][39m [37m-->[39m [37mPOST[39m [37m/wd/hub/session/a641f6a2-479a-444f-b5a8-1b6ef0d1ed23/timeouts[39m
[35m[HTTP][39m [90m{"implicit":30000}[39m
[35m[HTTP][39m [37m<-- POST /wd/hub/session/a641f6a2-479a-444f-b5a8-1b6ef0d1ed23/timeouts [39m[32m200[39m [90m2 ms - 14[39m
[35m[HTTP][39m [90m[39m
[35m[HTTP][39m [37m-->[39m [37mGET[39m [37m/wd/hub/session/a641f6a2-479a-444f-b5a8-1b6ef0d1ed23/element/00000000-0000-08cb-ffff-ffff0000015b/text[39m
[35m[HTTP][39m [90m{}[39m
[35m[W3C (a641f6a2)][39m Driver proxy active, passing request on via HTTP proxy
[35m[WD Proxy][39m Replacing sessionId ce74ff50-88ee-45e0-bdf2-34ebf9e6c54b with a641f6a2-479a-444f-b5a8-1b6ef0d1ed23
[35m[HTTP][39m [37m<-- GET /wd/hub/session/a641f6a2-479a-444f-b5a8-1b6ef0d1ed23/element/00000000-0000-08cb-ffff-ffff0000015b/text [39m[32m200[39m [90m17 ms - 91[39m
[35m[HTTP][39m [90m[39m
[35m[HTTP][39m [37m-->[39m [37mPOST[39m [37m/wd/hub/session/a641f6a2-479a-444f-b5a8-1b6ef0d1ed23/timeouts[39m
[35m[HTTP][39m [90m{"implicit":50}[39m
[35m[HTTP][39m [37m<-- POST /wd/hub/session/a641f6a2-479a-444f-b5a8-1b6ef0d1ed23/timeouts [39m[32m200[39m [90m2 ms - 14[39m
[35m[HTTP][39m [90m[39m
[35m[HTTP][39m [37m-->[39m [37mGET[39m [37m/wd/hub/session/a641f6a2-479a-444f-b5a8-1b6ef0d1ed23/window/rect[39m
[35m[HTTP][39m [90m{}[39m
[35m[HTTP][39m [37m<-- GET /wd/hub/session/a641f6a2-479a-444f-b5a8-1b6ef0d1ed23/window/rect [39m[32m200[39m [90m15 ms - 50[39m
[35m[HTTP][39m [90m[39m
[35m[HTTP][39m [37m-->[39m [37mPOST[39m [37m/wd/hub/session/a641f6a2-479a-444f-b5a8-1b6ef0d1ed23/elements[39m
[35m[HTTP][39m [90m{"using":"xpath","value":"//*[@class = 'android.widget.Button' and (@text = 'OK' or . = 'OK') and @resource-id = 'android:id/button1']"}[39m
[35m[HTTP][39m [37m<-- POST /wd/hub/session/a641f6a2-479a-444f-b5a8-1b6ef0d1ed23/elements [39m[32m200[39m [90m38 ms - 139[39m
[35m[HTTP][39m [90m[39m
[35m[HTTP][39m [37m-->[39m [37mGET[39m [37m/wd/hub/session/a641f6a2-479a-444f-b5a8-1b6ef0d1ed23/element/00000000-0000-08cb-ffff-ffff00000164/location[39m
[35m[HTTP][39m [90m{}[39m
[35m[W3C (a641f6a2)][39m Driver proxy active, passing request on via HTTP proxy
[35m[WD Proxy][39m Replacing sessionId ce74ff50-88ee-45e0-bdf2-34ebf9e6c54b with a641f6a2-479a-444f-b5a8-1b6ef0d1ed23
[35m[HTTP][39m [37m<-- GET /wd/hub/session/a641f6a2-479a-444f-b5a8-1b6ef0d1ed23/element/00000000-0000-08cb-ffff-ffff00000164/location [39m[32m200[39m [90m30 ms - 79[39m
[35m[HTTP][39m [90m[39m
[35m[HTTP][39m [37m-->[39m [37mPOST[39m [37m/wd/hub/session/a641f6a2-479a-444f-b5a8-1b6ef0d1ed23/timeouts[39m
[35m[HTTP][39m [90m{"implicit":30000}[39m
[35m[HTTP][39m [37m<-- POST /wd/hub/session/a641f6a2-479a-444f-b5a8-1b6ef0d1ed23/timeouts [39m[32m200[39m [90m2 ms - 14[39m
[35m[HTTP][39m [90m[39m
[35m[HTTP][39m [37m-->[39m [37mPOST[39m [37m/wd/hub/session/a641f6a2-479a-444f-b5a8-1b6ef0d1ed23/element/00000000-0000-08cb-ffff-ffff00000164/click[39m
[35m[HTTP][39m [90m{"id":"00000000-0000-08cb-ffff-ffff00000164"}[39m
[35m[HTTP][39m [37m<-- POST /wd/hub/session/a641f6a2-479a-444f-b5a8-1b6ef0d1ed23/element/00000000-0000-08cb-ffff-ffff00000164/click [39m[32m200[39m [90m41 ms - 14[39m
[35m[HTTP][39m [90m[39m
[35m[HTTP][39m [37m-->[39m [37mPOST[39m [37m/wd/hub/session/a641f6a2-479a-444f-b5a8-1b6ef0d1ed23/timeouts[39m
[35m[HTTP][39m [90m{"implicit":50}[39m
[35m[HTTP][39m [37m<-- POST /wd/hub/session/a641f6a2-479a-444f-b5a8-1b6ef0d1ed23/timeouts [39m[32m200[39m [90m1 ms - 14[39m
[35m[HTTP][39m [90m[39m
[35m[HTTP][39m [37m-->[39m [37mGET[39m [37m/wd/hub/session/a641f6a2-479a-444f-b5a8-1b6ef0d1ed23/window/rect[39m
[35m[HTTP][39m [90m{}[39m
[35m[HTTP][39m [37m<-- GET /wd/hub/session/a641f6a2-479a-444f-b5a8-1b6ef0d1ed23/window/rect [39m[32m200[39m [90m14 ms - 50[39m
[35m[HTTP][39m [90m[39m
[35m[HTTP][39m [37m-->[39m [37mPOST[39m [37m/wd/hub/session/a641f6a2-479a-444f-b5a8-1b6ef0d1ed23/elements[39m
[35m[HTTP][39m [90m{"using":"xpath","value":"//*[@class = 'android.widget.TextView' and (@text = 'lite, Test' or . = 'lite, Test')]"}[39m
[35m[HTTP][39m [37m<-- POST /wd/hub/session/a641f6a2-479a-444f-b5a8-1b6ef0d1ed23/elements [39m[32m200[39m [90m289 ms - 12[39m
[35m[HTTP][39m [90m[39m
[35m[HTTP][39m [37m-->[39m [37mPOST[39m [37m/wd/hub/session/a641f6a2-479a-444f-b5a8-1b6ef0d1ed23/elements[39m
[35m[HTTP][39m [90m{"using":"xpath","value":"//*[@class = 'android.widget.TextView' and (@text = 'lite, Test' or . = 'lite, Test')]"}[39m
[35m[HTTP][39m [37m<-- POST /wd/hub/session/a641f6a2-479a-444f-b5a8-1b6ef0d1ed23/elements [39m[32m200[39m [90m87 ms - 12[39m
[35m[HTTP][39m [90m[39m
[35m[HTTP][39m [37m-->[39m [37mPOST[39m [37m/wd/hub/session/a641f6a2-479a-444f-b5a8-1b6ef0d1ed23/elements[39m
[35m[HTTP][39m [90m{"using":"xpath","value":"//*[@class = 'android.widget.TextView' and (@text = 'lite, Test' or . = 'lite, Test')]"}[39m
[35m[HTTP][39m [37m<-- POST /wd/hub/session/a641f6a2-479a-444f-b5a8-1b6ef0d1ed23/elements [39m[32m200[39m [90m766 ms - 139[39m
[35m[HTTP][39m [90m[39m
[35m[HTTP][39m [37m-->[39m [37mGET[39m [37m/wd/hub/session/a641f6a2-479a-444f-b5a8-1b6ef0d1ed23/element/00000000-0000-08c5-ffff-ffff00000147/location[39m
[35m[HTTP][39m [90m{}[39m
[35m[W3C (a641f6a2)][39m Driver proxy active, passing request on via HTTP proxy
[35m[WD Proxy][39m Replacing sessionId ce74ff50-88ee-45e0-bdf2-34ebf9e6c54b with a641f6a2-479a-444f-b5a8-1b6ef0d1ed23
[35m[HTTP][39m [37m<-- GET /wd/hub/session/a641f6a2-479a-444f-b5a8-1b6ef0d1ed23/element/00000000-0000-08c5-ffff-ffff00000147/location [39m[32m200[39m [90m32 ms - 77[39m
[35m[HTTP][39m [90m[39m
[35m[HTTP][39m [37m-->[39m [37mPOST[39m [37m/wd/hub/session/a641f6a2-479a-444f-b5a8-1b6ef0d1ed23/timeouts[39m
[35m[HTTP][39m [90m{"implicit":30000}[39m
[35m[HTTP][39m [37m<-- POST /wd/hub/session/a641f6a2-479a-444f-b5a8-1b6ef0d1ed23/timeouts [39m[32m200[39m [90m2 ms - 14[39m
[35m[HTTP][39m [90m[39m
[35m[HTTP][39m [37m-->[39m [37mGET[39m [37m/wd/hub/session/a641f6a2-479a-444f-b5a8-1b6ef0d1ed23/element/00000000-0000-08c5-ffff-ffff00000147/text[39m
[35m[HTTP][39m [90m{}[39m
[35m[W3C (a641f6a2)][39m Driver proxy active, passing request on via HTTP proxy
[35m[WD Proxy][39m Replacing sessionId ce74ff50-88ee-45e0-bdf2-34ebf9e6c54b with a641f6a2-479a-444f-b5a8-1b6ef0d1ed23
[35m[HTTP][39m [37m<-- GET /wd/hub/session/a641f6a2-479a-444f-b5a8-1b6ef0d1ed23/element/00000000-0000-08c5-ffff-ffff00000147/text [39m[32m200[39m [90m27 ms - 73[39m
[35m[HTTP][39m [90m[39m
[35m[HTTP][39m [37m-->[39m [37mPOST[39m [37m/wd/hub/session/a641f6a2-479a-444f-b5a8-1b6ef0d1ed23/timeouts[39m
[35m[HTTP][39m [90m{"implicit":50}[39m
[35m[HTTP][39m [37m<-- POST /wd/hub/session/a641f6a2-479a-444f-b5a8-1b6ef0d1ed23/timeouts [39m[32m200[39m [90m2 ms - 14[39m
[35m[HTTP][39m [90m[39m
[35m[HTTP][39m [37m-->[39m [37mGET[39m [37m/wd/hub/session/a641f6a2-479a-444f-b5a8-1b6ef0d1ed23/window/rect[39m
[35m[HTTP][39m [90m{}[39m
[35m[HTTP][39m [37m<-- GET /wd/hub/session/a641f6a2-479a-444f-b5a8-1b6ef0d1ed23/window/rect [39m[32m200[39m [90m15 ms - 50[39m
[35m[HTTP][39m [90m[39m
[35m[HTTP][39m [37m-->[39m [37mPOST[39m [37m/wd/hub/session/a641f6a2-479a-444f-b5a8-1b6ef0d1ed23/elements[39m
[35m[HTTP][39m [90m{"using":"xpath","value":"//*[@class = 'android.widget.EditText' and (@text = 'Search by Name, MRN' or . = 'Search by Name, MRN')]"}[39m
[35m[HTTP][39m [37m<-- POST /wd/hub/session/a641f6a2-479a-444f-b5a8-1b6ef0d1ed23/elements [39m[32m200[39m [90m154 ms - 139[39m
[35m[HTTP][39m [90m[39m
[35m[HTTP][39m [37m-->[39m [37mGET[39m [37m/wd/hub/session/a641f6a2-479a-444f-b5a8-1b6ef0d1ed23/element/00000000-0000-08c5-ffff-ffff000000ac/location[39m
[35m[HTTP][39m [90m{}[39m
[35m[W3C (a641f6a2)][39m Driver proxy active, passing request on via HTTP proxy
[35m[WD Proxy][39m Replacing sessionId ce74ff50-88ee-45e0-bdf2-34ebf9e6c54b with a641f6a2-479a-444f-b5a8-1b6ef0d1ed23
[35m[HTTP][39m [37m<-- GET /wd/hub/session/a641f6a2-479a-444f-b5a8-1b6ef0d1ed23/element/00000000-0000-08c5-ffff-ffff000000ac/location [39m[32m200[39m [90m23 ms - 78[39m
[35m[HTTP][39m [90m[39m
[35m[HTTP][39m [37m-->[39m [37mPOST[39m [37m/wd/hub/session/a641f6a2-479a-444f-b5a8-1b6ef0d1ed23/timeouts[39m
[35m[HTTP][39m [90m{"implicit":30000}[39m
[35m[HTTP][39m [37m<-- POST /wd/hub/session/a641f6a2-479a-444f-b5a8-1b6ef0d1ed23/timeouts [39m[32m200[39m [90m3 ms - 14[39m
[35m[HTTP][39m [90m[39m
[35m[HTTP][39m [37m-->[39m [37mPOST[39m [37m/wd/hub/session/a641f6a2-479a-444f-b5a8-1b6ef0d1ed23/element/00000000-0000-08c5-ffff-ffff000000ac/clear[39m
[35m[HTTP][39m [90m{"id":"00000000-0000-08c5-ffff-ffff000000ac"}[39m
[35m[HTTP][39m [37m<-- POST /wd/hub/session/a641f6a2-479a-444f-b5a8-1b6ef0d1ed23/element/00000000-0000-08c5-ffff-ffff000000ac/clear [39m[32m200[39m [90m30 ms - 14[39m
[35m[HTTP][39m [90m[39m
[35m[HTTP][39m [37m-->[39m [37mPOST[39m [37m/wd/hub/session/a641f6a2-479a-444f-b5a8-1b6ef0d1ed23/element/00000000-0000-08c5-ffff-ffff000000ac/value[39m
[35m[HTTP][39m [90m{"id":"00000000-0000-08c5-ffff-ffff000000ac","text":"987","value":["9","8","7"]}[39m
[35m[HTTP][39m [37m<-- POST /wd/hub/session/a641f6a2-479a-444f-b5a8-1b6ef0d1ed23/element/00000000-0000-08c5-ffff-ffff000000ac/value [39m[32m200[39m [90m1039 ms - 14[39m
[35m[HTTP][39m [90m[39m
[35m[HTTP][39m [37m-->[39m [37mPOST[39m [37m/wd/hub/session/a641f6a2-479a-444f-b5a8-1b6ef0d1ed23/timeouts[39m
[35m[HTTP][39m [90m{"implicit":50}[39m
[35m[HTTP][39m [37m<-- POST /wd/hub/session/a641f6a2-479a-444f-b5a8-1b6ef0d1ed23/timeouts [39m[32m200[39m [90m2 ms - 14[39m
[35m[HTTP][39m [90m[39m
[35m[HTTP][39m [37m-->[39m [37mGET[39m [37m/wd/hub/session/a641f6a2-479a-444f-b5a8-1b6ef0d1ed23/window/rect[39m
[35m[HTTP][39m [90m{}[39m
[35m[HTTP][39m [37m<-- GET /wd/hub/session/a641f6a2-479a-444f-b5a8-1b6ef0d1ed23/window/rect [39m[32m200[39m [90m14 ms - 50[39m
[35m[HTTP][39m [90m[39m
[35m[HTTP][39m [37m-->[39m [37mPOST[39m [37m/wd/hub/session/a641f6a2-479a-444f-b5a8-1b6ef0d1ed23/elements[39m
[35m[HTTP][39m [90m{"using":"xpath","value":"//hierarchy/android.widget.FrameLayout[1]/android.widget.LinearLayout[1]/android.widget.FrameLayout[1]/android.widget.LinearLayout[1]/android.widget.FrameLayout[1]/android.widget.FrameLayout[1]/android.view.ViewGroup[1]/android.view.ViewGroup[1]/android.view.ViewGroup[1]/android.widget.FrameLayout[1]/android.view.ViewGroup[1]/android.view.ViewGroup[1]/android.view.ViewGroup[1]/android.view.ViewGroup[1]/android.widget.FrameLayout[1]/android.view.ViewGroup[1]/android.view.ViewGroup[1]/android.view.ViewGroup[1]/android.view.ViewGroup[4]/android.view.ViewGroup[1]"}[39m
[35m[HTTP][39m [37m<-- POST /wd/hub/session/a641f6a2-479a-444f-b5a8-1b6ef0d1ed23/elements [39m[32m200[39m [90m3132 ms - 139[39m
[35m[HTTP][39m [90m[39m
[35m[HTTP][39m [37m-->[39m [37mGET[39m [37m/wd/hub/session/a641f6a2-479a-444f-b5a8-1b6ef0d1ed23/element/00000000-0000-08c5-ffff-ffff00000169/location[39m
[35m[HTTP][39m [90m{}[39m
[35m[W3C (a641f6a2)][39m Driver proxy active, passing request on via HTTP proxy
[35m[WD Proxy][39m Got response with status 404: {"sessionId":"ce74ff50-88ee-45e0-bdf2-34ebf9e6c54b","value":{"error":"stale element reference","message":"Cached elements 'By.xpath: //hierarchy/android.widget.FrameLayout[1]/android.widget.LinearLayout[1]/android.widget.FrameLayout[1]/android.widget.LinearLayout[1]/android.widget.FrameLayout[1]/android.widget.FrameLayout[1]/android.view.ViewGroup[1]/android.view.ViewGroup[1]/android.view.ViewGroup[1]/android.widget.FrameLayout[1]/android.view.ViewGroup[1]/android.view.ViewGroup[1]/android.view.ViewGroup[1]/android.view.ViewGroup[1]/android.widget.FrameLayout[1]/android.view.ViewGroup[1]/android.view.ViewGroup[1]/android.view.ViewGroup[1]/android.view.ViewGroup[4]/android.view.ViewGroup[1]' do not exist in DOM anymore","stacktrace":"io.appium.uiautomator2.common.exceptions.StaleElementReferenceException: Cached elements 'By.xpath: //hierarchy/android.widget.FrameLayout[1]/android.widget.LinearLayout[1]/android.widget.FrameLayout[1]/android.widget.LinearLayout[1]/android.widget.FrameLayout[1]/android.widget...
[35m[HTTP][39m [37m<-- GET /wd/hub/session/a641f6a2-479a-444f-b5a8-1b6ef0d1ed23/element/00000000-0000-08c5-ffff-ffff00000169/location [39m[33m404[39m [90m86 ms - 5029[39m
[35m[HTTP][39m [90m[39m
[35m[HTTP][39m [37m-->[39m [37mPOST[39m [37m/wd/hub/session/a641f6a2-479a-444f-b5a8-1b6ef0d1ed23/timeouts[39m
[35m[HTTP][39m [90m{"implicit":30000}[39m
[35m[HTTP][39m [37m<-- POST /wd/hub/session/a641f6a2-479a-444f-b5a8-1b6ef0d1ed23/timeouts [39m[32m200[39m [90m2 ms - 14[39m
[35m[HTTP][39m [90m[39m
[35m[HTTP][39m [37m-->[39m [37mGET[39m [37m/wd/hub/session/a641f6a2-479a-444f-b5a8-1b6ef0d1ed23/context[39m
[35m[HTTP][39m [90m{}[39m
[35m[HTTP][39m [37m<-- GET /wd/hub/session/a641f6a2-479a-444f-b5a8-1b6ef0d1ed23/context [39m[32m200[39m [90m1 ms - 22[39m
[35m[HTTP][39m [90m[39m
[35m[HTTP][39m [37m-->[39m [37mGET[39m [37m/wd/hub/session/a641f6a2-479a-444f-b5a8-1b6ef0d1ed23/contexts[39m
[35m[HTTP][39m [90m{}[39m
[35m[HTTP][39m [37m<-- GET /wd/hub/session/a641f6a2-479a-444f-b5a8-1b6ef0d1ed23/contexts [39m[32m200[39m [90m107 ms - 24[39m
[35m[HTTP][39m [90m[39m
[35m[HTTP][39m [37m-->[39m [37mPOST[39m [37m/wd/hub/session/a641f6a2-479a-444f-b5a8-1b6ef0d1ed23/context[39m
[35m[HTTP][39m [90m{"name":"NATIVE_APP"}[39m
[35m[HTTP][39m [37m<-- POST /wd/hub/session/a641f6a2-479a-444f-b5a8-1b6ef0d1ed23/context [39m[32m200[39m [90m3 ms - 14[39m
[35m[HTTP][39m [90m[39m
[35m[HTTP][39m [37m-->[39m [37mGET[39m [37m/wd/hub/session/a641f6a2-479a-444f-b5a8-1b6ef0d1ed23/screenshot[39m
[35m[HTTP][39m [90m{}[39m
[35m[HTTP][39m [37m<-- GET /wd/hub/session/a641f6a2-479a-444f-b5a8-1b6ef0d1ed23/screenshot [39m[32m200[39m [90m591 ms - 662180[39m
[35m[HTTP][39m [90m[39m
[35m[HTTP][39m [37m-->[39m [37mPOST[39m [37m/wd/hub/session/a641f6a2-479a-444f-b5a8-1b6ef0d1ed23/context[39m
[35m[HTTP][39m [90m{"name":"NATIVE_APP"}[39m
[35m[HTTP][39m [37m<-- POST /wd/hub/session/a641f6a2-479a-444f-b5a8-1b6ef0d1ed23/context [39m[32m200[39m [90m3 ms - 14[39m
[35m[HTTP][39m [90m[39m
[35m[HTTP][39m [37m-->[39m [37mPOST[39m [37m/wd/hub/session/a641f6a2-479a-444f-b5a8-1b6ef0d1ed23/timeouts[39m
[35m[HTTP][39m [90m{"implicit":50}[39m
[35m[HTTP][39m [37m<-- POST /wd/hub/session/a641f6a2-479a-444f-b5a8-1b6ef0d1ed23/timeouts [39m[32m200[39m [90m2 ms - 14[39m
[35m[HTTP][39m [90m[39m
[35m[HTTP][39m [37m-->[39m [37mGET[39m [37m/wd/hub/session/a641f6a2-479a-444f-b5a8-1b6ef0d1ed23/window/rect[39m
[35m[HTTP][39m [90m{}[39m
[35m[HTTP][39m [37m<-- GET /wd/hub/session/a641f6a2-479a-444f-b5a8-1b6ef0d1ed23/window/rect [39m[32m200[39m [90m16 ms - 50[39m
[35m[HTTP][39m [90m[39m
[35m[HTTP][39m [37m-->[39m [37mPOST[39m [37m/wd/hub/session/a641f6a2-479a-444f-b5a8-1b6ef0d1ed23/elements[39m
[35m[HTTP][39m [90m{"using":"xpath","value":"//*[@class = 'android.widget.EditText' and (@text = 'Search by Name, MRN' or . = 'Search by Name, MRN')]"}[39m
[35m[HTTP][39m [37m<-- POST /wd/hub/session/a641f6a2-479a-444f-b5a8-1b6ef0d1ed23/elements [39m[32m200[39m [90m95 ms - 12[39m
[35m[HTTP][39m [90m[39m
[35m[HTTP][39m [37m-->[39m [37mPOST[39m [37m/wd/hub/session/a641f6a2-479a-444f-b5a8-1b6ef0d1ed23/elements[39m
[35m[HTTP][39m [90m{"using":"xpath","value":"//*[@class = 'android.widget.EditText' and (@text = 'Search by Name, MRN' or . = 'Search by Name, MRN')]"}[39m
[35m[HTTP][39m [37m<-- POST /wd/hub/session/a641f6a2-479a-444f-b5a8-1b6ef0d1ed23/elements [39m[32m200[39m [90m62 ms - 12[39m
[35m[HTTP][39m [90m[39m
[35m[HTTP][39m [37m-->[39m [37mPOST[39m [37m/wd/hub/session/a641f6a2-479a-444f-b5a8-1b6ef0d1ed23/elements[39m
[35m[HTTP][39m [90m{"using":"xpath","value":"//*[@class = 'android.widget.EditText' and (@text = 'Search by Name, MRN' or . = 'Search by Name, MRN')]"}[39m
[35m[HTTP][39m [37m<-- POST /wd/hub/session/a641f6a2-479a-444f-b5a8-1b6ef0d1ed23/elements [39m[32m200[39m [90m56 ms - 12[39m
[35m[HTTP][39m [90m[39m
[35m[HTTP][39m [37m-->[39m [37mPOST[39m [37m/wd/hub/session/a641f6a2-479a-444f-b5a8-1b6ef0d1ed23/elements[39m
[35m[HTTP][39m [90m{"using":"xpath","value":"//*[@class = 'android.widget.EditText' and (@text = 'Search by Name, MRN' or . = 'Search by Name, MRN')]"}[39m
[35m[HTTP][39m [37m<-- POST /wd/hub/session/a641f6a2-479a-444f-b5a8-1b6ef0d1ed23/elements [39m[32m200[39m [90m64 ms - 12[39m
[35m[HTTP][39m [90m[39m
[35m[HTTP][39m [37m-->[39m [37mPOST[39m [37m/wd/hub/session/a641f6a2-479a-444f-b5a8-1b6ef0d1ed23/elements[39m
[35m[HTTP][39m [90m{"using":"xpath","value":"//*[@class = 'android.widget.EditText' and (@text = 'Search by Name, MRN' or . = 'Search by Name, MRN')]"}[39m
[35m[HTTP][39m [37m<-- POST /wd/hub/session/a641f6a2-479a-444f-b5a8-1b6ef0d1ed23/elements [39m[32m200[39m [90m61 ms - 12[39m
[35m[HTTP][39m [90m[39m
[35m[HTTP][39m [37m-->[39m [37mPOST[39m [37m/wd/hub/session/a641f6a2-479a-444f-b5a8-1b6ef0d1ed23/elements[39m
[35m[HTTP][39m [90m{"using":"xpath","value":"//*[@class = 'android.widget.EditText' and (@text = 'Search by Name, MRN' or . = 'Search by Name, MRN')]"}[39m
[35m[HTTP][39m [37m<-- POST /wd/hub/session/a641f6a2-479a-444f-b5a8-1b6ef0d1ed23/elements [39m[32m200[39m [90m60 ms - 12[39m
[35m[HTTP][39m [90m[39m
[35m[HTTP][39m [37m-->[39m [37mPOST[39m [37m/wd/hub/session/a641f6a2-479a-444f-b5a8-1b6ef0d1ed23/elements[39m
[35m[HTTP][39m [90m{"using":"xpath","value":"//*[@class = 'android.widget.EditText' and (@text = 'Search by Name, MRN' or . = 'Search by Name, MRN')]"}[39m
[35m[HTTP][39m [37m<-- POST /wd/hub/session/a641f6a2-479a-444f-b5a8-1b6ef0d1ed23/elements [39m[32m200[39m [90m61 ms - 12[39m
[35m[HTTP][39m [90m[39m
[35m[HTTP][39m [37m-->[39m [37mPOST[39m [37m/wd/hub/session/a641f6a2-479a-444f-b5a8-1b6ef0d1ed23/elements[39m
[35m[HTTP][39m [90m{"using":"xpath","value":"//*[@class = 'android.widget.EditText' and (@text = 'Search by Name, MRN' or . = 'Search by Name, MRN')]"}[39m
[35m[HTTP][39m [37m<-- POST /wd/hub/session/a641f6a2-479a-444f-b5a8-1b6ef0d1ed23/elements [39m[32m200[39m [90m58 ms - 12[39m
[35m[HTTP][39m [90m[39m
[35m[HTTP][39m [37m-->[39m [37mPOST[39m [37m/wd/hub/session/a641f6a2-479a-444f-b5a8-1b6ef0d1ed23/elements[39m
[35m[HTTP][39m [90m{"using":"xpath","value":"//*[@class = 'android.widget.EditText' and (@text = 'Search by Name, MRN' or . = 'Search by Name, MRN')]"}[39m
[35m[HTTP][39m [37m<-- POST /wd/hub/session/a641f6a2-479a-444f-b5a8-1b6ef0d1ed23/elements [39m[32m200[39m [90m59 ms - 12[39m
[35m[HTTP][39m [90m[39m
[35m[HTTP][39m [37m-->[39m [37mPOST[39m [37m/wd/hub/session/a641f6a2-479a-444f-b5a8-1b6ef0d1ed23/elements[39m
[35m[HTTP][39m [90m{"using":"xpath","value":"//*[@class = 'android.widget.EditText' and (@text = 'Search by Name, MRN' or . = 'Search by Name, MRN')]"}[39m
[35m[HTTP][39m [37m<-- POST /wd/hub/session/a641f6a2-479a-444f-b5a8-1b6ef0d1ed23/elements [39m[32m200[39m [90m58 ms - 12[39m
[35m[HTTP][39m [90m[39m
[35m[HTTP][39m [37m-->[39m [37mPOST[39m [37m/wd/hub/session/a641f6a2-479a-444f-b5a8-1b6ef0d1ed23/elements[39m
[35m[HTTP][39m [90m{"using":"xpath","value":"//*[@class = 'android.widget.EditText' and (@text = 'Search by Name, MRN' or . = 'Search by Name, MRN')]"}[39m
[35m[HTTP][39m [37m<-- POST /wd/hub/session/a641f6a2-479a-444f-b5a8-1b6ef0d1ed23/elements [39m[32m200[39m [90m62 ms - 12[39m
[35m[HTTP][39m [90m[39m
[35m[HTTP][39m [37m-->[39m [37mPOST[39m [37m/wd/hub/session/a641f6a2-479a-444f-b5a8-1b6ef0d1ed23/elements[39m
[35m[HTTP][39m [90m{"using":"xpath","value":"//*[@class = 'android.widget.EditText' and (@text = 'Search by Name, MRN' or . = 'Search by Name, MRN')]"}[39m
[35m[HTTP][39m [37m<-- POST /wd/hub/session/a641f6a2-479a-444f-b5a8-1b6ef0d1ed23/elements [39m[32m200[39m [90m57 ms - 12[39m
[35m[HTTP][39m [90m[39m
[35m[HTTP][39m [37m-->[39m [37mPOST[39m [37m/wd/hub/session/a641f6a2-479a-444f-b5a8-1b6ef0d1ed23/elements[39m
[35m[HTTP][39m [90m{"using":"xpath","value":"//*[@class = 'android.widget.EditText' and (@text = 'Search by Name, MRN' or . = 'Search by Name, MRN')]"}[39m
[35m[HTTP][39m [37m<-- POST /wd/hub/session/a641f6a2-479a-444f-b5a8-1b6ef0d1ed23/elements [39m[32m200[39m [90m78 ms - 12[39m
[35m[HTTP][39m [90m[39m
[35m[HTTP][39m [37m-->[39m [37mPOST[39m [37m/wd/hub/session/a641f6a2-479a-444f-b5a8-1b6ef0d1ed23/elements[39m
[35m[HTTP][39m [90m{"using":"xpath","value":"//*[@class = 'android.widget.EditText' and (@text = 'Search by Name, MRN' or . = 'Search by Name, MRN')]"}[39m
[35m[HTTP][39m [37m<-- POST /wd/hub/session/a641f6a2-479a-444f-b5a8-1b6ef0d1ed23/elements [39m[32m200[39m [90m55 ms - 12[39m
[35m[HTTP][39m [90m[39m
[35m[HTTP][39m [37m-->[39m [37mPOST[39m [37m/wd/hub/session/a641f6a2-479a-444f-b5a8-1b6ef0d1ed23/elements[39m
[35m[HTTP][39m [90m{"using":"xpath","value":"//*[@class = 'android.widget.EditText' and (@text = 'Search by Name, MRN' or . = 'Search by Name, MRN')]"}[39m
[35m[HTTP][39m [37m<-- POST /wd/hub/session/a641f6a2-479a-444f-b5a8-1b6ef0d1ed23/elements [39m[32m200[39m [90m117 ms - 12[39m
[35m[HTTP][39m [90m[39m
[35m[HTTP][39m [37m-->[39m [37mPOST[39m [37m/wd/hub/session/a641f6a2-479a-444f-b5a8-1b6ef0d1ed23/elements[39m
[35m[HTTP][39m [90m{"using":"xpath","value":"//*[@class = 'android.widget.EditText' and (@text = 'Search by Name, MRN' or . = 'Search by Name, MRN')]"}[39m
[35m[HTTP][39m [37m<-- POST /wd/hub/session/a641f6a2-479a-444f-b5a8-1b6ef0d1ed23/elements [39m[32m200[39m [90m116 ms - 12[39m
[35m[HTTP][39m [90m[39m
[35m[HTTP][39m [37m-->[39m [37mPOST[39m [37m/wd/hub/session/a641f6a2-479a-444f-b5a8-1b6ef0d1ed23/elements[39m
[35m[HTTP][39m [90m{"using":"xpath","value":"//*[@class = 'android.widget.EditText' and (@text = 'Search by Name, MRN' or . = 'Search by Name, MRN')]"}[39m
[35m[HTTP][39m [37m<-- POST /wd/hub/session/a641f6a2-479a-444f-b5a8-1b6ef0d1ed23/elements [39m[32m200[39m [90m56 ms - 12[39m
[35m[HTTP][39m [90m[39m
[35m[HTTP][39m [37m-->[39m [37mPOST[39m [37m/wd/hub/session/a641f6a2-479a-444f-b5a8-1b6ef0d1ed23/elements[39m
[35m[HTTP][39m [90m{"using":"xpath","value":"//*[@class = 'android.widget.EditText' and (@text = 'Search by Name, MRN' or . = 'Search by Name, MRN')]"}[39m
[35m[HTTP][39m [37m<-- POST /wd/hub/session/a641f6a2-479a-444f-b5a8-1b6ef0d1ed23/elements [39m[32m200[39m [90m72 ms - 12[39m
[35m[HTTP][39m [90m[39m
[35m[HTTP][39m [37m-->[39m [37mPOST[39m [37m/wd/hub/session/a641f6a2-479a-444f-b5a8-1b6ef0d1ed23/elements[39m
[35m[HTTP][39m [90m{"using":"xpath","value":"//*[@class = 'android.widget.EditText' and (@text = 'Search by Name, MRN' or . = 'Search by Name, MRN')]"}[39m
[35m[HTTP][39m [37m<-- POST /wd/hub/session/a641f6a2-479a-444f-b5a8-1b6ef0d1ed23/elements [39m[32m200[39m [90m115 ms - 12[39m
[35m[HTTP][39m [90m[39m
[35m[HTTP][39m [37m-->[39m [37mPOST[39m [37m/wd/hub/session/a641f6a2-479a-444f-b5a8-1b6ef0d1ed23/elements[39m
[35m[HTTP][39m [90m{"using":"xpath","value":"//*[@class = 'android.widget.EditText' and (@text = 'Search by Name, MRN' or . = 'Search by Name, MRN')]"}[39m
[35m[HTTP][39m [37m<-- POST /wd/hub/session/a641f6a2-479a-444f-b5a8-1b6ef0d1ed23/elements [39m[32m200[39m [90m79 ms - 12[39m
[35m[HTTP][39m [90m[39m
[35m[HTTP][39m [37m-->[39m [37mPOST[39m [37m/wd/hub/session/a641f6a2-479a-444f-b5a8-1b6ef0d1ed23/elements[39m
[35m[HTTP][39m [90m{"using":"xpath","value":"//*[@class = 'android.widget.EditText' and (@text = 'Search by Name, MRN' or . = 'Search by Name, MRN')]"}[39m
[35m[HTTP][39m [37m<-- POST /wd/hub/session/a641f6a2-479a-444f-b5a8-1b6ef0d1ed23/elements [39m[32m200[39m [90m75 ms - 12[39m
[35m[HTTP][39m [90m[39m
[35m[HTTP][39m [37m-->[39m [37mPOST[39m [37m/wd/hub/session/a641f6a2-479a-444f-b5a8-1b6ef0d1ed23/elements[39m
[35m[HTTP][39m [90m{"using":"xpath","value":"//*[@class = 'android.widget.EditText' and (@text = 'Search by Name, MRN' or . = 'Search by Name, MRN')]"}[39m
[35m[HTTP][39m [37m<-- POST /wd/hub/session/a641f6a2-479a-444f-b5a8-1b6ef0d1ed23/elements [39m[32m200[39m [90m85 ms - 12[39m
[35m[HTTP][39m [90m[39m
[35m[HTTP][39m [37m-->[39m [37mPOST[39m [37m/wd/hub/session/a641f6a2-479a-444f-b5a8-1b6ef0d1ed23/elements[39m
[35m[HTTP][39m [90m{"using":"xpath","value":"//*[@class = 'android.widget.EditText' and (@text = 'Search by Name, MRN' or . = 'Search by Name, MRN')]"}[39m
[35m[HTTP][39m [37m<-- POST /wd/hub/session/a641f6a2-479a-444f-b5a8-1b6ef0d1ed23/elements [39m[32m200[39m [90m81 ms - 12[39m
[35m[HTTP][39m [90m[39m
[35m[HTTP][39m [37m-->[39m [37mPOST[39m [37m/wd/hub/session/a641f6a2-479a-444f-b5a8-1b6ef0d1ed23/elements[39m
[35m[HTTP][39m [90m{"using":"xpath","value":"//*[@class = 'android.widget.EditText' and (@text = 'Search by Name, MRN' or . = 'Search by Name, MRN')]"}[39m
[35m[HTTP][39m [37m<-- POST /wd/hub/session/a641f6a2-479a-444f-b5a8-1b6ef0d1ed23/elements [39m[32m200[39m [90m56 ms - 12[39m
[35m[HTTP][39m [90m[39m
[35m[HTTP][39m [37m-->[39m [37mPOST[39m [37m/wd/hub/session/a641f6a2-479a-444f-b5a8-1b6ef0d1ed23/elements[39m
[35m[HTTP][39m [90m{"using":"xpath","value":"//*[@class = 'android.widget.EditText' and (@text = 'Search by Name, MRN' or . = 'Search by Name, MRN')]"}[39m
[35m[HTTP][39m [37m<-- POST /wd/hub/session/a641f6a2-479a-444f-b5a8-1b6ef0d1ed23/elements [39m[32m-[39m [90m- ms - -[39m
[35m[HTTP][39m [90m[39m
[35m[BaseDriver][39m Shutting down because we waited 1800 seconds for a command
[35m[Appium][39m Closing session, cause was 'New Command Timeout of 1800 seconds expired. Try customizing the timeout using the 'newCommandTimeout' desired capability'
[35m[Appium][39m Removing session 'a641f6a2-479a-444f-b5a8-1b6ef0d1ed23' from our master session list
[35m[UiAutomator2][39m Did not get confirmation UiAutomator2 deleteSession worked; Error was: UnknownError: An unknown server-side error occurred while processing the command. Original error: 'DELETE /' cannot be proxied to UiAutomator2 server because the instrumentation process is not running (probably crashed). Check the server log and/or the logcat output for more details
[35m[UiAutomator2][39m Restoring hidden api policy to the device default configuration
