[35m[Appium][39m Welcome to Appium v1.22.0
[35m[Appium][39m Non-default server args:
[35m[Appium][39m   port: 64348
[35m[Appium][39m   loglevel: info
[35m[Appium][39m   tmpDir: C:\Users\Amarir\AppData\Local\Temp\\Katalon\Appium\Temp1692955498228
[35m[Appium][39m   chromedriverPort: 64349
[35m[Appium][39m Deprecated server args:
[35m[Appium][39m   [31m--chromedriver-port[39m => --default-capabilities
[35m[Appium][39m Default capabilities, which will be added to each request unless overridden by desired capabilities:
[35m[Appium][39m   chromedriverPort: 64349
[35m[Appium][39m Appium REST http interface listener started on 0.0.0.0:64348
[35m[HTTP][39m [37m-->[39m [37mGET[39m [37m/wd/hub/status[39m
[35m[HTTP][39m [90m{}[39m
[35m[HTTP][39m [37m<-- GET /wd/hub/status [39m[32m200[39m [90m10 ms - 68[39m
[35m[HTTP][39m [90m[39m
[35m[HTTP][39m [37m-->[39m [37mPOST[39m [37m/wd/hub/session[39m
[35m[HTTP][39m [90m{"desiredCapabilities":{"app":"C:\\Users\\Amarir\\Downloads\\APK\\IS\\IS_77.apk","noReset":false,"deviceName":"samsung SM-N975F (Android 12)","fullReset":true,"platform":"ANDROID","newCommandTimeout":1800,"platformVersion":"12","automationName":"uiautomator2","autoGrantPermissions":true,"platformName":"Android","udid":"RF8N307NKZV","systemPort":64347},"capabilities":{"firstMatch":[{"appium:app":"C:\\Users\\Amarir\\Downloads\\APK\\IS\\IS_77.apk","appium:autoGrantPermissions":true,"appium:automationName":"uiautomator2","appium:deviceName":"samsung SM-N975F (Android 12)","appium:fullReset":true,"appium:newCommandTimeout":1800,"appium:noReset":false,"platform":"ANDROID","platformName":"android","appium:platformVersion":"12","appium:systemPort":64347,"appium:udid":"RF8N307NKZV"}]}}[39m
[35m[BaseDriver][39m The following capabilities are not standard capabilities and should have an extension prefix:
[35m[BaseDriver][39m   platform
[35m[BaseDriver][39m   chromedriverPort
[35m[Appium][39m Appium v1.22.0 creating new AndroidUiautomator2Driver (v1.69.0) session
[35m[BaseDriver][39m The following capabilities were provided, but are not recognized by Appium:
[35m[BaseDriver][39m   platform
[35m[BaseDriver][39m Session created with session id: e1b6a0e1-938b-4157-831e-747de4155d74
[35m[BaseDriver][39m Using local app 'C:\Users\Amarir\Downloads\APK\IS\IS_77.apk'
[35m[ADB][39m Found 1 'build-tools' folders under 'C:\Users\Amarir\.katalon\tools\android_sdk' (newest first):
[35m[ADB][39m     C:/Users/Amarir/.katalon/tools/android_sdk/build-tools/29.0.3
[35m[ADB][39m Using 'adb.exe' from 'C:\Users\Amarir\.katalon\tools\android_sdk\platform-tools\adb.exe'
[35m[AndroidDriver][39m Retrieving device list
[35m[AndroidDriver][39m Using device: RF8N307NKZV
[35m[ADB][39m Using 'adb.exe' from 'C:\Users\Amarir\.katalon\tools\android_sdk\platform-tools\adb.exe'
[35m[ADB][39m Getting device platform version
[35m[UiAutomator2][39m Relaxing hidden api policy
[35m[ADB][39m Package name: 'com.ekareinc.insight.standard'
[35m[ADB][39m Main activity name: 'com.ekareinc.insight.standard.MainActivity'
[35m[ADB][39m Using 'apksigner.jar' from 'C:\Users\Amarir\.katalon\tools\android_sdk\build-tools\29.0.3\lib\apksigner.jar'
[35m[ADB][39m 'C:\Users\Amarir\AppData\Roaming\npm\node_modules\appium\node_modules\appium-uiautomator2-server\apks\appium-uiautomator2-server-v4.24.0.apk' is signed with the default certificate
[35m[ADB][39m 'C:\Users\Amarir\AppData\Roaming\npm\node_modules\appium\node_modules\appium-uiautomator2-server\apks\appium-uiautomator2-server-debug-androidTest.apk' is signed with the default certificate
[35m[UiAutomator2][39m Server packages are not going to be (re)installed
[35m[ADB][39m Adding packages ["io.appium.settings","io.appium.uiautomator2.server","io.appium.uiautomator2.server.test"] to Doze whitelist
[35m[ADB][39m 'C:\Users\Amarir\Downloads\APK\IS\IS_77.apk' is signed with a non-default certificate
[35m[ADB][39m com.ekareinc.insight.standard was not uninstalled, because it was not present on the device
[35m[ADB][39m The application at 'C:\Users\Amarir\Downloads\APK\IS\IS_77.apk' will not be cached, because the device under test has confirmed the support of streamed installs
[35m[ADB][39m The installation of 'IS_77.apk' took 21499ms
[35m[UiAutomator2][39m Starting UIAutomator2 server 4.24.0
[35m[UiAutomator2][39m Using UIAutomator2 server from 'C:\Users\Amarir\AppData\Roaming\npm\node_modules\appium\node_modules\appium-uiautomator2-server\apks\appium-uiautomator2-server-v4.24.0.apk' and test from 'C:\Users\Amarir\AppData\Roaming\npm\node_modules\appium\node_modules\appium-uiautomator2-server\apks\appium-uiautomator2-server-debug-androidTest.apk'
[35m[UiAutomator2][39m Waiting up to 30000ms for UiAutomator2 to be online...
[35m[WD Proxy][39m Determined the downstream protocol as 'W3C'
[35m[AndroidDriver][39m Screen already unlocked, doing nothing
[35m[UiAutomator2][39m Starting 'com.ekareinc.insight.standard/com.ekareinc.insight.standard.MainActivity and waiting for 'com.ekareinc.insight.standard/com.ekareinc.insight.standard.MainActivity'
[35m[WD Proxy][39m socket hang up
[35m[WD Proxy][39m socket hang up
[35m[UiAutomator2][39m Did not get confirmation UiAutomator2 deleteSession worked; Error was: UnknownError: An unknown server-side error occurred while processing the command. Original error: Could not proxy command to the remote server. Original error: socket hang up
[35m[ADB][39m com.ekareinc.insight.standard was successfully uninstalled
[35m[UiAutomator2][39m Restoring hidden api policy to the device default configuration
[35m[HTTP][39m [37m<-- POST /wd/hub/session [39m[31m500[39m [90m37246 ms - 1320[39m
[35m[HTTP][39m [90m[39m
[35m[HTTP][39m [37m-->[39m [37mGET[39m [37m/wd/hub/status[39m
[35m[HTTP][39m [90m{}[39m
[35m[HTTP][39m [37m<-- GET /wd/hub/status [39m[32m200[39m [90m4 ms - 68[39m
[35m[HTTP][39m [90m[39m
[35m[HTTP][39m [37m-->[39m [37mPOST[39m [37m/wd/hub/session[39m
[35m[HTTP][39m [90m{"desiredCapabilities":{"app":"C:\\Users\\Amarir\\Downloads\\APK\\IS\\IS_77.apk","noReset":false,"deviceName":"samsung SM-N975F (Android 12)","fullReset":true,"platform":"ANDROID","newCommandTimeout":1800,"platformVersion":"12","automationName":"uiautomator2","autoGrantPermissions":true,"platformName":"Android","udid":"RF8N307NKZV","systemPort":64531},"capabilities":{"firstMatch":[{"appium:app":"C:\\Users\\Amarir\\Downloads\\APK\\IS\\IS_77.apk","appium:autoGrantPermissions":true,"appium:automationName":"uiautomator2","appium:deviceName":"samsung SM-N975F (Android 12)","appium:fullReset":true,"appium:newCommandTimeout":1800,"appium:noReset":false,"platform":"ANDROID","platformName":"android","appium:platformVersion":"12","appium:systemPort":64531,"appium:udid":"RF8N307NKZV"}]}}[39m
[35m[BaseDriver][39m The following capabilities are not standard capabilities and should have an extension prefix:
[35m[BaseDriver][39m   platform
[35m[BaseDriver][39m   chromedriverPort
[35m[Appium][39m Appium v1.22.0 creating new AndroidUiautomator2Driver (v1.69.0) session
[35m[BaseDriver][39m The following capabilities were provided, but are not recognized by Appium:
[35m[BaseDriver][39m   platform
[35m[BaseDriver][39m Session created with session id: a793757a-935f-49a3-a7a4-bd31ae87d766
[35m[BaseDriver][39m Using local app 'C:\Users\Amarir\Downloads\APK\IS\IS_77.apk'
[35m[ADB][39m Using 'adb.exe' from 'C:\Users\Amarir\.katalon\tools\android_sdk\platform-tools\adb.exe'
[35m[AndroidDriver][39m Retrieving device list
[35m[AndroidDriver][39m Using device: RF8N307NKZV
[35m[ADB][39m Using 'adb.exe' from 'C:\Users\Amarir\.katalon\tools\android_sdk\platform-tools\adb.exe'
[35m[ADB][39m Getting device platform version
[35m[UiAutomator2][39m Relaxing hidden api policy
[35m[ADB][39m Package name: 'com.ekareinc.insight.standard'
[35m[ADB][39m Main activity name: 'com.ekareinc.insight.standard.MainActivity'
[35m[UiAutomator2][39m Server packages are not going to be (re)installed
[35m[ADB][39m Adding packages ["io.appium.settings","io.appium.uiautomator2.server","io.appium.uiautomator2.server.test"] to Doze whitelist
[35m[ADB][39m com.ekareinc.insight.standard was not uninstalled, because it was not present on the device
[35m[ADB][39m The application at 'C:\Users\Amarir\Downloads\APK\IS\IS_77.apk' will not be cached, because the device under test has confirmed the support of streamed installs
[35m[HTTP][39m [37m<-- POST /wd/hub/session [39m[32m-[39m [90m- ms - -[39m
[35m[HTTP][39m [90m[39m
[35m[ADB][39m The installation of 'IS_77.apk' took 12717ms
[35m[UiAutomator2][39m Starting UIAutomator2 server 4.24.0
[35m[UiAutomator2][39m Using UIAutomator2 server from 'C:\Users\Amarir\AppData\Roaming\npm\node_modules\appium\node_modules\appium-uiautomator2-server\apks\appium-uiautomator2-server-v4.24.0.apk' and test from 'C:\Users\Amarir\AppData\Roaming\npm\node_modules\appium\node_modules\appium-uiautomator2-server\apks\appium-uiautomator2-server-debug-androidTest.apk'
[35m[UiAutomator2][39m Waiting up to 30000ms for UiAutomator2 to be online...
[35m[WD Proxy][39m Determined the downstream protocol as 'W3C'
[35m[AndroidDriver][39m Screen already unlocked, doing nothing
[35m[UiAutomator2][39m Starting 'com.ekareinc.insight.standard/com.ekareinc.insight.standard.MainActivity and waiting for 'com.ekareinc.insight.standard/com.ekareinc.insight.standard.MainActivity'
[35m[WD Proxy][39m socket hang up
[35m[WD Proxy][39m socket hang up
[35m[UiAutomator2][39m Did not get confirmation UiAutomator2 deleteSession worked; Error was: UnknownError: An unknown server-side error occurred while processing the command. Original error: Could not proxy command to the remote server. Original error: socket hang up
[35m[ADB][39m com.ekareinc.insight.standard was successfully uninstalled
[35m[UiAutomator2][39m Restoring hidden api policy to the device default configuration
