[35m[Appium][39m Welcome to Appium v2.4.1 (REV b3751bca8c4a3c76107d5aa3b75b81db93cf4bb6)
[35m[Appium][39m Non-default server args:
[35m[Appium][39m { basePath: [32m'/wd/hub'[39m, loglevel: [32m'info'[39m, port: [33m60120[39m }
[35m[Appium][39m Attempting to load driver xcuitest...
[35m[Appium][39m Attempting to load driver uiautomator2...
[Appium] Appium REST http interface listener started on http://0.0.0.0:60120/wd/hub
[Appium] You can provide the following URLs in your client code to connect to this server:
[Appium] 	http://127.0.0.1:60120/wd/hub (only accessible from the same host)
[Appium] 	http://192.168.1.113:60120/wd/hub
[Appium] 	http://169.254.145.185:60120/wd/hub
[Appium] Available drivers:
[Appium]   - xcuitest@5.12.2 (automationName 'XCUITest')
[Appium]   - uiautomator2@2.40.0 (automationName 'UiAutomator2')
[Appium] No plugins have been installed. Use the "appium plugin" command to install the one(s) you want to use.
[38;5;0m[HTTP][0m [37m-->[39m [37mGET[39m [37m/wd/hub/status[39m
[38;5;0m[HTTP][0m {}
[38;5;0m[HTTP][0m <-- GET /wd/hub/status 200 2 ms - 199
[38;5;0m[HTTP][0m 
[38;5;0m[HTTP][0m [37m-->[39m [37mPOST[39m [37m/wd/hub/session[39m
[38;5;0m[HTTP][0m {"desiredCapabilities":{"appium:waitForAppScript":"true;","appium:newCommandTimeout":1800,"appium:automationName":"XCUITest","appium:fullReset":true,"appium:platformVersion":"17.3","appium:deviceId":"00008110-00112D590CD0201E","appium:noReset":false,"appium:udid":"00008110-00112D590CD0201E","appium:wdaLocalPort":60083,"appium:deviceName":"Safa’s iPhone","platformName":"iOS","appium:app":"/Users/safaamarir/APK/IOS/IS/IS_PreProd_2.1_192.ipa"},"capabilities":{"firstMatch":[{"appium:app":"/Users/safaamarir/APK/IOS/IS/IS_PreProd_2.1_192.ipa","appium:automationName":"XCUITest","appium:deviceId":"00008110-00112D590CD0201E","appium:deviceName":"Safa’s iPhone","appium:fullReset":true,"appium:newCommandTimeout":1800,"appium:noReset":false,"appium:platformVersion":"17.3","appium:udid":"00008110-00112D590CD0201E","appium:waitForAppScript":"true;","appium:wdaLocalPort":60083,"platformName":"ios"}]}}
[Appium] Attempting to find matching driver for automationName 'XCUITest' and platformName 'ios'
[Appium] The 'xcuitest' driver was installed and matched caps.
[Appium] Will require it at /Users/safaamarir/.appium/node_modules/appium-xcuitest-driver
[38;5;16m[AppiumDriver@21df][0m Appium v2.4.1 creating new XCUITestDriver (v5.12.2) session
[38;5;16m[AppiumDriver@21df][0m Checking BaseDriver versions for Appium and XCUITestDriver
[38;5;16m[AppiumDriver@21df][0m Appium's BaseDriver version is 9.5.0
[38;5;16m[AppiumDriver@21df][0m XCUITestDriver's BaseDriver version is 9.5.0
[38;5;32m[XCUITestDriver@48e8][0m The following provided capabilities were not recognized by this driver:
[38;5;32m[XCUITestDriver@48e8][0m   deviceId
[38;5;32m[XCUITestDriver@48e8][0m   waitForAppScript
[38;5;32m[XCUITestDriver@48e8 (389983ee)][0m Session created with session id: 389983ee-0ef9-4b60-b6d9-0b7847823955
[38;5;32m[XCUITestDriver@48e8 (389983ee)][0m Determining device to run tests on: udid: '00008110-00112D590CD0201E', real device: true
[38;5;64m[BaseDriver][0m Using local app '/Users/safaamarir/APK/IOS/IS/IS_PreProd_2.1_192.ipa'
[38;5;32m[XCUITestDriver@48e8 (389983ee)][0m 'Payload/eKareApp.app' is the resulting application bundle selected from '/Users/safaamarir/APK/IOS/IS/IS_PreProd_2.1_192.ipa'
[38;5;32m[XCUITestDriver@48e8 (389983ee)][0m Using WDA path: '/Users/safaamarir/.appium/node_modules/appium-xcuitest-driver/node_modules/appium-webdriveragent'
[38;5;32m[XCUITestDriver@48e8 (389983ee)][0m Using WDA agent: '/Users/safaamarir/.appium/node_modules/appium-xcuitest-driver/node_modules/appium-webdriveragent/WebDriverAgent.xcodeproj'
[38;5;32m[XCUITestDriver@48e8 (389983ee)][0m Setting up real device
[38;5;32m[XCUITestDriver@48e8 (389983ee)][0m App 'com.ekareinc.insight.healthcare' is not installed yet or it has an offload and cannot be detected, which might keep the local data.
[38;5;48m[XCUITest][0m App installation succeeded after 11789ms
[38;5;96m[DevCon Factory][0m Requesting connection for device 00008110-00112D590CD0201E on local port 60083, device port 60083
[38;5;96m[DevCon Factory][0m Successfully requested the connection for 00008110-00112D590CD0201E:60083
[38;5;112m[WD Proxy][0m socket hang up
[38;5;32m[XCUITestDriver@48e8 (389983ee)][0m Launching WebDriverAgent on the device
[38;5;32m[XCUITestDriver@48e8 (389983ee)][0m There is no need to perform the project cleanup. A fresh install has been detected
[38;5;32m[XCUITestDriver@48e8 (389983ee)][0m socket hang up
[38;5;32m[XCUITestDriver@48e8 (389983ee)][0m socket hang up
[38;5;32m[XCUITestDriver@48e8 (389983ee)][0m socket hang up
[38;5;32m[XCUITestDriver@48e8 (389983ee)][0m socket hang up
[38;5;32m[XCUITestDriver@48e8 (389983ee)][0m socket hang up
[38;5;32m[XCUITestDriver@48e8 (389983ee)][0m socket hang up
[38;5;32m[XCUITestDriver@48e8 (389983ee)][0m socket hang up
[38;5;32m[XCUITestDriver@48e8 (389983ee)][0m socket hang up
[38;5;32m[XCUITestDriver@48e8 (389983ee)][0m socket hang up
[38;5;32m[XCUITestDriver@48e8 (389983ee)][0m socket hang up
[38;5;32m[XCUITestDriver@48e8 (389983ee)][0m socket hang up
[38;5;32m[XCUITestDriver@48e8 (389983ee)][0m socket hang up
[38;5;32m[XCUITestDriver@48e8 (389983ee)][0m socket hang up
[38;5;32m[XCUITestDriver@48e8 (389983ee)][0m socket hang up
[38;5;32m[XCUITestDriver@48e8 (389983ee)][0m socket hang up
[38;5;32m[XCUITestDriver@48e8 (389983ee)][0m socket hang up
[38;5;32m[XCUITestDriver@48e8 (389983ee)][0m socket hang up
[38;5;32m[XCUITestDriver@48e8 (389983ee)][0m socket hang up
[38;5;32m[XCUITestDriver@48e8 (389983ee)][0m socket hang up
[38;5;32m[XCUITestDriver@48e8 (389983ee)][0m socket hang up
[38;5;32m[XCUITestDriver@48e8 (389983ee)][0m socket hang up
[38;5;32m[XCUITestDriver@48e8 (389983ee)][0m socket hang up
[38;5;32m[XCUITestDriver@48e8 (389983ee)][0m socket hang up
[38;5;32m[XCUITestDriver@48e8 (389983ee)][0m socket hang up
[38;5;32m[XCUITestDriver@48e8 (389983ee)][0m socket hang up
[38;5;32m[XCUITestDriver@48e8 (389983ee)][0m socket hang up
[38;5;32m[XCUITestDriver@48e8 (389983ee)][0m socket hang up
[38;5;32m[XCUITestDriver@48e8 (389983ee)][0m socket hang up
[38;5;32m[XCUITestDriver@48e8 (389983ee)][0m socket hang up
[38;5;32m[XCUITestDriver@48e8 (389983ee)][0m socket hang up
[38;5;32m[XCUITestDriver@48e8 (389983ee)][0m Determined the downstream protocol as 'W3C'
[38;5;16m[AppiumDriver@21df][0m New XCUITestDriver session created successfully, session 389983ee-0ef9-4b60-b6d9-0b7847823955 added to master session list
[38;5;0m[HTTP][0m <-- POST /wd/hub/session 200 51362 ms - 620
[38;5;0m[HTTP][0m 
[38;5;0m[HTTP][0m [37m-->[39m [37mGET[39m [37m/wd/hub/session/389983ee-0ef9-4b60-b6d9-0b7847823955[39m
[38;5;0m[HTTP][0m {}
[38;5;0m[HTTP][0m <-- GET /wd/hub/session/389983ee-0ef9-4b60-b6d9-0b7847823955 200 1 ms - 356
[38;5;0m[HTTP][0m 
[38;5;0m[HTTP][0m [37m-->[39m [37mGET[39m [37m/wd/hub/session/389983ee-0ef9-4b60-b6d9-0b7847823955[39m
[38;5;0m[HTTP][0m {}
[38;5;0m[HTTP][0m <-- GET /wd/hub/session/389983ee-0ef9-4b60-b6d9-0b7847823955 200 1 ms - 356
[38;5;0m[HTTP][0m 
[38;5;0m[HTTP][0m [37m-->[39m [37mGET[39m [37m/wd/hub/status[39m
[38;5;0m[HTTP][0m {}
[38;5;0m[HTTP][0m <-- GET /wd/hub/status 200 1 ms - 199
[38;5;0m[HTTP][0m 
[38;5;0m[HTTP][0m [37m-->[39m [37mPOST[39m [37m/wd/hub/session/389983ee-0ef9-4b60-b6d9-0b7847823955/timeouts[39m
[38;5;0m[HTTP][0m {"implicit":30000}
[38;5;0m[HTTP][0m <-- POST /wd/hub/session/389983ee-0ef9-4b60-b6d9-0b7847823955/timeouts 200 1 ms - 14
[38;5;0m[HTTP][0m 
[38;5;0m[HTTP][0m [37m-->[39m [37mPOST[39m [37m/wd/hub/session/389983ee-0ef9-4b60-b6d9-0b7847823955/execute/sync[39m
[38;5;0m[HTTP][0m {"script":"mobile: deviceScreenInfo","args":[]}
[38;5;0m[HTTP][0m <-- POST /wd/hub/session/389983ee-0ef9-4b60-b6d9-0b7847823955/execute/sync 200 250 ms - 63
[38;5;0m[HTTP][0m 
[38;5;0m[HTTP][0m [37m-->[39m [37mPOST[39m [37m/wd/hub/session/389983ee-0ef9-4b60-b6d9-0b7847823955/execute/sync[39m
[38;5;0m[HTTP][0m {"script":"mobile: deviceScreenInfo","args":[]}
[38;5;0m[HTTP][0m <-- POST /wd/hub/session/389983ee-0ef9-4b60-b6d9-0b7847823955/execute/sync 200 3 ms - 63
[38;5;0m[HTTP][0m 
[38;5;0m[HTTP][0m [37m-->[39m [37mPOST[39m [37m/wd/hub/session/389983ee-0ef9-4b60-b6d9-0b7847823955/timeouts[39m
[38;5;0m[HTTP][0m {"implicit":50}
[38;5;0m[HTTP][0m <-- POST /wd/hub/session/389983ee-0ef9-4b60-b6d9-0b7847823955/timeouts 200 1 ms - 14
[38;5;0m[HTTP][0m 
[38;5;0m[HTTP][0m [37m-->[39m [37mGET[39m [37m/wd/hub/session/389983ee-0ef9-4b60-b6d9-0b7847823955/window/rect[39m
[38;5;0m[HTTP][0m {}
[38;5;0m[HTTP][0m <-- GET /wd/hub/session/389983ee-0ef9-4b60-b6d9-0b7847823955/window/rect 200 117 ms - 48
[38;5;0m[HTTP][0m 
[38;5;0m[HTTP][0m [37m-->[39m [37mPOST[39m [37m/wd/hub/session/389983ee-0ef9-4b60-b6d9-0b7847823955/elements[39m
[38;5;0m[HTTP][0m {"using":"xpath","value":"//*[@type = 'XCUIElementTypeTextField']"}
[38;5;0m[HTTP][0m <-- POST /wd/hub/session/389983ee-0ef9-4b60-b6d9-0b7847823955/elements 200 203 ms - 12
[38;5;0m[HTTP][0m 
[38;5;0m[HTTP][0m [37m-->[39m [37mPOST[39m [37m/wd/hub/session/389983ee-0ef9-4b60-b6d9-0b7847823955/elements[39m
[38;5;0m[HTTP][0m {"using":"xpath","value":"//*[@type = 'XCUIElementTypeTextField']"}
[38;5;0m[HTTP][0m <-- POST /wd/hub/session/389983ee-0ef9-4b60-b6d9-0b7847823955/elements 200 154 ms - 12
[38;5;0m[HTTP][0m 
[38;5;0m[HTTP][0m [37m-->[39m [37mPOST[39m [37m/wd/hub/session/389983ee-0ef9-4b60-b6d9-0b7847823955/elements[39m
[38;5;0m[HTTP][0m {"using":"xpath","value":"//*[@type = 'XCUIElementTypeTextField']"}
[38;5;0m[HTTP][0m <-- POST /wd/hub/session/389983ee-0ef9-4b60-b6d9-0b7847823955/elements 200 153 ms - 12
[38;5;0m[HTTP][0m 
[38;5;0m[HTTP][0m [37m-->[39m [37mPOST[39m [37m/wd/hub/session/389983ee-0ef9-4b60-b6d9-0b7847823955/elements[39m
[38;5;0m[HTTP][0m {"using":"xpath","value":"//*[@type = 'XCUIElementTypeTextField']"}
[38;5;0m[HTTP][0m <-- POST /wd/hub/session/389983ee-0ef9-4b60-b6d9-0b7847823955/elements 200 157 ms - 12
[38;5;0m[HTTP][0m 
[38;5;0m[HTTP][0m [37m-->[39m [37mPOST[39m [37m/wd/hub/session/389983ee-0ef9-4b60-b6d9-0b7847823955/elements[39m
[38;5;0m[HTTP][0m {"using":"xpath","value":"//*[@type = 'XCUIElementTypeTextField']"}
[38;5;0m[HTTP][0m <-- POST /wd/hub/session/389983ee-0ef9-4b60-b6d9-0b7847823955/elements 200 157 ms - 12
[38;5;0m[HTTP][0m 
[38;5;0m[HTTP][0m [37m-->[39m [37mPOST[39m [37m/wd/hub/session/389983ee-0ef9-4b60-b6d9-0b7847823955/elements[39m
[38;5;0m[HTTP][0m {"using":"xpath","value":"//*[@type = 'XCUIElementTypeTextField']"}
[38;5;0m[HTTP][0m <-- POST /wd/hub/session/389983ee-0ef9-4b60-b6d9-0b7847823955/elements 200 154 ms - 12
[38;5;0m[HTTP][0m 
[38;5;0m[HTTP][0m [37m-->[39m [37mPOST[39m [37m/wd/hub/session/389983ee-0ef9-4b60-b6d9-0b7847823955/elements[39m
[38;5;0m[HTTP][0m {"using":"xpath","value":"//*[@type = 'XCUIElementTypeTextField']"}
[38;5;0m[HTTP][0m <-- POST /wd/hub/session/389983ee-0ef9-4b60-b6d9-0b7847823955/elements 200 151 ms - 12
[38;5;0m[HTTP][0m 
[38;5;0m[HTTP][0m [37m-->[39m [37mPOST[39m [37m/wd/hub/session/389983ee-0ef9-4b60-b6d9-0b7847823955/elements[39m
[38;5;0m[HTTP][0m {"using":"xpath","value":"//*[@type = 'XCUIElementTypeTextField']"}
[38;5;0m[HTTP][0m <-- POST /wd/hub/session/389983ee-0ef9-4b60-b6d9-0b7847823955/elements 200 150 ms - 12
[38;5;0m[HTTP][0m 
[38;5;0m[HTTP][0m [37m-->[39m [37mPOST[39m [37m/wd/hub/session/389983ee-0ef9-4b60-b6d9-0b7847823955/elements[39m
[38;5;0m[HTTP][0m {"using":"xpath","value":"//*[@type = 'XCUIElementTypeTextField']"}
[38;5;0m[HTTP][0m <-- POST /wd/hub/session/389983ee-0ef9-4b60-b6d9-0b7847823955/elements 200 157 ms - 12
[38;5;0m[HTTP][0m 
[38;5;0m[HTTP][0m [37m-->[39m [37mPOST[39m [37m/wd/hub/session/389983ee-0ef9-4b60-b6d9-0b7847823955/elements[39m
[38;5;0m[HTTP][0m {"using":"xpath","value":"//*[@type = 'XCUIElementTypeTextField']"}
[38;5;0m[HTTP][0m <-- POST /wd/hub/session/389983ee-0ef9-4b60-b6d9-0b7847823955/elements 200 149 ms - 12
[38;5;0m[HTTP][0m 
[38;5;0m[HTTP][0m [37m-->[39m [37mPOST[39m [37m/wd/hub/session/389983ee-0ef9-4b60-b6d9-0b7847823955/elements[39m
[38;5;0m[HTTP][0m {"using":"xpath","value":"//*[@type = 'XCUIElementTypeTextField']"}
[38;5;0m[HTTP][0m <-- POST /wd/hub/session/389983ee-0ef9-4b60-b6d9-0b7847823955/elements 200 150 ms - 12
[38;5;0m[HTTP][0m 
[38;5;0m[HTTP][0m [37m-->[39m [37mPOST[39m [37m/wd/hub/session/389983ee-0ef9-4b60-b6d9-0b7847823955/elements[39m
[38;5;0m[HTTP][0m {"using":"xpath","value":"//*[@type = 'XCUIElementTypeTextField']"}
[38;5;0m[HTTP][0m <-- POST /wd/hub/session/389983ee-0ef9-4b60-b6d9-0b7847823955/elements 200 154 ms - 12
[38;5;0m[HTTP][0m 
[38;5;0m[HTTP][0m [37m-->[39m [37mPOST[39m [37m/wd/hub/session/389983ee-0ef9-4b60-b6d9-0b7847823955/elements[39m
[38;5;0m[HTTP][0m {"using":"xpath","value":"//*[@type = 'XCUIElementTypeTextField']"}
[38;5;0m[HTTP][0m <-- POST /wd/hub/session/389983ee-0ef9-4b60-b6d9-0b7847823955/elements 200 151 ms - 12
[38;5;0m[HTTP][0m 
[38;5;0m[HTTP][0m [37m-->[39m [37mPOST[39m [37m/wd/hub/session/389983ee-0ef9-4b60-b6d9-0b7847823955/elements[39m
[38;5;0m[HTTP][0m {"using":"xpath","value":"//*[@type = 'XCUIElementTypeTextField']"}
[38;5;0m[HTTP][0m <-- POST /wd/hub/session/389983ee-0ef9-4b60-b6d9-0b7847823955/elements 200 150 ms - 12
[38;5;0m[HTTP][0m 
[38;5;0m[HTTP][0m [37m-->[39m [37mPOST[39m [37m/wd/hub/session/389983ee-0ef9-4b60-b6d9-0b7847823955/elements[39m
[38;5;0m[HTTP][0m {"using":"xpath","value":"//*[@type = 'XCUIElementTypeTextField']"}
[38;5;0m[HTTP][0m <-- POST /wd/hub/session/389983ee-0ef9-4b60-b6d9-0b7847823955/elements 200 153 ms - 12
[38;5;0m[HTTP][0m 
[38;5;0m[HTTP][0m [37m-->[39m [37mPOST[39m [37m/wd/hub/session/389983ee-0ef9-4b60-b6d9-0b7847823955/elements[39m
[38;5;0m[HTTP][0m {"using":"xpath","value":"//*[@type = 'XCUIElementTypeTextField']"}
[38;5;0m[HTTP][0m <-- POST /wd/hub/session/389983ee-0ef9-4b60-b6d9-0b7847823955/elements 200 158 ms - 12
[38;5;0m[HTTP][0m 
[38;5;0m[HTTP][0m [37m-->[39m [37mPOST[39m [37m/wd/hub/session/389983ee-0ef9-4b60-b6d9-0b7847823955/elements[39m
[38;5;0m[HTTP][0m {"using":"xpath","value":"//*[@type = 'XCUIElementTypeTextField']"}
[38;5;0m[HTTP][0m <-- POST /wd/hub/session/389983ee-0ef9-4b60-b6d9-0b7847823955/elements 200 148 ms - 12
[38;5;0m[HTTP][0m 
[38;5;0m[HTTP][0m [37m-->[39m [37mPOST[39m [37m/wd/hub/session/389983ee-0ef9-4b60-b6d9-0b7847823955/elements[39m
[38;5;0m[HTTP][0m {"using":"xpath","value":"//*[@type = 'XCUIElementTypeTextField']"}
[38;5;0m[HTTP][0m <-- POST /wd/hub/session/389983ee-0ef9-4b60-b6d9-0b7847823955/elements 200 153 ms - 12
[38;5;0m[HTTP][0m 
[38;5;0m[HTTP][0m [37m-->[39m [37mPOST[39m [37m/wd/hub/session/389983ee-0ef9-4b60-b6d9-0b7847823955/elements[39m
[38;5;0m[HTTP][0m {"using":"xpath","value":"//*[@type = 'XCUIElementTypeTextField']"}
[38;5;0m[HTTP][0m <-- POST /wd/hub/session/389983ee-0ef9-4b60-b6d9-0b7847823955/elements 200 152 ms - 12
[38;5;0m[HTTP][0m 
[38;5;0m[HTTP][0m [37m-->[39m [37mPOST[39m [37m/wd/hub/session/389983ee-0ef9-4b60-b6d9-0b7847823955/elements[39m
[38;5;0m[HTTP][0m {"using":"xpath","value":"//*[@type = 'XCUIElementTypeTextField']"}
[38;5;0m[HTTP][0m <-- POST /wd/hub/session/389983ee-0ef9-4b60-b6d9-0b7847823955/elements 200 155 ms - 12
[38;5;0m[HTTP][0m 
[38;5;0m[HTTP][0m [37m-->[39m [37mPOST[39m [37m/wd/hub/session/389983ee-0ef9-4b60-b6d9-0b7847823955/elements[39m
[38;5;0m[HTTP][0m {"using":"xpath","value":"//*[@type = 'XCUIElementTypeTextField']"}
[38;5;0m[HTTP][0m <-- POST /wd/hub/session/389983ee-0ef9-4b60-b6d9-0b7847823955/elements 200 154 ms - 12
[38;5;0m[HTTP][0m 
[38;5;0m[HTTP][0m [37m-->[39m [37mPOST[39m [37m/wd/hub/session/389983ee-0ef9-4b60-b6d9-0b7847823955/elements[39m
[38;5;0m[HTTP][0m {"using":"xpath","value":"//*[@type = 'XCUIElementTypeTextField']"}
[38;5;0m[HTTP][0m <-- POST /wd/hub/session/389983ee-0ef9-4b60-b6d9-0b7847823955/elements 200 153 ms - 12
[38;5;0m[HTTP][0m 
[38;5;0m[HTTP][0m [37m-->[39m [37mPOST[39m [37m/wd/hub/session/389983ee-0ef9-4b60-b6d9-0b7847823955/elements[39m
[38;5;0m[HTTP][0m {"using":"xpath","value":"//*[@type = 'XCUIElementTypeTextField']"}
[38;5;0m[HTTP][0m <-- POST /wd/hub/session/389983ee-0ef9-4b60-b6d9-0b7847823955/elements 200 154 ms - 12
[38;5;0m[HTTP][0m 
[38;5;0m[HTTP][0m [37m-->[39m [37mPOST[39m [37m/wd/hub/session/389983ee-0ef9-4b60-b6d9-0b7847823955/elements[39m
[38;5;0m[HTTP][0m {"using":"xpath","value":"//*[@type = 'XCUIElementTypeTextField']"}
[38;5;0m[HTTP][0m <-- POST /wd/hub/session/389983ee-0ef9-4b60-b6d9-0b7847823955/elements 200 152 ms - 12
[38;5;0m[HTTP][0m 
[38;5;0m[HTTP][0m [37m-->[39m [37mPOST[39m [37m/wd/hub/session/389983ee-0ef9-4b60-b6d9-0b7847823955/elements[39m
[38;5;0m[HTTP][0m {"using":"xpath","value":"//*[@type = 'XCUIElementTypeTextField']"}
[38;5;0m[HTTP][0m <-- POST /wd/hub/session/389983ee-0ef9-4b60-b6d9-0b7847823955/elements 200 153 ms - 12
[38;5;0m[HTTP][0m 
[38;5;0m[HTTP][0m [37m-->[39m [37mPOST[39m [37m/wd/hub/session/389983ee-0ef9-4b60-b6d9-0b7847823955/elements[39m
[38;5;0m[HTTP][0m {"using":"xpath","value":"//*[@type = 'XCUIElementTypeTextField']"}
[38;5;0m[HTTP][0m <-- POST /wd/hub/session/389983ee-0ef9-4b60-b6d9-0b7847823955/elements 200 159 ms - 12
[38;5;0m[HTTP][0m 
[38;5;0m[HTTP][0m [37m-->[39m [37mPOST[39m [37m/wd/hub/session/389983ee-0ef9-4b60-b6d9-0b7847823955/elements[39m
[38;5;0m[HTTP][0m {"using":"xpath","value":"//*[@type = 'XCUIElementTypeTextField']"}
[38;5;0m[HTTP][0m <-- POST /wd/hub/session/389983ee-0ef9-4b60-b6d9-0b7847823955/elements 200 159 ms - 12
[38;5;0m[HTTP][0m 
[38;5;0m[HTTP][0m [37m-->[39m [37mPOST[39m [37m/wd/hub/session/389983ee-0ef9-4b60-b6d9-0b7847823955/elements[39m
[38;5;0m[HTTP][0m {"using":"xpath","value":"//*[@type = 'XCUIElementTypeTextField']"}
[38;5;0m[HTTP][0m <-- POST /wd/hub/session/389983ee-0ef9-4b60-b6d9-0b7847823955/elements 200 154 ms - 12
[38;5;0m[HTTP][0m 
[38;5;0m[HTTP][0m [37m-->[39m [37mPOST[39m [37m/wd/hub/session/389983ee-0ef9-4b60-b6d9-0b7847823955/elements[39m
[38;5;0m[HTTP][0m {"using":"xpath","value":"//*[@type = 'XCUIElementTypeTextField']"}
[38;5;0m[HTTP][0m <-- POST /wd/hub/session/389983ee-0ef9-4b60-b6d9-0b7847823955/elements 200 159 ms - 12
[38;5;0m[HTTP][0m 
[38;5;0m[HTTP][0m [37m-->[39m [37mPOST[39m [37m/wd/hub/session/389983ee-0ef9-4b60-b6d9-0b7847823955/elements[39m
[38;5;0m[HTTP][0m {"using":"xpath","value":"//*[@type = 'XCUIElementTypeTextField']"}
[38;5;0m[HTTP][0m <-- POST /wd/hub/session/389983ee-0ef9-4b60-b6d9-0b7847823955/elements 200 149 ms - 12
[38;5;0m[HTTP][0m 
[38;5;0m[HTTP][0m [37m-->[39m [37mPOST[39m [37m/wd/hub/session/389983ee-0ef9-4b60-b6d9-0b7847823955/elements[39m
[38;5;0m[HTTP][0m {"using":"xpath","value":"//*[@type = 'XCUIElementTypeTextField']"}
[38;5;0m[HTTP][0m <-- POST /wd/hub/session/389983ee-0ef9-4b60-b6d9-0b7847823955/elements 200 156 ms - 12
[38;5;0m[HTTP][0m 
[38;5;0m[HTTP][0m [37m-->[39m [37mPOST[39m [37m/wd/hub/session/389983ee-0ef9-4b60-b6d9-0b7847823955/elements[39m
[38;5;0m[HTTP][0m {"using":"xpath","value":"//*[@type = 'XCUIElementTypeTextField']"}
[38;5;0m[HTTP][0m <-- POST /wd/hub/session/389983ee-0ef9-4b60-b6d9-0b7847823955/elements 200 150 ms - 12
[38;5;0m[HTTP][0m 
[38;5;0m[HTTP][0m [37m-->[39m [37mPOST[39m [37m/wd/hub/session/389983ee-0ef9-4b60-b6d9-0b7847823955/elements[39m
[38;5;0m[HTTP][0m {"using":"xpath","value":"//*[@type = 'XCUIElementTypeTextField']"}
[38;5;0m[HTTP][0m <-- POST /wd/hub/session/389983ee-0ef9-4b60-b6d9-0b7847823955/elements 200 158 ms - 12
[38;5;0m[HTTP][0m 
[38;5;0m[HTTP][0m [37m-->[39m [37mPOST[39m [37m/wd/hub/session/389983ee-0ef9-4b60-b6d9-0b7847823955/elements[39m
[38;5;0m[HTTP][0m {"using":"xpath","value":"//*[@type = 'XCUIElementTypeTextField']"}
[38;5;0m[HTTP][0m <-- POST /wd/hub/session/389983ee-0ef9-4b60-b6d9-0b7847823955/elements 200 146 ms - 12
[38;5;0m[HTTP][0m 
[38;5;0m[HTTP][0m [37m-->[39m [37mPOST[39m [37m/wd/hub/session/389983ee-0ef9-4b60-b6d9-0b7847823955/elements[39m
[38;5;0m[HTTP][0m {"using":"xpath","value":"//*[@type = 'XCUIElementTypeTextField']"}
[38;5;0m[HTTP][0m <-- POST /wd/hub/session/389983ee-0ef9-4b60-b6d9-0b7847823955/elements 200 156 ms - 12
[38;5;0m[HTTP][0m 
[38;5;0m[HTTP][0m [37m-->[39m [37mPOST[39m [37m/wd/hub/session/389983ee-0ef9-4b60-b6d9-0b7847823955/elements[39m
[38;5;0m[HTTP][0m {"using":"xpath","value":"//*[@type = 'XCUIElementTypeTextField']"}
[38;5;0m[HTTP][0m <-- POST /wd/hub/session/389983ee-0ef9-4b60-b6d9-0b7847823955/elements 200 156 ms - 12
[38;5;0m[HTTP][0m 
[38;5;0m[HTTP][0m [37m-->[39m [37mPOST[39m [37m/wd/hub/session/389983ee-0ef9-4b60-b6d9-0b7847823955/elements[39m
[38;5;0m[HTTP][0m {"using":"xpath","value":"//*[@type = 'XCUIElementTypeTextField']"}
[38;5;0m[HTTP][0m <-- POST /wd/hub/session/389983ee-0ef9-4b60-b6d9-0b7847823955/elements 200 154 ms - 12
[38;5;0m[HTTP][0m 
[38;5;0m[HTTP][0m [37m-->[39m [37mPOST[39m [37m/wd/hub/session/389983ee-0ef9-4b60-b6d9-0b7847823955/elements[39m
[38;5;0m[HTTP][0m {"using":"xpath","value":"//*[@type = 'XCUIElementTypeTextField']"}
[38;5;0m[HTTP][0m <-- POST /wd/hub/session/389983ee-0ef9-4b60-b6d9-0b7847823955/elements 200 156 ms - 12
[38;5;0m[HTTP][0m 
[38;5;0m[HTTP][0m [37m-->[39m [37mPOST[39m [37m/wd/hub/session/389983ee-0ef9-4b60-b6d9-0b7847823955/elements[39m
[38;5;0m[HTTP][0m {"using":"xpath","value":"//*[@type = 'XCUIElementTypeTextField']"}
[38;5;0m[HTTP][0m <-- POST /wd/hub/session/389983ee-0ef9-4b60-b6d9-0b7847823955/elements 200 153 ms - 12
[38;5;0m[HTTP][0m 
[38;5;0m[HTTP][0m [37m-->[39m [37mPOST[39m [37m/wd/hub/session/389983ee-0ef9-4b60-b6d9-0b7847823955/elements[39m
[38;5;0m[HTTP][0m {"using":"xpath","value":"//*[@type = 'XCUIElementTypeTextField']"}
[38;5;0m[HTTP][0m <-- POST /wd/hub/session/389983ee-0ef9-4b60-b6d9-0b7847823955/elements 200 154 ms - 12
[38;5;0m[HTTP][0m 
[38;5;0m[HTTP][0m [37m-->[39m [37mPOST[39m [37m/wd/hub/session/389983ee-0ef9-4b60-b6d9-0b7847823955/elements[39m
[38;5;0m[HTTP][0m {"using":"xpath","value":"//*[@type = 'XCUIElementTypeTextField']"}
[38;5;0m[HTTP][0m <-- POST /wd/hub/session/389983ee-0ef9-4b60-b6d9-0b7847823955/elements 200 156 ms - 12
[38;5;0m[HTTP][0m 
[38;5;0m[HTTP][0m [37m-->[39m [37mPOST[39m [37m/wd/hub/session/389983ee-0ef9-4b60-b6d9-0b7847823955/elements[39m
[38;5;0m[HTTP][0m {"using":"xpath","value":"//*[@type = 'XCUIElementTypeTextField']"}
[38;5;0m[HTTP][0m <-- POST /wd/hub/session/389983ee-0ef9-4b60-b6d9-0b7847823955/elements 200 155 ms - 12
[38;5;0m[HTTP][0m 
[38;5;0m[HTTP][0m [37m-->[39m [37mPOST[39m [37m/wd/hub/session/389983ee-0ef9-4b60-b6d9-0b7847823955/elements[39m
[38;5;0m[HTTP][0m {"using":"xpath","value":"//*[@type = 'XCUIElementTypeTextField']"}
[38;5;0m[HTTP][0m <-- POST /wd/hub/session/389983ee-0ef9-4b60-b6d9-0b7847823955/elements 200 154 ms - 12
[38;5;0m[HTTP][0m 
[38;5;0m[HTTP][0m [37m-->[39m [37mPOST[39m [37m/wd/hub/session/389983ee-0ef9-4b60-b6d9-0b7847823955/elements[39m
[38;5;0m[HTTP][0m {"using":"xpath","value":"//*[@type = 'XCUIElementTypeTextField']"}
[38;5;0m[HTTP][0m <-- POST /wd/hub/session/389983ee-0ef9-4b60-b6d9-0b7847823955/elements 200 144 ms - 12
[38;5;0m[HTTP][0m 
[38;5;0m[HTTP][0m [37m-->[39m [37mPOST[39m [37m/wd/hub/session/389983ee-0ef9-4b60-b6d9-0b7847823955/elements[39m
[38;5;0m[HTTP][0m {"using":"xpath","value":"//*[@type = 'XCUIElementTypeTextField']"}
[38;5;0m[HTTP][0m <-- POST /wd/hub/session/389983ee-0ef9-4b60-b6d9-0b7847823955/elements 200 157 ms - 12
[38;5;0m[HTTP][0m 
[38;5;0m[HTTP][0m [37m-->[39m [37mPOST[39m [37m/wd/hub/session/389983ee-0ef9-4b60-b6d9-0b7847823955/elements[39m
[38;5;0m[HTTP][0m {"using":"xpath","value":"//*[@type = 'XCUIElementTypeTextField']"}
[38;5;0m[HTTP][0m <-- POST /wd/hub/session/389983ee-0ef9-4b60-b6d9-0b7847823955/elements 200 158 ms - 12
[38;5;0m[HTTP][0m 
[38;5;0m[HTTP][0m [37m-->[39m [37mPOST[39m [37m/wd/hub/session/389983ee-0ef9-4b60-b6d9-0b7847823955/elements[39m
[38;5;0m[HTTP][0m {"using":"xpath","value":"//*[@type = 'XCUIElementTypeTextField']"}
[38;5;0m[HTTP][0m <-- POST /wd/hub/session/389983ee-0ef9-4b60-b6d9-0b7847823955/elements 200 153 ms - 12
[38;5;0m[HTTP][0m 
[38;5;0m[HTTP][0m [37m-->[39m [37mPOST[39m [37m/wd/hub/session/389983ee-0ef9-4b60-b6d9-0b7847823955/elements[39m
[38;5;0m[HTTP][0m {"using":"xpath","value":"//*[@type = 'XCUIElementTypeTextField']"}
[38;5;0m[HTTP][0m <-- POST /wd/hub/session/389983ee-0ef9-4b60-b6d9-0b7847823955/elements 200 159 ms - 12
[38;5;0m[HTTP][0m 
[38;5;0m[HTTP][0m [37m-->[39m [37mPOST[39m [37m/wd/hub/session/389983ee-0ef9-4b60-b6d9-0b7847823955/elements[39m
[38;5;0m[HTTP][0m {"using":"xpath","value":"//*[@type = 'XCUIElementTypeTextField']"}
[38;5;0m[HTTP][0m <-- POST /wd/hub/session/389983ee-0ef9-4b60-b6d9-0b7847823955/elements 200 159 ms - 12
[38;5;0m[HTTP][0m 
[38;5;0m[HTTP][0m [37m-->[39m [37mPOST[39m [37m/wd/hub/session/389983ee-0ef9-4b60-b6d9-0b7847823955/elements[39m
[38;5;0m[HTTP][0m {"using":"xpath","value":"//*[@type = 'XCUIElementTypeTextField']"}
[38;5;0m[HTTP][0m <-- POST /wd/hub/session/389983ee-0ef9-4b60-b6d9-0b7847823955/elements 200 153 ms - 12
[38;5;0m[HTTP][0m 
[38;5;0m[HTTP][0m [37m-->[39m [37mPOST[39m [37m/wd/hub/session/389983ee-0ef9-4b60-b6d9-0b7847823955/elements[39m
[38;5;0m[HTTP][0m {"using":"xpath","value":"//*[@type = 'XCUIElementTypeTextField']"}
[38;5;0m[HTTP][0m <-- POST /wd/hub/session/389983ee-0ef9-4b60-b6d9-0b7847823955/elements 200 148 ms - 12
[38;5;0m[HTTP][0m 
[38;5;0m[HTTP][0m [37m-->[39m [37mPOST[39m [37m/wd/hub/session/389983ee-0ef9-4b60-b6d9-0b7847823955/elements[39m
[38;5;0m[HTTP][0m {"using":"xpath","value":"//*[@type = 'XCUIElementTypeTextField']"}
[38;5;0m[HTTP][0m <-- POST /wd/hub/session/389983ee-0ef9-4b60-b6d9-0b7847823955/elements 200 152 ms - 12
[38;5;0m[HTTP][0m 
[38;5;0m[HTTP][0m [37m-->[39m [37mPOST[39m [37m/wd/hub/session/389983ee-0ef9-4b60-b6d9-0b7847823955/elements[39m
[38;5;0m[HTTP][0m {"using":"xpath","value":"//*[@type = 'XCUIElementTypeTextField']"}
[38;5;0m[HTTP][0m <-- POST /wd/hub/session/389983ee-0ef9-4b60-b6d9-0b7847823955/elements 200 156 ms - 12
[38;5;0m[HTTP][0m 
[38;5;0m[HTTP][0m [37m-->[39m [37mPOST[39m [37m/wd/hub/session/389983ee-0ef9-4b60-b6d9-0b7847823955/elements[39m
[38;5;0m[HTTP][0m {"using":"xpath","value":"//*[@type = 'XCUIElementTypeTextField']"}
[38;5;0m[HTTP][0m <-- POST /wd/hub/session/389983ee-0ef9-4b60-b6d9-0b7847823955/elements 200 150 ms - 12
[38;5;0m[HTTP][0m 
[38;5;0m[HTTP][0m [37m-->[39m [37mPOST[39m [37m/wd/hub/session/389983ee-0ef9-4b60-b6d9-0b7847823955/elements[39m
[38;5;0m[HTTP][0m {"using":"xpath","value":"//*[@type = 'XCUIElementTypeTextField']"}
[38;5;0m[HTTP][0m <-- POST /wd/hub/session/389983ee-0ef9-4b60-b6d9-0b7847823955/elements 200 152 ms - 12
[38;5;0m[HTTP][0m 
[38;5;0m[HTTP][0m [37m-->[39m [37mPOST[39m [37m/wd/hub/session/389983ee-0ef9-4b60-b6d9-0b7847823955/elements[39m
[38;5;0m[HTTP][0m {"using":"xpath","value":"//*[@type = 'XCUIElementTypeTextField']"}
[38;5;0m[HTTP][0m <-- POST /wd/hub/session/389983ee-0ef9-4b60-b6d9-0b7847823955/elements 200 153 ms - 12
[38;5;0m[HTTP][0m 
[38;5;0m[HTTP][0m [37m-->[39m [37mPOST[39m [37m/wd/hub/session/389983ee-0ef9-4b60-b6d9-0b7847823955/elements[39m
[38;5;0m[HTTP][0m {"using":"xpath","value":"//*[@type = 'XCUIElementTypeTextField']"}
[38;5;0m[HTTP][0m <-- POST /wd/hub/session/389983ee-0ef9-4b60-b6d9-0b7847823955/elements 200 155 ms - 12
[38;5;0m[HTTP][0m 
[38;5;0m[HTTP][0m [37m-->[39m [37mPOST[39m [37m/wd/hub/session/389983ee-0ef9-4b60-b6d9-0b7847823955/elements[39m
[38;5;0m[HTTP][0m {"using":"xpath","value":"//*[@type = 'XCUIElementTypeTextField']"}
[38;5;0m[HTTP][0m <-- POST /wd/hub/session/389983ee-0ef9-4b60-b6d9-0b7847823955/elements 200 153 ms - 12
[38;5;0m[HTTP][0m 
[38;5;0m[HTTP][0m [37m-->[39m [37mPOST[39m [37m/wd/hub/session/389983ee-0ef9-4b60-b6d9-0b7847823955/elements[39m
[38;5;0m[HTTP][0m {"using":"xpath","value":"//*[@type = 'XCUIElementTypeTextField']"}
[38;5;0m[HTTP][0m <-- POST /wd/hub/session/389983ee-0ef9-4b60-b6d9-0b7847823955/elements 200 156 ms - 12
[38;5;0m[HTTP][0m 
[38;5;0m[HTTP][0m [37m-->[39m [37mPOST[39m [37m/wd/hub/session/389983ee-0ef9-4b60-b6d9-0b7847823955/elements[39m
[38;5;0m[HTTP][0m {"using":"xpath","value":"//*[@type = 'XCUIElementTypeTextField']"}
[38;5;0m[HTTP][0m <-- POST /wd/hub/session/389983ee-0ef9-4b60-b6d9-0b7847823955/elements 200 152 ms - 12
[38;5;0m[HTTP][0m 
[38;5;0m[HTTP][0m [37m-->[39m [37mPOST[39m [37m/wd/hub/session/389983ee-0ef9-4b60-b6d9-0b7847823955/elements[39m
[38;5;0m[HTTP][0m {"using":"xpath","value":"//*[@type = 'XCUIElementTypeTextField']"}
[38;5;0m[HTTP][0m <-- POST /wd/hub/session/389983ee-0ef9-4b60-b6d9-0b7847823955/elements 200 153 ms - 12
[38;5;0m[HTTP][0m 
[38;5;0m[HTTP][0m [37m-->[39m [37mPOST[39m [37m/wd/hub/session/389983ee-0ef9-4b60-b6d9-0b7847823955/elements[39m
[38;5;0m[HTTP][0m {"using":"xpath","value":"//*[@type = 'XCUIElementTypeTextField']"}
[38;5;0m[HTTP][0m <-- POST /wd/hub/session/389983ee-0ef9-4b60-b6d9-0b7847823955/elements 200 151 ms - 12
[38;5;0m[HTTP][0m 
[38;5;0m[HTTP][0m [37m-->[39m [37mPOST[39m [37m/wd/hub/session/389983ee-0ef9-4b60-b6d9-0b7847823955/elements[39m
[38;5;0m[HTTP][0m {"using":"xpath","value":"//*[@type = 'XCUIElementTypeTextField']"}
[38;5;0m[HTTP][0m <-- POST /wd/hub/session/389983ee-0ef9-4b60-b6d9-0b7847823955/elements 200 155 ms - 12
[38;5;0m[HTTP][0m 
[38;5;0m[HTTP][0m [37m-->[39m [37mPOST[39m [37m/wd/hub/session/389983ee-0ef9-4b60-b6d9-0b7847823955/elements[39m
[38;5;0m[HTTP][0m {"using":"xpath","value":"//*[@type = 'XCUIElementTypeTextField']"}
[38;5;0m[HTTP][0m <-- POST /wd/hub/session/389983ee-0ef9-4b60-b6d9-0b7847823955/elements 200 152 ms - 12
[38;5;0m[HTTP][0m 
[38;5;0m[HTTP][0m [37m-->[39m [37mPOST[39m [37m/wd/hub/session/389983ee-0ef9-4b60-b6d9-0b7847823955/elements[39m
[38;5;0m[HTTP][0m {"using":"xpath","value":"//*[@type = 'XCUIElementTypeTextField']"}
[38;5;0m[HTTP][0m <-- POST /wd/hub/session/389983ee-0ef9-4b60-b6d9-0b7847823955/elements 200 158 ms - 12
[38;5;0m[HTTP][0m 
[38;5;0m[HTTP][0m [37m-->[39m [37mPOST[39m [37m/wd/hub/session/389983ee-0ef9-4b60-b6d9-0b7847823955/elements[39m
[38;5;0m[HTTP][0m {"using":"xpath","value":"//*[@type = 'XCUIElementTypeTextField']"}
[38;5;0m[HTTP][0m <-- POST /wd/hub/session/389983ee-0ef9-4b60-b6d9-0b7847823955/elements 200 154 ms - 12
[38;5;0m[HTTP][0m 
[38;5;0m[HTTP][0m [37m-->[39m [37mPOST[39m [37m/wd/hub/session/389983ee-0ef9-4b60-b6d9-0b7847823955/elements[39m
[38;5;0m[HTTP][0m {"using":"xpath","value":"//*[@type = 'XCUIElementTypeTextField']"}
[38;5;0m[HTTP][0m <-- POST /wd/hub/session/389983ee-0ef9-4b60-b6d9-0b7847823955/elements 200 160 ms - 12
[38;5;0m[HTTP][0m 
[38;5;0m[HTTP][0m [37m-->[39m [37mPOST[39m [37m/wd/hub/session/389983ee-0ef9-4b60-b6d9-0b7847823955/elements[39m
[38;5;0m[HTTP][0m {"using":"xpath","value":"//*[@type = 'XCUIElementTypeTextField']"}
[38;5;0m[HTTP][0m <-- POST /wd/hub/session/389983ee-0ef9-4b60-b6d9-0b7847823955/elements 200 157 ms - 12
[38;5;0m[HTTP][0m 
[38;5;0m[HTTP][0m [37m-->[39m [37mPOST[39m [37m/wd/hub/session/389983ee-0ef9-4b60-b6d9-0b7847823955/elements[39m
[38;5;0m[HTTP][0m {"using":"xpath","value":"//*[@type = 'XCUIElementTypeTextField']"}
[38;5;0m[HTTP][0m <-- POST /wd/hub/session/389983ee-0ef9-4b60-b6d9-0b7847823955/elements 200 155 ms - 12
[38;5;0m[HTTP][0m 
[38;5;0m[HTTP][0m [37m-->[39m [37mPOST[39m [37m/wd/hub/session/389983ee-0ef9-4b60-b6d9-0b7847823955/elements[39m
[38;5;0m[HTTP][0m {"using":"xpath","value":"//*[@type = 'XCUIElementTypeTextField']"}
[38;5;0m[HTTP][0m <-- POST /wd/hub/session/389983ee-0ef9-4b60-b6d9-0b7847823955/elements 200 151 ms - 12
[38;5;0m[HTTP][0m 
[38;5;0m[HTTP][0m [37m-->[39m [37mPOST[39m [37m/wd/hub/session/389983ee-0ef9-4b60-b6d9-0b7847823955/elements[39m
[38;5;0m[HTTP][0m {"using":"xpath","value":"//*[@type = 'XCUIElementTypeTextField']"}
[38;5;0m[HTTP][0m <-- POST /wd/hub/session/389983ee-0ef9-4b60-b6d9-0b7847823955/elements 200 154 ms - 12
[38;5;0m[HTTP][0m 
[38;5;0m[HTTP][0m [37m-->[39m [37mPOST[39m [37m/wd/hub/session/389983ee-0ef9-4b60-b6d9-0b7847823955/elements[39m
[38;5;0m[HTTP][0m {"using":"xpath","value":"//*[@type = 'XCUIElementTypeTextField']"}
[38;5;0m[HTTP][0m <-- POST /wd/hub/session/389983ee-0ef9-4b60-b6d9-0b7847823955/elements 200 153 ms - 12
[38;5;0m[HTTP][0m 
[38;5;0m[HTTP][0m [37m-->[39m [37mPOST[39m [37m/wd/hub/session/389983ee-0ef9-4b60-b6d9-0b7847823955/elements[39m
[38;5;0m[HTTP][0m {"using":"xpath","value":"//*[@type = 'XCUIElementTypeTextField']"}
[38;5;0m[HTTP][0m <-- POST /wd/hub/session/389983ee-0ef9-4b60-b6d9-0b7847823955/elements 200 153 ms - 12
[38;5;0m[HTTP][0m 
[38;5;0m[HTTP][0m [37m-->[39m [37mPOST[39m [37m/wd/hub/session/389983ee-0ef9-4b60-b6d9-0b7847823955/elements[39m
[38;5;0m[HTTP][0m {"using":"xpath","value":"//*[@type = 'XCUIElementTypeTextField']"}
[38;5;0m[HTTP][0m <-- POST /wd/hub/session/389983ee-0ef9-4b60-b6d9-0b7847823955/elements 200 151 ms - 12
[38;5;0m[HTTP][0m 
[38;5;0m[HTTP][0m [37m-->[39m [37mPOST[39m [37m/wd/hub/session/389983ee-0ef9-4b60-b6d9-0b7847823955/elements[39m
[38;5;0m[HTTP][0m {"using":"xpath","value":"//*[@type = 'XCUIElementTypeTextField']"}
[38;5;0m[HTTP][0m <-- POST /wd/hub/session/389983ee-0ef9-4b60-b6d9-0b7847823955/elements 200 155 ms - 12
[38;5;0m[HTTP][0m 
[38;5;0m[HTTP][0m [37m-->[39m [37mPOST[39m [37m/wd/hub/session/389983ee-0ef9-4b60-b6d9-0b7847823955/elements[39m
[38;5;0m[HTTP][0m {"using":"xpath","value":"//*[@type = 'XCUIElementTypeTextField']"}
[38;5;0m[HTTP][0m <-- POST /wd/hub/session/389983ee-0ef9-4b60-b6d9-0b7847823955/elements 200 151 ms - 12
[38;5;0m[HTTP][0m 
[38;5;0m[HTTP][0m [37m-->[39m [37mPOST[39m [37m/wd/hub/session/389983ee-0ef9-4b60-b6d9-0b7847823955/elements[39m
[38;5;0m[HTTP][0m {"using":"xpath","value":"//*[@type = 'XCUIElementTypeTextField']"}
[38;5;0m[HTTP][0m <-- POST /wd/hub/session/389983ee-0ef9-4b60-b6d9-0b7847823955/elements 200 158 ms - 12
[38;5;0m[HTTP][0m 
[38;5;0m[HTTP][0m [37m-->[39m [37mPOST[39m [37m/wd/hub/session/389983ee-0ef9-4b60-b6d9-0b7847823955/elements[39m
[38;5;0m[HTTP][0m {"using":"xpath","value":"//*[@type = 'XCUIElementTypeTextField']"}
[38;5;0m[HTTP][0m <-- POST /wd/hub/session/389983ee-0ef9-4b60-b6d9-0b7847823955/elements 200 153 ms - 12
[38;5;0m[HTTP][0m 
[38;5;0m[HTTP][0m [37m-->[39m [37mPOST[39m [37m/wd/hub/session/389983ee-0ef9-4b60-b6d9-0b7847823955/elements[39m
[38;5;0m[HTTP][0m {"using":"xpath","value":"//*[@type = 'XCUIElementTypeTextField']"}
[38;5;0m[HTTP][0m <-- POST /wd/hub/session/389983ee-0ef9-4b60-b6d9-0b7847823955/elements 200 154 ms - 12
[38;5;0m[HTTP][0m 
[38;5;0m[HTTP][0m [37m-->[39m [37mPOST[39m [37m/wd/hub/session/389983ee-0ef9-4b60-b6d9-0b7847823955/elements[39m
[38;5;0m[HTTP][0m {"using":"xpath","value":"//*[@type = 'XCUIElementTypeTextField']"}
[38;5;0m[HTTP][0m <-- POST /wd/hub/session/389983ee-0ef9-4b60-b6d9-0b7847823955/elements 200 150 ms - 12
[38;5;0m[HTTP][0m 
[38;5;0m[HTTP][0m [37m-->[39m [37mPOST[39m [37m/wd/hub/session/389983ee-0ef9-4b60-b6d9-0b7847823955/elements[39m
[38;5;0m[HTTP][0m {"using":"xpath","value":"//*[@type = 'XCUIElementTypeTextField']"}
[38;5;0m[HTTP][0m <-- POST /wd/hub/session/389983ee-0ef9-4b60-b6d9-0b7847823955/elements 200 154 ms - 12
[38;5;0m[HTTP][0m 
[38;5;0m[HTTP][0m [37m-->[39m [37mPOST[39m [37m/wd/hub/session/389983ee-0ef9-4b60-b6d9-0b7847823955/elements[39m
[38;5;0m[HTTP][0m {"using":"xpath","value":"//*[@type = 'XCUIElementTypeTextField']"}
[38;5;0m[HTTP][0m <-- POST /wd/hub/session/389983ee-0ef9-4b60-b6d9-0b7847823955/elements 200 151 ms - 12
[38;5;0m[HTTP][0m 
[38;5;0m[HTTP][0m [37m-->[39m [37mPOST[39m [37m/wd/hub/session/389983ee-0ef9-4b60-b6d9-0b7847823955/elements[39m
[38;5;0m[HTTP][0m {"using":"xpath","value":"//*[@type = 'XCUIElementTypeTextField']"}
[38;5;0m[HTTP][0m <-- POST /wd/hub/session/389983ee-0ef9-4b60-b6d9-0b7847823955/elements 200 153 ms - 12
[38;5;0m[HTTP][0m 
[38;5;0m[HTTP][0m [37m-->[39m [37mPOST[39m [37m/wd/hub/session/389983ee-0ef9-4b60-b6d9-0b7847823955/elements[39m
[38;5;0m[HTTP][0m {"using":"xpath","value":"//*[@type = 'XCUIElementTypeTextField']"}
[38;5;0m[HTTP][0m <-- POST /wd/hub/session/389983ee-0ef9-4b60-b6d9-0b7847823955/elements 200 157 ms - 12
[38;5;0m[HTTP][0m 
[38;5;0m[HTTP][0m [37m-->[39m [37mPOST[39m [37m/wd/hub/session/389983ee-0ef9-4b60-b6d9-0b7847823955/elements[39m
[38;5;0m[HTTP][0m {"using":"xpath","value":"//*[@type = 'XCUIElementTypeTextField']"}
[38;5;0m[HTTP][0m <-- POST /wd/hub/session/389983ee-0ef9-4b60-b6d9-0b7847823955/elements 200 155 ms - 12
[38;5;0m[HTTP][0m 
[38;5;0m[HTTP][0m [37m-->[39m [37mPOST[39m [37m/wd/hub/session/389983ee-0ef9-4b60-b6d9-0b7847823955/elements[39m
[38;5;0m[HTTP][0m {"using":"xpath","value":"//*[@type = 'XCUIElementTypeTextField']"}
[38;5;0m[HTTP][0m <-- POST /wd/hub/session/389983ee-0ef9-4b60-b6d9-0b7847823955/elements 200 153 ms - 12
[38;5;0m[HTTP][0m 
[38;5;0m[HTTP][0m [37m-->[39m [37mPOST[39m [37m/wd/hub/session/389983ee-0ef9-4b60-b6d9-0b7847823955/elements[39m
[38;5;0m[HTTP][0m {"using":"xpath","value":"//*[@type = 'XCUIElementTypeTextField']"}
[38;5;0m[HTTP][0m <-- POST /wd/hub/session/389983ee-0ef9-4b60-b6d9-0b7847823955/elements 200 156 ms - 12
[38;5;0m[HTTP][0m 
[38;5;0m[HTTP][0m [37m-->[39m [37mPOST[39m [37m/wd/hub/session/389983ee-0ef9-4b60-b6d9-0b7847823955/elements[39m
[38;5;0m[HTTP][0m {"using":"xpath","value":"//*[@type = 'XCUIElementTypeTextField']"}
[38;5;0m[HTTP][0m <-- POST /wd/hub/session/389983ee-0ef9-4b60-b6d9-0b7847823955/elements 200 156 ms - 12
[38;5;0m[HTTP][0m 
[38;5;0m[HTTP][0m [37m-->[39m [37mPOST[39m [37m/wd/hub/session/389983ee-0ef9-4b60-b6d9-0b7847823955/elements[39m
[38;5;0m[HTTP][0m {"using":"xpath","value":"//*[@type = 'XCUIElementTypeTextField']"}
[38;5;0m[HTTP][0m <-- POST /wd/hub/session/389983ee-0ef9-4b60-b6d9-0b7847823955/elements 200 158 ms - 12
[38;5;0m[HTTP][0m 
[38;5;0m[HTTP][0m [37m-->[39m [37mPOST[39m [37m/wd/hub/session/389983ee-0ef9-4b60-b6d9-0b7847823955/elements[39m
[38;5;0m[HTTP][0m {"using":"xpath","value":"//*[@type = 'XCUIElementTypeTextField']"}
[38;5;0m[HTTP][0m <-- POST /wd/hub/session/389983ee-0ef9-4b60-b6d9-0b7847823955/elements 200 157 ms - 12
[38;5;0m[HTTP][0m 
[38;5;0m[HTTP][0m [37m-->[39m [37mPOST[39m [37m/wd/hub/session/389983ee-0ef9-4b60-b6d9-0b7847823955/elements[39m
[38;5;0m[HTTP][0m {"using":"xpath","value":"//*[@type = 'XCUIElementTypeTextField']"}
[38;5;0m[HTTP][0m <-- POST /wd/hub/session/389983ee-0ef9-4b60-b6d9-0b7847823955/elements 200 150 ms - 12
[38;5;0m[HTTP][0m 
[38;5;0m[HTTP][0m [37m-->[39m [37mPOST[39m [37m/wd/hub/session/389983ee-0ef9-4b60-b6d9-0b7847823955/elements[39m
[38;5;0m[HTTP][0m {"using":"xpath","value":"//*[@type = 'XCUIElementTypeTextField']"}
[38;5;0m[HTTP][0m <-- POST /wd/hub/session/389983ee-0ef9-4b60-b6d9-0b7847823955/elements 200 155 ms - 12
[38;5;0m[HTTP][0m 
[38;5;0m[HTTP][0m [37m-->[39m [37mPOST[39m [37m/wd/hub/session/389983ee-0ef9-4b60-b6d9-0b7847823955/elements[39m
[38;5;0m[HTTP][0m {"using":"xpath","value":"//*[@type = 'XCUIElementTypeTextField']"}
[38;5;0m[HTTP][0m <-- POST /wd/hub/session/389983ee-0ef9-4b60-b6d9-0b7847823955/elements 200 158 ms - 12
[38;5;0m[HTTP][0m 
[38;5;0m[HTTP][0m [37m-->[39m [37mPOST[39m [37m/wd/hub/session/389983ee-0ef9-4b60-b6d9-0b7847823955/elements[39m
[38;5;0m[HTTP][0m {"using":"xpath","value":"//*[@type = 'XCUIElementTypeTextField']"}
[38;5;0m[HTTP][0m <-- POST /wd/hub/session/389983ee-0ef9-4b60-b6d9-0b7847823955/elements 200 151 ms - 12
[38;5;0m[HTTP][0m 
[38;5;0m[HTTP][0m [37m-->[39m [37mPOST[39m [37m/wd/hub/session/389983ee-0ef9-4b60-b6d9-0b7847823955/elements[39m
[38;5;0m[HTTP][0m {"using":"xpath","value":"//*[@type = 'XCUIElementTypeTextField']"}
[38;5;0m[HTTP][0m <-- POST /wd/hub/session/389983ee-0ef9-4b60-b6d9-0b7847823955/elements 200 157 ms - 12
[38;5;0m[HTTP][0m 
[38;5;0m[HTTP][0m [37m-->[39m [37mPOST[39m [37m/wd/hub/session/389983ee-0ef9-4b60-b6d9-0b7847823955/elements[39m
[38;5;0m[HTTP][0m {"using":"xpath","value":"//*[@type = 'XCUIElementTypeTextField']"}
[38;5;0m[HTTP][0m <-- POST /wd/hub/session/389983ee-0ef9-4b60-b6d9-0b7847823955/elements 200 159 ms - 12
[38;5;0m[HTTP][0m 
[38;5;0m[HTTP][0m [37m-->[39m [37mPOST[39m [37m/wd/hub/session/389983ee-0ef9-4b60-b6d9-0b7847823955/elements[39m
[38;5;0m[HTTP][0m {"using":"xpath","value":"//*[@type = 'XCUIElementTypeTextField']"}
[38;5;0m[HTTP][0m <-- POST /wd/hub/session/389983ee-0ef9-4b60-b6d9-0b7847823955/elements 200 157 ms - 12
[38;5;0m[HTTP][0m 
[38;5;0m[HTTP][0m [37m-->[39m [37mPOST[39m [37m/wd/hub/session/389983ee-0ef9-4b60-b6d9-0b7847823955/elements[39m
[38;5;0m[HTTP][0m {"using":"xpath","value":"//*[@type = 'XCUIElementTypeTextField']"}
[38;5;0m[HTTP][0m <-- POST /wd/hub/session/389983ee-0ef9-4b60-b6d9-0b7847823955/elements 200 155 ms - 12
[38;5;0m[HTTP][0m 
[38;5;0m[HTTP][0m [37m-->[39m [37mPOST[39m [37m/wd/hub/session/389983ee-0ef9-4b60-b6d9-0b7847823955/elements[39m
[38;5;0m[HTTP][0m {"using":"xpath","value":"//*[@type = 'XCUIElementTypeTextField']"}
[38;5;0m[HTTP][0m <-- POST /wd/hub/session/389983ee-0ef9-4b60-b6d9-0b7847823955/elements 200 158 ms - 12
[38;5;0m[HTTP][0m 
[38;5;0m[HTTP][0m [37m-->[39m [37mPOST[39m [37m/wd/hub/session/389983ee-0ef9-4b60-b6d9-0b7847823955/elements[39m
[38;5;0m[HTTP][0m {"using":"xpath","value":"//*[@type = 'XCUIElementTypeTextField']"}
[38;5;0m[HTTP][0m <-- POST /wd/hub/session/389983ee-0ef9-4b60-b6d9-0b7847823955/elements 200 145 ms - 12
[38;5;0m[HTTP][0m 
[38;5;0m[HTTP][0m [37m-->[39m [37mPOST[39m [37m/wd/hub/session/389983ee-0ef9-4b60-b6d9-0b7847823955/elements[39m
[38;5;0m[HTTP][0m {"using":"xpath","value":"//*[@type = 'XCUIElementTypeTextField']"}
[38;5;0m[HTTP][0m <-- POST /wd/hub/session/389983ee-0ef9-4b60-b6d9-0b7847823955/elements 200 155 ms - 12
[38;5;0m[HTTP][0m 
[38;5;0m[HTTP][0m [37m-->[39m [37mPOST[39m [37m/wd/hub/session/389983ee-0ef9-4b60-b6d9-0b7847823955/elements[39m
[38;5;0m[HTTP][0m {"using":"xpath","value":"//*[@type = 'XCUIElementTypeTextField']"}
[38;5;0m[HTTP][0m <-- POST /wd/hub/session/389983ee-0ef9-4b60-b6d9-0b7847823955/elements 200 150 ms - 12
[38;5;0m[HTTP][0m 
[38;5;0m[HTTP][0m [37m-->[39m [37mPOST[39m [37m/wd/hub/session/389983ee-0ef9-4b60-b6d9-0b7847823955/elements[39m
[38;5;0m[HTTP][0m {"using":"xpath","value":"//*[@type = 'XCUIElementTypeTextField']"}
[38;5;0m[HTTP][0m <-- POST /wd/hub/session/389983ee-0ef9-4b60-b6d9-0b7847823955/elements 200 156 ms - 12
[38;5;0m[HTTP][0m 
[38;5;0m[HTTP][0m [37m-->[39m [37mPOST[39m [37m/wd/hub/session/389983ee-0ef9-4b60-b6d9-0b7847823955/elements[39m
[38;5;0m[HTTP][0m {"using":"xpath","value":"//*[@type = 'XCUIElementTypeTextField']"}
[38;5;0m[HTTP][0m <-- POST /wd/hub/session/389983ee-0ef9-4b60-b6d9-0b7847823955/elements 200 150 ms - 12
[38;5;0m[HTTP][0m 
[38;5;0m[HTTP][0m [37m-->[39m [37mPOST[39m [37m/wd/hub/session/389983ee-0ef9-4b60-b6d9-0b7847823955/elements[39m
[38;5;0m[HTTP][0m {"using":"xpath","value":"//*[@type = 'XCUIElementTypeTextField']"}
[38;5;0m[HTTP][0m <-- POST /wd/hub/session/389983ee-0ef9-4b60-b6d9-0b7847823955/elements 200 157 ms - 12
[38;5;0m[HTTP][0m 
[38;5;0m[HTTP][0m [37m-->[39m [37mPOST[39m [37m/wd/hub/session/389983ee-0ef9-4b60-b6d9-0b7847823955/elements[39m
[38;5;0m[HTTP][0m {"using":"xpath","value":"//*[@type = 'XCUIElementTypeTextField']"}
[38;5;0m[HTTP][0m <-- POST /wd/hub/session/389983ee-0ef9-4b60-b6d9-0b7847823955/elements 200 154 ms - 12
[38;5;0m[HTTP][0m 
[38;5;0m[HTTP][0m [37m-->[39m [37mPOST[39m [37m/wd/hub/session/389983ee-0ef9-4b60-b6d9-0b7847823955/elements[39m
[38;5;0m[HTTP][0m {"using":"xpath","value":"//*[@type = 'XCUIElementTypeTextField']"}
[38;5;0m[HTTP][0m <-- POST /wd/hub/session/389983ee-0ef9-4b60-b6d9-0b7847823955/elements 200 153 ms - 12
[38;5;0m[HTTP][0m 
[38;5;0m[HTTP][0m [37m-->[39m [37mPOST[39m [37m/wd/hub/session/389983ee-0ef9-4b60-b6d9-0b7847823955/elements[39m
[38;5;0m[HTTP][0m {"using":"xpath","value":"//*[@type = 'XCUIElementTypeTextField']"}
[38;5;0m[HTTP][0m <-- POST /wd/hub/session/389983ee-0ef9-4b60-b6d9-0b7847823955/elements 200 154 ms - 12
[38;5;0m[HTTP][0m 
[38;5;0m[HTTP][0m [37m-->[39m [37mPOST[39m [37m/wd/hub/session/389983ee-0ef9-4b60-b6d9-0b7847823955/elements[39m
[38;5;0m[HTTP][0m {"using":"xpath","value":"//*[@type = 'XCUIElementTypeTextField']"}
[38;5;0m[HTTP][0m <-- POST /wd/hub/session/389983ee-0ef9-4b60-b6d9-0b7847823955/elements 200 154 ms - 12
[38;5;0m[HTTP][0m 
[38;5;0m[HTTP][0m [37m-->[39m [37mPOST[39m [37m/wd/hub/session/389983ee-0ef9-4b60-b6d9-0b7847823955/elements[39m
[38;5;0m[HTTP][0m {"using":"xpath","value":"//*[@type = 'XCUIElementTypeTextField']"}
[38;5;0m[HTTP][0m <-- POST /wd/hub/session/389983ee-0ef9-4b60-b6d9-0b7847823955/elements 200 155 ms - 12
[38;5;0m[HTTP][0m 
[38;5;0m[HTTP][0m [37m-->[39m [37mPOST[39m [37m/wd/hub/session/389983ee-0ef9-4b60-b6d9-0b7847823955/elements[39m
[38;5;0m[HTTP][0m {"using":"xpath","value":"//*[@type = 'XCUIElementTypeTextField']"}
[38;5;0m[HTTP][0m <-- POST /wd/hub/session/389983ee-0ef9-4b60-b6d9-0b7847823955/elements 200 155 ms - 12
[38;5;0m[HTTP][0m 
[38;5;0m[HTTP][0m [37m-->[39m [37mPOST[39m [37m/wd/hub/session/389983ee-0ef9-4b60-b6d9-0b7847823955/elements[39m
[38;5;0m[HTTP][0m {"using":"xpath","value":"//*[@type = 'XCUIElementTypeTextField']"}
[38;5;0m[HTTP][0m <-- POST /wd/hub/session/389983ee-0ef9-4b60-b6d9-0b7847823955/elements 200 157 ms - 12
[38;5;0m[HTTP][0m 
[38;5;0m[HTTP][0m [37m-->[39m [37mPOST[39m [37m/wd/hub/session/389983ee-0ef9-4b60-b6d9-0b7847823955/elements[39m
[38;5;0m[HTTP][0m {"using":"xpath","value":"//*[@type = 'XCUIElementTypeTextField']"}
[38;5;0m[HTTP][0m <-- POST /wd/hub/session/389983ee-0ef9-4b60-b6d9-0b7847823955/elements 200 157 ms - 12
[38;5;0m[HTTP][0m 
[38;5;0m[HTTP][0m [37m-->[39m [37mPOST[39m [37m/wd/hub/session/389983ee-0ef9-4b60-b6d9-0b7847823955/elements[39m
[38;5;0m[HTTP][0m {"using":"xpath","value":"//*[@type = 'XCUIElementTypeTextField']"}
[38;5;0m[HTTP][0m <-- POST /wd/hub/session/389983ee-0ef9-4b60-b6d9-0b7847823955/elements 200 156 ms - 12
[38;5;0m[HTTP][0m 
[38;5;0m[HTTP][0m [37m-->[39m [37mPOST[39m [37m/wd/hub/session/389983ee-0ef9-4b60-b6d9-0b7847823955/elements[39m
[38;5;0m[HTTP][0m {"using":"xpath","value":"//*[@type = 'XCUIElementTypeTextField']"}
[38;5;0m[HTTP][0m <-- POST /wd/hub/session/389983ee-0ef9-4b60-b6d9-0b7847823955/elements 200 157 ms - 12
[38;5;0m[HTTP][0m 
[38;5;0m[HTTP][0m [37m-->[39m [37mPOST[39m [37m/wd/hub/session/389983ee-0ef9-4b60-b6d9-0b7847823955/elements[39m
[38;5;0m[HTTP][0m {"using":"xpath","value":"//*[@type = 'XCUIElementTypeTextField']"}
[38;5;0m[HTTP][0m <-- POST /wd/hub/session/389983ee-0ef9-4b60-b6d9-0b7847823955/elements 200 152 ms - 12
[38;5;0m[HTTP][0m 
[38;5;0m[HTTP][0m [37m-->[39m [37mPOST[39m [37m/wd/hub/session/389983ee-0ef9-4b60-b6d9-0b7847823955/elements[39m
[38;5;0m[HTTP][0m {"using":"xpath","value":"//*[@type = 'XCUIElementTypeTextField']"}
[38;5;0m[HTTP][0m <-- POST /wd/hub/session/389983ee-0ef9-4b60-b6d9-0b7847823955/elements 200 148 ms - 12
[38;5;0m[HTTP][0m 
[38;5;0m[HTTP][0m [37m-->[39m [37mPOST[39m [37m/wd/hub/session/389983ee-0ef9-4b60-b6d9-0b7847823955/elements[39m
[38;5;0m[HTTP][0m {"using":"xpath","value":"//*[@type = 'XCUIElementTypeTextField']"}
[38;5;0m[HTTP][0m <-- POST /wd/hub/session/389983ee-0ef9-4b60-b6d9-0b7847823955/elements 200 157 ms - 12
[38;5;0m[HTTP][0m 
[38;5;0m[HTTP][0m [37m-->[39m [37mPOST[39m [37m/wd/hub/session/389983ee-0ef9-4b60-b6d9-0b7847823955/elements[39m
[38;5;0m[HTTP][0m {"using":"xpath","value":"//*[@type = 'XCUIElementTypeTextField']"}
[38;5;0m[HTTP][0m <-- POST /wd/hub/session/389983ee-0ef9-4b60-b6d9-0b7847823955/elements 200 157 ms - 12
[38;5;0m[HTTP][0m 
[38;5;0m[HTTP][0m [37m-->[39m [37mPOST[39m [37m/wd/hub/session/389983ee-0ef9-4b60-b6d9-0b7847823955/elements[39m
[38;5;0m[HTTP][0m {"using":"xpath","value":"//*[@type = 'XCUIElementTypeTextField']"}
[38;5;0m[HTTP][0m <-- POST /wd/hub/session/389983ee-0ef9-4b60-b6d9-0b7847823955/elements 200 154 ms - 12
[38;5;0m[HTTP][0m 
[38;5;0m[HTTP][0m [37m-->[39m [37mPOST[39m [37m/wd/hub/session/389983ee-0ef9-4b60-b6d9-0b7847823955/elements[39m
[38;5;0m[HTTP][0m {"using":"xpath","value":"//*[@type = 'XCUIElementTypeTextField']"}
[38;5;0m[HTTP][0m <-- POST /wd/hub/session/389983ee-0ef9-4b60-b6d9-0b7847823955/elements 200 145 ms - 12
[38;5;0m[HTTP][0m 
[38;5;0m[HTTP][0m [37m-->[39m [37mPOST[39m [37m/wd/hub/session/389983ee-0ef9-4b60-b6d9-0b7847823955/elements[39m
[38;5;0m[HTTP][0m {"using":"xpath","value":"//*[@type = 'XCUIElementTypeTextField']"}
[38;5;0m[HTTP][0m <-- POST /wd/hub/session/389983ee-0ef9-4b60-b6d9-0b7847823955/elements 200 154 ms - 12
[38;5;0m[HTTP][0m 
[38;5;0m[HTTP][0m [37m-->[39m [37mPOST[39m [37m/wd/hub/session/389983ee-0ef9-4b60-b6d9-0b7847823955/elements[39m
[38;5;0m[HTTP][0m {"using":"xpath","value":"//*[@type = 'XCUIElementTypeTextField']"}
[38;5;0m[HTTP][0m <-- POST /wd/hub/session/389983ee-0ef9-4b60-b6d9-0b7847823955/elements 200 151 ms - 12
[38;5;0m[HTTP][0m 
[38;5;0m[HTTP][0m [37m-->[39m [37mPOST[39m [37m/wd/hub/session/389983ee-0ef9-4b60-b6d9-0b7847823955/elements[39m
[38;5;0m[HTTP][0m {"using":"xpath","value":"//*[@type = 'XCUIElementTypeTextField']"}
[38;5;0m[HTTP][0m <-- POST /wd/hub/session/389983ee-0ef9-4b60-b6d9-0b7847823955/elements 200 151 ms - 12
[38;5;0m[HTTP][0m 
[38;5;0m[HTTP][0m [37m-->[39m [37mPOST[39m [37m/wd/hub/session/389983ee-0ef9-4b60-b6d9-0b7847823955/elements[39m
[38;5;0m[HTTP][0m {"using":"xpath","value":"//*[@type = 'XCUIElementTypeTextField']"}
[38;5;0m[HTTP][0m <-- POST /wd/hub/session/389983ee-0ef9-4b60-b6d9-0b7847823955/elements 200 159 ms - 12
[38;5;0m[HTTP][0m 
[38;5;0m[HTTP][0m [37m-->[39m [37mPOST[39m [37m/wd/hub/session/389983ee-0ef9-4b60-b6d9-0b7847823955/elements[39m
[38;5;0m[HTTP][0m {"using":"xpath","value":"//*[@type = 'XCUIElementTypeTextField']"}
[38;5;0m[HTTP][0m <-- POST /wd/hub/session/389983ee-0ef9-4b60-b6d9-0b7847823955/elements 200 156 ms - 12
[38;5;0m[HTTP][0m 
[38;5;0m[HTTP][0m [37m-->[39m [37mPOST[39m [37m/wd/hub/session/389983ee-0ef9-4b60-b6d9-0b7847823955/elements[39m
[38;5;0m[HTTP][0m {"using":"xpath","value":"//*[@type = 'XCUIElementTypeTextField']"}
[38;5;0m[HTTP][0m <-- POST /wd/hub/session/389983ee-0ef9-4b60-b6d9-0b7847823955/elements 200 150 ms - 12
[38;5;0m[HTTP][0m 
[38;5;0m[HTTP][0m [37m-->[39m [37mPOST[39m [37m/wd/hub/session/389983ee-0ef9-4b60-b6d9-0b7847823955/elements[39m
[38;5;0m[HTTP][0m {"using":"xpath","value":"//*[@type = 'XCUIElementTypeTextField']"}
[38;5;0m[HTTP][0m <-- POST /wd/hub/session/389983ee-0ef9-4b60-b6d9-0b7847823955/elements 200 155 ms - 12
[38;5;0m[HTTP][0m 
[38;5;0m[HTTP][0m [37m-->[39m [37mPOST[39m [37m/wd/hub/session/389983ee-0ef9-4b60-b6d9-0b7847823955/elements[39m
[38;5;0m[HTTP][0m {"using":"xpath","value":"//*[@type = 'XCUIElementTypeTextField']"}
[38;5;0m[HTTP][0m <-- POST /wd/hub/session/389983ee-0ef9-4b60-b6d9-0b7847823955/elements 200 154 ms - 12
[38;5;0m[HTTP][0m 
[38;5;0m[HTTP][0m [37m-->[39m [37mPOST[39m [37m/wd/hub/session/389983ee-0ef9-4b60-b6d9-0b7847823955/elements[39m
[38;5;0m[HTTP][0m {"using":"xpath","value":"//*[@type = 'XCUIElementTypeTextField']"}
[38;5;0m[HTTP][0m <-- POST /wd/hub/session/389983ee-0ef9-4b60-b6d9-0b7847823955/elements 200 153 ms - 12
[38;5;0m[HTTP][0m 
[38;5;0m[HTTP][0m [37m-->[39m [37mPOST[39m [37m/wd/hub/session/389983ee-0ef9-4b60-b6d9-0b7847823955/elements[39m
[38;5;0m[HTTP][0m {"using":"xpath","value":"//*[@type = 'XCUIElementTypeTextField']"}
[38;5;0m[HTTP][0m <-- POST /wd/hub/session/389983ee-0ef9-4b60-b6d9-0b7847823955/elements 200 157 ms - 12
[38;5;0m[HTTP][0m 
[38;5;0m[HTTP][0m [37m-->[39m [37mPOST[39m [37m/wd/hub/session/389983ee-0ef9-4b60-b6d9-0b7847823955/elements[39m
[38;5;0m[HTTP][0m {"using":"xpath","value":"//*[@type = 'XCUIElementTypeTextField']"}
[38;5;0m[HTTP][0m <-- POST /wd/hub/session/389983ee-0ef9-4b60-b6d9-0b7847823955/elements 200 154 ms - 12
[38;5;0m[HTTP][0m 
[38;5;0m[HTTP][0m [37m-->[39m [37mPOST[39m [37m/wd/hub/session/389983ee-0ef9-4b60-b6d9-0b7847823955/elements[39m
[38;5;0m[HTTP][0m {"using":"xpath","value":"//*[@type = 'XCUIElementTypeTextField']"}
[38;5;0m[HTTP][0m <-- POST /wd/hub/session/389983ee-0ef9-4b60-b6d9-0b7847823955/elements 200 156 ms - 12
[38;5;0m[HTTP][0m 
[38;5;0m[HTTP][0m [37m-->[39m [37mPOST[39m [37m/wd/hub/session/389983ee-0ef9-4b60-b6d9-0b7847823955/elements[39m
[38;5;0m[HTTP][0m {"using":"xpath","value":"//*[@type = 'XCUIElementTypeTextField']"}
[38;5;0m[HTTP][0m <-- POST /wd/hub/session/389983ee-0ef9-4b60-b6d9-0b7847823955/elements 200 152 ms - 12
[38;5;0m[HTTP][0m 
[38;5;0m[HTTP][0m [37m-->[39m [37mPOST[39m [37m/wd/hub/session/389983ee-0ef9-4b60-b6d9-0b7847823955/elements[39m
[38;5;0m[HTTP][0m {"using":"xpath","value":"//*[@type = 'XCUIElementTypeTextField']"}
[38;5;0m[HTTP][0m <-- POST /wd/hub/session/389983ee-0ef9-4b60-b6d9-0b7847823955/elements 200 153 ms - 12
[38;5;0m[HTTP][0m 
[38;5;0m[HTTP][0m [37m-->[39m [37mPOST[39m [37m/wd/hub/session/389983ee-0ef9-4b60-b6d9-0b7847823955/elements[39m
[38;5;0m[HTTP][0m {"using":"xpath","value":"//*[@type = 'XCUIElementTypeTextField']"}
[38;5;0m[HTTP][0m <-- POST /wd/hub/session/389983ee-0ef9-4b60-b6d9-0b7847823955/elements 200 152 ms - 12
[38;5;0m[HTTP][0m 
[38;5;0m[HTTP][0m [37m-->[39m [37mPOST[39m [37m/wd/hub/session/389983ee-0ef9-4b60-b6d9-0b7847823955/elements[39m
[38;5;0m[HTTP][0m {"using":"xpath","value":"//*[@type = 'XCUIElementTypeTextField']"}
[38;5;0m[HTTP][0m <-- POST /wd/hub/session/389983ee-0ef9-4b60-b6d9-0b7847823955/elements 200 157 ms - 12
[38;5;0m[HTTP][0m 
[38;5;0m[HTTP][0m [37m-->[39m [37mPOST[39m [37m/wd/hub/session/389983ee-0ef9-4b60-b6d9-0b7847823955/elements[39m
[38;5;0m[HTTP][0m {"using":"xpath","value":"//*[@type = 'XCUIElementTypeTextField']"}
[38;5;0m[HTTP][0m <-- POST /wd/hub/session/389983ee-0ef9-4b60-b6d9-0b7847823955/elements 200 158 ms - 12
[38;5;0m[HTTP][0m 
[38;5;0m[HTTP][0m [37m-->[39m [37mPOST[39m [37m/wd/hub/session/389983ee-0ef9-4b60-b6d9-0b7847823955/elements[39m
[38;5;0m[HTTP][0m {"using":"xpath","value":"//*[@type = 'XCUIElementTypeTextField']"}
[38;5;0m[HTTP][0m <-- POST /wd/hub/session/389983ee-0ef9-4b60-b6d9-0b7847823955/elements 200 151 ms - 12
[38;5;0m[HTTP][0m 
[38;5;0m[HTTP][0m [37m-->[39m [37mPOST[39m [37m/wd/hub/session/389983ee-0ef9-4b60-b6d9-0b7847823955/elements[39m
[38;5;0m[HTTP][0m {"using":"xpath","value":"//*[@type = 'XCUIElementTypeTextField']"}
[38;5;0m[HTTP][0m <-- POST /wd/hub/session/389983ee-0ef9-4b60-b6d9-0b7847823955/elements 200 158 ms - 12
[38;5;0m[HTTP][0m 
[38;5;0m[HTTP][0m [37m-->[39m [37mPOST[39m [37m/wd/hub/session/389983ee-0ef9-4b60-b6d9-0b7847823955/elements[39m
[38;5;0m[HTTP][0m {"using":"xpath","value":"//*[@type = 'XCUIElementTypeTextField']"}
[38;5;0m[HTTP][0m <-- POST /wd/hub/session/389983ee-0ef9-4b60-b6d9-0b7847823955/elements 200 157 ms - 12
[38;5;0m[HTTP][0m 
[38;5;0m[HTTP][0m [37m-->[39m [37mPOST[39m [37m/wd/hub/session/389983ee-0ef9-4b60-b6d9-0b7847823955/elements[39m
[38;5;0m[HTTP][0m {"using":"xpath","value":"//*[@type = 'XCUIElementTypeTextField']"}
[38;5;0m[HTTP][0m <-- POST /wd/hub/session/389983ee-0ef9-4b60-b6d9-0b7847823955/elements 200 155 ms - 12
[38;5;0m[HTTP][0m 
[38;5;0m[HTTP][0m [37m-->[39m [37mPOST[39m [37m/wd/hub/session/389983ee-0ef9-4b60-b6d9-0b7847823955/elements[39m
[38;5;0m[HTTP][0m {"using":"xpath","value":"//*[@type = 'XCUIElementTypeTextField']"}
[38;5;0m[HTTP][0m <-- POST /wd/hub/session/389983ee-0ef9-4b60-b6d9-0b7847823955/elements 200 155 ms - 12
[38;5;0m[HTTP][0m 
[38;5;0m[HTTP][0m [37m-->[39m [37mPOST[39m [37m/wd/hub/session/389983ee-0ef9-4b60-b6d9-0b7847823955/elements[39m
[38;5;0m[HTTP][0m {"using":"xpath","value":"//*[@type = 'XCUIElementTypeTextField']"}
[38;5;0m[HTTP][0m <-- POST /wd/hub/session/389983ee-0ef9-4b60-b6d9-0b7847823955/elements 200 154 ms - 12
[38;5;0m[HTTP][0m 
[38;5;0m[HTTP][0m [37m-->[39m [37mPOST[39m [37m/wd/hub/session/389983ee-0ef9-4b60-b6d9-0b7847823955/elements[39m
[38;5;0m[HTTP][0m {"using":"xpath","value":"//*[@type = 'XCUIElementTypeTextField']"}
[38;5;0m[HTTP][0m <-- POST /wd/hub/session/389983ee-0ef9-4b60-b6d9-0b7847823955/elements 200 156 ms - 12
[38;5;0m[HTTP][0m 
[38;5;0m[HTTP][0m [37m-->[39m [37mPOST[39m [37m/wd/hub/session/389983ee-0ef9-4b60-b6d9-0b7847823955/elements[39m
[38;5;0m[HTTP][0m {"using":"xpath","value":"//*[@type = 'XCUIElementTypeTextField']"}
[38;5;0m[HTTP][0m <-- POST /wd/hub/session/389983ee-0ef9-4b60-b6d9-0b7847823955/elements 200 159 ms - 12
[38;5;0m[HTTP][0m 
[38;5;0m[HTTP][0m [37m-->[39m [37mPOST[39m [37m/wd/hub/session/389983ee-0ef9-4b60-b6d9-0b7847823955/elements[39m
[38;5;0m[HTTP][0m {"using":"xpath","value":"//*[@type = 'XCUIElementTypeTextField']"}
[38;5;0m[HTTP][0m <-- POST /wd/hub/session/389983ee-0ef9-4b60-b6d9-0b7847823955/elements 200 156 ms - 12
[38;5;0m[HTTP][0m 
[38;5;0m[HTTP][0m [37m-->[39m [37mPOST[39m [37m/wd/hub/session/389983ee-0ef9-4b60-b6d9-0b7847823955/elements[39m
[38;5;0m[HTTP][0m {"using":"xpath","value":"//*[@type = 'XCUIElementTypeTextField']"}
[38;5;0m[HTTP][0m <-- POST /wd/hub/session/389983ee-0ef9-4b60-b6d9-0b7847823955/elements 200 153 ms - 12
[38;5;0m[HTTP][0m 
[38;5;0m[HTTP][0m [37m-->[39m [37mPOST[39m [37m/wd/hub/session/389983ee-0ef9-4b60-b6d9-0b7847823955/elements[39m
[38;5;0m[HTTP][0m {"using":"xpath","value":"//*[@type = 'XCUIElementTypeTextField']"}
[38;5;0m[HTTP][0m <-- POST /wd/hub/session/389983ee-0ef9-4b60-b6d9-0b7847823955/elements 200 155 ms - 12
[38;5;0m[HTTP][0m 
[38;5;0m[HTTP][0m [37m-->[39m [37mPOST[39m [37m/wd/hub/session/389983ee-0ef9-4b60-b6d9-0b7847823955/elements[39m
[38;5;0m[HTTP][0m {"using":"xpath","value":"//*[@type = 'XCUIElementTypeTextField']"}
[38;5;0m[HTTP][0m <-- POST /wd/hub/session/389983ee-0ef9-4b60-b6d9-0b7847823955/elements 200 155 ms - 12
[38;5;0m[HTTP][0m 
[38;5;0m[HTTP][0m [37m-->[39m [37mPOST[39m [37m/wd/hub/session/389983ee-0ef9-4b60-b6d9-0b7847823955/elements[39m
[38;5;0m[HTTP][0m {"using":"xpath","value":"//*[@type = 'XCUIElementTypeTextField']"}
[38;5;0m[HTTP][0m <-- POST /wd/hub/session/389983ee-0ef9-4b60-b6d9-0b7847823955/elements 200 159 ms - 12
[38;5;0m[HTTP][0m 
[38;5;0m[HTTP][0m [37m-->[39m [37mPOST[39m [37m/wd/hub/session/389983ee-0ef9-4b60-b6d9-0b7847823955/elements[39m
[38;5;0m[HTTP][0m {"using":"xpath","value":"//*[@type = 'XCUIElementTypeTextField']"}
[38;5;0m[HTTP][0m <-- POST /wd/hub/session/389983ee-0ef9-4b60-b6d9-0b7847823955/elements 200 150 ms - 12
[38;5;0m[HTTP][0m 
[38;5;0m[HTTP][0m [37m-->[39m [37mPOST[39m [37m/wd/hub/session/389983ee-0ef9-4b60-b6d9-0b7847823955/elements[39m
[38;5;0m[HTTP][0m {"using":"xpath","value":"//*[@type = 'XCUIElementTypeTextField']"}
[38;5;0m[HTTP][0m <-- POST /wd/hub/session/389983ee-0ef9-4b60-b6d9-0b7847823955/elements 200 153 ms - 12
[38;5;0m[HTTP][0m 
[38;5;0m[HTTP][0m [37m-->[39m [37mPOST[39m [37m/wd/hub/session/389983ee-0ef9-4b60-b6d9-0b7847823955/elements[39m
[38;5;0m[HTTP][0m {"using":"xpath","value":"//*[@type = 'XCUIElementTypeTextField']"}
[38;5;0m[HTTP][0m <-- POST /wd/hub/session/389983ee-0ef9-4b60-b6d9-0b7847823955/elements 200 151 ms - 12
[38;5;0m[HTTP][0m 
[38;5;0m[HTTP][0m [37m-->[39m [37mPOST[39m [37m/wd/hub/session/389983ee-0ef9-4b60-b6d9-0b7847823955/elements[39m
[38;5;0m[HTTP][0m {"using":"xpath","value":"//*[@type = 'XCUIElementTypeTextField']"}
[38;5;0m[HTTP][0m <-- POST /wd/hub/session/389983ee-0ef9-4b60-b6d9-0b7847823955/elements 200 156 ms - 12
[38;5;0m[HTTP][0m 
[38;5;0m[HTTP][0m [37m-->[39m [37mPOST[39m [37m/wd/hub/session/389983ee-0ef9-4b60-b6d9-0b7847823955/elements[39m
[38;5;0m[HTTP][0m {"using":"xpath","value":"//*[@type = 'XCUIElementTypeTextField']"}
[38;5;0m[HTTP][0m <-- POST /wd/hub/session/389983ee-0ef9-4b60-b6d9-0b7847823955/elements 200 153 ms - 12
[38;5;0m[HTTP][0m 
[38;5;0m[HTTP][0m [37m-->[39m [37mPOST[39m [37m/wd/hub/session/389983ee-0ef9-4b60-b6d9-0b7847823955/elements[39m
[38;5;0m[HTTP][0m {"using":"xpath","value":"//*[@type = 'XCUIElementTypeTextField']"}
[38;5;0m[HTTP][0m <-- POST /wd/hub/session/389983ee-0ef9-4b60-b6d9-0b7847823955/elements 200 161 ms - 12
[38;5;0m[HTTP][0m 
[38;5;0m[HTTP][0m [37m-->[39m [37mPOST[39m [37m/wd/hub/session/389983ee-0ef9-4b60-b6d9-0b7847823955/elements[39m
[38;5;0m[HTTP][0m {"using":"xpath","value":"//*[@type = 'XCUIElementTypeTextField']"}
[38;5;0m[HTTP][0m <-- POST /wd/hub/session/389983ee-0ef9-4b60-b6d9-0b7847823955/elements 200 161 ms - 12
[38;5;0m[HTTP][0m 
[38;5;0m[HTTP][0m [37m-->[39m [37mPOST[39m [37m/wd/hub/session/389983ee-0ef9-4b60-b6d9-0b7847823955/elements[39m
[38;5;0m[HTTP][0m {"using":"xpath","value":"//*[@type = 'XCUIElementTypeTextField']"}
[38;5;0m[HTTP][0m <-- POST /wd/hub/session/389983ee-0ef9-4b60-b6d9-0b7847823955/elements 200 153 ms - 12
[38;5;0m[HTTP][0m 
[38;5;0m[HTTP][0m [37m-->[39m [37mPOST[39m [37m/wd/hub/session/389983ee-0ef9-4b60-b6d9-0b7847823955/elements[39m
[38;5;0m[HTTP][0m {"using":"xpath","value":"//*[@type = 'XCUIElementTypeTextField']"}
[38;5;0m[HTTP][0m <-- POST /wd/hub/session/389983ee-0ef9-4b60-b6d9-0b7847823955/elements 200 157 ms - 12
[38;5;0m[HTTP][0m 
[38;5;0m[HTTP][0m [37m-->[39m [37mPOST[39m [37m/wd/hub/session/389983ee-0ef9-4b60-b6d9-0b7847823955/elements[39m
[38;5;0m[HTTP][0m {"using":"xpath","value":"//*[@type = 'XCUIElementTypeTextField']"}
[38;5;0m[HTTP][0m <-- POST /wd/hub/session/389983ee-0ef9-4b60-b6d9-0b7847823955/elements 200 158 ms - 12
[38;5;0m[HTTP][0m 
[38;5;0m[HTTP][0m [37m-->[39m [37mPOST[39m [37m/wd/hub/session/389983ee-0ef9-4b60-b6d9-0b7847823955/elements[39m
[38;5;0m[HTTP][0m {"using":"xpath","value":"//*[@type = 'XCUIElementTypeTextField']"}
[38;5;0m[HTTP][0m <-- POST /wd/hub/session/389983ee-0ef9-4b60-b6d9-0b7847823955/elements 200 157 ms - 12
[38;5;0m[HTTP][0m 
[38;5;0m[HTTP][0m [37m-->[39m [37mPOST[39m [37m/wd/hub/session/389983ee-0ef9-4b60-b6d9-0b7847823955/elements[39m
[38;5;0m[HTTP][0m {"using":"xpath","value":"//*[@type = 'XCUIElementTypeTextField']"}
[38;5;0m[HTTP][0m <-- POST /wd/hub/session/389983ee-0ef9-4b60-b6d9-0b7847823955/elements 200 156 ms - 12
[38;5;0m[HTTP][0m 
[38;5;0m[HTTP][0m [37m-->[39m [37mPOST[39m [37m/wd/hub/session/389983ee-0ef9-4b60-b6d9-0b7847823955/elements[39m
[38;5;0m[HTTP][0m {"using":"xpath","value":"//*[@type = 'XCUIElementTypeTextField']"}
[38;5;0m[HTTP][0m <-- POST /wd/hub/session/389983ee-0ef9-4b60-b6d9-0b7847823955/elements 200 155 ms - 12
[38;5;0m[HTTP][0m 
[38;5;0m[HTTP][0m [37m-->[39m [37mPOST[39m [37m/wd/hub/session/389983ee-0ef9-4b60-b6d9-0b7847823955/elements[39m
[38;5;0m[HTTP][0m {"using":"xpath","value":"//*[@type = 'XCUIElementTypeTextField']"}
[38;5;0m[HTTP][0m <-- POST /wd/hub/session/389983ee-0ef9-4b60-b6d9-0b7847823955/elements 200 149 ms - 12
[38;5;0m[HTTP][0m 
[38;5;0m[HTTP][0m [37m-->[39m [37mPOST[39m [37m/wd/hub/session/389983ee-0ef9-4b60-b6d9-0b7847823955/elements[39m
[38;5;0m[HTTP][0m {"using":"xpath","value":"//*[@type = 'XCUIElementTypeTextField']"}
[38;5;0m[HTTP][0m <-- POST /wd/hub/session/389983ee-0ef9-4b60-b6d9-0b7847823955/elements 200 156 ms - 12
[38;5;0m[HTTP][0m 
[38;5;0m[HTTP][0m [37m-->[39m [37mPOST[39m [37m/wd/hub/session/389983ee-0ef9-4b60-b6d9-0b7847823955/elements[39m
[38;5;0m[HTTP][0m {"using":"xpath","value":"//*[@type = 'XCUIElementTypeTextField']"}
[38;5;0m[HTTP][0m <-- POST /wd/hub/session/389983ee-0ef9-4b60-b6d9-0b7847823955/elements 200 157 ms - 12
[38;5;0m[HTTP][0m 
[38;5;0m[HTTP][0m [37m-->[39m [37mPOST[39m [37m/wd/hub/session/389983ee-0ef9-4b60-b6d9-0b7847823955/elements[39m
[38;5;0m[HTTP][0m {"using":"xpath","value":"//*[@type = 'XCUIElementTypeTextField']"}
[38;5;0m[HTTP][0m <-- POST /wd/hub/session/389983ee-0ef9-4b60-b6d9-0b7847823955/elements 200 157 ms - 12
[38;5;0m[HTTP][0m 
[38;5;0m[HTTP][0m [37m-->[39m [37mPOST[39m [37m/wd/hub/session/389983ee-0ef9-4b60-b6d9-0b7847823955/elements[39m
[38;5;0m[HTTP][0m {"using":"xpath","value":"//*[@type = 'XCUIElementTypeTextField']"}
[38;5;0m[HTTP][0m <-- POST /wd/hub/session/389983ee-0ef9-4b60-b6d9-0b7847823955/elements 200 151 ms - 12
[38;5;0m[HTTP][0m 
[38;5;0m[HTTP][0m [37m-->[39m [37mPOST[39m [37m/wd/hub/session/389983ee-0ef9-4b60-b6d9-0b7847823955/elements[39m
[38;5;0m[HTTP][0m {"using":"xpath","value":"//*[@type = 'XCUIElementTypeTextField']"}
[38;5;0m[HTTP][0m <-- POST /wd/hub/session/389983ee-0ef9-4b60-b6d9-0b7847823955/elements 200 151 ms - 12
[38;5;0m[HTTP][0m 
[38;5;0m[HTTP][0m [37m-->[39m [37mPOST[39m [37m/wd/hub/session/389983ee-0ef9-4b60-b6d9-0b7847823955/elements[39m
[38;5;0m[HTTP][0m {"using":"xpath","value":"//*[@type = 'XCUIElementTypeTextField']"}
[38;5;0m[HTTP][0m <-- POST /wd/hub/session/389983ee-0ef9-4b60-b6d9-0b7847823955/elements 200 154 ms - 12
[38;5;0m[HTTP][0m 
[38;5;0m[HTTP][0m [37m-->[39m [37mPOST[39m [37m/wd/hub/session/389983ee-0ef9-4b60-b6d9-0b7847823955/elements[39m
[38;5;0m[HTTP][0m {"using":"xpath","value":"//*[@type = 'XCUIElementTypeTextField']"}
[38;5;0m[HTTP][0m <-- POST /wd/hub/session/389983ee-0ef9-4b60-b6d9-0b7847823955/elements 200 152 ms - 12
[38;5;0m[HTTP][0m 
[38;5;0m[HTTP][0m [37m-->[39m [37mPOST[39m [37m/wd/hub/session/389983ee-0ef9-4b60-b6d9-0b7847823955/elements[39m
[38;5;0m[HTTP][0m {"using":"xpath","value":"//*[@type = 'XCUIElementTypeTextField']"}
[38;5;0m[HTTP][0m <-- POST /wd/hub/session/389983ee-0ef9-4b60-b6d9-0b7847823955/elements 200 152 ms - 12
[38;5;0m[HTTP][0m 
[38;5;0m[HTTP][0m [37m-->[39m [37mPOST[39m [37m/wd/hub/session/389983ee-0ef9-4b60-b6d9-0b7847823955/elements[39m
[38;5;0m[HTTP][0m {"using":"xpath","value":"//*[@type = 'XCUIElementTypeTextField']"}
[38;5;0m[HTTP][0m <-- POST /wd/hub/session/389983ee-0ef9-4b60-b6d9-0b7847823955/elements 200 158 ms - 12
[38;5;0m[HTTP][0m 
[38;5;0m[HTTP][0m [37m-->[39m [37mPOST[39m [37m/wd/hub/session/389983ee-0ef9-4b60-b6d9-0b7847823955/elements[39m
[38;5;0m[HTTP][0m {"using":"xpath","value":"//*[@type = 'XCUIElementTypeTextField']"}
[38;5;0m[HTTP][0m <-- POST /wd/hub/session/389983ee-0ef9-4b60-b6d9-0b7847823955/elements 200 157 ms - 12
[38;5;0m[HTTP][0m 
[38;5;0m[HTTP][0m [37m-->[39m [37mPOST[39m [37m/wd/hub/session/389983ee-0ef9-4b60-b6d9-0b7847823955/elements[39m
[38;5;0m[HTTP][0m {"using":"xpath","value":"//*[@type = 'XCUIElementTypeTextField']"}
[38;5;0m[HTTP][0m <-- POST /wd/hub/session/389983ee-0ef9-4b60-b6d9-0b7847823955/elements 200 157 ms - 12
[38;5;0m[HTTP][0m 
[38;5;0m[HTTP][0m [37m-->[39m [37mPOST[39m [37m/wd/hub/session/389983ee-0ef9-4b60-b6d9-0b7847823955/elements[39m
[38;5;0m[HTTP][0m {"using":"xpath","value":"//*[@type = 'XCUIElementTypeTextField']"}
[38;5;0m[HTTP][0m <-- POST /wd/hub/session/389983ee-0ef9-4b60-b6d9-0b7847823955/elements 200 159 ms - 12
[38;5;0m[HTTP][0m 
[38;5;0m[HTTP][0m [37m-->[39m [37mPOST[39m [37m/wd/hub/session/389983ee-0ef9-4b60-b6d9-0b7847823955/elements[39m
[38;5;0m[HTTP][0m {"using":"xpath","value":"//*[@type = 'XCUIElementTypeTextField']"}
[38;5;0m[HTTP][0m <-- POST /wd/hub/session/389983ee-0ef9-4b60-b6d9-0b7847823955/elements 200 152 ms - 12
[38;5;0m[HTTP][0m 
[38;5;0m[HTTP][0m [37m-->[39m [37mPOST[39m [37m/wd/hub/session/389983ee-0ef9-4b60-b6d9-0b7847823955/elements[39m
[38;5;0m[HTTP][0m {"using":"xpath","value":"//*[@type = 'XCUIElementTypeTextField']"}
[38;5;0m[HTTP][0m <-- POST /wd/hub/session/389983ee-0ef9-4b60-b6d9-0b7847823955/elements 200 153 ms - 12
[38;5;0m[HTTP][0m 
[38;5;0m[HTTP][0m [37m-->[39m [37mPOST[39m [37m/wd/hub/session/389983ee-0ef9-4b60-b6d9-0b7847823955/elements[39m
[38;5;0m[HTTP][0m {"using":"xpath","value":"//*[@type = 'XCUIElementTypeTextField']"}
[38;5;0m[HTTP][0m <-- POST /wd/hub/session/389983ee-0ef9-4b60-b6d9-0b7847823955/elements 200 160 ms - 12
[38;5;0m[HTTP][0m 
[38;5;0m[HTTP][0m [37m-->[39m [37mPOST[39m [37m/wd/hub/session/389983ee-0ef9-4b60-b6d9-0b7847823955/elements[39m
[38;5;0m[HTTP][0m {"using":"xpath","value":"//*[@type = 'XCUIElementTypeTextField']"}
[38;5;0m[HTTP][0m <-- POST /wd/hub/session/389983ee-0ef9-4b60-b6d9-0b7847823955/elements 200 150 ms - 12
[38;5;0m[HTTP][0m 
[38;5;0m[HTTP][0m [37m-->[39m [37mPOST[39m [37m/wd/hub/session/389983ee-0ef9-4b60-b6d9-0b7847823955/elements[39m
[38;5;0m[HTTP][0m {"using":"xpath","value":"//*[@type = 'XCUIElementTypeTextField']"}
[38;5;0m[HTTP][0m <-- POST /wd/hub/session/389983ee-0ef9-4b60-b6d9-0b7847823955/elements 200 157 ms - 12
[38;5;0m[HTTP][0m 
[38;5;0m[HTTP][0m [37m-->[39m [37mPOST[39m [37m/wd/hub/session/389983ee-0ef9-4b60-b6d9-0b7847823955/elements[39m
[38;5;0m[HTTP][0m {"using":"xpath","value":"//*[@type = 'XCUIElementTypeTextField']"}
[38;5;0m[HTTP][0m <-- POST /wd/hub/session/389983ee-0ef9-4b60-b6d9-0b7847823955/elements 200 159 ms - 12
[38;5;0m[HTTP][0m 
[38;5;0m[HTTP][0m [37m-->[39m [37mPOST[39m [37m/wd/hub/session/389983ee-0ef9-4b60-b6d9-0b7847823955/elements[39m
[38;5;0m[HTTP][0m {"using":"xpath","value":"//*[@type = 'XCUIElementTypeTextField']"}
[38;5;0m[HTTP][0m <-- POST /wd/hub/session/389983ee-0ef9-4b60-b6d9-0b7847823955/elements 200 154 ms - 12
[38;5;0m[HTTP][0m 
[38;5;0m[HTTP][0m [37m-->[39m [37mPOST[39m [37m/wd/hub/session/389983ee-0ef9-4b60-b6d9-0b7847823955/elements[39m
[38;5;0m[HTTP][0m {"using":"xpath","value":"//*[@type = 'XCUIElementTypeTextField']"}
[38;5;0m[HTTP][0m <-- POST /wd/hub/session/389983ee-0ef9-4b60-b6d9-0b7847823955/elements 200 151 ms - 12
[38;5;0m[HTTP][0m 
[38;5;0m[HTTP][0m [37m-->[39m [37mPOST[39m [37m/wd/hub/session/389983ee-0ef9-4b60-b6d9-0b7847823955/elements[39m
[38;5;0m[HTTP][0m {"using":"xpath","value":"//*[@type = 'XCUIElementTypeTextField']"}
[38;5;0m[HTTP][0m <-- POST /wd/hub/session/389983ee-0ef9-4b60-b6d9-0b7847823955/elements 200 154 ms - 12
[38;5;0m[HTTP][0m 
[38;5;0m[HTTP][0m [37m-->[39m [37mPOST[39m [37m/wd/hub/session/389983ee-0ef9-4b60-b6d9-0b7847823955/elements[39m
[38;5;0m[HTTP][0m {"using":"xpath","value":"//*[@type = 'XCUIElementTypeTextField']"}
[38;5;0m[HTTP][0m <-- POST /wd/hub/session/389983ee-0ef9-4b60-b6d9-0b7847823955/elements 200 156 ms - 12
[38;5;0m[HTTP][0m 
[38;5;0m[HTTP][0m [37m-->[39m [37mPOST[39m [37m/wd/hub/session/389983ee-0ef9-4b60-b6d9-0b7847823955/elements[39m
[38;5;0m[HTTP][0m {"using":"xpath","value":"//*[@type = 'XCUIElementTypeTextField']"}
[38;5;0m[HTTP][0m <-- POST /wd/hub/session/389983ee-0ef9-4b60-b6d9-0b7847823955/elements 200 156 ms - 12
[38;5;0m[HTTP][0m 
[38;5;0m[HTTP][0m [37m-->[39m [37mPOST[39m [37m/wd/hub/session/389983ee-0ef9-4b60-b6d9-0b7847823955/elements[39m
[38;5;0m[HTTP][0m {"using":"xpath","value":"//*[@type = 'XCUIElementTypeTextField']"}
[38;5;0m[HTTP][0m <-- POST /wd/hub/session/389983ee-0ef9-4b60-b6d9-0b7847823955/elements 200 158 ms - 12
[38;5;0m[HTTP][0m 
[38;5;0m[HTTP][0m [37m-->[39m [37mPOST[39m [37m/wd/hub/session/389983ee-0ef9-4b60-b6d9-0b7847823955/elements[39m
[38;5;0m[HTTP][0m {"using":"xpath","value":"//*[@type = 'XCUIElementTypeTextField']"}
[38;5;0m[HTTP][0m <-- POST /wd/hub/session/389983ee-0ef9-4b60-b6d9-0b7847823955/elements 200 158 ms - 12
[38;5;0m[HTTP][0m 
[38;5;0m[HTTP][0m [37m-->[39m [37mPOST[39m [37m/wd/hub/session/389983ee-0ef9-4b60-b6d9-0b7847823955/elements[39m
[38;5;0m[HTTP][0m {"using":"xpath","value":"//*[@type = 'XCUIElementTypeTextField']"}
[38;5;0m[HTTP][0m <-- POST /wd/hub/session/389983ee-0ef9-4b60-b6d9-0b7847823955/elements 200 155 ms - 12
[38;5;0m[HTTP][0m 
[38;5;0m[HTTP][0m [37m-->[39m [37mPOST[39m [37m/wd/hub/session/389983ee-0ef9-4b60-b6d9-0b7847823955/timeouts[39m
[38;5;0m[HTTP][0m {"implicit":30000}
[38;5;0m[HTTP][0m <-- POST /wd/hub/session/389983ee-0ef9-4b60-b6d9-0b7847823955/timeouts 200 0 ms - 14
[38;5;0m[HTTP][0m 
[38;5;0m[HTTP][0m [37m-->[39m [37mGET[39m [37m/wd/hub/session/389983ee-0ef9-4b60-b6d9-0b7847823955/context[39m
[38;5;0m[HTTP][0m {}
[38;5;0m[HTTP][0m <-- GET /wd/hub/session/389983ee-0ef9-4b60-b6d9-0b7847823955/context 200 0 ms - 22
[38;5;0m[HTTP][0m 
[38;5;0m[HTTP][0m [37m-->[39m [37mGET[39m [37m/wd/hub/session/389983ee-0ef9-4b60-b6d9-0b7847823955/contexts[39m
[38;5;0m[HTTP][0m {}
[38;5;160m[RemoteDebugger][0m Remote Debugger version 10.2.0
[38;5;160m[RemoteDebugger][0m Setting communication protocol: using Target-based communication
[38;5;0m[HTTP][0m <-- GET /wd/hub/session/389983ee-0ef9-4b60-b6d9-0b7847823955/contexts 200 116 ms - 24
[38;5;0m[HTTP][0m 
[38;5;0m[HTTP][0m [37m-->[39m [37mPOST[39m [37m/wd/hub/session/389983ee-0ef9-4b60-b6d9-0b7847823955/context[39m
[38;5;0m[HTTP][0m {"name":"NATIVE_APP"}
[38;5;0m[HTTP][0m <-- POST /wd/hub/session/389983ee-0ef9-4b60-b6d9-0b7847823955/context 200 0 ms - 14
[38;5;0m[HTTP][0m 
[38;5;0m[HTTP][0m [37m-->[39m [37mGET[39m [37m/wd/hub/session/389983ee-0ef9-4b60-b6d9-0b7847823955/screenshot[39m
[38;5;0m[HTTP][0m {}
[38;5;0m[HTTP][0m <-- GET /wd/hub/session/389983ee-0ef9-4b60-b6d9-0b7847823955/screenshot 200 227 ms - 1215700
[38;5;0m[HTTP][0m 
[38;5;0m[HTTP][0m [37m-->[39m [37mPOST[39m [37m/wd/hub/session/389983ee-0ef9-4b60-b6d9-0b7847823955/context[39m
[38;5;0m[HTTP][0m {"name":"NATIVE_APP"}
[38;5;0m[HTTP][0m <-- POST /wd/hub/session/389983ee-0ef9-4b60-b6d9-0b7847823955/context 200 0 ms - 14
[38;5;0m[HTTP][0m 
[38;5;0m[HTTP][0m [37m-->[39m [37mGET[39m [37m/wd/hub/session/389983ee-0ef9-4b60-b6d9-0b7847823955/context[39m
[38;5;0m[HTTP][0m {}
[38;5;0m[HTTP][0m <-- GET /wd/hub/session/389983ee-0ef9-4b60-b6d9-0b7847823955/context 200 0 ms - 22
[38;5;0m[HTTP][0m 
[38;5;0m[HTTP][0m [37m-->[39m [37mGET[39m [37m/wd/hub/session/389983ee-0ef9-4b60-b6d9-0b7847823955/contexts[39m
[38;5;0m[HTTP][0m {}
[38;5;0m[HTTP][0m <-- GET /wd/hub/session/389983ee-0ef9-4b60-b6d9-0b7847823955/contexts 200 9570 ms - 24
[38;5;0m[HTTP][0m 
[38;5;0m[HTTP][0m [37m-->[39m [37mPOST[39m [37m/wd/hub/session/389983ee-0ef9-4b60-b6d9-0b7847823955/context[39m
[38;5;0m[HTTP][0m {"name":"NATIVE_APP"}
[38;5;0m[HTTP][0m <-- POST /wd/hub/session/389983ee-0ef9-4b60-b6d9-0b7847823955/context 200 0 ms - 14
[38;5;0m[HTTP][0m 
[38;5;0m[HTTP][0m [37m-->[39m [37mGET[39m [37m/wd/hub/session/389983ee-0ef9-4b60-b6d9-0b7847823955/screenshot[39m
[38;5;0m[HTTP][0m {}
[38;5;0m[HTTP][0m <-- GET /wd/hub/session/389983ee-0ef9-4b60-b6d9-0b7847823955/screenshot 200 253 ms - 1215700
[38;5;0m[HTTP][0m 
[38;5;0m[HTTP][0m [37m-->[39m [37mPOST[39m [37m/wd/hub/session/389983ee-0ef9-4b60-b6d9-0b7847823955/context[39m
[38;5;0m[HTTP][0m {"name":"NATIVE_APP"}
[38;5;0m[HTTP][0m <-- POST /wd/hub/session/389983ee-0ef9-4b60-b6d9-0b7847823955/context 200 0 ms - 14
[38;5;0m[HTTP][0m 
[38;5;0m[HTTP][0m [37m-->[39m [37mGET[39m [37m/wd/hub/status[39m
[38;5;0m[HTTP][0m {}
[38;5;0m[HTTP][0m <-- GET /wd/hub/status 200 1 ms - 199
[38;5;0m[HTTP][0m 
[38;5;0m[HTTP][0m [37m-->[39m [37mPOST[39m [37m/wd/hub/session[39m
[38;5;0m[HTTP][0m {"desiredCapabilities":{"appium:waitForAppScript":"true;","appium:newCommandTimeout":1800,"appium:automationName":"XCUITest","appium:fullReset":true,"appium:platformVersion":"17.3","appium:deviceId":"00008110-00112D590CD0201E","appium:noReset":false,"appium:udid":"00008110-00112D590CD0201E","appium:wdaLocalPort":60207,"appium:deviceName":"Safa’s iPhone","platformName":"iOS","appium:app":"/Users/safaamarir/APK/IOS/IS/IS_PreProd_2.1_192.ipa"},"capabilities":{"firstMatch":[{"appium:app":"/Users/safaamarir/APK/IOS/IS/IS_PreProd_2.1_192.ipa","appium:automationName":"XCUITest","appium:deviceId":"00008110-00112D590CD0201E","appium:deviceName":"Safa’s iPhone","appium:fullReset":true,"appium:newCommandTimeout":1800,"appium:noReset":false,"appium:platformVersion":"17.3","appium:udid":"00008110-00112D590CD0201E","appium:waitForAppScript":"true;","appium:wdaLocalPort":60207,"platformName":"ios"}]}}
[Appium] Attempting to find matching driver for automationName 'XCUITest' and platformName 'ios'
[Appium] The 'xcuitest' driver was installed and matched caps.
[Appium] Will require it at /Users/safaamarir/.appium/node_modules/appium-xcuitest-driver
[38;5;16m[AppiumDriver@21df][0m Appium v2.4.1 creating new XCUITestDriver (v5.12.2) session
[38;5;16m[AppiumDriver@21df][0m Checking BaseDriver versions for Appium and XCUITestDriver
[38;5;16m[AppiumDriver@21df][0m Appium's BaseDriver version is 9.5.0
[38;5;16m[AppiumDriver@21df][0m XCUITestDriver's BaseDriver version is 9.5.0
[38;5;32m[XCUITestDriver@0a6e][0m The following provided capabilities were not recognized by this driver:
[38;5;32m[XCUITestDriver@0a6e][0m   deviceId
[38;5;32m[XCUITestDriver@0a6e][0m   waitForAppScript
[38;5;32m[XCUITestDriver@0a6e (0d77d57b)][0m Session created with session id: 0d77d57b-8c18-45df-995e-0e6d7a3baf66
[38;5;32m[XCUITestDriver@0a6e (0d77d57b)][0m Determining device to run tests on: udid: '00008110-00112D590CD0201E', real device: true
[38;5;64m[BaseDriver][0m Using local app '/Users/safaamarir/APK/IOS/IS/IS_PreProd_2.1_192.ipa'
[38;5;32m[XCUITestDriver@0a6e (0d77d57b)][0m Using '/var/folders/dr/hvvl248x633c1m8wcfxyldx00000gn/T/Katalon/Appium/Temp1705313868533/2024015-63378-1tlp8sq.9kep/eKareApp.app' which was cached from '/Users/safaamarir/APK/IOS/IS/IS_PreProd_2.1_192.ipa'
[38;5;32m[XCUITestDriver@0a6e (0d77d57b)][0m Using WDA path: '/Users/safaamarir/.appium/node_modules/appium-xcuitest-driver/node_modules/appium-webdriveragent'
[38;5;32m[XCUITestDriver@0a6e (0d77d57b)][0m Using WDA agent: '/Users/safaamarir/.appium/node_modules/appium-xcuitest-driver/node_modules/appium-webdriveragent/WebDriverAgent.xcodeproj'
[38;5;32m[XCUITestDriver@0a6e (0d77d57b)][0m Setting up real device
[38;5;32m[XCUITestDriver@0a6e (0d77d57b)][0m App 'com.ekareinc.insight.healthcare' is not installed yet or it has an offload and cannot be detected, which might keep the local data.
[38;5;0m[HTTP][0m <-- POST /wd/hub/session - - ms - -
[38;5;0m[HTTP][0m 
[38;5;48m[XCUITest][0m App installation succeeded after 12220ms
[38;5;96m[DevCon Factory][0m Requesting connection for device 00008110-00112D590CD0201E on local port 60207, device port 60207
[38;5;96m[DevCon Factory][0m Successfully requested the connection for 00008110-00112D590CD0201E:60207
[38;5;112m[WD Proxy][0m socket hang up
[38;5;32m[XCUITestDriver@0a6e (0d77d57b)][0m Launching WebDriverAgent on the device
[38;5;32m[XCUITestDriver@0a6e (0d77d57b)][0m There is no need to perform the project cleanup. A fresh install has been detected
[38;5;32m[XCUITestDriver@0a6e (0d77d57b)][0m socket hang up
[38;5;32m[XCUITestDriver@0a6e (0d77d57b)][0m socket hang up
[38;5;32m[XCUITestDriver@0a6e (0d77d57b)][0m socket hang up
[38;5;32m[XCUITestDriver@0a6e (0d77d57b)][0m socket hang up
[38;5;32m[XCUITestDriver@0a6e (0d77d57b)][0m socket hang up
[38;5;32m[XCUITestDriver@0a6e (0d77d57b)][0m socket hang up
[38;5;32m[XCUITestDriver@0a6e (0d77d57b)][0m socket hang up
[38;5;32m[XCUITestDriver@0a6e (0d77d57b)][0m Determined the downstream protocol as 'W3C'
[38;5;16m[AppiumDriver@21df][0m New XCUITestDriver session created successfully, session 0d77d57b-8c18-45df-995e-0e6d7a3baf66 added to master session list
[38;5;32m[XCUITestDriver@48e8 (389983ee)][0m Shutting down because we waited 1800 seconds for a command
[38;5;16m[AppiumDriver@21df][0m Ending session, cause was 'New Command Timeout of 1800 seconds expired. Try customizing the timeout using the 'newCommandTimeout' desired capability'
[38;5;16m[AppiumDriver@21df][0m Removing session '389983ee-0ef9-4b60-b6d9-0b7847823955' from our master session list
[38;5;96m[DevCon Factory][0m Releasing connections for 00008110-00112D590CD0201E device on any port number
[38;5;96m[DevCon Factory][0m Found cached connections to release: ["00008110-00112D590CD0201E:60083","00008110-00112D590CD0201E:60207"]
[38;5;96m[DevCon Factory][0m Releasing the listener for '00008110-00112D590CD0201E:60083'
[38;5;96m[DevCon Factory][0m Releasing the listener for '00008110-00112D590CD0201E:60207'
[38;5;128m[iProxy@00008110:60083][0m The connection has been closed
[38;5;128m[iProxy@00008110:60207][0m The connection has been closed
[38;5;32m[XCUITestDriver@0a6e (0d77d57b)][0m Shutting down because we waited 1800 seconds for a command
[38;5;16m[AppiumDriver@21df][0m Ending session, cause was 'New Command Timeout of 1800 seconds expired. Try customizing the timeout using the 'newCommandTimeout' desired capability'
[38;5;16m[AppiumDriver@21df][0m Removing session '0d77d57b-8c18-45df-995e-0e6d7a3baf66' from our master session list
[38;5;96m[DevCon Factory][0m Releasing connections for 00008110-00112D590CD0201E device on any port number
[38;5;96m[DevCon Factory][0m No cached connections have been found
