[35m[Appium][39m Welcome to Appium v2.4.1 (REV b3751bca8c4a3c76107d5aa3b75b81db93cf4bb6)
[35m[Appium][39m Non-default server args:
[35m[Appium][39m { basePath: [32m'/wd/hub'[39m, loglevel: [32m'info'[39m, port: [33m55056[39m }
[35m[Appium][39m Attempting to load driver xcuitest...
[35m[Appium][39m Attempting to load driver uiautomator2...
[Appium] Appium REST http interface listener started on http://0.0.0.0:55056/wd/hub
[Appium] You can provide the following URLs in your client code to connect to this server:
[Appium] 	http://127.0.0.1:55056/wd/hub (only accessible from the same host)
[Appium] 	http://192.168.11.106:55056/wd/hub
[Appium] Available drivers:
[Appium]   - xcuitest@5.12.2 (automationName 'XCUITest')
[Appium]   - uiautomator2@2.40.0 (automationName 'UiAutomator2')
[Appium] No plugins have been installed. Use the "appium plugin" command to install the one(s) you want to use.
[38;5;0m[HTTP][0m [37m-->[39m [37mGET[39m [37m/wd/hub/status[39m
[38;5;0m[HTTP][0m {}
[38;5;0m[HTTP][0m <-- GET /wd/hub/status 200 2 ms - 199
[38;5;0m[HTTP][0m 
[38;5;0m[HTTP][0m [37m-->[39m [37mPOST[39m [37m/wd/hub/session[39m
[38;5;0m[HTTP][0m {"desiredCapabilities":{"appium:systemPort":55055,"appium:newCommandTimeout":1800,"appium:appWaitActivity":"*","appium:automationName":"Uiautomator2","appium:fullReset":false,"appium:platformVersion":"12","appium:deviceId":"","appium:noReset":true,"appium:udid":"RF8N307NKZV","appium:autoGrantPermissions":true,"appium:platformName":"ANDROID","appium:deviceName":"samsung SM-N975F (Android 12)","platformName":"Android","appium:app":"/Users/safaamarir/APK/Android/EU/181-EU-preprod.apk"},"capabilities":{"firstMatch":[{"appium:app":"/Users/safaamarir/APK/Android/EU/181-EU-preprod.apk","appium:appWaitActivity":"*","appium:autoGrantPermissions":true,"appium:automationName":"Uiautomator2","appium:deviceId":"","appium:deviceName":"samsung SM-N975F (Android 12)","appium:fullReset":false,"appium:newCommandTimeout":1800,"appium:noReset":true,"appium:platformName":"ANDROID","appium:platformVersion":"12","appium:systemPort":55055,"appium:udid":"RF8N307NKZV","platformName":"android"}]}}
[38;5;32m[BaseDriver][0m Ignoring capability 'appium:platformName=ANDROID' and using capability 'platformName=android'
[38;5;32m[BaseDriver][0m The capabilities ["platformName"] are standard capabilities and do not require "appium:" prefix
[Appium] Attempting to find matching driver for automationName 'Uiautomator2' and platformName 'android'
[Appium] The 'uiautomator2' driver was installed and matched caps.
[Appium] Will require it at /Users/safaamarir/.appium/node_modules/appium-uiautomator2-driver
[38;5;16m[AppiumDriver@7bec][0m Appium v2.4.1 creating new AndroidUiautomator2Driver (v2.40.0) session
[38;5;16m[AppiumDriver@7bec][0m Checking BaseDriver versions for Appium and AndroidUiautomator2Driver
[38;5;16m[AppiumDriver@7bec][0m Appium's BaseDriver version is 9.5.0
[38;5;16m[AppiumDriver@7bec][0m AndroidUiautomator2Driver's BaseDriver version is 9.5.0
[38;5;48m[AndroidUiautomator2Driver@f0d1][0m The following provided capabilities were not recognized by this driver:
[38;5;48m[AndroidUiautomator2Driver@f0d1][0m   deviceId
[38;5;48m[AndroidUiautomator2Driver@f0d1 (5b54eae0)][0m Session created with session id: 5b54eae0-d721-49ea-b0aa-da725b2025a0
[38;5;32m[BaseDriver][0m Using local app '/Users/safaamarir/APK/Android/EU/181-EU-preprod.apk'
[38;5;64m[ADB][0m Found 1 'build-tools' folders under '/Users/safaamarir/.katalon/tools/android_sdk' (newest first):
[38;5;64m[ADB][0m     /Users/safaamarir/.katalon/tools/android_sdk/build-tools/29.0.3
[38;5;64m[ADB][0m Using 'adb' from '/Users/safaamarir/.katalon/tools/android_sdk/platform-tools/adb'
[38;5;80m[AndroidDriver][0m Retrieving device list
[38;5;80m[AndroidDriver][0m Using device: RF8N307NKZV
[38;5;64m[ADB][0m Using 'adb' from '/Users/safaamarir/.katalon/tools/android_sdk/platform-tools/adb'
[38;5;64m[ADB][0m Getting device platform version
[38;5;48m[AndroidUiautomator2Driver@f0d1 (5b54eae0)][0m Relaxing hidden api policy
[38;5;64m[ADB][0m Package name: 'com.ekareinc.insight.europe'
[38;5;64m[ADB][0m Main activity name: 'com.ekareinc.insight.standard.MainActivity'
[38;5;64m[ADB][0m Using 'apksigner.jar' from '/Users/safaamarir/.katalon/tools/android_sdk/build-tools/29.0.3/lib/apksigner.jar'
[38;5;64m[ADB][0m '/Users/safaamarir/.appium/node_modules/appium-uiautomator2-driver/node_modules/appium-uiautomator2-server/apks/appium-uiautomator2-server-debug-androidTest.apk' is signed with the default certificate
[38;5;64m[ADB][0m '/Users/safaamarir/.appium/node_modules/appium-uiautomator2-driver/node_modules/appium-uiautomator2-server/apks/appium-uiautomator2-server-v6.0.1.apk' is signed with the default certificate
[38;5;48m[AndroidUiautomator2Driver@f0d1 (5b54eae0)][0m Server packages are not going to be (re)installed
[38;5;64m[ADB][0m Adding packages ["io.appium.settings","io.appium.uiautomator2.server","io.appium.uiautomator2.server.test"] to Doze whitelist
[38;5;64m[ADB][0m '/Users/safaamarir/APK/Android/EU/181-EU-preprod.apk' is signed with a non-default certificate
[38;5;64m[ADB][0m The application at '/Users/safaamarir/APK/Android/EU/181-EU-preprod.apk' will not be cached, because the device under test has confirmed the support of streamed installs
[38;5;64m[ADB][0m The installation of '181-EU-preprod.apk' took 11788ms
[38;5;48m[AndroidUiautomator2Driver@f0d1 (5b54eae0)][0m Starting UIAutomator2 server 6.0.1
[38;5;48m[AndroidUiautomator2Driver@f0d1 (5b54eae0)][0m Using UIAutomator2 server from '/Users/safaamarir/.appium/node_modules/appium-uiautomator2-driver/node_modules/appium-uiautomator2-server/apks/appium-uiautomator2-server-v6.0.1.apk' and test from '/Users/safaamarir/.appium/node_modules/appium-uiautomator2-driver/node_modules/appium-uiautomator2-server/apks/appium-uiautomator2-server-debug-androidTest.apk'
[38;5;48m[AndroidUiautomator2Driver@f0d1 (5b54eae0)][0m Waiting up to 30000ms for UiAutomator2 to be online...
[38;5;48m[AndroidUiautomator2Driver@f0d1 (5b54eae0)][0m socket hang up
[38;5;48m[AndroidUiautomator2Driver@f0d1 (5b54eae0)][0m socket hang up
[38;5;48m[AndroidUiautomator2Driver@f0d1 (5b54eae0)][0m Determined the downstream protocol as 'W3C'
[38;5;80m[AndroidDriver][0m Screen already unlocked, doing nothing
[38;5;48m[AndroidUiautomator2Driver@f0d1 (5b54eae0)][0m Starting 'com.ekareinc.insight.europe/com.ekareinc.insight.standard.MainActivity and waiting for 'com.ekareinc.insight.europe/*'
[38;5;16m[AppiumDriver@7bec][0m New AndroidUiautomator2Driver session created successfully, session 5b54eae0-d721-49ea-b0aa-da725b2025a0 added to master session list
[38;5;0m[HTTP][0m <-- POST /wd/hub/session 200 20330 ms - 1266
[38;5;0m[HTTP][0m 
[38;5;0m[HTTP][0m [37m-->[39m [37mGET[39m [37m/wd/hub/session/5b54eae0-d721-49ea-b0aa-da725b2025a0[39m
[38;5;0m[HTTP][0m {}
[38;5;0m[HTTP][0m <-- GET /wd/hub/session/5b54eae0-d721-49ea-b0aa-da725b2025a0 200 11 ms - 380
[38;5;0m[HTTP][0m 
[38;5;0m[HTTP][0m [37m-->[39m [37mGET[39m [37m/wd/hub/session/5b54eae0-d721-49ea-b0aa-da725b2025a0[39m
[38;5;0m[HTTP][0m {}
[38;5;0m[HTTP][0m <-- GET /wd/hub/session/5b54eae0-d721-49ea-b0aa-da725b2025a0 200 17 ms - 380
[38;5;0m[HTTP][0m 
[38;5;0m[HTTP][0m [37m-->[39m [37mGET[39m [37m/wd/hub/status[39m
[38;5;0m[HTTP][0m {}
[38;5;0m[HTTP][0m <-- GET /wd/hub/status 200 1 ms - 199
[38;5;0m[HTTP][0m 
[38;5;0m[HTTP][0m [37m-->[39m [37mPOST[39m [37m/wd/hub/session/5b54eae0-d721-49ea-b0aa-da725b2025a0/timeouts[39m
[38;5;0m[HTTP][0m {"implicit":30000}
[38;5;0m[HTTP][0m <-- POST /wd/hub/session/5b54eae0-d721-49ea-b0aa-da725b2025a0/timeouts 200 1 ms - 14
[38;5;0m[HTTP][0m 
[38;5;0m[HTTP][0m [37m-->[39m [37mGET[39m [37m/wd/hub/session/5b54eae0-d721-49ea-b0aa-da725b2025a0/appium/device/system_bars[39m
[38;5;0m[HTTP][0m {}
[38;5;0m[HTTP][0m <-- GET /wd/hub/session/5b54eae0-d721-49ea-b0aa-da725b2025a0/appium/device/system_bars 200 62 ms - 151
[38;5;0m[HTTP][0m 
[38;5;0m[HTTP][0m [37m-->[39m [37mPOST[39m [37m/wd/hub/session/5b54eae0-d721-49ea-b0aa-da725b2025a0/timeouts[39m
[38;5;0m[HTTP][0m {"implicit":50}
[38;5;0m[HTTP][0m <-- POST /wd/hub/session/5b54eae0-d721-49ea-b0aa-da725b2025a0/timeouts 200 2 ms - 14
[38;5;0m[HTTP][0m 
[38;5;0m[HTTP][0m [37m-->[39m [37mGET[39m [37m/wd/hub/session/5b54eae0-d721-49ea-b0aa-da725b2025a0/window/rect[39m
[38;5;0m[HTTP][0m {}
[38;5;0m[HTTP][0m <-- GET /wd/hub/session/5b54eae0-d721-49ea-b0aa-da725b2025a0/window/rect 200 15 ms - 50
[38;5;0m[HTTP][0m 
[38;5;0m[HTTP][0m [37m-->[39m [37mPOST[39m [37m/wd/hub/session/5b54eae0-d721-49ea-b0aa-da725b2025a0/elements[39m
[38;5;0m[HTTP][0m {"using":"xpath","value":"//hierarchy/android.widget.FrameLayout[1]/android.widget.LinearLayout[1]/android.widget.FrameLayout[1]/android.widget.LinearLayout[1]/android.widget.FrameLayout[1]/android.widget.FrameLayout[1]/android.widget.ScrollView[1]/android.view.ViewGroup[1]/android.view.ViewGroup[1]/android.widget.EditText[1]"}
[38;5;0m[HTTP][0m <-- POST /wd/hub/session/5b54eae0-d721-49ea-b0aa-da725b2025a0/elements 200 222 ms - 12
[38;5;0m[HTTP][0m 
[38;5;0m[HTTP][0m [37m-->[39m [37mPOST[39m [37m/wd/hub/session/5b54eae0-d721-49ea-b0aa-da725b2025a0/elements[39m
[38;5;0m[HTTP][0m {"using":"xpath","value":"//hierarchy/android.widget.FrameLayout[1]/android.widget.LinearLayout[1]/android.widget.FrameLayout[1]/android.widget.LinearLayout[1]/android.widget.FrameLayout[1]/android.widget.FrameLayout[1]/android.widget.ScrollView[1]/android.view.ViewGroup[1]/android.view.ViewGroup[1]/android.widget.EditText[1]"}
[38;5;0m[HTTP][0m <-- POST /wd/hub/session/5b54eae0-d721-49ea-b0aa-da725b2025a0/elements 200 103 ms - 12
[38;5;0m[HTTP][0m 
[38;5;0m[HTTP][0m [37m-->[39m [37mPOST[39m [37m/wd/hub/session/5b54eae0-d721-49ea-b0aa-da725b2025a0/elements[39m
[38;5;0m[HTTP][0m {"using":"xpath","value":"//hierarchy/android.widget.FrameLayout[1]/android.widget.LinearLayout[1]/android.widget.FrameLayout[1]/android.widget.LinearLayout[1]/android.widget.FrameLayout[1]/android.widget.FrameLayout[1]/android.widget.ScrollView[1]/android.view.ViewGroup[1]/android.view.ViewGroup[1]/android.widget.EditText[1]"}
[38;5;0m[HTTP][0m <-- POST /wd/hub/session/5b54eae0-d721-49ea-b0aa-da725b2025a0/elements 200 146 ms - 12
[38;5;0m[HTTP][0m 
[38;5;0m[HTTP][0m [37m-->[39m [37mPOST[39m [37m/wd/hub/session/5b54eae0-d721-49ea-b0aa-da725b2025a0/elements[39m
[38;5;0m[HTTP][0m {"using":"xpath","value":"//hierarchy/android.widget.FrameLayout[1]/android.widget.LinearLayout[1]/android.widget.FrameLayout[1]/android.widget.LinearLayout[1]/android.widget.FrameLayout[1]/android.widget.FrameLayout[1]/android.widget.ScrollView[1]/android.view.ViewGroup[1]/android.view.ViewGroup[1]/android.widget.EditText[1]"}
[38;5;0m[HTTP][0m <-- POST /wd/hub/session/5b54eae0-d721-49ea-b0aa-da725b2025a0/elements 200 93 ms - 12
[38;5;0m[HTTP][0m 
[38;5;0m[HTTP][0m [37m-->[39m [37mPOST[39m [37m/wd/hub/session/5b54eae0-d721-49ea-b0aa-da725b2025a0/elements[39m
[38;5;0m[HTTP][0m {"using":"xpath","value":"//hierarchy/android.widget.FrameLayout[1]/android.widget.LinearLayout[1]/android.widget.FrameLayout[1]/android.widget.LinearLayout[1]/android.widget.FrameLayout[1]/android.widget.FrameLayout[1]/android.widget.ScrollView[1]/android.view.ViewGroup[1]/android.view.ViewGroup[1]/android.widget.EditText[1]"}
[38;5;0m[HTTP][0m <-- POST /wd/hub/session/5b54eae0-d721-49ea-b0aa-da725b2025a0/elements 200 304 ms - 12
[38;5;0m[HTTP][0m 
[38;5;0m[HTTP][0m [37m-->[39m [37mPOST[39m [37m/wd/hub/session/5b54eae0-d721-49ea-b0aa-da725b2025a0/elements[39m
[38;5;0m[HTTP][0m {"using":"xpath","value":"//hierarchy/android.widget.FrameLayout[1]/android.widget.LinearLayout[1]/android.widget.FrameLayout[1]/android.widget.LinearLayout[1]/android.widget.FrameLayout[1]/android.widget.FrameLayout[1]/android.widget.ScrollView[1]/android.view.ViewGroup[1]/android.view.ViewGroup[1]/android.widget.EditText[1]"}
[38;5;0m[HTTP][0m <-- POST /wd/hub/session/5b54eae0-d721-49ea-b0aa-da725b2025a0/elements 200 391 ms - 12
[38;5;0m[HTTP][0m 
[38;5;0m[HTTP][0m [37m-->[39m [37mPOST[39m [37m/wd/hub/session/5b54eae0-d721-49ea-b0aa-da725b2025a0/elements[39m
[38;5;0m[HTTP][0m {"using":"xpath","value":"//hierarchy/android.widget.FrameLayout[1]/android.widget.LinearLayout[1]/android.widget.FrameLayout[1]/android.widget.LinearLayout[1]/android.widget.FrameLayout[1]/android.widget.FrameLayout[1]/android.widget.ScrollView[1]/android.view.ViewGroup[1]/android.view.ViewGroup[1]/android.widget.EditText[1]"}
[38;5;0m[HTTP][0m <-- POST /wd/hub/session/5b54eae0-d721-49ea-b0aa-da725b2025a0/elements 200 99 ms - 12
[38;5;0m[HTTP][0m 
[38;5;0m[HTTP][0m [37m-->[39m [37mPOST[39m [37m/wd/hub/session/5b54eae0-d721-49ea-b0aa-da725b2025a0/elements[39m
[38;5;0m[HTTP][0m {"using":"xpath","value":"//hierarchy/android.widget.FrameLayout[1]/android.widget.LinearLayout[1]/android.widget.FrameLayout[1]/android.widget.LinearLayout[1]/android.widget.FrameLayout[1]/android.widget.FrameLayout[1]/android.widget.ScrollView[1]/android.view.ViewGroup[1]/android.view.ViewGroup[1]/android.widget.EditText[1]"}
[38;5;0m[HTTP][0m <-- POST /wd/hub/session/5b54eae0-d721-49ea-b0aa-da725b2025a0/elements 200 95 ms - 12
[38;5;0m[HTTP][0m 
[38;5;0m[HTTP][0m [37m-->[39m [37mPOST[39m [37m/wd/hub/session/5b54eae0-d721-49ea-b0aa-da725b2025a0/elements[39m
[38;5;0m[HTTP][0m {"using":"xpath","value":"//hierarchy/android.widget.FrameLayout[1]/android.widget.LinearLayout[1]/android.widget.FrameLayout[1]/android.widget.LinearLayout[1]/android.widget.FrameLayout[1]/android.widget.FrameLayout[1]/android.widget.ScrollView[1]/android.view.ViewGroup[1]/android.view.ViewGroup[1]/android.widget.EditText[1]"}
[38;5;0m[HTTP][0m <-- POST /wd/hub/session/5b54eae0-d721-49ea-b0aa-da725b2025a0/elements 200 91 ms - 12
[38;5;0m[HTTP][0m 
[38;5;0m[HTTP][0m [37m-->[39m [37mPOST[39m [37m/wd/hub/session/5b54eae0-d721-49ea-b0aa-da725b2025a0/elements[39m
[38;5;0m[HTTP][0m {"using":"xpath","value":"//hierarchy/android.widget.FrameLayout[1]/android.widget.LinearLayout[1]/android.widget.FrameLayout[1]/android.widget.LinearLayout[1]/android.widget.FrameLayout[1]/android.widget.FrameLayout[1]/android.widget.ScrollView[1]/android.view.ViewGroup[1]/android.view.ViewGroup[1]/android.widget.EditText[1]"}
[38;5;0m[HTTP][0m <-- POST /wd/hub/session/5b54eae0-d721-49ea-b0aa-da725b2025a0/elements 200 92 ms - 12
[38;5;0m[HTTP][0m 
[38;5;0m[HTTP][0m [37m-->[39m [37mPOST[39m [37m/wd/hub/session/5b54eae0-d721-49ea-b0aa-da725b2025a0/elements[39m
[38;5;0m[HTTP][0m {"using":"xpath","value":"//hierarchy/android.widget.FrameLayout[1]/android.widget.LinearLayout[1]/android.widget.FrameLayout[1]/android.widget.LinearLayout[1]/android.widget.FrameLayout[1]/android.widget.FrameLayout[1]/android.widget.ScrollView[1]/android.view.ViewGroup[1]/android.view.ViewGroup[1]/android.widget.EditText[1]"}
[38;5;0m[HTTP][0m <-- POST /wd/hub/session/5b54eae0-d721-49ea-b0aa-da725b2025a0/elements 200 94 ms - 12
[38;5;0m[HTTP][0m 
[38;5;0m[HTTP][0m [37m-->[39m [37mPOST[39m [37m/wd/hub/session/5b54eae0-d721-49ea-b0aa-da725b2025a0/elements[39m
[38;5;0m[HTTP][0m {"using":"xpath","value":"//hierarchy/android.widget.FrameLayout[1]/android.widget.LinearLayout[1]/android.widget.FrameLayout[1]/android.widget.LinearLayout[1]/android.widget.FrameLayout[1]/android.widget.FrameLayout[1]/android.widget.ScrollView[1]/android.view.ViewGroup[1]/android.view.ViewGroup[1]/android.widget.EditText[1]"}
[38;5;0m[HTTP][0m <-- POST /wd/hub/session/5b54eae0-d721-49ea-b0aa-da725b2025a0/elements 200 88 ms - 12
[38;5;0m[HTTP][0m 
[38;5;0m[HTTP][0m [37m-->[39m [37mPOST[39m [37m/wd/hub/session/5b54eae0-d721-49ea-b0aa-da725b2025a0/elements[39m
[38;5;0m[HTTP][0m {"using":"xpath","value":"//hierarchy/android.widget.FrameLayout[1]/android.widget.LinearLayout[1]/android.widget.FrameLayout[1]/android.widget.LinearLayout[1]/android.widget.FrameLayout[1]/android.widget.FrameLayout[1]/android.widget.ScrollView[1]/android.view.ViewGroup[1]/android.view.ViewGroup[1]/android.widget.EditText[1]"}
[38;5;0m[HTTP][0m <-- POST /wd/hub/session/5b54eae0-d721-49ea-b0aa-da725b2025a0/elements 200 843 ms - 12
[38;5;0m[HTTP][0m 
[38;5;0m[HTTP][0m [37m-->[39m [37mPOST[39m [37m/wd/hub/session/5b54eae0-d721-49ea-b0aa-da725b2025a0/elements[39m
[38;5;0m[HTTP][0m {"using":"xpath","value":"//hierarchy/android.widget.FrameLayout[1]/android.widget.LinearLayout[1]/android.widget.FrameLayout[1]/android.widget.LinearLayout[1]/android.widget.FrameLayout[1]/android.widget.FrameLayout[1]/android.widget.ScrollView[1]/android.view.ViewGroup[1]/android.view.ViewGroup[1]/android.widget.EditText[1]"}
[38;5;0m[HTTP][0m <-- POST /wd/hub/session/5b54eae0-d721-49ea-b0aa-da725b2025a0/elements 200 83 ms - 12
[38;5;0m[HTTP][0m 
[38;5;0m[HTTP][0m [37m-->[39m [37mPOST[39m [37m/wd/hub/session/5b54eae0-d721-49ea-b0aa-da725b2025a0/elements[39m
[38;5;0m[HTTP][0m {"using":"xpath","value":"//hierarchy/android.widget.FrameLayout[1]/android.widget.LinearLayout[1]/android.widget.FrameLayout[1]/android.widget.LinearLayout[1]/android.widget.FrameLayout[1]/android.widget.FrameLayout[1]/android.widget.ScrollView[1]/android.view.ViewGroup[1]/android.view.ViewGroup[1]/android.widget.EditText[1]"}
[38;5;0m[HTTP][0m <-- POST /wd/hub/session/5b54eae0-d721-49ea-b0aa-da725b2025a0/elements 200 432 ms - 139
[38;5;0m[HTTP][0m 
[38;5;0m[HTTP][0m [37m-->[39m [37mGET[39m [37m/wd/hub/session/5b54eae0-d721-49ea-b0aa-da725b2025a0/element/00000000-0000-028b-ffff-ffff00000021/location[39m
[38;5;0m[HTTP][0m {}
[38;5;48m[AndroidUiautomator2Driver@f0d1 (5b54eae0)][0m Driver proxy active, passing request on via HTTP proxy
[38;5;48m[AndroidUiautomator2Driver@f0d1 (5b54eae0)][0m Replacing sessionId c8ea696d-8e1a-457c-994e-4bc1448afd31 with 5b54eae0-d721-49ea-b0aa-da725b2025a0
[38;5;0m[HTTP][0m <-- GET /wd/hub/session/5b54eae0-d721-49ea-b0aa-da725b2025a0/element/00000000-0000-028b-ffff-ffff00000021/location 200 172 ms - 78
[38;5;0m[HTTP][0m 
[38;5;0m[HTTP][0m [37m-->[39m [37mPOST[39m [37m/wd/hub/session/5b54eae0-d721-49ea-b0aa-da725b2025a0/timeouts[39m
[38;5;0m[HTTP][0m {"implicit":30000}
[38;5;0m[HTTP][0m <-- POST /wd/hub/session/5b54eae0-d721-49ea-b0aa-da725b2025a0/timeouts 200 0 ms - 14
[38;5;0m[HTTP][0m 
[38;5;0m[HTTP][0m [37m-->[39m [37mPOST[39m [37m/wd/hub/session/5b54eae0-d721-49ea-b0aa-da725b2025a0/element/00000000-0000-028b-ffff-ffff00000021/clear[39m
[38;5;0m[HTTP][0m {"id":"00000000-0000-028b-ffff-ffff00000021"}
[38;5;0m[HTTP][0m <-- POST /wd/hub/session/5b54eae0-d721-49ea-b0aa-da725b2025a0/element/00000000-0000-028b-ffff-ffff00000021/clear 200 38 ms - 14
[38;5;0m[HTTP][0m 
[38;5;0m[HTTP][0m [37m-->[39m [37mPOST[39m [37m/wd/hub/session/5b54eae0-d721-49ea-b0aa-da725b2025a0/element/00000000-0000-028b-ffff-ffff00000021/click[39m
[38;5;0m[HTTP][0m {"id":"00000000-0000-028b-ffff-ffff00000021"}
[38;5;0m[HTTP][0m <-- POST /wd/hub/session/5b54eae0-d721-49ea-b0aa-da725b2025a0/element/00000000-0000-028b-ffff-ffff00000021/click 200 1308 ms - 14
[38;5;0m[HTTP][0m 
[38;5;0m[HTTP][0m [37m-->[39m [37mPOST[39m [37m/wd/hub/session/5b54eae0-d721-49ea-b0aa-da725b2025a0/element/00000000-0000-028b-ffff-ffff00000021/value[39m
[38;5;0m[HTTP][0m {"id":"00000000-0000-028b-ffff-ffff00000021","text":"katalon","value":["k","a","t","a","l","o","n"]}
[38;5;0m[HTTP][0m <-- POST /wd/hub/session/5b54eae0-d721-49ea-b0aa-da725b2025a0/element/00000000-0000-028b-ffff-ffff00000021/value 200 55 ms - 14
[38;5;0m[HTTP][0m 
[38;5;0m[HTTP][0m [37m-->[39m [37mPOST[39m [37m/wd/hub/session/5b54eae0-d721-49ea-b0aa-da725b2025a0/timeouts[39m
[38;5;0m[HTTP][0m {"implicit":50}
[38;5;0m[HTTP][0m <-- POST /wd/hub/session/5b54eae0-d721-49ea-b0aa-da725b2025a0/timeouts 200 0 ms - 14
[38;5;0m[HTTP][0m 
[38;5;0m[HTTP][0m [37m-->[39m [37mGET[39m [37m/wd/hub/session/5b54eae0-d721-49ea-b0aa-da725b2025a0/window/rect[39m
[38;5;0m[HTTP][0m {}
[38;5;0m[HTTP][0m <-- GET /wd/hub/session/5b54eae0-d721-49ea-b0aa-da725b2025a0/window/rect 200 9 ms - 50
[38;5;0m[HTTP][0m 
[38;5;0m[HTTP][0m [37m-->[39m [37mPOST[39m [37m/wd/hub/session/5b54eae0-d721-49ea-b0aa-da725b2025a0/elements[39m
[38;5;0m[HTTP][0m {"using":"xpath","value":"//hierarchy/android.widget.FrameLayout[1]/android.widget.LinearLayout[1]/android.widget.FrameLayout[1]/android.widget.LinearLayout[1]/android.widget.FrameLayout[1]/android.widget.FrameLayout[1]/android.widget.ScrollView[1]/android.view.ViewGroup[1]/android.view.ViewGroup[2]/android.widget.EditText[1]"}
[38;5;0m[HTTP][0m <-- POST /wd/hub/session/5b54eae0-d721-49ea-b0aa-da725b2025a0/elements 200 710 ms - 139
[38;5;0m[HTTP][0m 
[38;5;0m[HTTP][0m [37m-->[39m [37mGET[39m [37m/wd/hub/session/5b54eae0-d721-49ea-b0aa-da725b2025a0/element/00000000-0000-028b-ffff-ffff00000024/location[39m
[38;5;0m[HTTP][0m {}
[38;5;48m[AndroidUiautomator2Driver@f0d1 (5b54eae0)][0m Driver proxy active, passing request on via HTTP proxy
[38;5;48m[AndroidUiautomator2Driver@f0d1 (5b54eae0)][0m Replacing sessionId c8ea696d-8e1a-457c-994e-4bc1448afd31 with 5b54eae0-d721-49ea-b0aa-da725b2025a0
[38;5;0m[HTTP][0m <-- GET /wd/hub/session/5b54eae0-d721-49ea-b0aa-da725b2025a0/element/00000000-0000-028b-ffff-ffff00000024/location 200 23 ms - 78
[38;5;0m[HTTP][0m 
[38;5;0m[HTTP][0m [37m-->[39m [37mPOST[39m [37m/wd/hub/session/5b54eae0-d721-49ea-b0aa-da725b2025a0/timeouts[39m
[38;5;0m[HTTP][0m {"implicit":30000}
[38;5;0m[HTTP][0m <-- POST /wd/hub/session/5b54eae0-d721-49ea-b0aa-da725b2025a0/timeouts 200 0 ms - 14
[38;5;0m[HTTP][0m 
[38;5;0m[HTTP][0m [37m-->[39m [37mPOST[39m [37m/wd/hub/session/5b54eae0-d721-49ea-b0aa-da725b2025a0/element/00000000-0000-028b-ffff-ffff00000024/clear[39m
[38;5;0m[HTTP][0m {"id":"00000000-0000-028b-ffff-ffff00000024"}
[38;5;0m[HTTP][0m <-- POST /wd/hub/session/5b54eae0-d721-49ea-b0aa-da725b2025a0/element/00000000-0000-028b-ffff-ffff00000024/clear 200 32 ms - 14
[38;5;0m[HTTP][0m 
[38;5;0m[HTTP][0m [37m-->[39m [37mPOST[39m [37m/wd/hub/session/5b54eae0-d721-49ea-b0aa-da725b2025a0/element/00000000-0000-028b-ffff-ffff00000024/click[39m
[38;5;0m[HTTP][0m {"id":"00000000-0000-028b-ffff-ffff00000024"}
[38;5;0m[HTTP][0m <-- POST /wd/hub/session/5b54eae0-d721-49ea-b0aa-da725b2025a0/element/00000000-0000-028b-ffff-ffff00000024/click 200 1195 ms - 14
[38;5;0m[HTTP][0m 
[38;5;0m[HTTP][0m [37m-->[39m [37mPOST[39m [37m/wd/hub/session/5b54eae0-d721-49ea-b0aa-da725b2025a0/element/00000000-0000-028b-ffff-ffff00000024/value[39m
[38;5;0m[HTTP][0m {"id":"00000000-0000-028b-ffff-ffff00000024","text":"eKare123@","value":["e","K","a","r","e","1","2","3","@"]}
[38;5;0m[HTTP][0m <-- POST /wd/hub/session/5b54eae0-d721-49ea-b0aa-da725b2025a0/element/00000000-0000-028b-ffff-ffff00000024/value 200 59 ms - 14
[38;5;0m[HTTP][0m 
[38;5;0m[HTTP][0m [37m-->[39m [37mPOST[39m [37m/wd/hub/session/5b54eae0-d721-49ea-b0aa-da725b2025a0/timeouts[39m
[38;5;0m[HTTP][0m {"implicit":50}
[38;5;0m[HTTP][0m <-- POST /wd/hub/session/5b54eae0-d721-49ea-b0aa-da725b2025a0/timeouts 200 0 ms - 14
[38;5;0m[HTTP][0m 
[38;5;0m[HTTP][0m [37m-->[39m [37mGET[39m [37m/wd/hub/session/5b54eae0-d721-49ea-b0aa-da725b2025a0/window/rect[39m
[38;5;0m[HTTP][0m {}
[38;5;0m[HTTP][0m <-- GET /wd/hub/session/5b54eae0-d721-49ea-b0aa-da725b2025a0/window/rect 200 5 ms - 50
[38;5;0m[HTTP][0m 
[38;5;0m[HTTP][0m [37m-->[39m [37mPOST[39m [37m/wd/hub/session/5b54eae0-d721-49ea-b0aa-da725b2025a0/elements[39m
[38;5;0m[HTTP][0m {"using":"xpath","value":"//*[@class = 'android.widget.TextView' and (@text = 'SIGN IN' or . = 'SIGN IN')]"}
[38;5;0m[HTTP][0m <-- POST /wd/hub/session/5b54eae0-d721-49ea-b0aa-da725b2025a0/elements 200 692 ms - 139
[38;5;0m[HTTP][0m 
[38;5;0m[HTTP][0m [37m-->[39m [37mGET[39m [37m/wd/hub/session/5b54eae0-d721-49ea-b0aa-da725b2025a0/element/00000000-0000-028b-ffff-ffff00000029/location[39m
[38;5;0m[HTTP][0m {}
[38;5;48m[AndroidUiautomator2Driver@f0d1 (5b54eae0)][0m Driver proxy active, passing request on via HTTP proxy
[38;5;48m[AndroidUiautomator2Driver@f0d1 (5b54eae0)][0m Replacing sessionId c8ea696d-8e1a-457c-994e-4bc1448afd31 with 5b54eae0-d721-49ea-b0aa-da725b2025a0
[38;5;0m[HTTP][0m <-- GET /wd/hub/session/5b54eae0-d721-49ea-b0aa-da725b2025a0/element/00000000-0000-028b-ffff-ffff00000029/location 200 9 ms - 79
[38;5;0m[HTTP][0m 
[38;5;0m[HTTP][0m [37m-->[39m [37mPOST[39m [37m/wd/hub/session/5b54eae0-d721-49ea-b0aa-da725b2025a0/timeouts[39m
[38;5;0m[HTTP][0m {"implicit":30000}
[38;5;0m[HTTP][0m <-- POST /wd/hub/session/5b54eae0-d721-49ea-b0aa-da725b2025a0/timeouts 200 0 ms - 14
[38;5;0m[HTTP][0m 
[38;5;0m[HTTP][0m [37m-->[39m [37mPOST[39m [37m/wd/hub/session/5b54eae0-d721-49ea-b0aa-da725b2025a0/element/00000000-0000-028b-ffff-ffff00000029/click[39m
[38;5;0m[HTTP][0m {"id":"00000000-0000-028b-ffff-ffff00000029"}
[38;5;0m[HTTP][0m <-- POST /wd/hub/session/5b54eae0-d721-49ea-b0aa-da725b2025a0/element/00000000-0000-028b-ffff-ffff00000029/click 200 51 ms - 14
[38;5;0m[HTTP][0m 
[38;5;0m[HTTP][0m [37m-->[39m [37mPOST[39m [37m/wd/hub/session/5b54eae0-d721-49ea-b0aa-da725b2025a0/timeouts[39m
[38;5;0m[HTTP][0m {"implicit":50}
[38;5;0m[HTTP][0m <-- POST /wd/hub/session/5b54eae0-d721-49ea-b0aa-da725b2025a0/timeouts 200 0 ms - 14
[38;5;0m[HTTP][0m 
[38;5;0m[HTTP][0m [37m-->[39m [37mGET[39m [37m/wd/hub/session/5b54eae0-d721-49ea-b0aa-da725b2025a0/window/rect[39m
[38;5;0m[HTTP][0m {}
[38;5;0m[HTTP][0m <-- GET /wd/hub/session/5b54eae0-d721-49ea-b0aa-da725b2025a0/window/rect 200 9 ms - 50
[38;5;0m[HTTP][0m 
[38;5;0m[HTTP][0m [37m-->[39m [37mPOST[39m [37m/wd/hub/session/5b54eae0-d721-49ea-b0aa-da725b2025a0/elements[39m
[38;5;0m[HTTP][0m {"using":"xpath","value":"//*[@class = 'android.widget.TextView' and (@text = 'Katalon' or . = 'Katalon')]"}
[38;5;0m[HTTP][0m <-- POST /wd/hub/session/5b54eae0-d721-49ea-b0aa-da725b2025a0/elements 200 110 ms - 12
[38;5;0m[HTTP][0m 
[38;5;0m[HTTP][0m [37m-->[39m [37mPOST[39m [37m/wd/hub/session/5b54eae0-d721-49ea-b0aa-da725b2025a0/elements[39m
[38;5;0m[HTTP][0m {"using":"xpath","value":"//*[@class = 'android.widget.TextView' and (@text = 'Katalon' or . = 'Katalon')]"}
[38;5;0m[HTTP][0m <-- POST /wd/hub/session/5b54eae0-d721-49ea-b0aa-da725b2025a0/elements 200 1390 ms - 139
[38;5;0m[HTTP][0m 
[38;5;0m[HTTP][0m [37m-->[39m [37mGET[39m [37m/wd/hub/session/5b54eae0-d721-49ea-b0aa-da725b2025a0/element/00000000-0000-028e-ffff-ffff00000056/location[39m
[38;5;0m[HTTP][0m {}
[38;5;48m[AndroidUiautomator2Driver@f0d1 (5b54eae0)][0m Driver proxy active, passing request on via HTTP proxy
[38;5;48m[AndroidUiautomator2Driver@f0d1 (5b54eae0)][0m Replacing sessionId c8ea696d-8e1a-457c-994e-4bc1448afd31 with 5b54eae0-d721-49ea-b0aa-da725b2025a0
[38;5;0m[HTTP][0m <-- GET /wd/hub/session/5b54eae0-d721-49ea-b0aa-da725b2025a0/element/00000000-0000-028e-ffff-ffff00000056/location 200 11 ms - 79
[38;5;0m[HTTP][0m 
[38;5;0m[HTTP][0m [37m-->[39m [37mPOST[39m [37m/wd/hub/session/5b54eae0-d721-49ea-b0aa-da725b2025a0/timeouts[39m
[38;5;0m[HTTP][0m {"implicit":30000}
[38;5;0m[HTTP][0m <-- POST /wd/hub/session/5b54eae0-d721-49ea-b0aa-da725b2025a0/timeouts 200 0 ms - 14
[38;5;0m[HTTP][0m 
[38;5;0m[HTTP][0m [37m-->[39m [37mPOST[39m [37m/wd/hub/session/5b54eae0-d721-49ea-b0aa-da725b2025a0/element/00000000-0000-028e-ffff-ffff00000056/click[39m
[38;5;0m[HTTP][0m {"id":"00000000-0000-028e-ffff-ffff00000056"}
[38;5;0m[HTTP][0m <-- POST /wd/hub/session/5b54eae0-d721-49ea-b0aa-da725b2025a0/element/00000000-0000-028e-ffff-ffff00000056/click 200 42 ms - 14
[38;5;0m[HTTP][0m 
[38;5;0m[HTTP][0m [37m-->[39m [37mPOST[39m [37m/wd/hub/session/5b54eae0-d721-49ea-b0aa-da725b2025a0/timeouts[39m
[38;5;0m[HTTP][0m {"implicit":50}
[38;5;0m[HTTP][0m <-- POST /wd/hub/session/5b54eae0-d721-49ea-b0aa-da725b2025a0/timeouts 200 1 ms - 14
[38;5;0m[HTTP][0m 
[38;5;0m[HTTP][0m [37m-->[39m [37mGET[39m [37m/wd/hub/session/5b54eae0-d721-49ea-b0aa-da725b2025a0/window/rect[39m
[38;5;0m[HTTP][0m {}
[38;5;0m[HTTP][0m <-- GET /wd/hub/session/5b54eae0-d721-49ea-b0aa-da725b2025a0/window/rect 200 10 ms - 50
[38;5;0m[HTTP][0m 
[38;5;0m[HTTP][0m [37m-->[39m [37mPOST[39m [37m/wd/hub/session/5b54eae0-d721-49ea-b0aa-da725b2025a0/elements[39m
[38;5;0m[HTTP][0m {"using":"xpath","value":"//*[@class = 'android.widget.TextView' and (@text = 'Patient Directory' or . = 'Patient Directory')]"}
[38;5;0m[HTTP][0m <-- POST /wd/hub/session/5b54eae0-d721-49ea-b0aa-da725b2025a0/elements 200 61 ms - 12
[38;5;0m[HTTP][0m 
[38;5;0m[HTTP][0m [37m-->[39m [37mPOST[39m [37m/wd/hub/session/5b54eae0-d721-49ea-b0aa-da725b2025a0/elements[39m
[38;5;0m[HTTP][0m {"using":"xpath","value":"//*[@class = 'android.widget.TextView' and (@text = 'Patient Directory' or . = 'Patient Directory')]"}
[38;5;0m[HTTP][0m <-- POST /wd/hub/session/5b54eae0-d721-49ea-b0aa-da725b2025a0/elements 200 83 ms - 12
[38;5;0m[HTTP][0m 
[38;5;0m[HTTP][0m [37m-->[39m [37mPOST[39m [37m/wd/hub/session/5b54eae0-d721-49ea-b0aa-da725b2025a0/elements[39m
[38;5;0m[HTTP][0m {"using":"xpath","value":"//*[@class = 'android.widget.TextView' and (@text = 'Patient Directory' or . = 'Patient Directory')]"}
[38;5;0m[HTTP][0m <-- POST /wd/hub/session/5b54eae0-d721-49ea-b0aa-da725b2025a0/elements 200 90 ms - 12
[38;5;0m[HTTP][0m 
[38;5;0m[HTTP][0m [37m-->[39m [37mPOST[39m [37m/wd/hub/session/5b54eae0-d721-49ea-b0aa-da725b2025a0/elements[39m
[38;5;0m[HTTP][0m {"using":"xpath","value":"//*[@class = 'android.widget.TextView' and (@text = 'Patient Directory' or . = 'Patient Directory')]"}
[38;5;0m[HTTP][0m <-- POST /wd/hub/session/5b54eae0-d721-49ea-b0aa-da725b2025a0/elements 200 83 ms - 12
[38;5;0m[HTTP][0m 
[38;5;0m[HTTP][0m [37m-->[39m [37mPOST[39m [37m/wd/hub/session/5b54eae0-d721-49ea-b0aa-da725b2025a0/elements[39m
[38;5;0m[HTTP][0m {"using":"xpath","value":"//*[@class = 'android.widget.TextView' and (@text = 'Patient Directory' or . = 'Patient Directory')]"}
[38;5;0m[HTTP][0m <-- POST /wd/hub/session/5b54eae0-d721-49ea-b0aa-da725b2025a0/elements 200 86 ms - 12
[38;5;0m[HTTP][0m 
[38;5;0m[HTTP][0m [37m-->[39m [37mPOST[39m [37m/wd/hub/session/5b54eae0-d721-49ea-b0aa-da725b2025a0/elements[39m
[38;5;0m[HTTP][0m {"using":"xpath","value":"//*[@class = 'android.widget.TextView' and (@text = 'Patient Directory' or . = 'Patient Directory')]"}
[38;5;0m[HTTP][0m <-- POST /wd/hub/session/5b54eae0-d721-49ea-b0aa-da725b2025a0/elements 200 72 ms - 12
[38;5;0m[HTTP][0m 
[38;5;0m[HTTP][0m [37m-->[39m [37mPOST[39m [37m/wd/hub/session/5b54eae0-d721-49ea-b0aa-da725b2025a0/elements[39m
[38;5;0m[HTTP][0m {"using":"xpath","value":"//*[@class = 'android.widget.TextView' and (@text = 'Patient Directory' or . = 'Patient Directory')]"}
[38;5;0m[HTTP][0m <-- POST /wd/hub/session/5b54eae0-d721-49ea-b0aa-da725b2025a0/elements 200 742 ms - 12
[38;5;0m[HTTP][0m 
[38;5;0m[HTTP][0m [37m-->[39m [37mPOST[39m [37m/wd/hub/session/5b54eae0-d721-49ea-b0aa-da725b2025a0/elements[39m
[38;5;0m[HTTP][0m {"using":"xpath","value":"//*[@class = 'android.widget.TextView' and (@text = 'Patient Directory' or . = 'Patient Directory')]"}
[38;5;0m[HTTP][0m <-- POST /wd/hub/session/5b54eae0-d721-49ea-b0aa-da725b2025a0/elements 200 79 ms - 12
[38;5;0m[HTTP][0m 
[38;5;0m[HTTP][0m [37m-->[39m [37mPOST[39m [37m/wd/hub/session/5b54eae0-d721-49ea-b0aa-da725b2025a0/elements[39m
[38;5;0m[HTTP][0m {"using":"xpath","value":"//*[@class = 'android.widget.TextView' and (@text = 'Patient Directory' or . = 'Patient Directory')]"}
[38;5;0m[HTTP][0m <-- POST /wd/hub/session/5b54eae0-d721-49ea-b0aa-da725b2025a0/elements 200 87 ms - 12
[38;5;0m[HTTP][0m 
[38;5;0m[HTTP][0m [37m-->[39m [37mPOST[39m [37m/wd/hub/session/5b54eae0-d721-49ea-b0aa-da725b2025a0/elements[39m
[38;5;0m[HTTP][0m {"using":"xpath","value":"//*[@class = 'android.widget.TextView' and (@text = 'Patient Directory' or . = 'Patient Directory')]"}
[38;5;0m[HTTP][0m <-- POST /wd/hub/session/5b54eae0-d721-49ea-b0aa-da725b2025a0/elements 200 83 ms - 12
[38;5;0m[HTTP][0m 
[38;5;0m[HTTP][0m [37m-->[39m [37mPOST[39m [37m/wd/hub/session/5b54eae0-d721-49ea-b0aa-da725b2025a0/elements[39m
[38;5;0m[HTTP][0m {"using":"xpath","value":"//*[@class = 'android.widget.TextView' and (@text = 'Patient Directory' or . = 'Patient Directory')]"}
[38;5;0m[HTTP][0m <-- POST /wd/hub/session/5b54eae0-d721-49ea-b0aa-da725b2025a0/elements 200 85 ms - 12
[38;5;0m[HTTP][0m 
[38;5;0m[HTTP][0m [37m-->[39m [37mPOST[39m [37m/wd/hub/session/5b54eae0-d721-49ea-b0aa-da725b2025a0/elements[39m
[38;5;0m[HTTP][0m {"using":"xpath","value":"//*[@class = 'android.widget.TextView' and (@text = 'Patient Directory' or . = 'Patient Directory')]"}
[38;5;0m[HTTP][0m <-- POST /wd/hub/session/5b54eae0-d721-49ea-b0aa-da725b2025a0/elements 200 85 ms - 12
[38;5;0m[HTTP][0m 
[38;5;0m[HTTP][0m [37m-->[39m [37mPOST[39m [37m/wd/hub/session/5b54eae0-d721-49ea-b0aa-da725b2025a0/elements[39m
[38;5;0m[HTTP][0m {"using":"xpath","value":"//*[@class = 'android.widget.TextView' and (@text = 'Patient Directory' or . = 'Patient Directory')]"}
[38;5;0m[HTTP][0m <-- POST /wd/hub/session/5b54eae0-d721-49ea-b0aa-da725b2025a0/elements 200 86 ms - 12
[38;5;0m[HTTP][0m 
[38;5;0m[HTTP][0m [37m-->[39m [37mPOST[39m [37m/wd/hub/session/5b54eae0-d721-49ea-b0aa-da725b2025a0/elements[39m
[38;5;0m[HTTP][0m {"using":"xpath","value":"//*[@class = 'android.widget.TextView' and (@text = 'Patient Directory' or . = 'Patient Directory')]"}
[38;5;0m[HTTP][0m <-- POST /wd/hub/session/5b54eae0-d721-49ea-b0aa-da725b2025a0/elements 200 90 ms - 12
[38;5;0m[HTTP][0m 
[38;5;0m[HTTP][0m [37m-->[39m [37mPOST[39m [37m/wd/hub/session/5b54eae0-d721-49ea-b0aa-da725b2025a0/elements[39m
[38;5;0m[HTTP][0m {"using":"xpath","value":"//*[@class = 'android.widget.TextView' and (@text = 'Patient Directory' or . = 'Patient Directory')]"}
[38;5;0m[HTTP][0m <-- POST /wd/hub/session/5b54eae0-d721-49ea-b0aa-da725b2025a0/elements 200 91 ms - 12
[38;5;0m[HTTP][0m 
[38;5;0m[HTTP][0m [37m-->[39m [37mPOST[39m [37m/wd/hub/session/5b54eae0-d721-49ea-b0aa-da725b2025a0/elements[39m
[38;5;0m[HTTP][0m {"using":"xpath","value":"//*[@class = 'android.widget.TextView' and (@text = 'Patient Directory' or . = 'Patient Directory')]"}
[38;5;0m[HTTP][0m <-- POST /wd/hub/session/5b54eae0-d721-49ea-b0aa-da725b2025a0/elements 200 79 ms - 12
[38;5;0m[HTTP][0m 
[38;5;0m[HTTP][0m [37m-->[39m [37mPOST[39m [37m/wd/hub/session/5b54eae0-d721-49ea-b0aa-da725b2025a0/elements[39m
[38;5;0m[HTTP][0m {"using":"xpath","value":"//*[@class = 'android.widget.TextView' and (@text = 'Patient Directory' or . = 'Patient Directory')]"}
[38;5;0m[HTTP][0m <-- POST /wd/hub/session/5b54eae0-d721-49ea-b0aa-da725b2025a0/elements 200 90 ms - 12
[38;5;0m[HTTP][0m 
[38;5;0m[HTTP][0m [37m-->[39m [37mPOST[39m [37m/wd/hub/session/5b54eae0-d721-49ea-b0aa-da725b2025a0/elements[39m
[38;5;0m[HTTP][0m {"using":"xpath","value":"//*[@class = 'android.widget.TextView' and (@text = 'Patient Directory' or . = 'Patient Directory')]"}
[38;5;0m[HTTP][0m <-- POST /wd/hub/session/5b54eae0-d721-49ea-b0aa-da725b2025a0/elements 200 87 ms - 12
[38;5;0m[HTTP][0m 
[38;5;0m[HTTP][0m [37m-->[39m [37mPOST[39m [37m/wd/hub/session/5b54eae0-d721-49ea-b0aa-da725b2025a0/elements[39m
[38;5;0m[HTTP][0m {"using":"xpath","value":"//*[@class = 'android.widget.TextView' and (@text = 'Patient Directory' or . = 'Patient Directory')]"}
[38;5;0m[HTTP][0m <-- POST /wd/hub/session/5b54eae0-d721-49ea-b0aa-da725b2025a0/elements 200 80 ms - 12
[38;5;0m[HTTP][0m 
[38;5;0m[HTTP][0m [37m-->[39m [37mPOST[39m [37m/wd/hub/session/5b54eae0-d721-49ea-b0aa-da725b2025a0/elements[39m
[38;5;0m[HTTP][0m {"using":"xpath","value":"//*[@class = 'android.widget.TextView' and (@text = 'Patient Directory' or . = 'Patient Directory')]"}
[38;5;0m[HTTP][0m <-- POST /wd/hub/session/5b54eae0-d721-49ea-b0aa-da725b2025a0/elements 200 77 ms - 12
[38;5;0m[HTTP][0m 
[38;5;0m[HTTP][0m [37m-->[39m [37mPOST[39m [37m/wd/hub/session/5b54eae0-d721-49ea-b0aa-da725b2025a0/elements[39m
[38;5;0m[HTTP][0m {"using":"xpath","value":"//*[@class = 'android.widget.TextView' and (@text = 'Patient Directory' or . = 'Patient Directory')]"}
[38;5;0m[HTTP][0m <-- POST /wd/hub/session/5b54eae0-d721-49ea-b0aa-da725b2025a0/elements 200 85 ms - 12
[38;5;0m[HTTP][0m 
[38;5;0m[HTTP][0m [37m-->[39m [37mPOST[39m [37m/wd/hub/session/5b54eae0-d721-49ea-b0aa-da725b2025a0/elements[39m
[38;5;0m[HTTP][0m {"using":"xpath","value":"//*[@class = 'android.widget.TextView' and (@text = 'Patient Directory' or . = 'Patient Directory')]"}
[38;5;0m[HTTP][0m <-- POST /wd/hub/session/5b54eae0-d721-49ea-b0aa-da725b2025a0/elements 200 80 ms - 12
[38;5;0m[HTTP][0m 
[38;5;0m[HTTP][0m [37m-->[39m [37mPOST[39m [37m/wd/hub/session/5b54eae0-d721-49ea-b0aa-da725b2025a0/elements[39m
[38;5;0m[HTTP][0m {"using":"xpath","value":"//*[@class = 'android.widget.TextView' and (@text = 'Patient Directory' or . = 'Patient Directory')]"}
[38;5;0m[HTTP][0m <-- POST /wd/hub/session/5b54eae0-d721-49ea-b0aa-da725b2025a0/elements 200 1048 ms - 139
[38;5;0m[HTTP][0m 
[38;5;0m[HTTP][0m [37m-->[39m [37mGET[39m [37m/wd/hub/session/5b54eae0-d721-49ea-b0aa-da725b2025a0/element/00000000-0000-028b-ffff-ffff000000a5/location[39m
[38;5;0m[HTTP][0m {}
[38;5;48m[AndroidUiautomator2Driver@f0d1 (5b54eae0)][0m Driver proxy active, passing request on via HTTP proxy
[38;5;48m[AndroidUiautomator2Driver@f0d1 (5b54eae0)][0m Replacing sessionId c8ea696d-8e1a-457c-994e-4bc1448afd31 with 5b54eae0-d721-49ea-b0aa-da725b2025a0
[38;5;0m[HTTP][0m <-- GET /wd/hub/session/5b54eae0-d721-49ea-b0aa-da725b2025a0/element/00000000-0000-028b-ffff-ffff000000a5/location 200 9 ms - 78
[38;5;0m[HTTP][0m 
[38;5;0m[HTTP][0m [37m-->[39m [37mPOST[39m [37m/wd/hub/session/5b54eae0-d721-49ea-b0aa-da725b2025a0/timeouts[39m
[38;5;0m[HTTP][0m {"implicit":30000}
[38;5;0m[HTTP][0m <-- POST /wd/hub/session/5b54eae0-d721-49ea-b0aa-da725b2025a0/timeouts 200 0 ms - 14
[38;5;0m[HTTP][0m 
[38;5;0m[HTTP][0m [37m-->[39m [37mGET[39m [37m/wd/hub/session/5b54eae0-d721-49ea-b0aa-da725b2025a0/context[39m
[38;5;0m[HTTP][0m {}
[38;5;0m[HTTP][0m <-- GET /wd/hub/session/5b54eae0-d721-49ea-b0aa-da725b2025a0/context 200 1 ms - 22
[38;5;0m[HTTP][0m 
[38;5;0m[HTTP][0m [37m-->[39m [37mGET[39m [37m/wd/hub/session/5b54eae0-d721-49ea-b0aa-da725b2025a0/contexts[39m
[38;5;0m[HTTP][0m {}
[38;5;0m[HTTP][0m <-- GET /wd/hub/session/5b54eae0-d721-49ea-b0aa-da725b2025a0/contexts 200 155 ms - 41
[38;5;0m[HTTP][0m 
[38;5;0m[HTTP][0m [37m-->[39m [37mPOST[39m [37m/wd/hub/session/5b54eae0-d721-49ea-b0aa-da725b2025a0/context[39m
[38;5;0m[HTTP][0m {"name":"NATIVE_APP"}
[38;5;0m[HTTP][0m <-- POST /wd/hub/session/5b54eae0-d721-49ea-b0aa-da725b2025a0/context 200 1 ms - 14
[38;5;0m[HTTP][0m 
[38;5;0m[HTTP][0m [37m-->[39m [37mPOST[39m [37m/wd/hub/session/5b54eae0-d721-49ea-b0aa-da725b2025a0/element[39m
[38;5;0m[HTTP][0m {"using":"-android uiautomator","value":"new UiScrollable(new UiSelector().scrollable(true).instance(0)).scrollIntoView(new UiSelector().textContains(\"Patient ID: 24ui\"))"}
[38;5;0m[HTTP][0m <-- POST /wd/hub/session/5b54eae0-d721-49ea-b0aa-da725b2025a0/element 200 6166 ms - 137
[38;5;0m[HTTP][0m 
[38;5;0m[HTTP][0m [37m-->[39m [37mPOST[39m [37m/wd/hub/session/5b54eae0-d721-49ea-b0aa-da725b2025a0/context[39m
[38;5;0m[HTTP][0m {"name":"NATIVE_APP"}
[38;5;0m[HTTP][0m <-- POST /wd/hub/session/5b54eae0-d721-49ea-b0aa-da725b2025a0/context 200 0 ms - 14
[38;5;0m[HTTP][0m 
[38;5;0m[HTTP][0m [37m-->[39m [37mPOST[39m [37m/wd/hub/session/5b54eae0-d721-49ea-b0aa-da725b2025a0/timeouts[39m
[38;5;0m[HTTP][0m {"implicit":50}
[38;5;0m[HTTP][0m <-- POST /wd/hub/session/5b54eae0-d721-49ea-b0aa-da725b2025a0/timeouts 200 0 ms - 14
[38;5;0m[HTTP][0m 
[38;5;0m[HTTP][0m [37m-->[39m [37mGET[39m [37m/wd/hub/session/5b54eae0-d721-49ea-b0aa-da725b2025a0/window/rect[39m
[38;5;0m[HTTP][0m {}
[38;5;0m[HTTP][0m <-- GET /wd/hub/session/5b54eae0-d721-49ea-b0aa-da725b2025a0/window/rect 200 14 ms - 50
[38;5;0m[HTTP][0m 
[38;5;0m[HTTP][0m [37m-->[39m [37mPOST[39m [37m/wd/hub/session/5b54eae0-d721-49ea-b0aa-da725b2025a0/elements[39m
[38;5;0m[HTTP][0m {"using":"xpath","value":"//*[@class = 'android.widget.TextView' and (@text = 'Patient ID: 24ui' or . = 'Patient ID: 24ui')]"}
[38;5;0m[HTTP][0m <-- POST /wd/hub/session/5b54eae0-d721-49ea-b0aa-da725b2025a0/elements 200 167 ms - 139
[38;5;0m[HTTP][0m 
[38;5;0m[HTTP][0m [37m-->[39m [37mGET[39m [37m/wd/hub/session/5b54eae0-d721-49ea-b0aa-da725b2025a0/element/00000000-0000-028b-ffff-ffff00000121/location[39m
[38;5;0m[HTTP][0m {}
[38;5;48m[AndroidUiautomator2Driver@f0d1 (5b54eae0)][0m Driver proxy active, passing request on via HTTP proxy
[38;5;48m[AndroidUiautomator2Driver@f0d1 (5b54eae0)][0m Replacing sessionId c8ea696d-8e1a-457c-994e-4bc1448afd31 with 5b54eae0-d721-49ea-b0aa-da725b2025a0
[38;5;0m[HTTP][0m <-- GET /wd/hub/session/5b54eae0-d721-49ea-b0aa-da725b2025a0/element/00000000-0000-028b-ffff-ffff00000121/location 200 11 ms - 78
[38;5;0m[HTTP][0m 
[38;5;0m[HTTP][0m [37m-->[39m [37mPOST[39m [37m/wd/hub/session/5b54eae0-d721-49ea-b0aa-da725b2025a0/timeouts[39m
[38;5;0m[HTTP][0m {"implicit":30000}
[38;5;0m[HTTP][0m <-- POST /wd/hub/session/5b54eae0-d721-49ea-b0aa-da725b2025a0/timeouts 200 0 ms - 14
[38;5;0m[HTTP][0m 
[38;5;0m[HTTP][0m [37m-->[39m [37mPOST[39m [37m/wd/hub/session/5b54eae0-d721-49ea-b0aa-da725b2025a0/element/00000000-0000-028b-ffff-ffff00000121/click[39m
[38;5;0m[HTTP][0m {"id":"00000000-0000-028b-ffff-ffff00000121"}
[38;5;0m[HTTP][0m <-- POST /wd/hub/session/5b54eae0-d721-49ea-b0aa-da725b2025a0/element/00000000-0000-028b-ffff-ffff00000121/click 200 51 ms - 14
[38;5;0m[HTTP][0m 
[38;5;0m[HTTP][0m [37m-->[39m [37mPOST[39m [37m/wd/hub/session/5b54eae0-d721-49ea-b0aa-da725b2025a0/timeouts[39m
[38;5;0m[HTTP][0m {"implicit":50}
[38;5;0m[HTTP][0m <-- POST /wd/hub/session/5b54eae0-d721-49ea-b0aa-da725b2025a0/timeouts 200 0 ms - 14
[38;5;0m[HTTP][0m 
[38;5;0m[HTTP][0m [37m-->[39m [37mGET[39m [37m/wd/hub/session/5b54eae0-d721-49ea-b0aa-da725b2025a0/window/rect[39m
[38;5;0m[HTTP][0m {}
[38;5;0m[HTTP][0m <-- GET /wd/hub/session/5b54eae0-d721-49ea-b0aa-da725b2025a0/window/rect 200 9 ms - 50
[38;5;0m[HTTP][0m 
[38;5;0m[HTTP][0m [37m-->[39m [37mPOST[39m [37m/wd/hub/session/5b54eae0-d721-49ea-b0aa-da725b2025a0/elements[39m
[38;5;0m[HTTP][0m {"using":"xpath","value":"//hierarchy/android.widget.FrameLayout[1]/android.widget.LinearLayout[1]/android.widget.FrameLayout[1]/android.widget.LinearLayout[1]/android.widget.FrameLayout[1]/android.widget.FrameLayout[1]/android.view.ViewGroup[1]/android.view.ViewGroup[1]/android.view.ViewGroup[1]/android.widget.FrameLayout[1]/android.view.ViewGroup[1]/android.view.ViewGroup[1]/android.view.ViewGroup[1]/android.view.ViewGroup[1]/android.widget.FrameLayout[2]/android.view.ViewGroup[1]/android.view.ViewGroup[1]/android.view.ViewGroup[1]/android.view.ViewGroup[3]/android.widget.ScrollView[1]/android.view.ViewGroup[1]/android.view.ViewGroup[1]/android.view.ViewGroup[1]/android.view.ViewGroup[1]"}
[38;5;0m[HTTP][0m <-- POST /wd/hub/session/5b54eae0-d721-49ea-b0aa-da725b2025a0/elements 200 122 ms - 12
[38;5;0m[HTTP][0m 
[38;5;0m[HTTP][0m [37m-->[39m [37mPOST[39m [37m/wd/hub/session/5b54eae0-d721-49ea-b0aa-da725b2025a0/elements[39m
[38;5;0m[HTTP][0m {"using":"xpath","value":"//hierarchy/android.widget.FrameLayout[1]/android.widget.LinearLayout[1]/android.widget.FrameLayout[1]/android.widget.LinearLayout[1]/android.widget.FrameLayout[1]/android.widget.FrameLayout[1]/android.view.ViewGroup[1]/android.view.ViewGroup[1]/android.view.ViewGroup[1]/android.widget.FrameLayout[1]/android.view.ViewGroup[1]/android.view.ViewGroup[1]/android.view.ViewGroup[1]/android.view.ViewGroup[1]/android.widget.FrameLayout[2]/android.view.ViewGroup[1]/android.view.ViewGroup[1]/android.view.ViewGroup[1]/android.view.ViewGroup[3]/android.widget.ScrollView[1]/android.view.ViewGroup[1]/android.view.ViewGroup[1]/android.view.ViewGroup[1]/android.view.ViewGroup[1]"}
[38;5;0m[HTTP][0m <-- POST /wd/hub/session/5b54eae0-d721-49ea-b0aa-da725b2025a0/elements 200 1394 ms - 139
[38;5;0m[HTTP][0m 
[38;5;0m[HTTP][0m [37m-->[39m [37mGET[39m [37m/wd/hub/session/5b54eae0-d721-49ea-b0aa-da725b2025a0/element/00000000-0000-028b-ffff-ffff0000019d/location[39m
[38;5;0m[HTTP][0m {}
[38;5;48m[AndroidUiautomator2Driver@f0d1 (5b54eae0)][0m Driver proxy active, passing request on via HTTP proxy
[38;5;48m[AndroidUiautomator2Driver@f0d1 (5b54eae0)][0m Replacing sessionId c8ea696d-8e1a-457c-994e-4bc1448afd31 with 5b54eae0-d721-49ea-b0aa-da725b2025a0
[38;5;0m[HTTP][0m <-- GET /wd/hub/session/5b54eae0-d721-49ea-b0aa-da725b2025a0/element/00000000-0000-028b-ffff-ffff0000019d/location 200 18 ms - 77
[38;5;0m[HTTP][0m 
[38;5;0m[HTTP][0m [37m-->[39m [37mPOST[39m [37m/wd/hub/session/5b54eae0-d721-49ea-b0aa-da725b2025a0/timeouts[39m
[38;5;0m[HTTP][0m {"implicit":30000}
[38;5;0m[HTTP][0m <-- POST /wd/hub/session/5b54eae0-d721-49ea-b0aa-da725b2025a0/timeouts 200 0 ms - 14
[38;5;0m[HTTP][0m 
[38;5;0m[HTTP][0m [37m-->[39m [37mPOST[39m [37m/wd/hub/session/5b54eae0-d721-49ea-b0aa-da725b2025a0/timeouts[39m
[38;5;0m[HTTP][0m {"implicit":50}
[38;5;0m[HTTP][0m <-- POST /wd/hub/session/5b54eae0-d721-49ea-b0aa-da725b2025a0/timeouts 200 0 ms - 14
[38;5;0m[HTTP][0m 
[38;5;0m[HTTP][0m [37m-->[39m [37mGET[39m [37m/wd/hub/session/5b54eae0-d721-49ea-b0aa-da725b2025a0/window/rect[39m
[38;5;0m[HTTP][0m {}
[38;5;0m[HTTP][0m <-- GET /wd/hub/session/5b54eae0-d721-49ea-b0aa-da725b2025a0/window/rect 200 12 ms - 50
[38;5;0m[HTTP][0m 
[38;5;0m[HTTP][0m [37m-->[39m [37mPOST[39m [37m/wd/hub/session/5b54eae0-d721-49ea-b0aa-da725b2025a0/elements[39m
[38;5;0m[HTTP][0m {"using":"xpath","value":"//hierarchy/android.widget.FrameLayout[1]/android.widget.LinearLayout[1]/android.widget.FrameLayout[1]/android.widget.LinearLayout[1]/android.widget.FrameLayout[1]/android.widget.FrameLayout[1]/android.view.ViewGroup[1]/android.view.ViewGroup[1]/android.view.ViewGroup[1]/android.widget.FrameLayout[1]/android.view.ViewGroup[1]/android.view.ViewGroup[1]/android.view.ViewGroup[1]/android.view.ViewGroup[1]/android.widget.FrameLayout[2]/android.view.ViewGroup[1]/android.view.ViewGroup[1]/android.view.ViewGroup[1]/android.view.ViewGroup[3]/android.widget.ScrollView[1]/android.view.ViewGroup[1]/android.view.ViewGroup[1]/android.view.ViewGroup[1]/android.view.ViewGroup[1]"}
[38;5;0m[HTTP][0m <-- POST /wd/hub/session/5b54eae0-d721-49ea-b0aa-da725b2025a0/elements 200 167 ms - 139
[38;5;0m[HTTP][0m 
[38;5;0m[HTTP][0m [37m-->[39m [37mGET[39m [37m/wd/hub/session/5b54eae0-d721-49ea-b0aa-da725b2025a0/element/00000000-0000-028b-ffff-ffff0000019d/location[39m
[38;5;0m[HTTP][0m {}
[38;5;48m[AndroidUiautomator2Driver@f0d1 (5b54eae0)][0m Driver proxy active, passing request on via HTTP proxy
[38;5;48m[AndroidUiautomator2Driver@f0d1 (5b54eae0)][0m Replacing sessionId c8ea696d-8e1a-457c-994e-4bc1448afd31 with 5b54eae0-d721-49ea-b0aa-da725b2025a0
[38;5;0m[HTTP][0m <-- GET /wd/hub/session/5b54eae0-d721-49ea-b0aa-da725b2025a0/element/00000000-0000-028b-ffff-ffff0000019d/location 200 16 ms - 77
[38;5;0m[HTTP][0m 
[38;5;0m[HTTP][0m [37m-->[39m [37mPOST[39m [37m/wd/hub/session/5b54eae0-d721-49ea-b0aa-da725b2025a0/timeouts[39m
[38;5;0m[HTTP][0m {"implicit":30000}
[38;5;0m[HTTP][0m <-- POST /wd/hub/session/5b54eae0-d721-49ea-b0aa-da725b2025a0/timeouts 200 0 ms - 14
[38;5;0m[HTTP][0m 
[38;5;0m[HTTP][0m [37m-->[39m [37mPOST[39m [37m/wd/hub/session/5b54eae0-d721-49ea-b0aa-da725b2025a0/element/00000000-0000-028b-ffff-ffff0000019d/click[39m
[38;5;0m[HTTP][0m {"id":"00000000-0000-028b-ffff-ffff0000019d"}
[38;5;0m[HTTP][0m <-- POST /wd/hub/session/5b54eae0-d721-49ea-b0aa-da725b2025a0/element/00000000-0000-028b-ffff-ffff0000019d/click 200 72 ms - 14
[38;5;0m[HTTP][0m 
[38;5;0m[HTTP][0m [37m-->[39m [37mPOST[39m [37m/wd/hub/session/5b54eae0-d721-49ea-b0aa-da725b2025a0/timeouts[39m
[38;5;0m[HTTP][0m {"implicit":50}
[38;5;0m[HTTP][0m <-- POST /wd/hub/session/5b54eae0-d721-49ea-b0aa-da725b2025a0/timeouts 200 0 ms - 14
[38;5;0m[HTTP][0m 
[38;5;0m[HTTP][0m [37m-->[39m [37mGET[39m [37m/wd/hub/session/5b54eae0-d721-49ea-b0aa-da725b2025a0/window/rect[39m
[38;5;0m[HTTP][0m {}
[38;5;0m[HTTP][0m <-- GET /wd/hub/session/5b54eae0-d721-49ea-b0aa-da725b2025a0/window/rect 200 7 ms - 50
[38;5;0m[HTTP][0m 
[38;5;0m[HTTP][0m [37m-->[39m [37mPOST[39m [37m/wd/hub/session/5b54eae0-d721-49ea-b0aa-da725b2025a0/elements[39m
[38;5;0m[HTTP][0m {"using":"xpath","value":"//hierarchy/android.widget.FrameLayout[1]/android.widget.LinearLayout[1]/android.widget.FrameLayout[1]/android.widget.LinearLayout[1]/android.widget.FrameLayout[1]/android.widget.FrameLayout[1]/android.view.ViewGroup[1]/android.view.ViewGroup[1]/android.view.ViewGroup[1]/android.widget.FrameLayout[1]/android.view.ViewGroup[1]/android.view.ViewGroup[1]/android.view.ViewGroup[1]/android.view.ViewGroup[1]/android.widget.FrameLayout[3]/android.view.ViewGroup[1]/android.view.ViewGroup[1]/android.view.ViewGroup[1]/android.view.ViewGroup[3]/android.view.ViewGroup[1]/android.view.ViewGroup[3]"}
[38;5;0m[HTTP][0m <-- POST /wd/hub/session/5b54eae0-d721-49ea-b0aa-da725b2025a0/elements 200 1929 ms - 139
[38;5;0m[HTTP][0m 
[38;5;0m[HTTP][0m [37m-->[39m [37mGET[39m [37m/wd/hub/session/5b54eae0-d721-49ea-b0aa-da725b2025a0/element/00000000-0000-028b-ffff-ffff000001dd/location[39m
[38;5;0m[HTTP][0m {}
[38;5;48m[AndroidUiautomator2Driver@f0d1 (5b54eae0)][0m Driver proxy active, passing request on via HTTP proxy
[38;5;48m[AndroidUiautomator2Driver@f0d1 (5b54eae0)][0m Replacing sessionId c8ea696d-8e1a-457c-994e-4bc1448afd31 with 5b54eae0-d721-49ea-b0aa-da725b2025a0
[38;5;0m[HTTP][0m <-- GET /wd/hub/session/5b54eae0-d721-49ea-b0aa-da725b2025a0/element/00000000-0000-028b-ffff-ffff000001dd/location 200 11 ms - 79
[38;5;0m[HTTP][0m 
[38;5;0m[HTTP][0m [37m-->[39m [37mPOST[39m [37m/wd/hub/session/5b54eae0-d721-49ea-b0aa-da725b2025a0/timeouts[39m
[38;5;0m[HTTP][0m {"implicit":30000}
[38;5;0m[HTTP][0m <-- POST /wd/hub/session/5b54eae0-d721-49ea-b0aa-da725b2025a0/timeouts 200 0 ms - 14
[38;5;0m[HTTP][0m 
[38;5;0m[HTTP][0m [37m-->[39m [37mPOST[39m [37m/wd/hub/session/5b54eae0-d721-49ea-b0aa-da725b2025a0/element/00000000-0000-028b-ffff-ffff000001dd/click[39m
[38;5;0m[HTTP][0m {"id":"00000000-0000-028b-ffff-ffff000001dd"}
[38;5;0m[HTTP][0m <-- POST /wd/hub/session/5b54eae0-d721-49ea-b0aa-da725b2025a0/element/00000000-0000-028b-ffff-ffff000001dd/click 200 63 ms - 14
[38;5;0m[HTTP][0m 
[38;5;0m[HTTP][0m [37m-->[39m [37mPOST[39m [37m/wd/hub/session/5b54eae0-d721-49ea-b0aa-da725b2025a0/timeouts[39m
[38;5;0m[HTTP][0m {"implicit":50}
[38;5;0m[HTTP][0m <-- POST /wd/hub/session/5b54eae0-d721-49ea-b0aa-da725b2025a0/timeouts 200 0 ms - 14
[38;5;0m[HTTP][0m 
[38;5;0m[HTTP][0m [37m-->[39m [37mGET[39m [37m/wd/hub/session/5b54eae0-d721-49ea-b0aa-da725b2025a0/window/rect[39m
[38;5;0m[HTTP][0m {}
[38;5;0m[HTTP][0m <-- GET /wd/hub/session/5b54eae0-d721-49ea-b0aa-da725b2025a0/window/rect 200 11 ms - 50
[38;5;0m[HTTP][0m 
[38;5;0m[HTTP][0m [37m-->[39m [37mPOST[39m [37m/wd/hub/session/5b54eae0-d721-49ea-b0aa-da725b2025a0/elements[39m
[38;5;0m[HTTP][0m {"using":"xpath","value":"//hierarchy/android.widget.FrameLayout[1]/android.widget.LinearLayout[1]/android.widget.FrameLayout[1]/android.widget.LinearLayout[1]/android.widget.FrameLayout[1]/android.widget.FrameLayout[1]/android.view.ViewGroup[1]/android.view.ViewGroup[1]/android.view.ViewGroup[1]/android.widget.FrameLayout[1]/android.view.ViewGroup[1]/android.view.ViewGroup[1]/android.view.ViewGroup[1]/android.view.ViewGroup[1]/android.widget.FrameLayout[4]/android.view.ViewGroup[1]/android.view.ViewGroup[1]/android.view.ViewGroup[1]/android.view.ViewGroup[2]/android.widget.ScrollView[1]/android.view.ViewGroup[1]/android.view.ViewGroup[1]/android.view.ViewGroup[1]/android.widget.ImageView[1]"}
[38;5;0m[HTTP][0m <-- POST /wd/hub/session/5b54eae0-d721-49ea-b0aa-da725b2025a0/elements 200 266 ms - 12
[38;5;0m[HTTP][0m 
[38;5;0m[HTTP][0m [37m-->[39m [37mPOST[39m [37m/wd/hub/session/5b54eae0-d721-49ea-b0aa-da725b2025a0/elements[39m
[38;5;0m[HTTP][0m {"using":"xpath","value":"//hierarchy/android.widget.FrameLayout[1]/android.widget.LinearLayout[1]/android.widget.FrameLayout[1]/android.widget.LinearLayout[1]/android.widget.FrameLayout[1]/android.widget.FrameLayout[1]/android.view.ViewGroup[1]/android.view.ViewGroup[1]/android.view.ViewGroup[1]/android.widget.FrameLayout[1]/android.view.ViewGroup[1]/android.view.ViewGroup[1]/android.view.ViewGroup[1]/android.view.ViewGroup[1]/android.widget.FrameLayout[4]/android.view.ViewGroup[1]/android.view.ViewGroup[1]/android.view.ViewGroup[1]/android.view.ViewGroup[2]/android.widget.ScrollView[1]/android.view.ViewGroup[1]/android.view.ViewGroup[1]/android.view.ViewGroup[1]/android.widget.ImageView[1]"}
[38;5;0m[HTTP][0m <-- POST /wd/hub/session/5b54eae0-d721-49ea-b0aa-da725b2025a0/elements 200 1346 ms - 139
[38;5;0m[HTTP][0m 
[38;5;0m[HTTP][0m [37m-->[39m [37mGET[39m [37m/wd/hub/session/5b54eae0-d721-49ea-b0aa-da725b2025a0/element/00000000-0000-028b-ffff-ffff00000227/location[39m
[38;5;0m[HTTP][0m {}
[38;5;48m[AndroidUiautomator2Driver@f0d1 (5b54eae0)][0m Driver proxy active, passing request on via HTTP proxy
[38;5;48m[AndroidUiautomator2Driver@f0d1 (5b54eae0)][0m Replacing sessionId c8ea696d-8e1a-457c-994e-4bc1448afd31 with 5b54eae0-d721-49ea-b0aa-da725b2025a0
[38;5;0m[HTTP][0m <-- GET /wd/hub/session/5b54eae0-d721-49ea-b0aa-da725b2025a0/element/00000000-0000-028b-ffff-ffff00000227/location 200 14 ms - 78
[38;5;0m[HTTP][0m 
[38;5;0m[HTTP][0m [37m-->[39m [37mPOST[39m [37m/wd/hub/session/5b54eae0-d721-49ea-b0aa-da725b2025a0/timeouts[39m
[38;5;0m[HTTP][0m {"implicit":30000}
[38;5;0m[HTTP][0m <-- POST /wd/hub/session/5b54eae0-d721-49ea-b0aa-da725b2025a0/timeouts 200 0 ms - 14
[38;5;0m[HTTP][0m 
[38;5;0m[HTTP][0m [37m-->[39m [37mPOST[39m [37m/wd/hub/session/5b54eae0-d721-49ea-b0aa-da725b2025a0/timeouts[39m
[38;5;0m[HTTP][0m {"implicit":50}
[38;5;0m[HTTP][0m <-- POST /wd/hub/session/5b54eae0-d721-49ea-b0aa-da725b2025a0/timeouts 200 0 ms - 14
[38;5;0m[HTTP][0m 
[38;5;0m[HTTP][0m [37m-->[39m [37mGET[39m [37m/wd/hub/session/5b54eae0-d721-49ea-b0aa-da725b2025a0/window/rect[39m
[38;5;0m[HTTP][0m {}
[38;5;0m[HTTP][0m <-- GET /wd/hub/session/5b54eae0-d721-49ea-b0aa-da725b2025a0/window/rect 200 11 ms - 50
[38;5;0m[HTTP][0m 
[38;5;0m[HTTP][0m [37m-->[39m [37mPOST[39m [37m/wd/hub/session/5b54eae0-d721-49ea-b0aa-da725b2025a0/elements[39m
[38;5;0m[HTTP][0m {"using":"xpath","value":"//hierarchy/android.widget.FrameLayout[1]/android.widget.LinearLayout[1]/android.widget.FrameLayout[1]/android.widget.LinearLayout[1]/android.widget.FrameLayout[1]/android.widget.FrameLayout[1]/android.view.ViewGroup[1]/android.view.ViewGroup[1]/android.view.ViewGroup[1]/android.widget.FrameLayout[1]/android.view.ViewGroup[1]/android.view.ViewGroup[1]/android.view.ViewGroup[1]/android.view.ViewGroup[1]/android.widget.FrameLayout[4]/android.view.ViewGroup[1]/android.view.ViewGroup[1]/android.view.ViewGroup[1]/android.view.ViewGroup[2]/android.widget.ScrollView[1]/android.view.ViewGroup[1]/android.view.ViewGroup[1]/android.view.ViewGroup[1]/android.widget.ImageView[1]"}
[38;5;0m[HTTP][0m <-- POST /wd/hub/session/5b54eae0-d721-49ea-b0aa-da725b2025a0/elements 200 285 ms - 139
[38;5;0m[HTTP][0m 
[38;5;0m[HTTP][0m [37m-->[39m [37mGET[39m [37m/wd/hub/session/5b54eae0-d721-49ea-b0aa-da725b2025a0/element/00000000-0000-028b-ffff-ffff00000227/location[39m
[38;5;0m[HTTP][0m {}
[38;5;48m[AndroidUiautomator2Driver@f0d1 (5b54eae0)][0m Driver proxy active, passing request on via HTTP proxy
[38;5;48m[AndroidUiautomator2Driver@f0d1 (5b54eae0)][0m Replacing sessionId c8ea696d-8e1a-457c-994e-4bc1448afd31 with 5b54eae0-d721-49ea-b0aa-da725b2025a0
[38;5;0m[HTTP][0m <-- GET /wd/hub/session/5b54eae0-d721-49ea-b0aa-da725b2025a0/element/00000000-0000-028b-ffff-ffff00000227/location 200 11 ms - 78
[38;5;0m[HTTP][0m 
[38;5;0m[HTTP][0m [37m-->[39m [37mPOST[39m [37m/wd/hub/session/5b54eae0-d721-49ea-b0aa-da725b2025a0/timeouts[39m
[38;5;0m[HTTP][0m {"implicit":30000}
[38;5;0m[HTTP][0m <-- POST /wd/hub/session/5b54eae0-d721-49ea-b0aa-da725b2025a0/timeouts 200 0 ms - 14
[38;5;0m[HTTP][0m 
[38;5;0m[HTTP][0m [37m-->[39m [37mPOST[39m [37m/wd/hub/session/5b54eae0-d721-49ea-b0aa-da725b2025a0/element/00000000-0000-028b-ffff-ffff00000227/click[39m
[38;5;0m[HTTP][0m {"id":"00000000-0000-028b-ffff-ffff00000227"}
[38;5;0m[HTTP][0m <-- POST /wd/hub/session/5b54eae0-d721-49ea-b0aa-da725b2025a0/element/00000000-0000-028b-ffff-ffff00000227/click 200 73 ms - 14
[38;5;0m[HTTP][0m 
[38;5;0m[HTTP][0m [37m-->[39m [37mPOST[39m [37m/wd/hub/session/5b54eae0-d721-49ea-b0aa-da725b2025a0/timeouts[39m
[38;5;0m[HTTP][0m {"implicit":50}
[38;5;0m[HTTP][0m <-- POST /wd/hub/session/5b54eae0-d721-49ea-b0aa-da725b2025a0/timeouts 200 0 ms - 14
[38;5;0m[HTTP][0m 
[38;5;0m[HTTP][0m [37m-->[39m [37mGET[39m [37m/wd/hub/session/5b54eae0-d721-49ea-b0aa-da725b2025a0/window/rect[39m
[38;5;0m[HTTP][0m {}
[38;5;0m[HTTP][0m <-- GET /wd/hub/session/5b54eae0-d721-49ea-b0aa-da725b2025a0/window/rect 200 12 ms - 50
[38;5;0m[HTTP][0m 
[38;5;0m[HTTP][0m [37m-->[39m [37mPOST[39m [37m/wd/hub/session/5b54eae0-d721-49ea-b0aa-da725b2025a0/elements[39m
[38;5;0m[HTTP][0m {"using":"xpath","value":"//*[@class = 'android.widget.TextView' and (@text = 'Next' or . = 'Next')]"}
[38;5;0m[HTTP][0m <-- POST /wd/hub/session/5b54eae0-d721-49ea-b0aa-da725b2025a0/elements 200 511 ms - 12
[38;5;0m[HTTP][0m 
[38;5;0m[HTTP][0m [37m-->[39m [37mPOST[39m [37m/wd/hub/session/5b54eae0-d721-49ea-b0aa-da725b2025a0/elements[39m
[38;5;0m[HTTP][0m {"using":"xpath","value":"//*[@class = 'android.widget.TextView' and (@text = 'Next' or . = 'Next')]"}
[38;5;0m[HTTP][0m <-- POST /wd/hub/session/5b54eae0-d721-49ea-b0aa-da725b2025a0/elements - - ms - -
[38;5;0m[HTTP][0m 
[38;5;48m[AndroidUiautomator2Driver@f0d1 (5b54eae0)][0m Shutting down because we waited 1800 seconds for a command
[38;5;16m[AppiumDriver@7bec][0m Ending session, cause was 'New Command Timeout of 1800 seconds expired. Try customizing the timeout using the 'newCommandTimeout' desired capability'
[38;5;16m[AppiumDriver@7bec][0m Removing session '5b54eae0-d721-49ea-b0aa-da725b2025a0' from our master session list
[38;5;48m[AndroidUiautomator2Driver@f0d1 (5b54eae0)][0m Did not get confirmation UiAutomator2 deleteSession worked; Error was: UnknownError: An unknown server-side error occurred while processing the command. Original error: 'DELETE /' cannot be proxied to UiAutomator2 server because the instrumentation process is not running (probably crashed). Check the server log and/or the logcat output for more details
[38;5;64m[ADB][0m Error sending command, reconnecting device and retrying: shell,dumpsys,activity,services,io.appium.settings/.recorder.RecorderService
[38;5;64m[ADB][0m Error sending command, reconnecting device and retrying: forward,--remove,tcp:55055
[38;5;48m[AndroidUiautomator2Driver@f0d1 (5b54eae0)][0m Unable to remove system port forward: Could not find a connected Android device in 20000ms
[38;5;48m[AndroidUiautomator2Driver@f0d1 (5b54eae0)][0m Restoring hidden api policy to the device default configuration
[38;5;64m[ADB][0m Error sending command, reconnecting device and retrying: shell,settings delete global hidden_api_policy_pre_p_apps;settings delete global hidden_api_policy_p_apps;settings delete global hidden_api_policy
