[35m[Appium][39m Welcome to Appium v1.22.0
[35m[Appium][39m Non-default server args:
[35m[Appium][39m   port: 58133
[35m[Appium][39m   loglevel: info
[35m[Appium][39m   tmpDir: C:\Users\Amarir\AppData\Local\Temp\\Katalon\Appium\Temp1692266569834
[35m[Appium][39m   chromedriverPort: 58134
[35m[Appium][39m Deprecated server args:
[35m[Appium][39m   [31m--chromedriver-port[39m => --default-capabilities
[35m[Appium][39m Default capabilities, which will be added to each request unless overridden by desired capabilities:
[35m[Appium][39m   chromedriverPort: 58134
[35m[Appium][39m Appium REST http interface listener started on 0.0.0.0:58133
[35m[HTTP][39m [37m-->[39m [37mGET[39m [37m/wd/hub/status[39m
[35m[HTTP][39m [90m{}[39m
[35m[HTTP][39m [37m<-- GET /wd/hub/status [39m[32m200[39m [90m11 ms - 68[39m
[35m[HTTP][39m [90m[39m
[35m[HTTP][39m [37m-->[39m [37mPOST[39m [37m/wd/hub/session[39m
[35m[HTTP][39m [90m{"desiredCapabilities":{"app":"C:\\Users\\Amarir\\Downloads\\APK\\IS\\IS_Prod_2.1.apk","noReset":true,"deviceName":"samsung SM-N975F (Android 12)","fullReset":false,"platform":"ANDROID","newCommandTimeout":1800,"platformVersion":"12","automationName":"uiautomator2","autoGrantPermissions":true,"platformName":"Android","udid":"RF8N307NKZV","systemPort":58132},"capabilities":{"firstMatch":[{"appium:app":"C:\\Users\\Amarir\\Downloads\\APK\\IS\\IS_Prod_2.1.apk","appium:autoGrantPermissions":true,"appium:automationName":"uiautomator2","appium:deviceName":"samsung SM-N975F (Android 12)","appium:fullReset":false,"appium:newCommandTimeout":1800,"appium:noReset":true,"platform":"ANDROID","platformName":"android","appium:platformVersion":"12","appium:systemPort":58132,"appium:udid":"RF8N307NKZV"}]}}[39m
[35m[BaseDriver][39m The following capabilities are not standard capabilities and should have an extension prefix:
[35m[BaseDriver][39m   platform
[35m[BaseDriver][39m   chromedriverPort
[35m[Appium][39m Appium v1.22.0 creating new AndroidUiautomator2Driver (v1.69.0) session
[35m[BaseDriver][39m The following capabilities were provided, but are not recognized by Appium:
[35m[BaseDriver][39m   platform
[35m[BaseDriver][39m Session created with session id: 481e318e-5683-4962-bea4-95d8382f25af
[35m[BaseDriver][39m Using local app 'C:\Users\Amarir\Downloads\APK\IS\IS_Prod_2.1.apk'
[35m[ADB][39m Found 1 'build-tools' folders under 'C:\Users\Amarir\.katalon\tools\android_sdk' (newest first):
[35m[ADB][39m     C:/Users/Amarir/.katalon/tools/android_sdk/build-tools/29.0.3
[35m[ADB][39m Using 'adb.exe' from 'C:\Users\Amarir\.katalon\tools\android_sdk\platform-tools\adb.exe'
[35m[AndroidDriver][39m Retrieving device list
[35m[AndroidDriver][39m Using device: RF8N307NKZV
[35m[ADB][39m Using 'adb.exe' from 'C:\Users\Amarir\.katalon\tools\android_sdk\platform-tools\adb.exe'
[35m[ADB][39m Getting device platform version
[35m[UiAutomator2][39m Relaxing hidden api policy
[35m[ADB][39m Package name: 'com.ekareinc.insight.standard'
[35m[ADB][39m Main activity name: 'com.ekareinc.insight.standard.MainActivity'
[35m[ADB][39m Using 'apksigner.jar' from 'C:\Users\Amarir\.katalon\tools\android_sdk\build-tools\29.0.3\lib\apksigner.jar'
[35m[ADB][39m 'C:\Users\Amarir\AppData\Roaming\npm\node_modules\appium\node_modules\appium-uiautomator2-server\apks\appium-uiautomator2-server-v4.24.0.apk' is signed with the default certificate
[35m[ADB][39m 'C:\Users\Amarir\AppData\Roaming\npm\node_modules\appium\node_modules\appium-uiautomator2-server\apks\appium-uiautomator2-server-debug-androidTest.apk' is signed with the default certificate
[35m[UiAutomator2][39m Server packages are not going to be (re)installed
[35m[ADB][39m Adding packages ["io.appium.settings","io.appium.uiautomator2.server","io.appium.uiautomator2.server.test"] to Doze whitelist
[35m[ADB][39m 'C:\Users\Amarir\Downloads\APK\IS\IS_Prod_2.1.apk' is signed with a non-default certificate
[35m[UiAutomator2][39m Starting UIAutomator2 server 4.24.0
[35m[UiAutomator2][39m Using UIAutomator2 server from 'C:\Users\Amarir\AppData\Roaming\npm\node_modules\appium\node_modules\appium-uiautomator2-server\apks\appium-uiautomator2-server-v4.24.0.apk' and test from 'C:\Users\Amarir\AppData\Roaming\npm\node_modules\appium\node_modules\appium-uiautomator2-server\apks\appium-uiautomator2-server-debug-androidTest.apk'
[35m[UiAutomator2][39m Waiting up to 30000ms for UiAutomator2 to be online...
[35m[WD Proxy][39m Determined the downstream protocol as 'W3C'
[35m[AndroidDriver][39m Screen already unlocked, doing nothing
[35m[UiAutomator2][39m Starting 'com.ekareinc.insight.standard/com.ekareinc.insight.standard.MainActivity and waiting for 'com.ekareinc.insight.standard/com.ekareinc.insight.standard.MainActivity'
[35m[WD Proxy][39m socket hang up
[35m[WD Proxy][39m socket hang up
[35m[UiAutomator2][39m Did not get confirmation UiAutomator2 deleteSession worked; Error was: UnknownError: An unknown server-side error occurred while processing the command. Original error: Could not proxy command to the remote server. Original error: socket hang up
[35m[UiAutomator2][39m Restoring hidden api policy to the device default configuration
[35m[HTTP][39m [37m<-- POST /wd/hub/session [39m[31m500[39m [90m16975 ms - 1320[39m
[35m[HTTP][39m [90m[39m
[35m[HTTP][39m [37m-->[39m [37mGET[39m [37m/wd/hub/status[39m
[35m[HTTP][39m [90m{}[39m
[35m[HTTP][39m [37m<-- GET /wd/hub/status [39m[32m200[39m [90m4 ms - 68[39m
[35m[HTTP][39m [90m[39m
[35m[HTTP][39m [37m-->[39m [37mPOST[39m [37m/wd/hub/session[39m
[35m[HTTP][39m [90m{"desiredCapabilities":{"app":"C:\\Users\\Amarir\\Downloads\\APK\\IS\\IS_Prod_2.1.apk","noReset":true,"deviceName":"samsung SM-N975F (Android 12)","fullReset":false,"platform":"ANDROID","newCommandTimeout":1800,"platformVersion":"12","automationName":"uiautomator2","autoGrantPermissions":true,"platformName":"Android","udid":"RF8N307NKZV","systemPort":58292},"capabilities":{"firstMatch":[{"appium:app":"C:\\Users\\Amarir\\Downloads\\APK\\IS\\IS_Prod_2.1.apk","appium:autoGrantPermissions":true,"appium:automationName":"uiautomator2","appium:deviceName":"samsung SM-N975F (Android 12)","appium:fullReset":false,"appium:newCommandTimeout":1800,"appium:noReset":true,"platform":"ANDROID","platformName":"android","appium:platformVersion":"12","appium:systemPort":58292,"appium:udid":"RF8N307NKZV"}]}}[39m
[35m[BaseDriver][39m The following capabilities are not standard capabilities and should have an extension prefix:
[35m[BaseDriver][39m   platform
[35m[BaseDriver][39m   chromedriverPort
[35m[Appium][39m Appium v1.22.0 creating new AndroidUiautomator2Driver (v1.69.0) session
[35m[BaseDriver][39m The following capabilities were provided, but are not recognized by Appium:
[35m[BaseDriver][39m   platform
[35m[BaseDriver][39m Session created with session id: a80ee541-d872-4365-bee6-a22f2509dc6f
[35m[BaseDriver][39m Using local app 'C:\Users\Amarir\Downloads\APK\IS\IS_Prod_2.1.apk'
[35m[ADB][39m Using 'adb.exe' from 'C:\Users\Amarir\.katalon\tools\android_sdk\platform-tools\adb.exe'
[35m[AndroidDriver][39m Retrieving device list
[35m[AndroidDriver][39m Using device: RF8N307NKZV
[35m[ADB][39m Using 'adb.exe' from 'C:\Users\Amarir\.katalon\tools\android_sdk\platform-tools\adb.exe'
[35m[ADB][39m Getting device platform version
[35m[UiAutomator2][39m Relaxing hidden api policy
[35m[ADB][39m Package name: 'com.ekareinc.insight.standard'
[35m[ADB][39m Main activity name: 'com.ekareinc.insight.standard.MainActivity'
[35m[UiAutomator2][39m Server packages are not going to be (re)installed
[35m[ADB][39m Adding packages ["io.appium.settings","io.appium.uiautomator2.server","io.appium.uiautomator2.server.test"] to Doze whitelist
[35m[UiAutomator2][39m Starting UIAutomator2 server 4.24.0
[35m[UiAutomator2][39m Using UIAutomator2 server from 'C:\Users\Amarir\AppData\Roaming\npm\node_modules\appium\node_modules\appium-uiautomator2-server\apks\appium-uiautomator2-server-v4.24.0.apk' and test from 'C:\Users\Amarir\AppData\Roaming\npm\node_modules\appium\node_modules\appium-uiautomator2-server\apks\appium-uiautomator2-server-debug-androidTest.apk'
[35m[UiAutomator2][39m Waiting up to 30000ms for UiAutomator2 to be online...
[35m[WD Proxy][39m Determined the downstream protocol as 'W3C'
[35m[AndroidDriver][39m Screen already unlocked, doing nothing
[35m[UiAutomator2][39m Starting 'com.ekareinc.insight.standard/com.ekareinc.insight.standard.MainActivity and waiting for 'com.ekareinc.insight.standard/com.ekareinc.insight.standard.MainActivity'
[35m[WD Proxy][39m socket hang up
[35m[WD Proxy][39m socket hang up
[35m[UiAutomator2][39m Did not get confirmation UiAutomator2 deleteSession worked; Error was: UnknownError: An unknown server-side error occurred while processing the command. Original error: Could not proxy command to the remote server. Original error: socket hang up
[35m[UiAutomator2][39m Restoring hidden api policy to the device default configuration
[35m[HTTP][39m [37m<-- POST /wd/hub/session [39m[31m500[39m [90m6572 ms - 1320[39m
[35m[HTTP][39m [90m[39m
[35m[HTTP][39m [37m-->[39m [37mGET[39m [37m/wd/hub/status[39m
[35m[HTTP][39m [90m{}[39m
[35m[HTTP][39m [37m<-- GET /wd/hub/status [39m[32m200[39m [90m2 ms - 68[39m
[35m[HTTP][39m [90m[39m
[35m[HTTP][39m [37m-->[39m [37mPOST[39m [37m/wd/hub/session[39m
[35m[HTTP][39m [90m{"desiredCapabilities":{"app":"C:\\Users\\Amarir\\Downloads\\APK\\IS\\IS_Prod_2.1.apk","noReset":true,"deviceName":"samsung SM-N975F (Android 12)","fullReset":false,"platform":"ANDROID","newCommandTimeout":1800,"platformVersion":"12","automationName":"uiautomator2","autoGrantPermissions":true,"platformName":"Android","udid":"RF8N307NKZV","systemPort":58451},"capabilities":{"firstMatch":[{"appium:app":"C:\\Users\\Amarir\\Downloads\\APK\\IS\\IS_Prod_2.1.apk","appium:autoGrantPermissions":true,"appium:automationName":"uiautomator2","appium:deviceName":"samsung SM-N975F (Android 12)","appium:fullReset":false,"appium:newCommandTimeout":1800,"appium:noReset":true,"platform":"ANDROID","platformName":"android","appium:platformVersion":"12","appium:systemPort":58451,"appium:udid":"RF8N307NKZV"}]}}[39m
[35m[BaseDriver][39m The following capabilities are not standard capabilities and should have an extension prefix:
[35m[BaseDriver][39m   platform
[35m[BaseDriver][39m   chromedriverPort
[35m[Appium][39m Appium v1.22.0 creating new AndroidUiautomator2Driver (v1.69.0) session
[35m[BaseDriver][39m The following capabilities were provided, but are not recognized by Appium:
[35m[BaseDriver][39m   platform
[35m[BaseDriver][39m Session created with session id: 8b9eb841-34f2-436c-94dc-c7103929ec73
[35m[BaseDriver][39m Using local app 'C:\Users\Amarir\Downloads\APK\IS\IS_Prod_2.1.apk'
[35m[ADB][39m Using 'adb.exe' from 'C:\Users\Amarir\.katalon\tools\android_sdk\platform-tools\adb.exe'
[35m[AndroidDriver][39m Retrieving device list
[35m[AndroidDriver][39m Using device: RF8N307NKZV
[35m[ADB][39m Using 'adb.exe' from 'C:\Users\Amarir\.katalon\tools\android_sdk\platform-tools\adb.exe'
[35m[ADB][39m Getting device platform version
[35m[UiAutomator2][39m Relaxing hidden api policy
[35m[ADB][39m Package name: 'com.ekareinc.insight.standard'
[35m[ADB][39m Main activity name: 'com.ekareinc.insight.standard.MainActivity'
[35m[UiAutomator2][39m Server packages are not going to be (re)installed
[35m[ADB][39m Adding packages ["io.appium.settings","io.appium.uiautomator2.server","io.appium.uiautomator2.server.test"] to Doze whitelist
[35m[UiAutomator2][39m Starting UIAutomator2 server 4.24.0
[35m[UiAutomator2][39m Using UIAutomator2 server from 'C:\Users\Amarir\AppData\Roaming\npm\node_modules\appium\node_modules\appium-uiautomator2-server\apks\appium-uiautomator2-server-v4.24.0.apk' and test from 'C:\Users\Amarir\AppData\Roaming\npm\node_modules\appium\node_modules\appium-uiautomator2-server\apks\appium-uiautomator2-server-debug-androidTest.apk'
[35m[UiAutomator2][39m Waiting up to 30000ms for UiAutomator2 to be online...
[35m[WD Proxy][39m Determined the downstream protocol as 'W3C'
[35m[AndroidDriver][39m Screen already unlocked, doing nothing
[35m[UiAutomator2][39m Starting 'com.ekareinc.insight.standard/com.ekareinc.insight.standard.MainActivity and waiting for 'com.ekareinc.insight.standard/com.ekareinc.insight.standard.MainActivity'
[35m[WD Proxy][39m socket hang up
[35m[WD Proxy][39m socket hang up
[35m[UiAutomator2][39m Did not get confirmation UiAutomator2 deleteSession worked; Error was: UnknownError: An unknown server-side error occurred while processing the command. Original error: Could not proxy command to the remote server. Original error: socket hang up
[35m[UiAutomator2][39m Restoring hidden api policy to the device default configuration
[35m[HTTP][39m [37m<-- POST /wd/hub/session [39m[31m500[39m [90m5158 ms - 1320[39m
[35m[HTTP][39m [90m[39m
[35m[HTTP][39m [37m-->[39m [37mGET[39m [37m/wd/hub/status[39m
[35m[HTTP][39m [90m{}[39m
[35m[HTTP][39m [37m<-- GET /wd/hub/status [39m[32m200[39m [90m1 ms - 68[39m
[35m[HTTP][39m [90m[39m
[35m[HTTP][39m [37m-->[39m [37mPOST[39m [37m/wd/hub/session[39m
[35m[HTTP][39m [90m{"desiredCapabilities":{"app":"C:\\Users\\Amarir\\Downloads\\APK\\IS\\IS_Prod_2.1.apk","noReset":true,"deviceName":"samsung SM-N975F (Android 12)","fullReset":false,"platform":"ANDROID","newCommandTimeout":1800,"platformVersion":"12","automationName":"uiautomator2","autoGrantPermissions":true,"platformName":"Android","udid":"RF8N307NKZV","systemPort":58607},"capabilities":{"firstMatch":[{"appium:app":"C:\\Users\\Amarir\\Downloads\\APK\\IS\\IS_Prod_2.1.apk","appium:autoGrantPermissions":true,"appium:automationName":"uiautomator2","appium:deviceName":"samsung SM-N975F (Android 12)","appium:fullReset":false,"appium:newCommandTimeout":1800,"appium:noReset":true,"platform":"ANDROID","platformName":"android","appium:platformVersion":"12","appium:systemPort":58607,"appium:udid":"RF8N307NKZV"}]}}[39m
[35m[BaseDriver][39m The following capabilities are not standard capabilities and should have an extension prefix:
[35m[BaseDriver][39m   platform
[35m[BaseDriver][39m   chromedriverPort
[35m[Appium][39m Appium v1.22.0 creating new AndroidUiautomator2Driver (v1.69.0) session
[35m[BaseDriver][39m The following capabilities were provided, but are not recognized by Appium:
[35m[BaseDriver][39m   platform
[35m[BaseDriver][39m Session created with session id: 253fb089-9f4a-4fc9-8c82-42a0d78f7967
[35m[BaseDriver][39m Using local app 'C:\Users\Amarir\Downloads\APK\IS\IS_Prod_2.1.apk'
[35m[ADB][39m Using 'adb.exe' from 'C:\Users\Amarir\.katalon\tools\android_sdk\platform-tools\adb.exe'
[35m[AndroidDriver][39m Retrieving device list
[35m[AndroidDriver][39m Using device: RF8N307NKZV
[35m[ADB][39m Using 'adb.exe' from 'C:\Users\Amarir\.katalon\tools\android_sdk\platform-tools\adb.exe'
[35m[ADB][39m Getting device platform version
[35m[UiAutomator2][39m Relaxing hidden api policy
[35m[ADB][39m Package name: 'com.ekareinc.insight.standard'
[35m[ADB][39m Main activity name: 'com.ekareinc.insight.standard.MainActivity'
[35m[UiAutomator2][39m Server packages are not going to be (re)installed
[35m[ADB][39m Adding packages ["io.appium.settings","io.appium.uiautomator2.server","io.appium.uiautomator2.server.test"] to Doze whitelist
[35m[UiAutomator2][39m Starting UIAutomator2 server 4.24.0
[35m[UiAutomator2][39m Using UIAutomator2 server from 'C:\Users\Amarir\AppData\Roaming\npm\node_modules\appium\node_modules\appium-uiautomator2-server\apks\appium-uiautomator2-server-v4.24.0.apk' and test from 'C:\Users\Amarir\AppData\Roaming\npm\node_modules\appium\node_modules\appium-uiautomator2-server\apks\appium-uiautomator2-server-debug-androidTest.apk'
[35m[UiAutomator2][39m Waiting up to 30000ms for UiAutomator2 to be online...
[35m[WD Proxy][39m Determined the downstream protocol as 'W3C'
[35m[AndroidDriver][39m Screen already unlocked, doing nothing
[35m[UiAutomator2][39m Starting 'com.ekareinc.insight.standard/com.ekareinc.insight.standard.MainActivity and waiting for 'com.ekareinc.insight.standard/com.ekareinc.insight.standard.MainActivity'
[35m[WD Proxy][39m socket hang up
[35m[WD Proxy][39m socket hang up
[35m[UiAutomator2][39m Did not get confirmation UiAutomator2 deleteSession worked; Error was: UnknownError: An unknown server-side error occurred while processing the command. Original error: Could not proxy command to the remote server. Original error: socket hang up
[35m[UiAutomator2][39m Restoring hidden api policy to the device default configuration
[35m[HTTP][39m [37m<-- POST /wd/hub/session [39m[31m500[39m [90m6657 ms - 1320[39m
[35m[HTTP][39m [90m[39m
