[35m[Appium][39m Welcome to Appium v1.22.0
[35m[Appium][39m Non-default server args:
[35m[Appium][39m   port: 61182
[35m[Appium][39m   loglevel: info
[35m[Appium][39m   tmpDir: C:\Users\Amarir\AppData\Local\Temp\\Katalon\Appium\Temp1690302568824
[35m[Appium][39m   chromedriverPort: 61183
[35m[Appium][39m Deprecated server args:
[35m[Appium][39m   [31m--chromedriver-port[39m => --default-capabilities
[35m[Appium][39m Default capabilities, which will be added to each request unless overridden by desired capabilities:
[35m[Appium][39m   chromedriverPort: 61183
[35m[Appium][39m Appium REST http interface listener started on 0.0.0.0:61182
[35m[HTTP][39m [37m-->[39m [37mGET[39m [37m/wd/hub/status[39m
[35m[HTTP][39m [90m{}[39m
[35m[HTTP][39m [37m<-- GET /wd/hub/status [39m[32m200[39m [90m13 ms - 68[39m
[35m[HTTP][39m [90m[39m
[35m[HTTP][39m [37m-->[39m [37mPOST[39m [37m/wd/hub/session[39m
[35m[HTTP][39m [90m{"desiredCapabilities":{"app":"C:\\Users\\Amarir\\Downloads\\APK\\IS\\app-release.apk","noReset":false,"deviceName":"samsung SM-N975F (Android 12)","fullReset":true,"platform":"ANDROID","newCommandTimeout":1800,"platformVersion":"12","automationName":"uiautomator2","autoGrantPermissions":true,"platformName":"Android","udid":"RF8N307NKZV","systemPort":61181},"capabilities":{"firstMatch":[{"appium:app":"C:\\Users\\Amarir\\Downloads\\APK\\IS\\app-release.apk","appium:autoGrantPermissions":true,"appium:automationName":"uiautomator2","appium:deviceName":"samsung SM-N975F (Android 12)","appium:fullReset":true,"appium:newCommandTimeout":1800,"appium:noReset":false,"platform":"ANDROID","platformName":"android","appium:platformVersion":"12","appium:systemPort":61181,"appium:udid":"RF8N307NKZV"}]}}[39m
[35m[BaseDriver][39m The following capabilities are not standard capabilities and should have an extension prefix:
[35m[BaseDriver][39m   platform
[35m[BaseDriver][39m   chromedriverPort
[35m[Appium][39m Appium v1.22.0 creating new AndroidUiautomator2Driver (v1.69.0) session
[35m[BaseDriver][39m The following capabilities were provided, but are not recognized by Appium:
[35m[BaseDriver][39m   platform
[35m[BaseDriver][39m Session created with session id: dd28ac9b-f15d-4c66-8a34-2968a3d1b1b6
[35m[BaseDriver][39m Using local app 'C:\Users\Amarir\Downloads\APK\IS\app-release.apk'
[35m[ADB][39m Found 1 'build-tools' folders under 'C:\Users\Amarir\.katalon\tools\android_sdk' (newest first):
[35m[ADB][39m     C:/Users/Amarir/.katalon/tools/android_sdk/build-tools/29.0.3
[35m[ADB][39m Using 'adb.exe' from 'C:\Users\Amarir\.katalon\tools\android_sdk\platform-tools\adb.exe'
[35m[AndroidDriver][39m Retrieving device list
[35m[AndroidDriver][39m Using device: RF8N307NKZV
[35m[ADB][39m Using 'adb.exe' from 'C:\Users\Amarir\.katalon\tools\android_sdk\platform-tools\adb.exe'
[35m[ADB][39m Getting device platform version
[35m[UiAutomator2][39m Relaxing hidden api policy
[35m[ADB][39m Package name: 'com.ekareinc.insight.standard'
[35m[ADB][39m Main activity name: 'com.ekareinc.insight.standard.MainActivity'
[35m[ADB][39m Using 'apksigner.jar' from 'C:\Users\Amarir\.katalon\tools\android_sdk\build-tools\29.0.3\lib\apksigner.jar'
[35m[ADB][39m 'C:\Users\Amarir\AppData\Roaming\npm\node_modules\appium\node_modules\appium-uiautomator2-server\apks\appium-uiautomator2-server-v4.24.0.apk' is signed with the default certificate
[35m[ADB][39m 'C:\Users\Amarir\AppData\Roaming\npm\node_modules\appium\node_modules\appium-uiautomator2-server\apks\appium-uiautomator2-server-debug-androidTest.apk' is signed with the default certificate
[35m[UiAutomator2][39m Server packages are not going to be (re)installed
[35m[ADB][39m Adding packages ["io.appium.settings","io.appium.uiautomator2.server","io.appium.uiautomator2.server.test"] to Doze whitelist
[35m[ADB][39m 'C:\Users\Amarir\Downloads\APK\IS\app-release.apk' is signed with a non-default certificate
[35m[ADB][39m com.ekareinc.insight.standard was not uninstalled, because it was not present on the device
[35m[ADB][39m The application at 'C:\Users\Amarir\Downloads\APK\IS\app-release.apk' will not be cached, because the device under test has confirmed the support of streamed installs
[35m[ADB][39m The installation of 'app-release.apk' took 11167ms
[35m[UiAutomator2][39m Starting UIAutomator2 server 4.24.0
[35m[UiAutomator2][39m Using UIAutomator2 server from 'C:\Users\Amarir\AppData\Roaming\npm\node_modules\appium\node_modules\appium-uiautomator2-server\apks\appium-uiautomator2-server-v4.24.0.apk' and test from 'C:\Users\Amarir\AppData\Roaming\npm\node_modules\appium\node_modules\appium-uiautomator2-server\apks\appium-uiautomator2-server-debug-androidTest.apk'
[35m[UiAutomator2][39m Waiting up to 30000ms for UiAutomator2 to be online...
[35m[WD Proxy][39m socket hang up
[35m[WD Proxy][39m socket hang up
[35m[WD Proxy][39m Determined the downstream protocol as 'W3C'
[35m[AndroidDriver][39m Screen already unlocked, doing nothing
[35m[UiAutomator2][39m Starting 'com.ekareinc.insight.standard/com.ekareinc.insight.standard.MainActivity and waiting for 'com.ekareinc.insight.standard/com.ekareinc.insight.standard.MainActivity'
[35m[Appium][39m New AndroidUiautomator2Driver session created successfully, session dd28ac9b-f15d-4c66-8a34-2968a3d1b1b6 added to master session list
[35m[HTTP][39m [37m<-- POST /wd/hub/session [39m[32m200[39m [90m29743 ms - 1273[39m
[35m[HTTP][39m [90m[39m
[35m[HTTP][39m [37m-->[39m [37mGET[39m [37m/wd/hub/session/dd28ac9b-f15d-4c66-8a34-2968a3d1b1b6[39m
[35m[HTTP][39m [90m{}[39m
[35m[HTTP][39m [37m<-- GET /wd/hub/session/dd28ac9b-f15d-4c66-8a34-2968a3d1b1b6 [39m[32m200[39m [90m13 ms - 1227[39m
[35m[HTTP][39m [90m[39m
[35m[HTTP][39m [37m-->[39m [37mGET[39m [37m/wd/hub/session/dd28ac9b-f15d-4c66-8a34-2968a3d1b1b6[39m
[35m[HTTP][39m [90m{}[39m
[35m[HTTP][39m [37m<-- GET /wd/hub/session/dd28ac9b-f15d-4c66-8a34-2968a3d1b1b6 [39m[32m200[39m [90m9 ms - 1227[39m
[35m[HTTP][39m [90m[39m
[35m[HTTP][39m [37m-->[39m [37mGET[39m [37m/wd/hub/status[39m
[35m[HTTP][39m [90m{}[39m
[35m[HTTP][39m [37m<-- GET /wd/hub/status [39m[32m200[39m [90m2 ms - 68[39m
[35m[HTTP][39m [90m[39m
[35m[HTTP][39m [37m-->[39m [37mPOST[39m [37m/wd/hub/session/dd28ac9b-f15d-4c66-8a34-2968a3d1b1b6/timeouts[39m
[35m[HTTP][39m [90m{"implicit":30000}[39m
[35m[HTTP][39m [37m<-- POST /wd/hub/session/dd28ac9b-f15d-4c66-8a34-2968a3d1b1b6/timeouts [39m[32m200[39m [90m4 ms - 14[39m
[35m[HTTP][39m [90m[39m
[35m[HTTP][39m [37m-->[39m [37mGET[39m [37m/wd/hub/session/dd28ac9b-f15d-4c66-8a34-2968a3d1b1b6/screenshot[39m
[35m[HTTP][39m [90m{}[39m
[35m[HTTP][39m [37m<-- GET /wd/hub/session/dd28ac9b-f15d-4c66-8a34-2968a3d1b1b6/screenshot [39m[32m200[39m [90m401 ms - 130232[39m
[35m[HTTP][39m [90m[39m
[35m[HTTP][39m [37m-->[39m [37mGET[39m [37m/wd/hub/session/dd28ac9b-f15d-4c66-8a34-2968a3d1b1b6/window/rect[39m
[35m[HTTP][39m [90m{}[39m
[35m[HTTP][39m [37m<-- GET /wd/hub/session/dd28ac9b-f15d-4c66-8a34-2968a3d1b1b6/window/rect [39m[32m200[39m [90m36 ms - 50[39m
[35m[HTTP][39m [90m[39m
[35m[HTTP][39m [37m-->[39m [37mGET[39m [37m/wd/hub/session/dd28ac9b-f15d-4c66-8a34-2968a3d1b1b6/appium/device/system_bars[39m
[35m[HTTP][39m [90m{}[39m
[35m[HTTP][39m [37m<-- GET /wd/hub/session/dd28ac9b-f15d-4c66-8a34-2968a3d1b1b6/appium/device/system_bars [39m[32m200[39m [90m82 ms - 145[39m
[35m[HTTP][39m [90m[39m
[35m[HTTP][39m [37m-->[39m [37mPOST[39m [37m/wd/hub/session/dd28ac9b-f15d-4c66-8a34-2968a3d1b1b6/timeouts[39m
[35m[HTTP][39m [90m{"implicit":50}[39m
[35m[HTTP][39m [37m<-- POST /wd/hub/session/dd28ac9b-f15d-4c66-8a34-2968a3d1b1b6/timeouts [39m[32m200[39m [90m6 ms - 14[39m
[35m[HTTP][39m [90m[39m
[35m[HTTP][39m [37m-->[39m [37mGET[39m [37m/wd/hub/session/dd28ac9b-f15d-4c66-8a34-2968a3d1b1b6/window/rect[39m
[35m[HTTP][39m [90m{}[39m
[35m[HTTP][39m [37m<-- GET /wd/hub/session/dd28ac9b-f15d-4c66-8a34-2968a3d1b1b6/window/rect [39m[32m200[39m [90m31 ms - 50[39m
[35m[HTTP][39m [90m[39m
[35m[HTTP][39m [37m-->[39m [37mPOST[39m [37m/wd/hub/session/dd28ac9b-f15d-4c66-8a34-2968a3d1b1b6/elements[39m
[35m[HTTP][39m [90m{"using":"xpath","value":"//hierarchy/android.widget.FrameLayout[1]/android.widget.LinearLayout[1]/android.widget.FrameLayout[1]/android.widget.LinearLayout[1]/android.widget.FrameLayout[1]/android.widget.FrameLayout[1]/android.view.ViewGroup[1]/android.view.ViewGroup[1]/android.view.ViewGroup[1]/android.widget.FrameLayout[1]/android.view.ViewGroup[1]/android.view.ViewGroup[1]/android.view.ViewGroup[1]/android.widget.ScrollView[1]/android.view.ViewGroup[1]/android.view.ViewGroup[1]/android.widget.EditText[1]"}[39m
[35m[HTTP][39m [37m<-- POST /wd/hub/session/dd28ac9b-f15d-4c66-8a34-2968a3d1b1b6/elements [39m[32m200[39m [90m191 ms - 12[39m
[35m[HTTP][39m [90m[39m
[35m[HTTP][39m [37m-->[39m [37mPOST[39m [37m/wd/hub/session/dd28ac9b-f15d-4c66-8a34-2968a3d1b1b6/elements[39m
[35m[HTTP][39m [90m{"using":"xpath","value":"//hierarchy/android.widget.FrameLayout[1]/android.widget.LinearLayout[1]/android.widget.FrameLayout[1]/android.widget.LinearLayout[1]/android.widget.FrameLayout[1]/android.widget.FrameLayout[1]/android.view.ViewGroup[1]/android.view.ViewGroup[1]/android.view.ViewGroup[1]/android.widget.FrameLayout[1]/android.view.ViewGroup[1]/android.view.ViewGroup[1]/android.view.ViewGroup[1]/android.widget.ScrollView[1]/android.view.ViewGroup[1]/android.view.ViewGroup[1]/android.widget.EditText[1]"}[39m
[35m[HTTP][39m [37m<-- POST /wd/hub/session/dd28ac9b-f15d-4c66-8a34-2968a3d1b1b6/elements [39m[32m200[39m [90m64 ms - 12[39m
[35m[HTTP][39m [90m[39m
[35m[HTTP][39m [37m-->[39m [37mPOST[39m [37m/wd/hub/session/dd28ac9b-f15d-4c66-8a34-2968a3d1b1b6/elements[39m
[35m[HTTP][39m [90m{"using":"xpath","value":"//hierarchy/android.widget.FrameLayout[1]/android.widget.LinearLayout[1]/android.widget.FrameLayout[1]/android.widget.LinearLayout[1]/android.widget.FrameLayout[1]/android.widget.FrameLayout[1]/android.view.ViewGroup[1]/android.view.ViewGroup[1]/android.view.ViewGroup[1]/android.widget.FrameLayout[1]/android.view.ViewGroup[1]/android.view.ViewGroup[1]/android.view.ViewGroup[1]/android.widget.ScrollView[1]/android.view.ViewGroup[1]/android.view.ViewGroup[1]/android.widget.EditText[1]"}[39m
[35m[HTTP][39m [37m<-- POST /wd/hub/session/dd28ac9b-f15d-4c66-8a34-2968a3d1b1b6/elements [39m[32m200[39m [90m54 ms - 12[39m
[35m[HTTP][39m [90m[39m
[35m[HTTP][39m [37m-->[39m [37mPOST[39m [37m/wd/hub/session/dd28ac9b-f15d-4c66-8a34-2968a3d1b1b6/elements[39m
[35m[HTTP][39m [90m{"using":"xpath","value":"//hierarchy/android.widget.FrameLayout[1]/android.widget.LinearLayout[1]/android.widget.FrameLayout[1]/android.widget.LinearLayout[1]/android.widget.FrameLayout[1]/android.widget.FrameLayout[1]/android.view.ViewGroup[1]/android.view.ViewGroup[1]/android.view.ViewGroup[1]/android.widget.FrameLayout[1]/android.view.ViewGroup[1]/android.view.ViewGroup[1]/android.view.ViewGroup[1]/android.widget.ScrollView[1]/android.view.ViewGroup[1]/android.view.ViewGroup[1]/android.widget.EditText[1]"}[39m
[35m[HTTP][39m [37m<-- POST /wd/hub/session/dd28ac9b-f15d-4c66-8a34-2968a3d1b1b6/elements [39m[32m200[39m [90m56 ms - 12[39m
[35m[HTTP][39m [90m[39m
[35m[HTTP][39m [37m-->[39m [37mPOST[39m [37m/wd/hub/session/dd28ac9b-f15d-4c66-8a34-2968a3d1b1b6/elements[39m
[35m[HTTP][39m [90m{"using":"xpath","value":"//hierarchy/android.widget.FrameLayout[1]/android.widget.LinearLayout[1]/android.widget.FrameLayout[1]/android.widget.LinearLayout[1]/android.widget.FrameLayout[1]/android.widget.FrameLayout[1]/android.view.ViewGroup[1]/android.view.ViewGroup[1]/android.view.ViewGroup[1]/android.widget.FrameLayout[1]/android.view.ViewGroup[1]/android.view.ViewGroup[1]/android.view.ViewGroup[1]/android.widget.ScrollView[1]/android.view.ViewGroup[1]/android.view.ViewGroup[1]/android.widget.EditText[1]"}[39m
[35m[HTTP][39m [37m<-- POST /wd/hub/session/dd28ac9b-f15d-4c66-8a34-2968a3d1b1b6/elements [39m[32m200[39m [90m112 ms - 12[39m
[35m[HTTP][39m [90m[39m
[35m[HTTP][39m [37m-->[39m [37mPOST[39m [37m/wd/hub/session/dd28ac9b-f15d-4c66-8a34-2968a3d1b1b6/elements[39m
[35m[HTTP][39m [90m{"using":"xpath","value":"//hierarchy/android.widget.FrameLayout[1]/android.widget.LinearLayout[1]/android.widget.FrameLayout[1]/android.widget.LinearLayout[1]/android.widget.FrameLayout[1]/android.widget.FrameLayout[1]/android.view.ViewGroup[1]/android.view.ViewGroup[1]/android.view.ViewGroup[1]/android.widget.FrameLayout[1]/android.view.ViewGroup[1]/android.view.ViewGroup[1]/android.view.ViewGroup[1]/android.widget.ScrollView[1]/android.view.ViewGroup[1]/android.view.ViewGroup[1]/android.widget.EditText[1]"}[39m
[35m[HTTP][39m [37m<-- POST /wd/hub/session/dd28ac9b-f15d-4c66-8a34-2968a3d1b1b6/elements [39m[32m200[39m [90m110 ms - 12[39m
[35m[HTTP][39m [90m[39m
[35m[HTTP][39m [37m-->[39m [37mPOST[39m [37m/wd/hub/session/dd28ac9b-f15d-4c66-8a34-2968a3d1b1b6/elements[39m
[35m[HTTP][39m [90m{"using":"xpath","value":"//hierarchy/android.widget.FrameLayout[1]/android.widget.LinearLayout[1]/android.widget.FrameLayout[1]/android.widget.LinearLayout[1]/android.widget.FrameLayout[1]/android.widget.FrameLayout[1]/android.view.ViewGroup[1]/android.view.ViewGroup[1]/android.view.ViewGroup[1]/android.widget.FrameLayout[1]/android.view.ViewGroup[1]/android.view.ViewGroup[1]/android.view.ViewGroup[1]/android.widget.ScrollView[1]/android.view.ViewGroup[1]/android.view.ViewGroup[1]/android.widget.EditText[1]"}[39m
[35m[HTTP][39m [37m<-- POST /wd/hub/session/dd28ac9b-f15d-4c66-8a34-2968a3d1b1b6/elements [39m[32m200[39m [90m109 ms - 12[39m
[35m[HTTP][39m [90m[39m
[35m[HTTP][39m [37m-->[39m [37mPOST[39m [37m/wd/hub/session/dd28ac9b-f15d-4c66-8a34-2968a3d1b1b6/elements[39m
[35m[HTTP][39m [90m{"using":"xpath","value":"//hierarchy/android.widget.FrameLayout[1]/android.widget.LinearLayout[1]/android.widget.FrameLayout[1]/android.widget.LinearLayout[1]/android.widget.FrameLayout[1]/android.widget.FrameLayout[1]/android.view.ViewGroup[1]/android.view.ViewGroup[1]/android.view.ViewGroup[1]/android.widget.FrameLayout[1]/android.view.ViewGroup[1]/android.view.ViewGroup[1]/android.view.ViewGroup[1]/android.widget.ScrollView[1]/android.view.ViewGroup[1]/android.view.ViewGroup[1]/android.widget.EditText[1]"}[39m
[35m[HTTP][39m [37m<-- POST /wd/hub/session/dd28ac9b-f15d-4c66-8a34-2968a3d1b1b6/elements [39m[32m200[39m [90m98 ms - 12[39m
[35m[HTTP][39m [90m[39m
[35m[HTTP][39m [37m-->[39m [37mPOST[39m [37m/wd/hub/session/dd28ac9b-f15d-4c66-8a34-2968a3d1b1b6/elements[39m
[35m[HTTP][39m [90m{"using":"xpath","value":"//hierarchy/android.widget.FrameLayout[1]/android.widget.LinearLayout[1]/android.widget.FrameLayout[1]/android.widget.LinearLayout[1]/android.widget.FrameLayout[1]/android.widget.FrameLayout[1]/android.view.ViewGroup[1]/android.view.ViewGroup[1]/android.view.ViewGroup[1]/android.widget.FrameLayout[1]/android.view.ViewGroup[1]/android.view.ViewGroup[1]/android.view.ViewGroup[1]/android.widget.ScrollView[1]/android.view.ViewGroup[1]/android.view.ViewGroup[1]/android.widget.EditText[1]"}[39m
[35m[HTTP][39m [37m<-- POST /wd/hub/session/dd28ac9b-f15d-4c66-8a34-2968a3d1b1b6/elements [39m[32m200[39m [90m97 ms - 12[39m
[35m[HTTP][39m [90m[39m
[35m[HTTP][39m [37m-->[39m [37mPOST[39m [37m/wd/hub/session/dd28ac9b-f15d-4c66-8a34-2968a3d1b1b6/elements[39m
[35m[HTTP][39m [90m{"using":"xpath","value":"//hierarchy/android.widget.FrameLayout[1]/android.widget.LinearLayout[1]/android.widget.FrameLayout[1]/android.widget.LinearLayout[1]/android.widget.FrameLayout[1]/android.widget.FrameLayout[1]/android.view.ViewGroup[1]/android.view.ViewGroup[1]/android.view.ViewGroup[1]/android.widget.FrameLayout[1]/android.view.ViewGroup[1]/android.view.ViewGroup[1]/android.view.ViewGroup[1]/android.widget.ScrollView[1]/android.view.ViewGroup[1]/android.view.ViewGroup[1]/android.widget.EditText[1]"}[39m
[35m[HTTP][39m [37m<-- POST /wd/hub/session/dd28ac9b-f15d-4c66-8a34-2968a3d1b1b6/elements [39m[32m200[39m [90m534 ms - 12[39m
[35m[HTTP][39m [90m[39m
[35m[HTTP][39m [37m-->[39m [37mPOST[39m [37m/wd/hub/session/dd28ac9b-f15d-4c66-8a34-2968a3d1b1b6/elements[39m
[35m[HTTP][39m [90m{"using":"xpath","value":"//hierarchy/android.widget.FrameLayout[1]/android.widget.LinearLayout[1]/android.widget.FrameLayout[1]/android.widget.LinearLayout[1]/android.widget.FrameLayout[1]/android.widget.FrameLayout[1]/android.view.ViewGroup[1]/android.view.ViewGroup[1]/android.view.ViewGroup[1]/android.widget.FrameLayout[1]/android.view.ViewGroup[1]/android.view.ViewGroup[1]/android.view.ViewGroup[1]/android.widget.ScrollView[1]/android.view.ViewGroup[1]/android.view.ViewGroup[1]/android.widget.EditText[1]"}[39m
[35m[HTTP][39m [37m<-- POST /wd/hub/session/dd28ac9b-f15d-4c66-8a34-2968a3d1b1b6/elements [39m[32m200[39m [90m98 ms - 12[39m
[35m[HTTP][39m [90m[39m
[35m[HTTP][39m [37m-->[39m [37mPOST[39m [37m/wd/hub/session/dd28ac9b-f15d-4c66-8a34-2968a3d1b1b6/elements[39m
[35m[HTTP][39m [90m{"using":"xpath","value":"//hierarchy/android.widget.FrameLayout[1]/android.widget.LinearLayout[1]/android.widget.FrameLayout[1]/android.widget.LinearLayout[1]/android.widget.FrameLayout[1]/android.widget.FrameLayout[1]/android.view.ViewGroup[1]/android.view.ViewGroup[1]/android.view.ViewGroup[1]/android.widget.FrameLayout[1]/android.view.ViewGroup[1]/android.view.ViewGroup[1]/android.view.ViewGroup[1]/android.widget.ScrollView[1]/android.view.ViewGroup[1]/android.view.ViewGroup[1]/android.widget.EditText[1]"}[39m
[35m[HTTP][39m [37m<-- POST /wd/hub/session/dd28ac9b-f15d-4c66-8a34-2968a3d1b1b6/elements [39m[32m200[39m [90m1158 ms - 139[39m
[35m[HTTP][39m [90m[39m
[35m[HTTP][39m [37m-->[39m [37mGET[39m [37m/wd/hub/session/dd28ac9b-f15d-4c66-8a34-2968a3d1b1b6/element/00000000-0000-0d98-ffff-ffff00000026/location[39m
[35m[HTTP][39m [90m{}[39m
[35m[W3C (dd28ac9b)][39m Driver proxy active, passing request on via HTTP proxy
[35m[WD Proxy][39m Replacing sessionId 6be68b9f-2f88-4659-9e0d-92b4d7a86c90 with dd28ac9b-f15d-4c66-8a34-2968a3d1b1b6
[35m[HTTP][39m [37m<-- GET /wd/hub/session/dd28ac9b-f15d-4c66-8a34-2968a3d1b1b6/element/00000000-0000-0d98-ffff-ffff00000026/location [39m[32m200[39m [90m47 ms - 78[39m
[35m[HTTP][39m [90m[39m
[35m[HTTP][39m [37m-->[39m [37mPOST[39m [37m/wd/hub/session/dd28ac9b-f15d-4c66-8a34-2968a3d1b1b6/timeouts[39m
[35m[HTTP][39m [90m{"implicit":30000}[39m
[35m[HTTP][39m [37m<-- POST /wd/hub/session/dd28ac9b-f15d-4c66-8a34-2968a3d1b1b6/timeouts [39m[32m200[39m [90m2 ms - 14[39m
[35m[HTTP][39m [90m[39m
[35m[HTTP][39m [37m-->[39m [37mPOST[39m [37m/wd/hub/session/dd28ac9b-f15d-4c66-8a34-2968a3d1b1b6/element/00000000-0000-0d98-ffff-ffff00000026/clear[39m
[35m[HTTP][39m [90m{"id":"00000000-0000-0d98-ffff-ffff00000026"}[39m
[35m[HTTP][39m [37m<-- POST /wd/hub/session/dd28ac9b-f15d-4c66-8a34-2968a3d1b1b6/element/00000000-0000-0d98-ffff-ffff00000026/clear [39m[32m200[39m [90m41 ms - 14[39m
[35m[HTTP][39m [90m[39m
[35m[HTTP][39m [37m-->[39m [37mPOST[39m [37m/wd/hub/session/dd28ac9b-f15d-4c66-8a34-2968a3d1b1b6/element/00000000-0000-0d98-ffff-ffff00000026/value[39m
[35m[HTTP][39m [90m{"id":"00000000-0000-0d98-ffff-ffff00000026","text":"Katalon","value":["K","a","t","a","l","o","n"]}[39m
[35m[HTTP][39m [37m<-- POST /wd/hub/session/dd28ac9b-f15d-4c66-8a34-2968a3d1b1b6/element/00000000-0000-0d98-ffff-ffff00000026/value [39m[32m200[39m [90m512 ms - 14[39m
[35m[HTTP][39m [90m[39m
[35m[HTTP][39m [37m-->[39m [37mPOST[39m [37m/wd/hub/session/dd28ac9b-f15d-4c66-8a34-2968a3d1b1b6/timeouts[39m
[35m[HTTP][39m [90m{"implicit":50}[39m
[35m[HTTP][39m [37m<-- POST /wd/hub/session/dd28ac9b-f15d-4c66-8a34-2968a3d1b1b6/timeouts [39m[32m200[39m [90m1 ms - 14[39m
[35m[HTTP][39m [90m[39m
[35m[HTTP][39m [37m-->[39m [37mGET[39m [37m/wd/hub/session/dd28ac9b-f15d-4c66-8a34-2968a3d1b1b6/window/rect[39m
[35m[HTTP][39m [90m{}[39m
[35m[HTTP][39m [37m<-- GET /wd/hub/session/dd28ac9b-f15d-4c66-8a34-2968a3d1b1b6/window/rect [39m[32m200[39m [90m22 ms - 50[39m
[35m[HTTP][39m [90m[39m
[35m[HTTP][39m [37m-->[39m [37mPOST[39m [37m/wd/hub/session/dd28ac9b-f15d-4c66-8a34-2968a3d1b1b6/elements[39m
[35m[HTTP][39m [90m{"using":"xpath","value":"//hierarchy/android.widget.FrameLayout[1]/android.widget.LinearLayout[1]/android.widget.FrameLayout[1]/android.widget.LinearLayout[1]/android.widget.FrameLayout[1]/android.widget.FrameLayout[1]/android.view.ViewGroup[1]/android.view.ViewGroup[1]/android.view.ViewGroup[1]/android.widget.FrameLayout[1]/android.view.ViewGroup[1]/android.view.ViewGroup[1]/android.view.ViewGroup[1]/android.widget.ScrollView[1]/android.view.ViewGroup[1]/android.view.ViewGroup[2]/android.widget.EditText[1]"}[39m
[35m[HTTP][39m [37m<-- POST /wd/hub/session/dd28ac9b-f15d-4c66-8a34-2968a3d1b1b6/elements [39m[32m200[39m [90m463 ms - 139[39m
[35m[HTTP][39m [90m[39m
[35m[HTTP][39m [37m-->[39m [37mGET[39m [37m/wd/hub/session/dd28ac9b-f15d-4c66-8a34-2968a3d1b1b6/element/00000000-0000-0d98-ffff-ffff00000029/location[39m
[35m[HTTP][39m [90m{}[39m
[35m[W3C (dd28ac9b)][39m Driver proxy active, passing request on via HTTP proxy
[35m[WD Proxy][39m Replacing sessionId 6be68b9f-2f88-4659-9e0d-92b4d7a86c90 with dd28ac9b-f15d-4c66-8a34-2968a3d1b1b6
[35m[HTTP][39m [37m<-- GET /wd/hub/session/dd28ac9b-f15d-4c66-8a34-2968a3d1b1b6/element/00000000-0000-0d98-ffff-ffff00000029/location [39m[32m200[39m [90m15 ms - 78[39m
[35m[HTTP][39m [90m[39m
[35m[HTTP][39m [37m-->[39m [37mPOST[39m [37m/wd/hub/session/dd28ac9b-f15d-4c66-8a34-2968a3d1b1b6/timeouts[39m
[35m[HTTP][39m [90m{"implicit":30000}[39m
[35m[HTTP][39m [37m<-- POST /wd/hub/session/dd28ac9b-f15d-4c66-8a34-2968a3d1b1b6/timeouts [39m[32m200[39m [90m1 ms - 14[39m
[35m[HTTP][39m [90m[39m
[35m[HTTP][39m [37m-->[39m [37mPOST[39m [37m/wd/hub/session/dd28ac9b-f15d-4c66-8a34-2968a3d1b1b6/element/00000000-0000-0d98-ffff-ffff00000029/clear[39m
[35m[HTTP][39m [90m{"id":"00000000-0000-0d98-ffff-ffff00000029"}[39m
[35m[HTTP][39m [37m<-- POST /wd/hub/session/dd28ac9b-f15d-4c66-8a34-2968a3d1b1b6/element/00000000-0000-0d98-ffff-ffff00000029/clear [39m[32m200[39m [90m21 ms - 14[39m
[35m[HTTP][39m [90m[39m
[35m[HTTP][39m [37m-->[39m [37mPOST[39m [37m/wd/hub/session/dd28ac9b-f15d-4c66-8a34-2968a3d1b1b6/element/00000000-0000-0d98-ffff-ffff00000029/value[39m
[35m[HTTP][39m [90m{"id":"00000000-0000-0d98-ffff-ffff00000029","text":"eKare123@","value":["e","K","a","r","e","1","2","3","@"]}[39m
[35m[HTTP][39m [37m<-- POST /wd/hub/session/dd28ac9b-f15d-4c66-8a34-2968a3d1b1b6/element/00000000-0000-0d98-ffff-ffff00000029/value [39m[32m200[39m [90m512 ms - 14[39m
[35m[HTTP][39m [90m[39m
[35m[HTTP][39m [37m-->[39m [37mPOST[39m [37m/wd/hub/session/dd28ac9b-f15d-4c66-8a34-2968a3d1b1b6/timeouts[39m
[35m[HTTP][39m [90m{"implicit":50}[39m
[35m[HTTP][39m [37m<-- POST /wd/hub/session/dd28ac9b-f15d-4c66-8a34-2968a3d1b1b6/timeouts [39m[32m200[39m [90m2 ms - 14[39m
[35m[HTTP][39m [90m[39m
[35m[HTTP][39m [37m-->[39m [37mGET[39m [37m/wd/hub/session/dd28ac9b-f15d-4c66-8a34-2968a3d1b1b6/window/rect[39m
[35m[HTTP][39m [90m{}[39m
[35m[HTTP][39m [37m<-- GET /wd/hub/session/dd28ac9b-f15d-4c66-8a34-2968a3d1b1b6/window/rect [39m[32m200[39m [90m15 ms - 50[39m
[35m[HTTP][39m [90m[39m
[35m[HTTP][39m [37m-->[39m [37mPOST[39m [37m/wd/hub/session/dd28ac9b-f15d-4c66-8a34-2968a3d1b1b6/elements[39m
[35m[HTTP][39m [90m{"using":"xpath","value":"//hierarchy/android.widget.FrameLayout[1]/android.widget.LinearLayout[1]/android.widget.FrameLayout[1]/android.widget.LinearLayout[1]/android.widget.FrameLayout[1]/android.widget.FrameLayout[1]/android.view.ViewGroup[1]/android.view.ViewGroup[1]/android.view.ViewGroup[1]/android.widget.FrameLayout[1]/android.view.ViewGroup[1]/android.view.ViewGroup[1]/android.view.ViewGroup[1]/android.widget.ScrollView[1]/android.view.ViewGroup[1]/android.view.ViewGroup[4]"}[39m
[35m[HTTP][39m [37m<-- POST /wd/hub/session/dd28ac9b-f15d-4c66-8a34-2968a3d1b1b6/elements [39m[32m200[39m [90m464 ms - 139[39m
[35m[HTTP][39m [90m[39m
[35m[HTTP][39m [37m-->[39m [37mGET[39m [37m/wd/hub/session/dd28ac9b-f15d-4c66-8a34-2968a3d1b1b6/element/00000000-0000-0d98-ffff-ffff0000002d/location[39m
[35m[HTTP][39m [90m{}[39m
[35m[W3C (dd28ac9b)][39m Driver proxy active, passing request on via HTTP proxy
[35m[WD Proxy][39m Replacing sessionId 6be68b9f-2f88-4659-9e0d-92b4d7a86c90 with dd28ac9b-f15d-4c66-8a34-2968a3d1b1b6
[35m[HTTP][39m [37m<-- GET /wd/hub/session/dd28ac9b-f15d-4c66-8a34-2968a3d1b1b6/element/00000000-0000-0d98-ffff-ffff0000002d/location [39m[32m200[39m [90m23 ms - 79[39m
[35m[HTTP][39m [90m[39m
[35m[HTTP][39m [37m-->[39m [37mPOST[39m [37m/wd/hub/session/dd28ac9b-f15d-4c66-8a34-2968a3d1b1b6/timeouts[39m
[35m[HTTP][39m [90m{"implicit":30000}[39m
[35m[HTTP][39m [37m<-- POST /wd/hub/session/dd28ac9b-f15d-4c66-8a34-2968a3d1b1b6/timeouts [39m[32m200[39m [90m1 ms - 14[39m
[35m[HTTP][39m [90m[39m
[35m[HTTP][39m [37m-->[39m [37mPOST[39m [37m/wd/hub/session/dd28ac9b-f15d-4c66-8a34-2968a3d1b1b6/element/00000000-0000-0d98-ffff-ffff0000002d/click[39m
[35m[HTTP][39m [90m{"id":"00000000-0000-0d98-ffff-ffff0000002d"}[39m
[35m[HTTP][39m [37m<-- POST /wd/hub/session/dd28ac9b-f15d-4c66-8a34-2968a3d1b1b6/element/00000000-0000-0d98-ffff-ffff0000002d/click [39m[32m200[39m [90m74 ms - 14[39m
[35m[HTTP][39m [90m[39m
[35m[HTTP][39m [37m-->[39m [37mPOST[39m [37m/wd/hub/session/dd28ac9b-f15d-4c66-8a34-2968a3d1b1b6/timeouts[39m
[35m[HTTP][39m [90m{"implicit":50}[39m
[35m[HTTP][39m [37m<-- POST /wd/hub/session/dd28ac9b-f15d-4c66-8a34-2968a3d1b1b6/timeouts [39m[32m200[39m [90m3 ms - 14[39m
[35m[HTTP][39m [90m[39m
[35m[HTTP][39m [37m-->[39m [37mGET[39m [37m/wd/hub/session/dd28ac9b-f15d-4c66-8a34-2968a3d1b1b6/window/rect[39m
[35m[HTTP][39m [90m{}[39m
[35m[HTTP][39m [37m<-- GET /wd/hub/session/dd28ac9b-f15d-4c66-8a34-2968a3d1b1b6/window/rect [39m[32m200[39m [90m13 ms - 50[39m
[35m[HTTP][39m [90m[39m
[35m[HTTP][39m [37m-->[39m [37mPOST[39m [37m/wd/hub/session/dd28ac9b-f15d-4c66-8a34-2968a3d1b1b6/elements[39m
[35m[HTTP][39m [90m{"using":"xpath","value":"//*[@class = 'android.widget.TextView' and (@text = 'Katalon' or . = 'Katalon')]"}[39m
[35m[HTTP][39m [37m<-- POST /wd/hub/session/dd28ac9b-f15d-4c66-8a34-2968a3d1b1b6/elements [39m[32m200[39m [90m1463 ms - 139[39m
[35m[HTTP][39m [90m[39m
[35m[HTTP][39m [37m-->[39m [37mGET[39m [37m/wd/hub/session/dd28ac9b-f15d-4c66-8a34-2968a3d1b1b6/element/00000000-0000-0d9b-ffff-ffff00000056/location[39m
[35m[HTTP][39m [90m{}[39m
[35m[W3C (dd28ac9b)][39m Driver proxy active, passing request on via HTTP proxy
[35m[WD Proxy][39m Replacing sessionId 6be68b9f-2f88-4659-9e0d-92b4d7a86c90 with dd28ac9b-f15d-4c66-8a34-2968a3d1b1b6
[35m[HTTP][39m [37m<-- GET /wd/hub/session/dd28ac9b-f15d-4c66-8a34-2968a3d1b1b6/element/00000000-0000-0d9b-ffff-ffff00000056/location [39m[32m200[39m [90m20 ms - 79[39m
[35m[HTTP][39m [90m[39m
[35m[HTTP][39m [37m-->[39m [37mPOST[39m [37m/wd/hub/session/dd28ac9b-f15d-4c66-8a34-2968a3d1b1b6/timeouts[39m
[35m[HTTP][39m [90m{"implicit":30000}[39m
[35m[HTTP][39m [37m<-- POST /wd/hub/session/dd28ac9b-f15d-4c66-8a34-2968a3d1b1b6/timeouts [39m[32m200[39m [90m2 ms - 14[39m
[35m[HTTP][39m [90m[39m
[35m[HTTP][39m [37m-->[39m [37mPOST[39m [37m/wd/hub/session/dd28ac9b-f15d-4c66-8a34-2968a3d1b1b6/element/00000000-0000-0d9b-ffff-ffff00000056/click[39m
[35m[HTTP][39m [90m{"id":"00000000-0000-0d9b-ffff-ffff00000056"}[39m
[35m[HTTP][39m [37m<-- POST /wd/hub/session/dd28ac9b-f15d-4c66-8a34-2968a3d1b1b6/element/00000000-0000-0d9b-ffff-ffff00000056/click [39m[32m200[39m [90m45 ms - 14[39m
[35m[HTTP][39m [90m[39m
[35m[HTTP][39m [37m-->[39m [37mPOST[39m [37m/wd/hub/session/dd28ac9b-f15d-4c66-8a34-2968a3d1b1b6/timeouts[39m
[35m[HTTP][39m [90m{"implicit":50}[39m
[35m[HTTP][39m [37m<-- POST /wd/hub/session/dd28ac9b-f15d-4c66-8a34-2968a3d1b1b6/timeouts [39m[32m200[39m [90m3 ms - 14[39m
[35m[HTTP][39m [90m[39m
[35m[HTTP][39m [37m-->[39m [37mGET[39m [37m/wd/hub/session/dd28ac9b-f15d-4c66-8a34-2968a3d1b1b6/window/rect[39m
[35m[HTTP][39m [90m{}[39m
[35m[HTTP][39m [37m<-- GET /wd/hub/session/dd28ac9b-f15d-4c66-8a34-2968a3d1b1b6/window/rect [39m[32m200[39m [90m16 ms - 50[39m
[35m[HTTP][39m [90m[39m
[35m[HTTP][39m [37m-->[39m [37mPOST[39m [37m/wd/hub/session/dd28ac9b-f15d-4c66-8a34-2968a3d1b1b6/elements[39m
[35m[HTTP][39m [90m{"using":"xpath","value":"//*[@class = 'android.widget.TextView' and (@text = 'Patient Directory' or . = 'Patient Directory')]"}[39m
[35m[HTTP][39m [37m<-- POST /wd/hub/session/dd28ac9b-f15d-4c66-8a34-2968a3d1b1b6/elements [39m[32m200[39m [90m101 ms - 12[39m
[35m[HTTP][39m [90m[39m
[35m[HTTP][39m [37m-->[39m [37mPOST[39m [37m/wd/hub/session/dd28ac9b-f15d-4c66-8a34-2968a3d1b1b6/elements[39m
[35m[HTTP][39m [90m{"using":"xpath","value":"//*[@class = 'android.widget.TextView' and (@text = 'Patient Directory' or . = 'Patient Directory')]"}[39m
[35m[HTTP][39m [37m<-- POST /wd/hub/session/dd28ac9b-f15d-4c66-8a34-2968a3d1b1b6/elements [39m[32m200[39m [90m106 ms - 12[39m
[35m[HTTP][39m [90m[39m
[35m[HTTP][39m [37m-->[39m [37mPOST[39m [37m/wd/hub/session/dd28ac9b-f15d-4c66-8a34-2968a3d1b1b6/elements[39m
[35m[HTTP][39m [90m{"using":"xpath","value":"//*[@class = 'android.widget.TextView' and (@text = 'Patient Directory' or . = 'Patient Directory')]"}[39m
[35m[HTTP][39m [37m<-- POST /wd/hub/session/dd28ac9b-f15d-4c66-8a34-2968a3d1b1b6/elements [39m[32m200[39m [90m98 ms - 12[39m
[35m[HTTP][39m [90m[39m
[35m[HTTP][39m [37m-->[39m [37mPOST[39m [37m/wd/hub/session/dd28ac9b-f15d-4c66-8a34-2968a3d1b1b6/elements[39m
[35m[HTTP][39m [90m{"using":"xpath","value":"//*[@class = 'android.widget.TextView' and (@text = 'Patient Directory' or . = 'Patient Directory')]"}[39m
[35m[HTTP][39m [37m<-- POST /wd/hub/session/dd28ac9b-f15d-4c66-8a34-2968a3d1b1b6/elements [39m[32m200[39m [90m95 ms - 12[39m
[35m[HTTP][39m [90m[39m
[35m[HTTP][39m [37m-->[39m [37mPOST[39m [37m/wd/hub/session/dd28ac9b-f15d-4c66-8a34-2968a3d1b1b6/elements[39m
[35m[HTTP][39m [90m{"using":"xpath","value":"//*[@class = 'android.widget.TextView' and (@text = 'Patient Directory' or . = 'Patient Directory')]"}[39m
[35m[HTTP][39m [37m<-- POST /wd/hub/session/dd28ac9b-f15d-4c66-8a34-2968a3d1b1b6/elements [39m[32m200[39m [90m62 ms - 12[39m
[35m[HTTP][39m [90m[39m
[35m[HTTP][39m [37m-->[39m [37mPOST[39m [37m/wd/hub/session/dd28ac9b-f15d-4c66-8a34-2968a3d1b1b6/elements[39m
[35m[HTTP][39m [90m{"using":"xpath","value":"//*[@class = 'android.widget.TextView' and (@text = 'Patient Directory' or . = 'Patient Directory')]"}[39m
[35m[HTTP][39m [37m<-- POST /wd/hub/session/dd28ac9b-f15d-4c66-8a34-2968a3d1b1b6/elements [39m[32m200[39m [90m1094 ms - 139[39m
[35m[HTTP][39m [90m[39m
[35m[HTTP][39m [37m-->[39m [37mGET[39m [37m/wd/hub/session/dd28ac9b-f15d-4c66-8a34-2968a3d1b1b6/element/00000000-0000-0d98-ffff-ffff000000b1/location[39m
[35m[HTTP][39m [90m{}[39m
[35m[W3C (dd28ac9b)][39m Driver proxy active, passing request on via HTTP proxy
[35m[WD Proxy][39m Replacing sessionId 6be68b9f-2f88-4659-9e0d-92b4d7a86c90 with dd28ac9b-f15d-4c66-8a34-2968a3d1b1b6
[35m[HTTP][39m [37m<-- GET /wd/hub/session/dd28ac9b-f15d-4c66-8a34-2968a3d1b1b6/element/00000000-0000-0d98-ffff-ffff000000b1/location [39m[32m200[39m [90m20 ms - 78[39m
[35m[HTTP][39m [90m[39m
[35m[HTTP][39m [37m-->[39m [37mPOST[39m [37m/wd/hub/session/dd28ac9b-f15d-4c66-8a34-2968a3d1b1b6/timeouts[39m
[35m[HTTP][39m [90m{"implicit":30000}[39m
[35m[HTTP][39m [37m<-- POST /wd/hub/session/dd28ac9b-f15d-4c66-8a34-2968a3d1b1b6/timeouts [39m[32m200[39m [90m2 ms - 14[39m
[35m[HTTP][39m [90m[39m
[35m[HTTP][39m [37m-->[39m [37mPOST[39m [37m/wd/hub/session/dd28ac9b-f15d-4c66-8a34-2968a3d1b1b6/timeouts[39m
[35m[HTTP][39m [90m{"implicit":50}[39m
[35m[HTTP][39m [37m<-- POST /wd/hub/session/dd28ac9b-f15d-4c66-8a34-2968a3d1b1b6/timeouts [39m[32m200[39m [90m2 ms - 14[39m
[35m[HTTP][39m [90m[39m
[35m[HTTP][39m [37m-->[39m [37mGET[39m [37m/wd/hub/session/dd28ac9b-f15d-4c66-8a34-2968a3d1b1b6/window/rect[39m
[35m[HTTP][39m [90m{}[39m
[35m[HTTP][39m [37m<-- GET /wd/hub/session/dd28ac9b-f15d-4c66-8a34-2968a3d1b1b6/window/rect [39m[32m200[39m [90m15 ms - 50[39m
[35m[HTTP][39m [90m[39m
[35m[HTTP][39m [37m-->[39m [37mPOST[39m [37m/wd/hub/session/dd28ac9b-f15d-4c66-8a34-2968a3d1b1b6/elements[39m
[35m[HTTP][39m [90m{"using":"xpath","value":"//*[@class = 'android.widget.EditText' and (@text = 'Search by Name, MRN' or . = 'Search by Name, MRN')]"}[39m
[35m[HTTP][39m [37m<-- POST /wd/hub/session/dd28ac9b-f15d-4c66-8a34-2968a3d1b1b6/elements [39m[32m200[39m [90m146 ms - 139[39m
[35m[HTTP][39m [90m[39m
[35m[HTTP][39m [37m-->[39m [37mGET[39m [37m/wd/hub/session/dd28ac9b-f15d-4c66-8a34-2968a3d1b1b6/element/00000000-0000-0d98-ffff-ffff00000093/location[39m
[35m[HTTP][39m [90m{}[39m
[35m[W3C (dd28ac9b)][39m Driver proxy active, passing request on via HTTP proxy
[35m[WD Proxy][39m Replacing sessionId 6be68b9f-2f88-4659-9e0d-92b4d7a86c90 with dd28ac9b-f15d-4c66-8a34-2968a3d1b1b6
[35m[HTTP][39m [37m<-- GET /wd/hub/session/dd28ac9b-f15d-4c66-8a34-2968a3d1b1b6/element/00000000-0000-0d98-ffff-ffff00000093/location [39m[32m200[39m [90m15 ms - 78[39m
[35m[HTTP][39m [90m[39m
[35m[HTTP][39m [37m-->[39m [37mPOST[39m [37m/wd/hub/session/dd28ac9b-f15d-4c66-8a34-2968a3d1b1b6/timeouts[39m
[35m[HTTP][39m [90m{"implicit":30000}[39m
[35m[HTTP][39m [37m<-- POST /wd/hub/session/dd28ac9b-f15d-4c66-8a34-2968a3d1b1b6/timeouts [39m[32m200[39m [90m2 ms - 14[39m
[35m[HTTP][39m [90m[39m
[35m[HTTP][39m [37m-->[39m [37mPOST[39m [37m/wd/hub/session/dd28ac9b-f15d-4c66-8a34-2968a3d1b1b6/element/00000000-0000-0d98-ffff-ffff00000093/clear[39m
[35m[HTTP][39m [90m{"id":"00000000-0000-0d98-ffff-ffff00000093"}[39m
[35m[HTTP][39m [37m<-- POST /wd/hub/session/dd28ac9b-f15d-4c66-8a34-2968a3d1b1b6/element/00000000-0000-0d98-ffff-ffff00000093/clear [39m[32m200[39m [90m41 ms - 14[39m
[35m[HTTP][39m [90m[39m
[35m[HTTP][39m [37m-->[39m [37mPOST[39m [37m/wd/hub/session/dd28ac9b-f15d-4c66-8a34-2968a3d1b1b6/element/00000000-0000-0d98-ffff-ffff00000093/value[39m
[35m[HTTP][39m [90m{"id":"00000000-0000-0d98-ffff-ffff00000093","text":"78ui","value":["7","8","u","i"]}[39m
[35m[WD Proxy][39m Got response with status 404: {"sessionId":"6be68b9f-2f88-4659-9e0d-92b4d7a86c90","value":{"error":"stale element reference","message":"Cached elements 'By.xpath: //*[@class = 'android.widget.EditText' and (@text = 'Search by Name, MRN' or . = 'Search by Name, MRN')]' do not exist in DOM anymore","stacktrace":"io.appium.uiautomator2.common.exceptions.StaleElementReferenceException: Cached elements 'By.xpath: //*[@class = 'android.widget.EditText' and (@text = 'Search by Name, MRN' or . = 'Search by Name, MRN')]' do not exist in DOM anymore\n\tat io.appium.uiautomator2.model.ElementsCache.restore(ElementsCache.java:78)\n\tat io.appium.uiautomator2.model.ElementsCache.get(ElementsCache.java:153)\n\tat io.appium.uiautomator2.handler.SendKeysToElement.safeHandle(SendKeysToElement.java:104)\n\tat io.appium.uiautomator2.handler.request.SafeRequestHandler.handle(SafeRequestHandler.java:59)\n\tat io.appium.uiautomator2.server.AppiumServlet.handleRequest(AppiumServlet.java:264)\n\tat io.appium.uiautomator2.server.AppiumServlet.handleHttpRequest...
[35m[HTTP][39m [37m<-- POST /wd/hub/session/dd28ac9b-f15d-4c66-8a34-2968a3d1b1b6/element/00000000-0000-0d98-ffff-ffff00000093/value [39m[33m404[39m [90m801 ms - 4126[39m
[35m[HTTP][39m [90m[39m
[35m[HTTP][39m [37m-->[39m [37mGET[39m [37m/wd/hub/session/dd28ac9b-f15d-4c66-8a34-2968a3d1b1b6/context[39m
[35m[HTTP][39m [90m{}[39m
[35m[HTTP][39m [37m<-- GET /wd/hub/session/dd28ac9b-f15d-4c66-8a34-2968a3d1b1b6/context [39m[32m200[39m [90m3 ms - 22[39m
[35m[HTTP][39m [90m[39m
[35m[HTTP][39m [37m-->[39m [37mGET[39m [37m/wd/hub/session/dd28ac9b-f15d-4c66-8a34-2968a3d1b1b6/contexts[39m
[35m[HTTP][39m [90m{}[39m
[35m[HTTP][39m [37m<-- GET /wd/hub/session/dd28ac9b-f15d-4c66-8a34-2968a3d1b1b6/contexts [39m[32m200[39m [90m72 ms - 24[39m
[35m[HTTP][39m [90m[39m
[35m[HTTP][39m [37m-->[39m [37mPOST[39m [37m/wd/hub/session/dd28ac9b-f15d-4c66-8a34-2968a3d1b1b6/context[39m
[35m[HTTP][39m [90m{"name":"NATIVE_APP"}[39m
[35m[HTTP][39m [37m<-- POST /wd/hub/session/dd28ac9b-f15d-4c66-8a34-2968a3d1b1b6/context [39m[32m200[39m [90m2 ms - 14[39m
[35m[HTTP][39m [90m[39m
[35m[HTTP][39m [37m-->[39m [37mGET[39m [37m/wd/hub/session/dd28ac9b-f15d-4c66-8a34-2968a3d1b1b6/screenshot[39m
[35m[HTTP][39m [90m{}[39m
[35m[HTTP][39m [37m<-- GET /wd/hub/session/dd28ac9b-f15d-4c66-8a34-2968a3d1b1b6/screenshot [39m[32m200[39m [90m665 ms - 635474[39m
[35m[HTTP][39m [90m[39m
[35m[HTTP][39m [37m-->[39m [37mPOST[39m [37m/wd/hub/session/dd28ac9b-f15d-4c66-8a34-2968a3d1b1b6/context[39m
[35m[HTTP][39m [90m{"name":"NATIVE_APP"}[39m
[35m[HTTP][39m [37m<-- POST /wd/hub/session/dd28ac9b-f15d-4c66-8a34-2968a3d1b1b6/context [39m[32m200[39m [90m2 ms - 14[39m
[35m[HTTP][39m [90m[39m
[35m[HTTP][39m [37m-->[39m [37mPOST[39m [37m/wd/hub/session/dd28ac9b-f15d-4c66-8a34-2968a3d1b1b6/timeouts[39m
[35m[HTTP][39m [90m{"implicit":50}[39m
[35m[HTTP][39m [37m<-- POST /wd/hub/session/dd28ac9b-f15d-4c66-8a34-2968a3d1b1b6/timeouts [39m[32m200[39m [90m2 ms - 14[39m
[35m[HTTP][39m [90m[39m
[35m[HTTP][39m [37m-->[39m [37mGET[39m [37m/wd/hub/session/dd28ac9b-f15d-4c66-8a34-2968a3d1b1b6/window/rect[39m
[35m[HTTP][39m [90m{}[39m
[35m[HTTP][39m [37m<-- GET /wd/hub/session/dd28ac9b-f15d-4c66-8a34-2968a3d1b1b6/window/rect [39m[32m200[39m [90m20 ms - 50[39m
[35m[HTTP][39m [90m[39m
[35m[HTTP][39m [37m-->[39m [37mPOST[39m [37m/wd/hub/session/dd28ac9b-f15d-4c66-8a34-2968a3d1b1b6/elements[39m
[35m[HTTP][39m [90m{"using":"xpath","value":"//*[@class = 'android.widget.EditText' and (@text = 'Search by Name, MRN' or . = 'Search by Name, MRN')]"}[39m
[35m[HTTP][39m [37m<-- POST /wd/hub/session/dd28ac9b-f15d-4c66-8a34-2968a3d1b1b6/elements [39m[32m200[39m [90m296 ms - 12[39m
[35m[HTTP][39m [90m[39m
[35m[HTTP][39m [37m-->[39m [37mPOST[39m [37m/wd/hub/session/dd28ac9b-f15d-4c66-8a34-2968a3d1b1b6/elements[39m
[35m[HTTP][39m [90m{"using":"xpath","value":"//*[@class = 'android.widget.EditText' and (@text = 'Search by Name, MRN' or . = 'Search by Name, MRN')]"}[39m
[35m[HTTP][39m [37m<-- POST /wd/hub/session/dd28ac9b-f15d-4c66-8a34-2968a3d1b1b6/elements [39m[32m200[39m [90m63 ms - 12[39m
[35m[HTTP][39m [90m[39m
[35m[HTTP][39m [37m-->[39m [37mPOST[39m [37m/wd/hub/session/dd28ac9b-f15d-4c66-8a34-2968a3d1b1b6/elements[39m
[35m[HTTP][39m [90m{"using":"xpath","value":"//*[@class = 'android.widget.EditText' and (@text = 'Search by Name, MRN' or . = 'Search by Name, MRN')]"}[39m
[35m[HTTP][39m [37m<-- POST /wd/hub/session/dd28ac9b-f15d-4c66-8a34-2968a3d1b1b6/elements [39m[32m200[39m [90m113 ms - 12[39m
[35m[HTTP][39m [90m[39m
[35m[HTTP][39m [37m-->[39m [37mPOST[39m [37m/wd/hub/session/dd28ac9b-f15d-4c66-8a34-2968a3d1b1b6/elements[39m
[35m[HTTP][39m [90m{"using":"xpath","value":"//*[@class = 'android.widget.EditText' and (@text = 'Search by Name, MRN' or . = 'Search by Name, MRN')]"}[39m
[35m[HTTP][39m [37m<-- POST /wd/hub/session/dd28ac9b-f15d-4c66-8a34-2968a3d1b1b6/elements [39m[32m200[39m [90m123 ms - 12[39m
[35m[HTTP][39m [90m[39m
[35m[HTTP][39m [37m-->[39m [37mPOST[39m [37m/wd/hub/session/dd28ac9b-f15d-4c66-8a34-2968a3d1b1b6/elements[39m
[35m[HTTP][39m [90m{"using":"xpath","value":"//*[@class = 'android.widget.EditText' and (@text = 'Search by Name, MRN' or . = 'Search by Name, MRN')]"}[39m
[35m[HTTP][39m [37m<-- POST /wd/hub/session/dd28ac9b-f15d-4c66-8a34-2968a3d1b1b6/elements [39m[32m200[39m [90m51 ms - 12[39m
[35m[HTTP][39m [90m[39m
[35m[HTTP][39m [37m-->[39m [37mPOST[39m [37m/wd/hub/session/dd28ac9b-f15d-4c66-8a34-2968a3d1b1b6/elements[39m
[35m[HTTP][39m [90m{"using":"xpath","value":"//*[@class = 'android.widget.EditText' and (@text = 'Search by Name, MRN' or . = 'Search by Name, MRN')]"}[39m
[35m[HTTP][39m [37m<-- POST /wd/hub/session/dd28ac9b-f15d-4c66-8a34-2968a3d1b1b6/elements [39m[32m200[39m [90m114 ms - 12[39m
[35m[HTTP][39m [90m[39m
[35m[HTTP][39m [37m-->[39m [37mPOST[39m [37m/wd/hub/session/dd28ac9b-f15d-4c66-8a34-2968a3d1b1b6/elements[39m
[35m[HTTP][39m [90m{"using":"xpath","value":"//*[@class = 'android.widget.EditText' and (@text = 'Search by Name, MRN' or . = 'Search by Name, MRN')]"}[39m
[35m[HTTP][39m [37m<-- POST /wd/hub/session/dd28ac9b-f15d-4c66-8a34-2968a3d1b1b6/elements [39m[32m200[39m [90m55 ms - 12[39m
[35m[HTTP][39m [90m[39m
[35m[HTTP][39m [37m-->[39m [37mPOST[39m [37m/wd/hub/session/dd28ac9b-f15d-4c66-8a34-2968a3d1b1b6/elements[39m
[35m[HTTP][39m [90m{"using":"xpath","value":"//*[@class = 'android.widget.EditText' and (@text = 'Search by Name, MRN' or . = 'Search by Name, MRN')]"}[39m
[35m[HTTP][39m [37m<-- POST /wd/hub/session/dd28ac9b-f15d-4c66-8a34-2968a3d1b1b6/elements [39m[32m200[39m [90m53 ms - 12[39m
[35m[HTTP][39m [90m[39m
[35m[HTTP][39m [37m-->[39m [37mPOST[39m [37m/wd/hub/session/dd28ac9b-f15d-4c66-8a34-2968a3d1b1b6/elements[39m
[35m[HTTP][39m [90m{"using":"xpath","value":"//*[@class = 'android.widget.EditText' and (@text = 'Search by Name, MRN' or . = 'Search by Name, MRN')]"}[39m
[35m[HTTP][39m [37m<-- POST /wd/hub/session/dd28ac9b-f15d-4c66-8a34-2968a3d1b1b6/elements [39m[32m200[39m [90m108 ms - 12[39m
[35m[HTTP][39m [90m[39m
[35m[HTTP][39m [37m-->[39m [37mPOST[39m [37m/wd/hub/session/dd28ac9b-f15d-4c66-8a34-2968a3d1b1b6/elements[39m
[35m[HTTP][39m [90m{"using":"xpath","value":"//*[@class = 'android.widget.EditText' and (@text = 'Search by Name, MRN' or . = 'Search by Name, MRN')]"}[39m
[35m[HTTP][39m [37m<-- POST /wd/hub/session/dd28ac9b-f15d-4c66-8a34-2968a3d1b1b6/elements [39m[32m200[39m [90m56 ms - 12[39m
[35m[HTTP][39m [90m[39m
[35m[HTTP][39m [37m-->[39m [37mPOST[39m [37m/wd/hub/session/dd28ac9b-f15d-4c66-8a34-2968a3d1b1b6/elements[39m
[35m[HTTP][39m [90m{"using":"xpath","value":"//*[@class = 'android.widget.EditText' and (@text = 'Search by Name, MRN' or . = 'Search by Name, MRN')]"}[39m
[35m[HTTP][39m [37m<-- POST /wd/hub/session/dd28ac9b-f15d-4c66-8a34-2968a3d1b1b6/elements [39m[32m200[39m [90m52 ms - 12[39m
[35m[HTTP][39m [90m[39m
[35m[HTTP][39m [37m-->[39m [37mPOST[39m [37m/wd/hub/session/dd28ac9b-f15d-4c66-8a34-2968a3d1b1b6/elements[39m
[35m[HTTP][39m [90m{"using":"xpath","value":"//*[@class = 'android.widget.EditText' and (@text = 'Search by Name, MRN' or . = 'Search by Name, MRN')]"}[39m
[35m[HTTP][39m [37m<-- POST /wd/hub/session/dd28ac9b-f15d-4c66-8a34-2968a3d1b1b6/elements [39m[32m200[39m [90m52 ms - 12[39m
[35m[HTTP][39m [90m[39m
[35m[HTTP][39m [37m-->[39m [37mPOST[39m [37m/wd/hub/session/dd28ac9b-f15d-4c66-8a34-2968a3d1b1b6/elements[39m
[35m[HTTP][39m [90m{"using":"xpath","value":"//*[@class = 'android.widget.EditText' and (@text = 'Search by Name, MRN' or . = 'Search by Name, MRN')]"}[39m
[35m[HTTP][39m [37m<-- POST /wd/hub/session/dd28ac9b-f15d-4c66-8a34-2968a3d1b1b6/elements [39m[32m200[39m [90m53 ms - 12[39m
[35m[HTTP][39m [90m[39m
[35m[HTTP][39m [37m-->[39m [37mPOST[39m [37m/wd/hub/session/dd28ac9b-f15d-4c66-8a34-2968a3d1b1b6/elements[39m
[35m[HTTP][39m [90m{"using":"xpath","value":"//*[@class = 'android.widget.EditText' and (@text = 'Search by Name, MRN' or . = 'Search by Name, MRN')]"}[39m
[35m[HTTP][39m [37m<-- POST /wd/hub/session/dd28ac9b-f15d-4c66-8a34-2968a3d1b1b6/elements [39m[32m200[39m [90m117 ms - 12[39m
[35m[HTTP][39m [90m[39m
[35m[HTTP][39m [37m-->[39m [37mPOST[39m [37m/wd/hub/session/dd28ac9b-f15d-4c66-8a34-2968a3d1b1b6/elements[39m
[35m[HTTP][39m [90m{"using":"xpath","value":"//*[@class = 'android.widget.EditText' and (@text = 'Search by Name, MRN' or . = 'Search by Name, MRN')]"}[39m
[35m[HTTP][39m [37m<-- POST /wd/hub/session/dd28ac9b-f15d-4c66-8a34-2968a3d1b1b6/elements [39m[32m200[39m [90m57 ms - 12[39m
[35m[HTTP][39m [90m[39m
[35m[HTTP][39m [37m-->[39m [37mPOST[39m [37m/wd/hub/session/dd28ac9b-f15d-4c66-8a34-2968a3d1b1b6/elements[39m
[35m[HTTP][39m [90m{"using":"xpath","value":"//*[@class = 'android.widget.EditText' and (@text = 'Search by Name, MRN' or . = 'Search by Name, MRN')]"}[39m
[35m[HTTP][39m [37m<-- POST /wd/hub/session/dd28ac9b-f15d-4c66-8a34-2968a3d1b1b6/elements [39m[32m200[39m [90m56 ms - 12[39m
[35m[HTTP][39m [90m[39m
[35m[HTTP][39m [37m-->[39m [37mPOST[39m [37m/wd/hub/session/dd28ac9b-f15d-4c66-8a34-2968a3d1b1b6/elements[39m
[35m[HTTP][39m [90m{"using":"xpath","value":"//*[@class = 'android.widget.EditText' and (@text = 'Search by Name, MRN' or . = 'Search by Name, MRN')]"}[39m
[35m[HTTP][39m [37m<-- POST /wd/hub/session/dd28ac9b-f15d-4c66-8a34-2968a3d1b1b6/elements [39m[32m200[39m [90m54 ms - 12[39m
[35m[HTTP][39m [90m[39m
[35m[HTTP][39m [37m-->[39m [37mPOST[39m [37m/wd/hub/session/dd28ac9b-f15d-4c66-8a34-2968a3d1b1b6/elements[39m
[35m[HTTP][39m [90m{"using":"xpath","value":"//*[@class = 'android.widget.EditText' and (@text = 'Search by Name, MRN' or . = 'Search by Name, MRN')]"}[39m
[35m[HTTP][39m [37m<-- POST /wd/hub/session/dd28ac9b-f15d-4c66-8a34-2968a3d1b1b6/elements [39m[32m200[39m [90m118 ms - 12[39m
[35m[HTTP][39m [90m[39m
[35m[HTTP][39m [37m-->[39m [37mPOST[39m [37m/wd/hub/session/dd28ac9b-f15d-4c66-8a34-2968a3d1b1b6/elements[39m
[35m[HTTP][39m [90m{"using":"xpath","value":"//*[@class = 'android.widget.EditText' and (@text = 'Search by Name, MRN' or . = 'Search by Name, MRN')]"}[39m
[35m[HTTP][39m [37m<-- POST /wd/hub/session/dd28ac9b-f15d-4c66-8a34-2968a3d1b1b6/elements [39m[32m200[39m [90m56 ms - 12[39m
[35m[HTTP][39m [90m[39m
[35m[HTTP][39m [37m-->[39m [37mPOST[39m [37m/wd/hub/session/dd28ac9b-f15d-4c66-8a34-2968a3d1b1b6/elements[39m
[35m[HTTP][39m [90m{"using":"xpath","value":"//*[@class = 'android.widget.EditText' and (@text = 'Search by Name, MRN' or . = 'Search by Name, MRN')]"}[39m
[35m[HTTP][39m [37m<-- POST /wd/hub/session/dd28ac9b-f15d-4c66-8a34-2968a3d1b1b6/elements [39m[32m200[39m [90m117 ms - 12[39m
[35m[HTTP][39m [90m[39m
[35m[HTTP][39m [37m-->[39m [37mPOST[39m [37m/wd/hub/session/dd28ac9b-f15d-4c66-8a34-2968a3d1b1b6/elements[39m
[35m[HTTP][39m [90m{"using":"xpath","value":"//*[@class = 'android.widget.EditText' and (@text = 'Search by Name, MRN' or . = 'Search by Name, MRN')]"}[39m
[35m[HTTP][39m [37m<-- POST /wd/hub/session/dd28ac9b-f15d-4c66-8a34-2968a3d1b1b6/elements [39m[32m200[39m [90m637 ms - 12[39m
[35m[HTTP][39m [90m[39m
[35m[HTTP][39m [37m-->[39m [37mPOST[39m [37m/wd/hub/session/dd28ac9b-f15d-4c66-8a34-2968a3d1b1b6/elements[39m
[35m[HTTP][39m [90m{"using":"xpath","value":"//*[@class = 'android.widget.EditText' and (@text = 'Search by Name, MRN' or . = 'Search by Name, MRN')]"}[39m
[35m[HTTP][39m [37m<-- POST /wd/hub/session/dd28ac9b-f15d-4c66-8a34-2968a3d1b1b6/elements [39m[32m200[39m [90m61 ms - 12[39m
[35m[HTTP][39m [90m[39m
[35m[HTTP][39m [37m-->[39m [37mPOST[39m [37m/wd/hub/session/dd28ac9b-f15d-4c66-8a34-2968a3d1b1b6/elements[39m
[35m[HTTP][39m [90m{"using":"xpath","value":"//*[@class = 'android.widget.EditText' and (@text = 'Search by Name, MRN' or . = 'Search by Name, MRN')]"}[39m
[35m[HTTP][39m [37m<-- POST /wd/hub/session/dd28ac9b-f15d-4c66-8a34-2968a3d1b1b6/elements [39m[32m200[39m [90m53 ms - 12[39m
[35m[HTTP][39m [90m[39m
[35m[HTTP][39m [37m-->[39m [37mPOST[39m [37m/wd/hub/session/dd28ac9b-f15d-4c66-8a34-2968a3d1b1b6/elements[39m
[35m[HTTP][39m [90m{"using":"xpath","value":"//*[@class = 'android.widget.EditText' and (@text = 'Search by Name, MRN' or . = 'Search by Name, MRN')]"}[39m
[35m[HTTP][39m [37m<-- POST /wd/hub/session/dd28ac9b-f15d-4c66-8a34-2968a3d1b1b6/elements [39m[32m200[39m [90m55 ms - 12[39m
[35m[HTTP][39m [90m[39m
[35m[HTTP][39m [37m-->[39m [37mPOST[39m [37m/wd/hub/session/dd28ac9b-f15d-4c66-8a34-2968a3d1b1b6/elements[39m
[35m[HTTP][39m [90m{"using":"xpath","value":"//*[@class = 'android.widget.EditText' and (@text = 'Search by Name, MRN' or . = 'Search by Name, MRN')]"}[39m
[35m[HTTP][39m [37m<-- POST /wd/hub/session/dd28ac9b-f15d-4c66-8a34-2968a3d1b1b6/elements [39m[32m200[39m [90m101 ms - 12[39m
[35m[HTTP][39m [90m[39m
[35m[HTTP][39m [37m-->[39m [37mPOST[39m [37m/wd/hub/session/dd28ac9b-f15d-4c66-8a34-2968a3d1b1b6/elements[39m
[35m[HTTP][39m [90m{"using":"xpath","value":"//*[@class = 'android.widget.EditText' and (@text = 'Search by Name, MRN' or . = 'Search by Name, MRN')]"}[39m
[35m[HTTP][39m [37m<-- POST /wd/hub/session/dd28ac9b-f15d-4c66-8a34-2968a3d1b1b6/elements [39m[32m200[39m [90m102 ms - 12[39m
[35m[HTTP][39m [90m[39m
[35m[HTTP][39m [37m-->[39m [37mPOST[39m [37m/wd/hub/session/dd28ac9b-f15d-4c66-8a34-2968a3d1b1b6/elements[39m
[35m[HTTP][39m [90m{"using":"xpath","value":"//*[@class = 'android.widget.EditText' and (@text = 'Search by Name, MRN' or . = 'Search by Name, MRN')]"}[39m
[35m[HTTP][39m [37m<-- POST /wd/hub/session/dd28ac9b-f15d-4c66-8a34-2968a3d1b1b6/elements [39m[32m200[39m [90m52 ms - 12[39m
[35m[HTTP][39m [90m[39m
[35m[HTTP][39m [37m-->[39m [37mPOST[39m [37m/wd/hub/session/dd28ac9b-f15d-4c66-8a34-2968a3d1b1b6/elements[39m
[35m[HTTP][39m [90m{"using":"xpath","value":"//*[@class = 'android.widget.EditText' and (@text = 'Search by Name, MRN' or . = 'Search by Name, MRN')]"}[39m
[35m[HTTP][39m [37m<-- POST /wd/hub/session/dd28ac9b-f15d-4c66-8a34-2968a3d1b1b6/elements [39m[32m200[39m [90m109 ms - 12[39m
[35m[HTTP][39m [90m[39m
[35m[HTTP][39m [37m-->[39m [37mPOST[39m [37m/wd/hub/session/dd28ac9b-f15d-4c66-8a34-2968a3d1b1b6/elements[39m
[35m[HTTP][39m [90m{"using":"xpath","value":"//*[@class = 'android.widget.EditText' and (@text = 'Search by Name, MRN' or . = 'Search by Name, MRN')]"}[39m
[35m[HTTP][39m [37m<-- POST /wd/hub/session/dd28ac9b-f15d-4c66-8a34-2968a3d1b1b6/elements [39m[32m200[39m [90m110 ms - 12[39m
[35m[HTTP][39m [90m[39m
[35m[HTTP][39m [37m-->[39m [37mPOST[39m [37m/wd/hub/session/dd28ac9b-f15d-4c66-8a34-2968a3d1b1b6/elements[39m
[35m[HTTP][39m [90m{"using":"xpath","value":"//*[@class = 'android.widget.EditText' and (@text = 'Search by Name, MRN' or . = 'Search by Name, MRN')]"}[39m
[35m[HTTP][39m [37m<-- POST /wd/hub/session/dd28ac9b-f15d-4c66-8a34-2968a3d1b1b6/elements [39m[32m200[39m [90m106 ms - 12[39m
[35m[HTTP][39m [90m[39m
[35m[HTTP][39m [37m-->[39m [37mPOST[39m [37m/wd/hub/session/dd28ac9b-f15d-4c66-8a34-2968a3d1b1b6/elements[39m
[35m[HTTP][39m [90m{"using":"xpath","value":"//*[@class = 'android.widget.EditText' and (@text = 'Search by Name, MRN' or . = 'Search by Name, MRN')]"}[39m
[35m[HTTP][39m [37m<-- POST /wd/hub/session/dd28ac9b-f15d-4c66-8a34-2968a3d1b1b6/elements [39m[32m200[39m [90m60 ms - 12[39m
[35m[HTTP][39m [90m[39m
[35m[HTTP][39m [37m-->[39m [37mPOST[39m [37m/wd/hub/session/dd28ac9b-f15d-4c66-8a34-2968a3d1b1b6/elements[39m
[35m[HTTP][39m [90m{"using":"xpath","value":"//*[@class = 'android.widget.EditText' and (@text = 'Search by Name, MRN' or . = 'Search by Name, MRN')]"}[39m
[35m[HTTP][39m [37m<-- POST /wd/hub/session/dd28ac9b-f15d-4c66-8a34-2968a3d1b1b6/elements [39m[32m200[39m [90m58 ms - 12[39m
[35m[HTTP][39m [90m[39m
[35m[HTTP][39m [37m-->[39m [37mPOST[39m [37m/wd/hub/session/dd28ac9b-f15d-4c66-8a34-2968a3d1b1b6/elements[39m
[35m[HTTP][39m [90m{"using":"xpath","value":"//*[@class = 'android.widget.EditText' and (@text = 'Search by Name, MRN' or . = 'Search by Name, MRN')]"}[39m
[35m[HTTP][39m [37m<-- POST /wd/hub/session/dd28ac9b-f15d-4c66-8a34-2968a3d1b1b6/elements [39m[32m200[39m [90m76 ms - 12[39m
[35m[HTTP][39m [90m[39m
[35m[HTTP][39m [37m-->[39m [37mPOST[39m [37m/wd/hub/session/dd28ac9b-f15d-4c66-8a34-2968a3d1b1b6/elements[39m
[35m[HTTP][39m [90m{"using":"xpath","value":"//*[@class = 'android.widget.EditText' and (@text = 'Search by Name, MRN' or . = 'Search by Name, MRN')]"}[39m
[35m[HTTP][39m [37m<-- POST /wd/hub/session/dd28ac9b-f15d-4c66-8a34-2968a3d1b1b6/elements [39m[32m200[39m [90m95 ms - 12[39m
[35m[HTTP][39m [90m[39m
[35m[HTTP][39m [37m-->[39m [37mPOST[39m [37m/wd/hub/session/dd28ac9b-f15d-4c66-8a34-2968a3d1b1b6/elements[39m
[35m[HTTP][39m [90m{"using":"xpath","value":"//*[@class = 'android.widget.EditText' and (@text = 'Search by Name, MRN' or . = 'Search by Name, MRN')]"}[39m
[35m[HTTP][39m [37m<-- POST /wd/hub/session/dd28ac9b-f15d-4c66-8a34-2968a3d1b1b6/elements [39m[32m200[39m [90m109 ms - 12[39m
[35m[HTTP][39m [90m[39m
[35m[HTTP][39m [37m-->[39m [37mPOST[39m [37m/wd/hub/session/dd28ac9b-f15d-4c66-8a34-2968a3d1b1b6/elements[39m
[35m[HTTP][39m [90m{"using":"xpath","value":"//*[@class = 'android.widget.EditText' and (@text = 'Search by Name, MRN' or . = 'Search by Name, MRN')]"}[39m
[35m[HTTP][39m [37m<-- POST /wd/hub/session/dd28ac9b-f15d-4c66-8a34-2968a3d1b1b6/elements [39m[32m200[39m [90m107 ms - 12[39m
[35m[HTTP][39m [90m[39m
[35m[HTTP][39m [37m-->[39m [37mPOST[39m [37m/wd/hub/session/dd28ac9b-f15d-4c66-8a34-2968a3d1b1b6/elements[39m
[35m[HTTP][39m [90m{"using":"xpath","value":"//*[@class = 'android.widget.EditText' and (@text = 'Search by Name, MRN' or . = 'Search by Name, MRN')]"}[39m
[35m[HTTP][39m [37m<-- POST /wd/hub/session/dd28ac9b-f15d-4c66-8a34-2968a3d1b1b6/elements [39m[32m200[39m [90m57 ms - 12[39m
[35m[HTTP][39m [90m[39m
[35m[HTTP][39m [37m-->[39m [37mPOST[39m [37m/wd/hub/session/dd28ac9b-f15d-4c66-8a34-2968a3d1b1b6/elements[39m
[35m[HTTP][39m [90m{"using":"xpath","value":"//*[@class = 'android.widget.EditText' and (@text = 'Search by Name, MRN' or . = 'Search by Name, MRN')]"}[39m
[35m[HTTP][39m [37m<-- POST /wd/hub/session/dd28ac9b-f15d-4c66-8a34-2968a3d1b1b6/elements [39m[32m-[39m [90m- ms - -[39m
[35m[HTTP][39m [90m[39m
