[35m[Appium][39m Welcome to Appium v2.4.1 (REV 82c2e743a5bcea725f9ca1429e3e21c3088ff904)
[35m[Appium][39m Non-default server args:
[35m[Appium][39m { basePath: [32m'/wd/hub'[39m, loglevel: [32m'info'[39m, port: [33m52155[39m }
[35m[Appium][39m Attempting to load driver xcuitest...
[35m[Appium][39m Attempting to load driver uiautomator2...
[Appium] Appium REST http interface listener started on http://0.0.0.0:52155/wd/hub
[Appium] You can provide the following URLs in your client code to connect to this server:
[Appium] 	http://127.0.0.1:52155/wd/hub (only accessible from the same host)
[Appium] 	http://192.168.1.4:52155/wd/hub
[Appium] 	http://169.254.111.83:52155/wd/hub
[Appium] Available drivers:
[Appium]   - xcuitest@5.12.2 (automationName 'XCUITest')
[Appium]   - uiautomator2@2.40.0 (automationName 'UiAutomator2')
[Appium] No plugins have been installed. Use the "appium plugin" command to install the one(s) you want to use.
[38;5;0m[HTTP][0m [37m-->[39m [37mGET[39m [37m/wd/hub/status[39m
[38;5;0m[HTTP][0m {}
[38;5;0m[HTTP][0m <-- GET /wd/hub/status 200 2 ms - 199
[38;5;0m[HTTP][0m 
[38;5;0m[HTTP][0m [37m-->[39m [37mPOST[39m [37m/wd/hub/session[39m
[38;5;0m[HTTP][0m {"desiredCapabilities":{"appium:waitForAppScript":"true;","appium:newCommandTimeout":1800,"appium:automationName":"XCUITest","appium:fullReset":true,"appium:platformVersion":"17.4.1","appium:deviceId":"00008110-00112D590CD0201E","appium:noReset":false,"appium:udid":"00008110-00112D590CD0201E","appium:wdaLocalPort":52118,"appium:deviceName":"Safa’s iPhone","platformName":"iOS","appium:app":"/Users/safaamarir/APK/IOS/IS/IS_Preprod_2.2.1_290.ipa"},"capabilities":{"firstMatch":[{"appium:app":"/Users/safaamarir/APK/IOS/IS/IS_Preprod_2.2.1_290.ipa","appium:automationName":"XCUITest","appium:deviceId":"00008110-00112D590CD0201E","appium:deviceName":"Safa’s iPhone","appium:fullReset":true,"appium:newCommandTimeout":1800,"appium:noReset":false,"appium:platformVersion":"17.4.1","appium:udid":"00008110-00112D590CD0201E","appium:waitForAppScript":"true;","appium:wdaLocalPort":52118,"platformName":"ios"}]}}
[Appium] Attempting to find matching driver for automationName 'XCUITest' and platformName 'ios'
[Appium] The 'xcuitest' driver was installed and matched caps.
[Appium] Will require it at /Users/safaamarir/.appium/node_modules/appium-xcuitest-driver
[38;5;16m[AppiumDriver@c4a0][0m Appium v2.4.1 creating new XCUITestDriver (v5.12.2) session
[38;5;16m[AppiumDriver@c4a0][0m Checking BaseDriver versions for Appium and XCUITestDriver
[38;5;16m[AppiumDriver@c4a0][0m Appium's BaseDriver version is 9.5.0
[38;5;16m[AppiumDriver@c4a0][0m XCUITestDriver's BaseDriver version is 9.5.0
[38;5;32m[XCUITestDriver@382c][0m The following provided capabilities were not recognized by this driver:
[38;5;32m[XCUITestDriver@382c][0m   deviceId
[38;5;32m[XCUITestDriver@382c][0m   waitForAppScript
[38;5;32m[XCUITestDriver@382c (4fa52aaa)][0m Session created with session id: 4fa52aaa-09d3-4ea2-b54b-d6ecb1ac69a8
[38;5;32m[XCUITestDriver@382c (4fa52aaa)][0m Determining device to run tests on: udid: '00008110-00112D590CD0201E', real device: true
[38;5;32m[XCUITestDriver@382c (4fa52aaa)][0m Normalized platformVersion capability value '17.4.1' to '17.4'
[38;5;64m[BaseDriver][0m Using local app '/Users/safaamarir/APK/IOS/IS/IS_Preprod_2.2.1_290.ipa'
[38;5;32m[XCUITestDriver@382c (4fa52aaa)][0m 'Payload/eKareApp.app' is the resulting application bundle selected from '/Users/safaamarir/APK/IOS/IS/IS_Preprod_2.2.1_290.ipa'
[38;5;32m[XCUITestDriver@382c (4fa52aaa)][0m Using WDA path: '/Users/safaamarir/.appium/node_modules/appium-xcuitest-driver/node_modules/appium-webdriveragent'
[38;5;32m[XCUITestDriver@382c (4fa52aaa)][0m Using WDA agent: '/Users/safaamarir/.appium/node_modules/appium-xcuitest-driver/node_modules/appium-webdriveragent/WebDriverAgent.xcodeproj'
[38;5;32m[XCUITestDriver@382c (4fa52aaa)][0m Setting up real device
[38;5;32m[XCUITestDriver@382c (4fa52aaa)][0m App 'com.ekareinc.insight.healthcare' is not installed yet or it has an offload and cannot be detected, which might keep the local data.
[38;5;0m[HTTP][0m <-- POST /wd/hub/session - - ms - -
[38;5;0m[HTTP][0m 
[38;5;48m[XCUITest][0m App installation succeeded after 13589ms
[38;5;96m[DevCon Factory][0m Requesting connection for device 00008110-00112D590CD0201E on local port 52118, device port 52118
[38;5;96m[DevCon Factory][0m Successfully requested the connection for 00008110-00112D590CD0201E:52118
[38;5;112m[WD Proxy][0m socket hang up
[38;5;32m[XCUITestDriver@382c (4fa52aaa)][0m Launching WebDriverAgent on the device
[38;5;32m[XCUITestDriver@382c (4fa52aaa)][0m There is no need to perform the project cleanup. A fresh install has been detected
[38;5;32m[XCUITestDriver@382c (4fa52aaa)][0m socket hang up
[38;5;32m[XCUITestDriver@382c (4fa52aaa)][0m socket hang up
[38;5;32m[XCUITestDriver@382c (4fa52aaa)][0m socket hang up
[38;5;32m[XCUITestDriver@382c (4fa52aaa)][0m socket hang up
[38;5;32m[XCUITestDriver@382c (4fa52aaa)][0m socket hang up
[38;5;32m[XCUITestDriver@382c (4fa52aaa)][0m socket hang up
[38;5;32m[XCUITestDriver@382c (4fa52aaa)][0m socket hang up
[38;5;32m[XCUITestDriver@382c (4fa52aaa)][0m socket hang up
[38;5;32m[XCUITestDriver@382c (4fa52aaa)][0m socket hang up
[38;5;32m[XCUITestDriver@382c (4fa52aaa)][0m socket hang up
[38;5;32m[XCUITestDriver@382c (4fa52aaa)][0m socket hang up
[38;5;32m[XCUITestDriver@382c (4fa52aaa)][0m Determined the downstream protocol as 'W3C'
[38;5;16m[AppiumDriver@c4a0][0m New XCUITestDriver session created successfully, session 4fa52aaa-09d3-4ea2-b54b-d6ecb1ac69a8 added to master session list
[38;5;32m[XCUITestDriver@382c (4fa52aaa)][0m Shutting down because we waited 1800 seconds for a command
[38;5;16m[AppiumDriver@c4a0][0m Ending session, cause was 'New Command Timeout of 1800 seconds expired. Try customizing the timeout using the 'newCommandTimeout' desired capability'
[38;5;16m[AppiumDriver@c4a0][0m Removing session '4fa52aaa-09d3-4ea2-b54b-d6ecb1ac69a8' from our master session list
[38;5;96m[DevCon Factory][0m Releasing connections for 00008110-00112D590CD0201E device on any port number
[38;5;96m[DevCon Factory][0m Found cached connections to release: ["00008110-00112D590CD0201E:52118"]
[38;5;96m[DevCon Factory][0m Releasing the listener for '00008110-00112D590CD0201E:52118'
[38;5;128m[iProxy@00008110:52118][0m The connection has been closed
[Appium] Received SIGTERM - shutting down
[38;5;0m[HTTP][0m Waiting until the server is closed
[38;5;0m[HTTP][0m Received server close event
