[35m[Appium][39m Welcome to Appium v2.4.1 (REV 82c2e743a5bcea725f9ca1429e3e21c3088ff904)
[35m[Appium][39m Non-default server args:
[35m[Appium][39m { basePath: [32m'/wd/hub'[39m, loglevel: [32m'info'[39m, port: [33m52697[39m }
[35m[Appium][39m Attempting to load driver xcuitest...
[35m[Appium][39m Attempting to load driver uiautomator2...
[Appium] Appium REST http interface listener started on http://0.0.0.0:52697/wd/hub
[Appium] You can provide the following URLs in your client code to connect to this server:
[Appium] 	http://127.0.0.1:52697/wd/hub (only accessible from the same host)
[Appium] 	http://192.168.1.4:52697/wd/hub
[Appium] 	http://169.254.111.83:52697/wd/hub
[Appium] Available drivers:
[Appium]   - xcuitest@5.12.2 (automationName 'XCUITest')
[Appium]   - uiautomator2@2.40.0 (automationName 'UiAutomator2')
[Appium] No plugins have been installed. Use the "appium plugin" command to install the one(s) you want to use.
[38;5;0m[HTTP][0m [37m-->[39m [37mGET[39m [37m/wd/hub/status[39m
[38;5;0m[HTTP][0m {}
[38;5;0m[HTTP][0m <-- GET /wd/hub/status 200 2 ms - 199
[38;5;0m[HTTP][0m 
[38;5;0m[HTTP][0m [37m-->[39m [37mPOST[39m [37m/wd/hub/session[39m
[38;5;0m[HTTP][0m {"desiredCapabilities":{"appium:waitForAppScript":"true;","appium:newCommandTimeout":1800,"appium:automationName":"XCUITest","appium:fullReset":true,"appium:platformVersion":"17.4.1","appium:deviceId":"00008110-00112D590CD0201E","appium:noReset":false,"appium:udid":"00008110-00112D590CD0201E","appium:wdaLocalPort":52659,"appium:deviceName":"Safa’s iPhone","platformName":"iOS","appium:app":"/Users/safaamarir/APK/IOS/IS/IS_Preprod_2.2.1_290.ipa"},"capabilities":{"firstMatch":[{"appium:app":"/Users/safaamarir/APK/IOS/IS/IS_Preprod_2.2.1_290.ipa","appium:automationName":"XCUITest","appium:deviceId":"00008110-00112D590CD0201E","appium:deviceName":"Safa’s iPhone","appium:fullReset":true,"appium:newCommandTimeout":1800,"appium:noReset":false,"appium:platformVersion":"17.4.1","appium:udid":"00008110-00112D590CD0201E","appium:waitForAppScript":"true;","appium:wdaLocalPort":52659,"platformName":"ios"}]}}
[Appium] Attempting to find matching driver for automationName 'XCUITest' and platformName 'ios'
[Appium] The 'xcuitest' driver was installed and matched caps.
[Appium] Will require it at /Users/safaamarir/.appium/node_modules/appium-xcuitest-driver
[38;5;16m[AppiumDriver@25a1][0m Appium v2.4.1 creating new XCUITestDriver (v5.12.2) session
[38;5;16m[AppiumDriver@25a1][0m Checking BaseDriver versions for Appium and XCUITestDriver
[38;5;16m[AppiumDriver@25a1][0m Appium's BaseDriver version is 9.5.0
[38;5;16m[AppiumDriver@25a1][0m XCUITestDriver's BaseDriver version is 9.5.0
[38;5;32m[XCUITestDriver@ca0a][0m The following provided capabilities were not recognized by this driver:
[38;5;32m[XCUITestDriver@ca0a][0m   deviceId
[38;5;32m[XCUITestDriver@ca0a][0m   waitForAppScript
[38;5;32m[XCUITestDriver@ca0a (4b95592a)][0m Session created with session id: 4b95592a-5811-475a-a275-ae69b2dcc782
[38;5;32m[XCUITestDriver@ca0a (4b95592a)][0m Determining device to run tests on: udid: '00008110-00112D590CD0201E', real device: true
[38;5;32m[XCUITestDriver@ca0a (4b95592a)][0m Normalized platformVersion capability value '17.4.1' to '17.4'
[38;5;64m[BaseDriver][0m Using local app '/Users/safaamarir/APK/IOS/IS/IS_Preprod_2.2.1_290.ipa'
[38;5;32m[XCUITestDriver@ca0a (4b95592a)][0m 'Payload/eKareApp.app' is the resulting application bundle selected from '/Users/safaamarir/APK/IOS/IS/IS_Preprod_2.2.1_290.ipa'
[38;5;32m[XCUITestDriver@ca0a (4b95592a)][0m Using WDA path: '/Users/safaamarir/.appium/node_modules/appium-xcuitest-driver/node_modules/appium-webdriveragent'
[38;5;32m[XCUITestDriver@ca0a (4b95592a)][0m Using WDA agent: '/Users/safaamarir/.appium/node_modules/appium-xcuitest-driver/node_modules/appium-webdriveragent/WebDriverAgent.xcodeproj'
[38;5;32m[XCUITestDriver@ca0a (4b95592a)][0m Setting up real device
[38;5;32m[XCUITestDriver@ca0a (4b95592a)][0m App 'com.ekareinc.insight.healthcare' is not installed yet or it has an offload and cannot be detected, which might keep the local data.
[38;5;48m[XCUITest][0m App installation succeeded after 12273ms
[38;5;96m[DevCon Factory][0m Requesting connection for device 00008110-00112D590CD0201E on local port 52659, device port 52659
[38;5;96m[DevCon Factory][0m Successfully requested the connection for 00008110-00112D590CD0201E:52659
[38;5;112m[WD Proxy][0m socket hang up
[38;5;32m[XCUITestDriver@ca0a (4b95592a)][0m Launching WebDriverAgent on the device
[38;5;32m[XCUITestDriver@ca0a (4b95592a)][0m There is no need to perform the project cleanup. A fresh install has been detected
[38;5;32m[XCUITestDriver@ca0a (4b95592a)][0m socket hang up
[38;5;32m[XCUITestDriver@ca0a (4b95592a)][0m socket hang up
[38;5;32m[XCUITestDriver@ca0a (4b95592a)][0m socket hang up
[38;5;32m[XCUITestDriver@ca0a (4b95592a)][0m socket hang up
[38;5;32m[XCUITestDriver@ca0a (4b95592a)][0m socket hang up
[38;5;32m[XCUITestDriver@ca0a (4b95592a)][0m socket hang up
[38;5;32m[XCUITestDriver@ca0a (4b95592a)][0m socket hang up
[38;5;32m[XCUITestDriver@ca0a (4b95592a)][0m socket hang up
[38;5;32m[XCUITestDriver@ca0a (4b95592a)][0m socket hang up
[38;5;32m[XCUITestDriver@ca0a (4b95592a)][0m socket hang up
[38;5;32m[XCUITestDriver@ca0a (4b95592a)][0m socket hang up
[38;5;32m[XCUITestDriver@ca0a (4b95592a)][0m socket hang up
[38;5;32m[XCUITestDriver@ca0a (4b95592a)][0m Determined the downstream protocol as 'W3C'
[38;5;16m[AppiumDriver@25a1][0m New XCUITestDriver session created successfully, session 4b95592a-5811-475a-a275-ae69b2dcc782 added to master session list
[38;5;0m[HTTP][0m <-- POST /wd/hub/session 200 33511 ms - 624
[38;5;0m[HTTP][0m 
[38;5;0m[HTTP][0m [37m-->[39m [37mGET[39m [37m/wd/hub/session/4b95592a-5811-475a-a275-ae69b2dcc782[39m
[38;5;0m[HTTP][0m {}
[38;5;0m[HTTP][0m <-- GET /wd/hub/session/4b95592a-5811-475a-a275-ae69b2dcc782 200 1 ms - 360
[38;5;0m[HTTP][0m 
[38;5;0m[HTTP][0m [37m-->[39m [37mGET[39m [37m/wd/hub/session/4b95592a-5811-475a-a275-ae69b2dcc782[39m
[38;5;0m[HTTP][0m {}
[38;5;0m[HTTP][0m <-- GET /wd/hub/session/4b95592a-5811-475a-a275-ae69b2dcc782 200 0 ms - 360
[38;5;0m[HTTP][0m 
[38;5;0m[HTTP][0m [37m-->[39m [37mGET[39m [37m/wd/hub/status[39m
[38;5;0m[HTTP][0m {}
[38;5;0m[HTTP][0m <-- GET /wd/hub/status 200 1 ms - 199
[38;5;0m[HTTP][0m 
[38;5;0m[HTTP][0m [37m-->[39m [37mPOST[39m [37m/wd/hub/session/4b95592a-5811-475a-a275-ae69b2dcc782/timeouts[39m
[38;5;0m[HTTP][0m {"implicit":30000}
[38;5;0m[HTTP][0m <-- POST /wd/hub/session/4b95592a-5811-475a-a275-ae69b2dcc782/timeouts 200 1 ms - 14
[38;5;0m[HTTP][0m 
[38;5;0m[HTTP][0m [37m-->[39m [37mPOST[39m [37m/wd/hub/session/4b95592a-5811-475a-a275-ae69b2dcc782/execute/sync[39m
[38;5;0m[HTTP][0m {"script":"mobile: deviceScreenInfo","args":[]}
[38;5;0m[HTTP][0m <-- POST /wd/hub/session/4b95592a-5811-475a-a275-ae69b2dcc782/execute/sync 200 234 ms - 63
[38;5;0m[HTTP][0m 
[38;5;0m[HTTP][0m [37m-->[39m [37mPOST[39m [37m/wd/hub/session/4b95592a-5811-475a-a275-ae69b2dcc782/execute/sync[39m
[38;5;0m[HTTP][0m {"script":"mobile: deviceScreenInfo","args":[]}
[38;5;0m[HTTP][0m <-- POST /wd/hub/session/4b95592a-5811-475a-a275-ae69b2dcc782/execute/sync 200 3 ms - 63
[38;5;0m[HTTP][0m 
[38;5;0m[HTTP][0m [37m-->[39m [37mPOST[39m [37m/wd/hub/session/4b95592a-5811-475a-a275-ae69b2dcc782/timeouts[39m
[38;5;0m[HTTP][0m {"implicit":50}
[38;5;0m[HTTP][0m <-- POST /wd/hub/session/4b95592a-5811-475a-a275-ae69b2dcc782/timeouts 200 1 ms - 14
[38;5;0m[HTTP][0m 
[38;5;0m[HTTP][0m [37m-->[39m [37mGET[39m [37m/wd/hub/session/4b95592a-5811-475a-a275-ae69b2dcc782/window/rect[39m
[38;5;0m[HTTP][0m {}
[38;5;0m[HTTP][0m <-- GET /wd/hub/session/4b95592a-5811-475a-a275-ae69b2dcc782/window/rect 200 120 ms - 48
[38;5;0m[HTTP][0m 
[38;5;0m[HTTP][0m [37m-->[39m [37mPOST[39m [37m/wd/hub/session/4b95592a-5811-475a-a275-ae69b2dcc782/elements[39m
[38;5;0m[HTTP][0m {"using":"xpath","value":"//*[@type = 'XCUIElementTypeButton' and @label = 'Allow' and @name = 'Allow']"}
[38;5;0m[HTTP][0m <-- POST /wd/hub/session/4b95592a-5811-475a-a275-ae69b2dcc782/elements 200 480 ms - 139
[38;5;0m[HTTP][0m 
[38;5;0m[HTTP][0m [37m-->[39m [37mGET[39m [37m/wd/hub/session/4b95592a-5811-475a-a275-ae69b2dcc782/element/510A0000-0000-0000-2400-000000000000/location[39m
[38;5;0m[HTTP][0m {}
[38;5;0m[HTTP][0m <-- GET /wd/hub/session/4b95592a-5811-475a-a275-ae69b2dcc782/element/510A0000-0000-0000-2400-000000000000/location 200 73 ms - 27
[38;5;0m[HTTP][0m 
[38;5;0m[HTTP][0m [37m-->[39m [37mPOST[39m [37m/wd/hub/session/4b95592a-5811-475a-a275-ae69b2dcc782/timeouts[39m
[38;5;0m[HTTP][0m {"implicit":30000}
[38;5;0m[HTTP][0m <-- POST /wd/hub/session/4b95592a-5811-475a-a275-ae69b2dcc782/timeouts 200 0 ms - 14
[38;5;0m[HTTP][0m 
[38;5;0m[HTTP][0m [37m-->[39m [37mPOST[39m [37m/wd/hub/session/4b95592a-5811-475a-a275-ae69b2dcc782/element/510A0000-0000-0000-2400-000000000000/click[39m
[38;5;0m[HTTP][0m {"id":"510A0000-0000-0000-2400-000000000000"}
[38;5;32m[XCUITestDriver@ca0a (4b95592a)][0m Driver proxy active, passing request on via HTTP proxy
[38;5;32m[XCUITestDriver@ca0a (4b95592a)][0m Replacing sessionId 75454D2A-D73C-4C36-BE97-EAC65E61AE7B with 4b95592a-5811-475a-a275-ae69b2dcc782
[38;5;0m[HTTP][0m <-- POST /wd/hub/session/4b95592a-5811-475a-a275-ae69b2dcc782/element/510A0000-0000-0000-2400-000000000000/click 200 796 ms - 65
[38;5;0m[HTTP][0m 
[38;5;0m[HTTP][0m [37m-->[39m [37mPOST[39m [37m/wd/hub/session/4b95592a-5811-475a-a275-ae69b2dcc782/timeouts[39m
[38;5;0m[HTTP][0m {"implicit":50}
[38;5;0m[HTTP][0m <-- POST /wd/hub/session/4b95592a-5811-475a-a275-ae69b2dcc782/timeouts 200 1 ms - 14
[38;5;0m[HTTP][0m 
[38;5;0m[HTTP][0m [37m-->[39m [37mGET[39m [37m/wd/hub/session/4b95592a-5811-475a-a275-ae69b2dcc782/window/rect[39m
[38;5;0m[HTTP][0m {}
[38;5;0m[HTTP][0m <-- GET /wd/hub/session/4b95592a-5811-475a-a275-ae69b2dcc782/window/rect 200 91 ms - 48
[38;5;0m[HTTP][0m 
[38;5;0m[HTTP][0m [37m-->[39m [37mPOST[39m [37m/wd/hub/session/4b95592a-5811-475a-a275-ae69b2dcc782/elements[39m
[38;5;0m[HTTP][0m {"using":"xpath","value":"//*[@type = 'XCUIElementTypeTextField']"}
[38;5;0m[HTTP][0m <-- POST /wd/hub/session/4b95592a-5811-475a-a275-ae69b2dcc782/elements 200 202 ms - 139
[38;5;0m[HTTP][0m 
[38;5;0m[HTTP][0m [37m-->[39m [37mGET[39m [37m/wd/hub/session/4b95592a-5811-475a-a275-ae69b2dcc782/element/34000000-0000-0000-E225-000000000000/location[39m
[38;5;0m[HTTP][0m {}
[38;5;0m[HTTP][0m <-- GET /wd/hub/session/4b95592a-5811-475a-a275-ae69b2dcc782/element/34000000-0000-0000-E225-000000000000/location 200 48 ms - 26
[38;5;0m[HTTP][0m 
[38;5;0m[HTTP][0m [37m-->[39m [37mPOST[39m [37m/wd/hub/session/4b95592a-5811-475a-a275-ae69b2dcc782/timeouts[39m
[38;5;0m[HTTP][0m {"implicit":30000}
[38;5;0m[HTTP][0m <-- POST /wd/hub/session/4b95592a-5811-475a-a275-ae69b2dcc782/timeouts 200 0 ms - 14
[38;5;0m[HTTP][0m 
[38;5;0m[HTTP][0m [37m-->[39m [37mPOST[39m [37m/wd/hub/session/4b95592a-5811-475a-a275-ae69b2dcc782/element/34000000-0000-0000-E225-000000000000/clear[39m
[38;5;0m[HTTP][0m {"id":"34000000-0000-0000-E225-000000000000"}
[38;5;0m[HTTP][0m <-- POST /wd/hub/session/4b95592a-5811-475a-a275-ae69b2dcc782/element/34000000-0000-0000-E225-000000000000/clear 200 49 ms - 14
[38;5;0m[HTTP][0m 
[38;5;0m[HTTP][0m [37m-->[39m [37mPOST[39m [37m/wd/hub/session/4b95592a-5811-475a-a275-ae69b2dcc782/element/34000000-0000-0000-E225-000000000000/click[39m
[38;5;0m[HTTP][0m {"id":"34000000-0000-0000-E225-000000000000"}
[38;5;32m[XCUITestDriver@ca0a (4b95592a)][0m Driver proxy active, passing request on via HTTP proxy
[38;5;32m[XCUITestDriver@ca0a (4b95592a)][0m Replacing sessionId 75454D2A-D73C-4C36-BE97-EAC65E61AE7B with 4b95592a-5811-475a-a275-ae69b2dcc782
[38;5;0m[HTTP][0m <-- POST /wd/hub/session/4b95592a-5811-475a-a275-ae69b2dcc782/element/34000000-0000-0000-E225-000000000000/click 200 887 ms - 65
[38;5;0m[HTTP][0m 
[38;5;0m[HTTP][0m [37m-->[39m [37mPOST[39m [37m/wd/hub/session/4b95592a-5811-475a-a275-ae69b2dcc782/element/34000000-0000-0000-E225-000000000000/value[39m
[38;5;0m[HTTP][0m {"id":"34000000-0000-0000-E225-000000000000","text":"katalon","value":["k","a","t","a","l","o","n"]}
[38;5;0m[HTTP][0m <-- POST /wd/hub/session/4b95592a-5811-475a-a275-ae69b2dcc782/element/34000000-0000-0000-E225-000000000000/value 200 426 ms - 14
[38;5;0m[HTTP][0m 
[38;5;0m[HTTP][0m [37m-->[39m [37mPOST[39m [37m/wd/hub/session/4b95592a-5811-475a-a275-ae69b2dcc782/timeouts[39m
[38;5;0m[HTTP][0m {"implicit":50}
[38;5;0m[HTTP][0m <-- POST /wd/hub/session/4b95592a-5811-475a-a275-ae69b2dcc782/timeouts 200 0 ms - 14
[38;5;0m[HTTP][0m 
[38;5;0m[HTTP][0m [37m-->[39m [37mGET[39m [37m/wd/hub/session/4b95592a-5811-475a-a275-ae69b2dcc782/window/rect[39m
[38;5;0m[HTTP][0m {}
[38;5;0m[HTTP][0m <-- GET /wd/hub/session/4b95592a-5811-475a-a275-ae69b2dcc782/window/rect 200 102 ms - 48
[38;5;0m[HTTP][0m 
[38;5;0m[HTTP][0m [37m-->[39m [37mPOST[39m [37m/wd/hub/session/4b95592a-5811-475a-a275-ae69b2dcc782/elements[39m
[38;5;0m[HTTP][0m {"using":"xpath","value":"//*[@type = 'XCUIElementTypeSecureTextField']"}
[38;5;0m[HTTP][0m <-- POST /wd/hub/session/4b95592a-5811-475a-a275-ae69b2dcc782/elements 200 357 ms - 139
[38;5;0m[HTTP][0m 
[38;5;0m[HTTP][0m [37m-->[39m [37mGET[39m [37m/wd/hub/session/4b95592a-5811-475a-a275-ae69b2dcc782/element/35000000-0000-0000-E225-000000000000/location[39m
[38;5;0m[HTTP][0m {}
[38;5;0m[HTTP][0m <-- GET /wd/hub/session/4b95592a-5811-475a-a275-ae69b2dcc782/element/35000000-0000-0000-E225-000000000000/location 200 78 ms - 26
[38;5;0m[HTTP][0m 
[38;5;0m[HTTP][0m [37m-->[39m [37mPOST[39m [37m/wd/hub/session/4b95592a-5811-475a-a275-ae69b2dcc782/timeouts[39m
[38;5;0m[HTTP][0m {"implicit":30000}
[38;5;0m[HTTP][0m <-- POST /wd/hub/session/4b95592a-5811-475a-a275-ae69b2dcc782/timeouts 200 0 ms - 14
[38;5;0m[HTTP][0m 
[38;5;0m[HTTP][0m [37m-->[39m [37mPOST[39m [37m/wd/hub/session/4b95592a-5811-475a-a275-ae69b2dcc782/element/35000000-0000-0000-E225-000000000000/clear[39m
[38;5;0m[HTTP][0m {"id":"35000000-0000-0000-E225-000000000000"}
[38;5;0m[HTTP][0m <-- POST /wd/hub/session/4b95592a-5811-475a-a275-ae69b2dcc782/element/35000000-0000-0000-E225-000000000000/clear 200 84 ms - 14
[38;5;0m[HTTP][0m 
[38;5;0m[HTTP][0m [37m-->[39m [37mPOST[39m [37m/wd/hub/session/4b95592a-5811-475a-a275-ae69b2dcc782/element/35000000-0000-0000-E225-000000000000/click[39m
[38;5;0m[HTTP][0m {"id":"35000000-0000-0000-E225-000000000000"}
[38;5;32m[XCUITestDriver@ca0a (4b95592a)][0m Driver proxy active, passing request on via HTTP proxy
[38;5;32m[XCUITestDriver@ca0a (4b95592a)][0m Replacing sessionId 75454D2A-D73C-4C36-BE97-EAC65E61AE7B with 4b95592a-5811-475a-a275-ae69b2dcc782
[38;5;0m[HTTP][0m <-- POST /wd/hub/session/4b95592a-5811-475a-a275-ae69b2dcc782/element/35000000-0000-0000-E225-000000000000/click 200 465 ms - 65
[38;5;0m[HTTP][0m 
[38;5;0m[HTTP][0m [37m-->[39m [37mPOST[39m [37m/wd/hub/session/4b95592a-5811-475a-a275-ae69b2dcc782/element/35000000-0000-0000-E225-000000000000/value[39m
[38;5;0m[HTTP][0m {"id":"35000000-0000-0000-E225-000000000000","text":"eKare123@","value":["e","K","a","r","e","1","2","3","@"]}
[38;5;0m[HTTP][0m <-- POST /wd/hub/session/4b95592a-5811-475a-a275-ae69b2dcc782/element/35000000-0000-0000-E225-000000000000/value 200 480 ms - 14
[38;5;0m[HTTP][0m 
[38;5;0m[HTTP][0m [37m-->[39m [37mPOST[39m [37m/wd/hub/session/4b95592a-5811-475a-a275-ae69b2dcc782/timeouts[39m
[38;5;0m[HTTP][0m {"implicit":50}
[38;5;0m[HTTP][0m <-- POST /wd/hub/session/4b95592a-5811-475a-a275-ae69b2dcc782/timeouts 200 0 ms - 14
[38;5;0m[HTTP][0m 
[38;5;0m[HTTP][0m [37m-->[39m [37mGET[39m [37m/wd/hub/session/4b95592a-5811-475a-a275-ae69b2dcc782/window/rect[39m
[38;5;0m[HTTP][0m {}
[38;5;0m[HTTP][0m <-- GET /wd/hub/session/4b95592a-5811-475a-a275-ae69b2dcc782/window/rect 200 117 ms - 48
[38;5;0m[HTTP][0m 
[38;5;0m[HTTP][0m [37m-->[39m [37mPOST[39m [37m/wd/hub/session/4b95592a-5811-475a-a275-ae69b2dcc782/elements[39m
[38;5;0m[HTTP][0m {"using":"xpath","value":"//*[@type = 'XCUIElementTypeOther' and @label = 'SIGN IN' and @name = 'SIGN IN']"}
[38;5;0m[HTTP][0m <-- POST /wd/hub/session/4b95592a-5811-475a-a275-ae69b2dcc782/elements 200 557 ms - 139
[38;5;0m[HTTP][0m 
[38;5;0m[HTTP][0m [37m-->[39m [37mGET[39m [37m/wd/hub/session/4b95592a-5811-475a-a275-ae69b2dcc782/element/1B000000-0000-0000-E225-000000000000/location[39m
[38;5;0m[HTTP][0m {}
[38;5;0m[HTTP][0m <-- GET /wd/hub/session/4b95592a-5811-475a-a275-ae69b2dcc782/element/1B000000-0000-0000-E225-000000000000/location 200 44 ms - 26
[38;5;0m[HTTP][0m 
[38;5;0m[HTTP][0m [37m-->[39m [37mPOST[39m [37m/wd/hub/session/4b95592a-5811-475a-a275-ae69b2dcc782/timeouts[39m
[38;5;0m[HTTP][0m {"implicit":30000}
[38;5;0m[HTTP][0m <-- POST /wd/hub/session/4b95592a-5811-475a-a275-ae69b2dcc782/timeouts 200 0 ms - 14
[38;5;0m[HTTP][0m 
[38;5;0m[HTTP][0m [37m-->[39m [37mPOST[39m [37m/wd/hub/session/4b95592a-5811-475a-a275-ae69b2dcc782/element/1B000000-0000-0000-E225-000000000000/click[39m
[38;5;0m[HTTP][0m {"id":"1B000000-0000-0000-E225-000000000000"}
[38;5;32m[XCUITestDriver@ca0a (4b95592a)][0m Driver proxy active, passing request on via HTTP proxy
[38;5;32m[XCUITestDriver@ca0a (4b95592a)][0m Replacing sessionId 75454D2A-D73C-4C36-BE97-EAC65E61AE7B with 4b95592a-5811-475a-a275-ae69b2dcc782
[38;5;0m[HTTP][0m <-- POST /wd/hub/session/4b95592a-5811-475a-a275-ae69b2dcc782/element/1B000000-0000-0000-E225-000000000000/click 200 795 ms - 65
[38;5;0m[HTTP][0m 
[38;5;0m[HTTP][0m [37m-->[39m [37mPOST[39m [37m/wd/hub/session/4b95592a-5811-475a-a275-ae69b2dcc782/timeouts[39m
[38;5;0m[HTTP][0m {"implicit":50}
[38;5;0m[HTTP][0m <-- POST /wd/hub/session/4b95592a-5811-475a-a275-ae69b2dcc782/timeouts 200 0 ms - 14
[38;5;0m[HTTP][0m 
[38;5;0m[HTTP][0m [37m-->[39m [37mGET[39m [37m/wd/hub/session/4b95592a-5811-475a-a275-ae69b2dcc782/window/rect[39m
[38;5;0m[HTTP][0m {}
[38;5;0m[HTTP][0m <-- GET /wd/hub/session/4b95592a-5811-475a-a275-ae69b2dcc782/window/rect 200 53 ms - 48
[38;5;0m[HTTP][0m 
[38;5;0m[HTTP][0m [37m-->[39m [37mPOST[39m [37m/wd/hub/session/4b95592a-5811-475a-a275-ae69b2dcc782/elements[39m
[38;5;0m[HTTP][0m {"using":"xpath","value":"//XCUIElementTypeApplication/XCUIElementTypeWindow[1]/XCUIElementTypeOther[2]/XCUIElementTypeOther[1]/XCUIElementTypeOther[1]/XCUIElementTypeOther[2]/XCUIElementTypeOther[1]/XCUIElementTypeOther[1]/XCUIElementTypeOther[1]/XCUIElementTypeScrollView[1]/XCUIElementTypeOther[1]/XCUIElementTypeOther[1]/XCUIElementTypeOther[2]"}
[38;5;0m[HTTP][0m <-- POST /wd/hub/session/4b95592a-5811-475a-a275-ae69b2dcc782/elements 200 369 ms - 139
[38;5;0m[HTTP][0m 
[38;5;0m[HTTP][0m [37m-->[39m [37mGET[39m [37m/wd/hub/session/4b95592a-5811-475a-a275-ae69b2dcc782/element/92000000-0000-0000-E225-000000000000/location[39m
[38;5;0m[HTTP][0m {}
[38;5;0m[HTTP][0m <-- GET /wd/hub/session/4b95592a-5811-475a-a275-ae69b2dcc782/element/92000000-0000-0000-E225-000000000000/location 200 58 ms - 26
[38;5;0m[HTTP][0m 
[38;5;0m[HTTP][0m [37m-->[39m [37mPOST[39m [37m/wd/hub/session/4b95592a-5811-475a-a275-ae69b2dcc782/timeouts[39m
[38;5;0m[HTTP][0m {"implicit":30000}
[38;5;0m[HTTP][0m <-- POST /wd/hub/session/4b95592a-5811-475a-a275-ae69b2dcc782/timeouts 200 0 ms - 14
[38;5;0m[HTTP][0m 
[38;5;0m[HTTP][0m [37m-->[39m [37mPOST[39m [37m/wd/hub/session/4b95592a-5811-475a-a275-ae69b2dcc782/element/92000000-0000-0000-E225-000000000000/click[39m
[38;5;0m[HTTP][0m {"id":"92000000-0000-0000-E225-000000000000"}
[38;5;32m[XCUITestDriver@ca0a (4b95592a)][0m Driver proxy active, passing request on via HTTP proxy
[38;5;32m[XCUITestDriver@ca0a (4b95592a)][0m Replacing sessionId 75454D2A-D73C-4C36-BE97-EAC65E61AE7B with 4b95592a-5811-475a-a275-ae69b2dcc782
[38;5;0m[HTTP][0m <-- POST /wd/hub/session/4b95592a-5811-475a-a275-ae69b2dcc782/element/92000000-0000-0000-E225-000000000000/click 200 458 ms - 65
[38;5;0m[HTTP][0m 
[38;5;0m[HTTP][0m [37m-->[39m [37mPOST[39m [37m/wd/hub/session/4b95592a-5811-475a-a275-ae69b2dcc782/timeouts[39m
[38;5;0m[HTTP][0m {"implicit":50}
[38;5;0m[HTTP][0m <-- POST /wd/hub/session/4b95592a-5811-475a-a275-ae69b2dcc782/timeouts 200 0 ms - 14
[38;5;0m[HTTP][0m 
[38;5;0m[HTTP][0m [37m-->[39m [37mGET[39m [37m/wd/hub/session/4b95592a-5811-475a-a275-ae69b2dcc782/window/rect[39m
[38;5;0m[HTTP][0m {}
[38;5;0m[HTTP][0m <-- GET /wd/hub/session/4b95592a-5811-475a-a275-ae69b2dcc782/window/rect 200 145 ms - 48
[38;5;0m[HTTP][0m 
[38;5;0m[HTTP][0m [37m-->[39m [37mPOST[39m [37m/wd/hub/session/4b95592a-5811-475a-a275-ae69b2dcc782/elements[39m
[38;5;0m[HTTP][0m {"using":"xpath","value":"//XCUIElementTypeApplication/XCUIElementTypeWindow[1]/XCUIElementTypeOther[1]/XCUIElementTypeOther[1]/XCUIElementTypeOther[1]/XCUIElementTypeOther[1]/XCUIElementTypeOther[1]/XCUIElementTypeOther[1]/XCUIElementTypeOther[1]/XCUIElementTypeOther[1]/XCUIElementTypeOther[1]/XCUIElementTypeOther[1]/XCUIElementTypeOther[1]/XCUIElementTypeOther[2]/XCUIElementTypeOther[1]/XCUIElementTypeOther[1]/XCUIElementTypeOther[1]/XCUIElementTypeOther[1]/XCUIElementTypeOther[1]/XCUIElementTypeOther[2]/XCUIElementTypeOther[1]/XCUIElementTypeOther[1]/XCUIElementTypeOther[1]/XCUIElementTypeOther[1]/XCUIElementTypeOther[3]/XCUIElementTypeOther[1]/XCUIElementTypeOther[2]/XCUIElementTypeTextField[1]"}
[38;5;0m[HTTP][0m <-- POST /wd/hub/session/4b95592a-5811-475a-a275-ae69b2dcc782/elements 200 462 ms - 139
[38;5;0m[HTTP][0m 
[38;5;0m[HTTP][0m [37m-->[39m [37mGET[39m [37m/wd/hub/session/4b95592a-5811-475a-a275-ae69b2dcc782/element/DA000000-0000-0000-E225-000000000000/location[39m
[38;5;0m[HTTP][0m {}
[38;5;0m[HTTP][0m <-- GET /wd/hub/session/4b95592a-5811-475a-a275-ae69b2dcc782/element/DA000000-0000-0000-E225-000000000000/location 200 105 ms - 26
[38;5;0m[HTTP][0m 
[38;5;0m[HTTP][0m [37m-->[39m [37mPOST[39m [37m/wd/hub/session/4b95592a-5811-475a-a275-ae69b2dcc782/timeouts[39m
[38;5;0m[HTTP][0m {"implicit":30000}
[38;5;0m[HTTP][0m <-- POST /wd/hub/session/4b95592a-5811-475a-a275-ae69b2dcc782/timeouts 200 0 ms - 14
[38;5;0m[HTTP][0m 
[38;5;0m[HTTP][0m [37m-->[39m [37mPOST[39m [37m/wd/hub/session/4b95592a-5811-475a-a275-ae69b2dcc782/element/DA000000-0000-0000-E225-000000000000/clear[39m
[38;5;0m[HTTP][0m {"id":"DA000000-0000-0000-E225-000000000000"}
[38;5;0m[HTTP][0m <-- POST /wd/hub/session/4b95592a-5811-475a-a275-ae69b2dcc782/element/DA000000-0000-0000-E225-000000000000/clear 200 1420 ms - 14
[38;5;0m[HTTP][0m 
[38;5;0m[HTTP][0m [37m-->[39m [37mPOST[39m [37m/wd/hub/session/4b95592a-5811-475a-a275-ae69b2dcc782/element/DA000000-0000-0000-E225-000000000000/click[39m
[38;5;0m[HTTP][0m {"id":"DA000000-0000-0000-E225-000000000000"}
[38;5;32m[XCUITestDriver@ca0a (4b95592a)][0m Driver proxy active, passing request on via HTTP proxy
[38;5;32m[XCUITestDriver@ca0a (4b95592a)][0m Replacing sessionId 75454D2A-D73C-4C36-BE97-EAC65E61AE7B with 4b95592a-5811-475a-a275-ae69b2dcc782
[38;5;0m[HTTP][0m <-- POST /wd/hub/session/4b95592a-5811-475a-a275-ae69b2dcc782/element/DA000000-0000-0000-E225-000000000000/click 200 504 ms - 65
[38;5;0m[HTTP][0m 
[38;5;0m[HTTP][0m [37m-->[39m [37mPOST[39m [37m/wd/hub/session/4b95592a-5811-475a-a275-ae69b2dcc782/element/DA000000-0000-0000-E225-000000000000/value[39m
[38;5;0m[HTTP][0m {"id":"DA000000-0000-0000-E225-000000000000","text":"6767","value":["6","7","6","7"]}
[38;5;0m[HTTP][0m <-- POST /wd/hub/session/4b95592a-5811-475a-a275-ae69b2dcc782/element/DA000000-0000-0000-E225-000000000000/value 200 404 ms - 14
[38;5;0m[HTTP][0m 
[38;5;0m[HTTP][0m [37m-->[39m [37mPOST[39m [37m/wd/hub/session/4b95592a-5811-475a-a275-ae69b2dcc782/timeouts[39m
[38;5;0m[HTTP][0m {"implicit":50}
[38;5;0m[HTTP][0m <-- POST /wd/hub/session/4b95592a-5811-475a-a275-ae69b2dcc782/timeouts 200 0 ms - 14
[38;5;0m[HTTP][0m 
[38;5;0m[HTTP][0m [37m-->[39m [37mGET[39m [37m/wd/hub/session/4b95592a-5811-475a-a275-ae69b2dcc782/window/rect[39m
[38;5;0m[HTTP][0m {}
[38;5;0m[HTTP][0m <-- GET /wd/hub/session/4b95592a-5811-475a-a275-ae69b2dcc782/window/rect 200 126 ms - 48
[38;5;0m[HTTP][0m 
[38;5;0m[HTTP][0m [37m-->[39m [37mPOST[39m [37m/wd/hub/session/4b95592a-5811-475a-a275-ae69b2dcc782/elements[39m
[38;5;0m[HTTP][0m {"using":"xpath","value":"//XCUIElementTypeApplication/XCUIElementTypeWindow[1]/XCUIElementTypeOther[1]/XCUIElementTypeOther[1]/XCUIElementTypeOther[1]/XCUIElementTypeOther[1]/XCUIElementTypeOther[1]/XCUIElementTypeOther[1]/XCUIElementTypeOther[1]/XCUIElementTypeOther[1]/XCUIElementTypeOther[1]/XCUIElementTypeOther[1]/XCUIElementTypeOther[1]/XCUIElementTypeOther[2]/XCUIElementTypeOther[1]/XCUIElementTypeOther[1]/XCUIElementTypeOther[1]/XCUIElementTypeOther[1]/XCUIElementTypeOther[1]/XCUIElementTypeOther[2]/XCUIElementTypeOther[1]/XCUIElementTypeOther[1]/XCUIElementTypeOther[1]/XCUIElementTypeOther[1]/XCUIElementTypeOther[4]/XCUIElementTypeScrollView[1]/XCUIElementTypeOther[2]/XCUIElementTypeOther[1]/XCUIElementTypeOther[1]/XCUIElementTypeOther[1]/XCUIElementTypeOther[1]"}
[38;5;0m[HTTP][0m <-- POST /wd/hub/session/4b95592a-5811-475a-a275-ae69b2dcc782/elements 200 409 ms - 139
[38;5;0m[HTTP][0m 
[38;5;0m[HTTP][0m [37m-->[39m [37mGET[39m [37m/wd/hub/session/4b95592a-5811-475a-a275-ae69b2dcc782/element/2A010000-0000-0000-E225-000000000000/location[39m
[38;5;0m[HTTP][0m {}
[38;5;0m[HTTP][0m <-- GET /wd/hub/session/4b95592a-5811-475a-a275-ae69b2dcc782/element/2A010000-0000-0000-E225-000000000000/location 200 99 ms - 25
[38;5;0m[HTTP][0m 
[38;5;0m[HTTP][0m [37m-->[39m [37mPOST[39m [37m/wd/hub/session/4b95592a-5811-475a-a275-ae69b2dcc782/timeouts[39m
[38;5;0m[HTTP][0m {"implicit":30000}
[38;5;0m[HTTP][0m <-- POST /wd/hub/session/4b95592a-5811-475a-a275-ae69b2dcc782/timeouts 200 0 ms - 14
[38;5;0m[HTTP][0m 
[38;5;0m[HTTP][0m [37m-->[39m [37mPOST[39m [37m/wd/hub/session/4b95592a-5811-475a-a275-ae69b2dcc782/element/2A010000-0000-0000-E225-000000000000/click[39m
[38;5;0m[HTTP][0m {"id":"2A010000-0000-0000-E225-000000000000"}
[38;5;32m[XCUITestDriver@ca0a (4b95592a)][0m Driver proxy active, passing request on via HTTP proxy
[38;5;32m[XCUITestDriver@ca0a (4b95592a)][0m Replacing sessionId 75454D2A-D73C-4C36-BE97-EAC65E61AE7B with 4b95592a-5811-475a-a275-ae69b2dcc782
[38;5;0m[HTTP][0m <-- POST /wd/hub/session/4b95592a-5811-475a-a275-ae69b2dcc782/element/2A010000-0000-0000-E225-000000000000/click 200 857 ms - 65
[38;5;0m[HTTP][0m 
[38;5;0m[HTTP][0m [37m-->[39m [37mPOST[39m [37m/wd/hub/session/4b95592a-5811-475a-a275-ae69b2dcc782/timeouts[39m
[38;5;0m[HTTP][0m {"implicit":50}
[38;5;0m[HTTP][0m <-- POST /wd/hub/session/4b95592a-5811-475a-a275-ae69b2dcc782/timeouts 200 0 ms - 14
[38;5;0m[HTTP][0m 
[38;5;0m[HTTP][0m [37m-->[39m [37mGET[39m [37m/wd/hub/session/4b95592a-5811-475a-a275-ae69b2dcc782/window/rect[39m
[38;5;0m[HTTP][0m {}
[38;5;0m[HTTP][0m <-- GET /wd/hub/session/4b95592a-5811-475a-a275-ae69b2dcc782/window/rect 200 86 ms - 48
[38;5;0m[HTTP][0m 
[38;5;0m[HTTP][0m [37m-->[39m [37mPOST[39m [37m/wd/hub/session/4b95592a-5811-475a-a275-ae69b2dcc782/elements[39m
[38;5;0m[HTTP][0m {"using":"xpath","value":"//XCUIElementTypeApplication/XCUIElementTypeWindow[1]/XCUIElementTypeOther[1]/XCUIElementTypeOther[1]/XCUIElementTypeOther[1]/XCUIElementTypeOther[1]/XCUIElementTypeOther[1]/XCUIElementTypeOther[1]/XCUIElementTypeOther[1]/XCUIElementTypeOther[1]/XCUIElementTypeOther[1]/XCUIElementTypeOther[1]/XCUIElementTypeOther[1]/XCUIElementTypeOther[2]/XCUIElementTypeOther[1]/XCUIElementTypeOther[1]/XCUIElementTypeOther[1]/XCUIElementTypeOther[1]/XCUIElementTypeOther[1]/XCUIElementTypeOther[2]/XCUIElementTypeOther[1]/XCUIElementTypeOther[2]/XCUIElementTypeOther[1]/XCUIElementTypeOther[1]/XCUIElementTypeOther[1]/XCUIElementTypeOther[2]/XCUIElementTypeOther[4]/XCUIElementTypeOther[1]"}
[38;5;0m[HTTP][0m <-- POST /wd/hub/session/4b95592a-5811-475a-a275-ae69b2dcc782/elements 200 177 ms - 12
[38;5;0m[HTTP][0m 
[38;5;0m[HTTP][0m [37m-->[39m [37mPOST[39m [37m/wd/hub/session/4b95592a-5811-475a-a275-ae69b2dcc782/elements[39m
[38;5;0m[HTTP][0m {"using":"xpath","value":"//XCUIElementTypeApplication/XCUIElementTypeWindow[1]/XCUIElementTypeOther[1]/XCUIElementTypeOther[1]/XCUIElementTypeOther[1]/XCUIElementTypeOther[1]/XCUIElementTypeOther[1]/XCUIElementTypeOther[1]/XCUIElementTypeOther[1]/XCUIElementTypeOther[1]/XCUIElementTypeOther[1]/XCUIElementTypeOther[1]/XCUIElementTypeOther[1]/XCUIElementTypeOther[2]/XCUIElementTypeOther[1]/XCUIElementTypeOther[1]/XCUIElementTypeOther[1]/XCUIElementTypeOther[1]/XCUIElementTypeOther[1]/XCUIElementTypeOther[2]/XCUIElementTypeOther[1]/XCUIElementTypeOther[2]/XCUIElementTypeOther[1]/XCUIElementTypeOther[1]/XCUIElementTypeOther[1]/XCUIElementTypeOther[2]/XCUIElementTypeOther[4]/XCUIElementTypeOther[1]"}
[38;5;0m[HTTP][0m <-- POST /wd/hub/session/4b95592a-5811-475a-a275-ae69b2dcc782/elements 200 189 ms - 12
[38;5;0m[HTTP][0m 
[38;5;0m[HTTP][0m [37m-->[39m [37mPOST[39m [37m/wd/hub/session/4b95592a-5811-475a-a275-ae69b2dcc782/elements[39m
[38;5;0m[HTTP][0m {"using":"xpath","value":"//XCUIElementTypeApplication/XCUIElementTypeWindow[1]/XCUIElementTypeOther[1]/XCUIElementTypeOther[1]/XCUIElementTypeOther[1]/XCUIElementTypeOther[1]/XCUIElementTypeOther[1]/XCUIElementTypeOther[1]/XCUIElementTypeOther[1]/XCUIElementTypeOther[1]/XCUIElementTypeOther[1]/XCUIElementTypeOther[1]/XCUIElementTypeOther[1]/XCUIElementTypeOther[2]/XCUIElementTypeOther[1]/XCUIElementTypeOther[1]/XCUIElementTypeOther[1]/XCUIElementTypeOther[1]/XCUIElementTypeOther[1]/XCUIElementTypeOther[2]/XCUIElementTypeOther[1]/XCUIElementTypeOther[2]/XCUIElementTypeOther[1]/XCUIElementTypeOther[1]/XCUIElementTypeOther[1]/XCUIElementTypeOther[2]/XCUIElementTypeOther[4]/XCUIElementTypeOther[1]"}
[38;5;0m[HTTP][0m <-- POST /wd/hub/session/4b95592a-5811-475a-a275-ae69b2dcc782/elements 200 168 ms - 12
[38;5;0m[HTTP][0m 
[38;5;0m[HTTP][0m [37m-->[39m [37mPOST[39m [37m/wd/hub/session/4b95592a-5811-475a-a275-ae69b2dcc782/elements[39m
[38;5;0m[HTTP][0m {"using":"xpath","value":"//XCUIElementTypeApplication/XCUIElementTypeWindow[1]/XCUIElementTypeOther[1]/XCUIElementTypeOther[1]/XCUIElementTypeOther[1]/XCUIElementTypeOther[1]/XCUIElementTypeOther[1]/XCUIElementTypeOther[1]/XCUIElementTypeOther[1]/XCUIElementTypeOther[1]/XCUIElementTypeOther[1]/XCUIElementTypeOther[1]/XCUIElementTypeOther[1]/XCUIElementTypeOther[2]/XCUIElementTypeOther[1]/XCUIElementTypeOther[1]/XCUIElementTypeOther[1]/XCUIElementTypeOther[1]/XCUIElementTypeOther[1]/XCUIElementTypeOther[2]/XCUIElementTypeOther[1]/XCUIElementTypeOther[2]/XCUIElementTypeOther[1]/XCUIElementTypeOther[1]/XCUIElementTypeOther[1]/XCUIElementTypeOther[2]/XCUIElementTypeOther[4]/XCUIElementTypeOther[1]"}
[38;5;0m[HTTP][0m <-- POST /wd/hub/session/4b95592a-5811-475a-a275-ae69b2dcc782/elements 200 284 ms - 12
[38;5;0m[HTTP][0m 
[38;5;0m[HTTP][0m [37m-->[39m [37mPOST[39m [37m/wd/hub/session/4b95592a-5811-475a-a275-ae69b2dcc782/elements[39m
[38;5;0m[HTTP][0m {"using":"xpath","value":"//XCUIElementTypeApplication/XCUIElementTypeWindow[1]/XCUIElementTypeOther[1]/XCUIElementTypeOther[1]/XCUIElementTypeOther[1]/XCUIElementTypeOther[1]/XCUIElementTypeOther[1]/XCUIElementTypeOther[1]/XCUIElementTypeOther[1]/XCUIElementTypeOther[1]/XCUIElementTypeOther[1]/XCUIElementTypeOther[1]/XCUIElementTypeOther[1]/XCUIElementTypeOther[2]/XCUIElementTypeOther[1]/XCUIElementTypeOther[1]/XCUIElementTypeOther[1]/XCUIElementTypeOther[1]/XCUIElementTypeOther[1]/XCUIElementTypeOther[2]/XCUIElementTypeOther[1]/XCUIElementTypeOther[2]/XCUIElementTypeOther[1]/XCUIElementTypeOther[1]/XCUIElementTypeOther[1]/XCUIElementTypeOther[2]/XCUIElementTypeOther[4]/XCUIElementTypeOther[1]"}
[38;5;0m[HTTP][0m <-- POST /wd/hub/session/4b95592a-5811-475a-a275-ae69b2dcc782/elements 200 188 ms - 12
[38;5;0m[HTTP][0m 
[38;5;0m[HTTP][0m [37m-->[39m [37mPOST[39m [37m/wd/hub/session/4b95592a-5811-475a-a275-ae69b2dcc782/elements[39m
[38;5;0m[HTTP][0m {"using":"xpath","value":"//XCUIElementTypeApplication/XCUIElementTypeWindow[1]/XCUIElementTypeOther[1]/XCUIElementTypeOther[1]/XCUIElementTypeOther[1]/XCUIElementTypeOther[1]/XCUIElementTypeOther[1]/XCUIElementTypeOther[1]/XCUIElementTypeOther[1]/XCUIElementTypeOther[1]/XCUIElementTypeOther[1]/XCUIElementTypeOther[1]/XCUIElementTypeOther[1]/XCUIElementTypeOther[2]/XCUIElementTypeOther[1]/XCUIElementTypeOther[1]/XCUIElementTypeOther[1]/XCUIElementTypeOther[1]/XCUIElementTypeOther[1]/XCUIElementTypeOther[2]/XCUIElementTypeOther[1]/XCUIElementTypeOther[2]/XCUIElementTypeOther[1]/XCUIElementTypeOther[1]/XCUIElementTypeOther[1]/XCUIElementTypeOther[2]/XCUIElementTypeOther[4]/XCUIElementTypeOther[1]"}
[38;5;0m[HTTP][0m <-- POST /wd/hub/session/4b95592a-5811-475a-a275-ae69b2dcc782/elements 200 142 ms - 12
[38;5;0m[HTTP][0m 
[38;5;0m[HTTP][0m [37m-->[39m [37mPOST[39m [37m/wd/hub/session/4b95592a-5811-475a-a275-ae69b2dcc782/elements[39m
[38;5;0m[HTTP][0m {"using":"xpath","value":"//XCUIElementTypeApplication/XCUIElementTypeWindow[1]/XCUIElementTypeOther[1]/XCUIElementTypeOther[1]/XCUIElementTypeOther[1]/XCUIElementTypeOther[1]/XCUIElementTypeOther[1]/XCUIElementTypeOther[1]/XCUIElementTypeOther[1]/XCUIElementTypeOther[1]/XCUIElementTypeOther[1]/XCUIElementTypeOther[1]/XCUIElementTypeOther[1]/XCUIElementTypeOther[2]/XCUIElementTypeOther[1]/XCUIElementTypeOther[1]/XCUIElementTypeOther[1]/XCUIElementTypeOther[1]/XCUIElementTypeOther[1]/XCUIElementTypeOther[2]/XCUIElementTypeOther[1]/XCUIElementTypeOther[2]/XCUIElementTypeOther[1]/XCUIElementTypeOther[1]/XCUIElementTypeOther[1]/XCUIElementTypeOther[2]/XCUIElementTypeOther[4]/XCUIElementTypeOther[1]"}
[38;5;0m[HTTP][0m <-- POST /wd/hub/session/4b95592a-5811-475a-a275-ae69b2dcc782/elements 200 132 ms - 12
[38;5;0m[HTTP][0m 
[38;5;0m[HTTP][0m [37m-->[39m [37mPOST[39m [37m/wd/hub/session/4b95592a-5811-475a-a275-ae69b2dcc782/elements[39m
[38;5;0m[HTTP][0m {"using":"xpath","value":"//XCUIElementTypeApplication/XCUIElementTypeWindow[1]/XCUIElementTypeOther[1]/XCUIElementTypeOther[1]/XCUIElementTypeOther[1]/XCUIElementTypeOther[1]/XCUIElementTypeOther[1]/XCUIElementTypeOther[1]/XCUIElementTypeOther[1]/XCUIElementTypeOther[1]/XCUIElementTypeOther[1]/XCUIElementTypeOther[1]/XCUIElementTypeOther[1]/XCUIElementTypeOther[2]/XCUIElementTypeOther[1]/XCUIElementTypeOther[1]/XCUIElementTypeOther[1]/XCUIElementTypeOther[1]/XCUIElementTypeOther[1]/XCUIElementTypeOther[2]/XCUIElementTypeOther[1]/XCUIElementTypeOther[2]/XCUIElementTypeOther[1]/XCUIElementTypeOther[1]/XCUIElementTypeOther[1]/XCUIElementTypeOther[2]/XCUIElementTypeOther[4]/XCUIElementTypeOther[1]"}
[38;5;0m[HTTP][0m <-- POST /wd/hub/session/4b95592a-5811-475a-a275-ae69b2dcc782/elements 200 136 ms - 12
[38;5;0m[HTTP][0m 
[38;5;0m[HTTP][0m [37m-->[39m [37mPOST[39m [37m/wd/hub/session/4b95592a-5811-475a-a275-ae69b2dcc782/elements[39m
[38;5;0m[HTTP][0m {"using":"xpath","value":"//XCUIElementTypeApplication/XCUIElementTypeWindow[1]/XCUIElementTypeOther[1]/XCUIElementTypeOther[1]/XCUIElementTypeOther[1]/XCUIElementTypeOther[1]/XCUIElementTypeOther[1]/XCUIElementTypeOther[1]/XCUIElementTypeOther[1]/XCUIElementTypeOther[1]/XCUIElementTypeOther[1]/XCUIElementTypeOther[1]/XCUIElementTypeOther[1]/XCUIElementTypeOther[2]/XCUIElementTypeOther[1]/XCUIElementTypeOther[1]/XCUIElementTypeOther[1]/XCUIElementTypeOther[1]/XCUIElementTypeOther[1]/XCUIElementTypeOther[2]/XCUIElementTypeOther[1]/XCUIElementTypeOther[2]/XCUIElementTypeOther[1]/XCUIElementTypeOther[1]/XCUIElementTypeOther[1]/XCUIElementTypeOther[2]/XCUIElementTypeOther[4]/XCUIElementTypeOther[1]"}
[38;5;0m[HTTP][0m <-- POST /wd/hub/session/4b95592a-5811-475a-a275-ae69b2dcc782/elements 200 132 ms - 12
[38;5;0m[HTTP][0m 
[38;5;0m[HTTP][0m [37m-->[39m [37mPOST[39m [37m/wd/hub/session/4b95592a-5811-475a-a275-ae69b2dcc782/elements[39m
[38;5;0m[HTTP][0m {"using":"xpath","value":"//XCUIElementTypeApplication/XCUIElementTypeWindow[1]/XCUIElementTypeOther[1]/XCUIElementTypeOther[1]/XCUIElementTypeOther[1]/XCUIElementTypeOther[1]/XCUIElementTypeOther[1]/XCUIElementTypeOther[1]/XCUIElementTypeOther[1]/XCUIElementTypeOther[1]/XCUIElementTypeOther[1]/XCUIElementTypeOther[1]/XCUIElementTypeOther[1]/XCUIElementTypeOther[2]/XCUIElementTypeOther[1]/XCUIElementTypeOther[1]/XCUIElementTypeOther[1]/XCUIElementTypeOther[1]/XCUIElementTypeOther[1]/XCUIElementTypeOther[2]/XCUIElementTypeOther[1]/XCUIElementTypeOther[2]/XCUIElementTypeOther[1]/XCUIElementTypeOther[1]/XCUIElementTypeOther[1]/XCUIElementTypeOther[2]/XCUIElementTypeOther[4]/XCUIElementTypeOther[1]"}
[38;5;0m[HTTP][0m <-- POST /wd/hub/session/4b95592a-5811-475a-a275-ae69b2dcc782/elements 200 145 ms - 12
[38;5;0m[HTTP][0m 
[38;5;0m[HTTP][0m [37m-->[39m [37mPOST[39m [37m/wd/hub/session/4b95592a-5811-475a-a275-ae69b2dcc782/elements[39m
[38;5;0m[HTTP][0m {"using":"xpath","value":"//XCUIElementTypeApplication/XCUIElementTypeWindow[1]/XCUIElementTypeOther[1]/XCUIElementTypeOther[1]/XCUIElementTypeOther[1]/XCUIElementTypeOther[1]/XCUIElementTypeOther[1]/XCUIElementTypeOther[1]/XCUIElementTypeOther[1]/XCUIElementTypeOther[1]/XCUIElementTypeOther[1]/XCUIElementTypeOther[1]/XCUIElementTypeOther[1]/XCUIElementTypeOther[2]/XCUIElementTypeOther[1]/XCUIElementTypeOther[1]/XCUIElementTypeOther[1]/XCUIElementTypeOther[1]/XCUIElementTypeOther[1]/XCUIElementTypeOther[2]/XCUIElementTypeOther[1]/XCUIElementTypeOther[2]/XCUIElementTypeOther[1]/XCUIElementTypeOther[1]/XCUIElementTypeOther[1]/XCUIElementTypeOther[2]/XCUIElementTypeOther[4]/XCUIElementTypeOther[1]"}
[38;5;0m[HTTP][0m <-- POST /wd/hub/session/4b95592a-5811-475a-a275-ae69b2dcc782/elements 200 127 ms - 12
[38;5;0m[HTTP][0m 
[38;5;0m[HTTP][0m [37m-->[39m [37mPOST[39m [37m/wd/hub/session/4b95592a-5811-475a-a275-ae69b2dcc782/elements[39m
[38;5;0m[HTTP][0m {"using":"xpath","value":"//XCUIElementTypeApplication/XCUIElementTypeWindow[1]/XCUIElementTypeOther[1]/XCUIElementTypeOther[1]/XCUIElementTypeOther[1]/XCUIElementTypeOther[1]/XCUIElementTypeOther[1]/XCUIElementTypeOther[1]/XCUIElementTypeOther[1]/XCUIElementTypeOther[1]/XCUIElementTypeOther[1]/XCUIElementTypeOther[1]/XCUIElementTypeOther[1]/XCUIElementTypeOther[2]/XCUIElementTypeOther[1]/XCUIElementTypeOther[1]/XCUIElementTypeOther[1]/XCUIElementTypeOther[1]/XCUIElementTypeOther[1]/XCUIElementTypeOther[2]/XCUIElementTypeOther[1]/XCUIElementTypeOther[2]/XCUIElementTypeOther[1]/XCUIElementTypeOther[1]/XCUIElementTypeOther[1]/XCUIElementTypeOther[2]/XCUIElementTypeOther[4]/XCUIElementTypeOther[1]"}
[38;5;0m[HTTP][0m <-- POST /wd/hub/session/4b95592a-5811-475a-a275-ae69b2dcc782/elements 200 141 ms - 12
[38;5;0m[HTTP][0m 
[38;5;0m[HTTP][0m [37m-->[39m [37mPOST[39m [37m/wd/hub/session/4b95592a-5811-475a-a275-ae69b2dcc782/elements[39m
[38;5;0m[HTTP][0m {"using":"xpath","value":"//XCUIElementTypeApplication/XCUIElementTypeWindow[1]/XCUIElementTypeOther[1]/XCUIElementTypeOther[1]/XCUIElementTypeOther[1]/XCUIElementTypeOther[1]/XCUIElementTypeOther[1]/XCUIElementTypeOther[1]/XCUIElementTypeOther[1]/XCUIElementTypeOther[1]/XCUIElementTypeOther[1]/XCUIElementTypeOther[1]/XCUIElementTypeOther[1]/XCUIElementTypeOther[2]/XCUIElementTypeOther[1]/XCUIElementTypeOther[1]/XCUIElementTypeOther[1]/XCUIElementTypeOther[1]/XCUIElementTypeOther[1]/XCUIElementTypeOther[2]/XCUIElementTypeOther[1]/XCUIElementTypeOther[2]/XCUIElementTypeOther[1]/XCUIElementTypeOther[1]/XCUIElementTypeOther[1]/XCUIElementTypeOther[2]/XCUIElementTypeOther[4]/XCUIElementTypeOther[1]"}
[38;5;0m[HTTP][0m <-- POST /wd/hub/session/4b95592a-5811-475a-a275-ae69b2dcc782/elements 200 142 ms - 12
[38;5;0m[HTTP][0m 
[38;5;0m[HTTP][0m [37m-->[39m [37mPOST[39m [37m/wd/hub/session/4b95592a-5811-475a-a275-ae69b2dcc782/elements[39m
[38;5;0m[HTTP][0m {"using":"xpath","value":"//XCUIElementTypeApplication/XCUIElementTypeWindow[1]/XCUIElementTypeOther[1]/XCUIElementTypeOther[1]/XCUIElementTypeOther[1]/XCUIElementTypeOther[1]/XCUIElementTypeOther[1]/XCUIElementTypeOther[1]/XCUIElementTypeOther[1]/XCUIElementTypeOther[1]/XCUIElementTypeOther[1]/XCUIElementTypeOther[1]/XCUIElementTypeOther[1]/XCUIElementTypeOther[2]/XCUIElementTypeOther[1]/XCUIElementTypeOther[1]/XCUIElementTypeOther[1]/XCUIElementTypeOther[1]/XCUIElementTypeOther[1]/XCUIElementTypeOther[2]/XCUIElementTypeOther[1]/XCUIElementTypeOther[2]/XCUIElementTypeOther[1]/XCUIElementTypeOther[1]/XCUIElementTypeOther[1]/XCUIElementTypeOther[2]/XCUIElementTypeOther[4]/XCUIElementTypeOther[1]"}
[38;5;0m[HTTP][0m <-- POST /wd/hub/session/4b95592a-5811-475a-a275-ae69b2dcc782/elements 200 142 ms - 12
[38;5;0m[HTTP][0m 
[38;5;0m[HTTP][0m [37m-->[39m [37mPOST[39m [37m/wd/hub/session/4b95592a-5811-475a-a275-ae69b2dcc782/elements[39m
[38;5;0m[HTTP][0m {"using":"xpath","value":"//XCUIElementTypeApplication/XCUIElementTypeWindow[1]/XCUIElementTypeOther[1]/XCUIElementTypeOther[1]/XCUIElementTypeOther[1]/XCUIElementTypeOther[1]/XCUIElementTypeOther[1]/XCUIElementTypeOther[1]/XCUIElementTypeOther[1]/XCUIElementTypeOther[1]/XCUIElementTypeOther[1]/XCUIElementTypeOther[1]/XCUIElementTypeOther[1]/XCUIElementTypeOther[2]/XCUIElementTypeOther[1]/XCUIElementTypeOther[1]/XCUIElementTypeOther[1]/XCUIElementTypeOther[1]/XCUIElementTypeOther[1]/XCUIElementTypeOther[2]/XCUIElementTypeOther[1]/XCUIElementTypeOther[2]/XCUIElementTypeOther[1]/XCUIElementTypeOther[1]/XCUIElementTypeOther[1]/XCUIElementTypeOther[2]/XCUIElementTypeOther[4]/XCUIElementTypeOther[1]"}
[38;5;0m[HTTP][0m <-- POST /wd/hub/session/4b95592a-5811-475a-a275-ae69b2dcc782/elements 200 147 ms - 12
[38;5;0m[HTTP][0m 
[38;5;0m[HTTP][0m [37m-->[39m [37mPOST[39m [37m/wd/hub/session/4b95592a-5811-475a-a275-ae69b2dcc782/elements[39m
[38;5;0m[HTTP][0m {"using":"xpath","value":"//XCUIElementTypeApplication/XCUIElementTypeWindow[1]/XCUIElementTypeOther[1]/XCUIElementTypeOther[1]/XCUIElementTypeOther[1]/XCUIElementTypeOther[1]/XCUIElementTypeOther[1]/XCUIElementTypeOther[1]/XCUIElementTypeOther[1]/XCUIElementTypeOther[1]/XCUIElementTypeOther[1]/XCUIElementTypeOther[1]/XCUIElementTypeOther[1]/XCUIElementTypeOther[2]/XCUIElementTypeOther[1]/XCUIElementTypeOther[1]/XCUIElementTypeOther[1]/XCUIElementTypeOther[1]/XCUIElementTypeOther[1]/XCUIElementTypeOther[2]/XCUIElementTypeOther[1]/XCUIElementTypeOther[2]/XCUIElementTypeOther[1]/XCUIElementTypeOther[1]/XCUIElementTypeOther[1]/XCUIElementTypeOther[2]/XCUIElementTypeOther[4]/XCUIElementTypeOther[1]"}
[38;5;0m[HTTP][0m <-- POST /wd/hub/session/4b95592a-5811-475a-a275-ae69b2dcc782/elements 200 143 ms - 12
[38;5;0m[HTTP][0m 
[38;5;0m[HTTP][0m [37m-->[39m [37mPOST[39m [37m/wd/hub/session/4b95592a-5811-475a-a275-ae69b2dcc782/elements[39m
[38;5;0m[HTTP][0m {"using":"xpath","value":"//XCUIElementTypeApplication/XCUIElementTypeWindow[1]/XCUIElementTypeOther[1]/XCUIElementTypeOther[1]/XCUIElementTypeOther[1]/XCUIElementTypeOther[1]/XCUIElementTypeOther[1]/XCUIElementTypeOther[1]/XCUIElementTypeOther[1]/XCUIElementTypeOther[1]/XCUIElementTypeOther[1]/XCUIElementTypeOther[1]/XCUIElementTypeOther[1]/XCUIElementTypeOther[2]/XCUIElementTypeOther[1]/XCUIElementTypeOther[1]/XCUIElementTypeOther[1]/XCUIElementTypeOther[1]/XCUIElementTypeOther[1]/XCUIElementTypeOther[2]/XCUIElementTypeOther[1]/XCUIElementTypeOther[2]/XCUIElementTypeOther[1]/XCUIElementTypeOther[1]/XCUIElementTypeOther[1]/XCUIElementTypeOther[2]/XCUIElementTypeOther[4]/XCUIElementTypeOther[1]"}
[38;5;0m[HTTP][0m <-- POST /wd/hub/session/4b95592a-5811-475a-a275-ae69b2dcc782/elements 200 145 ms - 12
[38;5;0m[HTTP][0m 
[38;5;0m[HTTP][0m [37m-->[39m [37mPOST[39m [37m/wd/hub/session/4b95592a-5811-475a-a275-ae69b2dcc782/elements[39m
[38;5;0m[HTTP][0m {"using":"xpath","value":"//XCUIElementTypeApplication/XCUIElementTypeWindow[1]/XCUIElementTypeOther[1]/XCUIElementTypeOther[1]/XCUIElementTypeOther[1]/XCUIElementTypeOther[1]/XCUIElementTypeOther[1]/XCUIElementTypeOther[1]/XCUIElementTypeOther[1]/XCUIElementTypeOther[1]/XCUIElementTypeOther[1]/XCUIElementTypeOther[1]/XCUIElementTypeOther[1]/XCUIElementTypeOther[2]/XCUIElementTypeOther[1]/XCUIElementTypeOther[1]/XCUIElementTypeOther[1]/XCUIElementTypeOther[1]/XCUIElementTypeOther[1]/XCUIElementTypeOther[2]/XCUIElementTypeOther[1]/XCUIElementTypeOther[2]/XCUIElementTypeOther[1]/XCUIElementTypeOther[1]/XCUIElementTypeOther[1]/XCUIElementTypeOther[2]/XCUIElementTypeOther[4]/XCUIElementTypeOther[1]"}
[38;5;0m[HTTP][0m <-- POST /wd/hub/session/4b95592a-5811-475a-a275-ae69b2dcc782/elements 200 149 ms - 12
[38;5;0m[HTTP][0m 
[38;5;0m[HTTP][0m [37m-->[39m [37mPOST[39m [37m/wd/hub/session/4b95592a-5811-475a-a275-ae69b2dcc782/elements[39m
[38;5;0m[HTTP][0m {"using":"xpath","value":"//XCUIElementTypeApplication/XCUIElementTypeWindow[1]/XCUIElementTypeOther[1]/XCUIElementTypeOther[1]/XCUIElementTypeOther[1]/XCUIElementTypeOther[1]/XCUIElementTypeOther[1]/XCUIElementTypeOther[1]/XCUIElementTypeOther[1]/XCUIElementTypeOther[1]/XCUIElementTypeOther[1]/XCUIElementTypeOther[1]/XCUIElementTypeOther[1]/XCUIElementTypeOther[2]/XCUIElementTypeOther[1]/XCUIElementTypeOther[1]/XCUIElementTypeOther[1]/XCUIElementTypeOther[1]/XCUIElementTypeOther[1]/XCUIElementTypeOther[2]/XCUIElementTypeOther[1]/XCUIElementTypeOther[2]/XCUIElementTypeOther[1]/XCUIElementTypeOther[1]/XCUIElementTypeOther[1]/XCUIElementTypeOther[2]/XCUIElementTypeOther[4]/XCUIElementTypeOther[1]"}
[38;5;0m[HTTP][0m <-- POST /wd/hub/session/4b95592a-5811-475a-a275-ae69b2dcc782/elements 200 162 ms - 12
[38;5;0m[HTTP][0m 
[38;5;0m[HTTP][0m [37m-->[39m [37mPOST[39m [37m/wd/hub/session/4b95592a-5811-475a-a275-ae69b2dcc782/elements[39m
[38;5;0m[HTTP][0m {"using":"xpath","value":"//XCUIElementTypeApplication/XCUIElementTypeWindow[1]/XCUIElementTypeOther[1]/XCUIElementTypeOther[1]/XCUIElementTypeOther[1]/XCUIElementTypeOther[1]/XCUIElementTypeOther[1]/XCUIElementTypeOther[1]/XCUIElementTypeOther[1]/XCUIElementTypeOther[1]/XCUIElementTypeOther[1]/XCUIElementTypeOther[1]/XCUIElementTypeOther[1]/XCUIElementTypeOther[2]/XCUIElementTypeOther[1]/XCUIElementTypeOther[1]/XCUIElementTypeOther[1]/XCUIElementTypeOther[1]/XCUIElementTypeOther[1]/XCUIElementTypeOther[2]/XCUIElementTypeOther[1]/XCUIElementTypeOther[2]/XCUIElementTypeOther[1]/XCUIElementTypeOther[1]/XCUIElementTypeOther[1]/XCUIElementTypeOther[2]/XCUIElementTypeOther[4]/XCUIElementTypeOther[1]"}
[38;5;0m[HTTP][0m <-- POST /wd/hub/session/4b95592a-5811-475a-a275-ae69b2dcc782/elements 200 143 ms - 12
[38;5;0m[HTTP][0m 
[38;5;0m[HTTP][0m [37m-->[39m [37mPOST[39m [37m/wd/hub/session/4b95592a-5811-475a-a275-ae69b2dcc782/elements[39m
[38;5;0m[HTTP][0m {"using":"xpath","value":"//XCUIElementTypeApplication/XCUIElementTypeWindow[1]/XCUIElementTypeOther[1]/XCUIElementTypeOther[1]/XCUIElementTypeOther[1]/XCUIElementTypeOther[1]/XCUIElementTypeOther[1]/XCUIElementTypeOther[1]/XCUIElementTypeOther[1]/XCUIElementTypeOther[1]/XCUIElementTypeOther[1]/XCUIElementTypeOther[1]/XCUIElementTypeOther[1]/XCUIElementTypeOther[2]/XCUIElementTypeOther[1]/XCUIElementTypeOther[1]/XCUIElementTypeOther[1]/XCUIElementTypeOther[1]/XCUIElementTypeOther[1]/XCUIElementTypeOther[2]/XCUIElementTypeOther[1]/XCUIElementTypeOther[2]/XCUIElementTypeOther[1]/XCUIElementTypeOther[1]/XCUIElementTypeOther[1]/XCUIElementTypeOther[2]/XCUIElementTypeOther[4]/XCUIElementTypeOther[1]"}
[38;5;0m[HTTP][0m <-- POST /wd/hub/session/4b95592a-5811-475a-a275-ae69b2dcc782/elements 200 301 ms - 12
[38;5;0m[HTTP][0m 
[38;5;0m[HTTP][0m [37m-->[39m [37mPOST[39m [37m/wd/hub/session/4b95592a-5811-475a-a275-ae69b2dcc782/elements[39m
[38;5;0m[HTTP][0m {"using":"xpath","value":"//XCUIElementTypeApplication/XCUIElementTypeWindow[1]/XCUIElementTypeOther[1]/XCUIElementTypeOther[1]/XCUIElementTypeOther[1]/XCUIElementTypeOther[1]/XCUIElementTypeOther[1]/XCUIElementTypeOther[1]/XCUIElementTypeOther[1]/XCUIElementTypeOther[1]/XCUIElementTypeOther[1]/XCUIElementTypeOther[1]/XCUIElementTypeOther[1]/XCUIElementTypeOther[2]/XCUIElementTypeOther[1]/XCUIElementTypeOther[1]/XCUIElementTypeOther[1]/XCUIElementTypeOther[1]/XCUIElementTypeOther[1]/XCUIElementTypeOther[2]/XCUIElementTypeOther[1]/XCUIElementTypeOther[2]/XCUIElementTypeOther[1]/XCUIElementTypeOther[1]/XCUIElementTypeOther[1]/XCUIElementTypeOther[2]/XCUIElementTypeOther[4]/XCUIElementTypeOther[1]"}
[38;5;0m[HTTP][0m <-- POST /wd/hub/session/4b95592a-5811-475a-a275-ae69b2dcc782/elements 200 182 ms - 12
[38;5;0m[HTTP][0m 
[38;5;32m[XCUITestDriver@ca0a (4b95592a)][0m Shutting down because we waited 1800 seconds for a command
[38;5;16m[AppiumDriver@25a1][0m Ending session, cause was 'New Command Timeout of 1800 seconds expired. Try customizing the timeout using the 'newCommandTimeout' desired capability'
[38;5;16m[AppiumDriver@25a1][0m Removing session '4b95592a-5811-475a-a275-ae69b2dcc782' from our master session list
[38;5;96m[DevCon Factory][0m Releasing connections for 00008110-00112D590CD0201E device on any port number
[38;5;96m[DevCon Factory][0m Found cached connections to release: ["00008110-00112D590CD0201E:52659"]
[38;5;96m[DevCon Factory][0m Releasing the listener for '00008110-00112D590CD0201E:52659'
[38;5;128m[iProxy@00008110:52659][0m The connection has been closed
