[35m[Appium][39m Welcome to Appium v2.4.1 (REV 705d2564ddfb9c915ee9425dd9ed408bfac61005)
[35m[Appium][39m Non-default server args:
[35m[Appium][39m { basePath: [32m'/wd/hub'[39m, loglevel: [32m'info'[39m, port: [33m56810[39m }
[35m[Appium][39m Attempting to load driver xcuitest...
[Appium] Appium REST http interface listener started on http://0.0.0.0:56810/wd/hub
[Appium] You can provide the following URLs in your client code to connect to this server:
[Appium] 	http://127.0.0.1:56810/wd/hub (only accessible from the same host)
[Appium] 	http://192.168.1.113:56810/wd/hub
[Appium] Available drivers:
[Appium]   - xcuitest@5.12.2 (automationName 'XCUITest')
[Appium] No plugins have been installed. Use the "appium plugin" command to install the one(s) you want to use.
[38;5;0m[HTTP][0m [37m-->[39m [37mGET[39m [37m/wd/hub/status[39m
[38;5;0m[HTTP][0m {}
[38;5;0m[HTTP][0m <-- GET /wd/hub/status 200 2 ms - 199
[38;5;0m[HTTP][0m 
[38;5;0m[HTTP][0m [37m-->[39m [37mPOST[39m [37m/wd/hub/session[39m
[38;5;0m[HTTP][0m {"desiredCapabilities":{"appium:systemPort":56809,"appium:newCommandTimeout":1800,"appium:appWaitActivity":"*","appium:automationName":"Uiautomator2","appium:fullReset":true,"appium:platformVersion":"12","appium:deviceId":"","appium:noReset":false,"appium:udid":"RF8N307NKZV","appium:autoGrantPermissions":true,"appium:platformName":"ANDROID","appium:deviceName":"samsung SM-N975F (Android 12)","platformName":"Android","appium:app":"C:\\Users\\Amarir\\Downloads\\APK\\EU\\EU_Preprod_2.1.4_181.apk"},"capabilities":{"firstMatch":[{"appium:app":"C:\\Users\\Amarir\\Downloads\\APK\\EU\\EU_Preprod_2.1.4_181.apk","appium:appWaitActivity":"*","appium:autoGrantPermissions":true,"appium:automationName":"Uiautomator2","appium:deviceId":"","appium:deviceName":"samsung SM-N975F (Android 12)","appium:fullReset":true,"appium:newCommandTimeout":1800,"appium:noReset":false,"appium:platformName":"ANDROID","appium:platformVersion":"12","appium:systemPort":56809,"appium:udid":"RF8N307NKZV","platformName":"android"}]}}
[38;5;32m[BaseDriver][0m Ignoring capability 'appium:platformName=ANDROID' and using capability 'platformName=android'
[38;5;32m[BaseDriver][0m The capabilities ["platformName"] are standard capabilities and do not require "appium:" prefix
[Appium] Attempting to find matching driver for automationName 'Uiautomator2' and platformName 'android'
[38;5;0m[HTTP][0m <-- POST /wd/hub/session 500 19 ms - 1040
[38;5;0m[HTTP][0m 
[38;5;0m[HTTP][0m [37m-->[39m [37mGET[39m [37m/wd/hub/status[39m
[38;5;0m[HTTP][0m {}
[38;5;0m[HTTP][0m <-- GET /wd/hub/status 200 0 ms - 199
[38;5;0m[HTTP][0m 
[38;5;0m[HTTP][0m [37m-->[39m [37mPOST[39m [37m/wd/hub/session[39m
[38;5;0m[HTTP][0m {"desiredCapabilities":{"appium:systemPort":56821,"appium:newCommandTimeout":1800,"appium:appWaitActivity":"*","appium:automationName":"Uiautomator2","appium:fullReset":true,"appium:platformVersion":"12","appium:deviceId":"","appium:noReset":false,"appium:udid":"RF8N307NKZV","appium:autoGrantPermissions":true,"appium:platformName":"ANDROID","appium:deviceName":"samsung SM-N975F (Android 12)","platformName":"Android","appium:app":"C:\\Users\\Amarir\\Downloads\\APK\\EU\\EU_Preprod_2.1.4_181.apk"},"capabilities":{"firstMatch":[{"appium:app":"C:\\Users\\Amarir\\Downloads\\APK\\EU\\EU_Preprod_2.1.4_181.apk","appium:appWaitActivity":"*","appium:autoGrantPermissions":true,"appium:automationName":"Uiautomator2","appium:deviceId":"","appium:deviceName":"samsung SM-N975F (Android 12)","appium:fullReset":true,"appium:newCommandTimeout":1800,"appium:noReset":false,"appium:platformName":"ANDROID","appium:platformVersion":"12","appium:systemPort":56821,"appium:udid":"RF8N307NKZV","platformName":"android"}]}}
[38;5;32m[BaseDriver][0m Ignoring capability 'appium:platformName=ANDROID' and using capability 'platformName=android'
[38;5;32m[BaseDriver][0m The capabilities ["platformName"] are standard capabilities and do not require "appium:" prefix
[Appium] Attempting to find matching driver for automationName 'Uiautomator2' and platformName 'android'
[38;5;0m[HTTP][0m <-- POST /wd/hub/session 500 1 ms - 1040
[38;5;0m[HTTP][0m 
[38;5;0m[HTTP][0m [37m-->[39m [37mGET[39m [37m/wd/hub/status[39m
[38;5;0m[HTTP][0m {}
[38;5;0m[HTTP][0m <-- GET /wd/hub/status 200 0 ms - 199
[38;5;0m[HTTP][0m 
[38;5;0m[HTTP][0m [37m-->[39m [37mPOST[39m [37m/wd/hub/session[39m
[38;5;0m[HTTP][0m {"desiredCapabilities":{"appium:systemPort":56826,"appium:newCommandTimeout":1800,"appium:appWaitActivity":"*","appium:automationName":"Uiautomator2","appium:fullReset":true,"appium:platformVersion":"12","appium:deviceId":"","appium:noReset":false,"appium:udid":"RF8N307NKZV","appium:autoGrantPermissions":true,"appium:platformName":"ANDROID","appium:deviceName":"samsung SM-N975F (Android 12)","platformName":"Android","appium:app":"C:\\Users\\Amarir\\Downloads\\APK\\EU\\EU_Preprod_2.1.4_181.apk"},"capabilities":{"firstMatch":[{"appium:app":"C:\\Users\\Amarir\\Downloads\\APK\\EU\\EU_Preprod_2.1.4_181.apk","appium:appWaitActivity":"*","appium:autoGrantPermissions":true,"appium:automationName":"Uiautomator2","appium:deviceId":"","appium:deviceName":"samsung SM-N975F (Android 12)","appium:fullReset":true,"appium:newCommandTimeout":1800,"appium:noReset":false,"appium:platformName":"ANDROID","appium:platformVersion":"12","appium:systemPort":56826,"appium:udid":"RF8N307NKZV","platformName":"android"}]}}
[38;5;32m[BaseDriver][0m Ignoring capability 'appium:platformName=ANDROID' and using capability 'platformName=android'
[38;5;32m[BaseDriver][0m The capabilities ["platformName"] are standard capabilities and do not require "appium:" prefix
[Appium] Attempting to find matching driver for automationName 'Uiautomator2' and platformName 'android'
[38;5;0m[HTTP][0m <-- POST /wd/hub/session 500 1 ms - 1040
[38;5;0m[HTTP][0m 
[38;5;0m[HTTP][0m [37m-->[39m [37mGET[39m [37m/wd/hub/status[39m
[38;5;0m[HTTP][0m {}
[38;5;0m[HTTP][0m <-- GET /wd/hub/status 200 0 ms - 199
[38;5;0m[HTTP][0m 
[38;5;0m[HTTP][0m [37m-->[39m [37mPOST[39m [37m/wd/hub/session[39m
[38;5;0m[HTTP][0m {"desiredCapabilities":{"appium:systemPort":56830,"appium:newCommandTimeout":1800,"appium:appWaitActivity":"*","appium:automationName":"Uiautomator2","appium:fullReset":true,"appium:platformVersion":"12","appium:deviceId":"","appium:noReset":false,"appium:udid":"RF8N307NKZV","appium:autoGrantPermissions":true,"appium:platformName":"ANDROID","appium:deviceName":"samsung SM-N975F (Android 12)","platformName":"Android","appium:app":"C:\\Users\\Amarir\\Downloads\\APK\\EU\\EU_Preprod_2.1.4_181.apk"},"capabilities":{"firstMatch":[{"appium:app":"C:\\Users\\Amarir\\Downloads\\APK\\EU\\EU_Preprod_2.1.4_181.apk","appium:appWaitActivity":"*","appium:autoGrantPermissions":true,"appium:automationName":"Uiautomator2","appium:deviceId":"","appium:deviceName":"samsung SM-N975F (Android 12)","appium:fullReset":true,"appium:newCommandTimeout":1800,"appium:noReset":false,"appium:platformName":"ANDROID","appium:platformVersion":"12","appium:systemPort":56830,"appium:udid":"RF8N307NKZV","platformName":"android"}]}}
[38;5;32m[BaseDriver][0m Ignoring capability 'appium:platformName=ANDROID' and using capability 'platformName=android'
[38;5;32m[BaseDriver][0m The capabilities ["platformName"] are standard capabilities and do not require "appium:" prefix
[Appium] Attempting to find matching driver for automationName 'Uiautomator2' and platformName 'android'
[38;5;0m[HTTP][0m <-- POST /wd/hub/session 500 1 ms - 1040
[38;5;0m[HTTP][0m 
[38;5;0m[HTTP][0m [37m-->[39m [37mGET[39m [37m/wd/hub/status[39m
[38;5;0m[HTTP][0m {}
[38;5;0m[HTTP][0m <-- GET /wd/hub/status 200 1 ms - 199
[38;5;0m[HTTP][0m 
[38;5;0m[HTTP][0m [37m-->[39m [37mPOST[39m [37m/wd/hub/session[39m
[38;5;0m[HTTP][0m {"desiredCapabilities":{"appium:systemPort":56835,"appium:newCommandTimeout":1800,"appium:appWaitActivity":"*","appium:automationName":"Uiautomator2","appium:fullReset":false,"appium:platformVersion":"12","appium:deviceId":"","appium:noReset":true,"appium:udid":"RF8N307NKZV","appium:autoGrantPermissions":true,"appium:platformName":"ANDROID","appium:deviceName":"samsung SM-N975F (Android 12)","platformName":"Android","appium:app":"C:\\Users\\Amarir\\Downloads\\APK\\EU\\EU_Preprod_2.1.4_181.apk"},"capabilities":{"firstMatch":[{"appium:app":"C:\\Users\\Amarir\\Downloads\\APK\\EU\\EU_Preprod_2.1.4_181.apk","appium:appWaitActivity":"*","appium:autoGrantPermissions":true,"appium:automationName":"Uiautomator2","appium:deviceId":"","appium:deviceName":"samsung SM-N975F (Android 12)","appium:fullReset":false,"appium:newCommandTimeout":1800,"appium:noReset":true,"appium:platformName":"ANDROID","appium:platformVersion":"12","appium:systemPort":56835,"appium:udid":"RF8N307NKZV","platformName":"android"}]}}
[38;5;32m[BaseDriver][0m Ignoring capability 'appium:platformName=ANDROID' and using capability 'platformName=android'
[38;5;32m[BaseDriver][0m The capabilities ["platformName"] are standard capabilities and do not require "appium:" prefix
[Appium] Attempting to find matching driver for automationName 'Uiautomator2' and platformName 'android'
[38;5;0m[HTTP][0m <-- POST /wd/hub/session 500 1 ms - 1040
[38;5;0m[HTTP][0m 
[38;5;0m[HTTP][0m [37m-->[39m [37mGET[39m [37m/wd/hub/status[39m
[38;5;0m[HTTP][0m {}
[38;5;0m[HTTP][0m <-- GET /wd/hub/status 200 0 ms - 199
[38;5;0m[HTTP][0m 
[38;5;0m[HTTP][0m [37m-->[39m [37mPOST[39m [37m/wd/hub/session[39m
[38;5;0m[HTTP][0m {"desiredCapabilities":{"appium:systemPort":56840,"appium:newCommandTimeout":1800,"appium:appWaitActivity":"*","appium:automationName":"Uiautomator2","appium:fullReset":false,"appium:platformVersion":"12","appium:deviceId":"","appium:noReset":true,"appium:udid":"RF8N307NKZV","appium:autoGrantPermissions":true,"appium:platformName":"ANDROID","appium:deviceName":"samsung SM-N975F (Android 12)","platformName":"Android","appium:app":"C:\\Users\\Amarir\\Downloads\\APK\\EU\\EU_Preprod_2.1.4_181.apk"},"capabilities":{"firstMatch":[{"appium:app":"C:\\Users\\Amarir\\Downloads\\APK\\EU\\EU_Preprod_2.1.4_181.apk","appium:appWaitActivity":"*","appium:autoGrantPermissions":true,"appium:automationName":"Uiautomator2","appium:deviceId":"","appium:deviceName":"samsung SM-N975F (Android 12)","appium:fullReset":false,"appium:newCommandTimeout":1800,"appium:noReset":true,"appium:platformName":"ANDROID","appium:platformVersion":"12","appium:systemPort":56840,"appium:udid":"RF8N307NKZV","platformName":"android"}]}}
[38;5;32m[BaseDriver][0m Ignoring capability 'appium:platformName=ANDROID' and using capability 'platformName=android'
[38;5;32m[BaseDriver][0m The capabilities ["platformName"] are standard capabilities and do not require "appium:" prefix
[Appium] Attempting to find matching driver for automationName 'Uiautomator2' and platformName 'android'
[38;5;0m[HTTP][0m <-- POST /wd/hub/session 500 1 ms - 1040
[38;5;0m[HTTP][0m 
[38;5;0m[HTTP][0m [37m-->[39m [37mGET[39m [37m/wd/hub/status[39m
[38;5;0m[HTTP][0m {}
[38;5;0m[HTTP][0m <-- GET /wd/hub/status 200 0 ms - 199
[38;5;0m[HTTP][0m 
[38;5;0m[HTTP][0m [37m-->[39m [37mPOST[39m [37m/wd/hub/session[39m
[38;5;0m[HTTP][0m {"desiredCapabilities":{"appium:systemPort":56845,"appium:newCommandTimeout":1800,"appium:appWaitActivity":"*","appium:automationName":"Uiautomator2","appium:fullReset":false,"appium:platformVersion":"12","appium:deviceId":"","appium:noReset":true,"appium:udid":"RF8N307NKZV","appium:autoGrantPermissions":true,"appium:platformName":"ANDROID","appium:deviceName":"samsung SM-N975F (Android 12)","platformName":"Android","appium:app":"C:\\Users\\Amarir\\Downloads\\APK\\EU\\EU_Preprod_2.1.4_181.apk"},"capabilities":{"firstMatch":[{"appium:app":"C:\\Users\\Amarir\\Downloads\\APK\\EU\\EU_Preprod_2.1.4_181.apk","appium:appWaitActivity":"*","appium:autoGrantPermissions":true,"appium:automationName":"Uiautomator2","appium:deviceId":"","appium:deviceName":"samsung SM-N975F (Android 12)","appium:fullReset":false,"appium:newCommandTimeout":1800,"appium:noReset":true,"appium:platformName":"ANDROID","appium:platformVersion":"12","appium:systemPort":56845,"appium:udid":"RF8N307NKZV","platformName":"android"}]}}
[38;5;32m[BaseDriver][0m Ignoring capability 'appium:platformName=ANDROID' and using capability 'platformName=android'
[38;5;32m[BaseDriver][0m The capabilities ["platformName"] are standard capabilities and do not require "appium:" prefix
[Appium] Attempting to find matching driver for automationName 'Uiautomator2' and platformName 'android'
[38;5;0m[HTTP][0m <-- POST /wd/hub/session 500 1 ms - 1040
[38;5;0m[HTTP][0m 
[38;5;0m[HTTP][0m [37m-->[39m [37mGET[39m [37m/wd/hub/status[39m
[38;5;0m[HTTP][0m {}
[38;5;0m[HTTP][0m <-- GET /wd/hub/status 200 0 ms - 199
[38;5;0m[HTTP][0m 
[38;5;0m[HTTP][0m [37m-->[39m [37mPOST[39m [37m/wd/hub/session[39m
[38;5;0m[HTTP][0m {"desiredCapabilities":{"appium:systemPort":56850,"appium:newCommandTimeout":1800,"appium:appWaitActivity":"*","appium:automationName":"Uiautomator2","appium:fullReset":false,"appium:platformVersion":"12","appium:deviceId":"","appium:noReset":true,"appium:udid":"RF8N307NKZV","appium:autoGrantPermissions":true,"appium:platformName":"ANDROID","appium:deviceName":"samsung SM-N975F (Android 12)","platformName":"Android","appium:app":"C:\\Users\\Amarir\\Downloads\\APK\\EU\\EU_Preprod_2.1.4_181.apk"},"capabilities":{"firstMatch":[{"appium:app":"C:\\Users\\Amarir\\Downloads\\APK\\EU\\EU_Preprod_2.1.4_181.apk","appium:appWaitActivity":"*","appium:autoGrantPermissions":true,"appium:automationName":"Uiautomator2","appium:deviceId":"","appium:deviceName":"samsung SM-N975F (Android 12)","appium:fullReset":false,"appium:newCommandTimeout":1800,"appium:noReset":true,"appium:platformName":"ANDROID","appium:platformVersion":"12","appium:systemPort":56850,"appium:udid":"RF8N307NKZV","platformName":"android"}]}}
[38;5;32m[BaseDriver][0m Ignoring capability 'appium:platformName=ANDROID' and using capability 'platformName=android'
[38;5;32m[BaseDriver][0m The capabilities ["platformName"] are standard capabilities and do not require "appium:" prefix
[Appium] Attempting to find matching driver for automationName 'Uiautomator2' and platformName 'android'
[38;5;0m[HTTP][0m <-- POST /wd/hub/session 500 1 ms - 1040
[38;5;0m[HTTP][0m 
[38;5;0m[HTTP][0m [37m-->[39m [37mGET[39m [37m/wd/hub/status[39m
[38;5;0m[HTTP][0m {}
[38;5;0m[HTTP][0m <-- GET /wd/hub/status 200 0 ms - 199
[38;5;0m[HTTP][0m 
[38;5;0m[HTTP][0m [37m-->[39m [37mPOST[39m [37m/wd/hub/session[39m
[38;5;0m[HTTP][0m {"desiredCapabilities":{"appium:systemPort":56863,"appium:newCommandTimeout":1800,"appium:appWaitActivity":"*","appium:automationName":"Uiautomator2","appium:fullReset":false,"appium:platformVersion":"12","appium:deviceId":"","appium:noReset":true,"appium:udid":"RF8N307NKZV","appium:autoGrantPermissions":true,"appium:platformName":"ANDROID","appium:deviceName":"samsung SM-N975F (Android 12)","platformName":"Android","appium:app":"/Users/safaamarir/APK/EU/181-EU-preprod.apk"},"capabilities":{"firstMatch":[{"appium:app":"/Users/safaamarir/APK/EU/181-EU-preprod.apk","appium:appWaitActivity":"*","appium:autoGrantPermissions":true,"appium:automationName":"Uiautomator2","appium:deviceId":"","appium:deviceName":"samsung SM-N975F (Android 12)","appium:fullReset":false,"appium:newCommandTimeout":1800,"appium:noReset":true,"appium:platformName":"ANDROID","appium:platformVersion":"12","appium:systemPort":56863,"appium:udid":"RF8N307NKZV","platformName":"android"}]}}
[38;5;32m[BaseDriver][0m Ignoring capability 'appium:platformName=ANDROID' and using capability 'platformName=android'
[38;5;32m[BaseDriver][0m The capabilities ["platformName"] are standard capabilities and do not require "appium:" prefix
[Appium] Attempting to find matching driver for automationName 'Uiautomator2' and platformName 'android'
[38;5;0m[HTTP][0m <-- POST /wd/hub/session 500 1 ms - 1040
[38;5;0m[HTTP][0m 
[38;5;0m[HTTP][0m [37m-->[39m [37mGET[39m [37m/wd/hub/status[39m
[38;5;0m[HTTP][0m {}
[38;5;0m[HTTP][0m <-- GET /wd/hub/status 200 0 ms - 199
[38;5;0m[HTTP][0m 
[38;5;0m[HTTP][0m [37m-->[39m [37mPOST[39m [37m/wd/hub/session[39m
[38;5;0m[HTTP][0m {"desiredCapabilities":{"appium:systemPort":56867,"appium:newCommandTimeout":1800,"appium:appWaitActivity":"*","appium:automationName":"Uiautomator2","appium:fullReset":false,"appium:platformVersion":"12","appium:deviceId":"","appium:noReset":true,"appium:udid":"RF8N307NKZV","appium:autoGrantPermissions":true,"appium:platformName":"ANDROID","appium:deviceName":"samsung SM-N975F (Android 12)","platformName":"Android","appium:app":"/Users/safaamarir/APK/EU/181-EU-preprod.apk"},"capabilities":{"firstMatch":[{"appium:app":"/Users/safaamarir/APK/EU/181-EU-preprod.apk","appium:appWaitActivity":"*","appium:autoGrantPermissions":true,"appium:automationName":"Uiautomator2","appium:deviceId":"","appium:deviceName":"samsung SM-N975F (Android 12)","appium:fullReset":false,"appium:newCommandTimeout":1800,"appium:noReset":true,"appium:platformName":"ANDROID","appium:platformVersion":"12","appium:systemPort":56867,"appium:udid":"RF8N307NKZV","platformName":"android"}]}}
[38;5;32m[BaseDriver][0m Ignoring capability 'appium:platformName=ANDROID' and using capability 'platformName=android'
[38;5;32m[BaseDriver][0m The capabilities ["platformName"] are standard capabilities and do not require "appium:" prefix
[Appium] Attempting to find matching driver for automationName 'Uiautomator2' and platformName 'android'
[38;5;0m[HTTP][0m <-- POST /wd/hub/session 500 1 ms - 1040
[38;5;0m[HTTP][0m 
[38;5;0m[HTTP][0m [37m-->[39m [37mGET[39m [37m/wd/hub/status[39m
[38;5;0m[HTTP][0m {}
[38;5;0m[HTTP][0m <-- GET /wd/hub/status 200 0 ms - 199
[38;5;0m[HTTP][0m 
[38;5;0m[HTTP][0m [37m-->[39m [37mPOST[39m [37m/wd/hub/session[39m
[38;5;0m[HTTP][0m {"desiredCapabilities":{"appium:systemPort":56873,"appium:newCommandTimeout":1800,"appium:appWaitActivity":"*","appium:automationName":"Uiautomator2","appium:fullReset":false,"appium:platformVersion":"12","appium:deviceId":"","appium:noReset":true,"appium:udid":"RF8N307NKZV","appium:autoGrantPermissions":true,"appium:platformName":"ANDROID","appium:deviceName":"samsung SM-N975F (Android 12)","platformName":"Android","appium:app":"/Users/safaamarir/APK/EU/181-EU-preprod.apk"},"capabilities":{"firstMatch":[{"appium:app":"/Users/safaamarir/APK/EU/181-EU-preprod.apk","appium:appWaitActivity":"*","appium:autoGrantPermissions":true,"appium:automationName":"Uiautomator2","appium:deviceId":"","appium:deviceName":"samsung SM-N975F (Android 12)","appium:fullReset":false,"appium:newCommandTimeout":1800,"appium:noReset":true,"appium:platformName":"ANDROID","appium:platformVersion":"12","appium:systemPort":56873,"appium:udid":"RF8N307NKZV","platformName":"android"}]}}
[38;5;32m[BaseDriver][0m Ignoring capability 'appium:platformName=ANDROID' and using capability 'platformName=android'
[38;5;32m[BaseDriver][0m The capabilities ["platformName"] are standard capabilities and do not require "appium:" prefix
[Appium] Attempting to find matching driver for automationName 'Uiautomator2' and platformName 'android'
[38;5;0m[HTTP][0m <-- POST /wd/hub/session 500 1 ms - 1040
[38;5;0m[HTTP][0m 
