[35m[Appium][39m Welcome to Appium v2.4.1 (REV b3751bca8c4a3c76107d5aa3b75b81db93cf4bb6)
[35m[Appium][39m Non-default server args:
[35m[Appium][39m { basePath: [32m'/wd/hub'[39m, loglevel: [32m'info'[39m, port: [33m62735[39m }
[35m[Appium][39m Attempting to load driver xcuitest...
[35m[Appium][39m Attempting to load driver uiautomator2...
[Appium] Appium REST http interface listener started on http://0.0.0.0:62735/wd/hub
[Appium] You can provide the following URLs in your client code to connect to this server:
[Appium] 	http://127.0.0.1:62735/wd/hub (only accessible from the same host)
[Appium] 	http://192.168.1.113:62735/wd/hub
[Appium] Available drivers:
[Appium]   - xcuitest@5.12.2 (automationName 'XCUITest')
[Appium]   - uiautomator2@2.40.0 (automationName 'UiAutomator2')
[Appium] No plugins have been installed. Use the "appium plugin" command to install the one(s) you want to use.
[38;5;0m[HTTP][0m [37m-->[39m [37mGET[39m [37m/wd/hub/status[39m
[38;5;0m[HTTP][0m {}
[38;5;0m[HTTP][0m <-- GET /wd/hub/status 200 2 ms - 199
[38;5;0m[HTTP][0m 
[38;5;0m[HTTP][0m [37m-->[39m [37mPOST[39m [37m/wd/hub/session[39m
[38;5;0m[HTTP][0m {"desiredCapabilities":{"appium:systemPort":62733,"appium:newCommandTimeout":1800,"appium:appWaitActivity":"*","appium:automationName":"Uiautomator2","appium:fullReset":true,"appium:platformVersion":"12","appium:deviceId":"","appium:noReset":false,"appium:udid":"RF8N307NKZV","appium:autoGrantPermissions":true,"appium:platformName":"ANDROID","appium:deviceName":"samsung SM-N975F (Android 12)","platformName":"Android","appium:app":"/Users/safaamarir/APK/Android/EU/181-EU-preprod.apk"},"capabilities":{"firstMatch":[{"appium:app":"/Users/safaamarir/APK/Android/EU/181-EU-preprod.apk","appium:appWaitActivity":"*","appium:autoGrantPermissions":true,"appium:automationName":"Uiautomator2","appium:deviceId":"","appium:deviceName":"samsung SM-N975F (Android 12)","appium:fullReset":true,"appium:newCommandTimeout":1800,"appium:noReset":false,"appium:platformName":"ANDROID","appium:platformVersion":"12","appium:systemPort":62733,"appium:udid":"RF8N307NKZV","platformName":"android"}]}}
[38;5;32m[BaseDriver][0m Ignoring capability 'appium:platformName=ANDROID' and using capability 'platformName=android'
[38;5;32m[BaseDriver][0m The capabilities ["platformName"] are standard capabilities and do not require "appium:" prefix
[Appium] Attempting to find matching driver for automationName 'Uiautomator2' and platformName 'android'
[Appium] The 'uiautomator2' driver was installed and matched caps.
[Appium] Will require it at /Users/safaamarir/.appium/node_modules/appium-uiautomator2-driver
[38;5;16m[AppiumDriver@60c5][0m Appium v2.4.1 creating new AndroidUiautomator2Driver (v2.40.0) session
[38;5;16m[AppiumDriver@60c5][0m Checking BaseDriver versions for Appium and AndroidUiautomator2Driver
[38;5;16m[AppiumDriver@60c5][0m Appium's BaseDriver version is 9.5.0
[38;5;16m[AppiumDriver@60c5][0m AndroidUiautomator2Driver's BaseDriver version is 9.5.0
[38;5;48m[AndroidUiautomator2Driver@a34d][0m The following provided capabilities were not recognized by this driver:
[38;5;48m[AndroidUiautomator2Driver@a34d][0m   deviceId
[38;5;48m[AndroidUiautomator2Driver@a34d (1ca0ad89)][0m Session created with session id: 1ca0ad89-9ae0-4479-938d-53e1ba0f822a
[38;5;32m[BaseDriver][0m Using local app '/Users/safaamarir/APK/Android/EU/181-EU-preprod.apk'
[38;5;64m[ADB][0m Found 1 'build-tools' folders under '/Users/safaamarir/.katalon/tools/android_sdk' (newest first):
[38;5;64m[ADB][0m     /Users/safaamarir/.katalon/tools/android_sdk/build-tools/29.0.3
[38;5;64m[ADB][0m Using 'adb' from '/Users/safaamarir/.katalon/tools/android_sdk/platform-tools/adb'
[38;5;80m[AndroidDriver][0m Retrieving device list
[38;5;80m[AndroidDriver][0m Using device: RF8N307NKZV
[38;5;64m[ADB][0m Using 'adb' from '/Users/safaamarir/.katalon/tools/android_sdk/platform-tools/adb'
[38;5;64m[ADB][0m Getting device platform version
[38;5;48m[AndroidUiautomator2Driver@a34d (1ca0ad89)][0m Relaxing hidden api policy
[38;5;64m[ADB][0m Package name: 'com.ekareinc.insight.europe'
[38;5;64m[ADB][0m Main activity name: 'com.ekareinc.insight.standard.MainActivity'
[38;5;64m[ADB][0m Using 'apksigner.jar' from '/Users/safaamarir/.katalon/tools/android_sdk/build-tools/29.0.3/lib/apksigner.jar'
[38;5;64m[ADB][0m '/Users/safaamarir/.appium/node_modules/appium-uiautomator2-driver/node_modules/appium-uiautomator2-server/apks/appium-uiautomator2-server-debug-androidTest.apk' is signed with the default certificate
[38;5;64m[ADB][0m '/Users/safaamarir/.appium/node_modules/appium-uiautomator2-driver/node_modules/appium-uiautomator2-server/apks/appium-uiautomator2-server-v6.0.1.apk' is signed with the default certificate
[38;5;48m[AndroidUiautomator2Driver@a34d (1ca0ad89)][0m Server packages are not going to be (re)installed
[38;5;64m[ADB][0m Adding packages ["io.appium.settings","io.appium.uiautomator2.server","io.appium.uiautomator2.server.test"] to Doze whitelist
[38;5;64m[ADB][0m '/Users/safaamarir/APK/Android/EU/181-EU-preprod.apk' is signed with a non-default certificate
[38;5;64m[ADB][0m com.ekareinc.insight.europe was successfully uninstalled
[38;5;64m[ADB][0m The application at '/Users/safaamarir/APK/Android/EU/181-EU-preprod.apk' will not be cached, because the device under test has confirmed the support of streamed installs
[38;5;64m[ADB][0m The installation of '181-EU-preprod.apk' took 11855ms
[38;5;48m[AndroidUiautomator2Driver@a34d (1ca0ad89)][0m Starting UIAutomator2 server 6.0.1
[38;5;48m[AndroidUiautomator2Driver@a34d (1ca0ad89)][0m Using UIAutomator2 server from '/Users/safaamarir/.appium/node_modules/appium-uiautomator2-driver/node_modules/appium-uiautomator2-server/apks/appium-uiautomator2-server-v6.0.1.apk' and test from '/Users/safaamarir/.appium/node_modules/appium-uiautomator2-driver/node_modules/appium-uiautomator2-server/apks/appium-uiautomator2-server-debug-androidTest.apk'
[38;5;48m[AndroidUiautomator2Driver@a34d (1ca0ad89)][0m Waiting up to 30000ms for UiAutomator2 to be online...
[38;5;48m[AndroidUiautomator2Driver@a34d (1ca0ad89)][0m socket hang up
[38;5;48m[AndroidUiautomator2Driver@a34d (1ca0ad89)][0m socket hang up
[38;5;48m[AndroidUiautomator2Driver@a34d (1ca0ad89)][0m Determined the downstream protocol as 'W3C'
[38;5;80m[AndroidDriver][0m Screen already unlocked, doing nothing
[38;5;48m[AndroidUiautomator2Driver@a34d (1ca0ad89)][0m Starting 'com.ekareinc.insight.europe/com.ekareinc.insight.standard.MainActivity and waiting for 'com.ekareinc.insight.europe/*'
[38;5;16m[AppiumDriver@60c5][0m New AndroidUiautomator2Driver session created successfully, session 1ca0ad89-9ae0-4479-938d-53e1ba0f822a added to master session list
[38;5;0m[HTTP][0m <-- POST /wd/hub/session 200 21033 ms - 1266
[38;5;0m[HTTP][0m 
[38;5;0m[HTTP][0m [37m-->[39m [37mGET[39m [37m/wd/hub/session/1ca0ad89-9ae0-4479-938d-53e1ba0f822a[39m
[38;5;0m[HTTP][0m {}
[38;5;0m[HTTP][0m <-- GET /wd/hub/session/1ca0ad89-9ae0-4479-938d-53e1ba0f822a 200 8 ms - 380
[38;5;0m[HTTP][0m 
[38;5;0m[HTTP][0m [37m-->[39m [37mGET[39m [37m/wd/hub/session/1ca0ad89-9ae0-4479-938d-53e1ba0f822a[39m
[38;5;0m[HTTP][0m {}
[38;5;0m[HTTP][0m <-- GET /wd/hub/session/1ca0ad89-9ae0-4479-938d-53e1ba0f822a 200 9 ms - 380
[38;5;0m[HTTP][0m 
[38;5;0m[HTTP][0m [37m-->[39m [37mGET[39m [37m/wd/hub/status[39m
[38;5;0m[HTTP][0m {}
[38;5;0m[HTTP][0m <-- GET /wd/hub/status 200 0 ms - 199
[38;5;0m[HTTP][0m 
[38;5;0m[HTTP][0m [37m-->[39m [37mPOST[39m [37m/wd/hub/session/1ca0ad89-9ae0-4479-938d-53e1ba0f822a/timeouts[39m
[38;5;0m[HTTP][0m {"implicit":30000}
[38;5;0m[HTTP][0m <-- POST /wd/hub/session/1ca0ad89-9ae0-4479-938d-53e1ba0f822a/timeouts 200 1 ms - 14
[38;5;0m[HTTP][0m 
[38;5;0m[HTTP][0m [37m-->[39m [37mGET[39m [37m/wd/hub/session/1ca0ad89-9ae0-4479-938d-53e1ba0f822a/appium/device/system_bars[39m
[38;5;0m[HTTP][0m {}
[38;5;0m[HTTP][0m <-- GET /wd/hub/session/1ca0ad89-9ae0-4479-938d-53e1ba0f822a/appium/device/system_bars 200 79 ms - 151
[38;5;0m[HTTP][0m 
[38;5;0m[HTTP][0m [37m-->[39m [37mPOST[39m [37m/wd/hub/session/1ca0ad89-9ae0-4479-938d-53e1ba0f822a/timeouts[39m
[38;5;0m[HTTP][0m {"implicit":50}
[38;5;0m[HTTP][0m <-- POST /wd/hub/session/1ca0ad89-9ae0-4479-938d-53e1ba0f822a/timeouts 200 1 ms - 14
[38;5;0m[HTTP][0m 
[38;5;0m[HTTP][0m [37m-->[39m [37mGET[39m [37m/wd/hub/session/1ca0ad89-9ae0-4479-938d-53e1ba0f822a/window/rect[39m
[38;5;0m[HTTP][0m {}
[38;5;0m[HTTP][0m <-- GET /wd/hub/session/1ca0ad89-9ae0-4479-938d-53e1ba0f822a/window/rect 200 22 ms - 50
[38;5;0m[HTTP][0m 
[38;5;0m[HTTP][0m [37m-->[39m [37mPOST[39m [37m/wd/hub/session/1ca0ad89-9ae0-4479-938d-53e1ba0f822a/elements[39m
[38;5;0m[HTTP][0m {"using":"xpath","value":"//hierarchy/android.widget.FrameLayout[1]/android.widget.LinearLayout[1]/android.widget.FrameLayout[1]/android.widget.LinearLayout[1]/android.widget.FrameLayout[1]/android.widget.FrameLayout[1]/android.widget.ScrollView[1]/android.view.ViewGroup[1]/android.view.ViewGroup[1]/android.widget.EditText[1]"}
[38;5;0m[HTTP][0m <-- POST /wd/hub/session/1ca0ad89-9ae0-4479-938d-53e1ba0f822a/elements 200 308 ms - 139
[38;5;0m[HTTP][0m 
[38;5;0m[HTTP][0m [37m-->[39m [37mGET[39m [37m/wd/hub/session/1ca0ad89-9ae0-4479-938d-53e1ba0f822a/element/00000000-0000-01da-ffff-ffff0000001b/location[39m
[38;5;0m[HTTP][0m {}
[38;5;48m[AndroidUiautomator2Driver@a34d (1ca0ad89)][0m Driver proxy active, passing request on via HTTP proxy
[38;5;48m[AndroidUiautomator2Driver@a34d (1ca0ad89)][0m Replacing sessionId f5ba1f1d-6f70-43d2-a2a8-0a18d543a5da with 1ca0ad89-9ae0-4479-938d-53e1ba0f822a
[38;5;0m[HTTP][0m <-- GET /wd/hub/session/1ca0ad89-9ae0-4479-938d-53e1ba0f822a/element/00000000-0000-01da-ffff-ffff0000001b/location 200 27 ms - 78
[38;5;0m[HTTP][0m 
[38;5;0m[HTTP][0m [37m-->[39m [37mPOST[39m [37m/wd/hub/session/1ca0ad89-9ae0-4479-938d-53e1ba0f822a/timeouts[39m
[38;5;0m[HTTP][0m {"implicit":30000}
[38;5;0m[HTTP][0m <-- POST /wd/hub/session/1ca0ad89-9ae0-4479-938d-53e1ba0f822a/timeouts 200 0 ms - 14
[38;5;0m[HTTP][0m 
[38;5;0m[HTTP][0m [37m-->[39m [37mPOST[39m [37m/wd/hub/session/1ca0ad89-9ae0-4479-938d-53e1ba0f822a/element/00000000-0000-01da-ffff-ffff0000001b/clear[39m
[38;5;0m[HTTP][0m {"id":"00000000-0000-01da-ffff-ffff0000001b"}
[38;5;0m[HTTP][0m <-- POST /wd/hub/session/1ca0ad89-9ae0-4479-938d-53e1ba0f822a/element/00000000-0000-01da-ffff-ffff0000001b/clear 200 38 ms - 14
[38;5;0m[HTTP][0m 
[38;5;0m[HTTP][0m [37m-->[39m [37mPOST[39m [37m/wd/hub/session/1ca0ad89-9ae0-4479-938d-53e1ba0f822a/element/00000000-0000-01da-ffff-ffff0000001b/click[39m
[38;5;0m[HTTP][0m {"id":"00000000-0000-01da-ffff-ffff0000001b"}
[38;5;0m[HTTP][0m <-- POST /wd/hub/session/1ca0ad89-9ae0-4479-938d-53e1ba0f822a/element/00000000-0000-01da-ffff-ffff0000001b/click 200 561 ms - 14
[38;5;0m[HTTP][0m 
[38;5;0m[HTTP][0m [37m-->[39m [37mPOST[39m [37m/wd/hub/session/1ca0ad89-9ae0-4479-938d-53e1ba0f822a/element/00000000-0000-01da-ffff-ffff0000001b/value[39m
[38;5;0m[HTTP][0m {"id":"00000000-0000-01da-ffff-ffff0000001b","text":"katalon","value":["k","a","t","a","l","o","n"]}
[38;5;0m[HTTP][0m <-- POST /wd/hub/session/1ca0ad89-9ae0-4479-938d-53e1ba0f822a/element/00000000-0000-01da-ffff-ffff0000001b/value 200 797 ms - 14
[38;5;0m[HTTP][0m 
[38;5;0m[HTTP][0m [37m-->[39m [37mPOST[39m [37m/wd/hub/session/1ca0ad89-9ae0-4479-938d-53e1ba0f822a/timeouts[39m
[38;5;0m[HTTP][0m {"implicit":50}
[38;5;0m[HTTP][0m <-- POST /wd/hub/session/1ca0ad89-9ae0-4479-938d-53e1ba0f822a/timeouts 200 1 ms - 14
[38;5;0m[HTTP][0m 
[38;5;0m[HTTP][0m [37m-->[39m [37mGET[39m [37m/wd/hub/session/1ca0ad89-9ae0-4479-938d-53e1ba0f822a/window/rect[39m
[38;5;0m[HTTP][0m {}
[38;5;0m[HTTP][0m <-- GET /wd/hub/session/1ca0ad89-9ae0-4479-938d-53e1ba0f822a/window/rect 200 13 ms - 50
[38;5;0m[HTTP][0m 
[38;5;0m[HTTP][0m [37m-->[39m [37mPOST[39m [37m/wd/hub/session/1ca0ad89-9ae0-4479-938d-53e1ba0f822a/elements[39m
[38;5;0m[HTTP][0m {"using":"xpath","value":"//hierarchy/android.widget.FrameLayout[1]/android.widget.LinearLayout[1]/android.widget.FrameLayout[1]/android.widget.LinearLayout[1]/android.widget.FrameLayout[1]/android.widget.FrameLayout[1]/android.widget.ScrollView[1]/android.view.ViewGroup[1]/android.view.ViewGroup[2]/android.widget.EditText[1]"}
[38;5;0m[HTTP][0m <-- POST /wd/hub/session/1ca0ad89-9ae0-4479-938d-53e1ba0f822a/elements 200 701 ms - 139
[38;5;0m[HTTP][0m 
[38;5;0m[HTTP][0m [37m-->[39m [37mGET[39m [37m/wd/hub/session/1ca0ad89-9ae0-4479-938d-53e1ba0f822a/element/00000000-0000-01da-ffff-ffff0000001e/location[39m
[38;5;0m[HTTP][0m {}
[38;5;48m[AndroidUiautomator2Driver@a34d (1ca0ad89)][0m Driver proxy active, passing request on via HTTP proxy
[38;5;48m[AndroidUiautomator2Driver@a34d (1ca0ad89)][0m Replacing sessionId f5ba1f1d-6f70-43d2-a2a8-0a18d543a5da with 1ca0ad89-9ae0-4479-938d-53e1ba0f822a
[38;5;0m[HTTP][0m <-- GET /wd/hub/session/1ca0ad89-9ae0-4479-938d-53e1ba0f822a/element/00000000-0000-01da-ffff-ffff0000001e/location 200 22 ms - 78
[38;5;0m[HTTP][0m 
[38;5;0m[HTTP][0m [37m-->[39m [37mPOST[39m [37m/wd/hub/session/1ca0ad89-9ae0-4479-938d-53e1ba0f822a/timeouts[39m
[38;5;0m[HTTP][0m {"implicit":30000}
[38;5;0m[HTTP][0m <-- POST /wd/hub/session/1ca0ad89-9ae0-4479-938d-53e1ba0f822a/timeouts 200 0 ms - 14
[38;5;0m[HTTP][0m 
[38;5;0m[HTTP][0m [37m-->[39m [37mPOST[39m [37m/wd/hub/session/1ca0ad89-9ae0-4479-938d-53e1ba0f822a/element/00000000-0000-01da-ffff-ffff0000001e/clear[39m
[38;5;0m[HTTP][0m {"id":"00000000-0000-01da-ffff-ffff0000001e"}
[38;5;0m[HTTP][0m <-- POST /wd/hub/session/1ca0ad89-9ae0-4479-938d-53e1ba0f822a/element/00000000-0000-01da-ffff-ffff0000001e/clear 200 35 ms - 14
[38;5;0m[HTTP][0m 
[38;5;0m[HTTP][0m [37m-->[39m [37mPOST[39m [37m/wd/hub/session/1ca0ad89-9ae0-4479-938d-53e1ba0f822a/element/00000000-0000-01da-ffff-ffff0000001e/click[39m
[38;5;0m[HTTP][0m {"id":"00000000-0000-01da-ffff-ffff0000001e"}
[38;5;0m[HTTP][0m <-- POST /wd/hub/session/1ca0ad89-9ae0-4479-938d-53e1ba0f822a/element/00000000-0000-01da-ffff-ffff0000001e/click 200 543 ms - 14
[38;5;0m[HTTP][0m 
[38;5;0m[HTTP][0m [37m-->[39m [37mPOST[39m [37m/wd/hub/session/1ca0ad89-9ae0-4479-938d-53e1ba0f822a/element/00000000-0000-01da-ffff-ffff0000001e/value[39m
[38;5;0m[HTTP][0m {"id":"00000000-0000-01da-ffff-ffff0000001e","text":"eKare123@","value":["e","K","a","r","e","1","2","3","@"]}
[38;5;0m[HTTP][0m <-- POST /wd/hub/session/1ca0ad89-9ae0-4479-938d-53e1ba0f822a/element/00000000-0000-01da-ffff-ffff0000001e/value 200 647 ms - 14
[38;5;0m[HTTP][0m 
[38;5;0m[HTTP][0m [37m-->[39m [37mPOST[39m [37m/wd/hub/session/1ca0ad89-9ae0-4479-938d-53e1ba0f822a/timeouts[39m
[38;5;0m[HTTP][0m {"implicit":50}
[38;5;0m[HTTP][0m <-- POST /wd/hub/session/1ca0ad89-9ae0-4479-938d-53e1ba0f822a/timeouts 200 1 ms - 14
[38;5;0m[HTTP][0m 
[38;5;0m[HTTP][0m [37m-->[39m [37mGET[39m [37m/wd/hub/session/1ca0ad89-9ae0-4479-938d-53e1ba0f822a/window/rect[39m
[38;5;0m[HTTP][0m {}
[38;5;0m[HTTP][0m <-- GET /wd/hub/session/1ca0ad89-9ae0-4479-938d-53e1ba0f822a/window/rect 200 12 ms - 50
[38;5;0m[HTTP][0m 
[38;5;0m[HTTP][0m [37m-->[39m [37mPOST[39m [37m/wd/hub/session/1ca0ad89-9ae0-4479-938d-53e1ba0f822a/elements[39m
[38;5;0m[HTTP][0m {"using":"xpath","value":"//*[@class = 'android.widget.TextView' and (@text = 'SIGN IN' or . = 'SIGN IN')]"}
[38;5;0m[HTTP][0m <-- POST /wd/hub/session/1ca0ad89-9ae0-4479-938d-53e1ba0f822a/elements 200 682 ms - 139
[38;5;0m[HTTP][0m 
[38;5;0m[HTTP][0m [37m-->[39m [37mGET[39m [37m/wd/hub/session/1ca0ad89-9ae0-4479-938d-53e1ba0f822a/element/00000000-0000-01da-ffff-ffff00000023/location[39m
[38;5;0m[HTTP][0m {}
[38;5;48m[AndroidUiautomator2Driver@a34d (1ca0ad89)][0m Driver proxy active, passing request on via HTTP proxy
[38;5;48m[AndroidUiautomator2Driver@a34d (1ca0ad89)][0m Replacing sessionId f5ba1f1d-6f70-43d2-a2a8-0a18d543a5da with 1ca0ad89-9ae0-4479-938d-53e1ba0f822a
[38;5;0m[HTTP][0m <-- GET /wd/hub/session/1ca0ad89-9ae0-4479-938d-53e1ba0f822a/element/00000000-0000-01da-ffff-ffff00000023/location 200 12 ms - 79
[38;5;0m[HTTP][0m 
[38;5;0m[HTTP][0m [37m-->[39m [37mPOST[39m [37m/wd/hub/session/1ca0ad89-9ae0-4479-938d-53e1ba0f822a/timeouts[39m
[38;5;0m[HTTP][0m {"implicit":30000}
[38;5;0m[HTTP][0m <-- POST /wd/hub/session/1ca0ad89-9ae0-4479-938d-53e1ba0f822a/timeouts 200 0 ms - 14
[38;5;0m[HTTP][0m 
[38;5;0m[HTTP][0m [37m-->[39m [37mPOST[39m [37m/wd/hub/session/1ca0ad89-9ae0-4479-938d-53e1ba0f822a/element/00000000-0000-01da-ffff-ffff00000023/click[39m
[38;5;0m[HTTP][0m {"id":"00000000-0000-01da-ffff-ffff00000023"}
[38;5;0m[HTTP][0m <-- POST /wd/hub/session/1ca0ad89-9ae0-4479-938d-53e1ba0f822a/element/00000000-0000-01da-ffff-ffff00000023/click 200 54 ms - 14
[38;5;0m[HTTP][0m 
[38;5;0m[HTTP][0m [37m-->[39m [37mPOST[39m [37m/wd/hub/session/1ca0ad89-9ae0-4479-938d-53e1ba0f822a/timeouts[39m
[38;5;0m[HTTP][0m {"implicit":50}
[38;5;0m[HTTP][0m <-- POST /wd/hub/session/1ca0ad89-9ae0-4479-938d-53e1ba0f822a/timeouts 200 0 ms - 14
[38;5;0m[HTTP][0m 
[38;5;0m[HTTP][0m [37m-->[39m [37mGET[39m [37m/wd/hub/session/1ca0ad89-9ae0-4479-938d-53e1ba0f822a/window/rect[39m
[38;5;0m[HTTP][0m {}
[38;5;0m[HTTP][0m <-- GET /wd/hub/session/1ca0ad89-9ae0-4479-938d-53e1ba0f822a/window/rect 200 21 ms - 50
[38;5;0m[HTTP][0m 
[38;5;0m[HTTP][0m [37m-->[39m [37mPOST[39m [37m/wd/hub/session/1ca0ad89-9ae0-4479-938d-53e1ba0f822a/elements[39m
[38;5;0m[HTTP][0m {"using":"xpath","value":"//*[@class = 'android.widget.TextView' and (@text = 'Katalon' or . = 'Katalon')]"}
[38;5;0m[HTTP][0m <-- POST /wd/hub/session/1ca0ad89-9ae0-4479-938d-53e1ba0f822a/elements 200 89 ms - 12
[38;5;0m[HTTP][0m 
[38;5;0m[HTTP][0m [37m-->[39m [37mPOST[39m [37m/wd/hub/session/1ca0ad89-9ae0-4479-938d-53e1ba0f822a/elements[39m
[38;5;0m[HTTP][0m {"using":"xpath","value":"//*[@class = 'android.widget.TextView' and (@text = 'Katalon' or . = 'Katalon')]"}
[38;5;0m[HTTP][0m <-- POST /wd/hub/session/1ca0ad89-9ae0-4479-938d-53e1ba0f822a/elements 200 1619 ms - 139
[38;5;0m[HTTP][0m 
[38;5;0m[HTTP][0m [37m-->[39m [37mGET[39m [37m/wd/hub/session/1ca0ad89-9ae0-4479-938d-53e1ba0f822a/element/00000000-0000-01dd-ffff-ffff00000056/location[39m
[38;5;0m[HTTP][0m {}
[38;5;48m[AndroidUiautomator2Driver@a34d (1ca0ad89)][0m Driver proxy active, passing request on via HTTP proxy
[38;5;48m[AndroidUiautomator2Driver@a34d (1ca0ad89)][0m Replacing sessionId f5ba1f1d-6f70-43d2-a2a8-0a18d543a5da with 1ca0ad89-9ae0-4479-938d-53e1ba0f822a
[38;5;0m[HTTP][0m <-- GET /wd/hub/session/1ca0ad89-9ae0-4479-938d-53e1ba0f822a/element/00000000-0000-01dd-ffff-ffff00000056/location 200 13 ms - 79
[38;5;0m[HTTP][0m 
[38;5;0m[HTTP][0m [37m-->[39m [37mPOST[39m [37m/wd/hub/session/1ca0ad89-9ae0-4479-938d-53e1ba0f822a/timeouts[39m
[38;5;0m[HTTP][0m {"implicit":30000}
[38;5;0m[HTTP][0m <-- POST /wd/hub/session/1ca0ad89-9ae0-4479-938d-53e1ba0f822a/timeouts 200 1 ms - 14
[38;5;0m[HTTP][0m 
[38;5;0m[HTTP][0m [37m-->[39m [37mPOST[39m [37m/wd/hub/session/1ca0ad89-9ae0-4479-938d-53e1ba0f822a/element/00000000-0000-01dd-ffff-ffff00000056/click[39m
[38;5;0m[HTTP][0m {"id":"00000000-0000-01dd-ffff-ffff00000056"}
[38;5;0m[HTTP][0m <-- POST /wd/hub/session/1ca0ad89-9ae0-4479-938d-53e1ba0f822a/element/00000000-0000-01dd-ffff-ffff00000056/click 200 51 ms - 14
[38;5;0m[HTTP][0m 
[38;5;0m[HTTP][0m [37m-->[39m [37mPOST[39m [37m/wd/hub/session/1ca0ad89-9ae0-4479-938d-53e1ba0f822a/timeouts[39m
[38;5;0m[HTTP][0m {"implicit":50}
[38;5;0m[HTTP][0m <-- POST /wd/hub/session/1ca0ad89-9ae0-4479-938d-53e1ba0f822a/timeouts 200 1 ms - 14
[38;5;0m[HTTP][0m 
[38;5;0m[HTTP][0m [37m-->[39m [37mGET[39m [37m/wd/hub/session/1ca0ad89-9ae0-4479-938d-53e1ba0f822a/window/rect[39m
[38;5;0m[HTTP][0m {}
[38;5;0m[HTTP][0m <-- GET /wd/hub/session/1ca0ad89-9ae0-4479-938d-53e1ba0f822a/window/rect 200 14 ms - 50
[38;5;0m[HTTP][0m 
[38;5;0m[HTTP][0m [37m-->[39m [37mPOST[39m [37m/wd/hub/session/1ca0ad89-9ae0-4479-938d-53e1ba0f822a/elements[39m
[38;5;0m[HTTP][0m {"using":"xpath","value":"//*[@class = 'android.widget.TextView' and (@text = 'Patient Directory' or . = 'Patient Directory')]"}
[38;5;0m[HTTP][0m <-- POST /wd/hub/session/1ca0ad89-9ae0-4479-938d-53e1ba0f822a/elements 200 94 ms - 12
[38;5;0m[HTTP][0m 
[38;5;0m[HTTP][0m [37m-->[39m [37mPOST[39m [37m/wd/hub/session/1ca0ad89-9ae0-4479-938d-53e1ba0f822a/elements[39m
[38;5;0m[HTTP][0m {"using":"xpath","value":"//*[@class = 'android.widget.TextView' and (@text = 'Patient Directory' or . = 'Patient Directory')]"}
[38;5;0m[HTTP][0m <-- POST /wd/hub/session/1ca0ad89-9ae0-4479-938d-53e1ba0f822a/elements 200 52 ms - 12
[38;5;0m[HTTP][0m 
[38;5;0m[HTTP][0m [37m-->[39m [37mPOST[39m [37m/wd/hub/session/1ca0ad89-9ae0-4479-938d-53e1ba0f822a/elements[39m
[38;5;0m[HTTP][0m {"using":"xpath","value":"//*[@class = 'android.widget.TextView' and (@text = 'Patient Directory' or . = 'Patient Directory')]"}
[38;5;0m[HTTP][0m <-- POST /wd/hub/session/1ca0ad89-9ae0-4479-938d-53e1ba0f822a/elements 200 94 ms - 12
[38;5;0m[HTTP][0m 
[38;5;0m[HTTP][0m [37m-->[39m [37mPOST[39m [37m/wd/hub/session/1ca0ad89-9ae0-4479-938d-53e1ba0f822a/elements[39m
[38;5;0m[HTTP][0m {"using":"xpath","value":"//*[@class = 'android.widget.TextView' and (@text = 'Patient Directory' or . = 'Patient Directory')]"}
[38;5;0m[HTTP][0m <-- POST /wd/hub/session/1ca0ad89-9ae0-4479-938d-53e1ba0f822a/elements 200 95 ms - 12
[38;5;0m[HTTP][0m 
[38;5;0m[HTTP][0m [37m-->[39m [37mPOST[39m [37m/wd/hub/session/1ca0ad89-9ae0-4479-938d-53e1ba0f822a/elements[39m
[38;5;0m[HTTP][0m {"using":"xpath","value":"//*[@class = 'android.widget.TextView' and (@text = 'Patient Directory' or . = 'Patient Directory')]"}
[38;5;0m[HTTP][0m <-- POST /wd/hub/session/1ca0ad89-9ae0-4479-938d-53e1ba0f822a/elements 200 55 ms - 12
[38;5;0m[HTTP][0m 
[38;5;0m[HTTP][0m [37m-->[39m [37mPOST[39m [37m/wd/hub/session/1ca0ad89-9ae0-4479-938d-53e1ba0f822a/elements[39m
[38;5;0m[HTTP][0m {"using":"xpath","value":"//*[@class = 'android.widget.TextView' and (@text = 'Patient Directory' or . = 'Patient Directory')]"}
[38;5;0m[HTTP][0m <-- POST /wd/hub/session/1ca0ad89-9ae0-4479-938d-53e1ba0f822a/elements 200 52 ms - 12
[38;5;0m[HTTP][0m 
[38;5;0m[HTTP][0m [37m-->[39m [37mPOST[39m [37m/wd/hub/session/1ca0ad89-9ae0-4479-938d-53e1ba0f822a/elements[39m
[38;5;0m[HTTP][0m {"using":"xpath","value":"//*[@class = 'android.widget.TextView' and (@text = 'Patient Directory' or . = 'Patient Directory')]"}
[38;5;0m[HTTP][0m <-- POST /wd/hub/session/1ca0ad89-9ae0-4479-938d-53e1ba0f822a/elements 200 127 ms - 12
[38;5;0m[HTTP][0m 
[38;5;0m[HTTP][0m [37m-->[39m [37mPOST[39m [37m/wd/hub/session/1ca0ad89-9ae0-4479-938d-53e1ba0f822a/elements[39m
[38;5;0m[HTTP][0m {"using":"xpath","value":"//*[@class = 'android.widget.TextView' and (@text = 'Patient Directory' or . = 'Patient Directory')]"}
[38;5;0m[HTTP][0m <-- POST /wd/hub/session/1ca0ad89-9ae0-4479-938d-53e1ba0f822a/elements 200 641 ms - 12
[38;5;0m[HTTP][0m 
[38;5;0m[HTTP][0m [37m-->[39m [37mPOST[39m [37m/wd/hub/session/1ca0ad89-9ae0-4479-938d-53e1ba0f822a/elements[39m
[38;5;0m[HTTP][0m {"using":"xpath","value":"//*[@class = 'android.widget.TextView' and (@text = 'Patient Directory' or . = 'Patient Directory')]"}
[38;5;0m[HTTP][0m <-- POST /wd/hub/session/1ca0ad89-9ae0-4479-938d-53e1ba0f822a/elements 200 91 ms - 12
[38;5;0m[HTTP][0m 
[38;5;0m[HTTP][0m [37m-->[39m [37mPOST[39m [37m/wd/hub/session/1ca0ad89-9ae0-4479-938d-53e1ba0f822a/elements[39m
[38;5;0m[HTTP][0m {"using":"xpath","value":"//*[@class = 'android.widget.TextView' and (@text = 'Patient Directory' or . = 'Patient Directory')]"}
[38;5;0m[HTTP][0m <-- POST /wd/hub/session/1ca0ad89-9ae0-4479-938d-53e1ba0f822a/elements 200 95 ms - 12
[38;5;0m[HTTP][0m 
[38;5;0m[HTTP][0m [37m-->[39m [37mPOST[39m [37m/wd/hub/session/1ca0ad89-9ae0-4479-938d-53e1ba0f822a/elements[39m
[38;5;0m[HTTP][0m {"using":"xpath","value":"//*[@class = 'android.widget.TextView' and (@text = 'Patient Directory' or . = 'Patient Directory')]"}
[38;5;0m[HTTP][0m <-- POST /wd/hub/session/1ca0ad89-9ae0-4479-938d-53e1ba0f822a/elements 200 87 ms - 12
[38;5;0m[HTTP][0m 
[38;5;0m[HTTP][0m [37m-->[39m [37mPOST[39m [37m/wd/hub/session/1ca0ad89-9ae0-4479-938d-53e1ba0f822a/elements[39m
[38;5;0m[HTTP][0m {"using":"xpath","value":"//*[@class = 'android.widget.TextView' and (@text = 'Patient Directory' or . = 'Patient Directory')]"}
[38;5;0m[HTTP][0m <-- POST /wd/hub/session/1ca0ad89-9ae0-4479-938d-53e1ba0f822a/elements 200 84 ms - 12
[38;5;0m[HTTP][0m 
[38;5;0m[HTTP][0m [37m-->[39m [37mPOST[39m [37m/wd/hub/session/1ca0ad89-9ae0-4479-938d-53e1ba0f822a/elements[39m
[38;5;0m[HTTP][0m {"using":"xpath","value":"//*[@class = 'android.widget.TextView' and (@text = 'Patient Directory' or . = 'Patient Directory')]"}
[38;5;0m[HTTP][0m <-- POST /wd/hub/session/1ca0ad89-9ae0-4479-938d-53e1ba0f822a/elements 200 95 ms - 12
[38;5;0m[HTTP][0m 
[38;5;0m[HTTP][0m [37m-->[39m [37mPOST[39m [37m/wd/hub/session/1ca0ad89-9ae0-4479-938d-53e1ba0f822a/elements[39m
[38;5;0m[HTTP][0m {"using":"xpath","value":"//*[@class = 'android.widget.TextView' and (@text = 'Patient Directory' or . = 'Patient Directory')]"}
[38;5;0m[HTTP][0m <-- POST /wd/hub/session/1ca0ad89-9ae0-4479-938d-53e1ba0f822a/elements 200 86 ms - 12
[38;5;0m[HTTP][0m 
[38;5;0m[HTTP][0m [37m-->[39m [37mPOST[39m [37m/wd/hub/session/1ca0ad89-9ae0-4479-938d-53e1ba0f822a/elements[39m
[38;5;0m[HTTP][0m {"using":"xpath","value":"//*[@class = 'android.widget.TextView' and (@text = 'Patient Directory' or . = 'Patient Directory')]"}
[38;5;0m[HTTP][0m <-- POST /wd/hub/session/1ca0ad89-9ae0-4479-938d-53e1ba0f822a/elements 200 81 ms - 12
[38;5;0m[HTTP][0m 
[38;5;0m[HTTP][0m [37m-->[39m [37mPOST[39m [37m/wd/hub/session/1ca0ad89-9ae0-4479-938d-53e1ba0f822a/elements[39m
[38;5;0m[HTTP][0m {"using":"xpath","value":"//*[@class = 'android.widget.TextView' and (@text = 'Patient Directory' or . = 'Patient Directory')]"}
[38;5;0m[HTTP][0m <-- POST /wd/hub/session/1ca0ad89-9ae0-4479-938d-53e1ba0f822a/elements 200 87 ms - 12
[38;5;0m[HTTP][0m 
[38;5;0m[HTTP][0m [37m-->[39m [37mPOST[39m [37m/wd/hub/session/1ca0ad89-9ae0-4479-938d-53e1ba0f822a/elements[39m
[38;5;0m[HTTP][0m {"using":"xpath","value":"//*[@class = 'android.widget.TextView' and (@text = 'Patient Directory' or . = 'Patient Directory')]"}
[38;5;0m[HTTP][0m <-- POST /wd/hub/session/1ca0ad89-9ae0-4479-938d-53e1ba0f822a/elements 200 86 ms - 12
[38;5;0m[HTTP][0m 
[38;5;0m[HTTP][0m [37m-->[39m [37mPOST[39m [37m/wd/hub/session/1ca0ad89-9ae0-4479-938d-53e1ba0f822a/elements[39m
[38;5;0m[HTTP][0m {"using":"xpath","value":"//*[@class = 'android.widget.TextView' and (@text = 'Patient Directory' or . = 'Patient Directory')]"}
[38;5;0m[HTTP][0m <-- POST /wd/hub/session/1ca0ad89-9ae0-4479-938d-53e1ba0f822a/elements 200 93 ms - 12
[38;5;0m[HTTP][0m 
[38;5;0m[HTTP][0m [37m-->[39m [37mPOST[39m [37m/wd/hub/session/1ca0ad89-9ae0-4479-938d-53e1ba0f822a/elements[39m
[38;5;0m[HTTP][0m {"using":"xpath","value":"//*[@class = 'android.widget.TextView' and (@text = 'Patient Directory' or . = 'Patient Directory')]"}
[38;5;0m[HTTP][0m <-- POST /wd/hub/session/1ca0ad89-9ae0-4479-938d-53e1ba0f822a/elements 200 96 ms - 12
[38;5;0m[HTTP][0m 
[38;5;0m[HTTP][0m [37m-->[39m [37mPOST[39m [37m/wd/hub/session/1ca0ad89-9ae0-4479-938d-53e1ba0f822a/elements[39m
[38;5;0m[HTTP][0m {"using":"xpath","value":"//*[@class = 'android.widget.TextView' and (@text = 'Patient Directory' or . = 'Patient Directory')]"}
[38;5;0m[HTTP][0m <-- POST /wd/hub/session/1ca0ad89-9ae0-4479-938d-53e1ba0f822a/elements 200 84 ms - 12
[38;5;0m[HTTP][0m 
[38;5;0m[HTTP][0m [37m-->[39m [37mPOST[39m [37m/wd/hub/session/1ca0ad89-9ae0-4479-938d-53e1ba0f822a/elements[39m
[38;5;0m[HTTP][0m {"using":"xpath","value":"//*[@class = 'android.widget.TextView' and (@text = 'Patient Directory' or . = 'Patient Directory')]"}
[38;5;0m[HTTP][0m <-- POST /wd/hub/session/1ca0ad89-9ae0-4479-938d-53e1ba0f822a/elements 200 81 ms - 12
[38;5;0m[HTTP][0m 
[38;5;0m[HTTP][0m [37m-->[39m [37mPOST[39m [37m/wd/hub/session/1ca0ad89-9ae0-4479-938d-53e1ba0f822a/elements[39m
[38;5;0m[HTTP][0m {"using":"xpath","value":"//*[@class = 'android.widget.TextView' and (@text = 'Patient Directory' or . = 'Patient Directory')]"}
[38;5;0m[HTTP][0m <-- POST /wd/hub/session/1ca0ad89-9ae0-4479-938d-53e1ba0f822a/elements 200 79 ms - 12
[38;5;0m[HTTP][0m 
[38;5;0m[HTTP][0m [37m-->[39m [37mPOST[39m [37m/wd/hub/session/1ca0ad89-9ae0-4479-938d-53e1ba0f822a/elements[39m
[38;5;0m[HTTP][0m {"using":"xpath","value":"//*[@class = 'android.widget.TextView' and (@text = 'Patient Directory' or . = 'Patient Directory')]"}
[38;5;0m[HTTP][0m <-- POST /wd/hub/session/1ca0ad89-9ae0-4479-938d-53e1ba0f822a/elements 200 82 ms - 12
[38;5;0m[HTTP][0m 
[38;5;0m[HTTP][0m [37m-->[39m [37mPOST[39m [37m/wd/hub/session/1ca0ad89-9ae0-4479-938d-53e1ba0f822a/elements[39m
[38;5;0m[HTTP][0m {"using":"xpath","value":"//*[@class = 'android.widget.TextView' and (@text = 'Patient Directory' or . = 'Patient Directory')]"}
[38;5;0m[HTTP][0m <-- POST /wd/hub/session/1ca0ad89-9ae0-4479-938d-53e1ba0f822a/elements 200 83 ms - 12
[38;5;0m[HTTP][0m 
[38;5;0m[HTTP][0m [37m-->[39m [37mPOST[39m [37m/wd/hub/session/1ca0ad89-9ae0-4479-938d-53e1ba0f822a/elements[39m
[38;5;0m[HTTP][0m {"using":"xpath","value":"//*[@class = 'android.widget.TextView' and (@text = 'Patient Directory' or . = 'Patient Directory')]"}
[38;5;0m[HTTP][0m <-- POST /wd/hub/session/1ca0ad89-9ae0-4479-938d-53e1ba0f822a/elements 200 86 ms - 12
[38;5;0m[HTTP][0m 
[38;5;0m[HTTP][0m [37m-->[39m [37mPOST[39m [37m/wd/hub/session/1ca0ad89-9ae0-4479-938d-53e1ba0f822a/elements[39m
[38;5;0m[HTTP][0m {"using":"xpath","value":"//*[@class = 'android.widget.TextView' and (@text = 'Patient Directory' or . = 'Patient Directory')]"}
[38;5;0m[HTTP][0m <-- POST /wd/hub/session/1ca0ad89-9ae0-4479-938d-53e1ba0f822a/elements 200 92 ms - 12
[38;5;0m[HTTP][0m 
[38;5;0m[HTTP][0m [37m-->[39m [37mPOST[39m [37m/wd/hub/session/1ca0ad89-9ae0-4479-938d-53e1ba0f822a/elements[39m
[38;5;0m[HTTP][0m {"using":"xpath","value":"//*[@class = 'android.widget.TextView' and (@text = 'Patient Directory' or . = 'Patient Directory')]"}
[38;5;0m[HTTP][0m <-- POST /wd/hub/session/1ca0ad89-9ae0-4479-938d-53e1ba0f822a/elements 200 83 ms - 12
[38;5;0m[HTTP][0m 
[38;5;0m[HTTP][0m [37m-->[39m [37mPOST[39m [37m/wd/hub/session/1ca0ad89-9ae0-4479-938d-53e1ba0f822a/elements[39m
[38;5;0m[HTTP][0m {"using":"xpath","value":"//*[@class = 'android.widget.TextView' and (@text = 'Patient Directory' or . = 'Patient Directory')]"}
[38;5;0m[HTTP][0m <-- POST /wd/hub/session/1ca0ad89-9ae0-4479-938d-53e1ba0f822a/elements 200 125 ms - 12
[38;5;0m[HTTP][0m 
[38;5;0m[HTTP][0m [37m-->[39m [37mPOST[39m [37m/wd/hub/session/1ca0ad89-9ae0-4479-938d-53e1ba0f822a/elements[39m
[38;5;0m[HTTP][0m {"using":"xpath","value":"//*[@class = 'android.widget.TextView' and (@text = 'Patient Directory' or . = 'Patient Directory')]"}
[38;5;0m[HTTP][0m <-- POST /wd/hub/session/1ca0ad89-9ae0-4479-938d-53e1ba0f822a/elements 200 955 ms - 139
[38;5;0m[HTTP][0m 
[38;5;0m[HTTP][0m [37m-->[39m [37mGET[39m [37m/wd/hub/session/1ca0ad89-9ae0-4479-938d-53e1ba0f822a/element/00000000-0000-01da-ffff-ffff000000a5/location[39m
[38;5;0m[HTTP][0m {}
[38;5;48m[AndroidUiautomator2Driver@a34d (1ca0ad89)][0m Driver proxy active, passing request on via HTTP proxy
[38;5;48m[AndroidUiautomator2Driver@a34d (1ca0ad89)][0m Replacing sessionId f5ba1f1d-6f70-43d2-a2a8-0a18d543a5da with 1ca0ad89-9ae0-4479-938d-53e1ba0f822a
[38;5;0m[HTTP][0m <-- GET /wd/hub/session/1ca0ad89-9ae0-4479-938d-53e1ba0f822a/element/00000000-0000-01da-ffff-ffff000000a5/location 200 11 ms - 78
[38;5;0m[HTTP][0m 
[38;5;0m[HTTP][0m [37m-->[39m [37mPOST[39m [37m/wd/hub/session/1ca0ad89-9ae0-4479-938d-53e1ba0f822a/timeouts[39m
[38;5;0m[HTTP][0m {"implicit":30000}
[38;5;0m[HTTP][0m <-- POST /wd/hub/session/1ca0ad89-9ae0-4479-938d-53e1ba0f822a/timeouts 200 0 ms - 14
[38;5;0m[HTTP][0m 
[38;5;0m[HTTP][0m [37m-->[39m [37mPOST[39m [37m/wd/hub/session/1ca0ad89-9ae0-4479-938d-53e1ba0f822a/timeouts[39m
[38;5;0m[HTTP][0m {"implicit":50}
[38;5;0m[HTTP][0m <-- POST /wd/hub/session/1ca0ad89-9ae0-4479-938d-53e1ba0f822a/timeouts 200 1 ms - 14
[38;5;0m[HTTP][0m 
[38;5;0m[HTTP][0m [37m-->[39m [37mGET[39m [37m/wd/hub/session/1ca0ad89-9ae0-4479-938d-53e1ba0f822a/window/rect[39m
[38;5;0m[HTTP][0m {}
[38;5;0m[HTTP][0m <-- GET /wd/hub/session/1ca0ad89-9ae0-4479-938d-53e1ba0f822a/window/rect 200 9 ms - 50
[38;5;0m[HTTP][0m 
[38;5;0m[HTTP][0m [37m-->[39m [37mPOST[39m [37m/wd/hub/session/1ca0ad89-9ae0-4479-938d-53e1ba0f822a/elements[39m
[38;5;0m[HTTP][0m {"using":"xpath","value":"//*[@class = 'android.widget.EditText' and (@text = 'Search by Name, Patient ID' or . = 'Search by Name, Patient ID')]"}
[38;5;0m[HTTP][0m <-- POST /wd/hub/session/1ca0ad89-9ae0-4479-938d-53e1ba0f822a/elements 200 221 ms - 139
[38;5;0m[HTTP][0m 
[38;5;0m[HTTP][0m [37m-->[39m [37mGET[39m [37m/wd/hub/session/1ca0ad89-9ae0-4479-938d-53e1ba0f822a/element/00000000-0000-01da-ffff-ffff000000ac/location[39m
[38;5;0m[HTTP][0m {}
[38;5;48m[AndroidUiautomator2Driver@a34d (1ca0ad89)][0m Driver proxy active, passing request on via HTTP proxy
[38;5;48m[AndroidUiautomator2Driver@a34d (1ca0ad89)][0m Replacing sessionId f5ba1f1d-6f70-43d2-a2a8-0a18d543a5da with 1ca0ad89-9ae0-4479-938d-53e1ba0f822a
[38;5;0m[HTTP][0m <-- GET /wd/hub/session/1ca0ad89-9ae0-4479-938d-53e1ba0f822a/element/00000000-0000-01da-ffff-ffff000000ac/location 200 10 ms - 78
[38;5;0m[HTTP][0m 
[38;5;0m[HTTP][0m [37m-->[39m [37mPOST[39m [37m/wd/hub/session/1ca0ad89-9ae0-4479-938d-53e1ba0f822a/timeouts[39m
[38;5;0m[HTTP][0m {"implicit":30000}
[38;5;0m[HTTP][0m <-- POST /wd/hub/session/1ca0ad89-9ae0-4479-938d-53e1ba0f822a/timeouts 200 0 ms - 14
[38;5;0m[HTTP][0m 
[38;5;0m[HTTP][0m [37m-->[39m [37mPOST[39m [37m/wd/hub/session/1ca0ad89-9ae0-4479-938d-53e1ba0f822a/element/00000000-0000-01da-ffff-ffff000000ac/clear[39m
[38;5;0m[HTTP][0m {"id":"00000000-0000-01da-ffff-ffff000000ac"}
[38;5;0m[HTTP][0m <-- POST /wd/hub/session/1ca0ad89-9ae0-4479-938d-53e1ba0f822a/element/00000000-0000-01da-ffff-ffff000000ac/clear 200 15 ms - 14
[38;5;0m[HTTP][0m 
[38;5;0m[HTTP][0m [37m-->[39m [37mPOST[39m [37m/wd/hub/session/1ca0ad89-9ae0-4479-938d-53e1ba0f822a/element/00000000-0000-01da-ffff-ffff000000ac/click[39m
[38;5;0m[HTTP][0m {"id":"00000000-0000-01da-ffff-ffff000000ac"}
[38;5;0m[HTTP][0m <-- POST /wd/hub/session/1ca0ad89-9ae0-4479-938d-53e1ba0f822a/element/00000000-0000-01da-ffff-ffff000000ac/click 200 1305 ms - 14
[38;5;0m[HTTP][0m 
[38;5;0m[HTTP][0m [37m-->[39m [37mPOST[39m [37m/wd/hub/session/1ca0ad89-9ae0-4479-938d-53e1ba0f822a/element/00000000-0000-01da-ffff-ffff000000ac/value[39m
[38;5;0m[HTTP][0m {"id":"00000000-0000-01da-ffff-ffff000000ac","text":"987","value":["9","8","7"]}
[38;5;0m[HTTP][0m <-- POST /wd/hub/session/1ca0ad89-9ae0-4479-938d-53e1ba0f822a/element/00000000-0000-01da-ffff-ffff000000ac/value 200 701 ms - 14
[38;5;0m[HTTP][0m 
[38;5;0m[HTTP][0m [37m-->[39m [37mPOST[39m [37m/wd/hub/session/1ca0ad89-9ae0-4479-938d-53e1ba0f822a/timeouts[39m
[38;5;0m[HTTP][0m {"implicit":50}
[38;5;0m[HTTP][0m <-- POST /wd/hub/session/1ca0ad89-9ae0-4479-938d-53e1ba0f822a/timeouts 200 1 ms - 14
[38;5;0m[HTTP][0m 
[38;5;0m[HTTP][0m [37m-->[39m [37mGET[39m [37m/wd/hub/session/1ca0ad89-9ae0-4479-938d-53e1ba0f822a/window/rect[39m
[38;5;0m[HTTP][0m {}
[38;5;0m[HTTP][0m <-- GET /wd/hub/session/1ca0ad89-9ae0-4479-938d-53e1ba0f822a/window/rect 200 7 ms - 50
[38;5;0m[HTTP][0m 
[38;5;0m[HTTP][0m [37m-->[39m [37mPOST[39m [37m/wd/hub/session/1ca0ad89-9ae0-4479-938d-53e1ba0f822a/elements[39m
[38;5;0m[HTTP][0m {"using":"xpath","value":"//hierarchy/android.widget.FrameLayout[1]/android.widget.LinearLayout[1]/android.widget.FrameLayout[1]/android.widget.LinearLayout[1]/android.widget.FrameLayout[1]/android.widget.FrameLayout[1]/android.view.ViewGroup[1]/android.view.ViewGroup[1]/android.view.ViewGroup[1]/android.widget.FrameLayout[1]/android.view.ViewGroup[1]/android.view.ViewGroup[1]/android.view.ViewGroup[1]/android.view.ViewGroup[1]/android.widget.FrameLayout[1]/android.view.ViewGroup[1]/android.view.ViewGroup[1]/android.view.ViewGroup[1]/android.view.ViewGroup[4]/android.view.ViewGroup[1]"}
[38;5;0m[HTTP][0m <-- POST /wd/hub/session/1ca0ad89-9ae0-4479-938d-53e1ba0f822a/elements 200 897 ms - 139
[38;5;0m[HTTP][0m 
[38;5;0m[HTTP][0m [37m-->[39m [37mGET[39m [37m/wd/hub/session/1ca0ad89-9ae0-4479-938d-53e1ba0f822a/element/00000000-0000-01da-ffff-ffff00000113/location[39m
[38;5;0m[HTTP][0m {}
[38;5;48m[AndroidUiautomator2Driver@a34d (1ca0ad89)][0m Driver proxy active, passing request on via HTTP proxy
[38;5;48m[AndroidUiautomator2Driver@a34d (1ca0ad89)][0m Replacing sessionId f5ba1f1d-6f70-43d2-a2a8-0a18d543a5da with 1ca0ad89-9ae0-4479-938d-53e1ba0f822a
[38;5;0m[HTTP][0m <-- GET /wd/hub/session/1ca0ad89-9ae0-4479-938d-53e1ba0f822a/element/00000000-0000-01da-ffff-ffff00000113/location 200 14 ms - 77
[38;5;0m[HTTP][0m 
[38;5;0m[HTTP][0m [37m-->[39m [37mPOST[39m [37m/wd/hub/session/1ca0ad89-9ae0-4479-938d-53e1ba0f822a/timeouts[39m
[38;5;0m[HTTP][0m {"implicit":30000}
[38;5;0m[HTTP][0m <-- POST /wd/hub/session/1ca0ad89-9ae0-4479-938d-53e1ba0f822a/timeouts 200 0 ms - 14
[38;5;0m[HTTP][0m 
[38;5;0m[HTTP][0m [37m-->[39m [37mPOST[39m [37m/wd/hub/session/1ca0ad89-9ae0-4479-938d-53e1ba0f822a/element/00000000-0000-01da-ffff-ffff00000113/click[39m
[38;5;0m[HTTP][0m {"id":"00000000-0000-01da-ffff-ffff00000113"}
[38;5;0m[HTTP][0m <-- POST /wd/hub/session/1ca0ad89-9ae0-4479-938d-53e1ba0f822a/element/00000000-0000-01da-ffff-ffff00000113/click 200 47 ms - 14
[38;5;0m[HTTP][0m 
[38;5;0m[HTTP][0m [37m-->[39m [37mPOST[39m [37m/wd/hub/session/1ca0ad89-9ae0-4479-938d-53e1ba0f822a/timeouts[39m
[38;5;0m[HTTP][0m {"implicit":50}
[38;5;0m[HTTP][0m <-- POST /wd/hub/session/1ca0ad89-9ae0-4479-938d-53e1ba0f822a/timeouts 200 0 ms - 14
[38;5;0m[HTTP][0m 
[38;5;0m[HTTP][0m [37m-->[39m [37mGET[39m [37m/wd/hub/session/1ca0ad89-9ae0-4479-938d-53e1ba0f822a/window/rect[39m
[38;5;0m[HTTP][0m {}
[38;5;0m[HTTP][0m <-- GET /wd/hub/session/1ca0ad89-9ae0-4479-938d-53e1ba0f822a/window/rect 200 7 ms - 50
[38;5;0m[HTTP][0m 
[38;5;0m[HTTP][0m [37m-->[39m [37mPOST[39m [37m/wd/hub/session/1ca0ad89-9ae0-4479-938d-53e1ba0f822a/elements[39m
[38;5;0m[HTTP][0m {"using":"xpath","value":"//hierarchy/android.widget.FrameLayout[1]/android.widget.LinearLayout[1]/android.widget.FrameLayout[1]/android.widget.LinearLayout[1]/android.widget.FrameLayout[1]/android.widget.FrameLayout[1]/android.view.ViewGroup[1]/android.view.ViewGroup[1]/android.view.ViewGroup[1]/android.widget.FrameLayout[1]/android.view.ViewGroup[1]/android.view.ViewGroup[1]/android.view.ViewGroup[1]/android.view.ViewGroup[1]/android.widget.FrameLayout[2]/android.view.ViewGroup[1]/android.view.ViewGroup[1]/android.view.ViewGroup[1]/android.widget.ScrollView[1]/android.view.ViewGroup[1]/android.view.ViewGroup[1]/android.widget.TextView[1]"}
[38;5;0m[HTTP][0m <-- POST /wd/hub/session/1ca0ad89-9ae0-4479-938d-53e1ba0f822a/elements 200 143 ms - 12
[38;5;0m[HTTP][0m 
[38;5;0m[HTTP][0m [37m-->[39m [37mPOST[39m [37m/wd/hub/session/1ca0ad89-9ae0-4479-938d-53e1ba0f822a/elements[39m
[38;5;0m[HTTP][0m {"using":"xpath","value":"//hierarchy/android.widget.FrameLayout[1]/android.widget.LinearLayout[1]/android.widget.FrameLayout[1]/android.widget.LinearLayout[1]/android.widget.FrameLayout[1]/android.widget.FrameLayout[1]/android.view.ViewGroup[1]/android.view.ViewGroup[1]/android.view.ViewGroup[1]/android.widget.FrameLayout[1]/android.view.ViewGroup[1]/android.view.ViewGroup[1]/android.view.ViewGroup[1]/android.view.ViewGroup[1]/android.widget.FrameLayout[2]/android.view.ViewGroup[1]/android.view.ViewGroup[1]/android.view.ViewGroup[1]/android.widget.ScrollView[1]/android.view.ViewGroup[1]/android.view.ViewGroup[1]/android.widget.TextView[1]"}
[38;5;0m[HTTP][0m <-- POST /wd/hub/session/1ca0ad89-9ae0-4479-938d-53e1ba0f822a/elements 200 722 ms - 139
[38;5;0m[HTTP][0m 
[38;5;0m[HTTP][0m [37m-->[39m [37mGET[39m [37m/wd/hub/session/1ca0ad89-9ae0-4479-938d-53e1ba0f822a/element/00000000-0000-01da-ffff-ffff00000127/location[39m
[38;5;0m[HTTP][0m {}
[38;5;48m[AndroidUiautomator2Driver@a34d (1ca0ad89)][0m Driver proxy active, passing request on via HTTP proxy
[38;5;48m[AndroidUiautomator2Driver@a34d (1ca0ad89)][0m Replacing sessionId f5ba1f1d-6f70-43d2-a2a8-0a18d543a5da with 1ca0ad89-9ae0-4479-938d-53e1ba0f822a
[38;5;0m[HTTP][0m <-- GET /wd/hub/session/1ca0ad89-9ae0-4479-938d-53e1ba0f822a/element/00000000-0000-01da-ffff-ffff00000127/location 200 14 ms - 77
[38;5;0m[HTTP][0m 
[38;5;0m[HTTP][0m [37m-->[39m [37mPOST[39m [37m/wd/hub/session/1ca0ad89-9ae0-4479-938d-53e1ba0f822a/timeouts[39m
[38;5;0m[HTTP][0m {"implicit":30000}
[38;5;0m[HTTP][0m <-- POST /wd/hub/session/1ca0ad89-9ae0-4479-938d-53e1ba0f822a/timeouts 200 0 ms - 14
[38;5;0m[HTTP][0m 
[38;5;0m[HTTP][0m [37m-->[39m [37mPOST[39m [37m/wd/hub/session/1ca0ad89-9ae0-4479-938d-53e1ba0f822a/element/00000000-0000-01da-ffff-ffff00000127/click[39m
[38;5;0m[HTTP][0m {"id":"00000000-0000-01da-ffff-ffff00000127"}
[38;5;0m[HTTP][0m <-- POST /wd/hub/session/1ca0ad89-9ae0-4479-938d-53e1ba0f822a/element/00000000-0000-01da-ffff-ffff00000127/click 200 739 ms - 14
[38;5;0m[HTTP][0m 
[38;5;0m[HTTP][0m [37m-->[39m [37mPOST[39m [37m/wd/hub/session/1ca0ad89-9ae0-4479-938d-53e1ba0f822a/timeouts[39m
[38;5;0m[HTTP][0m {"implicit":50}
[38;5;0m[HTTP][0m <-- POST /wd/hub/session/1ca0ad89-9ae0-4479-938d-53e1ba0f822a/timeouts 200 0 ms - 14
[38;5;0m[HTTP][0m 
[38;5;0m[HTTP][0m [37m-->[39m [37mGET[39m [37m/wd/hub/session/1ca0ad89-9ae0-4479-938d-53e1ba0f822a/window/rect[39m
[38;5;0m[HTTP][0m {}
[38;5;0m[HTTP][0m <-- GET /wd/hub/session/1ca0ad89-9ae0-4479-938d-53e1ba0f822a/window/rect 200 13 ms - 50
[38;5;0m[HTTP][0m 
[38;5;0m[HTTP][0m [37m-->[39m [37mPOST[39m [37m/wd/hub/session/1ca0ad89-9ae0-4479-938d-53e1ba0f822a/elements[39m
[38;5;0m[HTTP][0m {"using":"xpath","value":"//hierarchy/android.widget.FrameLayout[1]/android.widget.LinearLayout[1]/android.widget.FrameLayout[1]/android.widget.LinearLayout[1]/android.widget.FrameLayout[1]/android.widget.FrameLayout[1]/android.view.ViewGroup[1]/android.view.ViewGroup[1]/android.view.ViewGroup[1]/android.widget.FrameLayout[1]/android.view.ViewGroup[1]/android.view.ViewGroup[1]/android.view.ViewGroup[1]/android.view.ViewGroup[1]/android.widget.FrameLayout[1]/android.view.ViewGroup[1]/android.view.ViewGroup[1]/android.view.ViewGroup[1]/android.view.ViewGroup[5]/android.widget.ScrollView[1]/android.view.ViewGroup[1]/android.view.ViewGroup[1]/android.view.ViewGroup[1]/android.view.ViewGroup[1]/android.view.ViewGroup[1]"}
[38;5;0m[HTTP][0m <-- POST /wd/hub/session/1ca0ad89-9ae0-4479-938d-53e1ba0f822a/elements 200 135 ms - 139
[38;5;0m[HTTP][0m 
[38;5;0m[HTTP][0m [37m-->[39m [37mGET[39m [37m/wd/hub/session/1ca0ad89-9ae0-4479-938d-53e1ba0f822a/element/00000000-0000-01da-ffff-ffff000000bf/location[39m
[38;5;0m[HTTP][0m {}
[38;5;48m[AndroidUiautomator2Driver@a34d (1ca0ad89)][0m Driver proxy active, passing request on via HTTP proxy
[38;5;48m[AndroidUiautomator2Driver@a34d (1ca0ad89)][0m Replacing sessionId f5ba1f1d-6f70-43d2-a2a8-0a18d543a5da with 1ca0ad89-9ae0-4479-938d-53e1ba0f822a
[38;5;0m[HTTP][0m <-- GET /wd/hub/session/1ca0ad89-9ae0-4479-938d-53e1ba0f822a/element/00000000-0000-01da-ffff-ffff000000bf/location 200 21 ms - 76
[38;5;0m[HTTP][0m 
[38;5;0m[HTTP][0m [37m-->[39m [37mPOST[39m [37m/wd/hub/session/1ca0ad89-9ae0-4479-938d-53e1ba0f822a/timeouts[39m
[38;5;0m[HTTP][0m {"implicit":30000}
[38;5;0m[HTTP][0m <-- POST /wd/hub/session/1ca0ad89-9ae0-4479-938d-53e1ba0f822a/timeouts 200 0 ms - 14
[38;5;0m[HTTP][0m 
[38;5;0m[HTTP][0m [37m-->[39m [37mPOST[39m [37m/wd/hub/session/1ca0ad89-9ae0-4479-938d-53e1ba0f822a/timeouts[39m
[38;5;0m[HTTP][0m {"implicit":50}
[38;5;0m[HTTP][0m <-- POST /wd/hub/session/1ca0ad89-9ae0-4479-938d-53e1ba0f822a/timeouts 200 0 ms - 14
[38;5;0m[HTTP][0m 
[38;5;0m[HTTP][0m [37m-->[39m [37mGET[39m [37m/wd/hub/session/1ca0ad89-9ae0-4479-938d-53e1ba0f822a/window/rect[39m
[38;5;0m[HTTP][0m {}
[38;5;0m[HTTP][0m <-- GET /wd/hub/session/1ca0ad89-9ae0-4479-938d-53e1ba0f822a/window/rect 200 14 ms - 50
[38;5;0m[HTTP][0m 
[38;5;0m[HTTP][0m [37m-->[39m [37mPOST[39m [37m/wd/hub/session/1ca0ad89-9ae0-4479-938d-53e1ba0f822a/elements[39m
[38;5;0m[HTTP][0m {"using":"xpath","value":"//hierarchy/android.widget.FrameLayout[1]/android.widget.LinearLayout[1]/android.widget.FrameLayout[1]/android.widget.LinearLayout[1]/android.widget.FrameLayout[1]/android.widget.FrameLayout[1]/android.view.ViewGroup[1]/android.view.ViewGroup[1]/android.view.ViewGroup[1]/android.widget.FrameLayout[1]/android.view.ViewGroup[1]/android.view.ViewGroup[1]/android.view.ViewGroup[1]/android.view.ViewGroup[1]/android.widget.FrameLayout[1]/android.view.ViewGroup[1]/android.view.ViewGroup[1]/android.view.ViewGroup[1]/android.view.ViewGroup[5]/android.widget.ScrollView[1]/android.view.ViewGroup[1]/android.view.ViewGroup[1]/android.view.ViewGroup[1]/android.view.ViewGroup[1]/android.view.ViewGroup[1]"}
[38;5;0m[HTTP][0m <-- POST /wd/hub/session/1ca0ad89-9ae0-4479-938d-53e1ba0f822a/elements 200 111 ms - 139
[38;5;0m[HTTP][0m 
[38;5;0m[HTTP][0m [37m-->[39m [37mGET[39m [37m/wd/hub/session/1ca0ad89-9ae0-4479-938d-53e1ba0f822a/element/00000000-0000-01da-ffff-ffff000000bf/location[39m
[38;5;0m[HTTP][0m {}
[38;5;48m[AndroidUiautomator2Driver@a34d (1ca0ad89)][0m Driver proxy active, passing request on via HTTP proxy
[38;5;48m[AndroidUiautomator2Driver@a34d (1ca0ad89)][0m Replacing sessionId f5ba1f1d-6f70-43d2-a2a8-0a18d543a5da with 1ca0ad89-9ae0-4479-938d-53e1ba0f822a
[38;5;0m[HTTP][0m <-- GET /wd/hub/session/1ca0ad89-9ae0-4479-938d-53e1ba0f822a/element/00000000-0000-01da-ffff-ffff000000bf/location 200 18 ms - 76
[38;5;0m[HTTP][0m 
[38;5;0m[HTTP][0m [37m-->[39m [37mPOST[39m [37m/wd/hub/session/1ca0ad89-9ae0-4479-938d-53e1ba0f822a/timeouts[39m
[38;5;0m[HTTP][0m {"implicit":30000}
[38;5;0m[HTTP][0m <-- POST /wd/hub/session/1ca0ad89-9ae0-4479-938d-53e1ba0f822a/timeouts 200 1 ms - 14
[38;5;0m[HTTP][0m 
[38;5;0m[HTTP][0m [37m-->[39m [37mPOST[39m [37m/wd/hub/session/1ca0ad89-9ae0-4479-938d-53e1ba0f822a/element/00000000-0000-01da-ffff-ffff000000bf/click[39m
[38;5;0m[HTTP][0m {"id":"00000000-0000-01da-ffff-ffff000000bf"}
[38;5;0m[HTTP][0m <-- POST /wd/hub/session/1ca0ad89-9ae0-4479-938d-53e1ba0f822a/element/00000000-0000-01da-ffff-ffff000000bf/click 200 67 ms - 14
[38;5;0m[HTTP][0m 
[38;5;0m[HTTP][0m [37m-->[39m [37mPOST[39m [37m/wd/hub/session/1ca0ad89-9ae0-4479-938d-53e1ba0f822a/timeouts[39m
[38;5;0m[HTTP][0m {"implicit":50}
[38;5;0m[HTTP][0m <-- POST /wd/hub/session/1ca0ad89-9ae0-4479-938d-53e1ba0f822a/timeouts 200 0 ms - 14
[38;5;0m[HTTP][0m 
[38;5;0m[HTTP][0m [37m-->[39m [37mGET[39m [37m/wd/hub/session/1ca0ad89-9ae0-4479-938d-53e1ba0f822a/window/rect[39m
[38;5;0m[HTTP][0m {}
[38;5;0m[HTTP][0m <-- GET /wd/hub/session/1ca0ad89-9ae0-4479-938d-53e1ba0f822a/window/rect 200 11 ms - 50
[38;5;0m[HTTP][0m 
[38;5;0m[HTTP][0m [37m-->[39m [37mPOST[39m [37m/wd/hub/session/1ca0ad89-9ae0-4479-938d-53e1ba0f822a/elements[39m
[38;5;0m[HTTP][0m {"using":"xpath","value":"//hierarchy/android.widget.FrameLayout[1]/android.widget.LinearLayout[1]/android.widget.FrameLayout[1]/android.widget.LinearLayout[1]/android.widget.FrameLayout[1]/android.widget.FrameLayout[1]/android.view.ViewGroup[1]/android.view.ViewGroup[1]/android.view.ViewGroup[1]/android.widget.FrameLayout[1]/android.view.ViewGroup[1]/android.view.ViewGroup[1]/android.view.ViewGroup[1]/android.view.ViewGroup[1]/android.widget.FrameLayout[2]/android.view.ViewGroup[1]/android.view.ViewGroup[1]/android.view.ViewGroup[1]/android.view.ViewGroup[1]/android.view.ViewGroup[1]/android.view.ViewGroup[4]/android.widget.ImageView[1]"}
[38;5;0m[HTTP][0m <-- POST /wd/hub/session/1ca0ad89-9ae0-4479-938d-53e1ba0f822a/elements 200 118 ms - 12
[38;5;0m[HTTP][0m 
[38;5;0m[HTTP][0m [37m-->[39m [37mPOST[39m [37m/wd/hub/session/1ca0ad89-9ae0-4479-938d-53e1ba0f822a/elements[39m
[38;5;0m[HTTP][0m {"using":"xpath","value":"//hierarchy/android.widget.FrameLayout[1]/android.widget.LinearLayout[1]/android.widget.FrameLayout[1]/android.widget.LinearLayout[1]/android.widget.FrameLayout[1]/android.widget.FrameLayout[1]/android.view.ViewGroup[1]/android.view.ViewGroup[1]/android.view.ViewGroup[1]/android.widget.FrameLayout[1]/android.view.ViewGroup[1]/android.view.ViewGroup[1]/android.view.ViewGroup[1]/android.view.ViewGroup[1]/android.widget.FrameLayout[2]/android.view.ViewGroup[1]/android.view.ViewGroup[1]/android.view.ViewGroup[1]/android.view.ViewGroup[1]/android.view.ViewGroup[1]/android.view.ViewGroup[4]/android.widget.ImageView[1]"}
[38;5;0m[HTTP][0m <-- POST /wd/hub/session/1ca0ad89-9ae0-4479-938d-53e1ba0f822a/elements 200 622 ms - 12
[38;5;0m[HTTP][0m 
[38;5;0m[HTTP][0m [37m-->[39m [37mPOST[39m [37m/wd/hub/session/1ca0ad89-9ae0-4479-938d-53e1ba0f822a/elements[39m
[38;5;0m[HTTP][0m {"using":"xpath","value":"//hierarchy/android.widget.FrameLayout[1]/android.widget.LinearLayout[1]/android.widget.FrameLayout[1]/android.widget.LinearLayout[1]/android.widget.FrameLayout[1]/android.widget.FrameLayout[1]/android.view.ViewGroup[1]/android.view.ViewGroup[1]/android.view.ViewGroup[1]/android.widget.FrameLayout[1]/android.view.ViewGroup[1]/android.view.ViewGroup[1]/android.view.ViewGroup[1]/android.view.ViewGroup[1]/android.widget.FrameLayout[2]/android.view.ViewGroup[1]/android.view.ViewGroup[1]/android.view.ViewGroup[1]/android.view.ViewGroup[1]/android.view.ViewGroup[1]/android.view.ViewGroup[4]/android.widget.ImageView[1]"}
[38;5;0m[HTTP][0m <-- POST /wd/hub/session/1ca0ad89-9ae0-4479-938d-53e1ba0f822a/elements 200 755 ms - 139
[38;5;0m[HTTP][0m 
[38;5;0m[HTTP][0m [37m-->[39m [37mGET[39m [37m/wd/hub/session/1ca0ad89-9ae0-4479-938d-53e1ba0f822a/element/00000000-0000-01da-ffff-ffff0000013d/location[39m
[38;5;0m[HTTP][0m {}
[38;5;48m[AndroidUiautomator2Driver@a34d (1ca0ad89)][0m Driver proxy active, passing request on via HTTP proxy
[38;5;48m[AndroidUiautomator2Driver@a34d (1ca0ad89)][0m Replacing sessionId f5ba1f1d-6f70-43d2-a2a8-0a18d543a5da with 1ca0ad89-9ae0-4479-938d-53e1ba0f822a
[38;5;0m[HTTP][0m <-- GET /wd/hub/session/1ca0ad89-9ae0-4479-938d-53e1ba0f822a/element/00000000-0000-01da-ffff-ffff0000013d/location 200 14 ms - 78
[38;5;0m[HTTP][0m 
[38;5;0m[HTTP][0m [37m-->[39m [37mPOST[39m [37m/wd/hub/session/1ca0ad89-9ae0-4479-938d-53e1ba0f822a/timeouts[39m
[38;5;0m[HTTP][0m {"implicit":30000}
[38;5;0m[HTTP][0m <-- POST /wd/hub/session/1ca0ad89-9ae0-4479-938d-53e1ba0f822a/timeouts 200 0 ms - 14
[38;5;0m[HTTP][0m 
[38;5;0m[HTTP][0m [37m-->[39m [37mPOST[39m [37m/wd/hub/session/1ca0ad89-9ae0-4479-938d-53e1ba0f822a/element/00000000-0000-01da-ffff-ffff0000013d/click[39m
[38;5;0m[HTTP][0m {"id":"00000000-0000-01da-ffff-ffff0000013d"}
[38;5;0m[HTTP][0m <-- POST /wd/hub/session/1ca0ad89-9ae0-4479-938d-53e1ba0f822a/element/00000000-0000-01da-ffff-ffff0000013d/click 200 51 ms - 14
[38;5;0m[HTTP][0m 
[38;5;0m[HTTP][0m [37m-->[39m [37mPOST[39m [37m/wd/hub/session/1ca0ad89-9ae0-4479-938d-53e1ba0f822a/timeouts[39m
[38;5;0m[HTTP][0m {"implicit":50}
[38;5;0m[HTTP][0m <-- POST /wd/hub/session/1ca0ad89-9ae0-4479-938d-53e1ba0f822a/timeouts 200 0 ms - 14
[38;5;0m[HTTP][0m 
[38;5;0m[HTTP][0m [37m-->[39m [37mGET[39m [37m/wd/hub/session/1ca0ad89-9ae0-4479-938d-53e1ba0f822a/window/rect[39m
[38;5;0m[HTTP][0m {}
[38;5;0m[HTTP][0m <-- GET /wd/hub/session/1ca0ad89-9ae0-4479-938d-53e1ba0f822a/window/rect 200 8 ms - 50
[38;5;0m[HTTP][0m 
[38;5;0m[HTTP][0m [37m-->[39m [37mPOST[39m [37m/wd/hub/session/1ca0ad89-9ae0-4479-938d-53e1ba0f822a/elements[39m
[38;5;0m[HTTP][0m {"using":"xpath","value":"//*[@class = 'android.widget.TextView' and (@text = 'Edit patient' or . = 'Edit patient')]"}
[38;5;0m[HTTP][0m <-- POST /wd/hub/session/1ca0ad89-9ae0-4479-938d-53e1ba0f822a/elements 200 96 ms - 12
[38;5;0m[HTTP][0m 
[38;5;0m[HTTP][0m [37m-->[39m [37mPOST[39m [37m/wd/hub/session/1ca0ad89-9ae0-4479-938d-53e1ba0f822a/elements[39m
[38;5;0m[HTTP][0m {"using":"xpath","value":"//*[@class = 'android.widget.TextView' and (@text = 'Edit patient' or . = 'Edit patient')]"}
[38;5;0m[HTTP][0m <-- POST /wd/hub/session/1ca0ad89-9ae0-4479-938d-53e1ba0f822a/elements 200 835 ms - 139
[38;5;0m[HTTP][0m 
[38;5;0m[HTTP][0m [37m-->[39m [37mGET[39m [37m/wd/hub/session/1ca0ad89-9ae0-4479-938d-53e1ba0f822a/element/00000000-0000-01e0-ffff-ffff00000168/location[39m
[38;5;0m[HTTP][0m {}
[38;5;48m[AndroidUiautomator2Driver@a34d (1ca0ad89)][0m Driver proxy active, passing request on via HTTP proxy
[38;5;48m[AndroidUiautomator2Driver@a34d (1ca0ad89)][0m Replacing sessionId f5ba1f1d-6f70-43d2-a2a8-0a18d543a5da with 1ca0ad89-9ae0-4479-938d-53e1ba0f822a
[38;5;0m[HTTP][0m <-- GET /wd/hub/session/1ca0ad89-9ae0-4479-938d-53e1ba0f822a/element/00000000-0000-01e0-ffff-ffff00000168/location 200 22 ms - 79
[38;5;0m[HTTP][0m 
[38;5;0m[HTTP][0m [37m-->[39m [37mPOST[39m [37m/wd/hub/session/1ca0ad89-9ae0-4479-938d-53e1ba0f822a/timeouts[39m
[38;5;0m[HTTP][0m {"implicit":30000}
[38;5;0m[HTTP][0m <-- POST /wd/hub/session/1ca0ad89-9ae0-4479-938d-53e1ba0f822a/timeouts 200 0 ms - 14
[38;5;0m[HTTP][0m 
[38;5;0m[HTTP][0m [37m-->[39m [37mPOST[39m [37m/wd/hub/session/1ca0ad89-9ae0-4479-938d-53e1ba0f822a/element/00000000-0000-01e0-ffff-ffff00000168/click[39m
[38;5;0m[HTTP][0m {"id":"00000000-0000-01e0-ffff-ffff00000168"}
[38;5;0m[HTTP][0m <-- POST /wd/hub/session/1ca0ad89-9ae0-4479-938d-53e1ba0f822a/element/00000000-0000-01e0-ffff-ffff00000168/click 200 69 ms - 14
[38;5;0m[HTTP][0m 
[38;5;0m[HTTP][0m [37m-->[39m [37mPOST[39m [37m/wd/hub/session/1ca0ad89-9ae0-4479-938d-53e1ba0f822a/timeouts[39m
[38;5;0m[HTTP][0m {"implicit":50}
[38;5;0m[HTTP][0m <-- POST /wd/hub/session/1ca0ad89-9ae0-4479-938d-53e1ba0f822a/timeouts 200 0 ms - 14
[38;5;0m[HTTP][0m 
[38;5;0m[HTTP][0m [37m-->[39m [37mGET[39m [37m/wd/hub/session/1ca0ad89-9ae0-4479-938d-53e1ba0f822a/window/rect[39m
[38;5;0m[HTTP][0m {}
[38;5;0m[HTTP][0m <-- GET /wd/hub/session/1ca0ad89-9ae0-4479-938d-53e1ba0f822a/window/rect 200 11 ms - 50
[38;5;0m[HTTP][0m 
[38;5;0m[HTTP][0m [37m-->[39m [37mPOST[39m [37m/wd/hub/session/1ca0ad89-9ae0-4479-938d-53e1ba0f822a/elements[39m
[38;5;0m[HTTP][0m {"using":"xpath","value":"//hierarchy/android.widget.FrameLayout[1]/android.widget.LinearLayout[1]/android.widget.FrameLayout[1]/android.widget.LinearLayout[1]/android.widget.FrameLayout[1]/android.widget.FrameLayout[1]/android.view.ViewGroup[1]/android.view.ViewGroup[1]/android.view.ViewGroup[1]/android.widget.FrameLayout[1]/android.view.ViewGroup[1]/android.view.ViewGroup[1]/android.view.ViewGroup[1]/android.view.ViewGroup[1]/android.widget.FrameLayout[3]/android.view.ViewGroup[1]/android.view.ViewGroup[1]/android.view.ViewGroup[1]/android.widget.ScrollView[1]/android.view.ViewGroup[1]/android.view.ViewGroup[1]/android.widget.EditText[2]"}
[38;5;0m[HTTP][0m <-- POST /wd/hub/session/1ca0ad89-9ae0-4479-938d-53e1ba0f822a/elements 200 81 ms - 12
[38;5;0m[HTTP][0m 
[38;5;0m[HTTP][0m [37m-->[39m [37mPOST[39m [37m/wd/hub/session/1ca0ad89-9ae0-4479-938d-53e1ba0f822a/elements[39m
[38;5;0m[HTTP][0m {"using":"xpath","value":"//hierarchy/android.widget.FrameLayout[1]/android.widget.LinearLayout[1]/android.widget.FrameLayout[1]/android.widget.LinearLayout[1]/android.widget.FrameLayout[1]/android.widget.FrameLayout[1]/android.view.ViewGroup[1]/android.view.ViewGroup[1]/android.view.ViewGroup[1]/android.widget.FrameLayout[1]/android.view.ViewGroup[1]/android.view.ViewGroup[1]/android.view.ViewGroup[1]/android.view.ViewGroup[1]/android.widget.FrameLayout[3]/android.view.ViewGroup[1]/android.view.ViewGroup[1]/android.view.ViewGroup[1]/android.widget.ScrollView[1]/android.view.ViewGroup[1]/android.view.ViewGroup[1]/android.widget.EditText[2]"}
[38;5;0m[HTTP][0m <-- POST /wd/hub/session/1ca0ad89-9ae0-4479-938d-53e1ba0f822a/elements 200 1155 ms - 139
[38;5;0m[HTTP][0m 
[38;5;0m[HTTP][0m [37m-->[39m [37mGET[39m [37m/wd/hub/session/1ca0ad89-9ae0-4479-938d-53e1ba0f822a/element/00000000-0000-01da-ffff-ffff0000018a/location[39m
[38;5;0m[HTTP][0m {}
[38;5;48m[AndroidUiautomator2Driver@a34d (1ca0ad89)][0m Driver proxy active, passing request on via HTTP proxy
[38;5;48m[AndroidUiautomator2Driver@a34d (1ca0ad89)][0m Replacing sessionId f5ba1f1d-6f70-43d2-a2a8-0a18d543a5da with 1ca0ad89-9ae0-4479-938d-53e1ba0f822a
[38;5;0m[HTTP][0m <-- GET /wd/hub/session/1ca0ad89-9ae0-4479-938d-53e1ba0f822a/element/00000000-0000-01da-ffff-ffff0000018a/location 200 17 ms - 77
[38;5;0m[HTTP][0m 
[38;5;0m[HTTP][0m [37m-->[39m [37mPOST[39m [37m/wd/hub/session/1ca0ad89-9ae0-4479-938d-53e1ba0f822a/timeouts[39m
[38;5;0m[HTTP][0m {"implicit":30000}
[38;5;0m[HTTP][0m <-- POST /wd/hub/session/1ca0ad89-9ae0-4479-938d-53e1ba0f822a/timeouts 200 0 ms - 14
[38;5;0m[HTTP][0m 
[38;5;0m[HTTP][0m [37m-->[39m [37mPOST[39m [37m/wd/hub/session/1ca0ad89-9ae0-4479-938d-53e1ba0f822a/element/00000000-0000-01da-ffff-ffff0000018a/clear[39m
[38;5;0m[HTTP][0m {"id":"00000000-0000-01da-ffff-ffff0000018a"}
[38;5;0m[HTTP][0m <-- POST /wd/hub/session/1ca0ad89-9ae0-4479-938d-53e1ba0f822a/element/00000000-0000-01da-ffff-ffff0000018a/clear 200 26 ms - 14
[38;5;0m[HTTP][0m 
[38;5;0m[HTTP][0m [37m-->[39m [37mPOST[39m [37m/wd/hub/session/1ca0ad89-9ae0-4479-938d-53e1ba0f822a/element/00000000-0000-01da-ffff-ffff0000018a/click[39m
[38;5;0m[HTTP][0m {"id":"00000000-0000-01da-ffff-ffff0000018a"}
[38;5;0m[HTTP][0m <-- POST /wd/hub/session/1ca0ad89-9ae0-4479-938d-53e1ba0f822a/element/00000000-0000-01da-ffff-ffff0000018a/click 200 1433 ms - 14
[38;5;0m[HTTP][0m 
[38;5;0m[HTTP][0m [37m-->[39m [37mPOST[39m [37m/wd/hub/session/1ca0ad89-9ae0-4479-938d-53e1ba0f822a/element/00000000-0000-01da-ffff-ffff0000018a/value[39m
[38;5;0m[HTTP][0m {"id":"00000000-0000-01da-ffff-ffff0000018a","text":"Editt","value":["E","d","i","t","t"]}
[38;5;0m[HTTP][0m <-- POST /wd/hub/session/1ca0ad89-9ae0-4479-938d-53e1ba0f822a/element/00000000-0000-01da-ffff-ffff0000018a/value 200 726 ms - 14
[38;5;0m[HTTP][0m 
[38;5;0m[HTTP][0m [37m-->[39m [37mGET[39m [37m/wd/hub/session/1ca0ad89-9ae0-4479-938d-53e1ba0f822a/context[39m
[38;5;0m[HTTP][0m {}
[38;5;0m[HTTP][0m <-- GET /wd/hub/session/1ca0ad89-9ae0-4479-938d-53e1ba0f822a/context 200 0 ms - 22
[38;5;0m[HTTP][0m 
[38;5;0m[HTTP][0m [37m-->[39m [37mGET[39m [37m/wd/hub/session/1ca0ad89-9ae0-4479-938d-53e1ba0f822a/contexts[39m
[38;5;0m[HTTP][0m {}
[38;5;0m[HTTP][0m <-- GET /wd/hub/session/1ca0ad89-9ae0-4479-938d-53e1ba0f822a/contexts 200 271 ms - 24
[38;5;0m[HTTP][0m 
[38;5;0m[HTTP][0m [37m-->[39m [37mPOST[39m [37m/wd/hub/session/1ca0ad89-9ae0-4479-938d-53e1ba0f822a/context[39m
[38;5;0m[HTTP][0m {"name":"NATIVE_APP"}
[38;5;0m[HTTP][0m <-- POST /wd/hub/session/1ca0ad89-9ae0-4479-938d-53e1ba0f822a/context 200 1 ms - 14
[38;5;0m[HTTP][0m 
[38;5;0m[HTTP][0m [37m-->[39m [37mPOST[39m [37m/wd/hub/session/1ca0ad89-9ae0-4479-938d-53e1ba0f822a/appium/device/press_keycode[39m
[38;5;0m[HTTP][0m {"keycode":4}
[38;5;0m[HTTP][0m <-- POST /wd/hub/session/1ca0ad89-9ae0-4479-938d-53e1ba0f822a/appium/device/press_keycode 200 390 ms - 14
[38;5;0m[HTTP][0m 
[38;5;0m[HTTP][0m [37m-->[39m [37mPOST[39m [37m/wd/hub/session/1ca0ad89-9ae0-4479-938d-53e1ba0f822a/context[39m
[38;5;0m[HTTP][0m {"name":"NATIVE_APP"}
[38;5;0m[HTTP][0m <-- POST /wd/hub/session/1ca0ad89-9ae0-4479-938d-53e1ba0f822a/context 200 0 ms - 14
[38;5;0m[HTTP][0m 
[38;5;0m[HTTP][0m [37m-->[39m [37mPOST[39m [37m/wd/hub/session/1ca0ad89-9ae0-4479-938d-53e1ba0f822a/timeouts[39m
[38;5;0m[HTTP][0m {"implicit":50}
[38;5;0m[HTTP][0m <-- POST /wd/hub/session/1ca0ad89-9ae0-4479-938d-53e1ba0f822a/timeouts 200 0 ms - 14
[38;5;0m[HTTP][0m 
[38;5;0m[HTTP][0m [37m-->[39m [37mGET[39m [37m/wd/hub/session/1ca0ad89-9ae0-4479-938d-53e1ba0f822a/window/rect[39m
[38;5;0m[HTTP][0m {}
[38;5;0m[HTTP][0m <-- GET /wd/hub/session/1ca0ad89-9ae0-4479-938d-53e1ba0f822a/window/rect 200 10 ms - 50
[38;5;0m[HTTP][0m 
[38;5;0m[HTTP][0m [37m-->[39m [37mPOST[39m [37m/wd/hub/session/1ca0ad89-9ae0-4479-938d-53e1ba0f822a/elements[39m
[38;5;0m[HTTP][0m {"using":"xpath","value":"//hierarchy/android.widget.FrameLayout[1]/android.widget.LinearLayout[1]/android.widget.FrameLayout[1]/android.widget.LinearLayout[1]/android.widget.FrameLayout[1]/android.widget.FrameLayout[1]/android.view.ViewGroup[1]/android.view.ViewGroup[1]/android.view.ViewGroup[1]/android.widget.FrameLayout[1]/android.view.ViewGroup[1]/android.view.ViewGroup[1]/android.view.ViewGroup[1]/android.view.ViewGroup[1]/android.widget.FrameLayout[3]/android.view.ViewGroup[1]/android.view.ViewGroup[1]/android.view.ViewGroup[1]/android.widget.ScrollView[1]/android.view.ViewGroup[1]/android.view.ViewGroup[1]/android.widget.EditText[4]"}
[38;5;0m[HTTP][0m <-- POST /wd/hub/session/1ca0ad89-9ae0-4479-938d-53e1ba0f822a/elements 200 814 ms - 139
[38;5;0m[HTTP][0m 
[38;5;0m[HTTP][0m [37m-->[39m [37mGET[39m [37m/wd/hub/session/1ca0ad89-9ae0-4479-938d-53e1ba0f822a/element/00000000-0000-01da-ffff-ffff0000018e/location[39m
[38;5;0m[HTTP][0m {}
[38;5;48m[AndroidUiautomator2Driver@a34d (1ca0ad89)][0m Driver proxy active, passing request on via HTTP proxy
[38;5;48m[AndroidUiautomator2Driver@a34d (1ca0ad89)][0m Replacing sessionId f5ba1f1d-6f70-43d2-a2a8-0a18d543a5da with 1ca0ad89-9ae0-4479-938d-53e1ba0f822a
[38;5;0m[HTTP][0m <-- GET /wd/hub/session/1ca0ad89-9ae0-4479-938d-53e1ba0f822a/element/00000000-0000-01da-ffff-ffff0000018e/location 200 18 ms - 78
[38;5;0m[HTTP][0m 
[38;5;0m[HTTP][0m [37m-->[39m [37mPOST[39m [37m/wd/hub/session/1ca0ad89-9ae0-4479-938d-53e1ba0f822a/timeouts[39m
[38;5;0m[HTTP][0m {"implicit":30000}
[38;5;0m[HTTP][0m <-- POST /wd/hub/session/1ca0ad89-9ae0-4479-938d-53e1ba0f822a/timeouts 200 0 ms - 14
[38;5;0m[HTTP][0m 
[38;5;0m[HTTP][0m [37m-->[39m [37mPOST[39m [37m/wd/hub/session/1ca0ad89-9ae0-4479-938d-53e1ba0f822a/element/00000000-0000-01da-ffff-ffff0000018e/clear[39m
[38;5;0m[HTTP][0m {"id":"00000000-0000-01da-ffff-ffff0000018e"}
[38;5;0m[HTTP][0m <-- POST /wd/hub/session/1ca0ad89-9ae0-4479-938d-53e1ba0f822a/element/00000000-0000-01da-ffff-ffff0000018e/clear 200 38 ms - 14
[38;5;0m[HTTP][0m 
[38;5;0m[HTTP][0m [37m-->[39m [37mPOST[39m [37m/wd/hub/session/1ca0ad89-9ae0-4479-938d-53e1ba0f822a/element/00000000-0000-01da-ffff-ffff0000018e/click[39m
[38;5;0m[HTTP][0m {"id":"00000000-0000-01da-ffff-ffff0000018e"}
[38;5;0m[HTTP][0m <-- POST /wd/hub/session/1ca0ad89-9ae0-4479-938d-53e1ba0f822a/element/00000000-0000-01da-ffff-ffff0000018e/click 200 1547 ms - 14
[38;5;0m[HTTP][0m 
[38;5;0m[HTTP][0m [37m-->[39m [37mPOST[39m [37m/wd/hub/session/1ca0ad89-9ae0-4479-938d-53e1ba0f822a/element/00000000-0000-01da-ffff-ffff0000018e/value[39m
[38;5;0m[HTTP][0m {"id":"00000000-0000-01da-ffff-ffff0000018e","text":"Litee","value":["L","i","t","e","e"]}
[38;5;0m[HTTP][0m <-- POST /wd/hub/session/1ca0ad89-9ae0-4479-938d-53e1ba0f822a/element/00000000-0000-01da-ffff-ffff0000018e/value 200 804 ms - 14
[38;5;0m[HTTP][0m 
[38;5;0m[HTTP][0m [37m-->[39m [37mGET[39m [37m/wd/hub/session/1ca0ad89-9ae0-4479-938d-53e1ba0f822a/context[39m
[38;5;0m[HTTP][0m {}
[38;5;0m[HTTP][0m <-- GET /wd/hub/session/1ca0ad89-9ae0-4479-938d-53e1ba0f822a/context 200 0 ms - 22
[38;5;0m[HTTP][0m 
[38;5;0m[HTTP][0m [37m-->[39m [37mGET[39m [37m/wd/hub/session/1ca0ad89-9ae0-4479-938d-53e1ba0f822a/contexts[39m
[38;5;0m[HTTP][0m {}
[38;5;0m[HTTP][0m <-- GET /wd/hub/session/1ca0ad89-9ae0-4479-938d-53e1ba0f822a/contexts 200 261 ms - 24
[38;5;0m[HTTP][0m 
[38;5;0m[HTTP][0m [37m-->[39m [37mPOST[39m [37m/wd/hub/session/1ca0ad89-9ae0-4479-938d-53e1ba0f822a/context[39m
[38;5;0m[HTTP][0m {"name":"NATIVE_APP"}
[38;5;0m[HTTP][0m <-- POST /wd/hub/session/1ca0ad89-9ae0-4479-938d-53e1ba0f822a/context 200 0 ms - 14
[38;5;0m[HTTP][0m 
[38;5;0m[HTTP][0m [37m-->[39m [37mPOST[39m [37m/wd/hub/session/1ca0ad89-9ae0-4479-938d-53e1ba0f822a/appium/device/press_keycode[39m
[38;5;0m[HTTP][0m {"keycode":4}
[38;5;0m[HTTP][0m <-- POST /wd/hub/session/1ca0ad89-9ae0-4479-938d-53e1ba0f822a/appium/device/press_keycode 200 415 ms - 14
[38;5;0m[HTTP][0m 
[38;5;0m[HTTP][0m [37m-->[39m [37mPOST[39m [37m/wd/hub/session/1ca0ad89-9ae0-4479-938d-53e1ba0f822a/context[39m
[38;5;0m[HTTP][0m {"name":"NATIVE_APP"}
[38;5;0m[HTTP][0m <-- POST /wd/hub/session/1ca0ad89-9ae0-4479-938d-53e1ba0f822a/context 200 0 ms - 14
[38;5;0m[HTTP][0m 
[38;5;0m[HTTP][0m [37m-->[39m [37mPOST[39m [37m/wd/hub/session/1ca0ad89-9ae0-4479-938d-53e1ba0f822a/timeouts[39m
[38;5;0m[HTTP][0m {"implicit":50}
[38;5;0m[HTTP][0m <-- POST /wd/hub/session/1ca0ad89-9ae0-4479-938d-53e1ba0f822a/timeouts 200 0 ms - 14
[38;5;0m[HTTP][0m 
[38;5;0m[HTTP][0m [37m-->[39m [37mGET[39m [37m/wd/hub/session/1ca0ad89-9ae0-4479-938d-53e1ba0f822a/window/rect[39m
[38;5;0m[HTTP][0m {}
[38;5;0m[HTTP][0m <-- GET /wd/hub/session/1ca0ad89-9ae0-4479-938d-53e1ba0f822a/window/rect 200 10 ms - 50
[38;5;0m[HTTP][0m 
[38;5;0m[HTTP][0m [37m-->[39m [37mPOST[39m [37m/wd/hub/session/1ca0ad89-9ae0-4479-938d-53e1ba0f822a/elements[39m
[38;5;0m[HTTP][0m {"using":"xpath","value":"//hierarchy/android.widget.FrameLayout[1]/android.widget.LinearLayout[1]/android.widget.FrameLayout[1]/android.widget.LinearLayout[1]/android.widget.FrameLayout[1]/android.widget.FrameLayout[1]/android.view.ViewGroup[1]/android.view.ViewGroup[1]/android.view.ViewGroup[1]/android.widget.FrameLayout[1]/android.view.ViewGroup[1]/android.view.ViewGroup[1]/android.view.ViewGroup[1]/android.view.ViewGroup[1]/android.widget.FrameLayout[3]/android.view.ViewGroup[1]/android.view.ViewGroup[1]/android.view.ViewGroup[1]/android.widget.ScrollView[1]/android.view.ViewGroup[1]/android.view.ViewGroup[1]/android.widget.EditText[5]"}
[38;5;0m[HTTP][0m <-- POST /wd/hub/session/1ca0ad89-9ae0-4479-938d-53e1ba0f822a/elements 200 984 ms - 139
[38;5;0m[HTTP][0m 
[38;5;0m[HTTP][0m [37m-->[39m [37mGET[39m [37m/wd/hub/session/1ca0ad89-9ae0-4479-938d-53e1ba0f822a/element/00000000-0000-01da-ffff-ffff00000190/location[39m
[38;5;0m[HTTP][0m {}
[38;5;48m[AndroidUiautomator2Driver@a34d (1ca0ad89)][0m Driver proxy active, passing request on via HTTP proxy
[38;5;48m[AndroidUiautomator2Driver@a34d (1ca0ad89)][0m Replacing sessionId f5ba1f1d-6f70-43d2-a2a8-0a18d543a5da with 1ca0ad89-9ae0-4479-938d-53e1ba0f822a
[38;5;0m[HTTP][0m <-- GET /wd/hub/session/1ca0ad89-9ae0-4479-938d-53e1ba0f822a/element/00000000-0000-01da-ffff-ffff00000190/location 200 17 ms - 78
[38;5;0m[HTTP][0m 
[38;5;0m[HTTP][0m [37m-->[39m [37mPOST[39m [37m/wd/hub/session/1ca0ad89-9ae0-4479-938d-53e1ba0f822a/timeouts[39m
[38;5;0m[HTTP][0m {"implicit":30000}
[38;5;0m[HTTP][0m <-- POST /wd/hub/session/1ca0ad89-9ae0-4479-938d-53e1ba0f822a/timeouts 200 0 ms - 14
[38;5;0m[HTTP][0m 
[38;5;0m[HTTP][0m [37m-->[39m [37mPOST[39m [37m/wd/hub/session/1ca0ad89-9ae0-4479-938d-53e1ba0f822a/element/00000000-0000-01da-ffff-ffff00000190/clear[39m
[38;5;0m[HTTP][0m {"id":"00000000-0000-01da-ffff-ffff00000190"}
[38;5;0m[HTTP][0m <-- POST /wd/hub/session/1ca0ad89-9ae0-4479-938d-53e1ba0f822a/element/00000000-0000-01da-ffff-ffff00000190/clear 200 32 ms - 14
[38;5;0m[HTTP][0m 
[38;5;0m[HTTP][0m [37m-->[39m [37mPOST[39m [37m/wd/hub/session/1ca0ad89-9ae0-4479-938d-53e1ba0f822a/element/00000000-0000-01da-ffff-ffff00000190/click[39m
[38;5;0m[HTTP][0m {"id":"00000000-0000-01da-ffff-ffff00000190"}
[38;5;0m[HTTP][0m <-- POST /wd/hub/session/1ca0ad89-9ae0-4479-938d-53e1ba0f822a/element/00000000-0000-01da-ffff-ffff00000190/click 200 1549 ms - 14
[38;5;0m[HTTP][0m 
[38;5;0m[HTTP][0m [37m-->[39m [37mPOST[39m [37m/wd/hub/session/1ca0ad89-9ae0-4479-938d-53e1ba0f822a/element/00000000-0000-01da-ffff-ffff00000190/value[39m
[38;5;0m[HTTP][0m {"id":"00000000-0000-01da-ffff-ffff00000190","text":"09/07/2001","value":["0","9","/","0","7","/","2","0","0","1"]}
[38;5;0m[HTTP][0m <-- POST /wd/hub/session/1ca0ad89-9ae0-4479-938d-53e1ba0f822a/element/00000000-0000-01da-ffff-ffff00000190/value 200 801 ms - 14
[38;5;0m[HTTP][0m 
[38;5;0m[HTTP][0m [37m-->[39m [37mGET[39m [37m/wd/hub/session/1ca0ad89-9ae0-4479-938d-53e1ba0f822a/context[39m
[38;5;0m[HTTP][0m {}
[38;5;0m[HTTP][0m <-- GET /wd/hub/session/1ca0ad89-9ae0-4479-938d-53e1ba0f822a/context 200 0 ms - 22
[38;5;0m[HTTP][0m 
[38;5;0m[HTTP][0m [37m-->[39m [37mGET[39m [37m/wd/hub/session/1ca0ad89-9ae0-4479-938d-53e1ba0f822a/contexts[39m
[38;5;0m[HTTP][0m {}
[38;5;0m[HTTP][0m <-- GET /wd/hub/session/1ca0ad89-9ae0-4479-938d-53e1ba0f822a/contexts 200 266 ms - 24
[38;5;0m[HTTP][0m 
[38;5;0m[HTTP][0m [37m-->[39m [37mPOST[39m [37m/wd/hub/session/1ca0ad89-9ae0-4479-938d-53e1ba0f822a/context[39m
[38;5;0m[HTTP][0m {"name":"NATIVE_APP"}
[38;5;0m[HTTP][0m <-- POST /wd/hub/session/1ca0ad89-9ae0-4479-938d-53e1ba0f822a/context 200 0 ms - 14
[38;5;0m[HTTP][0m 
[38;5;0m[HTTP][0m [37m-->[39m [37mPOST[39m [37m/wd/hub/session/1ca0ad89-9ae0-4479-938d-53e1ba0f822a/appium/device/press_keycode[39m
[38;5;0m[HTTP][0m {"keycode":4}
[38;5;0m[HTTP][0m <-- POST /wd/hub/session/1ca0ad89-9ae0-4479-938d-53e1ba0f822a/appium/device/press_keycode 200 390 ms - 14
[38;5;0m[HTTP][0m 
[38;5;0m[HTTP][0m [37m-->[39m [37mPOST[39m [37m/wd/hub/session/1ca0ad89-9ae0-4479-938d-53e1ba0f822a/context[39m
[38;5;0m[HTTP][0m {"name":"NATIVE_APP"}
[38;5;0m[HTTP][0m <-- POST /wd/hub/session/1ca0ad89-9ae0-4479-938d-53e1ba0f822a/context 200 0 ms - 14
[38;5;0m[HTTP][0m 
[38;5;0m[HTTP][0m [37m-->[39m [37mPOST[39m [37m/wd/hub/session/1ca0ad89-9ae0-4479-938d-53e1ba0f822a/timeouts[39m
[38;5;0m[HTTP][0m {"implicit":50}
[38;5;0m[HTTP][0m <-- POST /wd/hub/session/1ca0ad89-9ae0-4479-938d-53e1ba0f822a/timeouts 200 0 ms - 14
[38;5;0m[HTTP][0m 
[38;5;0m[HTTP][0m [37m-->[39m [37mGET[39m [37m/wd/hub/session/1ca0ad89-9ae0-4479-938d-53e1ba0f822a/window/rect[39m
[38;5;0m[HTTP][0m {}
[38;5;0m[HTTP][0m <-- GET /wd/hub/session/1ca0ad89-9ae0-4479-938d-53e1ba0f822a/window/rect 200 6 ms - 50
[38;5;0m[HTTP][0m 
[38;5;0m[HTTP][0m [37m-->[39m [37mPOST[39m [37m/wd/hub/session/1ca0ad89-9ae0-4479-938d-53e1ba0f822a/elements[39m
[38;5;0m[HTTP][0m {"using":"xpath","value":"//*[@class = 'android.widget.EditText' and (@text = '987' or . = '987')]"}
[38;5;0m[HTTP][0m <-- POST /wd/hub/session/1ca0ad89-9ae0-4479-938d-53e1ba0f822a/elements 200 1019 ms - 267
[38;5;0m[HTTP][0m 
[38;5;0m[HTTP][0m [37m-->[39m [37mGET[39m [37m/wd/hub/session/1ca0ad89-9ae0-4479-938d-53e1ba0f822a/element/00000000-0000-01da-ffff-ffff000000ac/location[39m
[38;5;0m[HTTP][0m {}
[38;5;48m[AndroidUiautomator2Driver@a34d (1ca0ad89)][0m Driver proxy active, passing request on via HTTP proxy
[38;5;48m[AndroidUiautomator2Driver@a34d (1ca0ad89)][0m Replacing sessionId f5ba1f1d-6f70-43d2-a2a8-0a18d543a5da with 1ca0ad89-9ae0-4479-938d-53e1ba0f822a
[38;5;0m[HTTP][0m <-- GET /wd/hub/session/1ca0ad89-9ae0-4479-938d-53e1ba0f822a/element/00000000-0000-01da-ffff-ffff000000ac/location 200 11 ms - 78
[38;5;0m[HTTP][0m 
[38;5;0m[HTTP][0m [37m-->[39m [37mPOST[39m [37m/wd/hub/session/1ca0ad89-9ae0-4479-938d-53e1ba0f822a/timeouts[39m
[38;5;0m[HTTP][0m {"implicit":30000}
[38;5;0m[HTTP][0m <-- POST /wd/hub/session/1ca0ad89-9ae0-4479-938d-53e1ba0f822a/timeouts 200 0 ms - 14
[38;5;0m[HTTP][0m 
[38;5;0m[HTTP][0m [37m-->[39m [37mGET[39m [37m/wd/hub/session/1ca0ad89-9ae0-4479-938d-53e1ba0f822a/element/00000000-0000-01da-ffff-ffff000000ac/attribute/enabled[39m
[38;5;0m[HTTP][0m {}
[38;5;0m[HTTP][0m <-- GET /wd/hub/session/1ca0ad89-9ae0-4479-938d-53e1ba0f822a/element/00000000-0000-01da-ffff-ffff000000ac/attribute/enabled 200 9 ms - 16
[38;5;0m[HTTP][0m 
[38;5;0m[HTTP][0m [37m-->[39m [37mGET[39m [37m/wd/hub/session/1ca0ad89-9ae0-4479-938d-53e1ba0f822a/context[39m
[38;5;0m[HTTP][0m {}
[38;5;0m[HTTP][0m <-- GET /wd/hub/session/1ca0ad89-9ae0-4479-938d-53e1ba0f822a/context 200 0 ms - 22
[38;5;0m[HTTP][0m 
[38;5;0m[HTTP][0m [37m-->[39m [37mGET[39m [37m/wd/hub/session/1ca0ad89-9ae0-4479-938d-53e1ba0f822a/contexts[39m
[38;5;0m[HTTP][0m {}
[38;5;0m[HTTP][0m <-- GET /wd/hub/session/1ca0ad89-9ae0-4479-938d-53e1ba0f822a/contexts 200 263 ms - 24
[38;5;0m[HTTP][0m 
[38;5;0m[HTTP][0m [37m-->[39m [37mPOST[39m [37m/wd/hub/session/1ca0ad89-9ae0-4479-938d-53e1ba0f822a/context[39m
[38;5;0m[HTTP][0m {"name":"NATIVE_APP"}
[38;5;0m[HTTP][0m <-- POST /wd/hub/session/1ca0ad89-9ae0-4479-938d-53e1ba0f822a/context 200 0 ms - 14
[38;5;0m[HTTP][0m 
[38;5;0m[HTTP][0m [37m-->[39m [37mGET[39m [37m/wd/hub/session/1ca0ad89-9ae0-4479-938d-53e1ba0f822a/screenshot[39m
[38;5;0m[HTTP][0m {}
[38;5;0m[HTTP][0m <-- GET /wd/hub/session/1ca0ad89-9ae0-4479-938d-53e1ba0f822a/screenshot 200 354 ms - 124924
[38;5;0m[HTTP][0m 
[38;5;0m[HTTP][0m [37m-->[39m [37mPOST[39m [37m/wd/hub/session/1ca0ad89-9ae0-4479-938d-53e1ba0f822a/context[39m
[38;5;0m[HTTP][0m {"name":"NATIVE_APP"}
[38;5;0m[HTTP][0m <-- POST /wd/hub/session/1ca0ad89-9ae0-4479-938d-53e1ba0f822a/context 200 0 ms - 14
[38;5;0m[HTTP][0m 
[38;5;0m[HTTP][0m [37m-->[39m [37mGET[39m [37m/wd/hub/session/1ca0ad89-9ae0-4479-938d-53e1ba0f822a/context[39m
[38;5;0m[HTTP][0m {}
[38;5;0m[HTTP][0m <-- GET /wd/hub/session/1ca0ad89-9ae0-4479-938d-53e1ba0f822a/context 200 0 ms - 22
[38;5;0m[HTTP][0m 
[38;5;0m[HTTP][0m [37m-->[39m [37mGET[39m [37m/wd/hub/session/1ca0ad89-9ae0-4479-938d-53e1ba0f822a/contexts[39m
[38;5;0m[HTTP][0m {}
[38;5;0m[HTTP][0m <-- GET /wd/hub/session/1ca0ad89-9ae0-4479-938d-53e1ba0f822a/contexts 200 267 ms - 24
[38;5;0m[HTTP][0m 
[38;5;0m[HTTP][0m [37m-->[39m [37mPOST[39m [37m/wd/hub/session/1ca0ad89-9ae0-4479-938d-53e1ba0f822a/context[39m
[38;5;0m[HTTP][0m {"name":"NATIVE_APP"}
[38;5;0m[HTTP][0m <-- POST /wd/hub/session/1ca0ad89-9ae0-4479-938d-53e1ba0f822a/context 200 0 ms - 14
[38;5;0m[HTTP][0m 
[38;5;0m[HTTP][0m [37m-->[39m [37mGET[39m [37m/wd/hub/session/1ca0ad89-9ae0-4479-938d-53e1ba0f822a/screenshot[39m
[38;5;0m[HTTP][0m {}
[38;5;0m[HTTP][0m <-- GET /wd/hub/session/1ca0ad89-9ae0-4479-938d-53e1ba0f822a/screenshot 200 389 ms - 124912
[38;5;0m[HTTP][0m 
[38;5;0m[HTTP][0m [37m-->[39m [37mPOST[39m [37m/wd/hub/session/1ca0ad89-9ae0-4479-938d-53e1ba0f822a/context[39m
[38;5;0m[HTTP][0m {"name":"NATIVE_APP"}
[38;5;0m[HTTP][0m <-- POST /wd/hub/session/1ca0ad89-9ae0-4479-938d-53e1ba0f822a/context 200 0 ms - 14
[38;5;0m[HTTP][0m 
[38;5;0m[HTTP][0m [37m-->[39m [37mDELETE[39m [37m/wd/hub/session/1ca0ad89-9ae0-4479-938d-53e1ba0f822a[39m
[38;5;0m[HTTP][0m {}
[38;5;16m[AppiumDriver@60c5][0m Removing session 1ca0ad89-9ae0-4479-938d-53e1ba0f822a from our master session list
[38;5;64m[ADB][0m com.ekareinc.insight.europe was successfully uninstalled
[38;5;48m[AndroidUiautomator2Driver@a34d (1ca0ad89)][0m Restoring hidden api policy to the device default configuration
[38;5;0m[HTTP][0m <-- DELETE /wd/hub/session/1ca0ad89-9ae0-4479-938d-53e1ba0f822a 200 1366 ms - 14
[38;5;0m[HTTP][0m 
[Appium] Received SIGTERM - shutting down
[38;5;0m[HTTP][0m Waiting until the server is closed
[38;5;0m[HTTP][0m Received server close event
