[35m[Appium][39m Welcome to Appium v2.4.1 (REV 82c2e743a5bcea725f9ca1429e3e21c3088ff904)
[35m[Appium][39m Non-default server args:
[35m[Appium][39m { basePath: [32m'/wd/hub'[39m, loglevel: [32m'info'[39m, port: [33m56562[39m }
[35m[Appium][39m Attempting to load driver xcuitest...
[35m[Appium][39m Attempting to load driver uiautomator2...
[Appium] Appium REST http interface listener started on http://0.0.0.0:56562/wd/hub
[Appium] You can provide the following URLs in your client code to connect to this server:
[Appium] 	http://127.0.0.1:56562/wd/hub (only accessible from the same host)
[Appium] 	http://192.168.1.4:56562/wd/hub
[Appium] 	http://169.254.111.83:56562/wd/hub
[Appium] Available drivers:
[Appium]   - xcuitest@5.12.2 (automationName 'XCUITest')
[Appium]   - uiautomator2@2.40.0 (automationName 'UiAutomator2')
[Appium] No plugins have been installed. Use the "appium plugin" command to install the one(s) you want to use.
[38;5;0m[HTTP][0m [37m-->[39m [37mGET[39m [37m/wd/hub/status[39m
[38;5;0m[HTTP][0m {}
[38;5;0m[HTTP][0m <-- GET /wd/hub/status 200 2 ms - 199
[38;5;0m[HTTP][0m 
[38;5;0m[HTTP][0m [37m-->[39m [37mPOST[39m [37m/wd/hub/session[39m
[38;5;0m[HTTP][0m {"desiredCapabilities":{"appium:waitForAppScript":"true;","appium:newCommandTimeout":1800,"appium:automationName":"XCUITest","appium:fullReset":true,"appium:platformVersion":"17.4.1","appium:deviceId":"00008110-00112D590CD0201E","appium:noReset":false,"appium:udid":"00008110-00112D590CD0201E","appium:wdaLocalPort":56525,"appium:deviceName":"Safa’s iPhone","platformName":"iOS","appium:app":"/Users/safaamarir/APK/IOS/IS/IS_Preprod_2.2.1_290.ipa"},"capabilities":{"firstMatch":[{"appium:app":"/Users/safaamarir/APK/IOS/IS/IS_Preprod_2.2.1_290.ipa","appium:automationName":"XCUITest","appium:deviceId":"00008110-00112D590CD0201E","appium:deviceName":"Safa’s iPhone","appium:fullReset":true,"appium:newCommandTimeout":1800,"appium:noReset":false,"appium:platformVersion":"17.4.1","appium:udid":"00008110-00112D590CD0201E","appium:waitForAppScript":"true;","appium:wdaLocalPort":56525,"platformName":"ios"}]}}
[Appium] Attempting to find matching driver for automationName 'XCUITest' and platformName 'ios'
[Appium] The 'xcuitest' driver was installed and matched caps.
[Appium] Will require it at /Users/safaamarir/.appium/node_modules/appium-xcuitest-driver
[38;5;16m[AppiumDriver@c5a0][0m Appium v2.4.1 creating new XCUITestDriver (v5.12.2) session
[38;5;16m[AppiumDriver@c5a0][0m Checking BaseDriver versions for Appium and XCUITestDriver
[38;5;16m[AppiumDriver@c5a0][0m Appium's BaseDriver version is 9.5.0
[38;5;16m[AppiumDriver@c5a0][0m XCUITestDriver's BaseDriver version is 9.5.0
[38;5;32m[XCUITestDriver@6181][0m The following provided capabilities were not recognized by this driver:
[38;5;32m[XCUITestDriver@6181][0m   deviceId
[38;5;32m[XCUITestDriver@6181][0m   waitForAppScript
[38;5;32m[XCUITestDriver@6181 (a829c5a6)][0m Session created with session id: a829c5a6-897e-420a-88d2-080860fc1bd8
[38;5;32m[XCUITestDriver@6181 (a829c5a6)][0m Determining device to run tests on: udid: '00008110-00112D590CD0201E', real device: true
[38;5;32m[XCUITestDriver@6181 (a829c5a6)][0m Normalized platformVersion capability value '17.4.1' to '17.4'
[38;5;64m[BaseDriver][0m Using local app '/Users/safaamarir/APK/IOS/IS/IS_Preprod_2.2.1_290.ipa'
[38;5;32m[XCUITestDriver@6181 (a829c5a6)][0m 'Payload/eKareApp.app' is the resulting application bundle selected from '/Users/safaamarir/APK/IOS/IS/IS_Preprod_2.2.1_290.ipa'
[38;5;32m[XCUITestDriver@6181 (a829c5a6)][0m Using WDA path: '/Users/safaamarir/.appium/node_modules/appium-xcuitest-driver/node_modules/appium-webdriveragent'
[38;5;32m[XCUITestDriver@6181 (a829c5a6)][0m Using WDA agent: '/Users/safaamarir/.appium/node_modules/appium-xcuitest-driver/node_modules/appium-webdriveragent/WebDriverAgent.xcodeproj'
[38;5;32m[XCUITestDriver@6181 (a829c5a6)][0m Setting up real device
[38;5;32m[XCUITestDriver@6181 (a829c5a6)][0m App 'com.ekareinc.insight.healthcare' is not installed yet or it has an offload and cannot be detected, which might keep the local data.
[38;5;48m[XCUITest][0m App installation succeeded after 11789ms
[38;5;96m[DevCon Factory][0m Requesting connection for device 00008110-00112D590CD0201E on local port 56525, device port 56525
[38;5;96m[DevCon Factory][0m Successfully requested the connection for 00008110-00112D590CD0201E:56525
[38;5;112m[WD Proxy][0m socket hang up
[38;5;32m[XCUITestDriver@6181 (a829c5a6)][0m Launching WebDriverAgent on the device
[38;5;32m[XCUITestDriver@6181 (a829c5a6)][0m There is no need to perform the project cleanup. A fresh install has been detected
[38;5;32m[XCUITestDriver@6181 (a829c5a6)][0m socket hang up
[38;5;32m[XCUITestDriver@6181 (a829c5a6)][0m socket hang up
[38;5;32m[XCUITestDriver@6181 (a829c5a6)][0m socket hang up
[38;5;32m[XCUITestDriver@6181 (a829c5a6)][0m socket hang up
[38;5;32m[XCUITestDriver@6181 (a829c5a6)][0m socket hang up
[38;5;32m[XCUITestDriver@6181 (a829c5a6)][0m socket hang up
[38;5;32m[XCUITestDriver@6181 (a829c5a6)][0m socket hang up
[38;5;32m[XCUITestDriver@6181 (a829c5a6)][0m socket hang up
[38;5;32m[XCUITestDriver@6181 (a829c5a6)][0m socket hang up
[38;5;32m[XCUITestDriver@6181 (a829c5a6)][0m socket hang up
[38;5;32m[XCUITestDriver@6181 (a829c5a6)][0m socket hang up
[38;5;32m[XCUITestDriver@6181 (a829c5a6)][0m socket hang up
[38;5;32m[XCUITestDriver@6181 (a829c5a6)][0m socket hang up
[38;5;32m[XCUITestDriver@6181 (a829c5a6)][0m socket hang up
[38;5;32m[XCUITestDriver@6181 (a829c5a6)][0m socket hang up
[38;5;32m[XCUITestDriver@6181 (a829c5a6)][0m socket hang up
[38;5;32m[XCUITestDriver@6181 (a829c5a6)][0m socket hang up
[38;5;32m[XCUITestDriver@6181 (a829c5a6)][0m socket hang up
[38;5;32m[XCUITestDriver@6181 (a829c5a6)][0m socket hang up
[38;5;32m[XCUITestDriver@6181 (a829c5a6)][0m socket hang up
[38;5;32m[XCUITestDriver@6181 (a829c5a6)][0m socket hang up
[38;5;32m[XCUITestDriver@6181 (a829c5a6)][0m socket hang up
[38;5;32m[XCUITestDriver@6181 (a829c5a6)][0m Determined the downstream protocol as 'W3C'
[38;5;16m[AppiumDriver@c5a0][0m New XCUITestDriver session created successfully, session a829c5a6-897e-420a-88d2-080860fc1bd8 added to master session list
[38;5;0m[HTTP][0m <-- POST /wd/hub/session 200 43145 ms - 624
[38;5;0m[HTTP][0m 
[38;5;0m[HTTP][0m [37m-->[39m [37mGET[39m [37m/wd/hub/session/a829c5a6-897e-420a-88d2-080860fc1bd8[39m
[38;5;0m[HTTP][0m {}
[38;5;0m[HTTP][0m <-- GET /wd/hub/session/a829c5a6-897e-420a-88d2-080860fc1bd8 200 1 ms - 360
[38;5;0m[HTTP][0m 
[38;5;0m[HTTP][0m [37m-->[39m [37mGET[39m [37m/wd/hub/session/a829c5a6-897e-420a-88d2-080860fc1bd8[39m
[38;5;0m[HTTP][0m {}
[38;5;0m[HTTP][0m <-- GET /wd/hub/session/a829c5a6-897e-420a-88d2-080860fc1bd8 200 1 ms - 360
[38;5;0m[HTTP][0m 
[38;5;0m[HTTP][0m [37m-->[39m [37mGET[39m [37m/wd/hub/status[39m
[38;5;0m[HTTP][0m {}
[38;5;0m[HTTP][0m <-- GET /wd/hub/status 200 0 ms - 199
[38;5;0m[HTTP][0m 
[38;5;0m[HTTP][0m [37m-->[39m [37mPOST[39m [37m/wd/hub/session/a829c5a6-897e-420a-88d2-080860fc1bd8/timeouts[39m
[38;5;0m[HTTP][0m {"implicit":30000}
[38;5;0m[HTTP][0m <-- POST /wd/hub/session/a829c5a6-897e-420a-88d2-080860fc1bd8/timeouts 200 1 ms - 14
[38;5;0m[HTTP][0m 
[38;5;0m[HTTP][0m [37m-->[39m [37mPOST[39m [37m/wd/hub/session/a829c5a6-897e-420a-88d2-080860fc1bd8/execute/sync[39m
[38;5;0m[HTTP][0m {"script":"mobile: deviceScreenInfo","args":[]}
[38;5;0m[HTTP][0m <-- POST /wd/hub/session/a829c5a6-897e-420a-88d2-080860fc1bd8/execute/sync 200 217 ms - 63
[38;5;0m[HTTP][0m 
[38;5;0m[HTTP][0m [37m-->[39m [37mPOST[39m [37m/wd/hub/session/a829c5a6-897e-420a-88d2-080860fc1bd8/execute/sync[39m
[38;5;0m[HTTP][0m {"script":"mobile: deviceScreenInfo","args":[]}
[38;5;0m[HTTP][0m <-- POST /wd/hub/session/a829c5a6-897e-420a-88d2-080860fc1bd8/execute/sync 200 4 ms - 63
[38;5;0m[HTTP][0m 
[38;5;0m[HTTP][0m [37m-->[39m [37mPOST[39m [37m/wd/hub/session/a829c5a6-897e-420a-88d2-080860fc1bd8/timeouts[39m
[38;5;0m[HTTP][0m {"implicit":50}
[38;5;0m[HTTP][0m <-- POST /wd/hub/session/a829c5a6-897e-420a-88d2-080860fc1bd8/timeouts 200 1 ms - 14
[38;5;0m[HTTP][0m 
[38;5;0m[HTTP][0m [37m-->[39m [37mGET[39m [37m/wd/hub/session/a829c5a6-897e-420a-88d2-080860fc1bd8/window/rect[39m
[38;5;0m[HTTP][0m {}
[38;5;0m[HTTP][0m <-- GET /wd/hub/session/a829c5a6-897e-420a-88d2-080860fc1bd8/window/rect 200 110 ms - 48
[38;5;0m[HTTP][0m 
[38;5;0m[HTTP][0m [37m-->[39m [37mPOST[39m [37m/wd/hub/session/a829c5a6-897e-420a-88d2-080860fc1bd8/elements[39m
[38;5;0m[HTTP][0m {"using":"xpath","value":"//*[@type = 'XCUIElementTypeButton' and @label = 'Allow' and @name = 'Allow']"}
[38;5;0m[HTTP][0m <-- POST /wd/hub/session/a829c5a6-897e-420a-88d2-080860fc1bd8/elements 200 470 ms - 139
[38;5;0m[HTTP][0m 
[38;5;0m[HTTP][0m [37m-->[39m [37mGET[39m [37m/wd/hub/session/a829c5a6-897e-420a-88d2-080860fc1bd8/element/2A0D0000-0000-0000-2400-000000000000/location[39m
[38;5;0m[HTTP][0m {}
[38;5;0m[HTTP][0m <-- GET /wd/hub/session/a829c5a6-897e-420a-88d2-080860fc1bd8/element/2A0D0000-0000-0000-2400-000000000000/location 200 75 ms - 27
[38;5;0m[HTTP][0m 
[38;5;0m[HTTP][0m [37m-->[39m [37mPOST[39m [37m/wd/hub/session/a829c5a6-897e-420a-88d2-080860fc1bd8/timeouts[39m
[38;5;0m[HTTP][0m {"implicit":30000}
[38;5;0m[HTTP][0m <-- POST /wd/hub/session/a829c5a6-897e-420a-88d2-080860fc1bd8/timeouts 200 0 ms - 14
[38;5;0m[HTTP][0m 
[38;5;0m[HTTP][0m [37m-->[39m [37mPOST[39m [37m/wd/hub/session/a829c5a6-897e-420a-88d2-080860fc1bd8/element/2A0D0000-0000-0000-2400-000000000000/click[39m
[38;5;0m[HTTP][0m {"id":"2A0D0000-0000-0000-2400-000000000000"}
[38;5;32m[XCUITestDriver@6181 (a829c5a6)][0m Driver proxy active, passing request on via HTTP proxy
[38;5;32m[XCUITestDriver@6181 (a829c5a6)][0m Replacing sessionId BC5CAF6E-A864-4112-9186-22F01739D917 with a829c5a6-897e-420a-88d2-080860fc1bd8
[38;5;0m[HTTP][0m <-- POST /wd/hub/session/a829c5a6-897e-420a-88d2-080860fc1bd8/element/2A0D0000-0000-0000-2400-000000000000/click 200 798 ms - 65
[38;5;0m[HTTP][0m 
[38;5;0m[HTTP][0m [37m-->[39m [37mPOST[39m [37m/wd/hub/session/a829c5a6-897e-420a-88d2-080860fc1bd8/timeouts[39m
[38;5;0m[HTTP][0m {"implicit":50}
[38;5;0m[HTTP][0m <-- POST /wd/hub/session/a829c5a6-897e-420a-88d2-080860fc1bd8/timeouts 200 1 ms - 14
[38;5;0m[HTTP][0m 
[38;5;0m[HTTP][0m [37m-->[39m [37mGET[39m [37m/wd/hub/session/a829c5a6-897e-420a-88d2-080860fc1bd8/window/rect[39m
[38;5;0m[HTTP][0m {}
[38;5;0m[HTTP][0m <-- GET /wd/hub/session/a829c5a6-897e-420a-88d2-080860fc1bd8/window/rect 200 100 ms - 48
[38;5;0m[HTTP][0m 
[38;5;0m[HTTP][0m [37m-->[39m [37mPOST[39m [37m/wd/hub/session/a829c5a6-897e-420a-88d2-080860fc1bd8/elements[39m
[38;5;0m[HTTP][0m {"using":"xpath","value":"//*[@type = 'XCUIElementTypeTextField']"}
[38;5;0m[HTTP][0m <-- POST /wd/hub/session/a829c5a6-897e-420a-88d2-080860fc1bd8/elements 200 226 ms - 139
[38;5;0m[HTTP][0m 
[38;5;0m[HTTP][0m [37m-->[39m [37mGET[39m [37m/wd/hub/session/a829c5a6-897e-420a-88d2-080860fc1bd8/element/34000000-0000-0000-5126-000000000000/location[39m
[38;5;0m[HTTP][0m {}
[38;5;0m[HTTP][0m <-- GET /wd/hub/session/a829c5a6-897e-420a-88d2-080860fc1bd8/element/34000000-0000-0000-5126-000000000000/location 200 49 ms - 26
[38;5;0m[HTTP][0m 
[38;5;0m[HTTP][0m [37m-->[39m [37mPOST[39m [37m/wd/hub/session/a829c5a6-897e-420a-88d2-080860fc1bd8/timeouts[39m
[38;5;0m[HTTP][0m {"implicit":30000}
[38;5;0m[HTTP][0m <-- POST /wd/hub/session/a829c5a6-897e-420a-88d2-080860fc1bd8/timeouts 200 1 ms - 14
[38;5;0m[HTTP][0m 
[38;5;0m[HTTP][0m [37m-->[39m [37mPOST[39m [37m/wd/hub/session/a829c5a6-897e-420a-88d2-080860fc1bd8/element/34000000-0000-0000-5126-000000000000/clear[39m
[38;5;0m[HTTP][0m {"id":"34000000-0000-0000-5126-000000000000"}
[38;5;0m[HTTP][0m <-- POST /wd/hub/session/a829c5a6-897e-420a-88d2-080860fc1bd8/element/34000000-0000-0000-5126-000000000000/clear 200 49 ms - 14
[38;5;0m[HTTP][0m 
[38;5;0m[HTTP][0m [37m-->[39m [37mPOST[39m [37m/wd/hub/session/a829c5a6-897e-420a-88d2-080860fc1bd8/element/34000000-0000-0000-5126-000000000000/click[39m
[38;5;0m[HTTP][0m {"id":"34000000-0000-0000-5126-000000000000"}
[38;5;32m[XCUITestDriver@6181 (a829c5a6)][0m Driver proxy active, passing request on via HTTP proxy
[38;5;32m[XCUITestDriver@6181 (a829c5a6)][0m Replacing sessionId BC5CAF6E-A864-4112-9186-22F01739D917 with a829c5a6-897e-420a-88d2-080860fc1bd8
[38;5;0m[HTTP][0m <-- POST /wd/hub/session/a829c5a6-897e-420a-88d2-080860fc1bd8/element/34000000-0000-0000-5126-000000000000/click 200 911 ms - 65
[38;5;0m[HTTP][0m 
[38;5;0m[HTTP][0m [37m-->[39m [37mPOST[39m [37m/wd/hub/session/a829c5a6-897e-420a-88d2-080860fc1bd8/element/34000000-0000-0000-5126-000000000000/value[39m
[38;5;0m[HTTP][0m {"id":"34000000-0000-0000-5126-000000000000","text":"katalon","value":["k","a","t","a","l","o","n"]}
[38;5;0m[HTTP][0m <-- POST /wd/hub/session/a829c5a6-897e-420a-88d2-080860fc1bd8/element/34000000-0000-0000-5126-000000000000/value 200 527 ms - 14
[38;5;0m[HTTP][0m 
[38;5;0m[HTTP][0m [37m-->[39m [37mPOST[39m [37m/wd/hub/session/a829c5a6-897e-420a-88d2-080860fc1bd8/timeouts[39m
[38;5;0m[HTTP][0m {"implicit":50}
[38;5;0m[HTTP][0m <-- POST /wd/hub/session/a829c5a6-897e-420a-88d2-080860fc1bd8/timeouts 200 1 ms - 14
[38;5;0m[HTTP][0m 
[38;5;0m[HTTP][0m [37m-->[39m [37mGET[39m [37m/wd/hub/session/a829c5a6-897e-420a-88d2-080860fc1bd8/window/rect[39m
[38;5;0m[HTTP][0m {}
[38;5;0m[HTTP][0m <-- GET /wd/hub/session/a829c5a6-897e-420a-88d2-080860fc1bd8/window/rect 200 105 ms - 48
[38;5;0m[HTTP][0m 
[38;5;0m[HTTP][0m [37m-->[39m [37mPOST[39m [37m/wd/hub/session/a829c5a6-897e-420a-88d2-080860fc1bd8/elements[39m
[38;5;0m[HTTP][0m {"using":"xpath","value":"//*[@type = 'XCUIElementTypeSecureTextField']"}
[38;5;0m[HTTP][0m <-- POST /wd/hub/session/a829c5a6-897e-420a-88d2-080860fc1bd8/elements 200 414 ms - 139
[38;5;0m[HTTP][0m 
[38;5;0m[HTTP][0m [37m-->[39m [37mGET[39m [37m/wd/hub/session/a829c5a6-897e-420a-88d2-080860fc1bd8/element/35000000-0000-0000-5126-000000000000/location[39m
[38;5;0m[HTTP][0m {}
[38;5;0m[HTTP][0m <-- GET /wd/hub/session/a829c5a6-897e-420a-88d2-080860fc1bd8/element/35000000-0000-0000-5126-000000000000/location 200 86 ms - 26
[38;5;0m[HTTP][0m 
[38;5;0m[HTTP][0m [37m-->[39m [37mPOST[39m [37m/wd/hub/session/a829c5a6-897e-420a-88d2-080860fc1bd8/timeouts[39m
[38;5;0m[HTTP][0m {"implicit":30000}
[38;5;0m[HTTP][0m <-- POST /wd/hub/session/a829c5a6-897e-420a-88d2-080860fc1bd8/timeouts 200 0 ms - 14
[38;5;0m[HTTP][0m 
[38;5;0m[HTTP][0m [37m-->[39m [37mPOST[39m [37m/wd/hub/session/a829c5a6-897e-420a-88d2-080860fc1bd8/element/35000000-0000-0000-5126-000000000000/clear[39m
[38;5;0m[HTTP][0m {"id":"35000000-0000-0000-5126-000000000000"}
[38;5;0m[HTTP][0m <-- POST /wd/hub/session/a829c5a6-897e-420a-88d2-080860fc1bd8/element/35000000-0000-0000-5126-000000000000/clear 200 78 ms - 14
[38;5;0m[HTTP][0m 
[38;5;0m[HTTP][0m [37m-->[39m [37mPOST[39m [37m/wd/hub/session/a829c5a6-897e-420a-88d2-080860fc1bd8/element/35000000-0000-0000-5126-000000000000/click[39m
[38;5;0m[HTTP][0m {"id":"35000000-0000-0000-5126-000000000000"}
[38;5;32m[XCUITestDriver@6181 (a829c5a6)][0m Driver proxy active, passing request on via HTTP proxy
[38;5;32m[XCUITestDriver@6181 (a829c5a6)][0m Replacing sessionId BC5CAF6E-A864-4112-9186-22F01739D917 with a829c5a6-897e-420a-88d2-080860fc1bd8
[38;5;0m[HTTP][0m <-- POST /wd/hub/session/a829c5a6-897e-420a-88d2-080860fc1bd8/element/35000000-0000-0000-5126-000000000000/click 200 486 ms - 65
[38;5;0m[HTTP][0m 
[38;5;0m[HTTP][0m [37m-->[39m [37mPOST[39m [37m/wd/hub/session/a829c5a6-897e-420a-88d2-080860fc1bd8/element/35000000-0000-0000-5126-000000000000/value[39m
[38;5;0m[HTTP][0m {"id":"35000000-0000-0000-5126-000000000000","text":"eKare123@","value":["e","K","a","r","e","1","2","3","@"]}
[38;5;0m[HTTP][0m <-- POST /wd/hub/session/a829c5a6-897e-420a-88d2-080860fc1bd8/element/35000000-0000-0000-5126-000000000000/value 200 474 ms - 14
[38;5;0m[HTTP][0m 
[38;5;0m[HTTP][0m [37m-->[39m [37mPOST[39m [37m/wd/hub/session/a829c5a6-897e-420a-88d2-080860fc1bd8/timeouts[39m
[38;5;0m[HTTP][0m {"implicit":50}
[38;5;0m[HTTP][0m <-- POST /wd/hub/session/a829c5a6-897e-420a-88d2-080860fc1bd8/timeouts 200 2 ms - 14
[38;5;0m[HTTP][0m 
[38;5;0m[HTTP][0m [37m-->[39m [37mGET[39m [37m/wd/hub/session/a829c5a6-897e-420a-88d2-080860fc1bd8/window/rect[39m
[38;5;0m[HTTP][0m {}
[38;5;0m[HTTP][0m <-- GET /wd/hub/session/a829c5a6-897e-420a-88d2-080860fc1bd8/window/rect 200 113 ms - 48
[38;5;0m[HTTP][0m 
[38;5;0m[HTTP][0m [37m-->[39m [37mPOST[39m [37m/wd/hub/session/a829c5a6-897e-420a-88d2-080860fc1bd8/elements[39m
[38;5;0m[HTTP][0m {"using":"xpath","value":"//*[@type = 'XCUIElementTypeOther' and @label = 'SIGN IN' and @name = 'SIGN IN']"}
[38;5;0m[HTTP][0m <-- POST /wd/hub/session/a829c5a6-897e-420a-88d2-080860fc1bd8/elements 200 783 ms - 139
[38;5;0m[HTTP][0m 
[38;5;0m[HTTP][0m [37m-->[39m [37mGET[39m [37m/wd/hub/session/a829c5a6-897e-420a-88d2-080860fc1bd8/element/1B000000-0000-0000-5126-000000000000/location[39m
[38;5;0m[HTTP][0m {}
[38;5;0m[HTTP][0m <-- GET /wd/hub/session/a829c5a6-897e-420a-88d2-080860fc1bd8/element/1B000000-0000-0000-5126-000000000000/location 200 79 ms - 26
[38;5;0m[HTTP][0m 
[38;5;0m[HTTP][0m [37m-->[39m [37mPOST[39m [37m/wd/hub/session/a829c5a6-897e-420a-88d2-080860fc1bd8/timeouts[39m
[38;5;0m[HTTP][0m {"implicit":30000}
[38;5;0m[HTTP][0m <-- POST /wd/hub/session/a829c5a6-897e-420a-88d2-080860fc1bd8/timeouts 200 1 ms - 14
[38;5;0m[HTTP][0m 
[38;5;0m[HTTP][0m [37m-->[39m [37mPOST[39m [37m/wd/hub/session/a829c5a6-897e-420a-88d2-080860fc1bd8/element/1B000000-0000-0000-5126-000000000000/click[39m
[38;5;0m[HTTP][0m {"id":"1B000000-0000-0000-5126-000000000000"}
[38;5;32m[XCUITestDriver@6181 (a829c5a6)][0m Driver proxy active, passing request on via HTTP proxy
[38;5;32m[XCUITestDriver@6181 (a829c5a6)][0m Replacing sessionId BC5CAF6E-A864-4112-9186-22F01739D917 with a829c5a6-897e-420a-88d2-080860fc1bd8
[38;5;0m[HTTP][0m <-- POST /wd/hub/session/a829c5a6-897e-420a-88d2-080860fc1bd8/element/1B000000-0000-0000-5126-000000000000/click 200 841 ms - 65
[38;5;0m[HTTP][0m 
[38;5;0m[HTTP][0m [37m-->[39m [37mPOST[39m [37m/wd/hub/session/a829c5a6-897e-420a-88d2-080860fc1bd8/timeouts[39m
[38;5;0m[HTTP][0m {"implicit":50}
[38;5;0m[HTTP][0m <-- POST /wd/hub/session/a829c5a6-897e-420a-88d2-080860fc1bd8/timeouts 200 0 ms - 14
[38;5;0m[HTTP][0m 
[38;5;0m[HTTP][0m [37m-->[39m [37mGET[39m [37m/wd/hub/session/a829c5a6-897e-420a-88d2-080860fc1bd8/window/rect[39m
[38;5;0m[HTTP][0m {}
[38;5;0m[HTTP][0m <-- GET /wd/hub/session/a829c5a6-897e-420a-88d2-080860fc1bd8/window/rect 200 64 ms - 48
[38;5;0m[HTTP][0m 
[38;5;0m[HTTP][0m [37m-->[39m [37mPOST[39m [37m/wd/hub/session/a829c5a6-897e-420a-88d2-080860fc1bd8/elements[39m
[38;5;0m[HTTP][0m {"using":"xpath","value":"//XCUIElementTypeApplication/XCUIElementTypeWindow[1]/XCUIElementTypeOther[2]/XCUIElementTypeOther[1]/XCUIElementTypeOther[1]/XCUIElementTypeOther[2]/XCUIElementTypeOther[1]/XCUIElementTypeOther[1]/XCUIElementTypeOther[1]/XCUIElementTypeScrollView[1]/XCUIElementTypeOther[1]/XCUIElementTypeOther[1]/XCUIElementTypeOther[2]"}
[38;5;0m[HTTP][0m <-- POST /wd/hub/session/a829c5a6-897e-420a-88d2-080860fc1bd8/elements 200 155 ms - 139
[38;5;0m[HTTP][0m 
[38;5;0m[HTTP][0m [37m-->[39m [37mGET[39m [37m/wd/hub/session/a829c5a6-897e-420a-88d2-080860fc1bd8/element/92000000-0000-0000-5126-000000000000/location[39m
[38;5;0m[HTTP][0m {}
[38;5;0m[HTTP][0m <-- GET /wd/hub/session/a829c5a6-897e-420a-88d2-080860fc1bd8/element/92000000-0000-0000-5126-000000000000/location 200 36 ms - 26
[38;5;0m[HTTP][0m 
[38;5;0m[HTTP][0m [37m-->[39m [37mPOST[39m [37m/wd/hub/session/a829c5a6-897e-420a-88d2-080860fc1bd8/timeouts[39m
[38;5;0m[HTTP][0m {"implicit":30000}
[38;5;0m[HTTP][0m <-- POST /wd/hub/session/a829c5a6-897e-420a-88d2-080860fc1bd8/timeouts 200 1 ms - 14
[38;5;0m[HTTP][0m 
[38;5;0m[HTTP][0m [37m-->[39m [37mPOST[39m [37m/wd/hub/session/a829c5a6-897e-420a-88d2-080860fc1bd8/element/92000000-0000-0000-5126-000000000000/click[39m
[38;5;0m[HTTP][0m {"id":"92000000-0000-0000-5126-000000000000"}
[38;5;32m[XCUITestDriver@6181 (a829c5a6)][0m Driver proxy active, passing request on via HTTP proxy
[38;5;32m[XCUITestDriver@6181 (a829c5a6)][0m Replacing sessionId BC5CAF6E-A864-4112-9186-22F01739D917 with a829c5a6-897e-420a-88d2-080860fc1bd8
[38;5;0m[HTTP][0m <-- POST /wd/hub/session/a829c5a6-897e-420a-88d2-080860fc1bd8/element/92000000-0000-0000-5126-000000000000/click 200 364 ms - 65
[38;5;0m[HTTP][0m 
[38;5;0m[HTTP][0m [37m-->[39m [37mPOST[39m [37m/wd/hub/session/a829c5a6-897e-420a-88d2-080860fc1bd8/timeouts[39m
[38;5;0m[HTTP][0m {"implicit":50}
[38;5;0m[HTTP][0m <-- POST /wd/hub/session/a829c5a6-897e-420a-88d2-080860fc1bd8/timeouts 200 1 ms - 14
[38;5;0m[HTTP][0m 
[38;5;0m[HTTP][0m [37m-->[39m [37mGET[39m [37m/wd/hub/session/a829c5a6-897e-420a-88d2-080860fc1bd8/window/rect[39m
[38;5;0m[HTTP][0m {}
[38;5;0m[HTTP][0m <-- GET /wd/hub/session/a829c5a6-897e-420a-88d2-080860fc1bd8/window/rect 200 150 ms - 48
[38;5;0m[HTTP][0m 
[38;5;0m[HTTP][0m [37m-->[39m [37mPOST[39m [37m/wd/hub/session/a829c5a6-897e-420a-88d2-080860fc1bd8/elements[39m
[38;5;0m[HTTP][0m {"using":"xpath","value":"//XCUIElementTypeApplication/XCUIElementTypeWindow[1]/XCUIElementTypeOther[1]/XCUIElementTypeOther[1]/XCUIElementTypeOther[1]/XCUIElementTypeOther[1]/XCUIElementTypeOther[1]/XCUIElementTypeOther[1]/XCUIElementTypeOther[1]/XCUIElementTypeOther[1]/XCUIElementTypeOther[1]/XCUIElementTypeOther[1]/XCUIElementTypeOther[1]/XCUIElementTypeOther[2]/XCUIElementTypeOther[1]/XCUIElementTypeOther[1]/XCUIElementTypeOther[1]/XCUIElementTypeOther[1]/XCUIElementTypeOther[1]/XCUIElementTypeOther[2]/XCUIElementTypeOther[1]/XCUIElementTypeOther[1]/XCUIElementTypeOther[1]/XCUIElementTypeOther[1]/XCUIElementTypeOther[1]/XCUIElementTypeOther[2]/XCUIElementTypeOther[3]/XCUIElementTypeOther[1]"}
[38;5;0m[HTTP][0m <-- POST /wd/hub/session/a829c5a6-897e-420a-88d2-080860fc1bd8/elements 200 525 ms - 139
[38;5;0m[HTTP][0m 
[38;5;0m[HTTP][0m [37m-->[39m [37mGET[39m [37m/wd/hub/session/a829c5a6-897e-420a-88d2-080860fc1bd8/element/D6000000-0000-0000-5126-000000000000/location[39m
[38;5;0m[HTTP][0m {}
[38;5;0m[HTTP][0m <-- GET /wd/hub/session/a829c5a6-897e-420a-88d2-080860fc1bd8/element/D6000000-0000-0000-5126-000000000000/location 200 95 ms - 26
[38;5;0m[HTTP][0m 
[38;5;0m[HTTP][0m [37m-->[39m [37mPOST[39m [37m/wd/hub/session/a829c5a6-897e-420a-88d2-080860fc1bd8/timeouts[39m
[38;5;0m[HTTP][0m {"implicit":30000}
[38;5;0m[HTTP][0m <-- POST /wd/hub/session/a829c5a6-897e-420a-88d2-080860fc1bd8/timeouts 200 0 ms - 14
[38;5;0m[HTTP][0m 
[38;5;0m[HTTP][0m [37m-->[39m [37mPOST[39m [37m/wd/hub/session/a829c5a6-897e-420a-88d2-080860fc1bd8/element/D6000000-0000-0000-5126-000000000000/click[39m
[38;5;0m[HTTP][0m {"id":"D6000000-0000-0000-5126-000000000000"}
[38;5;32m[XCUITestDriver@6181 (a829c5a6)][0m Driver proxy active, passing request on via HTTP proxy
[38;5;32m[XCUITestDriver@6181 (a829c5a6)][0m Replacing sessionId BC5CAF6E-A864-4112-9186-22F01739D917 with a829c5a6-897e-420a-88d2-080860fc1bd8
[38;5;0m[HTTP][0m <-- POST /wd/hub/session/a829c5a6-897e-420a-88d2-080860fc1bd8/element/D6000000-0000-0000-5126-000000000000/click 200 512 ms - 65
[38;5;0m[HTTP][0m 
[38;5;0m[HTTP][0m [37m-->[39m [37mPOST[39m [37m/wd/hub/session/a829c5a6-897e-420a-88d2-080860fc1bd8/timeouts[39m
[38;5;0m[HTTP][0m {"implicit":50}
[38;5;0m[HTTP][0m <-- POST /wd/hub/session/a829c5a6-897e-420a-88d2-080860fc1bd8/timeouts 200 0 ms - 14
[38;5;0m[HTTP][0m 
[38;5;0m[HTTP][0m [37m-->[39m [37mGET[39m [37m/wd/hub/session/a829c5a6-897e-420a-88d2-080860fc1bd8/window/rect[39m
[38;5;0m[HTTP][0m {}
[38;5;0m[HTTP][0m <-- GET /wd/hub/session/a829c5a6-897e-420a-88d2-080860fc1bd8/window/rect 200 77 ms - 48
[38;5;0m[HTTP][0m 
[38;5;0m[HTTP][0m [37m-->[39m [37mPOST[39m [37m/wd/hub/session/a829c5a6-897e-420a-88d2-080860fc1bd8/elements[39m
[38;5;0m[HTTP][0m {"using":"xpath","value":"//*[@type = 'XCUIElementTypeSwitch' and @value = '1']"}
[38;5;0m[HTTP][0m <-- POST /wd/hub/session/a829c5a6-897e-420a-88d2-080860fc1bd8/elements 200 607 ms - 139
[38;5;0m[HTTP][0m 
[38;5;0m[HTTP][0m [37m-->[39m [37mGET[39m [37m/wd/hub/session/a829c5a6-897e-420a-88d2-080860fc1bd8/element/62010000-0000-0000-5126-000000000000/location[39m
[38;5;0m[HTTP][0m {}
[38;5;0m[HTTP][0m <-- GET /wd/hub/session/a829c5a6-897e-420a-88d2-080860fc1bd8/element/62010000-0000-0000-5126-000000000000/location 200 76 ms - 27
[38;5;0m[HTTP][0m 
[38;5;0m[HTTP][0m [37m-->[39m [37mPOST[39m [37m/wd/hub/session/a829c5a6-897e-420a-88d2-080860fc1bd8/timeouts[39m
[38;5;0m[HTTP][0m {"implicit":30000}
[38;5;0m[HTTP][0m <-- POST /wd/hub/session/a829c5a6-897e-420a-88d2-080860fc1bd8/timeouts 200 0 ms - 14
[38;5;0m[HTTP][0m 
[38;5;0m[HTTP][0m [37m-->[39m [37mPOST[39m [37m/wd/hub/session/a829c5a6-897e-420a-88d2-080860fc1bd8/element/62010000-0000-0000-5126-000000000000/click[39m
[38;5;0m[HTTP][0m {"id":"62010000-0000-0000-5126-000000000000"}
[38;5;32m[XCUITestDriver@6181 (a829c5a6)][0m Driver proxy active, passing request on via HTTP proxy
[38;5;32m[XCUITestDriver@6181 (a829c5a6)][0m Replacing sessionId BC5CAF6E-A864-4112-9186-22F01739D917 with a829c5a6-897e-420a-88d2-080860fc1bd8
[38;5;0m[HTTP][0m <-- POST /wd/hub/session/a829c5a6-897e-420a-88d2-080860fc1bd8/element/62010000-0000-0000-5126-000000000000/click 200 399 ms - 65
[38;5;0m[HTTP][0m 
[38;5;0m[HTTP][0m [37m-->[39m [37mPOST[39m [37m/wd/hub/session/a829c5a6-897e-420a-88d2-080860fc1bd8/timeouts[39m
[38;5;0m[HTTP][0m {"implicit":50}
[38;5;0m[HTTP][0m <-- POST /wd/hub/session/a829c5a6-897e-420a-88d2-080860fc1bd8/timeouts 200 0 ms - 14
[38;5;0m[HTTP][0m 
[38;5;0m[HTTP][0m [37m-->[39m [37mGET[39m [37m/wd/hub/session/a829c5a6-897e-420a-88d2-080860fc1bd8/window/rect[39m
[38;5;0m[HTTP][0m {}
[38;5;0m[HTTP][0m <-- GET /wd/hub/session/a829c5a6-897e-420a-88d2-080860fc1bd8/window/rect 200 85 ms - 48
[38;5;0m[HTTP][0m 
[38;5;0m[HTTP][0m [37m-->[39m [37mPOST[39m [37m/wd/hub/session/a829c5a6-897e-420a-88d2-080860fc1bd8/elements[39m
[38;5;0m[HTTP][0m {"using":"xpath","value":"//*[@type = 'XCUIElementTypeOther' and @label = 'Apply' and @name = 'Apply']"}
[38;5;0m[HTTP][0m <-- POST /wd/hub/session/a829c5a6-897e-420a-88d2-080860fc1bd8/elements 200 609 ms - 139
[38;5;0m[HTTP][0m 
[38;5;0m[HTTP][0m [37m-->[39m [37mGET[39m [37m/wd/hub/session/a829c5a6-897e-420a-88d2-080860fc1bd8/element/3F010000-0000-0000-5126-000000000000/location[39m
[38;5;0m[HTTP][0m {}
[38;5;0m[HTTP][0m <-- GET /wd/hub/session/a829c5a6-897e-420a-88d2-080860fc1bd8/element/3F010000-0000-0000-5126-000000000000/location 200 76 ms - 27
[38;5;0m[HTTP][0m 
[38;5;0m[HTTP][0m [37m-->[39m [37mPOST[39m [37m/wd/hub/session/a829c5a6-897e-420a-88d2-080860fc1bd8/timeouts[39m
[38;5;0m[HTTP][0m {"implicit":30000}
[38;5;0m[HTTP][0m <-- POST /wd/hub/session/a829c5a6-897e-420a-88d2-080860fc1bd8/timeouts 200 0 ms - 14
[38;5;0m[HTTP][0m 
[38;5;0m[HTTP][0m [37m-->[39m [37mPOST[39m [37m/wd/hub/session/a829c5a6-897e-420a-88d2-080860fc1bd8/element/3F010000-0000-0000-5126-000000000000/click[39m
[38;5;0m[HTTP][0m {"id":"3F010000-0000-0000-5126-000000000000"}
[38;5;32m[XCUITestDriver@6181 (a829c5a6)][0m Driver proxy active, passing request on via HTTP proxy
[38;5;32m[XCUITestDriver@6181 (a829c5a6)][0m Replacing sessionId BC5CAF6E-A864-4112-9186-22F01739D917 with a829c5a6-897e-420a-88d2-080860fc1bd8
[38;5;0m[HTTP][0m <-- POST /wd/hub/session/a829c5a6-897e-420a-88d2-080860fc1bd8/element/3F010000-0000-0000-5126-000000000000/click 200 478 ms - 65
[38;5;0m[HTTP][0m 
[38;5;0m[HTTP][0m [37m-->[39m [37mPOST[39m [37m/wd/hub/session/a829c5a6-897e-420a-88d2-080860fc1bd8/timeouts[39m
[38;5;0m[HTTP][0m {"implicit":50}
[38;5;0m[HTTP][0m <-- POST /wd/hub/session/a829c5a6-897e-420a-88d2-080860fc1bd8/timeouts 200 1 ms - 14
[38;5;0m[HTTP][0m 
[38;5;0m[HTTP][0m [37m-->[39m [37mGET[39m [37m/wd/hub/session/a829c5a6-897e-420a-88d2-080860fc1bd8/window/rect[39m
[38;5;0m[HTTP][0m {}
[38;5;0m[HTTP][0m <-- GET /wd/hub/session/a829c5a6-897e-420a-88d2-080860fc1bd8/window/rect 200 120 ms - 48
[38;5;0m[HTTP][0m 
[38;5;0m[HTTP][0m [37m-->[39m [37mPOST[39m [37m/wd/hub/session/a829c5a6-897e-420a-88d2-080860fc1bd8/elements[39m
[38;5;0m[HTTP][0m {"using":"xpath","value":"//*[@type = 'XCUIElementTypeStaticText' and @label = 'All Patients' and @name = 'All Patients' and @value = 'All Patients']"}
[38;5;0m[HTTP][0m <-- POST /wd/hub/session/a829c5a6-897e-420a-88d2-080860fc1bd8/elements 200 1022 ms - 12
[38;5;0m[HTTP][0m 
[38;5;0m[HTTP][0m [37m-->[39m [37mPOST[39m [37m/wd/hub/session/a829c5a6-897e-420a-88d2-080860fc1bd8/elements[39m
[38;5;0m[HTTP][0m {"using":"xpath","value":"//*[@type = 'XCUIElementTypeStaticText' and @label = 'All Patients' and @name = 'All Patients' and @value = 'All Patients']"}
[38;5;0m[HTTP][0m <-- POST /wd/hub/session/a829c5a6-897e-420a-88d2-080860fc1bd8/elements 200 1143 ms - 139
[38;5;0m[HTTP][0m 
[38;5;0m[HTTP][0m [37m-->[39m [37mGET[39m [37m/wd/hub/session/a829c5a6-897e-420a-88d2-080860fc1bd8/element/7B010000-0000-0000-5126-000000000000/location[39m
[38;5;0m[HTTP][0m {}
[38;5;0m[HTTP][0m <-- GET /wd/hub/session/a829c5a6-897e-420a-88d2-080860fc1bd8/element/7B010000-0000-0000-5126-000000000000/location 200 96 ms - 26
[38;5;0m[HTTP][0m 
[38;5;0m[HTTP][0m [37m-->[39m [37mPOST[39m [37m/wd/hub/session/a829c5a6-897e-420a-88d2-080860fc1bd8/timeouts[39m
[38;5;0m[HTTP][0m {"implicit":30000}
[38;5;0m[HTTP][0m <-- POST /wd/hub/session/a829c5a6-897e-420a-88d2-080860fc1bd8/timeouts 200 0 ms - 14
[38;5;0m[HTTP][0m 
[38;5;0m[HTTP][0m [37m-->[39m [37mGET[39m [37m/wd/hub/session/a829c5a6-897e-420a-88d2-080860fc1bd8/element/7B010000-0000-0000-5126-000000000000/text[39m
[38;5;0m[HTTP][0m {}
[38;5;32m[XCUITestDriver@6181 (a829c5a6)][0m Driver proxy active, passing request on via HTTP proxy
[38;5;32m[XCUITestDriver@6181 (a829c5a6)][0m Replacing sessionId BC5CAF6E-A864-4112-9186-22F01739D917 with a829c5a6-897e-420a-88d2-080860fc1bd8
[38;5;0m[HTTP][0m <-- GET /wd/hub/session/a829c5a6-897e-420a-88d2-080860fc1bd8/element/7B010000-0000-0000-5126-000000000000/text 200 86 ms - 75
[38;5;0m[HTTP][0m 
[38;5;0m[HTTP][0m [37m-->[39m [37mPOST[39m [37m/wd/hub/session/a829c5a6-897e-420a-88d2-080860fc1bd8/timeouts[39m
[38;5;0m[HTTP][0m {"implicit":50}
[38;5;0m[HTTP][0m <-- POST /wd/hub/session/a829c5a6-897e-420a-88d2-080860fc1bd8/timeouts 200 0 ms - 14
[38;5;0m[HTTP][0m 
[38;5;0m[HTTP][0m [37m-->[39m [37mGET[39m [37m/wd/hub/session/a829c5a6-897e-420a-88d2-080860fc1bd8/window/rect[39m
[38;5;0m[HTTP][0m {}
[38;5;0m[HTTP][0m <-- GET /wd/hub/session/a829c5a6-897e-420a-88d2-080860fc1bd8/window/rect 200 140 ms - 48
[38;5;0m[HTTP][0m 
[38;5;0m[HTTP][0m [37m-->[39m [37mPOST[39m [37m/wd/hub/session/a829c5a6-897e-420a-88d2-080860fc1bd8/elements[39m
[38;5;0m[HTTP][0m {"using":"xpath","value":"//XCUIElementTypeApplication/XCUIElementTypeWindow[1]/XCUIElementTypeOther[1]/XCUIElementTypeOther[1]/XCUIElementTypeOther[1]/XCUIElementTypeOther[1]/XCUIElementTypeOther[1]/XCUIElementTypeOther[1]/XCUIElementTypeOther[1]/XCUIElementTypeOther[1]/XCUIElementTypeOther[1]/XCUIElementTypeOther[1]/XCUIElementTypeOther[1]/XCUIElementTypeOther[2]/XCUIElementTypeOther[1]/XCUIElementTypeOther[1]/XCUIElementTypeOther[1]/XCUIElementTypeOther[1]/XCUIElementTypeOther[1]/XCUIElementTypeOther[2]/XCUIElementTypeOther[1]/XCUIElementTypeOther[1]/XCUIElementTypeOther[1]/XCUIElementTypeOther[1]/XCUIElementTypeOther[3]/XCUIElementTypeOther[1]/XCUIElementTypeOther[2]/XCUIElementTypeTextField[1]"}
[38;5;0m[HTTP][0m <-- POST /wd/hub/session/a829c5a6-897e-420a-88d2-080860fc1bd8/elements 200 545 ms - 139
[38;5;0m[HTTP][0m 
[38;5;0m[HTTP][0m [37m-->[39m [37mGET[39m [37m/wd/hub/session/a829c5a6-897e-420a-88d2-080860fc1bd8/element/DA000000-0000-0000-5126-000000000000/location[39m
[38;5;0m[HTTP][0m {}
[38;5;0m[HTTP][0m <-- GET /wd/hub/session/a829c5a6-897e-420a-88d2-080860fc1bd8/element/DA000000-0000-0000-5126-000000000000/location 200 111 ms - 26
[38;5;0m[HTTP][0m 
[38;5;0m[HTTP][0m [37m-->[39m [37mPOST[39m [37m/wd/hub/session/a829c5a6-897e-420a-88d2-080860fc1bd8/timeouts[39m
[38;5;0m[HTTP][0m {"implicit":30000}
[38;5;0m[HTTP][0m <-- POST /wd/hub/session/a829c5a6-897e-420a-88d2-080860fc1bd8/timeouts 200 0 ms - 14
[38;5;0m[HTTP][0m 
[38;5;0m[HTTP][0m [37m-->[39m [37mPOST[39m [37m/wd/hub/session/a829c5a6-897e-420a-88d2-080860fc1bd8/element/DA000000-0000-0000-5126-000000000000/clear[39m
[38;5;0m[HTTP][0m {"id":"DA000000-0000-0000-5126-000000000000"}
[38;5;0m[HTTP][0m <-- POST /wd/hub/session/a829c5a6-897e-420a-88d2-080860fc1bd8/element/DA000000-0000-0000-5126-000000000000/clear 200 1438 ms - 14
[38;5;0m[HTTP][0m 
[38;5;0m[HTTP][0m [37m-->[39m [37mPOST[39m [37m/wd/hub/session/a829c5a6-897e-420a-88d2-080860fc1bd8/element/DA000000-0000-0000-5126-000000000000/click[39m
[38;5;0m[HTTP][0m {"id":"DA000000-0000-0000-5126-000000000000"}
[38;5;32m[XCUITestDriver@6181 (a829c5a6)][0m Driver proxy active, passing request on via HTTP proxy
[38;5;32m[XCUITestDriver@6181 (a829c5a6)][0m Replacing sessionId BC5CAF6E-A864-4112-9186-22F01739D917 with a829c5a6-897e-420a-88d2-080860fc1bd8
[38;5;0m[HTTP][0m <-- POST /wd/hub/session/a829c5a6-897e-420a-88d2-080860fc1bd8/element/DA000000-0000-0000-5126-000000000000/click 200 487 ms - 65
[38;5;0m[HTTP][0m 
[38;5;0m[HTTP][0m [37m-->[39m [37mPOST[39m [37m/wd/hub/session/a829c5a6-897e-420a-88d2-080860fc1bd8/element/DA000000-0000-0000-5126-000000000000/value[39m
[38;5;0m[HTTP][0m {"id":"DA000000-0000-0000-5126-000000000000","text":"6768","value":["6","7","6","8"]}
[38;5;0m[HTTP][0m <-- POST /wd/hub/session/a829c5a6-897e-420a-88d2-080860fc1bd8/element/DA000000-0000-0000-5126-000000000000/value 200 393 ms - 14
[38;5;0m[HTTP][0m 
[38;5;0m[HTTP][0m [37m-->[39m [37mPOST[39m [37m/wd/hub/session/a829c5a6-897e-420a-88d2-080860fc1bd8/timeouts[39m
[38;5;0m[HTTP][0m {"implicit":50}
[38;5;0m[HTTP][0m <-- POST /wd/hub/session/a829c5a6-897e-420a-88d2-080860fc1bd8/timeouts 200 1 ms - 14
[38;5;0m[HTTP][0m 
[38;5;0m[HTTP][0m [37m-->[39m [37mGET[39m [37m/wd/hub/session/a829c5a6-897e-420a-88d2-080860fc1bd8/window/rect[39m
[38;5;0m[HTTP][0m {}
[38;5;0m[HTTP][0m <-- GET /wd/hub/session/a829c5a6-897e-420a-88d2-080860fc1bd8/window/rect 200 127 ms - 48
[38;5;0m[HTTP][0m 
[38;5;0m[HTTP][0m [37m-->[39m [37mPOST[39m [37m/wd/hub/session/a829c5a6-897e-420a-88d2-080860fc1bd8/elements[39m
[38;5;0m[HTTP][0m {"using":"xpath","value":"//XCUIElementTypeApplication/XCUIElementTypeWindow[1]/XCUIElementTypeOther[1]/XCUIElementTypeOther[1]/XCUIElementTypeOther[1]/XCUIElementTypeOther[1]/XCUIElementTypeOther[1]/XCUIElementTypeOther[1]/XCUIElementTypeOther[1]/XCUIElementTypeOther[1]/XCUIElementTypeOther[1]/XCUIElementTypeOther[1]/XCUIElementTypeOther[1]/XCUIElementTypeOther[2]/XCUIElementTypeOther[1]/XCUIElementTypeOther[1]/XCUIElementTypeOther[1]/XCUIElementTypeOther[1]/XCUIElementTypeOther[1]/XCUIElementTypeOther[2]/XCUIElementTypeOther[1]/XCUIElementTypeOther[1]/XCUIElementTypeOther[1]/XCUIElementTypeOther[1]/XCUIElementTypeOther[4]/XCUIElementTypeScrollView[1]/XCUIElementTypeOther[2]/XCUIElementTypeOther[1]/XCUIElementTypeOther[1]/XCUIElementTypeOther[1]/XCUIElementTypeOther[1]"}
[38;5;0m[HTTP][0m <-- POST /wd/hub/session/a829c5a6-897e-420a-88d2-080860fc1bd8/elements 200 463 ms - 139
[38;5;0m[HTTP][0m 
[38;5;0m[HTTP][0m [37m-->[39m [37mGET[39m [37m/wd/hub/session/a829c5a6-897e-420a-88d2-080860fc1bd8/element/81010000-0000-0000-5126-000000000000/location[39m
[38;5;0m[HTTP][0m {}
[38;5;0m[HTTP][0m <-- GET /wd/hub/session/a829c5a6-897e-420a-88d2-080860fc1bd8/element/81010000-0000-0000-5126-000000000000/location 200 82 ms - 25
[38;5;0m[HTTP][0m 
[38;5;0m[HTTP][0m [37m-->[39m [37mPOST[39m [37m/wd/hub/session/a829c5a6-897e-420a-88d2-080860fc1bd8/timeouts[39m
[38;5;0m[HTTP][0m {"implicit":30000}
[38;5;0m[HTTP][0m <-- POST /wd/hub/session/a829c5a6-897e-420a-88d2-080860fc1bd8/timeouts 200 0 ms - 14
[38;5;0m[HTTP][0m 
[38;5;0m[HTTP][0m [37m-->[39m [37mPOST[39m [37m/wd/hub/session/a829c5a6-897e-420a-88d2-080860fc1bd8/element/81010000-0000-0000-5126-000000000000/click[39m
[38;5;0m[HTTP][0m {"id":"81010000-0000-0000-5126-000000000000"}
[38;5;32m[XCUITestDriver@6181 (a829c5a6)][0m Driver proxy active, passing request on via HTTP proxy
[38;5;32m[XCUITestDriver@6181 (a829c5a6)][0m Replacing sessionId BC5CAF6E-A864-4112-9186-22F01739D917 with a829c5a6-897e-420a-88d2-080860fc1bd8
[38;5;0m[HTTP][0m <-- POST /wd/hub/session/a829c5a6-897e-420a-88d2-080860fc1bd8/element/81010000-0000-0000-5126-000000000000/click 200 860 ms - 65
[38;5;0m[HTTP][0m 
[38;5;0m[HTTP][0m [37m-->[39m [37mPOST[39m [37m/wd/hub/session/a829c5a6-897e-420a-88d2-080860fc1bd8/timeouts[39m
[38;5;0m[HTTP][0m {"implicit":50}
[38;5;0m[HTTP][0m <-- POST /wd/hub/session/a829c5a6-897e-420a-88d2-080860fc1bd8/timeouts 200 0 ms - 14
[38;5;0m[HTTP][0m 
[38;5;0m[HTTP][0m [37m-->[39m [37mGET[39m [37m/wd/hub/session/a829c5a6-897e-420a-88d2-080860fc1bd8/window/rect[39m
[38;5;0m[HTTP][0m {}
[38;5;0m[HTTP][0m <-- GET /wd/hub/session/a829c5a6-897e-420a-88d2-080860fc1bd8/window/rect 200 197 ms - 48
[38;5;0m[HTTP][0m 
[38;5;0m[HTTP][0m [37m-->[39m [37mPOST[39m [37m/wd/hub/session/a829c5a6-897e-420a-88d2-080860fc1bd8/elements[39m
[38;5;0m[HTTP][0m {"using":"xpath","value":"//XCUIElementTypeApplication/XCUIElementTypeWindow[1]/XCUIElementTypeOther[1]/XCUIElementTypeOther[1]/XCUIElementTypeOther[1]/XCUIElementTypeOther[1]/XCUIElementTypeOther[1]/XCUIElementTypeOther[1]/XCUIElementTypeOther[1]/XCUIElementTypeOther[1]/XCUIElementTypeOther[1]/XCUIElementTypeOther[1]/XCUIElementTypeOther[1]/XCUIElementTypeOther[2]/XCUIElementTypeOther[1]/XCUIElementTypeOther[1]/XCUIElementTypeOther[1]/XCUIElementTypeOther[1]/XCUIElementTypeOther[1]/XCUIElementTypeOther[2]/XCUIElementTypeOther[1]/XCUIElementTypeOther[1]/XCUIElementTypeOther[1]/XCUIElementTypeOther[1]/XCUIElementTypeOther[4]/XCUIElementTypeScrollView[1]/XCUIElementTypeOther[2]/XCUIElementTypeOther[1]/XCUIElementTypeOther[1]/XCUIElementTypeOther[1]/XCUIElementTypeOther[1]"}
[38;5;0m[HTTP][0m <-- POST /wd/hub/session/a829c5a6-897e-420a-88d2-080860fc1bd8/elements 200 361 ms - 139
[38;5;0m[HTTP][0m 
[38;5;0m[HTTP][0m [37m-->[39m [37mGET[39m [37m/wd/hub/session/a829c5a6-897e-420a-88d2-080860fc1bd8/element/81010000-0000-0000-5126-000000000000/location[39m
[38;5;0m[HTTP][0m {}
[38;5;0m[HTTP][0m <-- GET /wd/hub/session/a829c5a6-897e-420a-88d2-080860fc1bd8/element/81010000-0000-0000-5126-000000000000/location 200 70 ms - 25
[38;5;0m[HTTP][0m 
[38;5;0m[HTTP][0m [37m-->[39m [37mPOST[39m [37m/wd/hub/session/a829c5a6-897e-420a-88d2-080860fc1bd8/timeouts[39m
[38;5;0m[HTTP][0m {"implicit":30000}
[38;5;0m[HTTP][0m <-- POST /wd/hub/session/a829c5a6-897e-420a-88d2-080860fc1bd8/timeouts 200 0 ms - 14
[38;5;0m[HTTP][0m 
[38;5;0m[HTTP][0m [37m-->[39m [37mPOST[39m [37m/wd/hub/session/a829c5a6-897e-420a-88d2-080860fc1bd8/element/81010000-0000-0000-5126-000000000000/click[39m
[38;5;0m[HTTP][0m {"id":"81010000-0000-0000-5126-000000000000"}
[38;5;32m[XCUITestDriver@6181 (a829c5a6)][0m Driver proxy active, passing request on via HTTP proxy
[38;5;32m[XCUITestDriver@6181 (a829c5a6)][0m Replacing sessionId BC5CAF6E-A864-4112-9186-22F01739D917 with a829c5a6-897e-420a-88d2-080860fc1bd8
[38;5;0m[HTTP][0m <-- POST /wd/hub/session/a829c5a6-897e-420a-88d2-080860fc1bd8/element/81010000-0000-0000-5126-000000000000/click 200 476 ms - 65
[38;5;0m[HTTP][0m 
[38;5;0m[HTTP][0m [37m-->[39m [37mPOST[39m [37m/wd/hub/session/a829c5a6-897e-420a-88d2-080860fc1bd8/timeouts[39m
[38;5;0m[HTTP][0m {"implicit":50}
[38;5;0m[HTTP][0m <-- POST /wd/hub/session/a829c5a6-897e-420a-88d2-080860fc1bd8/timeouts 200 0 ms - 14
[38;5;0m[HTTP][0m 
[38;5;0m[HTTP][0m [37m-->[39m [37mGET[39m [37m/wd/hub/session/a829c5a6-897e-420a-88d2-080860fc1bd8/window/rect[39m
[38;5;0m[HTTP][0m {}
[38;5;0m[HTTP][0m <-- GET /wd/hub/session/a829c5a6-897e-420a-88d2-080860fc1bd8/window/rect 200 59 ms - 48
[38;5;0m[HTTP][0m 
[38;5;0m[HTTP][0m [37m-->[39m [37mPOST[39m [37m/wd/hub/session/a829c5a6-897e-420a-88d2-080860fc1bd8/elements[39m
[38;5;0m[HTTP][0m {"using":"xpath","value":"//XCUIElementTypeApplication/XCUIElementTypeWindow[1]/XCUIElementTypeOther[1]/XCUIElementTypeOther[1]/XCUIElementTypeOther[1]/XCUIElementTypeOther[1]/XCUIElementTypeOther[1]/XCUIElementTypeOther[1]/XCUIElementTypeOther[1]/XCUIElementTypeOther[1]/XCUIElementTypeOther[1]/XCUIElementTypeOther[1]/XCUIElementTypeOther[1]/XCUIElementTypeOther[2]/XCUIElementTypeOther[1]/XCUIElementTypeOther[1]/XCUIElementTypeOther[1]/XCUIElementTypeOther[1]/XCUIElementTypeOther[1]/XCUIElementTypeOther[2]/XCUIElementTypeOther[1]/XCUIElementTypeOther[2]/XCUIElementTypeOther[1]/XCUIElementTypeOther[1]/XCUIElementTypeOther[1]/XCUIElementTypeOther[2]/XCUIElementTypeOther[4]/XCUIElementTypeOther[1]"}
[38;5;0m[HTTP][0m <-- POST /wd/hub/session/a829c5a6-897e-420a-88d2-080860fc1bd8/elements 200 117 ms - 12
[38;5;0m[HTTP][0m 
[38;5;0m[HTTP][0m [37m-->[39m [37mPOST[39m [37m/wd/hub/session/a829c5a6-897e-420a-88d2-080860fc1bd8/elements[39m
[38;5;0m[HTTP][0m {"using":"xpath","value":"//XCUIElementTypeApplication/XCUIElementTypeWindow[1]/XCUIElementTypeOther[1]/XCUIElementTypeOther[1]/XCUIElementTypeOther[1]/XCUIElementTypeOther[1]/XCUIElementTypeOther[1]/XCUIElementTypeOther[1]/XCUIElementTypeOther[1]/XCUIElementTypeOther[1]/XCUIElementTypeOther[1]/XCUIElementTypeOther[1]/XCUIElementTypeOther[1]/XCUIElementTypeOther[2]/XCUIElementTypeOther[1]/XCUIElementTypeOther[1]/XCUIElementTypeOther[1]/XCUIElementTypeOther[1]/XCUIElementTypeOther[1]/XCUIElementTypeOther[2]/XCUIElementTypeOther[1]/XCUIElementTypeOther[2]/XCUIElementTypeOther[1]/XCUIElementTypeOther[1]/XCUIElementTypeOther[1]/XCUIElementTypeOther[2]/XCUIElementTypeOther[4]/XCUIElementTypeOther[1]"}
[38;5;0m[HTTP][0m <-- POST /wd/hub/session/a829c5a6-897e-420a-88d2-080860fc1bd8/elements 200 366 ms - 12
[38;5;0m[HTTP][0m 
[38;5;0m[HTTP][0m [37m-->[39m [37mPOST[39m [37m/wd/hub/session/a829c5a6-897e-420a-88d2-080860fc1bd8/elements[39m
[38;5;0m[HTTP][0m {"using":"xpath","value":"//XCUIElementTypeApplication/XCUIElementTypeWindow[1]/XCUIElementTypeOther[1]/XCUIElementTypeOther[1]/XCUIElementTypeOther[1]/XCUIElementTypeOther[1]/XCUIElementTypeOther[1]/XCUIElementTypeOther[1]/XCUIElementTypeOther[1]/XCUIElementTypeOther[1]/XCUIElementTypeOther[1]/XCUIElementTypeOther[1]/XCUIElementTypeOther[1]/XCUIElementTypeOther[2]/XCUIElementTypeOther[1]/XCUIElementTypeOther[1]/XCUIElementTypeOther[1]/XCUIElementTypeOther[1]/XCUIElementTypeOther[1]/XCUIElementTypeOther[2]/XCUIElementTypeOther[1]/XCUIElementTypeOther[2]/XCUIElementTypeOther[1]/XCUIElementTypeOther[1]/XCUIElementTypeOther[1]/XCUIElementTypeOther[2]/XCUIElementTypeOther[4]/XCUIElementTypeOther[1]"}
[38;5;0m[HTTP][0m <-- POST /wd/hub/session/a829c5a6-897e-420a-88d2-080860fc1bd8/elements 200 485 ms - 139
[38;5;0m[HTTP][0m 
[38;5;0m[HTTP][0m [37m-->[39m [37mGET[39m [37m/wd/hub/session/a829c5a6-897e-420a-88d2-080860fc1bd8/element/BD010000-0000-0000-5126-000000000000/location[39m
[38;5;0m[HTTP][0m {}
[38;5;0m[HTTP][0m <-- GET /wd/hub/session/a829c5a6-897e-420a-88d2-080860fc1bd8/element/BD010000-0000-0000-5126-000000000000/location 200 78 ms - 26
[38;5;0m[HTTP][0m 
[38;5;0m[HTTP][0m [37m-->[39m [37mPOST[39m [37m/wd/hub/session/a829c5a6-897e-420a-88d2-080860fc1bd8/timeouts[39m
[38;5;0m[HTTP][0m {"implicit":30000}
[38;5;0m[HTTP][0m <-- POST /wd/hub/session/a829c5a6-897e-420a-88d2-080860fc1bd8/timeouts 200 0 ms - 14
[38;5;0m[HTTP][0m 
[38;5;0m[HTTP][0m [37m-->[39m [37mPOST[39m [37m/wd/hub/session/a829c5a6-897e-420a-88d2-080860fc1bd8/element/BD010000-0000-0000-5126-000000000000/click[39m
[38;5;0m[HTTP][0m {"id":"BD010000-0000-0000-5126-000000000000"}
[38;5;32m[XCUITestDriver@6181 (a829c5a6)][0m Driver proxy active, passing request on via HTTP proxy
[38;5;32m[XCUITestDriver@6181 (a829c5a6)][0m Replacing sessionId BC5CAF6E-A864-4112-9186-22F01739D917 with a829c5a6-897e-420a-88d2-080860fc1bd8
[38;5;0m[HTTP][0m <-- POST /wd/hub/session/a829c5a6-897e-420a-88d2-080860fc1bd8/element/BD010000-0000-0000-5126-000000000000/click 200 446 ms - 65
[38;5;0m[HTTP][0m 
[38;5;0m[HTTP][0m [37m-->[39m [37mPOST[39m [37m/wd/hub/session/a829c5a6-897e-420a-88d2-080860fc1bd8/timeouts[39m
[38;5;0m[HTTP][0m {"implicit":50}
[38;5;0m[HTTP][0m <-- POST /wd/hub/session/a829c5a6-897e-420a-88d2-080860fc1bd8/timeouts 200 0 ms - 14
[38;5;0m[HTTP][0m 
[38;5;0m[HTTP][0m [37m-->[39m [37mGET[39m [37m/wd/hub/session/a829c5a6-897e-420a-88d2-080860fc1bd8/window/rect[39m
[38;5;0m[HTTP][0m {}
[38;5;0m[HTTP][0m <-- GET /wd/hub/session/a829c5a6-897e-420a-88d2-080860fc1bd8/window/rect 200 99 ms - 48
[38;5;0m[HTTP][0m 
[38;5;0m[HTTP][0m [37m-->[39m [37mPOST[39m [37m/wd/hub/session/a829c5a6-897e-420a-88d2-080860fc1bd8/elements[39m
[38;5;0m[HTTP][0m {"using":"xpath","value":"//*[@type = 'XCUIElementTypeOther' and @label = 'UnFreeze patient' and @name = 'UnFreeze patient']"}
[38;5;0m[HTTP][0m <-- POST /wd/hub/session/a829c5a6-897e-420a-88d2-080860fc1bd8/elements 200 605 ms - 139
[38;5;0m[HTTP][0m 
[38;5;0m[HTTP][0m [37m-->[39m [37mGET[39m [37m/wd/hub/session/a829c5a6-897e-420a-88d2-080860fc1bd8/element/E5010000-0000-0000-5126-000000000000/location[39m
[38;5;0m[HTTP][0m {}
[38;5;0m[HTTP][0m <-- GET /wd/hub/session/a829c5a6-897e-420a-88d2-080860fc1bd8/element/E5010000-0000-0000-5126-000000000000/location 200 78 ms - 26
[38;5;0m[HTTP][0m 
[38;5;0m[HTTP][0m [37m-->[39m [37mPOST[39m [37m/wd/hub/session/a829c5a6-897e-420a-88d2-080860fc1bd8/timeouts[39m
[38;5;0m[HTTP][0m {"implicit":30000}
[38;5;0m[HTTP][0m <-- POST /wd/hub/session/a829c5a6-897e-420a-88d2-080860fc1bd8/timeouts 200 0 ms - 14
[38;5;0m[HTTP][0m 
[38;5;0m[HTTP][0m [37m-->[39m [37mPOST[39m [37m/wd/hub/session/a829c5a6-897e-420a-88d2-080860fc1bd8/element/E5010000-0000-0000-5126-000000000000/click[39m
[38;5;0m[HTTP][0m {"id":"E5010000-0000-0000-5126-000000000000"}
[38;5;32m[XCUITestDriver@6181 (a829c5a6)][0m Driver proxy active, passing request on via HTTP proxy
[38;5;32m[XCUITestDriver@6181 (a829c5a6)][0m Replacing sessionId BC5CAF6E-A864-4112-9186-22F01739D917 with a829c5a6-897e-420a-88d2-080860fc1bd8
[38;5;0m[HTTP][0m <-- POST /wd/hub/session/a829c5a6-897e-420a-88d2-080860fc1bd8/element/E5010000-0000-0000-5126-000000000000/click 200 480 ms - 65
[38;5;0m[HTTP][0m 
[38;5;0m[HTTP][0m [37m-->[39m [37mPOST[39m [37m/wd/hub/session/a829c5a6-897e-420a-88d2-080860fc1bd8/timeouts[39m
[38;5;0m[HTTP][0m {"implicit":50}
[38;5;0m[HTTP][0m <-- POST /wd/hub/session/a829c5a6-897e-420a-88d2-080860fc1bd8/timeouts 200 0 ms - 14
[38;5;0m[HTTP][0m 
[38;5;0m[HTTP][0m [37m-->[39m [37mGET[39m [37m/wd/hub/session/a829c5a6-897e-420a-88d2-080860fc1bd8/window/rect[39m
[38;5;0m[HTTP][0m {}
[38;5;0m[HTTP][0m <-- GET /wd/hub/session/a829c5a6-897e-420a-88d2-080860fc1bd8/window/rect 200 106 ms - 48
[38;5;0m[HTTP][0m 
[38;5;0m[HTTP][0m [37m-->[39m [37mPOST[39m [37m/wd/hub/session/a829c5a6-897e-420a-88d2-080860fc1bd8/elements[39m
[38;5;0m[HTTP][0m {"using":"xpath","value":"//*[@type = 'XCUIElementTypeOther' and @label = 'Change patient status to Active ?' and @name = 'Change patient status to Active ?']"}
[38;5;0m[HTTP][0m <-- POST /wd/hub/session/a829c5a6-897e-420a-88d2-080860fc1bd8/elements 200 619 ms - 12
[38;5;0m[HTTP][0m 
[38;5;0m[HTTP][0m [37m-->[39m [37mPOST[39m [37m/wd/hub/session/a829c5a6-897e-420a-88d2-080860fc1bd8/elements[39m
[38;5;0m[HTTP][0m {"using":"xpath","value":"//*[@type = 'XCUIElementTypeOther' and @label = 'Change patient status to Active ?' and @name = 'Change patient status to Active ?']"}
[38;5;0m[HTTP][0m <-- POST /wd/hub/session/a829c5a6-897e-420a-88d2-080860fc1bd8/elements 200 679 ms - 139
[38;5;0m[HTTP][0m 
[38;5;0m[HTTP][0m [37m-->[39m [37mGET[39m [37m/wd/hub/session/a829c5a6-897e-420a-88d2-080860fc1bd8/element/EF010000-0000-0000-5126-000000000000/location[39m
[38;5;0m[HTTP][0m {}
[38;5;0m[HTTP][0m <-- GET /wd/hub/session/a829c5a6-897e-420a-88d2-080860fc1bd8/element/EF010000-0000-0000-5126-000000000000/location 200 89 ms - 26
[38;5;0m[HTTP][0m 
[38;5;0m[HTTP][0m [37m-->[39m [37mPOST[39m [37m/wd/hub/session/a829c5a6-897e-420a-88d2-080860fc1bd8/timeouts[39m
[38;5;0m[HTTP][0m {"implicit":30000}
[38;5;0m[HTTP][0m <-- POST /wd/hub/session/a829c5a6-897e-420a-88d2-080860fc1bd8/timeouts 200 0 ms - 14
[38;5;0m[HTTP][0m 
[38;5;0m[HTTP][0m [37m-->[39m [37mGET[39m [37m/wd/hub/session/a829c5a6-897e-420a-88d2-080860fc1bd8/element/EF010000-0000-0000-5126-000000000000/text[39m
[38;5;0m[HTTP][0m {}
[38;5;32m[XCUITestDriver@6181 (a829c5a6)][0m Driver proxy active, passing request on via HTTP proxy
[38;5;32m[XCUITestDriver@6181 (a829c5a6)][0m Replacing sessionId BC5CAF6E-A864-4112-9186-22F01739D917 with a829c5a6-897e-420a-88d2-080860fc1bd8
[38;5;0m[HTTP][0m <-- GET /wd/hub/session/a829c5a6-897e-420a-88d2-080860fc1bd8/element/EF010000-0000-0000-5126-000000000000/text 200 77 ms - 96
[38;5;0m[HTTP][0m 
[38;5;0m[HTTP][0m [37m-->[39m [37mPOST[39m [37m/wd/hub/session/a829c5a6-897e-420a-88d2-080860fc1bd8/timeouts[39m
[38;5;0m[HTTP][0m {"implicit":50}
[38;5;0m[HTTP][0m <-- POST /wd/hub/session/a829c5a6-897e-420a-88d2-080860fc1bd8/timeouts 200 0 ms - 14
[38;5;0m[HTTP][0m 
[38;5;0m[HTTP][0m [37m-->[39m [37mGET[39m [37m/wd/hub/session/a829c5a6-897e-420a-88d2-080860fc1bd8/window/rect[39m
[38;5;0m[HTTP][0m {}
[38;5;0m[HTTP][0m <-- GET /wd/hub/session/a829c5a6-897e-420a-88d2-080860fc1bd8/window/rect 200 89 ms - 48
[38;5;0m[HTTP][0m 
[38;5;0m[HTTP][0m [37m-->[39m [37mPOST[39m [37m/wd/hub/session/a829c5a6-897e-420a-88d2-080860fc1bd8/elements[39m
[38;5;0m[HTTP][0m {"using":"xpath","value":"//*[@type = 'XCUIElementTypeOther' and @label = 'Confirm' and @name = 'Confirm']"}
[38;5;0m[HTTP][0m <-- POST /wd/hub/session/a829c5a6-897e-420a-88d2-080860fc1bd8/elements 200 627 ms - 139
[38;5;0m[HTTP][0m 
[38;5;0m[HTTP][0m [37m-->[39m [37mGET[39m [37m/wd/hub/session/a829c5a6-897e-420a-88d2-080860fc1bd8/element/F1010000-0000-0000-5126-000000000000/location[39m
[38;5;0m[HTTP][0m {}
[38;5;0m[HTTP][0m <-- GET /wd/hub/session/a829c5a6-897e-420a-88d2-080860fc1bd8/element/F1010000-0000-0000-5126-000000000000/location 200 81 ms - 26
[38;5;0m[HTTP][0m 
[38;5;0m[HTTP][0m [37m-->[39m [37mPOST[39m [37m/wd/hub/session/a829c5a6-897e-420a-88d2-080860fc1bd8/timeouts[39m
[38;5;0m[HTTP][0m {"implicit":30000}
[38;5;0m[HTTP][0m <-- POST /wd/hub/session/a829c5a6-897e-420a-88d2-080860fc1bd8/timeouts 200 0 ms - 14
[38;5;0m[HTTP][0m 
[38;5;0m[HTTP][0m [37m-->[39m [37mGET[39m [37m/wd/hub/session/a829c5a6-897e-420a-88d2-080860fc1bd8/element/F1010000-0000-0000-5126-000000000000/text[39m
[38;5;0m[HTTP][0m {}
[38;5;32m[XCUITestDriver@6181 (a829c5a6)][0m Driver proxy active, passing request on via HTTP proxy
[38;5;32m[XCUITestDriver@6181 (a829c5a6)][0m Replacing sessionId BC5CAF6E-A864-4112-9186-22F01739D917 with a829c5a6-897e-420a-88d2-080860fc1bd8
[38;5;0m[HTTP][0m <-- GET /wd/hub/session/a829c5a6-897e-420a-88d2-080860fc1bd8/element/F1010000-0000-0000-5126-000000000000/text 200 79 ms - 70
[38;5;0m[HTTP][0m 
[38;5;0m[HTTP][0m [37m-->[39m [37mPOST[39m [37m/wd/hub/session/a829c5a6-897e-420a-88d2-080860fc1bd8/timeouts[39m
[38;5;0m[HTTP][0m {"implicit":50}
[38;5;0m[HTTP][0m <-- POST /wd/hub/session/a829c5a6-897e-420a-88d2-080860fc1bd8/timeouts 200 0 ms - 14
[38;5;0m[HTTP][0m 
[38;5;0m[HTTP][0m [37m-->[39m [37mGET[39m [37m/wd/hub/session/a829c5a6-897e-420a-88d2-080860fc1bd8/window/rect[39m
[38;5;0m[HTTP][0m {}
[38;5;0m[HTTP][0m <-- GET /wd/hub/session/a829c5a6-897e-420a-88d2-080860fc1bd8/window/rect 200 76 ms - 48
[38;5;0m[HTTP][0m 
[38;5;0m[HTTP][0m [37m-->[39m [37mPOST[39m [37m/wd/hub/session/a829c5a6-897e-420a-88d2-080860fc1bd8/elements[39m
[38;5;0m[HTTP][0m {"using":"xpath","value":"//*[@type = 'XCUIElementTypeOther' and @label = 'Cancel' and @name = 'Cancel']"}
[38;5;0m[HTTP][0m <-- POST /wd/hub/session/a829c5a6-897e-420a-88d2-080860fc1bd8/elements 200 655 ms - 139
[38;5;0m[HTTP][0m 
[38;5;0m[HTTP][0m [37m-->[39m [37mGET[39m [37m/wd/hub/session/a829c5a6-897e-420a-88d2-080860fc1bd8/element/F3010000-0000-0000-5126-000000000000/location[39m
[38;5;0m[HTTP][0m {}
[38;5;0m[HTTP][0m <-- GET /wd/hub/session/a829c5a6-897e-420a-88d2-080860fc1bd8/element/F3010000-0000-0000-5126-000000000000/location 200 80 ms - 26
[38;5;0m[HTTP][0m 
[38;5;0m[HTTP][0m [37m-->[39m [37mPOST[39m [37m/wd/hub/session/a829c5a6-897e-420a-88d2-080860fc1bd8/timeouts[39m
[38;5;0m[HTTP][0m {"implicit":30000}
[38;5;0m[HTTP][0m <-- POST /wd/hub/session/a829c5a6-897e-420a-88d2-080860fc1bd8/timeouts 200 0 ms - 14
[38;5;0m[HTTP][0m 
[38;5;0m[HTTP][0m [37m-->[39m [37mGET[39m [37m/wd/hub/session/a829c5a6-897e-420a-88d2-080860fc1bd8/element/F3010000-0000-0000-5126-000000000000/text[39m
[38;5;0m[HTTP][0m {}
[38;5;32m[XCUITestDriver@6181 (a829c5a6)][0m Driver proxy active, passing request on via HTTP proxy
[38;5;32m[XCUITestDriver@6181 (a829c5a6)][0m Replacing sessionId BC5CAF6E-A864-4112-9186-22F01739D917 with a829c5a6-897e-420a-88d2-080860fc1bd8
[38;5;0m[HTTP][0m <-- GET /wd/hub/session/a829c5a6-897e-420a-88d2-080860fc1bd8/element/F3010000-0000-0000-5126-000000000000/text 200 79 ms - 69
[38;5;0m[HTTP][0m 
[38;5;0m[HTTP][0m [37m-->[39m [37mPOST[39m [37m/wd/hub/session/a829c5a6-897e-420a-88d2-080860fc1bd8/timeouts[39m
[38;5;0m[HTTP][0m {"implicit":50}
[38;5;0m[HTTP][0m <-- POST /wd/hub/session/a829c5a6-897e-420a-88d2-080860fc1bd8/timeouts 200 0 ms - 14
[38;5;0m[HTTP][0m 
[38;5;0m[HTTP][0m [37m-->[39m [37mGET[39m [37m/wd/hub/session/a829c5a6-897e-420a-88d2-080860fc1bd8/window/rect[39m
[38;5;0m[HTTP][0m {}
[38;5;0m[HTTP][0m <-- GET /wd/hub/session/a829c5a6-897e-420a-88d2-080860fc1bd8/window/rect 200 75 ms - 48
[38;5;0m[HTTP][0m 
[38;5;0m[HTTP][0m [37m-->[39m [37mPOST[39m [37m/wd/hub/session/a829c5a6-897e-420a-88d2-080860fc1bd8/elements[39m
[38;5;0m[HTTP][0m {"using":"xpath","value":"//*[@type = 'XCUIElementTypeOther' and @label = 'Confirm' and @name = 'Confirm']"}
[38;5;0m[HTTP][0m <-- POST /wd/hub/session/a829c5a6-897e-420a-88d2-080860fc1bd8/elements 200 608 ms - 139
[38;5;0m[HTTP][0m 
[38;5;0m[HTTP][0m [37m-->[39m [37mGET[39m [37m/wd/hub/session/a829c5a6-897e-420a-88d2-080860fc1bd8/element/F1010000-0000-0000-5126-000000000000/location[39m
[38;5;0m[HTTP][0m {}
[38;5;0m[HTTP][0m <-- GET /wd/hub/session/a829c5a6-897e-420a-88d2-080860fc1bd8/element/F1010000-0000-0000-5126-000000000000/location 200 73 ms - 26
[38;5;0m[HTTP][0m 
[38;5;0m[HTTP][0m [37m-->[39m [37mPOST[39m [37m/wd/hub/session/a829c5a6-897e-420a-88d2-080860fc1bd8/timeouts[39m
[38;5;0m[HTTP][0m {"implicit":30000}
[38;5;0m[HTTP][0m <-- POST /wd/hub/session/a829c5a6-897e-420a-88d2-080860fc1bd8/timeouts 200 0 ms - 14
[38;5;0m[HTTP][0m 
[38;5;0m[HTTP][0m [37m-->[39m [37mPOST[39m [37m/wd/hub/session/a829c5a6-897e-420a-88d2-080860fc1bd8/element/F1010000-0000-0000-5126-000000000000/click[39m
[38;5;0m[HTTP][0m {"id":"F1010000-0000-0000-5126-000000000000"}
[38;5;32m[XCUITestDriver@6181 (a829c5a6)][0m Driver proxy active, passing request on via HTTP proxy
[38;5;32m[XCUITestDriver@6181 (a829c5a6)][0m Replacing sessionId BC5CAF6E-A864-4112-9186-22F01739D917 with a829c5a6-897e-420a-88d2-080860fc1bd8
[38;5;0m[HTTP][0m <-- POST /wd/hub/session/a829c5a6-897e-420a-88d2-080860fc1bd8/element/F1010000-0000-0000-5126-000000000000/click 200 484 ms - 65
[38;5;0m[HTTP][0m 
[38;5;0m[HTTP][0m [37m-->[39m [37mPOST[39m [37m/wd/hub/session/a829c5a6-897e-420a-88d2-080860fc1bd8/timeouts[39m
[38;5;0m[HTTP][0m {"implicit":50}
[38;5;0m[HTTP][0m <-- POST /wd/hub/session/a829c5a6-897e-420a-88d2-080860fc1bd8/timeouts 200 0 ms - 14
[38;5;0m[HTTP][0m 
[38;5;0m[HTTP][0m [37m-->[39m [37mGET[39m [37m/wd/hub/session/a829c5a6-897e-420a-88d2-080860fc1bd8/window/rect[39m
[38;5;0m[HTTP][0m {}
[38;5;0m[HTTP][0m <-- GET /wd/hub/session/a829c5a6-897e-420a-88d2-080860fc1bd8/window/rect 200 65 ms - 48
[38;5;0m[HTTP][0m 
[38;5;0m[HTTP][0m [37m-->[39m [37mPOST[39m [37m/wd/hub/session/a829c5a6-897e-420a-88d2-080860fc1bd8/elements[39m
[38;5;0m[HTTP][0m {"using":"xpath","value":"//XCUIElementTypeApplication/XCUIElementTypeWindow[1]/XCUIElementTypeOther[1]/XCUIElementTypeOther[1]/XCUIElementTypeOther[1]/XCUIElementTypeOther[1]/XCUIElementTypeOther[1]/XCUIElementTypeOther[1]/XCUIElementTypeOther[1]/XCUIElementTypeOther[1]/XCUIElementTypeOther[1]/XCUIElementTypeOther[1]/XCUIElementTypeOther[1]/XCUIElementTypeOther[2]/XCUIElementTypeOther[1]/XCUIElementTypeOther[1]/XCUIElementTypeOther[1]/XCUIElementTypeOther[1]/XCUIElementTypeOther[1]/XCUIElementTypeOther[2]/XCUIElementTypeOther[1]/XCUIElementTypeOther[1]/XCUIElementTypeOther[1]/XCUIElementTypeOther[1]/XCUIElementTypeOther[3]/XCUIElementTypeOther[1]/XCUIElementTypeOther[3]"}
[38;5;0m[HTTP][0m <-- POST /wd/hub/session/a829c5a6-897e-420a-88d2-080860fc1bd8/elements 200 110 ms - 12
[38;5;0m[HTTP][0m 
[38;5;0m[HTTP][0m [37m-->[39m [37mPOST[39m [37m/wd/hub/session/a829c5a6-897e-420a-88d2-080860fc1bd8/elements[39m
[38;5;0m[HTTP][0m {"using":"xpath","value":"//XCUIElementTypeApplication/XCUIElementTypeWindow[1]/XCUIElementTypeOther[1]/XCUIElementTypeOther[1]/XCUIElementTypeOther[1]/XCUIElementTypeOther[1]/XCUIElementTypeOther[1]/XCUIElementTypeOther[1]/XCUIElementTypeOther[1]/XCUIElementTypeOther[1]/XCUIElementTypeOther[1]/XCUIElementTypeOther[1]/XCUIElementTypeOther[1]/XCUIElementTypeOther[2]/XCUIElementTypeOther[1]/XCUIElementTypeOther[1]/XCUIElementTypeOther[1]/XCUIElementTypeOther[1]/XCUIElementTypeOther[1]/XCUIElementTypeOther[2]/XCUIElementTypeOther[1]/XCUIElementTypeOther[1]/XCUIElementTypeOther[1]/XCUIElementTypeOther[1]/XCUIElementTypeOther[3]/XCUIElementTypeOther[1]/XCUIElementTypeOther[3]"}
[38;5;0m[HTTP][0m <-- POST /wd/hub/session/a829c5a6-897e-420a-88d2-080860fc1bd8/elements 200 201 ms - 12
[38;5;0m[HTTP][0m 
[38;5;0m[HTTP][0m [37m-->[39m [37mPOST[39m [37m/wd/hub/session/a829c5a6-897e-420a-88d2-080860fc1bd8/elements[39m
[38;5;0m[HTTP][0m {"using":"xpath","value":"//XCUIElementTypeApplication/XCUIElementTypeWindow[1]/XCUIElementTypeOther[1]/XCUIElementTypeOther[1]/XCUIElementTypeOther[1]/XCUIElementTypeOther[1]/XCUIElementTypeOther[1]/XCUIElementTypeOther[1]/XCUIElementTypeOther[1]/XCUIElementTypeOther[1]/XCUIElementTypeOther[1]/XCUIElementTypeOther[1]/XCUIElementTypeOther[1]/XCUIElementTypeOther[2]/XCUIElementTypeOther[1]/XCUIElementTypeOther[1]/XCUIElementTypeOther[1]/XCUIElementTypeOther[1]/XCUIElementTypeOther[1]/XCUIElementTypeOther[2]/XCUIElementTypeOther[1]/XCUIElementTypeOther[1]/XCUIElementTypeOther[1]/XCUIElementTypeOther[1]/XCUIElementTypeOther[3]/XCUIElementTypeOther[1]/XCUIElementTypeOther[3]"}
[38;5;0m[HTTP][0m <-- POST /wd/hub/session/a829c5a6-897e-420a-88d2-080860fc1bd8/elements 200 145 ms - 12
[38;5;0m[HTTP][0m 
[38;5;0m[HTTP][0m [37m-->[39m [37mPOST[39m [37m/wd/hub/session/a829c5a6-897e-420a-88d2-080860fc1bd8/elements[39m
[38;5;0m[HTTP][0m {"using":"xpath","value":"//XCUIElementTypeApplication/XCUIElementTypeWindow[1]/XCUIElementTypeOther[1]/XCUIElementTypeOther[1]/XCUIElementTypeOther[1]/XCUIElementTypeOther[1]/XCUIElementTypeOther[1]/XCUIElementTypeOther[1]/XCUIElementTypeOther[1]/XCUIElementTypeOther[1]/XCUIElementTypeOther[1]/XCUIElementTypeOther[1]/XCUIElementTypeOther[1]/XCUIElementTypeOther[2]/XCUIElementTypeOther[1]/XCUIElementTypeOther[1]/XCUIElementTypeOther[1]/XCUIElementTypeOther[1]/XCUIElementTypeOther[1]/XCUIElementTypeOther[2]/XCUIElementTypeOther[1]/XCUIElementTypeOther[1]/XCUIElementTypeOther[1]/XCUIElementTypeOther[1]/XCUIElementTypeOther[3]/XCUIElementTypeOther[1]/XCUIElementTypeOther[3]"}
[38;5;0m[HTTP][0m <-- POST /wd/hub/session/a829c5a6-897e-420a-88d2-080860fc1bd8/elements 200 172 ms - 12
[38;5;0m[HTTP][0m 
[38;5;0m[HTTP][0m [37m-->[39m [37mPOST[39m [37m/wd/hub/session/a829c5a6-897e-420a-88d2-080860fc1bd8/elements[39m
[38;5;0m[HTTP][0m {"using":"xpath","value":"//XCUIElementTypeApplication/XCUIElementTypeWindow[1]/XCUIElementTypeOther[1]/XCUIElementTypeOther[1]/XCUIElementTypeOther[1]/XCUIElementTypeOther[1]/XCUIElementTypeOther[1]/XCUIElementTypeOther[1]/XCUIElementTypeOther[1]/XCUIElementTypeOther[1]/XCUIElementTypeOther[1]/XCUIElementTypeOther[1]/XCUIElementTypeOther[1]/XCUIElementTypeOther[2]/XCUIElementTypeOther[1]/XCUIElementTypeOther[1]/XCUIElementTypeOther[1]/XCUIElementTypeOther[1]/XCUIElementTypeOther[1]/XCUIElementTypeOther[2]/XCUIElementTypeOther[1]/XCUIElementTypeOther[1]/XCUIElementTypeOther[1]/XCUIElementTypeOther[1]/XCUIElementTypeOther[3]/XCUIElementTypeOther[1]/XCUIElementTypeOther[3]"}
[38;5;0m[HTTP][0m <-- POST /wd/hub/session/a829c5a6-897e-420a-88d2-080860fc1bd8/elements 200 195 ms - 12
[38;5;0m[HTTP][0m 
[38;5;0m[HTTP][0m [37m-->[39m [37mPOST[39m [37m/wd/hub/session/a829c5a6-897e-420a-88d2-080860fc1bd8/elements[39m
[38;5;0m[HTTP][0m {"using":"xpath","value":"//XCUIElementTypeApplication/XCUIElementTypeWindow[1]/XCUIElementTypeOther[1]/XCUIElementTypeOther[1]/XCUIElementTypeOther[1]/XCUIElementTypeOther[1]/XCUIElementTypeOther[1]/XCUIElementTypeOther[1]/XCUIElementTypeOther[1]/XCUIElementTypeOther[1]/XCUIElementTypeOther[1]/XCUIElementTypeOther[1]/XCUIElementTypeOther[1]/XCUIElementTypeOther[2]/XCUIElementTypeOther[1]/XCUIElementTypeOther[1]/XCUIElementTypeOther[1]/XCUIElementTypeOther[1]/XCUIElementTypeOther[1]/XCUIElementTypeOther[2]/XCUIElementTypeOther[1]/XCUIElementTypeOther[1]/XCUIElementTypeOther[1]/XCUIElementTypeOther[1]/XCUIElementTypeOther[3]/XCUIElementTypeOther[1]/XCUIElementTypeOther[3]"}
[38;5;0m[HTTP][0m <-- POST /wd/hub/session/a829c5a6-897e-420a-88d2-080860fc1bd8/elements 200 511 ms - 139
[38;5;0m[HTTP][0m 
[38;5;0m[HTTP][0m [37m-->[39m [37mGET[39m [37m/wd/hub/session/a829c5a6-897e-420a-88d2-080860fc1bd8/element/A1010000-0000-0000-5126-000000000000/location[39m
[38;5;0m[HTTP][0m {}
[38;5;0m[HTTP][0m <-- GET /wd/hub/session/a829c5a6-897e-420a-88d2-080860fc1bd8/element/A1010000-0000-0000-5126-000000000000/location 200 75 ms - 27
[38;5;0m[HTTP][0m 
[38;5;0m[HTTP][0m [37m-->[39m [37mPOST[39m [37m/wd/hub/session/a829c5a6-897e-420a-88d2-080860fc1bd8/timeouts[39m
[38;5;0m[HTTP][0m {"implicit":30000}
[38;5;0m[HTTP][0m <-- POST /wd/hub/session/a829c5a6-897e-420a-88d2-080860fc1bd8/timeouts 200 0 ms - 14
[38;5;0m[HTTP][0m 
[38;5;0m[HTTP][0m [37m-->[39m [37mPOST[39m [37m/wd/hub/session/a829c5a6-897e-420a-88d2-080860fc1bd8/element/A1010000-0000-0000-5126-000000000000/click[39m
[38;5;0m[HTTP][0m {"id":"A1010000-0000-0000-5126-000000000000"}
[38;5;32m[XCUITestDriver@6181 (a829c5a6)][0m Driver proxy active, passing request on via HTTP proxy
[38;5;32m[XCUITestDriver@6181 (a829c5a6)][0m Replacing sessionId BC5CAF6E-A864-4112-9186-22F01739D917 with a829c5a6-897e-420a-88d2-080860fc1bd8
[38;5;0m[HTTP][0m <-- POST /wd/hub/session/a829c5a6-897e-420a-88d2-080860fc1bd8/element/A1010000-0000-0000-5126-000000000000/click 200 467 ms - 65
[38;5;0m[HTTP][0m 
[38;5;0m[HTTP][0m [37m-->[39m [37mDELETE[39m [37m/wd/hub/session/a829c5a6-897e-420a-88d2-080860fc1bd8[39m
[38;5;0m[HTTP][0m {}
[38;5;16m[AppiumDriver@c5a0][0m Removing session a829c5a6-897e-420a-88d2-080860fc1bd8 from our master session list
[38;5;96m[DevCon Factory][0m Releasing connections for 00008110-00112D590CD0201E device on any port number
[38;5;96m[DevCon Factory][0m Found cached connections to release: ["00008110-00112D590CD0201E:56525"]
[38;5;96m[DevCon Factory][0m Releasing the listener for '00008110-00112D590CD0201E:56525'
[38;5;0m[HTTP][0m <-- DELETE /wd/hub/session/a829c5a6-897e-420a-88d2-080860fc1bd8 200 1105 ms - 14
[38;5;0m[HTTP][0m 
[Appium] Received SIGTERM - shutting down
[38;5;0m[HTTP][0m Waiting until the server is closed
[38;5;0m[HTTP][0m Received server close event
