[35m[Appium][39m Welcome to Appium v1.22.0
[35m[Appium][39m Non-default server args:
[35m[Appium][39m   port: 54355
[35m[Appium][39m   loglevel: info
[35m[Appium][39m   tmpDir: C:\Users\Amarir\AppData\Local\Temp\\Katalon\Appium\Temp1692103395951
[35m[Appium][39m   chromedriverPort: 54356
[35m[Appium][39m Deprecated server args:
[35m[Appium][39m   [31m--chromedriver-port[39m => --default-capabilities
[35m[Appium][39m Default capabilities, which will be added to each request unless overridden by desired capabilities:
[35m[Appium][39m   chromedriverPort: 54356
[35m[Appium][39m Appium REST http interface listener started on 0.0.0.0:54355
[35m[HTTP][39m [37m-->[39m [37mGET[39m [37m/wd/hub/status[39m
[35m[HTTP][39m [90m{}[39m
[35m[HTTP][39m [37m<-- GET /wd/hub/status [39m[32m200[39m [90m111 ms - 68[39m
[35m[HTTP][39m [90m[39m
[35m[HTTP][39m [37m-->[39m [37mPOST[39m [37m/wd/hub/session[39m
[35m[HTTP][39m [90m{"desiredCapabilities":{"app":"C:\\Users\\Amarir\\Downloads\\APK\\IS\\IS_Prod_2.1.apk","noReset":true,"deviceName":"samsung SM-N975F (Android 12)","fullReset":false,"platform":"ANDROID","newCommandTimeout":1800,"platformVersion":"12","automationName":"uiautomator2","autoGrantPermissions":true,"platformName":"Android","udid":"RF8N307NKZV","systemPort":54354},"capabilities":{"firstMatch":[{"appium:app":"C:\\Users\\Amarir\\Downloads\\APK\\IS\\IS_Prod_2.1.apk","appium:autoGrantPermissions":true,"appium:automationName":"uiautomator2","appium:deviceName":"samsung SM-N975F (Android 12)","appium:fullReset":false,"appium:newCommandTimeout":1800,"appium:noReset":true,"platform":"ANDROID","platformName":"android","appium:platformVersion":"12","appium:systemPort":54354,"appium:udid":"RF8N307NKZV"}]}}[39m
[35m[BaseDriver][39m The following capabilities are not standard capabilities and should have an extension prefix:
[35m[BaseDriver][39m   platform
[35m[BaseDriver][39m   chromedriverPort
[35m[Appium][39m Appium v1.22.0 creating new AndroidUiautomator2Driver (v1.69.0) session
[35m[BaseDriver][39m The following capabilities were provided, but are not recognized by Appium:
[35m[BaseDriver][39m   platform
[35m[BaseDriver][39m Session created with session id: af5ca887-7ebb-491e-b075-ca4e6e0125ec
[35m[BaseDriver][39m Using local app 'C:\Users\Amarir\Downloads\APK\IS\IS_Prod_2.1.apk'
[35m[ADB][39m Found 1 'build-tools' folders under 'C:\Users\Amarir\.katalon\tools\android_sdk' (newest first):
[35m[ADB][39m     C:/Users/Amarir/.katalon/tools/android_sdk/build-tools/29.0.3
[35m[ADB][39m Using 'adb.exe' from 'C:\Users\Amarir\.katalon\tools\android_sdk\platform-tools\adb.exe'
[35m[AndroidDriver][39m Retrieving device list
[35m[AndroidDriver][39m Using device: RF8N307NKZV
[35m[ADB][39m Using 'adb.exe' from 'C:\Users\Amarir\.katalon\tools\android_sdk\platform-tools\adb.exe'
[35m[ADB][39m Getting device platform version
[35m[UiAutomator2][39m Relaxing hidden api policy
[35m[ADB][39m Package name: 'com.ekareinc.insight.standard'
[35m[ADB][39m Main activity name: 'com.ekareinc.insight.standard.MainActivity'
[35m[ADB][39m Using 'apksigner.jar' from 'C:\Users\Amarir\.katalon\tools\android_sdk\build-tools\29.0.3\lib\apksigner.jar'
[35m[ADB][39m 'C:\Users\Amarir\AppData\Roaming\npm\node_modules\appium\node_modules\appium-uiautomator2-server\apks\appium-uiautomator2-server-v4.24.0.apk' is signed with the default certificate
[35m[ADB][39m 'C:\Users\Amarir\AppData\Roaming\npm\node_modules\appium\node_modules\appium-uiautomator2-server\apks\appium-uiautomator2-server-debug-androidTest.apk' is signed with the default certificate
[35m[UiAutomator2][39m Server packages are not going to be (re)installed
[35m[ADB][39m Adding packages ["io.appium.settings","io.appium.uiautomator2.server","io.appium.uiautomator2.server.test"] to Doze whitelist
[35m[ADB][39m 'C:\Users\Amarir\Downloads\APK\IS\IS_Prod_2.1.apk' is signed with a non-default certificate
[35m[UiAutomator2][39m Starting UIAutomator2 server 4.24.0
[35m[UiAutomator2][39m Using UIAutomator2 server from 'C:\Users\Amarir\AppData\Roaming\npm\node_modules\appium\node_modules\appium-uiautomator2-server\apks\appium-uiautomator2-server-v4.24.0.apk' and test from 'C:\Users\Amarir\AppData\Roaming\npm\node_modules\appium\node_modules\appium-uiautomator2-server\apks\appium-uiautomator2-server-debug-androidTest.apk'
[35m[UiAutomator2][39m Waiting up to 30000ms for UiAutomator2 to be online...
[35m[WD Proxy][39m socket hang up
[35m[WD Proxy][39m socket hang up
[35m[WD Proxy][39m socket hang up
[35m[WD Proxy][39m Determined the downstream protocol as 'W3C'
[35m[AndroidDriver][39m Screen already unlocked, doing nothing
[35m[UiAutomator2][39m Starting 'com.ekareinc.insight.standard/com.ekareinc.insight.standard.MainActivity and waiting for 'com.ekareinc.insight.standard/com.ekareinc.insight.standard.MainActivity'
[35m[Appium][39m New AndroidUiautomator2Driver session created successfully, session af5ca887-7ebb-491e-b075-ca4e6e0125ec added to master session list
[35m[HTTP][39m [37m<-- POST /wd/hub/session [39m[32m200[39m [90m51347 ms - 1273[39m
[35m[HTTP][39m [90m[39m
[35m[HTTP][39m [37m-->[39m [37mGET[39m [37m/wd/hub/session/af5ca887-7ebb-491e-b075-ca4e6e0125ec[39m
[35m[HTTP][39m [90m{}[39m
[35m[HTTP][39m [37m<-- GET /wd/hub/session/af5ca887-7ebb-491e-b075-ca4e6e0125ec [39m[32m200[39m [90m24 ms - 1227[39m
[35m[HTTP][39m [90m[39m
[35m[HTTP][39m [37m-->[39m [37mGET[39m [37m/wd/hub/session/af5ca887-7ebb-491e-b075-ca4e6e0125ec[39m
[35m[HTTP][39m [90m{}[39m
[35m[HTTP][39m [37m<-- GET /wd/hub/session/af5ca887-7ebb-491e-b075-ca4e6e0125ec [39m[32m200[39m [90m22 ms - 1227[39m
[35m[HTTP][39m [90m[39m
[35m[HTTP][39m [37m-->[39m [37mGET[39m [37m/wd/hub/status[39m
[35m[HTTP][39m [90m{}[39m
[35m[HTTP][39m [37m<-- GET /wd/hub/status [39m[32m200[39m [90m3 ms - 68[39m
[35m[HTTP][39m [90m[39m
[35m[HTTP][39m [37m-->[39m [37mPOST[39m [37m/wd/hub/session/af5ca887-7ebb-491e-b075-ca4e6e0125ec/timeouts[39m
[35m[HTTP][39m [90m{"implicit":30000}[39m
[35m[HTTP][39m [37m<-- POST /wd/hub/session/af5ca887-7ebb-491e-b075-ca4e6e0125ec/timeouts [39m[32m200[39m [90m14 ms - 14[39m
[35m[HTTP][39m [90m[39m
[35m[HTTP][39m [37m-->[39m [37mGET[39m [37m/wd/hub/session/af5ca887-7ebb-491e-b075-ca4e6e0125ec/screenshot[39m
[35m[HTTP][39m [90m{}[39m
[35m[HTTP][39m [37m<-- GET /wd/hub/session/af5ca887-7ebb-491e-b075-ca4e6e0125ec/screenshot [39m[32m200[39m [90m781 ms - 115174[39m
[35m[HTTP][39m [90m[39m
[35m[HTTP][39m [37m-->[39m [37mGET[39m [37m/wd/hub/session/af5ca887-7ebb-491e-b075-ca4e6e0125ec/window/rect[39m
[35m[HTTP][39m [90m{}[39m
[35m[HTTP][39m [37m<-- GET /wd/hub/session/af5ca887-7ebb-491e-b075-ca4e6e0125ec/window/rect [39m[32m200[39m [90m68 ms - 50[39m
[35m[HTTP][39m [90m[39m
[35m[HTTP][39m [37m-->[39m [37mGET[39m [37m/wd/hub/session/af5ca887-7ebb-491e-b075-ca4e6e0125ec/appium/device/system_bars[39m
[35m[HTTP][39m [90m{}[39m
[35m[HTTP][39m [37m<-- GET /wd/hub/session/af5ca887-7ebb-491e-b075-ca4e6e0125ec/appium/device/system_bars [39m[32m200[39m [90m264 ms - 145[39m
[35m[HTTP][39m [90m[39m
[35m[HTTP][39m [37m-->[39m [37mPOST[39m [37m/wd/hub/session/af5ca887-7ebb-491e-b075-ca4e6e0125ec/timeouts[39m
[35m[HTTP][39m [90m{"implicit":50}[39m
[35m[HTTP][39m [37m<-- POST /wd/hub/session/af5ca887-7ebb-491e-b075-ca4e6e0125ec/timeouts [39m[32m200[39m [90m11 ms - 14[39m
[35m[HTTP][39m [90m[39m
[35m[HTTP][39m [37m-->[39m [37mGET[39m [37m/wd/hub/session/af5ca887-7ebb-491e-b075-ca4e6e0125ec/window/rect[39m
[35m[HTTP][39m [90m{}[39m
[35m[HTTP][39m [37m<-- GET /wd/hub/session/af5ca887-7ebb-491e-b075-ca4e6e0125ec/window/rect [39m[32m200[39m [90m47 ms - 50[39m
[35m[HTTP][39m [90m[39m
[35m[HTTP][39m [37m-->[39m [37mPOST[39m [37m/wd/hub/session/af5ca887-7ebb-491e-b075-ca4e6e0125ec/elements[39m
[35m[HTTP][39m [90m{"using":"xpath","value":"//hierarchy/android.widget.FrameLayout[1]/android.widget.LinearLayout[1]/android.widget.FrameLayout[1]/android.widget.LinearLayout[1]/android.widget.FrameLayout[1]/android.widget.FrameLayout[1]/android.view.ViewGroup[1]/android.view.ViewGroup[1]/android.view.ViewGroup[1]/android.widget.FrameLayout[1]/android.view.ViewGroup[1]/android.view.ViewGroup[1]/android.view.ViewGroup[1]/android.widget.ScrollView[1]/android.view.ViewGroup[1]/android.view.ViewGroup[1]/android.widget.EditText[1]"}[39m
[35m[HTTP][39m [37m<-- POST /wd/hub/session/af5ca887-7ebb-491e-b075-ca4e6e0125ec/elements [39m[32m200[39m [90m333 ms - 139[39m
[35m[HTTP][39m [90m[39m
[35m[HTTP][39m [37m-->[39m [37mGET[39m [37m/wd/hub/session/af5ca887-7ebb-491e-b075-ca4e6e0125ec/element/00000000-0000-10fe-ffff-ffff00000026/location[39m
[35m[HTTP][39m [90m{}[39m
[35m[W3C (af5ca887)][39m Driver proxy active, passing request on via HTTP proxy
[35m[WD Proxy][39m Replacing sessionId b544e8ed-ffa9-499a-82da-0bd2fc617563 with af5ca887-7ebb-491e-b075-ca4e6e0125ec
[35m[HTTP][39m [37m<-- GET /wd/hub/session/af5ca887-7ebb-491e-b075-ca4e6e0125ec/element/00000000-0000-10fe-ffff-ffff00000026/location [39m[32m200[39m [90m36 ms - 78[39m
[35m[HTTP][39m [90m[39m
[35m[HTTP][39m [37m-->[39m [37mPOST[39m [37m/wd/hub/session/af5ca887-7ebb-491e-b075-ca4e6e0125ec/timeouts[39m
[35m[HTTP][39m [90m{"implicit":30000}[39m
[35m[HTTP][39m [37m<-- POST /wd/hub/session/af5ca887-7ebb-491e-b075-ca4e6e0125ec/timeouts [39m[32m200[39m [90m4 ms - 14[39m
[35m[HTTP][39m [90m[39m
[35m[HTTP][39m [37m-->[39m [37mPOST[39m [37m/wd/hub/session/af5ca887-7ebb-491e-b075-ca4e6e0125ec/element/00000000-0000-10fe-ffff-ffff00000026/clear[39m
[35m[HTTP][39m [90m{"id":"00000000-0000-10fe-ffff-ffff00000026"}[39m
[35m[HTTP][39m [37m<-- POST /wd/hub/session/af5ca887-7ebb-491e-b075-ca4e6e0125ec/element/00000000-0000-10fe-ffff-ffff00000026/clear [39m[32m200[39m [90m76 ms - 14[39m
[35m[HTTP][39m [90m[39m
[35m[HTTP][39m [37m-->[39m [37mPOST[39m [37m/wd/hub/session/af5ca887-7ebb-491e-b075-ca4e6e0125ec/element/00000000-0000-10fe-ffff-ffff00000026/value[39m
[35m[HTTP][39m [90m{"id":"00000000-0000-10fe-ffff-ffff00000026","text":"safakata","value":["s","a","f","a","k","a","t","a"]}[39m
[35m[HTTP][39m [37m<-- POST /wd/hub/session/af5ca887-7ebb-491e-b075-ca4e6e0125ec/element/00000000-0000-10fe-ffff-ffff00000026/value [39m[32m200[39m [90m633 ms - 14[39m
[35m[HTTP][39m [90m[39m
[35m[HTTP][39m [37m-->[39m [37mPOST[39m [37m/wd/hub/session/af5ca887-7ebb-491e-b075-ca4e6e0125ec/timeouts[39m
[35m[HTTP][39m [90m{"implicit":50}[39m
[35m[HTTP][39m [37m<-- POST /wd/hub/session/af5ca887-7ebb-491e-b075-ca4e6e0125ec/timeouts [39m[32m200[39m [90m4 ms - 14[39m
[35m[HTTP][39m [90m[39m
[35m[HTTP][39m [37m-->[39m [37mGET[39m [37m/wd/hub/session/af5ca887-7ebb-491e-b075-ca4e6e0125ec/window/rect[39m
[35m[HTTP][39m [90m{}[39m
[35m[HTTP][39m [37m<-- GET /wd/hub/session/af5ca887-7ebb-491e-b075-ca4e6e0125ec/window/rect [39m[32m200[39m [90m32 ms - 50[39m
[35m[HTTP][39m [90m[39m
[35m[HTTP][39m [37m-->[39m [37mPOST[39m [37m/wd/hub/session/af5ca887-7ebb-491e-b075-ca4e6e0125ec/elements[39m
[35m[HTTP][39m [90m{"using":"xpath","value":"//hierarchy/android.widget.FrameLayout[1]/android.widget.LinearLayout[1]/android.widget.FrameLayout[1]/android.widget.LinearLayout[1]/android.widget.FrameLayout[1]/android.widget.FrameLayout[1]/android.view.ViewGroup[1]/android.view.ViewGroup[1]/android.view.ViewGroup[1]/android.widget.FrameLayout[1]/android.view.ViewGroup[1]/android.view.ViewGroup[1]/android.view.ViewGroup[1]/android.widget.ScrollView[1]/android.view.ViewGroup[1]/android.view.ViewGroup[2]/android.widget.EditText[1]"}[39m
[35m[HTTP][39m [37m<-- POST /wd/hub/session/af5ca887-7ebb-491e-b075-ca4e6e0125ec/elements [39m[32m200[39m [90m110 ms - 139[39m
[35m[HTTP][39m [90m[39m
[35m[HTTP][39m [37m-->[39m [37mGET[39m [37m/wd/hub/session/af5ca887-7ebb-491e-b075-ca4e6e0125ec/element/00000000-0000-10fe-ffff-ffff00000028/location[39m
[35m[HTTP][39m [90m{}[39m
[35m[W3C (af5ca887)][39m Driver proxy active, passing request on via HTTP proxy
[35m[WD Proxy][39m Replacing sessionId b544e8ed-ffa9-499a-82da-0bd2fc617563 with af5ca887-7ebb-491e-b075-ca4e6e0125ec
[35m[HTTP][39m [37m<-- GET /wd/hub/session/af5ca887-7ebb-491e-b075-ca4e6e0125ec/element/00000000-0000-10fe-ffff-ffff00000028/location [39m[32m200[39m [90m35 ms - 78[39m
[35m[HTTP][39m [90m[39m
[35m[HTTP][39m [37m-->[39m [37mPOST[39m [37m/wd/hub/session/af5ca887-7ebb-491e-b075-ca4e6e0125ec/timeouts[39m
[35m[HTTP][39m [90m{"implicit":30000}[39m
[35m[HTTP][39m [37m<-- POST /wd/hub/session/af5ca887-7ebb-491e-b075-ca4e6e0125ec/timeouts [39m[32m200[39m [90m3 ms - 14[39m
[35m[HTTP][39m [90m[39m
[35m[HTTP][39m [37m-->[39m [37mPOST[39m [37m/wd/hub/session/af5ca887-7ebb-491e-b075-ca4e6e0125ec/element/00000000-0000-10fe-ffff-ffff00000028/clear[39m
[35m[HTTP][39m [90m{"id":"00000000-0000-10fe-ffff-ffff00000028"}[39m
[35m[HTTP][39m [37m<-- POST /wd/hub/session/af5ca887-7ebb-491e-b075-ca4e6e0125ec/element/00000000-0000-10fe-ffff-ffff00000028/clear [39m[32m200[39m [90m34 ms - 14[39m
[35m[HTTP][39m [90m[39m
[35m[HTTP][39m [37m-->[39m [37mPOST[39m [37m/wd/hub/session/af5ca887-7ebb-491e-b075-ca4e6e0125ec/element/00000000-0000-10fe-ffff-ffff00000028/value[39m
[35m[HTTP][39m [90m{"id":"00000000-0000-10fe-ffff-ffff00000028","text":"eKare123@","value":["e","K","a","r","e","1","2","3","@"]}[39m
[35m[HTTP][39m [37m<-- POST /wd/hub/session/af5ca887-7ebb-491e-b075-ca4e6e0125ec/element/00000000-0000-10fe-ffff-ffff00000028/value [39m[32m200[39m [90m500 ms - 14[39m
[35m[HTTP][39m [90m[39m
[35m[HTTP][39m [37m-->[39m [37mPOST[39m [37m/wd/hub/session/af5ca887-7ebb-491e-b075-ca4e6e0125ec/timeouts[39m
[35m[HTTP][39m [90m{"implicit":50}[39m
[35m[HTTP][39m [37m<-- POST /wd/hub/session/af5ca887-7ebb-491e-b075-ca4e6e0125ec/timeouts [39m[32m200[39m [90m3 ms - 14[39m
[35m[HTTP][39m [90m[39m
[35m[HTTP][39m [37m-->[39m [37mGET[39m [37m/wd/hub/session/af5ca887-7ebb-491e-b075-ca4e6e0125ec/window/rect[39m
[35m[HTTP][39m [90m{}[39m
[35m[HTTP][39m [37m<-- GET /wd/hub/session/af5ca887-7ebb-491e-b075-ca4e6e0125ec/window/rect [39m[32m200[39m [90m32 ms - 50[39m
[35m[HTTP][39m [90m[39m
[35m[HTTP][39m [37m-->[39m [37mPOST[39m [37m/wd/hub/session/af5ca887-7ebb-491e-b075-ca4e6e0125ec/elements[39m
[35m[HTTP][39m [90m{"using":"xpath","value":"//hierarchy/android.widget.FrameLayout[1]/android.widget.LinearLayout[1]/android.widget.FrameLayout[1]/android.widget.LinearLayout[1]/android.widget.FrameLayout[1]/android.widget.FrameLayout[1]/android.view.ViewGroup[1]/android.view.ViewGroup[1]/android.view.ViewGroup[1]/android.widget.FrameLayout[1]/android.view.ViewGroup[1]/android.view.ViewGroup[1]/android.view.ViewGroup[1]/android.widget.ScrollView[1]/android.view.ViewGroup[1]/android.view.ViewGroup[4]"}[39m
[35m[HTTP][39m [37m<-- POST /wd/hub/session/af5ca887-7ebb-491e-b075-ca4e6e0125ec/elements [39m[32m200[39m [90m89 ms - 139[39m
[35m[HTTP][39m [90m[39m
[35m[HTTP][39m [37m-->[39m [37mGET[39m [37m/wd/hub/session/af5ca887-7ebb-491e-b075-ca4e6e0125ec/element/00000000-0000-10fe-ffff-ffff0000002c/location[39m
[35m[HTTP][39m [90m{}[39m
[35m[W3C (af5ca887)][39m Driver proxy active, passing request on via HTTP proxy
[35m[WD Proxy][39m Replacing sessionId b544e8ed-ffa9-499a-82da-0bd2fc617563 with af5ca887-7ebb-491e-b075-ca4e6e0125ec
[35m[HTTP][39m [37m<-- GET /wd/hub/session/af5ca887-7ebb-491e-b075-ca4e6e0125ec/element/00000000-0000-10fe-ffff-ffff0000002c/location [39m[32m200[39m [90m26 ms - 79[39m
[35m[HTTP][39m [90m[39m
[35m[HTTP][39m [37m-->[39m [37mPOST[39m [37m/wd/hub/session/af5ca887-7ebb-491e-b075-ca4e6e0125ec/timeouts[39m
[35m[HTTP][39m [90m{"implicit":30000}[39m
[35m[HTTP][39m [37m<-- POST /wd/hub/session/af5ca887-7ebb-491e-b075-ca4e6e0125ec/timeouts [39m[32m200[39m [90m3 ms - 14[39m
[35m[HTTP][39m [90m[39m
[35m[HTTP][39m [37m-->[39m [37mPOST[39m [37m/wd/hub/session/af5ca887-7ebb-491e-b075-ca4e6e0125ec/element/00000000-0000-10fe-ffff-ffff0000002c/click[39m
[35m[HTTP][39m [90m{"id":"00000000-0000-10fe-ffff-ffff0000002c"}[39m
[35m[HTTP][39m [37m<-- POST /wd/hub/session/af5ca887-7ebb-491e-b075-ca4e6e0125ec/element/00000000-0000-10fe-ffff-ffff0000002c/click [39m[32m200[39m [90m77 ms - 14[39m
[35m[HTTP][39m [90m[39m
[35m[HTTP][39m [37m-->[39m [37mPOST[39m [37m/wd/hub/session/af5ca887-7ebb-491e-b075-ca4e6e0125ec/timeouts[39m
[35m[HTTP][39m [90m{"implicit":50}[39m
[35m[HTTP][39m [37m<-- POST /wd/hub/session/af5ca887-7ebb-491e-b075-ca4e6e0125ec/timeouts [39m[32m200[39m [90m7 ms - 14[39m
[35m[HTTP][39m [90m[39m
[35m[HTTP][39m [37m-->[39m [37mGET[39m [37m/wd/hub/session/af5ca887-7ebb-491e-b075-ca4e6e0125ec/window/rect[39m
[35m[HTTP][39m [90m{}[39m
[35m[HTTP][39m [37m<-- GET /wd/hub/session/af5ca887-7ebb-491e-b075-ca4e6e0125ec/window/rect [39m[32m200[39m [90m27 ms - 50[39m
[35m[HTTP][39m [90m[39m
[35m[HTTP][39m [37m-->[39m [37mPOST[39m [37m/wd/hub/session/af5ca887-7ebb-491e-b075-ca4e6e0125ec/elements[39m
[35m[HTTP][39m [90m{"using":"xpath","value":"//*[@class = 'android.widget.TextView' and (@text = 'Katalon' or . = 'Katalon')]"}[39m
[35m[HTTP][39m [37m<-- POST /wd/hub/session/af5ca887-7ebb-491e-b075-ca4e6e0125ec/elements [39m[32m200[39m [90m1588 ms - 139[39m
[35m[HTTP][39m [90m[39m
[35m[HTTP][39m [37m-->[39m [37mGET[39m [37m/wd/hub/session/af5ca887-7ebb-491e-b075-ca4e6e0125ec/element/00000000-0000-1101-ffff-ffff00000056/location[39m
[35m[HTTP][39m [90m{}[39m
[35m[W3C (af5ca887)][39m Driver proxy active, passing request on via HTTP proxy
[35m[WD Proxy][39m Replacing sessionId b544e8ed-ffa9-499a-82da-0bd2fc617563 with af5ca887-7ebb-491e-b075-ca4e6e0125ec
[35m[HTTP][39m [37m<-- GET /wd/hub/session/af5ca887-7ebb-491e-b075-ca4e6e0125ec/element/00000000-0000-1101-ffff-ffff00000056/location [39m[32m200[39m [90m31 ms - 79[39m
[35m[HTTP][39m [90m[39m
[35m[HTTP][39m [37m-->[39m [37mPOST[39m [37m/wd/hub/session/af5ca887-7ebb-491e-b075-ca4e6e0125ec/timeouts[39m
[35m[HTTP][39m [90m{"implicit":30000}[39m
[35m[HTTP][39m [37m<-- POST /wd/hub/session/af5ca887-7ebb-491e-b075-ca4e6e0125ec/timeouts [39m[32m200[39m [90m4 ms - 14[39m
[35m[HTTP][39m [90m[39m
[35m[HTTP][39m [37m-->[39m [37mPOST[39m [37m/wd/hub/session/af5ca887-7ebb-491e-b075-ca4e6e0125ec/element/00000000-0000-1101-ffff-ffff00000056/click[39m
[35m[HTTP][39m [90m{"id":"00000000-0000-1101-ffff-ffff00000056"}[39m
[35m[HTTP][39m [37m<-- POST /wd/hub/session/af5ca887-7ebb-491e-b075-ca4e6e0125ec/element/00000000-0000-1101-ffff-ffff00000056/click [39m[32m200[39m [90m71 ms - 14[39m
[35m[HTTP][39m [90m[39m
[35m[HTTP][39m [37m-->[39m [37mPOST[39m [37m/wd/hub/session/af5ca887-7ebb-491e-b075-ca4e6e0125ec/timeouts[39m
[35m[HTTP][39m [90m{"implicit":50}[39m
[35m[HTTP][39m [37m<-- POST /wd/hub/session/af5ca887-7ebb-491e-b075-ca4e6e0125ec/timeouts [39m[32m200[39m [90m5 ms - 14[39m
[35m[HTTP][39m [90m[39m
[35m[HTTP][39m [37m-->[39m [37mGET[39m [37m/wd/hub/session/af5ca887-7ebb-491e-b075-ca4e6e0125ec/window/rect[39m
[35m[HTTP][39m [90m{}[39m
[35m[HTTP][39m [37m<-- GET /wd/hub/session/af5ca887-7ebb-491e-b075-ca4e6e0125ec/window/rect [39m[32m200[39m [90m26 ms - 50[39m
[35m[HTTP][39m [90m[39m
[35m[HTTP][39m [37m-->[39m [37mPOST[39m [37m/wd/hub/session/af5ca887-7ebb-491e-b075-ca4e6e0125ec/elements[39m
[35m[HTTP][39m [90m{"using":"xpath","value":"//*[@class = 'android.widget.TextView' and (@text = 'Patient Directory' or . = 'Patient Directory')]"}[39m
[35m[HTTP][39m [37m<-- POST /wd/hub/session/af5ca887-7ebb-491e-b075-ca4e6e0125ec/elements [39m[32m200[39m [90m108 ms - 12[39m
[35m[HTTP][39m [90m[39m
[35m[HTTP][39m [37m-->[39m [37mPOST[39m [37m/wd/hub/session/af5ca887-7ebb-491e-b075-ca4e6e0125ec/elements[39m
[35m[HTTP][39m [90m{"using":"xpath","value":"//*[@class = 'android.widget.TextView' and (@text = 'Patient Directory' or . = 'Patient Directory')]"}[39m
[35m[HTTP][39m [37m<-- POST /wd/hub/session/af5ca887-7ebb-491e-b075-ca4e6e0125ec/elements [39m[32m200[39m [90m103 ms - 12[39m
[35m[HTTP][39m [90m[39m
[35m[HTTP][39m [37m-->[39m [37mPOST[39m [37m/wd/hub/session/af5ca887-7ebb-491e-b075-ca4e6e0125ec/elements[39m
[35m[HTTP][39m [90m{"using":"xpath","value":"//*[@class = 'android.widget.TextView' and (@text = 'Patient Directory' or . = 'Patient Directory')]"}[39m
[35m[HTTP][39m [37m<-- POST /wd/hub/session/af5ca887-7ebb-491e-b075-ca4e6e0125ec/elements [39m[32m200[39m [90m104 ms - 12[39m
[35m[HTTP][39m [90m[39m
[35m[HTTP][39m [37m-->[39m [37mPOST[39m [37m/wd/hub/session/af5ca887-7ebb-491e-b075-ca4e6e0125ec/elements[39m
[35m[HTTP][39m [90m{"using":"xpath","value":"//*[@class = 'android.widget.TextView' and (@text = 'Patient Directory' or . = 'Patient Directory')]"}[39m
[35m[HTTP][39m [37m<-- POST /wd/hub/session/af5ca887-7ebb-491e-b075-ca4e6e0125ec/elements [39m[32m200[39m [90m110 ms - 12[39m
[35m[HTTP][39m [90m[39m
[35m[HTTP][39m [37m-->[39m [37mPOST[39m [37m/wd/hub/session/af5ca887-7ebb-491e-b075-ca4e6e0125ec/elements[39m
[35m[HTTP][39m [90m{"using":"xpath","value":"//*[@class = 'android.widget.TextView' and (@text = 'Patient Directory' or . = 'Patient Directory')]"}[39m
[35m[HTTP][39m [37m<-- POST /wd/hub/session/af5ca887-7ebb-491e-b075-ca4e6e0125ec/elements [39m[32m200[39m [90m66 ms - 12[39m
[35m[HTTP][39m [90m[39m
[35m[HTTP][39m [37m-->[39m [37mPOST[39m [37m/wd/hub/session/af5ca887-7ebb-491e-b075-ca4e6e0125ec/elements[39m
[35m[HTTP][39m [90m{"using":"xpath","value":"//*[@class = 'android.widget.TextView' and (@text = 'Patient Directory' or . = 'Patient Directory')]"}[39m
[35m[HTTP][39m [37m<-- POST /wd/hub/session/af5ca887-7ebb-491e-b075-ca4e6e0125ec/elements [39m[32m200[39m [90m64 ms - 12[39m
[35m[HTTP][39m [90m[39m
[35m[HTTP][39m [37m-->[39m [37mPOST[39m [37m/wd/hub/session/af5ca887-7ebb-491e-b075-ca4e6e0125ec/elements[39m
[35m[HTTP][39m [90m{"using":"xpath","value":"//*[@class = 'android.widget.TextView' and (@text = 'Patient Directory' or . = 'Patient Directory')]"}[39m
[35m[HTTP][39m [37m<-- POST /wd/hub/session/af5ca887-7ebb-491e-b075-ca4e6e0125ec/elements [39m[32m200[39m [90m69 ms - 12[39m
[35m[HTTP][39m [90m[39m
[35m[HTTP][39m [37m-->[39m [37mPOST[39m [37m/wd/hub/session/af5ca887-7ebb-491e-b075-ca4e6e0125ec/elements[39m
[35m[HTTP][39m [90m{"using":"xpath","value":"//*[@class = 'android.widget.TextView' and (@text = 'Patient Directory' or . = 'Patient Directory')]"}[39m
[35m[HTTP][39m [37m<-- POST /wd/hub/session/af5ca887-7ebb-491e-b075-ca4e6e0125ec/elements [39m[32m200[39m [90m85 ms - 12[39m
[35m[HTTP][39m [90m[39m
[35m[HTTP][39m [37m-->[39m [37mPOST[39m [37m/wd/hub/session/af5ca887-7ebb-491e-b075-ca4e6e0125ec/elements[39m
[35m[HTTP][39m [90m{"using":"xpath","value":"//*[@class = 'android.widget.TextView' and (@text = 'Patient Directory' or . = 'Patient Directory')]"}[39m
[35m[HTTP][39m [37m<-- POST /wd/hub/session/af5ca887-7ebb-491e-b075-ca4e6e0125ec/elements [39m[32m200[39m [90m66 ms - 12[39m
[35m[HTTP][39m [90m[39m
[35m[HTTP][39m [37m-->[39m [37mPOST[39m [37m/wd/hub/session/af5ca887-7ebb-491e-b075-ca4e6e0125ec/elements[39m
[35m[HTTP][39m [90m{"using":"xpath","value":"//*[@class = 'android.widget.TextView' and (@text = 'Patient Directory' or . = 'Patient Directory')]"}[39m
[35m[HTTP][39m [37m<-- POST /wd/hub/session/af5ca887-7ebb-491e-b075-ca4e6e0125ec/elements [39m[32m200[39m [90m65 ms - 12[39m
[35m[HTTP][39m [90m[39m
[35m[HTTP][39m [37m-->[39m [37mPOST[39m [37m/wd/hub/session/af5ca887-7ebb-491e-b075-ca4e6e0125ec/elements[39m
[35m[HTTP][39m [90m{"using":"xpath","value":"//*[@class = 'android.widget.TextView' and (@text = 'Patient Directory' or . = 'Patient Directory')]"}[39m
[35m[HTTP][39m [37m<-- POST /wd/hub/session/af5ca887-7ebb-491e-b075-ca4e6e0125ec/elements [39m[32m200[39m [90m118 ms - 12[39m
[35m[HTTP][39m [90m[39m
[35m[HTTP][39m [37m-->[39m [37mPOST[39m [37m/wd/hub/session/af5ca887-7ebb-491e-b075-ca4e6e0125ec/elements[39m
[35m[HTTP][39m [90m{"using":"xpath","value":"//*[@class = 'android.widget.TextView' and (@text = 'Patient Directory' or . = 'Patient Directory')]"}[39m
[35m[HTTP][39m [37m<-- POST /wd/hub/session/af5ca887-7ebb-491e-b075-ca4e6e0125ec/elements [39m[32m200[39m [90m71 ms - 12[39m
[35m[HTTP][39m [90m[39m
[35m[HTTP][39m [37m-->[39m [37mPOST[39m [37m/wd/hub/session/af5ca887-7ebb-491e-b075-ca4e6e0125ec/elements[39m
[35m[HTTP][39m [90m{"using":"xpath","value":"//*[@class = 'android.widget.TextView' and (@text = 'Patient Directory' or . = 'Patient Directory')]"}[39m
[35m[HTTP][39m [37m<-- POST /wd/hub/session/af5ca887-7ebb-491e-b075-ca4e6e0125ec/elements [39m[32m200[39m [90m112 ms - 12[39m
[35m[HTTP][39m [90m[39m
[35m[HTTP][39m [37m-->[39m [37mPOST[39m [37m/wd/hub/session/af5ca887-7ebb-491e-b075-ca4e6e0125ec/elements[39m
[35m[HTTP][39m [90m{"using":"xpath","value":"//*[@class = 'android.widget.TextView' and (@text = 'Patient Directory' or . = 'Patient Directory')]"}[39m
[35m[HTTP][39m [37m<-- POST /wd/hub/session/af5ca887-7ebb-491e-b075-ca4e6e0125ec/elements [39m[32m200[39m [90m109 ms - 12[39m
[35m[HTTP][39m [90m[39m
[35m[HTTP][39m [37m-->[39m [37mPOST[39m [37m/wd/hub/session/af5ca887-7ebb-491e-b075-ca4e6e0125ec/elements[39m
[35m[HTTP][39m [90m{"using":"xpath","value":"//*[@class = 'android.widget.TextView' and (@text = 'Patient Directory' or . = 'Patient Directory')]"}[39m
[35m[HTTP][39m [37m<-- POST /wd/hub/session/af5ca887-7ebb-491e-b075-ca4e6e0125ec/elements [39m[32m200[39m [90m106 ms - 12[39m
[35m[HTTP][39m [90m[39m
[35m[HTTP][39m [37m-->[39m [37mPOST[39m [37m/wd/hub/session/af5ca887-7ebb-491e-b075-ca4e6e0125ec/elements[39m
[35m[HTTP][39m [90m{"using":"xpath","value":"//*[@class = 'android.widget.TextView' and (@text = 'Patient Directory' or . = 'Patient Directory')]"}[39m
[35m[HTTP][39m [37m<-- POST /wd/hub/session/af5ca887-7ebb-491e-b075-ca4e6e0125ec/elements [39m[32m200[39m [90m99 ms - 12[39m
[35m[HTTP][39m [90m[39m
[35m[HTTP][39m [37m-->[39m [37mPOST[39m [37m/wd/hub/session/af5ca887-7ebb-491e-b075-ca4e6e0125ec/elements[39m
[35m[HTTP][39m [90m{"using":"xpath","value":"//*[@class = 'android.widget.TextView' and (@text = 'Patient Directory' or . = 'Patient Directory')]"}[39m
[35m[HTTP][39m [37m<-- POST /wd/hub/session/af5ca887-7ebb-491e-b075-ca4e6e0125ec/elements [39m[32m200[39m [90m97 ms - 12[39m
[35m[HTTP][39m [90m[39m
[35m[HTTP][39m [37m-->[39m [37mPOST[39m [37m/wd/hub/session/af5ca887-7ebb-491e-b075-ca4e6e0125ec/elements[39m
[35m[HTTP][39m [90m{"using":"xpath","value":"//*[@class = 'android.widget.TextView' and (@text = 'Patient Directory' or . = 'Patient Directory')]"}[39m
[35m[HTTP][39m [37m<-- POST /wd/hub/session/af5ca887-7ebb-491e-b075-ca4e6e0125ec/elements [39m[32m200[39m [90m102 ms - 12[39m
[35m[HTTP][39m [90m[39m
[35m[HTTP][39m [37m-->[39m [37mPOST[39m [37m/wd/hub/session/af5ca887-7ebb-491e-b075-ca4e6e0125ec/elements[39m
[35m[HTTP][39m [90m{"using":"xpath","value":"//*[@class = 'android.widget.TextView' and (@text = 'Patient Directory' or . = 'Patient Directory')]"}[39m
[35m[HTTP][39m [37m<-- POST /wd/hub/session/af5ca887-7ebb-491e-b075-ca4e6e0125ec/elements [39m[32m200[39m [90m99 ms - 12[39m
[35m[HTTP][39m [90m[39m
[35m[HTTP][39m [37m-->[39m [37mPOST[39m [37m/wd/hub/session/af5ca887-7ebb-491e-b075-ca4e6e0125ec/elements[39m
[35m[HTTP][39m [90m{"using":"xpath","value":"//*[@class = 'android.widget.TextView' and (@text = 'Patient Directory' or . = 'Patient Directory')]"}[39m
[35m[HTTP][39m [37m<-- POST /wd/hub/session/af5ca887-7ebb-491e-b075-ca4e6e0125ec/elements [39m[32m200[39m [90m58 ms - 12[39m
[35m[HTTP][39m [90m[39m
[35m[HTTP][39m [37m-->[39m [37mPOST[39m [37m/wd/hub/session/af5ca887-7ebb-491e-b075-ca4e6e0125ec/elements[39m
[35m[HTTP][39m [90m{"using":"xpath","value":"//*[@class = 'android.widget.TextView' and (@text = 'Patient Directory' or . = 'Patient Directory')]"}[39m
[35m[HTTP][39m [37m<-- POST /wd/hub/session/af5ca887-7ebb-491e-b075-ca4e6e0125ec/elements [39m[32m200[39m [90m64 ms - 12[39m
[35m[HTTP][39m [90m[39m
[35m[HTTP][39m [37m-->[39m [37mPOST[39m [37m/wd/hub/session/af5ca887-7ebb-491e-b075-ca4e6e0125ec/elements[39m
[35m[HTTP][39m [90m{"using":"xpath","value":"//*[@class = 'android.widget.TextView' and (@text = 'Patient Directory' or . = 'Patient Directory')]"}[39m
[35m[HTTP][39m [37m<-- POST /wd/hub/session/af5ca887-7ebb-491e-b075-ca4e6e0125ec/elements [39m[32m200[39m [90m113 ms - 12[39m
[35m[HTTP][39m [90m[39m
[35m[HTTP][39m [37m-->[39m [37mPOST[39m [37m/wd/hub/session/af5ca887-7ebb-491e-b075-ca4e6e0125ec/elements[39m
[35m[HTTP][39m [90m{"using":"xpath","value":"//*[@class = 'android.widget.TextView' and (@text = 'Patient Directory' or . = 'Patient Directory')]"}[39m
[35m[HTTP][39m [37m<-- POST /wd/hub/session/af5ca887-7ebb-491e-b075-ca4e6e0125ec/elements [39m[32m200[39m [90m106 ms - 12[39m
[35m[HTTP][39m [90m[39m
[35m[HTTP][39m [37m-->[39m [37mPOST[39m [37m/wd/hub/session/af5ca887-7ebb-491e-b075-ca4e6e0125ec/elements[39m
[35m[HTTP][39m [90m{"using":"xpath","value":"//*[@class = 'android.widget.TextView' and (@text = 'Patient Directory' or . = 'Patient Directory')]"}[39m
[35m[HTTP][39m [37m<-- POST /wd/hub/session/af5ca887-7ebb-491e-b075-ca4e6e0125ec/elements [39m[32m200[39m [90m135 ms - 12[39m
[35m[HTTP][39m [90m[39m
[35m[HTTP][39m [37m-->[39m [37mPOST[39m [37m/wd/hub/session/af5ca887-7ebb-491e-b075-ca4e6e0125ec/elements[39m
[35m[HTTP][39m [90m{"using":"xpath","value":"//*[@class = 'android.widget.TextView' and (@text = 'Patient Directory' or . = 'Patient Directory')]"}[39m
[35m[HTTP][39m [37m<-- POST /wd/hub/session/af5ca887-7ebb-491e-b075-ca4e6e0125ec/elements [39m[32m200[39m [90m1226 ms - 139[39m
[35m[HTTP][39m [90m[39m
[35m[HTTP][39m [37m-->[39m [37mGET[39m [37m/wd/hub/session/af5ca887-7ebb-491e-b075-ca4e6e0125ec/element/00000000-0000-10fe-ffff-ffff000000bb/location[39m
[35m[HTTP][39m [90m{}[39m
[35m[W3C (af5ca887)][39m Driver proxy active, passing request on via HTTP proxy
[35m[WD Proxy][39m Replacing sessionId b544e8ed-ffa9-499a-82da-0bd2fc617563 with af5ca887-7ebb-491e-b075-ca4e6e0125ec
[35m[HTTP][39m [37m<-- GET /wd/hub/session/af5ca887-7ebb-491e-b075-ca4e6e0125ec/element/00000000-0000-10fe-ffff-ffff000000bb/location [39m[32m200[39m [90m524 ms - 78[39m
[35m[HTTP][39m [90m[39m
[35m[HTTP][39m [37m-->[39m [37mPOST[39m [37m/wd/hub/session/af5ca887-7ebb-491e-b075-ca4e6e0125ec/timeouts[39m
[35m[HTTP][39m [90m{"implicit":30000}[39m
[35m[HTTP][39m [37m<-- POST /wd/hub/session/af5ca887-7ebb-491e-b075-ca4e6e0125ec/timeouts [39m[32m200[39m [90m3 ms - 14[39m
[35m[HTTP][39m [90m[39m
[35m[HTTP][39m [37m-->[39m [37mPOST[39m [37m/wd/hub/session/af5ca887-7ebb-491e-b075-ca4e6e0125ec/timeouts[39m
[35m[HTTP][39m [90m{"implicit":50}[39m
[35m[HTTP][39m [37m<-- POST /wd/hub/session/af5ca887-7ebb-491e-b075-ca4e6e0125ec/timeouts [39m[32m200[39m [90m3 ms - 14[39m
[35m[HTTP][39m [90m[39m
[35m[HTTP][39m [37m-->[39m [37mGET[39m [37m/wd/hub/session/af5ca887-7ebb-491e-b075-ca4e6e0125ec/window/rect[39m
[35m[HTTP][39m [90m{}[39m
[35m[HTTP][39m [37m<-- GET /wd/hub/session/af5ca887-7ebb-491e-b075-ca4e6e0125ec/window/rect [39m[32m200[39m [90m30 ms - 50[39m
[35m[HTTP][39m [90m[39m
[35m[HTTP][39m [37m-->[39m [37mPOST[39m [37m/wd/hub/session/af5ca887-7ebb-491e-b075-ca4e6e0125ec/elements[39m
[35m[HTTP][39m [90m{"using":"xpath","value":"//*[@class = 'android.widget.EditText' and (@text = 'Search by Name, MRN' or . = 'Search by Name, MRN')]"}[39m
[35m[HTTP][39m [37m<-- POST /wd/hub/session/af5ca887-7ebb-491e-b075-ca4e6e0125ec/elements [39m[32m200[39m [90m233 ms - 139[39m
[35m[HTTP][39m [90m[39m
[35m[HTTP][39m [37m-->[39m [37mGET[39m [37m/wd/hub/session/af5ca887-7ebb-491e-b075-ca4e6e0125ec/element/00000000-0000-10fe-ffff-ffff00000097/location[39m
[35m[HTTP][39m [90m{}[39m
[35m[W3C (af5ca887)][39m Driver proxy active, passing request on via HTTP proxy
[35m[WD Proxy][39m Replacing sessionId b544e8ed-ffa9-499a-82da-0bd2fc617563 with af5ca887-7ebb-491e-b075-ca4e6e0125ec
[35m[HTTP][39m [37m<-- GET /wd/hub/session/af5ca887-7ebb-491e-b075-ca4e6e0125ec/element/00000000-0000-10fe-ffff-ffff00000097/location [39m[32m200[39m [90m33 ms - 78[39m
[35m[HTTP][39m [90m[39m
[35m[HTTP][39m [37m-->[39m [37mPOST[39m [37m/wd/hub/session/af5ca887-7ebb-491e-b075-ca4e6e0125ec/timeouts[39m
[35m[HTTP][39m [90m{"implicit":30000}[39m
[35m[HTTP][39m [37m<-- POST /wd/hub/session/af5ca887-7ebb-491e-b075-ca4e6e0125ec/timeouts [39m[32m200[39m [90m3 ms - 14[39m
[35m[HTTP][39m [90m[39m
[35m[HTTP][39m [37m-->[39m [37mPOST[39m [37m/wd/hub/session/af5ca887-7ebb-491e-b075-ca4e6e0125ec/element/00000000-0000-10fe-ffff-ffff00000097/clear[39m
[35m[HTTP][39m [90m{"id":"00000000-0000-10fe-ffff-ffff00000097"}[39m
[35m[HTTP][39m [37m<-- POST /wd/hub/session/af5ca887-7ebb-491e-b075-ca4e6e0125ec/element/00000000-0000-10fe-ffff-ffff00000097/clear [39m[32m200[39m [90m53 ms - 14[39m
[35m[HTTP][39m [90m[39m
[35m[HTTP][39m [37m-->[39m [37mPOST[39m [37m/wd/hub/session/af5ca887-7ebb-491e-b075-ca4e6e0125ec/element/00000000-0000-10fe-ffff-ffff00000097/value[39m
[35m[HTTP][39m [90m{"id":"00000000-0000-10fe-ffff-ffff00000097","text":"78ui","value":["7","8","u","i"]}[39m
[35m[HTTP][39m [37m<-- POST /wd/hub/session/af5ca887-7ebb-491e-b075-ca4e6e0125ec/element/00000000-0000-10fe-ffff-ffff00000097/value [39m[32m200[39m [90m547 ms - 14[39m
[35m[HTTP][39m [90m[39m
[35m[HTTP][39m [37m-->[39m [37mPOST[39m [37m/wd/hub/session/af5ca887-7ebb-491e-b075-ca4e6e0125ec/timeouts[39m
[35m[HTTP][39m [90m{"implicit":50}[39m
[35m[HTTP][39m [37m<-- POST /wd/hub/session/af5ca887-7ebb-491e-b075-ca4e6e0125ec/timeouts [39m[32m200[39m [90m4 ms - 14[39m
[35m[HTTP][39m [90m[39m
[35m[HTTP][39m [37m-->[39m [37mGET[39m [37m/wd/hub/session/af5ca887-7ebb-491e-b075-ca4e6e0125ec/window/rect[39m
[35m[HTTP][39m [90m{}[39m
[35m[HTTP][39m [37m<-- GET /wd/hub/session/af5ca887-7ebb-491e-b075-ca4e6e0125ec/window/rect [39m[32m200[39m [90m23 ms - 50[39m
[35m[HTTP][39m [90m[39m
[35m[HTTP][39m [37m-->[39m [37mPOST[39m [37m/wd/hub/session/af5ca887-7ebb-491e-b075-ca4e6e0125ec/elements[39m
[35m[HTTP][39m [90m{"using":"xpath","value":"//*[@class = 'android.widget.TextView' and (@text = 'Current site' or . = 'Current site')]"}[39m
[35m[HTTP][39m [37m<-- POST /wd/hub/session/af5ca887-7ebb-491e-b075-ca4e6e0125ec/elements [39m[32m200[39m [90m464 ms - 139[39m
[35m[HTTP][39m [90m[39m
[35m[HTTP][39m [37m-->[39m [37mGET[39m [37m/wd/hub/session/af5ca887-7ebb-491e-b075-ca4e6e0125ec/element/00000000-0000-10fe-ffff-ffff00000122/location[39m
[35m[HTTP][39m [90m{}[39m
[35m[W3C (af5ca887)][39m Driver proxy active, passing request on via HTTP proxy
[35m[WD Proxy][39m Replacing sessionId b544e8ed-ffa9-499a-82da-0bd2fc617563 with af5ca887-7ebb-491e-b075-ca4e6e0125ec
[35m[HTTP][39m [37m<-- GET /wd/hub/session/af5ca887-7ebb-491e-b075-ca4e6e0125ec/element/00000000-0000-10fe-ffff-ffff00000122/location [39m[32m200[39m [90m25 ms - 78[39m
[35m[HTTP][39m [90m[39m
[35m[HTTP][39m [37m-->[39m [37mPOST[39m [37m/wd/hub/session/af5ca887-7ebb-491e-b075-ca4e6e0125ec/timeouts[39m
[35m[HTTP][39m [90m{"implicit":30000}[39m
[35m[HTTP][39m [37m<-- POST /wd/hub/session/af5ca887-7ebb-491e-b075-ca4e6e0125ec/timeouts [39m[32m200[39m [90m3 ms - 14[39m
[35m[HTTP][39m [90m[39m
[35m[HTTP][39m [37m-->[39m [37mPOST[39m [37m/wd/hub/session/af5ca887-7ebb-491e-b075-ca4e6e0125ec/element/00000000-0000-10fe-ffff-ffff00000122/click[39m
[35m[HTTP][39m [90m{"id":"00000000-0000-10fe-ffff-ffff00000122"}[39m
[35m[HTTP][39m [37m<-- POST /wd/hub/session/af5ca887-7ebb-491e-b075-ca4e6e0125ec/element/00000000-0000-10fe-ffff-ffff00000122/click [39m[32m200[39m [90m90 ms - 14[39m
[35m[HTTP][39m [90m[39m
[35m[HTTP][39m [37m-->[39m [37mPOST[39m [37m/wd/hub/session/af5ca887-7ebb-491e-b075-ca4e6e0125ec/timeouts[39m
[35m[HTTP][39m [90m{"implicit":50}[39m
[35m[HTTP][39m [37m<-- POST /wd/hub/session/af5ca887-7ebb-491e-b075-ca4e6e0125ec/timeouts [39m[32m200[39m [90m3 ms - 14[39m
[35m[HTTP][39m [90m[39m
[35m[HTTP][39m [37m-->[39m [37mGET[39m [37m/wd/hub/session/af5ca887-7ebb-491e-b075-ca4e6e0125ec/window/rect[39m
[35m[HTTP][39m [90m{}[39m
[35m[HTTP][39m [37m<-- GET /wd/hub/session/af5ca887-7ebb-491e-b075-ca4e6e0125ec/window/rect [39m[32m200[39m [90m17 ms - 50[39m
[35m[HTTP][39m [90m[39m
[35m[HTTP][39m [37m-->[39m [37mPOST[39m [37m/wd/hub/session/af5ca887-7ebb-491e-b075-ca4e6e0125ec/elements[39m
[35m[HTTP][39m [90m{"using":"xpath","value":"//hierarchy/android.widget.FrameLayout[1]/android.widget.LinearLayout[1]/android.widget.FrameLayout[1]/android.widget.LinearLayout[1]/android.widget.FrameLayout[1]/android.widget.FrameLayout[1]/android.view.ViewGroup[1]/android.view.ViewGroup[1]/android.view.ViewGroup[1]/android.widget.FrameLayout[1]/android.view.ViewGroup[1]/android.view.ViewGroup[1]/android.view.ViewGroup[1]/android.view.ViewGroup[1]/android.widget.FrameLayout[2]/android.view.ViewGroup[1]/android.view.ViewGroup[1]/android.view.ViewGroup[1]/android.widget.ScrollView[1]/android.view.ViewGroup[1]/android.view.ViewGroup[1]/android.widget.TextView[1]"}[39m
[35m[HTTP][39m [37m<-- POST /wd/hub/session/af5ca887-7ebb-491e-b075-ca4e6e0125ec/elements [39m[32m200[39m [90m379 ms - 139[39m
[35m[HTTP][39m [90m[39m
[35m[HTTP][39m [37m-->[39m [37mGET[39m [37m/wd/hub/session/af5ca887-7ebb-491e-b075-ca4e6e0125ec/element/00000000-0000-10fe-ffff-ffff00000134/location[39m
[35m[HTTP][39m [90m{}[39m
[35m[W3C (af5ca887)][39m Driver proxy active, passing request on via HTTP proxy
[35m[WD Proxy][39m Replacing sessionId b544e8ed-ffa9-499a-82da-0bd2fc617563 with af5ca887-7ebb-491e-b075-ca4e6e0125ec
[35m[HTTP][39m [37m<-- GET /wd/hub/session/af5ca887-7ebb-491e-b075-ca4e6e0125ec/element/00000000-0000-10fe-ffff-ffff00000134/location [39m[32m200[39m [90m31 ms - 77[39m
[35m[HTTP][39m [90m[39m
[35m[HTTP][39m [37m-->[39m [37mPOST[39m [37m/wd/hub/session/af5ca887-7ebb-491e-b075-ca4e6e0125ec/timeouts[39m
[35m[HTTP][39m [90m{"implicit":30000}[39m
[35m[HTTP][39m [37m<-- POST /wd/hub/session/af5ca887-7ebb-491e-b075-ca4e6e0125ec/timeouts [39m[32m200[39m [90m5 ms - 14[39m
[35m[HTTP][39m [90m[39m
[35m[HTTP][39m [37m-->[39m [37mPOST[39m [37m/wd/hub/session/af5ca887-7ebb-491e-b075-ca4e6e0125ec/element/00000000-0000-10fe-ffff-ffff00000134/click[39m
[35m[HTTP][39m [90m{"id":"00000000-0000-10fe-ffff-ffff00000134"}[39m
[35m[HTTP][39m [37m<-- POST /wd/hub/session/af5ca887-7ebb-491e-b075-ca4e6e0125ec/element/00000000-0000-10fe-ffff-ffff00000134/click [39m[32m200[39m [90m60 ms - 14[39m
[35m[HTTP][39m [90m[39m
[35m[HTTP][39m [37m-->[39m [37mPOST[39m [37m/wd/hub/session/af5ca887-7ebb-491e-b075-ca4e6e0125ec/timeouts[39m
[35m[HTTP][39m [90m{"implicit":50}[39m
[35m[HTTP][39m [37m<-- POST /wd/hub/session/af5ca887-7ebb-491e-b075-ca4e6e0125ec/timeouts [39m[32m200[39m [90m4 ms - 14[39m
[35m[HTTP][39m [90m[39m
[35m[HTTP][39m [37m-->[39m [37mGET[39m [37m/wd/hub/session/af5ca887-7ebb-491e-b075-ca4e6e0125ec/window/rect[39m
[35m[HTTP][39m [90m{}[39m
[35m[HTTP][39m [37m<-- GET /wd/hub/session/af5ca887-7ebb-491e-b075-ca4e6e0125ec/window/rect [39m[32m200[39m [90m24 ms - 50[39m
[35m[HTTP][39m [90m[39m
[35m[HTTP][39m [37m-->[39m [37mPOST[39m [37m/wd/hub/session/af5ca887-7ebb-491e-b075-ca4e6e0125ec/elements[39m
[35m[HTTP][39m [90m{"using":"xpath","value":"//hierarchy/android.widget.FrameLayout[1]/android.widget.LinearLayout[1]/android.widget.FrameLayout[1]/android.widget.LinearLayout[1]/android.widget.FrameLayout[1]/android.widget.FrameLayout[1]/android.view.ViewGroup[1]/android.view.ViewGroup[1]/android.view.ViewGroup[1]/android.widget.FrameLayout[1]/android.view.ViewGroup[1]/android.view.ViewGroup[1]/android.view.ViewGroup[1]/android.view.ViewGroup[1]/android.widget.FrameLayout[1]/android.view.ViewGroup[1]/android.view.ViewGroup[1]/android.view.ViewGroup[1]/android.view.ViewGroup[5]/android.widget.ScrollView[1]/android.view.ViewGroup[1]/android.view.ViewGroup[1]/android.view.ViewGroup[1]/android.view.ViewGroup[1]/android.view.ViewGroup[1]"}[39m
[35m[HTTP][39m [37m<-- POST /wd/hub/session/af5ca887-7ebb-491e-b075-ca4e6e0125ec/elements [39m[32m200[39m [90m409 ms - 139[39m
[35m[HTTP][39m [90m[39m
[35m[HTTP][39m [37m-->[39m [37mGET[39m [37m/wd/hub/session/af5ca887-7ebb-491e-b075-ca4e6e0125ec/element/00000000-0000-10fe-ffff-ffff000000cc/location[39m
[35m[HTTP][39m [90m{}[39m
[35m[W3C (af5ca887)][39m Driver proxy active, passing request on via HTTP proxy
[35m[WD Proxy][39m Replacing sessionId b544e8ed-ffa9-499a-82da-0bd2fc617563 with af5ca887-7ebb-491e-b075-ca4e6e0125ec
[35m[HTTP][39m [37m<-- GET /wd/hub/session/af5ca887-7ebb-491e-b075-ca4e6e0125ec/element/00000000-0000-10fe-ffff-ffff000000cc/location [39m[32m200[39m [90m36 ms - 76[39m
[35m[HTTP][39m [90m[39m
[35m[HTTP][39m [37m-->[39m [37mPOST[39m [37m/wd/hub/session/af5ca887-7ebb-491e-b075-ca4e6e0125ec/timeouts[39m
[35m[HTTP][39m [90m{"implicit":30000}[39m
[35m[HTTP][39m [37m<-- POST /wd/hub/session/af5ca887-7ebb-491e-b075-ca4e6e0125ec/timeouts [39m[32m200[39m [90m3 ms - 14[39m
[35m[HTTP][39m [90m[39m
[35m[HTTP][39m [37m-->[39m [37mPOST[39m [37m/wd/hub/session/af5ca887-7ebb-491e-b075-ca4e6e0125ec/element/00000000-0000-10fe-ffff-ffff000000cc/click[39m
[35m[HTTP][39m [90m{"id":"00000000-0000-10fe-ffff-ffff000000cc"}[39m
[35m[WD Proxy][39m Got response with status 404: {"sessionId":"b544e8ed-ffa9-499a-82da-0bd2fc617563","value":{"error":"stale element reference","message":"Cached elements 'By.xpath: //hierarchy/android.widget.FrameLayout[1]/android.widget.LinearLayout[1]/android.widget.FrameLayout[1]/android.widget.LinearLayout[1]/android.widget.FrameLayout[1]/android.widget.FrameLayout[1]/android.view.ViewGroup[1]/android.view.ViewGroup[1]/android.view.ViewGroup[1]/android.widget.FrameLayout[1]/android.view.ViewGroup[1]/android.view.ViewGroup[1]/android.view.ViewGroup[1]/android.view.ViewGroup[1]/android.widget.FrameLayout[1]/android.view.ViewGroup[1]/android.view.ViewGroup[1]/android.view.ViewGroup[1]/android.view.ViewGroup[5]/android.widget.ScrollView[1]/android.view.ViewGroup[1]/android.view.ViewGroup[1]/android.view.ViewGroup[1]/android.view.ViewGroup[1]/android.view.ViewGroup[1]' do not exist in DOM anymore","stacktrace":"io.appium.uiautomator2.common.exceptions.StaleElementReferenceException: Cached elements 'By.xpath: //hierarchy/android.widget.FrameLayout[1]/and...
[35m[HTTP][39m [37m<-- POST /wd/hub/session/af5ca887-7ebb-491e-b075-ca4e6e0125ec/element/00000000-0000-10fe-ffff-ffff000000cc/click [39m[33m404[39m [90m764 ms - 5289[39m
[35m[HTTP][39m [90m[39m
[35m[HTTP][39m [37m-->[39m [37mGET[39m [37m/wd/hub/session/af5ca887-7ebb-491e-b075-ca4e6e0125ec/context[39m
[35m[HTTP][39m [90m{}[39m
[35m[HTTP][39m [37m<-- GET /wd/hub/session/af5ca887-7ebb-491e-b075-ca4e6e0125ec/context [39m[32m200[39m [90m3 ms - 22[39m
[35m[HTTP][39m [90m[39m
[35m[HTTP][39m [37m-->[39m [37mGET[39m [37m/wd/hub/session/af5ca887-7ebb-491e-b075-ca4e6e0125ec/contexts[39m
[35m[HTTP][39m [90m{}[39m
[35m[HTTP][39m [37m<-- GET /wd/hub/session/af5ca887-7ebb-491e-b075-ca4e6e0125ec/contexts [39m[32m200[39m [90m258 ms - 24[39m
[35m[HTTP][39m [90m[39m
[35m[HTTP][39m [37m-->[39m [37mPOST[39m [37m/wd/hub/session/af5ca887-7ebb-491e-b075-ca4e6e0125ec/context[39m
[35m[HTTP][39m [90m{"name":"NATIVE_APP"}[39m
[35m[HTTP][39m [37m<-- POST /wd/hub/session/af5ca887-7ebb-491e-b075-ca4e6e0125ec/context [39m[32m200[39m [90m4 ms - 14[39m
[35m[HTTP][39m [90m[39m
[35m[HTTP][39m [37m-->[39m [37mGET[39m [37m/wd/hub/session/af5ca887-7ebb-491e-b075-ca4e6e0125ec/screenshot[39m
[35m[HTTP][39m [90m{}[39m
[35m[HTTP][39m [37m<-- GET /wd/hub/session/af5ca887-7ebb-491e-b075-ca4e6e0125ec/screenshot [39m[32m200[39m [90m669 ms - 104094[39m
[35m[HTTP][39m [90m[39m
[35m[HTTP][39m [37m-->[39m [37mPOST[39m [37m/wd/hub/session/af5ca887-7ebb-491e-b075-ca4e6e0125ec/context[39m
[35m[HTTP][39m [90m{"name":"NATIVE_APP"}[39m
[35m[HTTP][39m [37m<-- POST /wd/hub/session/af5ca887-7ebb-491e-b075-ca4e6e0125ec/context [39m[32m200[39m [90m6 ms - 14[39m
[35m[HTTP][39m [90m[39m
[35m[HTTP][39m [37m-->[39m [37mPOST[39m [37m/wd/hub/session/af5ca887-7ebb-491e-b075-ca4e6e0125ec/timeouts[39m
[35m[HTTP][39m [90m{"implicit":50}[39m
[35m[HTTP][39m [37m<-- POST /wd/hub/session/af5ca887-7ebb-491e-b075-ca4e6e0125ec/timeouts [39m[32m200[39m [90m6 ms - 14[39m
[35m[HTTP][39m [90m[39m
[35m[HTTP][39m [37m-->[39m [37mGET[39m [37m/wd/hub/session/af5ca887-7ebb-491e-b075-ca4e6e0125ec/window/rect[39m
[35m[HTTP][39m [90m{}[39m
[35m[HTTP][39m [37m<-- GET /wd/hub/session/af5ca887-7ebb-491e-b075-ca4e6e0125ec/window/rect [39m[32m200[39m [90m30 ms - 50[39m
[35m[HTTP][39m [90m[39m
[35m[HTTP][39m [37m-->[39m [37mPOST[39m [37m/wd/hub/session/af5ca887-7ebb-491e-b075-ca4e6e0125ec/elements[39m
[35m[HTTP][39m [90m{"using":"xpath","value":"//*[@class = 'android.widget.EditText' and (@text = 'Search by Name, MRN' or . = 'Search by Name, MRN')]"}[39m
[35m[HTTP][39m [37m<-- POST /wd/hub/session/af5ca887-7ebb-491e-b075-ca4e6e0125ec/elements [39m[32m200[39m [90m119 ms - 12[39m
[35m[HTTP][39m [90m[39m
[35m[HTTP][39m [37m-->[39m [37mPOST[39m [37m/wd/hub/session/af5ca887-7ebb-491e-b075-ca4e6e0125ec/elements[39m
[35m[HTTP][39m [90m{"using":"xpath","value":"//*[@class = 'android.widget.EditText' and (@text = 'Search by Name, MRN' or . = 'Search by Name, MRN')]"}[39m
[35m[HTTP][39m [37m<-- POST /wd/hub/session/af5ca887-7ebb-491e-b075-ca4e6e0125ec/elements [39m[32m200[39m [90m92 ms - 12[39m
[35m[HTTP][39m [90m[39m
[35m[HTTP][39m [37m-->[39m [37mPOST[39m [37m/wd/hub/session/af5ca887-7ebb-491e-b075-ca4e6e0125ec/elements[39m
[35m[HTTP][39m [90m{"using":"xpath","value":"//*[@class = 'android.widget.EditText' and (@text = 'Search by Name, MRN' or . = 'Search by Name, MRN')]"}[39m
[35m[HTTP][39m [37m<-- POST /wd/hub/session/af5ca887-7ebb-491e-b075-ca4e6e0125ec/elements [39m[32m200[39m [90m85 ms - 12[39m
[35m[HTTP][39m [90m[39m
[35m[HTTP][39m [37m-->[39m [37mPOST[39m [37m/wd/hub/session/af5ca887-7ebb-491e-b075-ca4e6e0125ec/elements[39m
[35m[HTTP][39m [90m{"using":"xpath","value":"//*[@class = 'android.widget.EditText' and (@text = 'Search by Name, MRN' or . = 'Search by Name, MRN')]"}[39m
[35m[HTTP][39m [37m<-- POST /wd/hub/session/af5ca887-7ebb-491e-b075-ca4e6e0125ec/elements [39m[32m200[39m [90m78 ms - 12[39m
[35m[HTTP][39m [90m[39m
[35m[HTTP][39m [37m-->[39m [37mPOST[39m [37m/wd/hub/session/af5ca887-7ebb-491e-b075-ca4e6e0125ec/elements[39m
[35m[HTTP][39m [90m{"using":"xpath","value":"//*[@class = 'android.widget.EditText' and (@text = 'Search by Name, MRN' or . = 'Search by Name, MRN')]"}[39m
[35m[HTTP][39m [37m<-- POST /wd/hub/session/af5ca887-7ebb-491e-b075-ca4e6e0125ec/elements [39m[32m200[39m [90m93 ms - 12[39m
[35m[HTTP][39m [90m[39m
[35m[HTTP][39m [37m-->[39m [37mPOST[39m [37m/wd/hub/session/af5ca887-7ebb-491e-b075-ca4e6e0125ec/elements[39m
[35m[HTTP][39m [90m{"using":"xpath","value":"//*[@class = 'android.widget.EditText' and (@text = 'Search by Name, MRN' or . = 'Search by Name, MRN')]"}[39m
[35m[HTTP][39m [37m<-- POST /wd/hub/session/af5ca887-7ebb-491e-b075-ca4e6e0125ec/elements [39m[32m200[39m [90m83 ms - 12[39m
[35m[HTTP][39m [90m[39m
[35m[HTTP][39m [37m-->[39m [37mPOST[39m [37m/wd/hub/session/af5ca887-7ebb-491e-b075-ca4e6e0125ec/elements[39m
[35m[HTTP][39m [90m{"using":"xpath","value":"//*[@class = 'android.widget.EditText' and (@text = 'Search by Name, MRN' or . = 'Search by Name, MRN')]"}[39m
[35m[HTTP][39m [37m<-- POST /wd/hub/session/af5ca887-7ebb-491e-b075-ca4e6e0125ec/elements [39m[32m200[39m [90m71 ms - 12[39m
[35m[HTTP][39m [90m[39m
[35m[HTTP][39m [37m-->[39m [37mPOST[39m [37m/wd/hub/session/af5ca887-7ebb-491e-b075-ca4e6e0125ec/elements[39m
[35m[HTTP][39m [90m{"using":"xpath","value":"//*[@class = 'android.widget.EditText' and (@text = 'Search by Name, MRN' or . = 'Search by Name, MRN')]"}[39m
[35m[HTTP][39m [37m<-- POST /wd/hub/session/af5ca887-7ebb-491e-b075-ca4e6e0125ec/elements [39m[32m200[39m [90m72 ms - 12[39m
[35m[HTTP][39m [90m[39m
[35m[HTTP][39m [37m-->[39m [37mPOST[39m [37m/wd/hub/session/af5ca887-7ebb-491e-b075-ca4e6e0125ec/elements[39m
[35m[HTTP][39m [90m{"using":"xpath","value":"//*[@class = 'android.widget.EditText' and (@text = 'Search by Name, MRN' or . = 'Search by Name, MRN')]"}[39m
[35m[HTTP][39m [37m<-- POST /wd/hub/session/af5ca887-7ebb-491e-b075-ca4e6e0125ec/elements [39m[32m200[39m [90m88 ms - 12[39m
[35m[HTTP][39m [90m[39m
[35m[HTTP][39m [37m-->[39m [37mPOST[39m [37m/wd/hub/session/af5ca887-7ebb-491e-b075-ca4e6e0125ec/elements[39m
[35m[HTTP][39m [90m{"using":"xpath","value":"//*[@class = 'android.widget.EditText' and (@text = 'Search by Name, MRN' or . = 'Search by Name, MRN')]"}[39m
[35m[HTTP][39m [37m<-- POST /wd/hub/session/af5ca887-7ebb-491e-b075-ca4e6e0125ec/elements [39m[32m200[39m [90m113 ms - 12[39m
[35m[HTTP][39m [90m[39m
[35m[HTTP][39m [37m-->[39m [37mPOST[39m [37m/wd/hub/session/af5ca887-7ebb-491e-b075-ca4e6e0125ec/elements[39m
[35m[HTTP][39m [90m{"using":"xpath","value":"//*[@class = 'android.widget.EditText' and (@text = 'Search by Name, MRN' or . = 'Search by Name, MRN')]"}[39m
[35m[HTTP][39m [37m<-- POST /wd/hub/session/af5ca887-7ebb-491e-b075-ca4e6e0125ec/elements [39m[32m200[39m [90m80 ms - 12[39m
[35m[HTTP][39m [90m[39m
[35m[HTTP][39m [37m-->[39m [37mPOST[39m [37m/wd/hub/session/af5ca887-7ebb-491e-b075-ca4e6e0125ec/elements[39m
[35m[HTTP][39m [90m{"using":"xpath","value":"//*[@class = 'android.widget.EditText' and (@text = 'Search by Name, MRN' or . = 'Search by Name, MRN')]"}[39m
[35m[HTTP][39m [37m<-- POST /wd/hub/session/af5ca887-7ebb-491e-b075-ca4e6e0125ec/elements [39m[32m200[39m [90m69 ms - 12[39m
[35m[HTTP][39m [90m[39m
[35m[HTTP][39m [37m-->[39m [37mPOST[39m [37m/wd/hub/session/af5ca887-7ebb-491e-b075-ca4e6e0125ec/elements[39m
[35m[HTTP][39m [90m{"using":"xpath","value":"//*[@class = 'android.widget.EditText' and (@text = 'Search by Name, MRN' or . = 'Search by Name, MRN')]"}[39m
[35m[HTTP][39m [37m<-- POST /wd/hub/session/af5ca887-7ebb-491e-b075-ca4e6e0125ec/elements [39m[32m200[39m [90m81 ms - 12[39m
[35m[HTTP][39m [90m[39m
[35m[HTTP][39m [37m-->[39m [37mPOST[39m [37m/wd/hub/session/af5ca887-7ebb-491e-b075-ca4e6e0125ec/elements[39m
[35m[HTTP][39m [90m{"using":"xpath","value":"//*[@class = 'android.widget.EditText' and (@text = 'Search by Name, MRN' or . = 'Search by Name, MRN')]"}[39m
[35m[HTTP][39m [37m<-- POST /wd/hub/session/af5ca887-7ebb-491e-b075-ca4e6e0125ec/elements [39m[32m200[39m [90m83 ms - 12[39m
[35m[HTTP][39m [90m[39m
[35m[HTTP][39m [37m-->[39m [37mPOST[39m [37m/wd/hub/session/af5ca887-7ebb-491e-b075-ca4e6e0125ec/elements[39m
[35m[HTTP][39m [90m{"using":"xpath","value":"//*[@class = 'android.widget.EditText' and (@text = 'Search by Name, MRN' or . = 'Search by Name, MRN')]"}[39m
[35m[HTTP][39m [37m<-- POST /wd/hub/session/af5ca887-7ebb-491e-b075-ca4e6e0125ec/elements [39m[32m200[39m [90m72 ms - 12[39m
[35m[HTTP][39m [90m[39m
[35m[HTTP][39m [37m-->[39m [37mPOST[39m [37m/wd/hub/session/af5ca887-7ebb-491e-b075-ca4e6e0125ec/elements[39m
[35m[HTTP][39m [90m{"using":"xpath","value":"//*[@class = 'android.widget.EditText' and (@text = 'Search by Name, MRN' or . = 'Search by Name, MRN')]"}[39m
[35m[HTTP][39m [37m<-- POST /wd/hub/session/af5ca887-7ebb-491e-b075-ca4e6e0125ec/elements [39m[32m200[39m [90m105 ms - 12[39m
[35m[HTTP][39m [90m[39m
[35m[HTTP][39m [37m-->[39m [37mPOST[39m [37m/wd/hub/session/af5ca887-7ebb-491e-b075-ca4e6e0125ec/elements[39m
[35m[HTTP][39m [90m{"using":"xpath","value":"//*[@class = 'android.widget.EditText' and (@text = 'Search by Name, MRN' or . = 'Search by Name, MRN')]"}[39m
[35m[HTTP][39m [37m<-- POST /wd/hub/session/af5ca887-7ebb-491e-b075-ca4e6e0125ec/elements [39m[32m200[39m [90m70 ms - 12[39m
[35m[HTTP][39m [90m[39m
[35m[HTTP][39m [37m-->[39m [37mPOST[39m [37m/wd/hub/session/af5ca887-7ebb-491e-b075-ca4e6e0125ec/elements[39m
[35m[HTTP][39m [90m{"using":"xpath","value":"//*[@class = 'android.widget.EditText' and (@text = 'Search by Name, MRN' or . = 'Search by Name, MRN')]"}[39m
[35m[HTTP][39m [37m<-- POST /wd/hub/session/af5ca887-7ebb-491e-b075-ca4e6e0125ec/elements [39m[32m200[39m [90m103 ms - 12[39m
[35m[HTTP][39m [90m[39m
[35m[HTTP][39m [37m-->[39m [37mPOST[39m [37m/wd/hub/session/af5ca887-7ebb-491e-b075-ca4e6e0125ec/elements[39m
[35m[HTTP][39m [90m{"using":"xpath","value":"//*[@class = 'android.widget.EditText' and (@text = 'Search by Name, MRN' or . = 'Search by Name, MRN')]"}[39m
[35m[HTTP][39m [37m<-- POST /wd/hub/session/af5ca887-7ebb-491e-b075-ca4e6e0125ec/elements [39m[32m200[39m [90m109 ms - 12[39m
[35m[HTTP][39m [90m[39m
[35m[HTTP][39m [37m-->[39m [37mPOST[39m [37m/wd/hub/session/af5ca887-7ebb-491e-b075-ca4e6e0125ec/elements[39m
[35m[HTTP][39m [90m{"using":"xpath","value":"//*[@class = 'android.widget.EditText' and (@text = 'Search by Name, MRN' or . = 'Search by Name, MRN')]"}[39m
[35m[HTTP][39m [37m<-- POST /wd/hub/session/af5ca887-7ebb-491e-b075-ca4e6e0125ec/elements [39m[32m200[39m [90m98 ms - 12[39m
[35m[HTTP][39m [90m[39m
[35m[HTTP][39m [37m-->[39m [37mPOST[39m [37m/wd/hub/session/af5ca887-7ebb-491e-b075-ca4e6e0125ec/elements[39m
[35m[HTTP][39m [90m{"using":"xpath","value":"//*[@class = 'android.widget.EditText' and (@text = 'Search by Name, MRN' or . = 'Search by Name, MRN')]"}[39m
[35m[HTTP][39m [37m<-- POST /wd/hub/session/af5ca887-7ebb-491e-b075-ca4e6e0125ec/elements [39m[32m200[39m [90m103 ms - 12[39m
[35m[HTTP][39m [90m[39m
[35m[HTTP][39m [37m-->[39m [37mPOST[39m [37m/wd/hub/session/af5ca887-7ebb-491e-b075-ca4e6e0125ec/elements[39m
[35m[HTTP][39m [90m{"using":"xpath","value":"//*[@class = 'android.widget.EditText' and (@text = 'Search by Name, MRN' or . = 'Search by Name, MRN')]"}[39m
[35m[HTTP][39m [37m<-- POST /wd/hub/session/af5ca887-7ebb-491e-b075-ca4e6e0125ec/elements [39m[32m200[39m [90m89 ms - 12[39m
[35m[HTTP][39m [90m[39m
[35m[HTTP][39m [37m-->[39m [37mPOST[39m [37m/wd/hub/session/af5ca887-7ebb-491e-b075-ca4e6e0125ec/elements[39m
[35m[HTTP][39m [90m{"using":"xpath","value":"//*[@class = 'android.widget.EditText' and (@text = 'Search by Name, MRN' or . = 'Search by Name, MRN')]"}[39m
[35m[HTTP][39m [37m<-- POST /wd/hub/session/af5ca887-7ebb-491e-b075-ca4e6e0125ec/elements [39m[32m200[39m [90m67 ms - 12[39m
[35m[HTTP][39m [90m[39m
[35m[HTTP][39m [37m-->[39m [37mPOST[39m [37m/wd/hub/session/af5ca887-7ebb-491e-b075-ca4e6e0125ec/elements[39m
[35m[HTTP][39m [90m{"using":"xpath","value":"//*[@class = 'android.widget.EditText' and (@text = 'Search by Name, MRN' or . = 'Search by Name, MRN')]"}[39m
[35m[HTTP][39m [37m<-- POST /wd/hub/session/af5ca887-7ebb-491e-b075-ca4e6e0125ec/elements [39m[32m200[39m [90m87 ms - 12[39m
[35m[HTTP][39m [90m[39m
[35m[HTTP][39m [37m-->[39m [37mPOST[39m [37m/wd/hub/session/af5ca887-7ebb-491e-b075-ca4e6e0125ec/elements[39m
[35m[HTTP][39m [90m{"using":"xpath","value":"//*[@class = 'android.widget.EditText' and (@text = 'Search by Name, MRN' or . = 'Search by Name, MRN')]"}[39m
[35m[HTTP][39m [37m<-- POST /wd/hub/session/af5ca887-7ebb-491e-b075-ca4e6e0125ec/elements [39m[32m200[39m [90m100 ms - 12[39m
[35m[HTTP][39m [90m[39m
[35m[HTTP][39m [37m-->[39m [37mPOST[39m [37m/wd/hub/session/af5ca887-7ebb-491e-b075-ca4e6e0125ec/elements[39m
[35m[HTTP][39m [90m{"using":"xpath","value":"//*[@class = 'android.widget.EditText' and (@text = 'Search by Name, MRN' or . = 'Search by Name, MRN')]"}[39m
[35m[HTTP][39m [37m<-- POST /wd/hub/session/af5ca887-7ebb-491e-b075-ca4e6e0125ec/elements [39m[32m200[39m [90m93 ms - 12[39m
[35m[HTTP][39m [90m[39m
[35m[HTTP][39m [37m-->[39m [37mPOST[39m [37m/wd/hub/session/af5ca887-7ebb-491e-b075-ca4e6e0125ec/elements[39m
[35m[HTTP][39m [90m{"using":"xpath","value":"//*[@class = 'android.widget.EditText' and (@text = 'Search by Name, MRN' or . = 'Search by Name, MRN')]"}[39m
[35m[HTTP][39m [37m<-- POST /wd/hub/session/af5ca887-7ebb-491e-b075-ca4e6e0125ec/elements [39m[32m200[39m [90m68 ms - 12[39m
[35m[HTTP][39m [90m[39m
[35m[HTTP][39m [37m-->[39m [37mPOST[39m [37m/wd/hub/session/af5ca887-7ebb-491e-b075-ca4e6e0125ec/elements[39m
[35m[HTTP][39m [90m{"using":"xpath","value":"//*[@class = 'android.widget.EditText' and (@text = 'Search by Name, MRN' or . = 'Search by Name, MRN')]"}[39m
[35m[HTTP][39m [37m<-- POST /wd/hub/session/af5ca887-7ebb-491e-b075-ca4e6e0125ec/elements [39m[32m200[39m [90m62 ms - 12[39m
[35m[HTTP][39m [90m[39m
[35m[HTTP][39m [37m-->[39m [37mPOST[39m [37m/wd/hub/session/af5ca887-7ebb-491e-b075-ca4e6e0125ec/elements[39m
[35m[HTTP][39m [90m{"using":"xpath","value":"//*[@class = 'android.widget.EditText' and (@text = 'Search by Name, MRN' or . = 'Search by Name, MRN')]"}[39m
[35m[HTTP][39m [37m<-- POST /wd/hub/session/af5ca887-7ebb-491e-b075-ca4e6e0125ec/elements [39m[32m200[39m [90m68 ms - 12[39m
[35m[HTTP][39m [90m[39m
[35m[HTTP][39m [37m-->[39m [37mPOST[39m [37m/wd/hub/session/af5ca887-7ebb-491e-b075-ca4e6e0125ec/elements[39m
[35m[HTTP][39m [90m{"using":"xpath","value":"//*[@class = 'android.widget.EditText' and (@text = 'Search by Name, MRN' or . = 'Search by Name, MRN')]"}[39m
[35m[HTTP][39m [37m<-- POST /wd/hub/session/af5ca887-7ebb-491e-b075-ca4e6e0125ec/elements [39m[32m200[39m [90m140 ms - 12[39m
[35m[HTTP][39m [90m[39m
[35m[HTTP][39m [37m-->[39m [37mPOST[39m [37m/wd/hub/session/af5ca887-7ebb-491e-b075-ca4e6e0125ec/elements[39m
[35m[HTTP][39m [90m{"using":"xpath","value":"//*[@class = 'android.widget.EditText' and (@text = 'Search by Name, MRN' or . = 'Search by Name, MRN')]"}[39m
[35m[HTTP][39m [37m<-- POST /wd/hub/session/af5ca887-7ebb-491e-b075-ca4e6e0125ec/elements [39m[32m200[39m [90m72 ms - 12[39m
[35m[HTTP][39m [90m[39m
[35m[HTTP][39m [37m-->[39m [37mPOST[39m [37m/wd/hub/session/af5ca887-7ebb-491e-b075-ca4e6e0125ec/elements[39m
[35m[HTTP][39m [90m{"using":"xpath","value":"//*[@class = 'android.widget.EditText' and (@text = 'Search by Name, MRN' or . = 'Search by Name, MRN')]"}[39m
[35m[HTTP][39m [37m<-- POST /wd/hub/session/af5ca887-7ebb-491e-b075-ca4e6e0125ec/elements [39m[32m200[39m [90m475 ms - 12[39m
[35m[HTTP][39m [90m[39m
[35m[HTTP][39m [37m-->[39m [37mPOST[39m [37m/wd/hub/session/af5ca887-7ebb-491e-b075-ca4e6e0125ec/elements[39m
[35m[HTTP][39m [90m{"using":"xpath","value":"//*[@class = 'android.widget.EditText' and (@text = 'Search by Name, MRN' or . = 'Search by Name, MRN')]"}[39m
[35m[HTTP][39m [37m<-- POST /wd/hub/session/af5ca887-7ebb-491e-b075-ca4e6e0125ec/elements [39m[32m200[39m [90m144 ms - 12[39m
[35m[HTTP][39m [90m[39m
[35m[HTTP][39m [37m-->[39m [37mPOST[39m [37m/wd/hub/session/af5ca887-7ebb-491e-b075-ca4e6e0125ec/elements[39m
[35m[HTTP][39m [90m{"using":"xpath","value":"//*[@class = 'android.widget.EditText' and (@text = 'Search by Name, MRN' or . = 'Search by Name, MRN')]"}[39m
[35m[HTTP][39m [37m<-- POST /wd/hub/session/af5ca887-7ebb-491e-b075-ca4e6e0125ec/elements [39m[32m200[39m [90m101 ms - 12[39m
[35m[HTTP][39m [90m[39m
[35m[HTTP][39m [37m-->[39m [37mPOST[39m [37m/wd/hub/session/af5ca887-7ebb-491e-b075-ca4e6e0125ec/elements[39m
[35m[HTTP][39m [90m{"using":"xpath","value":"//*[@class = 'android.widget.EditText' and (@text = 'Search by Name, MRN' or . = 'Search by Name, MRN')]"}[39m
[35m[HTTP][39m [37m<-- POST /wd/hub/session/af5ca887-7ebb-491e-b075-ca4e6e0125ec/elements [39m[32m200[39m [90m75 ms - 12[39m
[35m[HTTP][39m [90m[39m
[35m[HTTP][39m [37m-->[39m [37mPOST[39m [37m/wd/hub/session/af5ca887-7ebb-491e-b075-ca4e6e0125ec/elements[39m
[35m[HTTP][39m [90m{"using":"xpath","value":"//*[@class = 'android.widget.EditText' and (@text = 'Search by Name, MRN' or . = 'Search by Name, MRN')]"}[39m
[35m[HTTP][39m [37m<-- POST /wd/hub/session/af5ca887-7ebb-491e-b075-ca4e6e0125ec/elements [39m[32m200[39m [90m116 ms - 12[39m
[35m[HTTP][39m [90m[39m
[35m[HTTP][39m [37m-->[39m [37mPOST[39m [37m/wd/hub/session/af5ca887-7ebb-491e-b075-ca4e6e0125ec/elements[39m
[35m[HTTP][39m [90m{"using":"xpath","value":"//*[@class = 'android.widget.EditText' and (@text = 'Search by Name, MRN' or . = 'Search by Name, MRN')]"}[39m
[35m[HTTP][39m [37m<-- POST /wd/hub/session/af5ca887-7ebb-491e-b075-ca4e6e0125ec/elements [39m[32m200[39m [90m67 ms - 12[39m
[35m[HTTP][39m [90m[39m
[35m[HTTP][39m [37m-->[39m [37mPOST[39m [37m/wd/hub/session/af5ca887-7ebb-491e-b075-ca4e6e0125ec/elements[39m
[35m[HTTP][39m [90m{"using":"xpath","value":"//*[@class = 'android.widget.EditText' and (@text = 'Search by Name, MRN' or . = 'Search by Name, MRN')]"}[39m
[35m[HTTP][39m [37m<-- POST /wd/hub/session/af5ca887-7ebb-491e-b075-ca4e6e0125ec/elements [39m[32m200[39m [90m68 ms - 12[39m
[35m[HTTP][39m [90m[39m
[35m[HTTP][39m [37m-->[39m [37mPOST[39m [37m/wd/hub/session/af5ca887-7ebb-491e-b075-ca4e6e0125ec/elements[39m
[35m[HTTP][39m [90m{"using":"xpath","value":"//*[@class = 'android.widget.EditText' and (@text = 'Search by Name, MRN' or . = 'Search by Name, MRN')]"}[39m
[35m[HTTP][39m [37m<-- POST /wd/hub/session/af5ca887-7ebb-491e-b075-ca4e6e0125ec/elements [39m[32m200[39m [90m71 ms - 12[39m
[35m[HTTP][39m [90m[39m
[35m[HTTP][39m [37m-->[39m [37mPOST[39m [37m/wd/hub/session/af5ca887-7ebb-491e-b075-ca4e6e0125ec/elements[39m
[35m[HTTP][39m [90m{"using":"xpath","value":"//*[@class = 'android.widget.EditText' and (@text = 'Search by Name, MRN' or . = 'Search by Name, MRN')]"}[39m
[35m[HTTP][39m [37m<-- POST /wd/hub/session/af5ca887-7ebb-491e-b075-ca4e6e0125ec/elements [39m[32m200[39m [90m76 ms - 12[39m
[35m[HTTP][39m [90m[39m
[35m[HTTP][39m [37m-->[39m [37mPOST[39m [37m/wd/hub/session/af5ca887-7ebb-491e-b075-ca4e6e0125ec/elements[39m
[35m[HTTP][39m [90m{"using":"xpath","value":"//*[@class = 'android.widget.EditText' and (@text = 'Search by Name, MRN' or . = 'Search by Name, MRN')]"}[39m
[35m[HTTP][39m [37m<-- POST /wd/hub/session/af5ca887-7ebb-491e-b075-ca4e6e0125ec/elements [39m[32m200[39m [90m73 ms - 12[39m
[35m[HTTP][39m [90m[39m
[35m[HTTP][39m [37m-->[39m [37mPOST[39m [37m/wd/hub/session/af5ca887-7ebb-491e-b075-ca4e6e0125ec/elements[39m
[35m[HTTP][39m [90m{"using":"xpath","value":"//*[@class = 'android.widget.EditText' and (@text = 'Search by Name, MRN' or . = 'Search by Name, MRN')]"}[39m
[35m[HTTP][39m [37m<-- POST /wd/hub/session/af5ca887-7ebb-491e-b075-ca4e6e0125ec/elements [39m[32m200[39m [90m103 ms - 12[39m
[35m[HTTP][39m [90m[39m
[35m[HTTP][39m [37m-->[39m [37mPOST[39m [37m/wd/hub/session/af5ca887-7ebb-491e-b075-ca4e6e0125ec/elements[39m
[35m[HTTP][39m [90m{"using":"xpath","value":"//*[@class = 'android.widget.EditText' and (@text = 'Search by Name, MRN' or . = 'Search by Name, MRN')]"}[39m
[35m[HTTP][39m [37m<-- POST /wd/hub/session/af5ca887-7ebb-491e-b075-ca4e6e0125ec/elements [39m[32m200[39m [90m72 ms - 12[39m
[35m[HTTP][39m [90m[39m
[35m[HTTP][39m [37m-->[39m [37mPOST[39m [37m/wd/hub/session/af5ca887-7ebb-491e-b075-ca4e6e0125ec/elements[39m
[35m[HTTP][39m [90m{"using":"xpath","value":"//*[@class = 'android.widget.EditText' and (@text = 'Search by Name, MRN' or . = 'Search by Name, MRN')]"}[39m
[35m[HTTP][39m [37m<-- POST /wd/hub/session/af5ca887-7ebb-491e-b075-ca4e6e0125ec/elements [39m[32m200[39m [90m73 ms - 12[39m
[35m[HTTP][39m [90m[39m
[35m[HTTP][39m [37m-->[39m [37mPOST[39m [37m/wd/hub/session/af5ca887-7ebb-491e-b075-ca4e6e0125ec/elements[39m
[35m[HTTP][39m [90m{"using":"xpath","value":"//*[@class = 'android.widget.EditText' and (@text = 'Search by Name, MRN' or . = 'Search by Name, MRN')]"}[39m
[35m[HTTP][39m [37m<-- POST /wd/hub/session/af5ca887-7ebb-491e-b075-ca4e6e0125ec/elements [39m[32m200[39m [90m70 ms - 12[39m
[35m[HTTP][39m [90m[39m
[35m[HTTP][39m [37m-->[39m [37mPOST[39m [37m/wd/hub/session/af5ca887-7ebb-491e-b075-ca4e6e0125ec/elements[39m
[35m[HTTP][39m [90m{"using":"xpath","value":"//*[@class = 'android.widget.EditText' and (@text = 'Search by Name, MRN' or . = 'Search by Name, MRN')]"}[39m
[35m[HTTP][39m [37m<-- POST /wd/hub/session/af5ca887-7ebb-491e-b075-ca4e6e0125ec/elements [39m[32m200[39m [90m71 ms - 12[39m
[35m[HTTP][39m [90m[39m
[35m[HTTP][39m [37m-->[39m [37mPOST[39m [37m/wd/hub/session/af5ca887-7ebb-491e-b075-ca4e6e0125ec/elements[39m
[35m[HTTP][39m [90m{"using":"xpath","value":"//*[@class = 'android.widget.EditText' and (@text = 'Search by Name, MRN' or . = 'Search by Name, MRN')]"}[39m
[35m[HTTP][39m [37m<-- POST /wd/hub/session/af5ca887-7ebb-491e-b075-ca4e6e0125ec/elements [39m[32m200[39m [90m58 ms - 12[39m
[35m[HTTP][39m [90m[39m
[35m[HTTP][39m [37m-->[39m [37mPOST[39m [37m/wd/hub/session/af5ca887-7ebb-491e-b075-ca4e6e0125ec/elements[39m
[35m[HTTP][39m [90m{"using":"xpath","value":"//*[@class = 'android.widget.EditText' and (@text = 'Search by Name, MRN' or . = 'Search by Name, MRN')]"}[39m
[35m[HTTP][39m [37m<-- POST /wd/hub/session/af5ca887-7ebb-491e-b075-ca4e6e0125ec/elements [39m[32m200[39m [90m72 ms - 12[39m
[35m[HTTP][39m [90m[39m
[35m[HTTP][39m [37m-->[39m [37mPOST[39m [37m/wd/hub/session/af5ca887-7ebb-491e-b075-ca4e6e0125ec/elements[39m
[35m[HTTP][39m [90m{"using":"xpath","value":"//*[@class = 'android.widget.EditText' and (@text = 'Search by Name, MRN' or . = 'Search by Name, MRN')]"}[39m
[35m[HTTP][39m [37m<-- POST /wd/hub/session/af5ca887-7ebb-491e-b075-ca4e6e0125ec/elements [39m[32m200[39m [90m78 ms - 12[39m
[35m[HTTP][39m [90m[39m
[35m[HTTP][39m [37m-->[39m [37mPOST[39m [37m/wd/hub/session/af5ca887-7ebb-491e-b075-ca4e6e0125ec/elements[39m
[35m[HTTP][39m [90m{"using":"xpath","value":"//*[@class = 'android.widget.EditText' and (@text = 'Search by Name, MRN' or . = 'Search by Name, MRN')]"}[39m
[35m[HTTP][39m [37m<-- POST /wd/hub/session/af5ca887-7ebb-491e-b075-ca4e6e0125ec/elements [39m[32m200[39m [90m113 ms - 12[39m
[35m[HTTP][39m [90m[39m
[35m[HTTP][39m [37m-->[39m [37mPOST[39m [37m/wd/hub/session/af5ca887-7ebb-491e-b075-ca4e6e0125ec/elements[39m
[35m[HTTP][39m [90m{"using":"xpath","value":"//*[@class = 'android.widget.EditText' and (@text = 'Search by Name, MRN' or . = 'Search by Name, MRN')]"}[39m
[35m[HTTP][39m [37m<-- POST /wd/hub/session/af5ca887-7ebb-491e-b075-ca4e6e0125ec/elements [39m[32m200[39m [90m82 ms - 12[39m
[35m[HTTP][39m [90m[39m
[35m[HTTP][39m [37m-->[39m [37mPOST[39m [37m/wd/hub/session/af5ca887-7ebb-491e-b075-ca4e6e0125ec/elements[39m
[35m[HTTP][39m [90m{"using":"xpath","value":"//*[@class = 'android.widget.EditText' and (@text = 'Search by Name, MRN' or . = 'Search by Name, MRN')]"}[39m
[35m[HTTP][39m [37m<-- POST /wd/hub/session/af5ca887-7ebb-491e-b075-ca4e6e0125ec/elements [39m[32m200[39m [90m133 ms - 12[39m
[35m[HTTP][39m [90m[39m
[35m[HTTP][39m [37m-->[39m [37mPOST[39m [37m/wd/hub/session/af5ca887-7ebb-491e-b075-ca4e6e0125ec/elements[39m
[35m[HTTP][39m [90m{"using":"xpath","value":"//*[@class = 'android.widget.EditText' and (@text = 'Search by Name, MRN' or . = 'Search by Name, MRN')]"}[39m
[35m[HTTP][39m [37m<-- POST /wd/hub/session/af5ca887-7ebb-491e-b075-ca4e6e0125ec/elements [39m[32m200[39m [90m80 ms - 12[39m
[35m[HTTP][39m [90m[39m
[35m[HTTP][39m [37m-->[39m [37mPOST[39m [37m/wd/hub/session/af5ca887-7ebb-491e-b075-ca4e6e0125ec/elements[39m
[35m[HTTP][39m [90m{"using":"xpath","value":"//*[@class = 'android.widget.EditText' and (@text = 'Search by Name, MRN' or . = 'Search by Name, MRN')]"}[39m
[35m[HTTP][39m [37m<-- POST /wd/hub/session/af5ca887-7ebb-491e-b075-ca4e6e0125ec/elements [39m[32m200[39m [90m104 ms - 12[39m
[35m[HTTP][39m [90m[39m
[35m[HTTP][39m [37m-->[39m [37mPOST[39m [37m/wd/hub/session/af5ca887-7ebb-491e-b075-ca4e6e0125ec/elements[39m
[35m[HTTP][39m [90m{"using":"xpath","value":"//*[@class = 'android.widget.EditText' and (@text = 'Search by Name, MRN' or . = 'Search by Name, MRN')]"}[39m
[35m[HTTP][39m [37m<-- POST /wd/hub/session/af5ca887-7ebb-491e-b075-ca4e6e0125ec/elements [39m[32m200[39m [90m69 ms - 12[39m
[35m[HTTP][39m [90m[39m
[35m[HTTP][39m [37m-->[39m [37mPOST[39m [37m/wd/hub/session/af5ca887-7ebb-491e-b075-ca4e6e0125ec/elements[39m
[35m[HTTP][39m [90m{"using":"xpath","value":"//*[@class = 'android.widget.EditText' and (@text = 'Search by Name, MRN' or . = 'Search by Name, MRN')]"}[39m
[35m[HTTP][39m [37m<-- POST /wd/hub/session/af5ca887-7ebb-491e-b075-ca4e6e0125ec/elements [39m[32m200[39m [90m74 ms - 12[39m
[35m[HTTP][39m [90m[39m
[35m[HTTP][39m [37m-->[39m [37mPOST[39m [37m/wd/hub/session/af5ca887-7ebb-491e-b075-ca4e6e0125ec/elements[39m
[35m[HTTP][39m [90m{"using":"xpath","value":"//*[@class = 'android.widget.EditText' and (@text = 'Search by Name, MRN' or . = 'Search by Name, MRN')]"}[39m
[35m[HTTP][39m [37m<-- POST /wd/hub/session/af5ca887-7ebb-491e-b075-ca4e6e0125ec/elements [39m[32m200[39m [90m68 ms - 12[39m
[35m[HTTP][39m [90m[39m
[35m[HTTP][39m [37m-->[39m [37mPOST[39m [37m/wd/hub/session/af5ca887-7ebb-491e-b075-ca4e6e0125ec/elements[39m
[35m[HTTP][39m [90m{"using":"xpath","value":"//*[@class = 'android.widget.EditText' and (@text = 'Search by Name, MRN' or . = 'Search by Name, MRN')]"}[39m
[35m[HTTP][39m [37m<-- POST /wd/hub/session/af5ca887-7ebb-491e-b075-ca4e6e0125ec/elements [39m[32m200[39m [90m70 ms - 12[39m
[35m[HTTP][39m [90m[39m
[35m[HTTP][39m [37m-->[39m [37mPOST[39m [37m/wd/hub/session/af5ca887-7ebb-491e-b075-ca4e6e0125ec/elements[39m
[35m[HTTP][39m [90m{"using":"xpath","value":"//*[@class = 'android.widget.EditText' and (@text = 'Search by Name, MRN' or . = 'Search by Name, MRN')]"}[39m
[35m[HTTP][39m [37m<-- POST /wd/hub/session/af5ca887-7ebb-491e-b075-ca4e6e0125ec/elements [39m[32m200[39m [90m84 ms - 12[39m
[35m[HTTP][39m [90m[39m
[35m[HTTP][39m [37m-->[39m [37mPOST[39m [37m/wd/hub/session/af5ca887-7ebb-491e-b075-ca4e6e0125ec/elements[39m
[35m[HTTP][39m [90m{"using":"xpath","value":"//*[@class = 'android.widget.EditText' and (@text = 'Search by Name, MRN' or . = 'Search by Name, MRN')]"}[39m
[35m[HTTP][39m [37m<-- POST /wd/hub/session/af5ca887-7ebb-491e-b075-ca4e6e0125ec/elements [39m[32m200[39m [90m81 ms - 12[39m
[35m[HTTP][39m [90m[39m
[35m[HTTP][39m [37m-->[39m [37mPOST[39m [37m/wd/hub/session/af5ca887-7ebb-491e-b075-ca4e6e0125ec/elements[39m
[35m[HTTP][39m [90m{"using":"xpath","value":"//*[@class = 'android.widget.EditText' and (@text = 'Search by Name, MRN' or . = 'Search by Name, MRN')]"}[39m
[35m[HTTP][39m [37m<-- POST /wd/hub/session/af5ca887-7ebb-491e-b075-ca4e6e0125ec/elements [39m[32m200[39m [90m64 ms - 12[39m
[35m[HTTP][39m [90m[39m
[35m[HTTP][39m [37m-->[39m [37mPOST[39m [37m/wd/hub/session/af5ca887-7ebb-491e-b075-ca4e6e0125ec/elements[39m
[35m[HTTP][39m [90m{"using":"xpath","value":"//*[@class = 'android.widget.EditText' and (@text = 'Search by Name, MRN' or . = 'Search by Name, MRN')]"}[39m
[35m[HTTP][39m [37m<-- POST /wd/hub/session/af5ca887-7ebb-491e-b075-ca4e6e0125ec/elements [39m[32m200[39m [90m72 ms - 12[39m
[35m[HTTP][39m [90m[39m
[35m[HTTP][39m [37m-->[39m [37mPOST[39m [37m/wd/hub/session/af5ca887-7ebb-491e-b075-ca4e6e0125ec/elements[39m
[35m[HTTP][39m [90m{"using":"xpath","value":"//*[@class = 'android.widget.EditText' and (@text = 'Search by Name, MRN' or . = 'Search by Name, MRN')]"}[39m
[35m[HTTP][39m [37m<-- POST /wd/hub/session/af5ca887-7ebb-491e-b075-ca4e6e0125ec/elements [39m[32m200[39m [90m83 ms - 12[39m
[35m[HTTP][39m [90m[39m
[35m[HTTP][39m [37m-->[39m [37mPOST[39m [37m/wd/hub/session/af5ca887-7ebb-491e-b075-ca4e6e0125ec/elements[39m
[35m[HTTP][39m [90m{"using":"xpath","value":"//*[@class = 'android.widget.EditText' and (@text = 'Search by Name, MRN' or . = 'Search by Name, MRN')]"}[39m
[35m[HTTP][39m [37m<-- POST /wd/hub/session/af5ca887-7ebb-491e-b075-ca4e6e0125ec/elements [39m[32m200[39m [90m81 ms - 12[39m
[35m[HTTP][39m [90m[39m
[35m[HTTP][39m [37m-->[39m [37mPOST[39m [37m/wd/hub/session/af5ca887-7ebb-491e-b075-ca4e6e0125ec/elements[39m
[35m[HTTP][39m [90m{"using":"xpath","value":"//*[@class = 'android.widget.EditText' and (@text = 'Search by Name, MRN' or . = 'Search by Name, MRN')]"}[39m
[35m[HTTP][39m [37m<-- POST /wd/hub/session/af5ca887-7ebb-491e-b075-ca4e6e0125ec/elements [39m[32m200[39m [90m63 ms - 12[39m
[35m[HTTP][39m [90m[39m
[35m[HTTP][39m [37m-->[39m [37mPOST[39m [37m/wd/hub/session/af5ca887-7ebb-491e-b075-ca4e6e0125ec/elements[39m
[35m[HTTP][39m [90m{"using":"xpath","value":"//*[@class = 'android.widget.EditText' and (@text = 'Search by Name, MRN' or . = 'Search by Name, MRN')]"}[39m
[35m[HTTP][39m [37m<-- POST /wd/hub/session/af5ca887-7ebb-491e-b075-ca4e6e0125ec/elements [39m[32m200[39m [90m81 ms - 12[39m
[35m[HTTP][39m [90m[39m
[35m[HTTP][39m [37m-->[39m [37mPOST[39m [37m/wd/hub/session/af5ca887-7ebb-491e-b075-ca4e6e0125ec/elements[39m
[35m[HTTP][39m [90m{"using":"xpath","value":"//*[@class = 'android.widget.EditText' and (@text = 'Search by Name, MRN' or . = 'Search by Name, MRN')]"}[39m
[35m[HTTP][39m [37m<-- POST /wd/hub/session/af5ca887-7ebb-491e-b075-ca4e6e0125ec/elements [39m[32m200[39m [90m79 ms - 12[39m
[35m[HTTP][39m [90m[39m
[35m[HTTP][39m [37m-->[39m [37mPOST[39m [37m/wd/hub/session/af5ca887-7ebb-491e-b075-ca4e6e0125ec/elements[39m
[35m[HTTP][39m [90m{"using":"xpath","value":"//*[@class = 'android.widget.EditText' and (@text = 'Search by Name, MRN' or . = 'Search by Name, MRN')]"}[39m
[35m[HTTP][39m [37m<-- POST /wd/hub/session/af5ca887-7ebb-491e-b075-ca4e6e0125ec/elements [39m[32m200[39m [90m85 ms - 12[39m
[35m[HTTP][39m [90m[39m
[35m[HTTP][39m [37m-->[39m [37mPOST[39m [37m/wd/hub/session/af5ca887-7ebb-491e-b075-ca4e6e0125ec/elements[39m
[35m[HTTP][39m [90m{"using":"xpath","value":"//*[@class = 'android.widget.EditText' and (@text = 'Search by Name, MRN' or . = 'Search by Name, MRN')]"}[39m
[35m[HTTP][39m [37m<-- POST /wd/hub/session/af5ca887-7ebb-491e-b075-ca4e6e0125ec/elements [39m[32m200[39m [90m70 ms - 12[39m
[35m[HTTP][39m [90m[39m
[35m[HTTP][39m [37m-->[39m [37mPOST[39m [37m/wd/hub/session/af5ca887-7ebb-491e-b075-ca4e6e0125ec/elements[39m
[35m[HTTP][39m [90m{"using":"xpath","value":"//*[@class = 'android.widget.EditText' and (@text = 'Search by Name, MRN' or . = 'Search by Name, MRN')]"}[39m
[35m[HTTP][39m [37m<-- POST /wd/hub/session/af5ca887-7ebb-491e-b075-ca4e6e0125ec/elements [39m[32m200[39m [90m81 ms - 12[39m
[35m[HTTP][39m [90m[39m
[35m[HTTP][39m [37m-->[39m [37mPOST[39m [37m/wd/hub/session/af5ca887-7ebb-491e-b075-ca4e6e0125ec/elements[39m
[35m[HTTP][39m [90m{"using":"xpath","value":"//*[@class = 'android.widget.EditText' and (@text = 'Search by Name, MRN' or . = 'Search by Name, MRN')]"}[39m
[35m[HTTP][39m [37m<-- POST /wd/hub/session/af5ca887-7ebb-491e-b075-ca4e6e0125ec/elements [39m[32m200[39m [90m79 ms - 12[39m
[35m[HTTP][39m [90m[39m
[35m[HTTP][39m [37m-->[39m [37mPOST[39m [37m/wd/hub/session/af5ca887-7ebb-491e-b075-ca4e6e0125ec/elements[39m
[35m[HTTP][39m [90m{"using":"xpath","value":"//*[@class = 'android.widget.EditText' and (@text = 'Search by Name, MRN' or . = 'Search by Name, MRN')]"}[39m
[35m[HTTP][39m [37m<-- POST /wd/hub/session/af5ca887-7ebb-491e-b075-ca4e6e0125ec/elements [39m[32m200[39m [90m82 ms - 12[39m
[35m[HTTP][39m [90m[39m
[35m[HTTP][39m [37m-->[39m [37mPOST[39m [37m/wd/hub/session/af5ca887-7ebb-491e-b075-ca4e6e0125ec/elements[39m
[35m[HTTP][39m [90m{"using":"xpath","value":"//*[@class = 'android.widget.EditText' and (@text = 'Search by Name, MRN' or . = 'Search by Name, MRN')]"}[39m
[35m[HTTP][39m [37m<-- POST /wd/hub/session/af5ca887-7ebb-491e-b075-ca4e6e0125ec/elements [39m[32m200[39m [90m97 ms - 12[39m
[35m[HTTP][39m [90m[39m
[35m[HTTP][39m [37m-->[39m [37mPOST[39m [37m/wd/hub/session/af5ca887-7ebb-491e-b075-ca4e6e0125ec/elements[39m
[35m[HTTP][39m [90m{"using":"xpath","value":"//*[@class = 'android.widget.EditText' and (@text = 'Search by Name, MRN' or . = 'Search by Name, MRN')]"}[39m
[35m[HTTP][39m [37m<-- POST /wd/hub/session/af5ca887-7ebb-491e-b075-ca4e6e0125ec/elements [39m[32m200[39m [90m60 ms - 12[39m
[35m[HTTP][39m [90m[39m
[35m[HTTP][39m [37m-->[39m [37mPOST[39m [37m/wd/hub/session/af5ca887-7ebb-491e-b075-ca4e6e0125ec/elements[39m
[35m[HTTP][39m [90m{"using":"xpath","value":"//*[@class = 'android.widget.EditText' and (@text = 'Search by Name, MRN' or . = 'Search by Name, MRN')]"}[39m
[35m[HTTP][39m [37m<-- POST /wd/hub/session/af5ca887-7ebb-491e-b075-ca4e6e0125ec/elements [39m[32m200[39m [90m65 ms - 12[39m
[35m[HTTP][39m [90m[39m
[35m[HTTP][39m [37m-->[39m [37mPOST[39m [37m/wd/hub/session/af5ca887-7ebb-491e-b075-ca4e6e0125ec/elements[39m
[35m[HTTP][39m [90m{"using":"xpath","value":"//*[@class = 'android.widget.EditText' and (@text = 'Search by Name, MRN' or . = 'Search by Name, MRN')]"}[39m
[35m[HTTP][39m [37m<-- POST /wd/hub/session/af5ca887-7ebb-491e-b075-ca4e6e0125ec/elements [39m[32m200[39m [90m95 ms - 12[39m
[35m[HTTP][39m [90m[39m
[35m[HTTP][39m [37m-->[39m [37mPOST[39m [37m/wd/hub/session/af5ca887-7ebb-491e-b075-ca4e6e0125ec/elements[39m
[35m[HTTP][39m [90m{"using":"xpath","value":"//*[@class = 'android.widget.EditText' and (@text = 'Search by Name, MRN' or . = 'Search by Name, MRN')]"}[39m
[35m[HTTP][39m [37m<-- POST /wd/hub/session/af5ca887-7ebb-491e-b075-ca4e6e0125ec/elements [39m[32m200[39m [90m73 ms - 12[39m
[35m[HTTP][39m [90m[39m
[35m[HTTP][39m [37m-->[39m [37mPOST[39m [37m/wd/hub/session/af5ca887-7ebb-491e-b075-ca4e6e0125ec/elements[39m
[35m[HTTP][39m [90m{"using":"xpath","value":"//*[@class = 'android.widget.EditText' and (@text = 'Search by Name, MRN' or . = 'Search by Name, MRN')]"}[39m
[35m[HTTP][39m [37m<-- POST /wd/hub/session/af5ca887-7ebb-491e-b075-ca4e6e0125ec/elements [39m[32m200[39m [90m56 ms - 12[39m
[35m[HTTP][39m [90m[39m
[35m[HTTP][39m [37m-->[39m [37mPOST[39m [37m/wd/hub/session/af5ca887-7ebb-491e-b075-ca4e6e0125ec/elements[39m
[35m[HTTP][39m [90m{"using":"xpath","value":"//*[@class = 'android.widget.EditText' and (@text = 'Search by Name, MRN' or . = 'Search by Name, MRN')]"}[39m
[35m[HTTP][39m [37m<-- POST /wd/hub/session/af5ca887-7ebb-491e-b075-ca4e6e0125ec/elements [39m[32m200[39m [90m58 ms - 12[39m
[35m[HTTP][39m [90m[39m
[35m[HTTP][39m [37m-->[39m [37mPOST[39m [37m/wd/hub/session/af5ca887-7ebb-491e-b075-ca4e6e0125ec/elements[39m
[35m[HTTP][39m [90m{"using":"xpath","value":"//*[@class = 'android.widget.EditText' and (@text = 'Search by Name, MRN' or . = 'Search by Name, MRN')]"}[39m
[35m[HTTP][39m [37m<-- POST /wd/hub/session/af5ca887-7ebb-491e-b075-ca4e6e0125ec/elements [39m[32m200[39m [90m108 ms - 12[39m
[35m[HTTP][39m [90m[39m
[35m[HTTP][39m [37m-->[39m [37mPOST[39m [37m/wd/hub/session/af5ca887-7ebb-491e-b075-ca4e6e0125ec/elements[39m
[35m[HTTP][39m [90m{"using":"xpath","value":"//*[@class = 'android.widget.EditText' and (@text = 'Search by Name, MRN' or . = 'Search by Name, MRN')]"}[39m
[35m[HTTP][39m [37m<-- POST /wd/hub/session/af5ca887-7ebb-491e-b075-ca4e6e0125ec/elements [39m[32m200[39m [90m123 ms - 12[39m
[35m[HTTP][39m [90m[39m
[35m[HTTP][39m [37m-->[39m [37mPOST[39m [37m/wd/hub/session/af5ca887-7ebb-491e-b075-ca4e6e0125ec/elements[39m
[35m[HTTP][39m [90m{"using":"xpath","value":"//*[@class = 'android.widget.EditText' and (@text = 'Search by Name, MRN' or . = 'Search by Name, MRN')]"}[39m
[35m[HTTP][39m [37m<-- POST /wd/hub/session/af5ca887-7ebb-491e-b075-ca4e6e0125ec/elements [39m[32m200[39m [90m82 ms - 12[39m
[35m[HTTP][39m [90m[39m
[35m[HTTP][39m [37m-->[39m [37mPOST[39m [37m/wd/hub/session/af5ca887-7ebb-491e-b075-ca4e6e0125ec/elements[39m
[35m[HTTP][39m [90m{"using":"xpath","value":"//*[@class = 'android.widget.EditText' and (@text = 'Search by Name, MRN' or . = 'Search by Name, MRN')]"}[39m
[35m[HTTP][39m [37m<-- POST /wd/hub/session/af5ca887-7ebb-491e-b075-ca4e6e0125ec/elements [39m[32m200[39m [90m97 ms - 12[39m
[35m[HTTP][39m [90m[39m
[35m[HTTP][39m [37m-->[39m [37mPOST[39m [37m/wd/hub/session/af5ca887-7ebb-491e-b075-ca4e6e0125ec/elements[39m
[35m[HTTP][39m [90m{"using":"xpath","value":"//*[@class = 'android.widget.EditText' and (@text = 'Search by Name, MRN' or . = 'Search by Name, MRN')]"}[39m
[35m[HTTP][39m [37m<-- POST /wd/hub/session/af5ca887-7ebb-491e-b075-ca4e6e0125ec/elements [39m[32m200[39m [90m187 ms - 12[39m
[35m[HTTP][39m [90m[39m
[35m[HTTP][39m [37m-->[39m [37mPOST[39m [37m/wd/hub/session/af5ca887-7ebb-491e-b075-ca4e6e0125ec/elements[39m
[35m[HTTP][39m [90m{"using":"xpath","value":"//*[@class = 'android.widget.EditText' and (@text = 'Search by Name, MRN' or . = 'Search by Name, MRN')]"}[39m
[35m[HTTP][39m [37m<-- POST /wd/hub/session/af5ca887-7ebb-491e-b075-ca4e6e0125ec/elements [39m[32m200[39m [90m78 ms - 12[39m
[35m[HTTP][39m [90m[39m
[35m[HTTP][39m [37m-->[39m [37mPOST[39m [37m/wd/hub/session/af5ca887-7ebb-491e-b075-ca4e6e0125ec/elements[39m
[35m[HTTP][39m [90m{"using":"xpath","value":"//*[@class = 'android.widget.EditText' and (@text = 'Search by Name, MRN' or . = 'Search by Name, MRN')]"}[39m
[35m[HTTP][39m [37m<-- POST /wd/hub/session/af5ca887-7ebb-491e-b075-ca4e6e0125ec/elements [39m[32m200[39m [90m90 ms - 12[39m
[35m[HTTP][39m [90m[39m
[35m[HTTP][39m [37m-->[39m [37mPOST[39m [37m/wd/hub/session/af5ca887-7ebb-491e-b075-ca4e6e0125ec/elements[39m
[35m[HTTP][39m [90m{"using":"xpath","value":"//*[@class = 'android.widget.EditText' and (@text = 'Search by Name, MRN' or . = 'Search by Name, MRN')]"}[39m
[35m[HTTP][39m [37m<-- POST /wd/hub/session/af5ca887-7ebb-491e-b075-ca4e6e0125ec/elements [39m[32m200[39m [90m68 ms - 12[39m
[35m[HTTP][39m [90m[39m
[35m[HTTP][39m [37m-->[39m [37mPOST[39m [37m/wd/hub/session/af5ca887-7ebb-491e-b075-ca4e6e0125ec/elements[39m
[35m[HTTP][39m [90m{"using":"xpath","value":"//*[@class = 'android.widget.EditText' and (@text = 'Search by Name, MRN' or . = 'Search by Name, MRN')]"}[39m
[35m[HTTP][39m [37m<-- POST /wd/hub/session/af5ca887-7ebb-491e-b075-ca4e6e0125ec/elements [39m[32m200[39m [90m65 ms - 12[39m
[35m[HTTP][39m [90m[39m
[35m[HTTP][39m [37m-->[39m [37mPOST[39m [37m/wd/hub/session/af5ca887-7ebb-491e-b075-ca4e6e0125ec/elements[39m
[35m[HTTP][39m [90m{"using":"xpath","value":"//*[@class = 'android.widget.EditText' and (@text = 'Search by Name, MRN' or . = 'Search by Name, MRN')]"}[39m
[35m[HTTP][39m [37m<-- POST /wd/hub/session/af5ca887-7ebb-491e-b075-ca4e6e0125ec/elements [39m[32m200[39m [90m58 ms - 12[39m
[35m[HTTP][39m [90m[39m
[35m[HTTP][39m [37m-->[39m [37mPOST[39m [37m/wd/hub/session/af5ca887-7ebb-491e-b075-ca4e6e0125ec/elements[39m
[35m[HTTP][39m [90m{"using":"xpath","value":"//*[@class = 'android.widget.EditText' and (@text = 'Search by Name, MRN' or . = 'Search by Name, MRN')]"}[39m
[35m[HTTP][39m [37m<-- POST /wd/hub/session/af5ca887-7ebb-491e-b075-ca4e6e0125ec/elements [39m[32m200[39m [90m91 ms - 12[39m
[35m[HTTP][39m [90m[39m
[35m[BaseDriver][39m Shutting down because we waited 1800 seconds for a command
[35m[Appium][39m Closing session, cause was 'New Command Timeout of 1800 seconds expired. Try customizing the timeout using the 'newCommandTimeout' desired capability'
[35m[Appium][39m Removing session 'af5ca887-7ebb-491e-b075-ca4e6e0125ec' from our master session list
[35m[UiAutomator2][39m Did not get confirmation UiAutomator2 deleteSession worked; Error was: UnknownError: An unknown server-side error occurred while processing the command. Original error: 'DELETE /' cannot be proxied to UiAutomator2 server because the instrumentation process is not running (probably crashed). Check the server log and/or the logcat output for more details
[35m[UiAutomator2][39m Restoring hidden api policy to the device default configuration
