[35m[Appium][39m Welcome to Appium v2.4.1 (REV 82c2e743a5bcea725f9ca1429e3e21c3088ff904)
[35m[Appium][39m Non-default server args:
[35m[Appium][39m { basePath: [32m'/wd/hub'[39m, loglevel: [32m'info'[39m, port: [33m54480[39m }
[35m[Appium][39m Attempting to load driver xcuitest...
[35m[Appium][39m Attempting to load driver uiautomator2...
[Appium] Appium REST http interface listener started on http://0.0.0.0:54480/wd/hub
[Appium] You can provide the following URLs in your client code to connect to this server:
[Appium] 	http://127.0.0.1:54480/wd/hub (only accessible from the same host)
[Appium] 	http://192.168.1.4:54480/wd/hub
[Appium] 	http://169.254.111.83:54480/wd/hub
[Appium] Available drivers:
[Appium]   - xcuitest@5.12.2 (automationName 'XCUITest')
[Appium]   - uiautomator2@2.40.0 (automationName 'UiAutomator2')
[Appium] No plugins have been installed. Use the "appium plugin" command to install the one(s) you want to use.
[38;5;0m[HTTP][0m [37m-->[39m [37mGET[39m [37m/wd/hub/status[39m
[38;5;0m[HTTP][0m {}
[38;5;0m[HTTP][0m <-- GET /wd/hub/status 200 2 ms - 199
[38;5;0m[HTTP][0m 
[38;5;0m[HTTP][0m [37m-->[39m [37mPOST[39m [37m/wd/hub/session[39m
[38;5;0m[HTTP][0m {"desiredCapabilities":{"appium:waitForAppScript":"true;","appium:newCommandTimeout":1800,"appium:automationName":"XCUITest","appium:fullReset":true,"appium:platformVersion":"17.4.1","appium:deviceId":"00008110-00112D590CD0201E","appium:noReset":false,"appium:udid":"00008110-00112D590CD0201E","appium:wdaLocalPort":54443,"appium:deviceName":"Safa’s iPhone","platformName":"iOS","appium:app":"/Users/safaamarir/APK/IOS/IS/IS_Preprod_2.2.1_290.ipa"},"capabilities":{"firstMatch":[{"appium:app":"/Users/safaamarir/APK/IOS/IS/IS_Preprod_2.2.1_290.ipa","appium:automationName":"XCUITest","appium:deviceId":"00008110-00112D590CD0201E","appium:deviceName":"Safa’s iPhone","appium:fullReset":true,"appium:newCommandTimeout":1800,"appium:noReset":false,"appium:platformVersion":"17.4.1","appium:udid":"00008110-00112D590CD0201E","appium:waitForAppScript":"true;","appium:wdaLocalPort":54443,"platformName":"ios"}]}}
[Appium] Attempting to find matching driver for automationName 'XCUITest' and platformName 'ios'
[Appium] The 'xcuitest' driver was installed and matched caps.
[Appium] Will require it at /Users/safaamarir/.appium/node_modules/appium-xcuitest-driver
[38;5;16m[AppiumDriver@f97e][0m Appium v2.4.1 creating new XCUITestDriver (v5.12.2) session
[38;5;16m[AppiumDriver@f97e][0m Checking BaseDriver versions for Appium and XCUITestDriver
[38;5;16m[AppiumDriver@f97e][0m Appium's BaseDriver version is 9.5.0
[38;5;16m[AppiumDriver@f97e][0m XCUITestDriver's BaseDriver version is 9.5.0
[38;5;32m[XCUITestDriver@4dbf][0m The following provided capabilities were not recognized by this driver:
[38;5;32m[XCUITestDriver@4dbf][0m   deviceId
[38;5;32m[XCUITestDriver@4dbf][0m   waitForAppScript
[38;5;32m[XCUITestDriver@4dbf (76c4eee9)][0m Session created with session id: 76c4eee9-2c70-42fd-847b-3eca4202641e
[38;5;32m[XCUITestDriver@4dbf (76c4eee9)][0m Determining device to run tests on: udid: '00008110-00112D590CD0201E', real device: true
[38;5;32m[XCUITestDriver@4dbf (76c4eee9)][0m Normalized platformVersion capability value '17.4.1' to '17.4'
[38;5;64m[BaseDriver][0m Using local app '/Users/safaamarir/APK/IOS/IS/IS_Preprod_2.2.1_290.ipa'
[38;5;32m[XCUITestDriver@4dbf (76c4eee9)][0m 'Payload/eKareApp.app' is the resulting application bundle selected from '/Users/safaamarir/APK/IOS/IS/IS_Preprod_2.2.1_290.ipa'
[38;5;32m[XCUITestDriver@4dbf (76c4eee9)][0m Using WDA path: '/Users/safaamarir/.appium/node_modules/appium-xcuitest-driver/node_modules/appium-webdriveragent'
[38;5;32m[XCUITestDriver@4dbf (76c4eee9)][0m Using WDA agent: '/Users/safaamarir/.appium/node_modules/appium-xcuitest-driver/node_modules/appium-webdriveragent/WebDriverAgent.xcodeproj'
[38;5;32m[XCUITestDriver@4dbf (76c4eee9)][0m Setting up real device
[38;5;32m[XCUITestDriver@4dbf (76c4eee9)][0m App 'com.ekareinc.insight.healthcare' is not installed yet or it has an offload and cannot be detected, which might keep the local data.
[38;5;48m[XCUITest][0m App installation succeeded after 12222ms
[38;5;96m[DevCon Factory][0m Requesting connection for device 00008110-00112D590CD0201E on local port 54443, device port 54443
[38;5;96m[DevCon Factory][0m Successfully requested the connection for 00008110-00112D590CD0201E:54443
[38;5;112m[WD Proxy][0m socket hang up
[38;5;32m[XCUITestDriver@4dbf (76c4eee9)][0m Launching WebDriverAgent on the device
[38;5;32m[XCUITestDriver@4dbf (76c4eee9)][0m There is no need to perform the project cleanup. A fresh install has been detected
[38;5;32m[XCUITestDriver@4dbf (76c4eee9)][0m socket hang up
[38;5;32m[XCUITestDriver@4dbf (76c4eee9)][0m socket hang up
[38;5;32m[XCUITestDriver@4dbf (76c4eee9)][0m socket hang up
[38;5;32m[XCUITestDriver@4dbf (76c4eee9)][0m socket hang up
[38;5;32m[XCUITestDriver@4dbf (76c4eee9)][0m socket hang up
[38;5;32m[XCUITestDriver@4dbf (76c4eee9)][0m socket hang up
[38;5;32m[XCUITestDriver@4dbf (76c4eee9)][0m socket hang up
[38;5;32m[XCUITestDriver@4dbf (76c4eee9)][0m socket hang up
[38;5;32m[XCUITestDriver@4dbf (76c4eee9)][0m socket hang up
[38;5;32m[XCUITestDriver@4dbf (76c4eee9)][0m socket hang up
[38;5;32m[XCUITestDriver@4dbf (76c4eee9)][0m socket hang up
[38;5;32m[XCUITestDriver@4dbf (76c4eee9)][0m Determined the downstream protocol as 'W3C'
[38;5;16m[AppiumDriver@f97e][0m New XCUITestDriver session created successfully, session 76c4eee9-2c70-42fd-847b-3eca4202641e added to master session list
[38;5;0m[HTTP][0m <-- POST /wd/hub/session 200 32378 ms - 624
[38;5;0m[HTTP][0m 
[38;5;0m[HTTP][0m [37m-->[39m [37mGET[39m [37m/wd/hub/session/76c4eee9-2c70-42fd-847b-3eca4202641e[39m
[38;5;0m[HTTP][0m {}
[38;5;0m[HTTP][0m <-- GET /wd/hub/session/76c4eee9-2c70-42fd-847b-3eca4202641e 200 1 ms - 360
[38;5;0m[HTTP][0m 
[38;5;0m[HTTP][0m [37m-->[39m [37mGET[39m [37m/wd/hub/session/76c4eee9-2c70-42fd-847b-3eca4202641e[39m
[38;5;0m[HTTP][0m {}
[38;5;0m[HTTP][0m <-- GET /wd/hub/session/76c4eee9-2c70-42fd-847b-3eca4202641e 200 0 ms - 360
[38;5;0m[HTTP][0m 
[38;5;0m[HTTP][0m [37m-->[39m [37mGET[39m [37m/wd/hub/status[39m
[38;5;0m[HTTP][0m {}
[38;5;0m[HTTP][0m <-- GET /wd/hub/status 200 1 ms - 199
[38;5;0m[HTTP][0m 
[38;5;0m[HTTP][0m [37m-->[39m [37mPOST[39m [37m/wd/hub/session/76c4eee9-2c70-42fd-847b-3eca4202641e/timeouts[39m
[38;5;0m[HTTP][0m {"implicit":30000}
[38;5;0m[HTTP][0m <-- POST /wd/hub/session/76c4eee9-2c70-42fd-847b-3eca4202641e/timeouts 200 1 ms - 14
[38;5;0m[HTTP][0m 
[38;5;0m[HTTP][0m [37m-->[39m [37mPOST[39m [37m/wd/hub/session/76c4eee9-2c70-42fd-847b-3eca4202641e/execute/sync[39m
[38;5;0m[HTTP][0m {"script":"mobile: deviceScreenInfo","args":[]}
[38;5;0m[HTTP][0m <-- POST /wd/hub/session/76c4eee9-2c70-42fd-847b-3eca4202641e/execute/sync 200 255 ms - 63
[38;5;0m[HTTP][0m 
[38;5;0m[HTTP][0m [37m-->[39m [37mPOST[39m [37m/wd/hub/session/76c4eee9-2c70-42fd-847b-3eca4202641e/execute/sync[39m
[38;5;0m[HTTP][0m {"script":"mobile: deviceScreenInfo","args":[]}
[38;5;0m[HTTP][0m <-- POST /wd/hub/session/76c4eee9-2c70-42fd-847b-3eca4202641e/execute/sync 200 4 ms - 63
[38;5;0m[HTTP][0m 
[38;5;0m[HTTP][0m [37m-->[39m [37mPOST[39m [37m/wd/hub/session/76c4eee9-2c70-42fd-847b-3eca4202641e/timeouts[39m
[38;5;0m[HTTP][0m {"implicit":50}
[38;5;0m[HTTP][0m <-- POST /wd/hub/session/76c4eee9-2c70-42fd-847b-3eca4202641e/timeouts 200 1 ms - 14
[38;5;0m[HTTP][0m 
[38;5;0m[HTTP][0m [37m-->[39m [37mGET[39m [37m/wd/hub/session/76c4eee9-2c70-42fd-847b-3eca4202641e/window/rect[39m
[38;5;0m[HTTP][0m {}
[38;5;0m[HTTP][0m <-- GET /wd/hub/session/76c4eee9-2c70-42fd-847b-3eca4202641e/window/rect 200 111 ms - 48
[38;5;0m[HTTP][0m 
[38;5;0m[HTTP][0m [37m-->[39m [37mPOST[39m [37m/wd/hub/session/76c4eee9-2c70-42fd-847b-3eca4202641e/elements[39m
[38;5;0m[HTTP][0m {"using":"xpath","value":"//*[@type = 'XCUIElementTypeButton' and @label = 'Allow' and @name = 'Allow']"}
[38;5;0m[HTTP][0m <-- POST /wd/hub/session/76c4eee9-2c70-42fd-847b-3eca4202641e/elements 200 480 ms - 139
[38;5;0m[HTTP][0m 
[38;5;0m[HTTP][0m [37m-->[39m [37mGET[39m [37m/wd/hub/session/76c4eee9-2c70-42fd-847b-3eca4202641e/element/940B0000-0000-0000-2400-000000000000/location[39m
[38;5;0m[HTTP][0m {}
[38;5;0m[HTTP][0m <-- GET /wd/hub/session/76c4eee9-2c70-42fd-847b-3eca4202641e/element/940B0000-0000-0000-2400-000000000000/location 200 74 ms - 27
[38;5;0m[HTTP][0m 
[38;5;0m[HTTP][0m [37m-->[39m [37mPOST[39m [37m/wd/hub/session/76c4eee9-2c70-42fd-847b-3eca4202641e/timeouts[39m
[38;5;0m[HTTP][0m {"implicit":30000}
[38;5;0m[HTTP][0m <-- POST /wd/hub/session/76c4eee9-2c70-42fd-847b-3eca4202641e/timeouts 200 1 ms - 14
[38;5;0m[HTTP][0m 
[38;5;0m[HTTP][0m [37m-->[39m [37mPOST[39m [37m/wd/hub/session/76c4eee9-2c70-42fd-847b-3eca4202641e/element/940B0000-0000-0000-2400-000000000000/click[39m
[38;5;0m[HTTP][0m {"id":"940B0000-0000-0000-2400-000000000000"}
[38;5;32m[XCUITestDriver@4dbf (76c4eee9)][0m Driver proxy active, passing request on via HTTP proxy
[38;5;32m[XCUITestDriver@4dbf (76c4eee9)][0m Replacing sessionId 0FBB504A-2292-43C4-8BCC-63777A035444 with 76c4eee9-2c70-42fd-847b-3eca4202641e
[38;5;0m[HTTP][0m <-- POST /wd/hub/session/76c4eee9-2c70-42fd-847b-3eca4202641e/element/940B0000-0000-0000-2400-000000000000/click 200 785 ms - 65
[38;5;0m[HTTP][0m 
[38;5;0m[HTTP][0m [37m-->[39m [37mPOST[39m [37m/wd/hub/session/76c4eee9-2c70-42fd-847b-3eca4202641e/timeouts[39m
[38;5;0m[HTTP][0m {"implicit":50}
[38;5;0m[HTTP][0m <-- POST /wd/hub/session/76c4eee9-2c70-42fd-847b-3eca4202641e/timeouts 200 0 ms - 14
[38;5;0m[HTTP][0m 
[38;5;0m[HTTP][0m [37m-->[39m [37mGET[39m [37m/wd/hub/session/76c4eee9-2c70-42fd-847b-3eca4202641e/window/rect[39m
[38;5;0m[HTTP][0m {}
[38;5;0m[HTTP][0m <-- GET /wd/hub/session/76c4eee9-2c70-42fd-847b-3eca4202641e/window/rect 200 94 ms - 48
[38;5;0m[HTTP][0m 
[38;5;0m[HTTP][0m [37m-->[39m [37mPOST[39m [37m/wd/hub/session/76c4eee9-2c70-42fd-847b-3eca4202641e/elements[39m
[38;5;0m[HTTP][0m {"using":"xpath","value":"//*[@type = 'XCUIElementTypeTextField']"}
[38;5;0m[HTTP][0m <-- POST /wd/hub/session/76c4eee9-2c70-42fd-847b-3eca4202641e/elements 200 231 ms - 139
[38;5;0m[HTTP][0m 
[38;5;0m[HTTP][0m [37m-->[39m [37mGET[39m [37m/wd/hub/session/76c4eee9-2c70-42fd-847b-3eca4202641e/element/34000000-0000-0000-0C26-000000000000/location[39m
[38;5;0m[HTTP][0m {}
[38;5;0m[HTTP][0m <-- GET /wd/hub/session/76c4eee9-2c70-42fd-847b-3eca4202641e/element/34000000-0000-0000-0C26-000000000000/location 200 51 ms - 26
[38;5;0m[HTTP][0m 
[38;5;0m[HTTP][0m [37m-->[39m [37mPOST[39m [37m/wd/hub/session/76c4eee9-2c70-42fd-847b-3eca4202641e/timeouts[39m
[38;5;0m[HTTP][0m {"implicit":30000}
[38;5;0m[HTTP][0m <-- POST /wd/hub/session/76c4eee9-2c70-42fd-847b-3eca4202641e/timeouts 200 0 ms - 14
[38;5;0m[HTTP][0m 
[38;5;0m[HTTP][0m [37m-->[39m [37mPOST[39m [37m/wd/hub/session/76c4eee9-2c70-42fd-847b-3eca4202641e/element/34000000-0000-0000-0C26-000000000000/clear[39m
[38;5;0m[HTTP][0m {"id":"34000000-0000-0000-0C26-000000000000"}
[38;5;0m[HTTP][0m <-- POST /wd/hub/session/76c4eee9-2c70-42fd-847b-3eca4202641e/element/34000000-0000-0000-0C26-000000000000/clear 200 51 ms - 14
[38;5;0m[HTTP][0m 
[38;5;0m[HTTP][0m [37m-->[39m [37mPOST[39m [37m/wd/hub/session/76c4eee9-2c70-42fd-847b-3eca4202641e/element/34000000-0000-0000-0C26-000000000000/click[39m
[38;5;0m[HTTP][0m {"id":"34000000-0000-0000-0C26-000000000000"}
[38;5;32m[XCUITestDriver@4dbf (76c4eee9)][0m Driver proxy active, passing request on via HTTP proxy
[38;5;32m[XCUITestDriver@4dbf (76c4eee9)][0m Replacing sessionId 0FBB504A-2292-43C4-8BCC-63777A035444 with 76c4eee9-2c70-42fd-847b-3eca4202641e
[38;5;0m[HTTP][0m <-- POST /wd/hub/session/76c4eee9-2c70-42fd-847b-3eca4202641e/element/34000000-0000-0000-0C26-000000000000/click 200 862 ms - 65
[38;5;0m[HTTP][0m 
[38;5;0m[HTTP][0m [37m-->[39m [37mPOST[39m [37m/wd/hub/session/76c4eee9-2c70-42fd-847b-3eca4202641e/element/34000000-0000-0000-0C26-000000000000/value[39m
[38;5;0m[HTTP][0m {"id":"34000000-0000-0000-0C26-000000000000","text":"katalon","value":["k","a","t","a","l","o","n"]}
[38;5;0m[HTTP][0m <-- POST /wd/hub/session/76c4eee9-2c70-42fd-847b-3eca4202641e/element/34000000-0000-0000-0C26-000000000000/value 200 404 ms - 14
[38;5;0m[HTTP][0m 
[38;5;0m[HTTP][0m [37m-->[39m [37mPOST[39m [37m/wd/hub/session/76c4eee9-2c70-42fd-847b-3eca4202641e/timeouts[39m
[38;5;0m[HTTP][0m {"implicit":50}
[38;5;0m[HTTP][0m <-- POST /wd/hub/session/76c4eee9-2c70-42fd-847b-3eca4202641e/timeouts 200 1 ms - 14
[38;5;0m[HTTP][0m 
[38;5;0m[HTTP][0m [37m-->[39m [37mGET[39m [37m/wd/hub/session/76c4eee9-2c70-42fd-847b-3eca4202641e/window/rect[39m
[38;5;0m[HTTP][0m {}
[38;5;0m[HTTP][0m <-- GET /wd/hub/session/76c4eee9-2c70-42fd-847b-3eca4202641e/window/rect 200 103 ms - 48
[38;5;0m[HTTP][0m 
[38;5;0m[HTTP][0m [37m-->[39m [37mPOST[39m [37m/wd/hub/session/76c4eee9-2c70-42fd-847b-3eca4202641e/elements[39m
[38;5;0m[HTTP][0m {"using":"xpath","value":"//*[@type = 'XCUIElementTypeSecureTextField']"}
[38;5;0m[HTTP][0m <-- POST /wd/hub/session/76c4eee9-2c70-42fd-847b-3eca4202641e/elements 200 365 ms - 139
[38;5;0m[HTTP][0m 
[38;5;0m[HTTP][0m [37m-->[39m [37mGET[39m [37m/wd/hub/session/76c4eee9-2c70-42fd-847b-3eca4202641e/element/35000000-0000-0000-0C26-000000000000/location[39m
[38;5;0m[HTTP][0m {}
[38;5;0m[HTTP][0m <-- GET /wd/hub/session/76c4eee9-2c70-42fd-847b-3eca4202641e/element/35000000-0000-0000-0C26-000000000000/location 200 84 ms - 26
[38;5;0m[HTTP][0m 
[38;5;0m[HTTP][0m [37m-->[39m [37mPOST[39m [37m/wd/hub/session/76c4eee9-2c70-42fd-847b-3eca4202641e/timeouts[39m
[38;5;0m[HTTP][0m {"implicit":30000}
[38;5;0m[HTTP][0m <-- POST /wd/hub/session/76c4eee9-2c70-42fd-847b-3eca4202641e/timeouts 200 0 ms - 14
[38;5;0m[HTTP][0m 
[38;5;0m[HTTP][0m [37m-->[39m [37mPOST[39m [37m/wd/hub/session/76c4eee9-2c70-42fd-847b-3eca4202641e/element/35000000-0000-0000-0C26-000000000000/clear[39m
[38;5;0m[HTTP][0m {"id":"35000000-0000-0000-0C26-000000000000"}
[38;5;0m[HTTP][0m <-- POST /wd/hub/session/76c4eee9-2c70-42fd-847b-3eca4202641e/element/35000000-0000-0000-0C26-000000000000/clear 200 71 ms - 14
[38;5;0m[HTTP][0m 
[38;5;0m[HTTP][0m [37m-->[39m [37mPOST[39m [37m/wd/hub/session/76c4eee9-2c70-42fd-847b-3eca4202641e/element/35000000-0000-0000-0C26-000000000000/click[39m
[38;5;0m[HTTP][0m {"id":"35000000-0000-0000-0C26-000000000000"}
[38;5;32m[XCUITestDriver@4dbf (76c4eee9)][0m Driver proxy active, passing request on via HTTP proxy
[38;5;32m[XCUITestDriver@4dbf (76c4eee9)][0m Replacing sessionId 0FBB504A-2292-43C4-8BCC-63777A035444 with 76c4eee9-2c70-42fd-847b-3eca4202641e
[38;5;0m[HTTP][0m <-- POST /wd/hub/session/76c4eee9-2c70-42fd-847b-3eca4202641e/element/35000000-0000-0000-0C26-000000000000/click 200 467 ms - 65
[38;5;0m[HTTP][0m 
[38;5;0m[HTTP][0m [37m-->[39m [37mPOST[39m [37m/wd/hub/session/76c4eee9-2c70-42fd-847b-3eca4202641e/element/35000000-0000-0000-0C26-000000000000/value[39m
[38;5;0m[HTTP][0m {"id":"35000000-0000-0000-0C26-000000000000","text":"eKare123@","value":["e","K","a","r","e","1","2","3","@"]}
[38;5;0m[HTTP][0m <-- POST /wd/hub/session/76c4eee9-2c70-42fd-847b-3eca4202641e/element/35000000-0000-0000-0C26-000000000000/value 200 463 ms - 14
[38;5;0m[HTTP][0m 
[38;5;0m[HTTP][0m [37m-->[39m [37mPOST[39m [37m/wd/hub/session/76c4eee9-2c70-42fd-847b-3eca4202641e/timeouts[39m
[38;5;0m[HTTP][0m {"implicit":50}
[38;5;0m[HTTP][0m <-- POST /wd/hub/session/76c4eee9-2c70-42fd-847b-3eca4202641e/timeouts 200 0 ms - 14
[38;5;0m[HTTP][0m 
[38;5;0m[HTTP][0m [37m-->[39m [37mGET[39m [37m/wd/hub/session/76c4eee9-2c70-42fd-847b-3eca4202641e/window/rect[39m
[38;5;0m[HTTP][0m {}
[38;5;0m[HTTP][0m <-- GET /wd/hub/session/76c4eee9-2c70-42fd-847b-3eca4202641e/window/rect 200 115 ms - 48
[38;5;0m[HTTP][0m 
[38;5;0m[HTTP][0m [37m-->[39m [37mPOST[39m [37m/wd/hub/session/76c4eee9-2c70-42fd-847b-3eca4202641e/elements[39m
[38;5;0m[HTTP][0m {"using":"xpath","value":"//*[@type = 'XCUIElementTypeOther' and @label = 'SIGN IN' and @name = 'SIGN IN']"}
[38;5;0m[HTTP][0m <-- POST /wd/hub/session/76c4eee9-2c70-42fd-847b-3eca4202641e/elements 200 557 ms - 139
[38;5;0m[HTTP][0m 
[38;5;0m[HTTP][0m [37m-->[39m [37mGET[39m [37m/wd/hub/session/76c4eee9-2c70-42fd-847b-3eca4202641e/element/1B000000-0000-0000-0C26-000000000000/location[39m
[38;5;0m[HTTP][0m {}
[38;5;0m[HTTP][0m <-- GET /wd/hub/session/76c4eee9-2c70-42fd-847b-3eca4202641e/element/1B000000-0000-0000-0C26-000000000000/location 200 75 ms - 26
[38;5;0m[HTTP][0m 
[38;5;0m[HTTP][0m [37m-->[39m [37mPOST[39m [37m/wd/hub/session/76c4eee9-2c70-42fd-847b-3eca4202641e/timeouts[39m
[38;5;0m[HTTP][0m {"implicit":30000}
[38;5;0m[HTTP][0m <-- POST /wd/hub/session/76c4eee9-2c70-42fd-847b-3eca4202641e/timeouts 200 0 ms - 14
[38;5;0m[HTTP][0m 
[38;5;0m[HTTP][0m [37m-->[39m [37mPOST[39m [37m/wd/hub/session/76c4eee9-2c70-42fd-847b-3eca4202641e/element/1B000000-0000-0000-0C26-000000000000/click[39m
[38;5;0m[HTTP][0m {"id":"1B000000-0000-0000-0C26-000000000000"}
[38;5;32m[XCUITestDriver@4dbf (76c4eee9)][0m Driver proxy active, passing request on via HTTP proxy
[38;5;32m[XCUITestDriver@4dbf (76c4eee9)][0m Replacing sessionId 0FBB504A-2292-43C4-8BCC-63777A035444 with 76c4eee9-2c70-42fd-847b-3eca4202641e
[38;5;0m[HTTP][0m <-- POST /wd/hub/session/76c4eee9-2c70-42fd-847b-3eca4202641e/element/1B000000-0000-0000-0C26-000000000000/click 200 875 ms - 65
[38;5;0m[HTTP][0m 
[38;5;0m[HTTP][0m [37m-->[39m [37mPOST[39m [37m/wd/hub/session/76c4eee9-2c70-42fd-847b-3eca4202641e/timeouts[39m
[38;5;0m[HTTP][0m {"implicit":50}
[38;5;0m[HTTP][0m <-- POST /wd/hub/session/76c4eee9-2c70-42fd-847b-3eca4202641e/timeouts 200 0 ms - 14
[38;5;0m[HTTP][0m 
[38;5;0m[HTTP][0m [37m-->[39m [37mGET[39m [37m/wd/hub/session/76c4eee9-2c70-42fd-847b-3eca4202641e/window/rect[39m
[38;5;0m[HTTP][0m {}
[38;5;0m[HTTP][0m <-- GET /wd/hub/session/76c4eee9-2c70-42fd-847b-3eca4202641e/window/rect 200 167 ms - 48
[38;5;0m[HTTP][0m 
[38;5;0m[HTTP][0m [37m-->[39m [37mPOST[39m [37m/wd/hub/session/76c4eee9-2c70-42fd-847b-3eca4202641e/elements[39m
[38;5;0m[HTTP][0m {"using":"xpath","value":"//XCUIElementTypeApplication/XCUIElementTypeWindow[1]/XCUIElementTypeOther[2]/XCUIElementTypeOther[1]/XCUIElementTypeOther[1]/XCUIElementTypeOther[2]/XCUIElementTypeOther[1]/XCUIElementTypeOther[1]/XCUIElementTypeOther[1]/XCUIElementTypeScrollView[1]/XCUIElementTypeOther[1]/XCUIElementTypeOther[1]/XCUIElementTypeOther[2]"}
[38;5;0m[HTTP][0m <-- POST /wd/hub/session/76c4eee9-2c70-42fd-847b-3eca4202641e/elements 200 328 ms - 139
[38;5;0m[HTTP][0m 
[38;5;0m[HTTP][0m [37m-->[39m [37mGET[39m [37m/wd/hub/session/76c4eee9-2c70-42fd-847b-3eca4202641e/element/92000000-0000-0000-0C26-000000000000/location[39m
[38;5;0m[HTTP][0m {}
[38;5;0m[HTTP][0m <-- GET /wd/hub/session/76c4eee9-2c70-42fd-847b-3eca4202641e/element/92000000-0000-0000-0C26-000000000000/location 200 56 ms - 26
[38;5;0m[HTTP][0m 
[38;5;0m[HTTP][0m [37m-->[39m [37mPOST[39m [37m/wd/hub/session/76c4eee9-2c70-42fd-847b-3eca4202641e/timeouts[39m
[38;5;0m[HTTP][0m {"implicit":30000}
[38;5;0m[HTTP][0m <-- POST /wd/hub/session/76c4eee9-2c70-42fd-847b-3eca4202641e/timeouts 200 0 ms - 14
[38;5;0m[HTTP][0m 
[38;5;0m[HTTP][0m [37m-->[39m [37mPOST[39m [37m/wd/hub/session/76c4eee9-2c70-42fd-847b-3eca4202641e/element/92000000-0000-0000-0C26-000000000000/click[39m
[38;5;0m[HTTP][0m {"id":"92000000-0000-0000-0C26-000000000000"}
[38;5;32m[XCUITestDriver@4dbf (76c4eee9)][0m Driver proxy active, passing request on via HTTP proxy
[38;5;32m[XCUITestDriver@4dbf (76c4eee9)][0m Replacing sessionId 0FBB504A-2292-43C4-8BCC-63777A035444 with 76c4eee9-2c70-42fd-847b-3eca4202641e
[38;5;0m[HTTP][0m <-- POST /wd/hub/session/76c4eee9-2c70-42fd-847b-3eca4202641e/element/92000000-0000-0000-0C26-000000000000/click 200 456 ms - 65
[38;5;0m[HTTP][0m 
[38;5;0m[HTTP][0m [37m-->[39m [37mPOST[39m [37m/wd/hub/session/76c4eee9-2c70-42fd-847b-3eca4202641e/timeouts[39m
[38;5;0m[HTTP][0m {"implicit":50}
[38;5;0m[HTTP][0m <-- POST /wd/hub/session/76c4eee9-2c70-42fd-847b-3eca4202641e/timeouts 200 1 ms - 14
[38;5;0m[HTTP][0m 
[38;5;0m[HTTP][0m [37m-->[39m [37mGET[39m [37m/wd/hub/session/76c4eee9-2c70-42fd-847b-3eca4202641e/window/rect[39m
[38;5;0m[HTTP][0m {}
[38;5;0m[HTTP][0m <-- GET /wd/hub/session/76c4eee9-2c70-42fd-847b-3eca4202641e/window/rect 200 146 ms - 48
[38;5;0m[HTTP][0m 
[38;5;0m[HTTP][0m [37m-->[39m [37mPOST[39m [37m/wd/hub/session/76c4eee9-2c70-42fd-847b-3eca4202641e/elements[39m
[38;5;0m[HTTP][0m {"using":"xpath","value":"//XCUIElementTypeApplication/XCUIElementTypeWindow[1]/XCUIElementTypeOther[1]/XCUIElementTypeOther[1]/XCUIElementTypeOther[1]/XCUIElementTypeOther[1]/XCUIElementTypeOther[1]/XCUIElementTypeOther[1]/XCUIElementTypeOther[1]/XCUIElementTypeOther[1]/XCUIElementTypeOther[1]/XCUIElementTypeOther[1]/XCUIElementTypeOther[1]/XCUIElementTypeOther[2]/XCUIElementTypeOther[1]/XCUIElementTypeOther[1]/XCUIElementTypeOther[1]/XCUIElementTypeOther[1]/XCUIElementTypeOther[1]/XCUIElementTypeOther[2]/XCUIElementTypeOther[1]/XCUIElementTypeOther[1]/XCUIElementTypeOther[1]/XCUIElementTypeOther[1]/XCUIElementTypeOther[1]/XCUIElementTypeOther[2]/XCUIElementTypeOther[3]/XCUIElementTypeOther[1]"}
[38;5;0m[HTTP][0m <-- POST /wd/hub/session/76c4eee9-2c70-42fd-847b-3eca4202641e/elements 200 507 ms - 139
[38;5;0m[HTTP][0m 
[38;5;0m[HTTP][0m [37m-->[39m [37mGET[39m [37m/wd/hub/session/76c4eee9-2c70-42fd-847b-3eca4202641e/element/D6000000-0000-0000-0C26-000000000000/location[39m
[38;5;0m[HTTP][0m {}
[38;5;0m[HTTP][0m <-- GET /wd/hub/session/76c4eee9-2c70-42fd-847b-3eca4202641e/element/D6000000-0000-0000-0C26-000000000000/location 200 105 ms - 26
[38;5;0m[HTTP][0m 
[38;5;0m[HTTP][0m [37m-->[39m [37mPOST[39m [37m/wd/hub/session/76c4eee9-2c70-42fd-847b-3eca4202641e/timeouts[39m
[38;5;0m[HTTP][0m {"implicit":30000}
[38;5;0m[HTTP][0m <-- POST /wd/hub/session/76c4eee9-2c70-42fd-847b-3eca4202641e/timeouts 200 0 ms - 14
[38;5;0m[HTTP][0m 
[38;5;0m[HTTP][0m [37m-->[39m [37mPOST[39m [37m/wd/hub/session/76c4eee9-2c70-42fd-847b-3eca4202641e/element/D6000000-0000-0000-0C26-000000000000/click[39m
[38;5;0m[HTTP][0m {"id":"D6000000-0000-0000-0C26-000000000000"}
[38;5;32m[XCUITestDriver@4dbf (76c4eee9)][0m Driver proxy active, passing request on via HTTP proxy
[38;5;32m[XCUITestDriver@4dbf (76c4eee9)][0m Replacing sessionId 0FBB504A-2292-43C4-8BCC-63777A035444 with 76c4eee9-2c70-42fd-847b-3eca4202641e
[38;5;0m[HTTP][0m <-- POST /wd/hub/session/76c4eee9-2c70-42fd-847b-3eca4202641e/element/D6000000-0000-0000-0C26-000000000000/click 200 512 ms - 65
[38;5;0m[HTTP][0m 
[38;5;0m[HTTP][0m [37m-->[39m [37mPOST[39m [37m/wd/hub/session/76c4eee9-2c70-42fd-847b-3eca4202641e/timeouts[39m
[38;5;0m[HTTP][0m {"implicit":50}
[38;5;0m[HTTP][0m <-- POST /wd/hub/session/76c4eee9-2c70-42fd-847b-3eca4202641e/timeouts 200 0 ms - 14
[38;5;0m[HTTP][0m 
[38;5;0m[HTTP][0m [37m-->[39m [37mGET[39m [37m/wd/hub/session/76c4eee9-2c70-42fd-847b-3eca4202641e/window/rect[39m
[38;5;0m[HTTP][0m {}
[38;5;0m[HTTP][0m <-- GET /wd/hub/session/76c4eee9-2c70-42fd-847b-3eca4202641e/window/rect 200 75 ms - 48
[38;5;0m[HTTP][0m 
[38;5;0m[HTTP][0m [37m-->[39m [37mPOST[39m [37m/wd/hub/session/76c4eee9-2c70-42fd-847b-3eca4202641e/elements[39m
[38;5;0m[HTTP][0m {"using":"xpath","value":"//*[@type = 'XCUIElementTypeSwitch' and @value = '1']"}
[38;5;0m[HTTP][0m <-- POST /wd/hub/session/76c4eee9-2c70-42fd-847b-3eca4202641e/elements 200 506 ms - 139
[38;5;0m[HTTP][0m 
[38;5;0m[HTTP][0m [37m-->[39m [37mGET[39m [37m/wd/hub/session/76c4eee9-2c70-42fd-847b-3eca4202641e/element/62010000-0000-0000-0C26-000000000000/location[39m
[38;5;0m[HTTP][0m {}
[38;5;0m[HTTP][0m <-- GET /wd/hub/session/76c4eee9-2c70-42fd-847b-3eca4202641e/element/62010000-0000-0000-0C26-000000000000/location 200 40 ms - 27
[38;5;0m[HTTP][0m 
[38;5;0m[HTTP][0m [37m-->[39m [37mPOST[39m [37m/wd/hub/session/76c4eee9-2c70-42fd-847b-3eca4202641e/timeouts[39m
[38;5;0m[HTTP][0m {"implicit":30000}
[38;5;0m[HTTP][0m <-- POST /wd/hub/session/76c4eee9-2c70-42fd-847b-3eca4202641e/timeouts 200 0 ms - 14
[38;5;0m[HTTP][0m 
[38;5;0m[HTTP][0m [37m-->[39m [37mPOST[39m [37m/wd/hub/session/76c4eee9-2c70-42fd-847b-3eca4202641e/element/62010000-0000-0000-0C26-000000000000/click[39m
[38;5;0m[HTTP][0m {"id":"62010000-0000-0000-0C26-000000000000"}
[38;5;32m[XCUITestDriver@4dbf (76c4eee9)][0m Driver proxy active, passing request on via HTTP proxy
[38;5;32m[XCUITestDriver@4dbf (76c4eee9)][0m Replacing sessionId 0FBB504A-2292-43C4-8BCC-63777A035444 with 76c4eee9-2c70-42fd-847b-3eca4202641e
[38;5;0m[HTTP][0m <-- POST /wd/hub/session/76c4eee9-2c70-42fd-847b-3eca4202641e/element/62010000-0000-0000-0C26-000000000000/click 200 396 ms - 65
[38;5;0m[HTTP][0m 
[38;5;0m[HTTP][0m [37m-->[39m [37mPOST[39m [37m/wd/hub/session/76c4eee9-2c70-42fd-847b-3eca4202641e/timeouts[39m
[38;5;0m[HTTP][0m {"implicit":50}
[38;5;0m[HTTP][0m <-- POST /wd/hub/session/76c4eee9-2c70-42fd-847b-3eca4202641e/timeouts 200 0 ms - 14
[38;5;0m[HTTP][0m 
[38;5;0m[HTTP][0m [37m-->[39m [37mGET[39m [37m/wd/hub/session/76c4eee9-2c70-42fd-847b-3eca4202641e/window/rect[39m
[38;5;0m[HTTP][0m {}
[38;5;0m[HTTP][0m <-- GET /wd/hub/session/76c4eee9-2c70-42fd-847b-3eca4202641e/window/rect 200 98 ms - 48
[38;5;0m[HTTP][0m 
[38;5;0m[HTTP][0m [37m-->[39m [37mPOST[39m [37m/wd/hub/session/76c4eee9-2c70-42fd-847b-3eca4202641e/elements[39m
[38;5;0m[HTTP][0m {"using":"xpath","value":"//*[@type = 'XCUIElementTypeOther' and @label = 'Apply' and @name = 'Apply']"}
[38;5;0m[HTTP][0m <-- POST /wd/hub/session/76c4eee9-2c70-42fd-847b-3eca4202641e/elements 200 587 ms - 139
[38;5;0m[HTTP][0m 
[38;5;0m[HTTP][0m [37m-->[39m [37mGET[39m [37m/wd/hub/session/76c4eee9-2c70-42fd-847b-3eca4202641e/element/3F010000-0000-0000-0C26-000000000000/location[39m
[38;5;0m[HTTP][0m {}
[38;5;0m[HTTP][0m <-- GET /wd/hub/session/76c4eee9-2c70-42fd-847b-3eca4202641e/element/3F010000-0000-0000-0C26-000000000000/location 200 81 ms - 27
[38;5;0m[HTTP][0m 
[38;5;0m[HTTP][0m [37m-->[39m [37mPOST[39m [37m/wd/hub/session/76c4eee9-2c70-42fd-847b-3eca4202641e/timeouts[39m
[38;5;0m[HTTP][0m {"implicit":30000}
[38;5;0m[HTTP][0m <-- POST /wd/hub/session/76c4eee9-2c70-42fd-847b-3eca4202641e/timeouts 200 0 ms - 14
[38;5;0m[HTTP][0m 
[38;5;0m[HTTP][0m [37m-->[39m [37mPOST[39m [37m/wd/hub/session/76c4eee9-2c70-42fd-847b-3eca4202641e/element/3F010000-0000-0000-0C26-000000000000/click[39m
[38;5;0m[HTTP][0m {"id":"3F010000-0000-0000-0C26-000000000000"}
[38;5;32m[XCUITestDriver@4dbf (76c4eee9)][0m Driver proxy active, passing request on via HTTP proxy
[38;5;32m[XCUITestDriver@4dbf (76c4eee9)][0m Replacing sessionId 0FBB504A-2292-43C4-8BCC-63777A035444 with 76c4eee9-2c70-42fd-847b-3eca4202641e
[38;5;0m[HTTP][0m <-- POST /wd/hub/session/76c4eee9-2c70-42fd-847b-3eca4202641e/element/3F010000-0000-0000-0C26-000000000000/click 200 478 ms - 65
[38;5;0m[HTTP][0m 
[38;5;0m[HTTP][0m [37m-->[39m [37mPOST[39m [37m/wd/hub/session/76c4eee9-2c70-42fd-847b-3eca4202641e/timeouts[39m
[38;5;0m[HTTP][0m {"implicit":50}
[38;5;0m[HTTP][0m <-- POST /wd/hub/session/76c4eee9-2c70-42fd-847b-3eca4202641e/timeouts 200 0 ms - 14
[38;5;0m[HTTP][0m 
[38;5;0m[HTTP][0m [37m-->[39m [37mGET[39m [37m/wd/hub/session/76c4eee9-2c70-42fd-847b-3eca4202641e/window/rect[39m
[38;5;0m[HTTP][0m {}
[38;5;0m[HTTP][0m <-- GET /wd/hub/session/76c4eee9-2c70-42fd-847b-3eca4202641e/window/rect 200 124 ms - 48
[38;5;0m[HTTP][0m 
[38;5;0m[HTTP][0m [37m-->[39m [37mPOST[39m [37m/wd/hub/session/76c4eee9-2c70-42fd-847b-3eca4202641e/elements[39m
[38;5;0m[HTTP][0m {"using":"xpath","value":"//*[@type = 'XCUIElementTypeStaticText' and @label = 'All Patients' and @name = 'All Patients' and @value = 'All Patients']"}
[38;5;0m[HTTP][0m <-- POST /wd/hub/session/76c4eee9-2c70-42fd-847b-3eca4202641e/elements 200 1225 ms - 12
[38;5;0m[HTTP][0m 
[38;5;0m[HTTP][0m [37m-->[39m [37mPOST[39m [37m/wd/hub/session/76c4eee9-2c70-42fd-847b-3eca4202641e/elements[39m
[38;5;0m[HTTP][0m {"using":"xpath","value":"//*[@type = 'XCUIElementTypeStaticText' and @label = 'All Patients' and @name = 'All Patients' and @value = 'All Patients']"}
[38;5;0m[HTTP][0m <-- POST /wd/hub/session/76c4eee9-2c70-42fd-847b-3eca4202641e/elements 200 1170 ms - 139
[38;5;0m[HTTP][0m 
[38;5;0m[HTTP][0m [37m-->[39m [37mGET[39m [37m/wd/hub/session/76c4eee9-2c70-42fd-847b-3eca4202641e/element/7B010000-0000-0000-0C26-000000000000/location[39m
[38;5;0m[HTTP][0m {}
[38;5;0m[HTTP][0m <-- GET /wd/hub/session/76c4eee9-2c70-42fd-847b-3eca4202641e/element/7B010000-0000-0000-0C26-000000000000/location 200 105 ms - 26
[38;5;0m[HTTP][0m 
[38;5;0m[HTTP][0m [37m-->[39m [37mPOST[39m [37m/wd/hub/session/76c4eee9-2c70-42fd-847b-3eca4202641e/timeouts[39m
[38;5;0m[HTTP][0m {"implicit":30000}
[38;5;0m[HTTP][0m <-- POST /wd/hub/session/76c4eee9-2c70-42fd-847b-3eca4202641e/timeouts 200 1 ms - 14
[38;5;0m[HTTP][0m 
[38;5;0m[HTTP][0m [37m-->[39m [37mGET[39m [37m/wd/hub/session/76c4eee9-2c70-42fd-847b-3eca4202641e/element/7B010000-0000-0000-0C26-000000000000/text[39m
[38;5;0m[HTTP][0m {}
[38;5;32m[XCUITestDriver@4dbf (76c4eee9)][0m Driver proxy active, passing request on via HTTP proxy
[38;5;32m[XCUITestDriver@4dbf (76c4eee9)][0m Replacing sessionId 0FBB504A-2292-43C4-8BCC-63777A035444 with 76c4eee9-2c70-42fd-847b-3eca4202641e
[38;5;0m[HTTP][0m <-- GET /wd/hub/session/76c4eee9-2c70-42fd-847b-3eca4202641e/element/7B010000-0000-0000-0C26-000000000000/text 200 95 ms - 75
[38;5;0m[HTTP][0m 
[38;5;0m[HTTP][0m [37m-->[39m [37mPOST[39m [37m/wd/hub/session/76c4eee9-2c70-42fd-847b-3eca4202641e/timeouts[39m
[38;5;0m[HTTP][0m {"implicit":50}
[38;5;0m[HTTP][0m <-- POST /wd/hub/session/76c4eee9-2c70-42fd-847b-3eca4202641e/timeouts 200 1 ms - 14
[38;5;0m[HTTP][0m 
[38;5;0m[HTTP][0m [37m-->[39m [37mGET[39m [37m/wd/hub/session/76c4eee9-2c70-42fd-847b-3eca4202641e/window/rect[39m
[38;5;0m[HTTP][0m {}
[38;5;0m[HTTP][0m <-- GET /wd/hub/session/76c4eee9-2c70-42fd-847b-3eca4202641e/window/rect 200 150 ms - 48
[38;5;0m[HTTP][0m 
[38;5;0m[HTTP][0m [37m-->[39m [37mPOST[39m [37m/wd/hub/session/76c4eee9-2c70-42fd-847b-3eca4202641e/elements[39m
[38;5;0m[HTTP][0m {"using":"xpath","value":"//XCUIElementTypeApplication/XCUIElementTypeWindow[1]/XCUIElementTypeOther[1]/XCUIElementTypeOther[1]/XCUIElementTypeOther[1]/XCUIElementTypeOther[1]/XCUIElementTypeOther[1]/XCUIElementTypeOther[1]/XCUIElementTypeOther[1]/XCUIElementTypeOther[1]/XCUIElementTypeOther[1]/XCUIElementTypeOther[1]/XCUIElementTypeOther[1]/XCUIElementTypeOther[2]/XCUIElementTypeOther[1]/XCUIElementTypeOther[1]/XCUIElementTypeOther[1]/XCUIElementTypeOther[1]/XCUIElementTypeOther[1]/XCUIElementTypeOther[2]/XCUIElementTypeOther[1]/XCUIElementTypeOther[1]/XCUIElementTypeOther[1]/XCUIElementTypeOther[1]/XCUIElementTypeOther[3]/XCUIElementTypeOther[1]/XCUIElementTypeOther[2]/XCUIElementTypeTextField[1]"}
[38;5;0m[HTTP][0m <-- POST /wd/hub/session/76c4eee9-2c70-42fd-847b-3eca4202641e/elements 200 558 ms - 139
[38;5;0m[HTTP][0m 
[38;5;0m[HTTP][0m [37m-->[39m [37mGET[39m [37m/wd/hub/session/76c4eee9-2c70-42fd-847b-3eca4202641e/element/DA000000-0000-0000-0C26-000000000000/location[39m
[38;5;0m[HTTP][0m {}
[38;5;0m[HTTP][0m <-- GET /wd/hub/session/76c4eee9-2c70-42fd-847b-3eca4202641e/element/DA000000-0000-0000-0C26-000000000000/location 200 110 ms - 26
[38;5;0m[HTTP][0m 
[38;5;0m[HTTP][0m [37m-->[39m [37mPOST[39m [37m/wd/hub/session/76c4eee9-2c70-42fd-847b-3eca4202641e/timeouts[39m
[38;5;0m[HTTP][0m {"implicit":30000}
[38;5;0m[HTTP][0m <-- POST /wd/hub/session/76c4eee9-2c70-42fd-847b-3eca4202641e/timeouts 200 0 ms - 14
[38;5;0m[HTTP][0m 
[38;5;0m[HTTP][0m [37m-->[39m [37mPOST[39m [37m/wd/hub/session/76c4eee9-2c70-42fd-847b-3eca4202641e/element/DA000000-0000-0000-0C26-000000000000/clear[39m
[38;5;0m[HTTP][0m {"id":"DA000000-0000-0000-0C26-000000000000"}
[38;5;0m[HTTP][0m <-- POST /wd/hub/session/76c4eee9-2c70-42fd-847b-3eca4202641e/element/DA000000-0000-0000-0C26-000000000000/clear 200 1440 ms - 14
[38;5;0m[HTTP][0m 
[38;5;0m[HTTP][0m [37m-->[39m [37mPOST[39m [37m/wd/hub/session/76c4eee9-2c70-42fd-847b-3eca4202641e/element/DA000000-0000-0000-0C26-000000000000/click[39m
[38;5;0m[HTTP][0m {"id":"DA000000-0000-0000-0C26-000000000000"}
[38;5;32m[XCUITestDriver@4dbf (76c4eee9)][0m Driver proxy active, passing request on via HTTP proxy
[38;5;32m[XCUITestDriver@4dbf (76c4eee9)][0m Replacing sessionId 0FBB504A-2292-43C4-8BCC-63777A035444 with 76c4eee9-2c70-42fd-847b-3eca4202641e
[38;5;0m[HTTP][0m <-- POST /wd/hub/session/76c4eee9-2c70-42fd-847b-3eca4202641e/element/DA000000-0000-0000-0C26-000000000000/click 200 484 ms - 65
[38;5;0m[HTTP][0m 
[38;5;0m[HTTP][0m [37m-->[39m [37mPOST[39m [37m/wd/hub/session/76c4eee9-2c70-42fd-847b-3eca4202641e/element/DA000000-0000-0000-0C26-000000000000/value[39m
[38;5;0m[HTTP][0m {"id":"DA000000-0000-0000-0C26-000000000000","text":"6768","value":["6","7","6","8"]}
[38;5;0m[HTTP][0m <-- POST /wd/hub/session/76c4eee9-2c70-42fd-847b-3eca4202641e/element/DA000000-0000-0000-0C26-000000000000/value 200 396 ms - 14
[38;5;0m[HTTP][0m 
[38;5;0m[HTTP][0m [37m-->[39m [37mPOST[39m [37m/wd/hub/session/76c4eee9-2c70-42fd-847b-3eca4202641e/timeouts[39m
[38;5;0m[HTTP][0m {"implicit":50}
[38;5;0m[HTTP][0m <-- POST /wd/hub/session/76c4eee9-2c70-42fd-847b-3eca4202641e/timeouts 200 1 ms - 14
[38;5;0m[HTTP][0m 
[38;5;0m[HTTP][0m [37m-->[39m [37mGET[39m [37m/wd/hub/session/76c4eee9-2c70-42fd-847b-3eca4202641e/window/rect[39m
[38;5;0m[HTTP][0m {}
[38;5;0m[HTTP][0m <-- GET /wd/hub/session/76c4eee9-2c70-42fd-847b-3eca4202641e/window/rect 200 127 ms - 48
[38;5;0m[HTTP][0m 
[38;5;0m[HTTP][0m [37m-->[39m [37mPOST[39m [37m/wd/hub/session/76c4eee9-2c70-42fd-847b-3eca4202641e/elements[39m
[38;5;0m[HTTP][0m {"using":"xpath","value":"//XCUIElementTypeApplication/XCUIElementTypeWindow[1]/XCUIElementTypeOther[1]/XCUIElementTypeOther[1]/XCUIElementTypeOther[1]/XCUIElementTypeOther[1]/XCUIElementTypeOther[1]/XCUIElementTypeOther[1]/XCUIElementTypeOther[1]/XCUIElementTypeOther[1]/XCUIElementTypeOther[1]/XCUIElementTypeOther[1]/XCUIElementTypeOther[1]/XCUIElementTypeOther[2]/XCUIElementTypeOther[1]/XCUIElementTypeOther[1]/XCUIElementTypeOther[1]/XCUIElementTypeOther[1]/XCUIElementTypeOther[1]/XCUIElementTypeOther[2]/XCUIElementTypeOther[1]/XCUIElementTypeOther[1]/XCUIElementTypeOther[1]/XCUIElementTypeOther[1]/XCUIElementTypeOther[4]/XCUIElementTypeScrollView[1]/XCUIElementTypeOther[2]/XCUIElementTypeOther[1]/XCUIElementTypeOther[1]/XCUIElementTypeOther[1]/XCUIElementTypeOther[1]"}
[38;5;0m[HTTP][0m <-- POST /wd/hub/session/76c4eee9-2c70-42fd-847b-3eca4202641e/elements 200 465 ms - 139
[38;5;0m[HTTP][0m 
[38;5;0m[HTTP][0m [37m-->[39m [37mGET[39m [37m/wd/hub/session/76c4eee9-2c70-42fd-847b-3eca4202641e/element/82010000-0000-0000-0C26-000000000000/location[39m
[38;5;0m[HTTP][0m {}
[38;5;0m[HTTP][0m <-- GET /wd/hub/session/76c4eee9-2c70-42fd-847b-3eca4202641e/element/82010000-0000-0000-0C26-000000000000/location 200 90 ms - 25
[38;5;0m[HTTP][0m 
[38;5;0m[HTTP][0m [37m-->[39m [37mPOST[39m [37m/wd/hub/session/76c4eee9-2c70-42fd-847b-3eca4202641e/timeouts[39m
[38;5;0m[HTTP][0m {"implicit":30000}
[38;5;0m[HTTP][0m <-- POST /wd/hub/session/76c4eee9-2c70-42fd-847b-3eca4202641e/timeouts 200 0 ms - 14
[38;5;0m[HTTP][0m 
[38;5;0m[HTTP][0m [37m-->[39m [37mPOST[39m [37m/wd/hub/session/76c4eee9-2c70-42fd-847b-3eca4202641e/element/82010000-0000-0000-0C26-000000000000/click[39m
[38;5;0m[HTTP][0m {"id":"82010000-0000-0000-0C26-000000000000"}
[38;5;32m[XCUITestDriver@4dbf (76c4eee9)][0m Driver proxy active, passing request on via HTTP proxy
[38;5;32m[XCUITestDriver@4dbf (76c4eee9)][0m Replacing sessionId 0FBB504A-2292-43C4-8BCC-63777A035444 with 76c4eee9-2c70-42fd-847b-3eca4202641e
[38;5;0m[HTTP][0m <-- POST /wd/hub/session/76c4eee9-2c70-42fd-847b-3eca4202641e/element/82010000-0000-0000-0C26-000000000000/click 200 863 ms - 65
[38;5;0m[HTTP][0m 
[38;5;0m[HTTP][0m [37m-->[39m [37mPOST[39m [37m/wd/hub/session/76c4eee9-2c70-42fd-847b-3eca4202641e/timeouts[39m
[38;5;0m[HTTP][0m {"implicit":50}
[38;5;0m[HTTP][0m <-- POST /wd/hub/session/76c4eee9-2c70-42fd-847b-3eca4202641e/timeouts 200 0 ms - 14
[38;5;0m[HTTP][0m 
[38;5;0m[HTTP][0m [37m-->[39m [37mGET[39m [37m/wd/hub/session/76c4eee9-2c70-42fd-847b-3eca4202641e/window/rect[39m
[38;5;0m[HTTP][0m {}
[38;5;0m[HTTP][0m <-- GET /wd/hub/session/76c4eee9-2c70-42fd-847b-3eca4202641e/window/rect 200 88 ms - 48
[38;5;0m[HTTP][0m 
[38;5;0m[HTTP][0m [37m-->[39m [37mPOST[39m [37m/wd/hub/session/76c4eee9-2c70-42fd-847b-3eca4202641e/elements[39m
[38;5;0m[HTTP][0m {"using":"xpath","value":"//XCUIElementTypeApplication/XCUIElementTypeWindow[1]/XCUIElementTypeOther[1]/XCUIElementTypeOther[1]/XCUIElementTypeOther[1]/XCUIElementTypeOther[1]/XCUIElementTypeOther[1]/XCUIElementTypeOther[1]/XCUIElementTypeOther[1]/XCUIElementTypeOther[1]/XCUIElementTypeOther[1]/XCUIElementTypeOther[1]/XCUIElementTypeOther[1]/XCUIElementTypeOther[2]/XCUIElementTypeOther[1]/XCUIElementTypeOther[1]/XCUIElementTypeOther[1]/XCUIElementTypeOther[1]/XCUIElementTypeOther[1]/XCUIElementTypeOther[2]/XCUIElementTypeOther[1]/XCUIElementTypeOther[1]/XCUIElementTypeOther[1]/XCUIElementTypeOther[1]/XCUIElementTypeOther[4]/XCUIElementTypeScrollView[1]/XCUIElementTypeOther[2]/XCUIElementTypeOther[1]/XCUIElementTypeOther[1]/XCUIElementTypeOther[1]/XCUIElementTypeOther[1]"}
[38;5;0m[HTTP][0m <-- POST /wd/hub/session/76c4eee9-2c70-42fd-847b-3eca4202641e/elements 200 336 ms - 139
[38;5;0m[HTTP][0m 
[38;5;0m[HTTP][0m [37m-->[39m [37mGET[39m [37m/wd/hub/session/76c4eee9-2c70-42fd-847b-3eca4202641e/element/82010000-0000-0000-0C26-000000000000/location[39m
[38;5;0m[HTTP][0m {}
[38;5;0m[HTTP][0m <-- GET /wd/hub/session/76c4eee9-2c70-42fd-847b-3eca4202641e/element/82010000-0000-0000-0C26-000000000000/location 200 79 ms - 25
[38;5;0m[HTTP][0m 
[38;5;0m[HTTP][0m [37m-->[39m [37mPOST[39m [37m/wd/hub/session/76c4eee9-2c70-42fd-847b-3eca4202641e/timeouts[39m
[38;5;0m[HTTP][0m {"implicit":30000}
[38;5;0m[HTTP][0m <-- POST /wd/hub/session/76c4eee9-2c70-42fd-847b-3eca4202641e/timeouts 200 0 ms - 14
[38;5;0m[HTTP][0m 
[38;5;0m[HTTP][0m [37m-->[39m [37mPOST[39m [37m/wd/hub/session/76c4eee9-2c70-42fd-847b-3eca4202641e/element/82010000-0000-0000-0C26-000000000000/click[39m
[38;5;0m[HTTP][0m {"id":"82010000-0000-0000-0C26-000000000000"}
[38;5;32m[XCUITestDriver@4dbf (76c4eee9)][0m Driver proxy active, passing request on via HTTP proxy
[38;5;32m[XCUITestDriver@4dbf (76c4eee9)][0m Replacing sessionId 0FBB504A-2292-43C4-8BCC-63777A035444 with 76c4eee9-2c70-42fd-847b-3eca4202641e
[38;5;0m[HTTP][0m <-- POST /wd/hub/session/76c4eee9-2c70-42fd-847b-3eca4202641e/element/82010000-0000-0000-0C26-000000000000/click 200 407 ms - 65
[38;5;0m[HTTP][0m 
[38;5;0m[HTTP][0m [37m-->[39m [37mPOST[39m [37m/wd/hub/session/76c4eee9-2c70-42fd-847b-3eca4202641e/timeouts[39m
[38;5;0m[HTTP][0m {"implicit":50}
[38;5;0m[HTTP][0m <-- POST /wd/hub/session/76c4eee9-2c70-42fd-847b-3eca4202641e/timeouts 200 0 ms - 14
[38;5;0m[HTTP][0m 
[38;5;0m[HTTP][0m [37m-->[39m [37mGET[39m [37m/wd/hub/session/76c4eee9-2c70-42fd-847b-3eca4202641e/window/rect[39m
[38;5;0m[HTTP][0m {}
[38;5;0m[HTTP][0m <-- GET /wd/hub/session/76c4eee9-2c70-42fd-847b-3eca4202641e/window/rect 200 94 ms - 48
[38;5;0m[HTTP][0m 
[38;5;0m[HTTP][0m [37m-->[39m [37mPOST[39m [37m/wd/hub/session/76c4eee9-2c70-42fd-847b-3eca4202641e/elements[39m
[38;5;0m[HTTP][0m {"using":"xpath","value":"//XCUIElementTypeApplication/XCUIElementTypeWindow[1]/XCUIElementTypeOther[1]/XCUIElementTypeOther[1]/XCUIElementTypeOther[1]/XCUIElementTypeOther[1]/XCUIElementTypeOther[1]/XCUIElementTypeOther[1]/XCUIElementTypeOther[1]/XCUIElementTypeOther[1]/XCUIElementTypeOther[1]/XCUIElementTypeOther[1]/XCUIElementTypeOther[1]/XCUIElementTypeOther[2]/XCUIElementTypeOther[1]/XCUIElementTypeOther[1]/XCUIElementTypeOther[1]/XCUIElementTypeOther[1]/XCUIElementTypeOther[1]/XCUIElementTypeOther[2]/XCUIElementTypeOther[1]/XCUIElementTypeOther[2]/XCUIElementTypeOther[1]/XCUIElementTypeOther[1]/XCUIElementTypeOther[1]/XCUIElementTypeOther[2]/XCUIElementTypeOther[4]/XCUIElementTypeOther[1]"}
[38;5;0m[HTTP][0m <-- POST /wd/hub/session/76c4eee9-2c70-42fd-847b-3eca4202641e/elements 200 344 ms - 12
[38;5;0m[HTTP][0m 
[38;5;0m[HTTP][0m [37m-->[39m [37mPOST[39m [37m/wd/hub/session/76c4eee9-2c70-42fd-847b-3eca4202641e/elements[39m
[38;5;0m[HTTP][0m {"using":"xpath","value":"//XCUIElementTypeApplication/XCUIElementTypeWindow[1]/XCUIElementTypeOther[1]/XCUIElementTypeOther[1]/XCUIElementTypeOther[1]/XCUIElementTypeOther[1]/XCUIElementTypeOther[1]/XCUIElementTypeOther[1]/XCUIElementTypeOther[1]/XCUIElementTypeOther[1]/XCUIElementTypeOther[1]/XCUIElementTypeOther[1]/XCUIElementTypeOther[1]/XCUIElementTypeOther[2]/XCUIElementTypeOther[1]/XCUIElementTypeOther[1]/XCUIElementTypeOther[1]/XCUIElementTypeOther[1]/XCUIElementTypeOther[1]/XCUIElementTypeOther[2]/XCUIElementTypeOther[1]/XCUIElementTypeOther[2]/XCUIElementTypeOther[1]/XCUIElementTypeOther[1]/XCUIElementTypeOther[1]/XCUIElementTypeOther[2]/XCUIElementTypeOther[4]/XCUIElementTypeOther[1]"}
[38;5;0m[HTTP][0m <-- POST /wd/hub/session/76c4eee9-2c70-42fd-847b-3eca4202641e/elements 200 476 ms - 139
[38;5;0m[HTTP][0m 
[38;5;0m[HTTP][0m [37m-->[39m [37mGET[39m [37m/wd/hub/session/76c4eee9-2c70-42fd-847b-3eca4202641e/element/BD010000-0000-0000-0C26-000000000000/location[39m
[38;5;0m[HTTP][0m {}
[38;5;0m[HTTP][0m <-- GET /wd/hub/session/76c4eee9-2c70-42fd-847b-3eca4202641e/element/BD010000-0000-0000-0C26-000000000000/location 200 72 ms - 26
[38;5;0m[HTTP][0m 
[38;5;0m[HTTP][0m [37m-->[39m [37mPOST[39m [37m/wd/hub/session/76c4eee9-2c70-42fd-847b-3eca4202641e/timeouts[39m
[38;5;0m[HTTP][0m {"implicit":30000}
[38;5;0m[HTTP][0m <-- POST /wd/hub/session/76c4eee9-2c70-42fd-847b-3eca4202641e/timeouts 200 0 ms - 14
[38;5;0m[HTTP][0m 
[38;5;0m[HTTP][0m [37m-->[39m [37mPOST[39m [37m/wd/hub/session/76c4eee9-2c70-42fd-847b-3eca4202641e/element/BD010000-0000-0000-0C26-000000000000/click[39m
[38;5;0m[HTTP][0m {"id":"BD010000-0000-0000-0C26-000000000000"}
[38;5;32m[XCUITestDriver@4dbf (76c4eee9)][0m Driver proxy active, passing request on via HTTP proxy
[38;5;32m[XCUITestDriver@4dbf (76c4eee9)][0m Replacing sessionId 0FBB504A-2292-43C4-8BCC-63777A035444 with 76c4eee9-2c70-42fd-847b-3eca4202641e
[38;5;0m[HTTP][0m <-- POST /wd/hub/session/76c4eee9-2c70-42fd-847b-3eca4202641e/element/BD010000-0000-0000-0C26-000000000000/click 200 463 ms - 65
[38;5;0m[HTTP][0m 
[38;5;0m[HTTP][0m [37m-->[39m [37mPOST[39m [37m/wd/hub/session/76c4eee9-2c70-42fd-847b-3eca4202641e/timeouts[39m
[38;5;0m[HTTP][0m {"implicit":50}
[38;5;0m[HTTP][0m <-- POST /wd/hub/session/76c4eee9-2c70-42fd-847b-3eca4202641e/timeouts 200 0 ms - 14
[38;5;0m[HTTP][0m 
[38;5;0m[HTTP][0m [37m-->[39m [37mGET[39m [37m/wd/hub/session/76c4eee9-2c70-42fd-847b-3eca4202641e/window/rect[39m
[38;5;0m[HTTP][0m {}
[38;5;0m[HTTP][0m <-- GET /wd/hub/session/76c4eee9-2c70-42fd-847b-3eca4202641e/window/rect 200 105 ms - 48
[38;5;0m[HTTP][0m 
[38;5;0m[HTTP][0m [37m-->[39m [37mPOST[39m [37m/wd/hub/session/76c4eee9-2c70-42fd-847b-3eca4202641e/elements[39m
[38;5;0m[HTTP][0m {"using":"xpath","value":"//*[@type = 'XCUIElementTypeOther' and @label = 'UnFreeze patient' and @name = 'UnFreeze patient']"}
[38;5;0m[HTTP][0m <-- POST /wd/hub/session/76c4eee9-2c70-42fd-847b-3eca4202641e/elements 200 727 ms - 139
[38;5;0m[HTTP][0m 
[38;5;0m[HTTP][0m [37m-->[39m [37mGET[39m [37m/wd/hub/session/76c4eee9-2c70-42fd-847b-3eca4202641e/element/E5010000-0000-0000-0C26-000000000000/location[39m
[38;5;0m[HTTP][0m {}
[38;5;0m[HTTP][0m <-- GET /wd/hub/session/76c4eee9-2c70-42fd-847b-3eca4202641e/element/E5010000-0000-0000-0C26-000000000000/location 200 74 ms - 26
[38;5;0m[HTTP][0m 
[38;5;0m[HTTP][0m [37m-->[39m [37mPOST[39m [37m/wd/hub/session/76c4eee9-2c70-42fd-847b-3eca4202641e/timeouts[39m
[38;5;0m[HTTP][0m {"implicit":30000}
[38;5;0m[HTTP][0m <-- POST /wd/hub/session/76c4eee9-2c70-42fd-847b-3eca4202641e/timeouts 200 0 ms - 14
[38;5;0m[HTTP][0m 
[38;5;0m[HTTP][0m [37m-->[39m [37mPOST[39m [37m/wd/hub/session/76c4eee9-2c70-42fd-847b-3eca4202641e/element/E5010000-0000-0000-0C26-000000000000/click[39m
[38;5;0m[HTTP][0m {"id":"E5010000-0000-0000-0C26-000000000000"}
[38;5;32m[XCUITestDriver@4dbf (76c4eee9)][0m Driver proxy active, passing request on via HTTP proxy
[38;5;32m[XCUITestDriver@4dbf (76c4eee9)][0m Replacing sessionId 0FBB504A-2292-43C4-8BCC-63777A035444 with 76c4eee9-2c70-42fd-847b-3eca4202641e
[38;5;0m[HTTP][0m <-- POST /wd/hub/session/76c4eee9-2c70-42fd-847b-3eca4202641e/element/E5010000-0000-0000-0C26-000000000000/click 200 476 ms - 65
[38;5;0m[HTTP][0m 
[38;5;0m[HTTP][0m [37m-->[39m [37mPOST[39m [37m/wd/hub/session/76c4eee9-2c70-42fd-847b-3eca4202641e/timeouts[39m
[38;5;0m[HTTP][0m {"implicit":50}
[38;5;0m[HTTP][0m <-- POST /wd/hub/session/76c4eee9-2c70-42fd-847b-3eca4202641e/timeouts 200 0 ms - 14
[38;5;0m[HTTP][0m 
[38;5;0m[HTTP][0m [37m-->[39m [37mGET[39m [37m/wd/hub/session/76c4eee9-2c70-42fd-847b-3eca4202641e/window/rect[39m
[38;5;0m[HTTP][0m {}
[38;5;0m[HTTP][0m <-- GET /wd/hub/session/76c4eee9-2c70-42fd-847b-3eca4202641e/window/rect 200 103 ms - 48
[38;5;0m[HTTP][0m 
[38;5;0m[HTTP][0m [37m-->[39m [37mPOST[39m [37m/wd/hub/session/76c4eee9-2c70-42fd-847b-3eca4202641e/elements[39m
[38;5;0m[HTTP][0m {"using":"xpath","value":"//*[@type = 'XCUIElementTypeOther' and @label = 'Change patient status to Active ?' and @name = 'Change patient status to Active ?']"}
[38;5;0m[HTTP][0m <-- POST /wd/hub/session/76c4eee9-2c70-42fd-847b-3eca4202641e/elements 200 615 ms - 12
[38;5;0m[HTTP][0m 
[38;5;0m[HTTP][0m [37m-->[39m [37mPOST[39m [37m/wd/hub/session/76c4eee9-2c70-42fd-847b-3eca4202641e/elements[39m
[38;5;0m[HTTP][0m {"using":"xpath","value":"//*[@type = 'XCUIElementTypeOther' and @label = 'Change patient status to Active ?' and @name = 'Change patient status to Active ?']"}
[38;5;0m[HTTP][0m <-- POST /wd/hub/session/76c4eee9-2c70-42fd-847b-3eca4202641e/elements 200 575 ms - 139
[38;5;0m[HTTP][0m 
[38;5;0m[HTTP][0m [37m-->[39m [37mGET[39m [37m/wd/hub/session/76c4eee9-2c70-42fd-847b-3eca4202641e/element/EF010000-0000-0000-0C26-000000000000/location[39m
[38;5;0m[HTTP][0m {}
[38;5;0m[HTTP][0m <-- GET /wd/hub/session/76c4eee9-2c70-42fd-847b-3eca4202641e/element/EF010000-0000-0000-0C26-000000000000/location 200 67 ms - 26
[38;5;0m[HTTP][0m 
[38;5;0m[HTTP][0m [37m-->[39m [37mPOST[39m [37m/wd/hub/session/76c4eee9-2c70-42fd-847b-3eca4202641e/timeouts[39m
[38;5;0m[HTTP][0m {"implicit":30000}
[38;5;0m[HTTP][0m <-- POST /wd/hub/session/76c4eee9-2c70-42fd-847b-3eca4202641e/timeouts 200 0 ms - 14
[38;5;0m[HTTP][0m 
[38;5;0m[HTTP][0m [37m-->[39m [37mGET[39m [37m/wd/hub/session/76c4eee9-2c70-42fd-847b-3eca4202641e/element/EF010000-0000-0000-0C26-000000000000/text[39m
[38;5;0m[HTTP][0m {}
[38;5;32m[XCUITestDriver@4dbf (76c4eee9)][0m Driver proxy active, passing request on via HTTP proxy
[38;5;32m[XCUITestDriver@4dbf (76c4eee9)][0m Replacing sessionId 0FBB504A-2292-43C4-8BCC-63777A035444 with 76c4eee9-2c70-42fd-847b-3eca4202641e
[38;5;0m[HTTP][0m <-- GET /wd/hub/session/76c4eee9-2c70-42fd-847b-3eca4202641e/element/EF010000-0000-0000-0C26-000000000000/text 200 62 ms - 96
[38;5;0m[HTTP][0m 
[38;5;0m[HTTP][0m [37m-->[39m [37mPOST[39m [37m/wd/hub/session/76c4eee9-2c70-42fd-847b-3eca4202641e/timeouts[39m
[38;5;0m[HTTP][0m {"implicit":50}
[38;5;0m[HTTP][0m <-- POST /wd/hub/session/76c4eee9-2c70-42fd-847b-3eca4202641e/timeouts 200 0 ms - 14
[38;5;0m[HTTP][0m 
[38;5;0m[HTTP][0m [37m-->[39m [37mGET[39m [37m/wd/hub/session/76c4eee9-2c70-42fd-847b-3eca4202641e/window/rect[39m
[38;5;0m[HTTP][0m {}
[38;5;0m[HTTP][0m <-- GET /wd/hub/session/76c4eee9-2c70-42fd-847b-3eca4202641e/window/rect 200 79 ms - 48
[38;5;0m[HTTP][0m 
[38;5;0m[HTTP][0m [37m-->[39m [37mPOST[39m [37m/wd/hub/session/76c4eee9-2c70-42fd-847b-3eca4202641e/elements[39m
[38;5;0m[HTTP][0m {"using":"xpath","value":"//*[@type = 'XCUIElementTypeOther' and @label = 'Confirm' and @name = 'Confirm']"}
[38;5;0m[HTTP][0m <-- POST /wd/hub/session/76c4eee9-2c70-42fd-847b-3eca4202641e/elements 200 771 ms - 139
[38;5;0m[HTTP][0m 
[38;5;0m[HTTP][0m [37m-->[39m [37mGET[39m [37m/wd/hub/session/76c4eee9-2c70-42fd-847b-3eca4202641e/element/F1010000-0000-0000-0C26-000000000000/location[39m
[38;5;0m[HTTP][0m {}
[38;5;0m[HTTP][0m <-- GET /wd/hub/session/76c4eee9-2c70-42fd-847b-3eca4202641e/element/F1010000-0000-0000-0C26-000000000000/location 200 88 ms - 26
[38;5;0m[HTTP][0m 
[38;5;0m[HTTP][0m [37m-->[39m [37mPOST[39m [37m/wd/hub/session/76c4eee9-2c70-42fd-847b-3eca4202641e/timeouts[39m
[38;5;0m[HTTP][0m {"implicit":30000}
[38;5;0m[HTTP][0m <-- POST /wd/hub/session/76c4eee9-2c70-42fd-847b-3eca4202641e/timeouts 200 0 ms - 14
[38;5;0m[HTTP][0m 
[38;5;0m[HTTP][0m [37m-->[39m [37mGET[39m [37m/wd/hub/session/76c4eee9-2c70-42fd-847b-3eca4202641e/element/F1010000-0000-0000-0C26-000000000000/text[39m
[38;5;0m[HTTP][0m {}
[38;5;32m[XCUITestDriver@4dbf (76c4eee9)][0m Driver proxy active, passing request on via HTTP proxy
[38;5;32m[XCUITestDriver@4dbf (76c4eee9)][0m Replacing sessionId 0FBB504A-2292-43C4-8BCC-63777A035444 with 76c4eee9-2c70-42fd-847b-3eca4202641e
[38;5;0m[HTTP][0m <-- GET /wd/hub/session/76c4eee9-2c70-42fd-847b-3eca4202641e/element/F1010000-0000-0000-0C26-000000000000/text 200 86 ms - 70
[38;5;0m[HTTP][0m 
[38;5;0m[HTTP][0m [37m-->[39m [37mPOST[39m [37m/wd/hub/session/76c4eee9-2c70-42fd-847b-3eca4202641e/timeouts[39m
[38;5;0m[HTTP][0m {"implicit":50}
[38;5;0m[HTTP][0m <-- POST /wd/hub/session/76c4eee9-2c70-42fd-847b-3eca4202641e/timeouts 200 0 ms - 14
[38;5;0m[HTTP][0m 
[38;5;0m[HTTP][0m [37m-->[39m [37mGET[39m [37m/wd/hub/session/76c4eee9-2c70-42fd-847b-3eca4202641e/window/rect[39m
[38;5;0m[HTTP][0m {}
[38;5;0m[HTTP][0m <-- GET /wd/hub/session/76c4eee9-2c70-42fd-847b-3eca4202641e/window/rect 200 95 ms - 48
[38;5;0m[HTTP][0m 
[38;5;0m[HTTP][0m [37m-->[39m [37mPOST[39m [37m/wd/hub/session/76c4eee9-2c70-42fd-847b-3eca4202641e/elements[39m
[38;5;0m[HTTP][0m {"using":"xpath","value":"//*[@type = 'XCUIElementTypeOther' and @label = 'Cancel' and @name = 'Cancel']"}
[38;5;0m[HTTP][0m <-- POST /wd/hub/session/76c4eee9-2c70-42fd-847b-3eca4202641e/elements 200 581 ms - 139
[38;5;0m[HTTP][0m 
[38;5;0m[HTTP][0m [37m-->[39m [37mGET[39m [37m/wd/hub/session/76c4eee9-2c70-42fd-847b-3eca4202641e/element/F3010000-0000-0000-0C26-000000000000/location[39m
[38;5;0m[HTTP][0m {}
[38;5;0m[HTTP][0m <-- GET /wd/hub/session/76c4eee9-2c70-42fd-847b-3eca4202641e/element/F3010000-0000-0000-0C26-000000000000/location 200 85 ms - 26
[38;5;0m[HTTP][0m 
[38;5;0m[HTTP][0m [37m-->[39m [37mPOST[39m [37m/wd/hub/session/76c4eee9-2c70-42fd-847b-3eca4202641e/timeouts[39m
[38;5;0m[HTTP][0m {"implicit":30000}
[38;5;0m[HTTP][0m <-- POST /wd/hub/session/76c4eee9-2c70-42fd-847b-3eca4202641e/timeouts 200 0 ms - 14
[38;5;0m[HTTP][0m 
[38;5;0m[HTTP][0m [37m-->[39m [37mGET[39m [37m/wd/hub/session/76c4eee9-2c70-42fd-847b-3eca4202641e/element/F3010000-0000-0000-0C26-000000000000/text[39m
[38;5;0m[HTTP][0m {}
[38;5;32m[XCUITestDriver@4dbf (76c4eee9)][0m Driver proxy active, passing request on via HTTP proxy
[38;5;32m[XCUITestDriver@4dbf (76c4eee9)][0m Replacing sessionId 0FBB504A-2292-43C4-8BCC-63777A035444 with 76c4eee9-2c70-42fd-847b-3eca4202641e
[38;5;0m[HTTP][0m <-- GET /wd/hub/session/76c4eee9-2c70-42fd-847b-3eca4202641e/element/F3010000-0000-0000-0C26-000000000000/text 200 90 ms - 69
[38;5;0m[HTTP][0m 
[38;5;0m[HTTP][0m [37m-->[39m [37mPOST[39m [37m/wd/hub/session/76c4eee9-2c70-42fd-847b-3eca4202641e/timeouts[39m
[38;5;0m[HTTP][0m {"implicit":50}
[38;5;0m[HTTP][0m <-- POST /wd/hub/session/76c4eee9-2c70-42fd-847b-3eca4202641e/timeouts 200 0 ms - 14
[38;5;0m[HTTP][0m 
[38;5;0m[HTTP][0m [37m-->[39m [37mGET[39m [37m/wd/hub/session/76c4eee9-2c70-42fd-847b-3eca4202641e/window/rect[39m
[38;5;0m[HTTP][0m {}
[38;5;0m[HTTP][0m <-- GET /wd/hub/session/76c4eee9-2c70-42fd-847b-3eca4202641e/window/rect 200 86 ms - 48
[38;5;0m[HTTP][0m 
[38;5;0m[HTTP][0m [37m-->[39m [37mPOST[39m [37m/wd/hub/session/76c4eee9-2c70-42fd-847b-3eca4202641e/elements[39m
[38;5;0m[HTTP][0m {"using":"xpath","value":"//*[@type = 'XCUIElementTypeOther' and @label = 'Confirm' and @name = 'Confirm']"}
[38;5;0m[HTTP][0m <-- POST /wd/hub/session/76c4eee9-2c70-42fd-847b-3eca4202641e/elements 200 782 ms - 139
[38;5;0m[HTTP][0m 
[38;5;0m[HTTP][0m [37m-->[39m [37mGET[39m [37m/wd/hub/session/76c4eee9-2c70-42fd-847b-3eca4202641e/element/F1010000-0000-0000-0C26-000000000000/location[39m
[38;5;0m[HTTP][0m {}
[38;5;0m[HTTP][0m <-- GET /wd/hub/session/76c4eee9-2c70-42fd-847b-3eca4202641e/element/F1010000-0000-0000-0C26-000000000000/location 200 82 ms - 26
[38;5;0m[HTTP][0m 
[38;5;0m[HTTP][0m [37m-->[39m [37mPOST[39m [37m/wd/hub/session/76c4eee9-2c70-42fd-847b-3eca4202641e/timeouts[39m
[38;5;0m[HTTP][0m {"implicit":30000}
[38;5;0m[HTTP][0m <-- POST /wd/hub/session/76c4eee9-2c70-42fd-847b-3eca4202641e/timeouts 200 0 ms - 14
[38;5;0m[HTTP][0m 
[38;5;0m[HTTP][0m [37m-->[39m [37mPOST[39m [37m/wd/hub/session/76c4eee9-2c70-42fd-847b-3eca4202641e/element/F1010000-0000-0000-0C26-000000000000/click[39m
[38;5;0m[HTTP][0m {"id":"F1010000-0000-0000-0C26-000000000000"}
[38;5;32m[XCUITestDriver@4dbf (76c4eee9)][0m Driver proxy active, passing request on via HTTP proxy
[38;5;32m[XCUITestDriver@4dbf (76c4eee9)][0m Replacing sessionId 0FBB504A-2292-43C4-8BCC-63777A035444 with 76c4eee9-2c70-42fd-847b-3eca4202641e
[38;5;0m[HTTP][0m <-- POST /wd/hub/session/76c4eee9-2c70-42fd-847b-3eca4202641e/element/F1010000-0000-0000-0C26-000000000000/click 200 466 ms - 65
[38;5;0m[HTTP][0m 
[38;5;0m[HTTP][0m [37m-->[39m [37mDELETE[39m [37m/wd/hub/session/76c4eee9-2c70-42fd-847b-3eca4202641e[39m
[38;5;0m[HTTP][0m {}
[38;5;16m[AppiumDriver@f97e][0m Removing session 76c4eee9-2c70-42fd-847b-3eca4202641e from our master session list
[38;5;96m[DevCon Factory][0m Releasing connections for 00008110-00112D590CD0201E device on any port number
[38;5;96m[DevCon Factory][0m Found cached connections to release: ["00008110-00112D590CD0201E:54443"]
[38;5;96m[DevCon Factory][0m Releasing the listener for '00008110-00112D590CD0201E:54443'
[38;5;0m[HTTP][0m <-- DELETE /wd/hub/session/76c4eee9-2c70-42fd-847b-3eca4202641e 200 1130 ms - 14
[38;5;0m[HTTP][0m 
[Appium] Received SIGTERM - shutting down
[38;5;0m[HTTP][0m Waiting until the server is closed
[38;5;0m[HTTP][0m Received server close event
