[35m[Appium][39m Welcome to Appium v2.4.1 (REV 0476c2e5e4f02b409084553896340b2f4ab3352e)
[35m[Appium][39m Non-default server args:
[35m[Appium][39m { basePath: [32m'/wd/hub'[39m, loglevel: [32m'info'[39m, port: [33m62440[39m }
[35m[Appium][39m Attempting to load driver xcuitest...
[35m[Appium][39m Attempting to load driver uiautomator2...
[Appium] Appium REST http interface listener started on http://0.0.0.0:62440/wd/hub
[Appium] You can provide the following URLs in your client code to connect to this server:
[Appium] 	http://127.0.0.1:62440/wd/hub (only accessible from the same host)
[Appium] 	http://192.168.1.33:62440/wd/hub
[Appium] 	http://169.254.84.162:62440/wd/hub
[Appium] Available drivers:
[Appium]   - xcuitest@5.12.2 (automationName 'XCUITest')
[Appium]   - uiautomator2@2.40.0 (automationName 'UiAutomator2')
[Appium] No plugins have been installed. Use the "appium plugin" command to install the one(s) you want to use.
[38;5;0m[HTTP][0m [37m-->[39m [37mGET[39m [37m/wd/hub/status[39m
[38;5;0m[HTTP][0m {}
[38;5;0m[HTTP][0m <-- GET /wd/hub/status 200 2 ms - 199
[38;5;0m[HTTP][0m 
[38;5;0m[HTTP][0m [37m-->[39m [37mPOST[39m [37m/wd/hub/session[39m
[38;5;0m[HTTP][0m {"desiredCapabilities":{"appium:waitForAppScript":"true;","appium:newCommandTimeout":1800,"appium:automationName":"XCUITest","appium:fullReset":true,"appium:platformVersion":"17.4.1","appium:deviceId":"00008110-00112D590CD0201E","appium:noReset":false,"appium:udid":"00008110-00112D590CD0201E","appium:wdaLocalPort":62403,"appium:deviceName":"Safa’s iPhone","platformName":"iOS","appium:app":"/Users/safaamarir/APK/IOS/IS/IS_Preprod_2.2.1_290.ipa"},"capabilities":{"firstMatch":[{"appium:app":"/Users/safaamarir/APK/IOS/IS/IS_Preprod_2.2.1_290.ipa","appium:automationName":"XCUITest","appium:deviceId":"00008110-00112D590CD0201E","appium:deviceName":"Safa’s iPhone","appium:fullReset":true,"appium:newCommandTimeout":1800,"appium:noReset":false,"appium:platformVersion":"17.4.1","appium:udid":"00008110-00112D590CD0201E","appium:waitForAppScript":"true;","appium:wdaLocalPort":62403,"platformName":"ios"}]}}
[Appium] Attempting to find matching driver for automationName 'XCUITest' and platformName 'ios'
[Appium] The 'xcuitest' driver was installed and matched caps.
[Appium] Will require it at /Users/safaamarir/.appium/node_modules/appium-xcuitest-driver
[38;5;16m[AppiumDriver@2dd8][0m Appium v2.4.1 creating new XCUITestDriver (v5.12.2) session
[38;5;16m[AppiumDriver@2dd8][0m Checking BaseDriver versions for Appium and XCUITestDriver
[38;5;16m[AppiumDriver@2dd8][0m Appium's BaseDriver version is 9.5.0
[38;5;16m[AppiumDriver@2dd8][0m XCUITestDriver's BaseDriver version is 9.5.0
[38;5;32m[XCUITestDriver@bb8a][0m The following provided capabilities were not recognized by this driver:
[38;5;32m[XCUITestDriver@bb8a][0m   deviceId
[38;5;32m[XCUITestDriver@bb8a][0m   waitForAppScript
[38;5;32m[XCUITestDriver@bb8a (e6cc2604)][0m Session created with session id: e6cc2604-f04b-4835-bf96-2b5df2386912
[38;5;32m[XCUITestDriver@bb8a (e6cc2604)][0m Determining device to run tests on: udid: '00008110-00112D590CD0201E', real device: true
[38;5;32m[XCUITestDriver@bb8a (e6cc2604)][0m Normalized platformVersion capability value '17.4.1' to '17.4'
[38;5;64m[BaseDriver][0m Using local app '/Users/safaamarir/APK/IOS/IS/IS_Preprod_2.2.1_290.ipa'
[38;5;32m[XCUITestDriver@bb8a (e6cc2604)][0m 'Payload/eKareApp.app' is the resulting application bundle selected from '/Users/safaamarir/APK/IOS/IS/IS_Preprod_2.2.1_290.ipa'
[38;5;32m[XCUITestDriver@bb8a (e6cc2604)][0m Using WDA path: '/Users/safaamarir/.appium/node_modules/appium-xcuitest-driver/node_modules/appium-webdriveragent'
[38;5;32m[XCUITestDriver@bb8a (e6cc2604)][0m Using WDA agent: '/Users/safaamarir/.appium/node_modules/appium-xcuitest-driver/node_modules/appium-webdriveragent/WebDriverAgent.xcodeproj'
[38;5;32m[XCUITestDriver@bb8a (e6cc2604)][0m Setting up real device
[38;5;32m[XCUITestDriver@bb8a (e6cc2604)][0m App 'com.ekareinc.insight.healthcare' is not installed yet or it has an offload and cannot be detected, which might keep the local data.
[38;5;48m[XCUITest][0m App installation succeeded after 11724ms
[38;5;96m[DevCon Factory][0m Requesting connection for device 00008110-00112D590CD0201E on local port 62403, device port 62403
[38;5;96m[DevCon Factory][0m Successfully requested the connection for 00008110-00112D590CD0201E:62403
[38;5;112m[WD Proxy][0m socket hang up
[38;5;32m[XCUITestDriver@bb8a (e6cc2604)][0m Launching WebDriverAgent on the device
[38;5;32m[XCUITestDriver@bb8a (e6cc2604)][0m There is no need to perform the project cleanup. A fresh install has been detected
[38;5;32m[XCUITestDriver@bb8a (e6cc2604)][0m socket hang up
[38;5;32m[XCUITestDriver@bb8a (e6cc2604)][0m socket hang up
[38;5;32m[XCUITestDriver@bb8a (e6cc2604)][0m socket hang up
[38;5;32m[XCUITestDriver@bb8a (e6cc2604)][0m socket hang up
[38;5;32m[XCUITestDriver@bb8a (e6cc2604)][0m socket hang up
[38;5;32m[XCUITestDriver@bb8a (e6cc2604)][0m socket hang up
[38;5;32m[XCUITestDriver@bb8a (e6cc2604)][0m socket hang up
[38;5;32m[XCUITestDriver@bb8a (e6cc2604)][0m socket hang up
[38;5;32m[XCUITestDriver@bb8a (e6cc2604)][0m socket hang up
[38;5;32m[XCUITestDriver@bb8a (e6cc2604)][0m socket hang up
[38;5;32m[XCUITestDriver@bb8a (e6cc2604)][0m socket hang up
[38;5;32m[XCUITestDriver@bb8a (e6cc2604)][0m Determined the downstream protocol as 'W3C'
[38;5;16m[AppiumDriver@2dd8][0m New XCUITestDriver session created successfully, session e6cc2604-f04b-4835-bf96-2b5df2386912 added to master session list
[38;5;0m[HTTP][0m <-- POST /wd/hub/session 200 32156 ms - 624
[38;5;0m[HTTP][0m 
[38;5;0m[HTTP][0m [37m-->[39m [37mGET[39m [37m/wd/hub/session/e6cc2604-f04b-4835-bf96-2b5df2386912[39m
[38;5;0m[HTTP][0m {}
[38;5;0m[HTTP][0m <-- GET /wd/hub/session/e6cc2604-f04b-4835-bf96-2b5df2386912 200 1 ms - 360
[38;5;0m[HTTP][0m 
[38;5;0m[HTTP][0m [37m-->[39m [37mGET[39m [37m/wd/hub/session/e6cc2604-f04b-4835-bf96-2b5df2386912[39m
[38;5;0m[HTTP][0m {}
[38;5;0m[HTTP][0m <-- GET /wd/hub/session/e6cc2604-f04b-4835-bf96-2b5df2386912 200 0 ms - 360
[38;5;0m[HTTP][0m 
[38;5;0m[HTTP][0m [37m-->[39m [37mGET[39m [37m/wd/hub/status[39m
[38;5;0m[HTTP][0m {}
[38;5;0m[HTTP][0m <-- GET /wd/hub/status 200 1 ms - 199
[38;5;0m[HTTP][0m 
[38;5;0m[HTTP][0m [37m-->[39m [37mPOST[39m [37m/wd/hub/session/e6cc2604-f04b-4835-bf96-2b5df2386912/timeouts[39m
[38;5;0m[HTTP][0m {"implicit":30000}
[38;5;0m[HTTP][0m <-- POST /wd/hub/session/e6cc2604-f04b-4835-bf96-2b5df2386912/timeouts 200 1 ms - 14
[38;5;0m[HTTP][0m 
[38;5;0m[HTTP][0m [37m-->[39m [37mPOST[39m [37m/wd/hub/session/e6cc2604-f04b-4835-bf96-2b5df2386912/execute/sync[39m
[38;5;0m[HTTP][0m {"script":"mobile: deviceScreenInfo","args":[]}
[38;5;0m[HTTP][0m <-- POST /wd/hub/session/e6cc2604-f04b-4835-bf96-2b5df2386912/execute/sync 200 233 ms - 63
[38;5;0m[HTTP][0m 
[38;5;0m[HTTP][0m [37m-->[39m [37mPOST[39m [37m/wd/hub/session/e6cc2604-f04b-4835-bf96-2b5df2386912/execute/sync[39m
[38;5;0m[HTTP][0m {"script":"mobile: deviceScreenInfo","args":[]}
[38;5;0m[HTTP][0m <-- POST /wd/hub/session/e6cc2604-f04b-4835-bf96-2b5df2386912/execute/sync 200 3 ms - 63
[38;5;0m[HTTP][0m 
[38;5;0m[HTTP][0m [37m-->[39m [37mPOST[39m [37m/wd/hub/session/e6cc2604-f04b-4835-bf96-2b5df2386912/timeouts[39m
[38;5;0m[HTTP][0m {"implicit":50}
[38;5;0m[HTTP][0m <-- POST /wd/hub/session/e6cc2604-f04b-4835-bf96-2b5df2386912/timeouts 200 1 ms - 14
[38;5;0m[HTTP][0m 
[38;5;0m[HTTP][0m [37m-->[39m [37mGET[39m [37m/wd/hub/session/e6cc2604-f04b-4835-bf96-2b5df2386912/window/rect[39m
[38;5;0m[HTTP][0m {}
[38;5;0m[HTTP][0m <-- GET /wd/hub/session/e6cc2604-f04b-4835-bf96-2b5df2386912/window/rect 200 112 ms - 48
[38;5;0m[HTTP][0m 
[38;5;0m[HTTP][0m [37m-->[39m [37mPOST[39m [37m/wd/hub/session/e6cc2604-f04b-4835-bf96-2b5df2386912/elements[39m
[38;5;0m[HTTP][0m {"using":"xpath","value":"//*[@type = 'XCUIElementTypeButton' and @label = 'Allow' and @name = 'Allow']"}
[38;5;0m[HTTP][0m <-- POST /wd/hub/session/e6cc2604-f04b-4835-bf96-2b5df2386912/elements 200 462 ms - 139
[38;5;0m[HTTP][0m 
[38;5;0m[HTTP][0m [37m-->[39m [37mGET[39m [37m/wd/hub/session/e6cc2604-f04b-4835-bf96-2b5df2386912/element/55060000-0000-0000-2400-000000000000/location[39m
[38;5;0m[HTTP][0m {}
[38;5;0m[HTTP][0m <-- GET /wd/hub/session/e6cc2604-f04b-4835-bf96-2b5df2386912/element/55060000-0000-0000-2400-000000000000/location 200 71 ms - 27
[38;5;0m[HTTP][0m 
[38;5;0m[HTTP][0m [37m-->[39m [37mPOST[39m [37m/wd/hub/session/e6cc2604-f04b-4835-bf96-2b5df2386912/timeouts[39m
[38;5;0m[HTTP][0m {"implicit":30000}
[38;5;0m[HTTP][0m <-- POST /wd/hub/session/e6cc2604-f04b-4835-bf96-2b5df2386912/timeouts 200 0 ms - 14
[38;5;0m[HTTP][0m 
[38;5;0m[HTTP][0m [37m-->[39m [37mPOST[39m [37m/wd/hub/session/e6cc2604-f04b-4835-bf96-2b5df2386912/element/55060000-0000-0000-2400-000000000000/click[39m
[38;5;0m[HTTP][0m {"id":"55060000-0000-0000-2400-000000000000"}
[38;5;32m[XCUITestDriver@bb8a (e6cc2604)][0m Driver proxy active, passing request on via HTTP proxy
[38;5;32m[XCUITestDriver@bb8a (e6cc2604)][0m Replacing sessionId 223CD3E7-3EF0-4C95-A62A-8DE695D2FE2F with e6cc2604-f04b-4835-bf96-2b5df2386912
[38;5;0m[HTTP][0m <-- POST /wd/hub/session/e6cc2604-f04b-4835-bf96-2b5df2386912/element/55060000-0000-0000-2400-000000000000/click 200 770 ms - 65
[38;5;0m[HTTP][0m 
[38;5;0m[HTTP][0m [37m-->[39m [37mPOST[39m [37m/wd/hub/session/e6cc2604-f04b-4835-bf96-2b5df2386912/timeouts[39m
[38;5;0m[HTTP][0m {"implicit":50}
[38;5;0m[HTTP][0m <-- POST /wd/hub/session/e6cc2604-f04b-4835-bf96-2b5df2386912/timeouts 200 1 ms - 14
[38;5;0m[HTTP][0m 
[38;5;0m[HTTP][0m [37m-->[39m [37mGET[39m [37m/wd/hub/session/e6cc2604-f04b-4835-bf96-2b5df2386912/window/rect[39m
[38;5;0m[HTTP][0m {}
[38;5;0m[HTTP][0m <-- GET /wd/hub/session/e6cc2604-f04b-4835-bf96-2b5df2386912/window/rect 200 106 ms - 48
[38;5;0m[HTTP][0m 
[38;5;0m[HTTP][0m [37m-->[39m [37mPOST[39m [37m/wd/hub/session/e6cc2604-f04b-4835-bf96-2b5df2386912/elements[39m
[38;5;0m[HTTP][0m {"using":"xpath","value":"//*[@type = 'XCUIElementTypeTextField']"}
[38;5;0m[HTTP][0m <-- POST /wd/hub/session/e6cc2604-f04b-4835-bf96-2b5df2386912/elements 200 217 ms - 139
[38;5;0m[HTTP][0m 
[38;5;0m[HTTP][0m [37m-->[39m [37mGET[39m [37m/wd/hub/session/e6cc2604-f04b-4835-bf96-2b5df2386912/element/34000000-0000-0000-FC15-000000000000/location[39m
[38;5;0m[HTTP][0m {}
[38;5;0m[HTTP][0m <-- GET /wd/hub/session/e6cc2604-f04b-4835-bf96-2b5df2386912/element/34000000-0000-0000-FC15-000000000000/location 200 53 ms - 26
[38;5;0m[HTTP][0m 
[38;5;0m[HTTP][0m [37m-->[39m [37mPOST[39m [37m/wd/hub/session/e6cc2604-f04b-4835-bf96-2b5df2386912/timeouts[39m
[38;5;0m[HTTP][0m {"implicit":30000}
[38;5;0m[HTTP][0m <-- POST /wd/hub/session/e6cc2604-f04b-4835-bf96-2b5df2386912/timeouts 200 0 ms - 14
[38;5;0m[HTTP][0m 
[38;5;0m[HTTP][0m [37m-->[39m [37mPOST[39m [37m/wd/hub/session/e6cc2604-f04b-4835-bf96-2b5df2386912/element/34000000-0000-0000-FC15-000000000000/clear[39m
[38;5;0m[HTTP][0m {"id":"34000000-0000-0000-FC15-000000000000"}
[38;5;0m[HTTP][0m <-- POST /wd/hub/session/e6cc2604-f04b-4835-bf96-2b5df2386912/element/34000000-0000-0000-FC15-000000000000/clear 200 42 ms - 14
[38;5;0m[HTTP][0m 
[38;5;0m[HTTP][0m [37m-->[39m [37mPOST[39m [37m/wd/hub/session/e6cc2604-f04b-4835-bf96-2b5df2386912/element/34000000-0000-0000-FC15-000000000000/click[39m
[38;5;0m[HTTP][0m {"id":"34000000-0000-0000-FC15-000000000000"}
[38;5;32m[XCUITestDriver@bb8a (e6cc2604)][0m Driver proxy active, passing request on via HTTP proxy
[38;5;32m[XCUITestDriver@bb8a (e6cc2604)][0m Replacing sessionId 223CD3E7-3EF0-4C95-A62A-8DE695D2FE2F with e6cc2604-f04b-4835-bf96-2b5df2386912
[38;5;0m[HTTP][0m <-- POST /wd/hub/session/e6cc2604-f04b-4835-bf96-2b5df2386912/element/34000000-0000-0000-FC15-000000000000/click 200 886 ms - 65
[38;5;0m[HTTP][0m 
[38;5;0m[HTTP][0m [37m-->[39m [37mPOST[39m [37m/wd/hub/session/e6cc2604-f04b-4835-bf96-2b5df2386912/element/34000000-0000-0000-FC15-000000000000/value[39m
[38;5;0m[HTTP][0m {"id":"34000000-0000-0000-FC15-000000000000","text":"katalon","value":["k","a","t","a","l","o","n"]}
[38;5;0m[HTTP][0m <-- POST /wd/hub/session/e6cc2604-f04b-4835-bf96-2b5df2386912/element/34000000-0000-0000-FC15-000000000000/value 200 508 ms - 14
[38;5;0m[HTTP][0m 
[38;5;0m[HTTP][0m [37m-->[39m [37mPOST[39m [37m/wd/hub/session/e6cc2604-f04b-4835-bf96-2b5df2386912/timeouts[39m
[38;5;0m[HTTP][0m {"implicit":50}
[38;5;0m[HTTP][0m <-- POST /wd/hub/session/e6cc2604-f04b-4835-bf96-2b5df2386912/timeouts 200 0 ms - 14
[38;5;0m[HTTP][0m 
[38;5;0m[HTTP][0m [37m-->[39m [37mGET[39m [37m/wd/hub/session/e6cc2604-f04b-4835-bf96-2b5df2386912/window/rect[39m
[38;5;0m[HTTP][0m {}
[38;5;0m[HTTP][0m <-- GET /wd/hub/session/e6cc2604-f04b-4835-bf96-2b5df2386912/window/rect 200 115 ms - 48
[38;5;0m[HTTP][0m 
[38;5;0m[HTTP][0m [37m-->[39m [37mPOST[39m [37m/wd/hub/session/e6cc2604-f04b-4835-bf96-2b5df2386912/elements[39m
[38;5;0m[HTTP][0m {"using":"xpath","value":"//*[@type = 'XCUIElementTypeSecureTextField']"}
[38;5;0m[HTTP][0m <-- POST /wd/hub/session/e6cc2604-f04b-4835-bf96-2b5df2386912/elements 200 427 ms - 139
[38;5;0m[HTTP][0m 
[38;5;0m[HTTP][0m [37m-->[39m [37mGET[39m [37m/wd/hub/session/e6cc2604-f04b-4835-bf96-2b5df2386912/element/35000000-0000-0000-FC15-000000000000/location[39m
[38;5;0m[HTTP][0m {}
[38;5;0m[HTTP][0m <-- GET /wd/hub/session/e6cc2604-f04b-4835-bf96-2b5df2386912/element/35000000-0000-0000-FC15-000000000000/location 200 78 ms - 26
[38;5;0m[HTTP][0m 
[38;5;0m[HTTP][0m [37m-->[39m [37mPOST[39m [37m/wd/hub/session/e6cc2604-f04b-4835-bf96-2b5df2386912/timeouts[39m
[38;5;0m[HTTP][0m {"implicit":30000}
[38;5;0m[HTTP][0m <-- POST /wd/hub/session/e6cc2604-f04b-4835-bf96-2b5df2386912/timeouts 200 0 ms - 14
[38;5;0m[HTTP][0m 
[38;5;0m[HTTP][0m [37m-->[39m [37mPOST[39m [37m/wd/hub/session/e6cc2604-f04b-4835-bf96-2b5df2386912/element/35000000-0000-0000-FC15-000000000000/clear[39m
[38;5;0m[HTTP][0m {"id":"35000000-0000-0000-FC15-000000000000"}
[38;5;0m[HTTP][0m <-- POST /wd/hub/session/e6cc2604-f04b-4835-bf96-2b5df2386912/element/35000000-0000-0000-FC15-000000000000/clear 200 79 ms - 14
[38;5;0m[HTTP][0m 
[38;5;0m[HTTP][0m [37m-->[39m [37mPOST[39m [37m/wd/hub/session/e6cc2604-f04b-4835-bf96-2b5df2386912/element/35000000-0000-0000-FC15-000000000000/click[39m
[38;5;0m[HTTP][0m {"id":"35000000-0000-0000-FC15-000000000000"}
[38;5;32m[XCUITestDriver@bb8a (e6cc2604)][0m Driver proxy active, passing request on via HTTP proxy
[38;5;32m[XCUITestDriver@bb8a (e6cc2604)][0m Replacing sessionId 223CD3E7-3EF0-4C95-A62A-8DE695D2FE2F with e6cc2604-f04b-4835-bf96-2b5df2386912
[38;5;0m[HTTP][0m <-- POST /wd/hub/session/e6cc2604-f04b-4835-bf96-2b5df2386912/element/35000000-0000-0000-FC15-000000000000/click 200 475 ms - 65
[38;5;0m[HTTP][0m 
[38;5;0m[HTTP][0m [37m-->[39m [37mPOST[39m [37m/wd/hub/session/e6cc2604-f04b-4835-bf96-2b5df2386912/element/35000000-0000-0000-FC15-000000000000/value[39m
[38;5;0m[HTTP][0m {"id":"35000000-0000-0000-FC15-000000000000","text":"eKare123@","value":["e","K","a","r","e","1","2","3","@"]}
[38;5;0m[HTTP][0m <-- POST /wd/hub/session/e6cc2604-f04b-4835-bf96-2b5df2386912/element/35000000-0000-0000-FC15-000000000000/value 200 469 ms - 14
[38;5;0m[HTTP][0m 
[38;5;0m[HTTP][0m [37m-->[39m [37mPOST[39m [37m/wd/hub/session/e6cc2604-f04b-4835-bf96-2b5df2386912/timeouts[39m
[38;5;0m[HTTP][0m {"implicit":50}
[38;5;0m[HTTP][0m <-- POST /wd/hub/session/e6cc2604-f04b-4835-bf96-2b5df2386912/timeouts 200 0 ms - 14
[38;5;0m[HTTP][0m 
[38;5;0m[HTTP][0m [37m-->[39m [37mGET[39m [37m/wd/hub/session/e6cc2604-f04b-4835-bf96-2b5df2386912/window/rect[39m
[38;5;0m[HTTP][0m {}
[38;5;0m[HTTP][0m <-- GET /wd/hub/session/e6cc2604-f04b-4835-bf96-2b5df2386912/window/rect 200 109 ms - 48
[38;5;0m[HTTP][0m 
[38;5;0m[HTTP][0m [37m-->[39m [37mPOST[39m [37m/wd/hub/session/e6cc2604-f04b-4835-bf96-2b5df2386912/elements[39m
[38;5;0m[HTTP][0m {"using":"xpath","value":"//*[@type = 'XCUIElementTypeOther' and @label = 'SIGN IN' and @name = 'SIGN IN']"}
[38;5;0m[HTTP][0m <-- POST /wd/hub/session/e6cc2604-f04b-4835-bf96-2b5df2386912/elements 200 663 ms - 139
[38;5;0m[HTTP][0m 
[38;5;0m[HTTP][0m [37m-->[39m [37mGET[39m [37m/wd/hub/session/e6cc2604-f04b-4835-bf96-2b5df2386912/element/1B000000-0000-0000-FC15-000000000000/location[39m
[38;5;0m[HTTP][0m {}
[38;5;0m[HTTP][0m <-- GET /wd/hub/session/e6cc2604-f04b-4835-bf96-2b5df2386912/element/1B000000-0000-0000-FC15-000000000000/location 200 77 ms - 26
[38;5;0m[HTTP][0m 
[38;5;0m[HTTP][0m [37m-->[39m [37mPOST[39m [37m/wd/hub/session/e6cc2604-f04b-4835-bf96-2b5df2386912/timeouts[39m
[38;5;0m[HTTP][0m {"implicit":30000}
[38;5;0m[HTTP][0m <-- POST /wd/hub/session/e6cc2604-f04b-4835-bf96-2b5df2386912/timeouts 200 1 ms - 14
[38;5;0m[HTTP][0m 
[38;5;0m[HTTP][0m [37m-->[39m [37mPOST[39m [37m/wd/hub/session/e6cc2604-f04b-4835-bf96-2b5df2386912/element/1B000000-0000-0000-FC15-000000000000/click[39m
[38;5;0m[HTTP][0m {"id":"1B000000-0000-0000-FC15-000000000000"}
[38;5;32m[XCUITestDriver@bb8a (e6cc2604)][0m Driver proxy active, passing request on via HTTP proxy
[38;5;32m[XCUITestDriver@bb8a (e6cc2604)][0m Replacing sessionId 223CD3E7-3EF0-4C95-A62A-8DE695D2FE2F with e6cc2604-f04b-4835-bf96-2b5df2386912
[38;5;0m[HTTP][0m <-- POST /wd/hub/session/e6cc2604-f04b-4835-bf96-2b5df2386912/element/1B000000-0000-0000-FC15-000000000000/click 200 824 ms - 65
[38;5;0m[HTTP][0m 
[38;5;0m[HTTP][0m [37m-->[39m [37mPOST[39m [37m/wd/hub/session/e6cc2604-f04b-4835-bf96-2b5df2386912/timeouts[39m
[38;5;0m[HTTP][0m {"implicit":50}
[38;5;0m[HTTP][0m <-- POST /wd/hub/session/e6cc2604-f04b-4835-bf96-2b5df2386912/timeouts 200 1 ms - 14
[38;5;0m[HTTP][0m 
[38;5;0m[HTTP][0m [37m-->[39m [37mGET[39m [37m/wd/hub/session/e6cc2604-f04b-4835-bf96-2b5df2386912/window/rect[39m
[38;5;0m[HTTP][0m {}
[38;5;0m[HTTP][0m <-- GET /wd/hub/session/e6cc2604-f04b-4835-bf96-2b5df2386912/window/rect 200 58 ms - 48
[38;5;0m[HTTP][0m 
[38;5;0m[HTTP][0m [37m-->[39m [37mPOST[39m [37m/wd/hub/session/e6cc2604-f04b-4835-bf96-2b5df2386912/elements[39m
[38;5;0m[HTTP][0m {"using":"xpath","value":"//XCUIElementTypeApplication/XCUIElementTypeWindow[1]/XCUIElementTypeOther[2]/XCUIElementTypeOther[1]/XCUIElementTypeOther[1]/XCUIElementTypeOther[2]/XCUIElementTypeOther[1]/XCUIElementTypeOther[1]/XCUIElementTypeOther[1]/XCUIElementTypeScrollView[1]/XCUIElementTypeOther[1]/XCUIElementTypeOther[1]/XCUIElementTypeOther[2]"}
[38;5;0m[HTTP][0m <-- POST /wd/hub/session/e6cc2604-f04b-4835-bf96-2b5df2386912/elements 200 378 ms - 139
[38;5;0m[HTTP][0m 
[38;5;0m[HTTP][0m [37m-->[39m [37mGET[39m [37m/wd/hub/session/e6cc2604-f04b-4835-bf96-2b5df2386912/element/92000000-0000-0000-FC15-000000000000/location[39m
[38;5;0m[HTTP][0m {}
[38;5;0m[HTTP][0m <-- GET /wd/hub/session/e6cc2604-f04b-4835-bf96-2b5df2386912/element/92000000-0000-0000-FC15-000000000000/location 200 67 ms - 26
[38;5;0m[HTTP][0m 
[38;5;0m[HTTP][0m [37m-->[39m [37mPOST[39m [37m/wd/hub/session/e6cc2604-f04b-4835-bf96-2b5df2386912/timeouts[39m
[38;5;0m[HTTP][0m {"implicit":30000}
[38;5;0m[HTTP][0m <-- POST /wd/hub/session/e6cc2604-f04b-4835-bf96-2b5df2386912/timeouts 200 0 ms - 14
[38;5;0m[HTTP][0m 
[38;5;0m[HTTP][0m [37m-->[39m [37mPOST[39m [37m/wd/hub/session/e6cc2604-f04b-4835-bf96-2b5df2386912/element/92000000-0000-0000-FC15-000000000000/click[39m
[38;5;0m[HTTP][0m {"id":"92000000-0000-0000-FC15-000000000000"}
[38;5;32m[XCUITestDriver@bb8a (e6cc2604)][0m Driver proxy active, passing request on via HTTP proxy
[38;5;32m[XCUITestDriver@bb8a (e6cc2604)][0m Replacing sessionId 223CD3E7-3EF0-4C95-A62A-8DE695D2FE2F with e6cc2604-f04b-4835-bf96-2b5df2386912
[38;5;0m[HTTP][0m <-- POST /wd/hub/session/e6cc2604-f04b-4835-bf96-2b5df2386912/element/92000000-0000-0000-FC15-000000000000/click 200 425 ms - 65
[38;5;0m[HTTP][0m 
[38;5;0m[HTTP][0m [37m-->[39m [37mGET[39m [37m/wd/hub/session/e6cc2604-f04b-4835-bf96-2b5df2386912/context[39m
[38;5;0m[HTTP][0m {}
[38;5;0m[HTTP][0m <-- GET /wd/hub/session/e6cc2604-f04b-4835-bf96-2b5df2386912/context 200 1 ms - 22
[38;5;0m[HTTP][0m 
[38;5;0m[HTTP][0m [37m-->[39m [37mGET[39m [37m/wd/hub/session/e6cc2604-f04b-4835-bf96-2b5df2386912/contexts[39m
[38;5;0m[HTTP][0m {}
[38;5;160m[RemoteDebugger][0m Remote Debugger version 10.2.0
[38;5;160m[RemoteDebugger][0m Setting communication protocol: using Target-based communication
[38;5;0m[HTTP][0m <-- GET /wd/hub/session/e6cc2604-f04b-4835-bf96-2b5df2386912/contexts 200 115 ms - 24
[38;5;0m[HTTP][0m 
[38;5;0m[HTTP][0m [37m-->[39m [37mPOST[39m [37m/wd/hub/session/e6cc2604-f04b-4835-bf96-2b5df2386912/context[39m
[38;5;0m[HTTP][0m {"name":"NATIVE_APP"}
[38;5;0m[HTTP][0m <-- POST /wd/hub/session/e6cc2604-f04b-4835-bf96-2b5df2386912/context 200 1 ms - 14
[38;5;0m[HTTP][0m 
[38;5;0m[HTTP][0m [37m-->[39m [37mPOST[39m [37m/wd/hub/session/e6cc2604-f04b-4835-bf96-2b5df2386912/elements[39m
[38;5;0m[HTTP][0m {"using":"xpath","value":"//*[contains(@label, 'Generate, Report') or contains(@text, 'Generate, Report')]"}
[38;5;0m[HTTP][0m <-- POST /wd/hub/session/e6cc2604-f04b-4835-bf96-2b5df2386912/elements 200 2156 ms - 2699
[38;5;0m[HTTP][0m 
[38;5;0m[HTTP][0m [37m-->[39m [37mPOST[39m [37m/wd/hub/session/e6cc2604-f04b-4835-bf96-2b5df2386912/execute/sync[39m
[38;5;0m[HTTP][0m {"script":"mobile:scroll","args":[{"toVisible":"Generate, Report","element":"08000000-0000-0000-FC15-000000000000"}]}
[38;5;32m[XCUITestDriver@bb8a (e6cc2604)][0m Proxying to WDA with an unknown route: POST /wda/element/08000000-0000-0000-FC15-000000000000/scroll
[38;5;0m[HTTP][0m <-- POST /wd/hub/session/e6cc2604-f04b-4835-bf96-2b5df2386912/execute/sync 200 249 ms - 14
[38;5;0m[HTTP][0m 
[38;5;0m[HTTP][0m [37m-->[39m [37mPOST[39m [37m/wd/hub/session/e6cc2604-f04b-4835-bf96-2b5df2386912/context[39m
[38;5;0m[HTTP][0m {"name":"NATIVE_APP"}
[38;5;0m[HTTP][0m <-- POST /wd/hub/session/e6cc2604-f04b-4835-bf96-2b5df2386912/context 200 0 ms - 14
[38;5;0m[HTTP][0m 
[38;5;0m[HTTP][0m [37m-->[39m [37mPOST[39m [37m/wd/hub/session/e6cc2604-f04b-4835-bf96-2b5df2386912/timeouts[39m
[38;5;0m[HTTP][0m {"implicit":50}
[38;5;0m[HTTP][0m <-- POST /wd/hub/session/e6cc2604-f04b-4835-bf96-2b5df2386912/timeouts 200 1 ms - 14
[38;5;0m[HTTP][0m 
[38;5;0m[HTTP][0m [37m-->[39m [37mGET[39m [37m/wd/hub/session/e6cc2604-f04b-4835-bf96-2b5df2386912/window/rect[39m
[38;5;0m[HTTP][0m {}
[38;5;0m[HTTP][0m <-- GET /wd/hub/session/e6cc2604-f04b-4835-bf96-2b5df2386912/window/rect 200 133 ms - 48
[38;5;0m[HTTP][0m 
[38;5;0m[HTTP][0m [37m-->[39m [37mPOST[39m [37m/wd/hub/session/e6cc2604-f04b-4835-bf96-2b5df2386912/elements[39m
[38;5;0m[HTTP][0m {"using":"xpath","value":"//*[@type = 'XCUIElementTypeOther' and @label = 'Generate, Report 01/08/2023 24M  /  MRN: 11ui No Consent' and @name = 'Generate, Report 01/08/2023 24M  /  MRN: 11ui No Consent']"}
[38;5;0m[HTTP][0m <-- POST /wd/hub/session/e6cc2604-f04b-4835-bf96-2b5df2386912/elements 200 1252 ms - 523
[38;5;0m[HTTP][0m 
[38;5;0m[HTTP][0m [37m-->[39m [37mGET[39m [37m/wd/hub/session/e6cc2604-f04b-4835-bf96-2b5df2386912/element/E9000000-0000-0000-FC15-000000000000/location[39m
[38;5;0m[HTTP][0m {}
[38;5;0m[HTTP][0m <-- GET /wd/hub/session/e6cc2604-f04b-4835-bf96-2b5df2386912/element/E9000000-0000-0000-FC15-000000000000/location 200 89 ms - 26
[38;5;0m[HTTP][0m 
[38;5;0m[HTTP][0m [37m-->[39m [37mPOST[39m [37m/wd/hub/session/e6cc2604-f04b-4835-bf96-2b5df2386912/elements[39m
[38;5;0m[HTTP][0m {"using":"xpath","value":"//*[@type = 'XCUIElementTypeOther' and @label = 'Generate, Report 01/08/2023 24M  /  MRN: 11ui No Consent' and @name = 'Generate, Report 01/08/2023 24M  /  MRN: 11ui No Consent']"}
[38;5;0m[HTTP][0m <-- POST /wd/hub/session/e6cc2604-f04b-4835-bf96-2b5df2386912/elements 200 1147 ms - 523
[38;5;0m[HTTP][0m 
[38;5;0m[HTTP][0m [37m-->[39m [37mGET[39m [37m/wd/hub/session/e6cc2604-f04b-4835-bf96-2b5df2386912/element/E9000000-0000-0000-FC15-000000000000/location[39m
[38;5;0m[HTTP][0m {}
[38;5;0m[HTTP][0m <-- GET /wd/hub/session/e6cc2604-f04b-4835-bf96-2b5df2386912/element/E9000000-0000-0000-FC15-000000000000/location 200 85 ms - 26
[38;5;0m[HTTP][0m 
[38;5;0m[HTTP][0m [37m-->[39m [37mPOST[39m [37m/wd/hub/session/e6cc2604-f04b-4835-bf96-2b5df2386912/elements[39m
[38;5;0m[HTTP][0m {"using":"xpath","value":"//*[@type = 'XCUIElementTypeOther' and @label = 'Generate, Report 01/08/2023 24M  /  MRN: 11ui No Consent' and @name = 'Generate, Report 01/08/2023 24M  /  MRN: 11ui No Consent']"}
[38;5;0m[HTTP][0m <-- POST /wd/hub/session/e6cc2604-f04b-4835-bf96-2b5df2386912/elements 200 1144 ms - 523
[38;5;0m[HTTP][0m 
[38;5;0m[HTTP][0m [37m-->[39m [37mGET[39m [37m/wd/hub/session/e6cc2604-f04b-4835-bf96-2b5df2386912/element/E9000000-0000-0000-FC15-000000000000/location[39m
[38;5;0m[HTTP][0m {}
[38;5;0m[HTTP][0m <-- GET /wd/hub/session/e6cc2604-f04b-4835-bf96-2b5df2386912/element/E9000000-0000-0000-FC15-000000000000/location 200 90 ms - 26
[38;5;0m[HTTP][0m 
[38;5;0m[HTTP][0m [37m-->[39m [37mPOST[39m [37m/wd/hub/session/e6cc2604-f04b-4835-bf96-2b5df2386912/elements[39m
[38;5;0m[HTTP][0m {"using":"xpath","value":"//*[@type = 'XCUIElementTypeOther' and @label = 'Generate, Report 01/08/2023 24M  /  MRN: 11ui No Consent' and @name = 'Generate, Report 01/08/2023 24M  /  MRN: 11ui No Consent']"}
[38;5;0m[HTTP][0m <-- POST /wd/hub/session/e6cc2604-f04b-4835-bf96-2b5df2386912/elements 200 1114 ms - 523
[38;5;0m[HTTP][0m 
[38;5;0m[HTTP][0m [37m-->[39m [37mGET[39m [37m/wd/hub/session/e6cc2604-f04b-4835-bf96-2b5df2386912/element/E9000000-0000-0000-FC15-000000000000/location[39m
[38;5;0m[HTTP][0m {}
[38;5;0m[HTTP][0m <-- GET /wd/hub/session/e6cc2604-f04b-4835-bf96-2b5df2386912/element/E9000000-0000-0000-FC15-000000000000/location 200 85 ms - 26
[38;5;0m[HTTP][0m 
[38;5;0m[HTTP][0m [37m-->[39m [37mPOST[39m [37m/wd/hub/session/e6cc2604-f04b-4835-bf96-2b5df2386912/elements[39m
[38;5;0m[HTTP][0m {"using":"xpath","value":"//*[@type = 'XCUIElementTypeOther' and @label = 'Generate, Report 01/08/2023 24M  /  MRN: 11ui No Consent' and @name = 'Generate, Report 01/08/2023 24M  /  MRN: 11ui No Consent']"}
[38;5;0m[HTTP][0m <-- POST /wd/hub/session/e6cc2604-f04b-4835-bf96-2b5df2386912/elements 200 1101 ms - 523
[38;5;0m[HTTP][0m 
[38;5;0m[HTTP][0m [37m-->[39m [37mGET[39m [37m/wd/hub/session/e6cc2604-f04b-4835-bf96-2b5df2386912/element/E9000000-0000-0000-FC15-000000000000/location[39m
[38;5;0m[HTTP][0m {}
[38;5;0m[HTTP][0m <-- GET /wd/hub/session/e6cc2604-f04b-4835-bf96-2b5df2386912/element/E9000000-0000-0000-FC15-000000000000/location 200 90 ms - 26
[38;5;0m[HTTP][0m 
[38;5;0m[HTTP][0m [37m-->[39m [37mPOST[39m [37m/wd/hub/session/e6cc2604-f04b-4835-bf96-2b5df2386912/elements[39m
[38;5;0m[HTTP][0m {"using":"xpath","value":"//*[@type = 'XCUIElementTypeOther' and @label = 'Generate, Report 01/08/2023 24M  /  MRN: 11ui No Consent' and @name = 'Generate, Report 01/08/2023 24M  /  MRN: 11ui No Consent']"}
[38;5;0m[HTTP][0m <-- POST /wd/hub/session/e6cc2604-f04b-4835-bf96-2b5df2386912/elements 200 1139 ms - 523
[38;5;0m[HTTP][0m 
[38;5;0m[HTTP][0m [37m-->[39m [37mGET[39m [37m/wd/hub/session/e6cc2604-f04b-4835-bf96-2b5df2386912/element/E9000000-0000-0000-FC15-000000000000/location[39m
[38;5;0m[HTTP][0m {}
[38;5;0m[HTTP][0m <-- GET /wd/hub/session/e6cc2604-f04b-4835-bf96-2b5df2386912/element/E9000000-0000-0000-FC15-000000000000/location 200 90 ms - 26
[38;5;0m[HTTP][0m 
[38;5;0m[HTTP][0m [37m-->[39m [37mPOST[39m [37m/wd/hub/session/e6cc2604-f04b-4835-bf96-2b5df2386912/elements[39m
[38;5;0m[HTTP][0m {"using":"xpath","value":"//*[@type = 'XCUIElementTypeOther' and @label = 'Generate, Report 01/08/2023 24M  /  MRN: 11ui No Consent' and @name = 'Generate, Report 01/08/2023 24M  /  MRN: 11ui No Consent']"}
[38;5;0m[HTTP][0m <-- POST /wd/hub/session/e6cc2604-f04b-4835-bf96-2b5df2386912/elements 200 1110 ms - 523
[38;5;0m[HTTP][0m 
[38;5;0m[HTTP][0m [37m-->[39m [37mGET[39m [37m/wd/hub/session/e6cc2604-f04b-4835-bf96-2b5df2386912/element/E9000000-0000-0000-FC15-000000000000/location[39m
[38;5;0m[HTTP][0m {}
[38;5;0m[HTTP][0m <-- GET /wd/hub/session/e6cc2604-f04b-4835-bf96-2b5df2386912/element/E9000000-0000-0000-FC15-000000000000/location 200 49 ms - 26
[38;5;0m[HTTP][0m 
[38;5;0m[HTTP][0m [37m-->[39m [37mPOST[39m [37m/wd/hub/session/e6cc2604-f04b-4835-bf96-2b5df2386912/elements[39m
[38;5;0m[HTTP][0m {"using":"xpath","value":"//*[@type = 'XCUIElementTypeOther' and @label = 'Generate, Report 01/08/2023 24M  /  MRN: 11ui No Consent' and @name = 'Generate, Report 01/08/2023 24M  /  MRN: 11ui No Consent']"}
[38;5;0m[HTTP][0m <-- POST /wd/hub/session/e6cc2604-f04b-4835-bf96-2b5df2386912/elements 200 1261 ms - 523
[38;5;0m[HTTP][0m 
[38;5;0m[HTTP][0m [37m-->[39m [37mGET[39m [37m/wd/hub/session/e6cc2604-f04b-4835-bf96-2b5df2386912/element/E9000000-0000-0000-FC15-000000000000/location[39m
[38;5;0m[HTTP][0m {}
[38;5;0m[HTTP][0m <-- GET /wd/hub/session/e6cc2604-f04b-4835-bf96-2b5df2386912/element/E9000000-0000-0000-FC15-000000000000/location 200 87 ms - 26
[38;5;0m[HTTP][0m 
[38;5;0m[HTTP][0m [37m-->[39m [37mPOST[39m [37m/wd/hub/session/e6cc2604-f04b-4835-bf96-2b5df2386912/elements[39m
[38;5;0m[HTTP][0m {"using":"xpath","value":"//*[@type = 'XCUIElementTypeOther' and @label = 'Generate, Report 01/08/2023 24M  /  MRN: 11ui No Consent' and @name = 'Generate, Report 01/08/2023 24M  /  MRN: 11ui No Consent']"}
[38;5;0m[HTTP][0m <-- POST /wd/hub/session/e6cc2604-f04b-4835-bf96-2b5df2386912/elements 200 1108 ms - 523
[38;5;0m[HTTP][0m 
[38;5;0m[HTTP][0m [37m-->[39m [37mGET[39m [37m/wd/hub/session/e6cc2604-f04b-4835-bf96-2b5df2386912/element/E9000000-0000-0000-FC15-000000000000/location[39m
[38;5;0m[HTTP][0m {}
[38;5;0m[HTTP][0m <-- GET /wd/hub/session/e6cc2604-f04b-4835-bf96-2b5df2386912/element/E9000000-0000-0000-FC15-000000000000/location 200 93 ms - 26
[38;5;0m[HTTP][0m 
[38;5;0m[HTTP][0m [37m-->[39m [37mPOST[39m [37m/wd/hub/session/e6cc2604-f04b-4835-bf96-2b5df2386912/elements[39m
[38;5;0m[HTTP][0m {"using":"xpath","value":"//*[@type = 'XCUIElementTypeOther' and @label = 'Generate, Report 01/08/2023 24M  /  MRN: 11ui No Consent' and @name = 'Generate, Report 01/08/2023 24M  /  MRN: 11ui No Consent']"}
[38;5;0m[HTTP][0m <-- POST /wd/hub/session/e6cc2604-f04b-4835-bf96-2b5df2386912/elements 200 1137 ms - 523
[38;5;0m[HTTP][0m 
[38;5;0m[HTTP][0m [37m-->[39m [37mGET[39m [37m/wd/hub/session/e6cc2604-f04b-4835-bf96-2b5df2386912/element/E9000000-0000-0000-FC15-000000000000/location[39m
[38;5;0m[HTTP][0m {}
[38;5;0m[HTTP][0m <-- GET /wd/hub/session/e6cc2604-f04b-4835-bf96-2b5df2386912/element/E9000000-0000-0000-FC15-000000000000/location 200 85 ms - 26
[38;5;0m[HTTP][0m 
[38;5;0m[HTTP][0m [37m-->[39m [37mPOST[39m [37m/wd/hub/session/e6cc2604-f04b-4835-bf96-2b5df2386912/elements[39m
[38;5;0m[HTTP][0m {"using":"xpath","value":"//*[@type = 'XCUIElementTypeOther' and @label = 'Generate, Report 01/08/2023 24M  /  MRN: 11ui No Consent' and @name = 'Generate, Report 01/08/2023 24M  /  MRN: 11ui No Consent']"}
[38;5;0m[HTTP][0m <-- POST /wd/hub/session/e6cc2604-f04b-4835-bf96-2b5df2386912/elements 200 1100 ms - 523
[38;5;0m[HTTP][0m 
[38;5;0m[HTTP][0m [37m-->[39m [37mGET[39m [37m/wd/hub/session/e6cc2604-f04b-4835-bf96-2b5df2386912/element/E9000000-0000-0000-FC15-000000000000/location[39m
[38;5;0m[HTTP][0m {}
[38;5;0m[HTTP][0m <-- GET /wd/hub/session/e6cc2604-f04b-4835-bf96-2b5df2386912/element/E9000000-0000-0000-FC15-000000000000/location 200 90 ms - 26
[38;5;0m[HTTP][0m 
[38;5;0m[HTTP][0m [37m-->[39m [37mPOST[39m [37m/wd/hub/session/e6cc2604-f04b-4835-bf96-2b5df2386912/elements[39m
[38;5;0m[HTTP][0m {"using":"xpath","value":"//*[@type = 'XCUIElementTypeOther' and @label = 'Generate, Report 01/08/2023 24M  /  MRN: 11ui No Consent' and @name = 'Generate, Report 01/08/2023 24M  /  MRN: 11ui No Consent']"}
[38;5;0m[HTTP][0m <-- POST /wd/hub/session/e6cc2604-f04b-4835-bf96-2b5df2386912/elements 200 1211 ms - 523
[38;5;0m[HTTP][0m 
[38;5;0m[HTTP][0m [37m-->[39m [37mGET[39m [37m/wd/hub/session/e6cc2604-f04b-4835-bf96-2b5df2386912/element/E9000000-0000-0000-FC15-000000000000/location[39m
[38;5;0m[HTTP][0m {}
[38;5;0m[HTTP][0m <-- GET /wd/hub/session/e6cc2604-f04b-4835-bf96-2b5df2386912/element/E9000000-0000-0000-FC15-000000000000/location 200 96 ms - 26
[38;5;0m[HTTP][0m 
[38;5;0m[HTTP][0m [37m-->[39m [37mPOST[39m [37m/wd/hub/session/e6cc2604-f04b-4835-bf96-2b5df2386912/elements[39m
[38;5;0m[HTTP][0m {"using":"xpath","value":"//*[@type = 'XCUIElementTypeOther' and @label = 'Generate, Report 01/08/2023 24M  /  MRN: 11ui No Consent' and @name = 'Generate, Report 01/08/2023 24M  /  MRN: 11ui No Consent']"}
[38;5;0m[HTTP][0m <-- POST /wd/hub/session/e6cc2604-f04b-4835-bf96-2b5df2386912/elements 200 1189 ms - 523
[38;5;0m[HTTP][0m 
[38;5;0m[HTTP][0m [37m-->[39m [37mGET[39m [37m/wd/hub/session/e6cc2604-f04b-4835-bf96-2b5df2386912/element/E9000000-0000-0000-FC15-000000000000/location[39m
[38;5;0m[HTTP][0m {}
[38;5;0m[HTTP][0m <-- GET /wd/hub/session/e6cc2604-f04b-4835-bf96-2b5df2386912/element/E9000000-0000-0000-FC15-000000000000/location 200 88 ms - 26
[38;5;0m[HTTP][0m 
[38;5;0m[HTTP][0m [37m-->[39m [37mPOST[39m [37m/wd/hub/session/e6cc2604-f04b-4835-bf96-2b5df2386912/elements[39m
[38;5;0m[HTTP][0m {"using":"xpath","value":"//*[@type = 'XCUIElementTypeOther' and @label = 'Generate, Report 01/08/2023 24M  /  MRN: 11ui No Consent' and @name = 'Generate, Report 01/08/2023 24M  /  MRN: 11ui No Consent']"}
[38;5;0m[HTTP][0m <-- POST /wd/hub/session/e6cc2604-f04b-4835-bf96-2b5df2386912/elements 200 1157 ms - 523
[38;5;0m[HTTP][0m 
[38;5;0m[HTTP][0m [37m-->[39m [37mGET[39m [37m/wd/hub/session/e6cc2604-f04b-4835-bf96-2b5df2386912/element/E9000000-0000-0000-FC15-000000000000/location[39m
[38;5;0m[HTTP][0m {}
[38;5;0m[HTTP][0m <-- GET /wd/hub/session/e6cc2604-f04b-4835-bf96-2b5df2386912/element/E9000000-0000-0000-FC15-000000000000/location 200 91 ms - 26
[38;5;0m[HTTP][0m 
[38;5;0m[HTTP][0m [37m-->[39m [37mPOST[39m [37m/wd/hub/session/e6cc2604-f04b-4835-bf96-2b5df2386912/elements[39m
[38;5;0m[HTTP][0m {"using":"xpath","value":"//*[@type = 'XCUIElementTypeOther' and @label = 'Generate, Report 01/08/2023 24M  /  MRN: 11ui No Consent' and @name = 'Generate, Report 01/08/2023 24M  /  MRN: 11ui No Consent']"}
[38;5;0m[HTTP][0m <-- POST /wd/hub/session/e6cc2604-f04b-4835-bf96-2b5df2386912/elements 200 1113 ms - 523
[38;5;0m[HTTP][0m 
[38;5;0m[HTTP][0m [37m-->[39m [37mGET[39m [37m/wd/hub/session/e6cc2604-f04b-4835-bf96-2b5df2386912/element/E9000000-0000-0000-FC15-000000000000/location[39m
[38;5;0m[HTTP][0m {}
[38;5;0m[HTTP][0m <-- GET /wd/hub/session/e6cc2604-f04b-4835-bf96-2b5df2386912/element/E9000000-0000-0000-FC15-000000000000/location 200 92 ms - 26
[38;5;0m[HTTP][0m 
[38;5;0m[HTTP][0m [37m-->[39m [37mPOST[39m [37m/wd/hub/session/e6cc2604-f04b-4835-bf96-2b5df2386912/elements[39m
[38;5;0m[HTTP][0m {"using":"xpath","value":"//*[@type = 'XCUIElementTypeOther' and @label = 'Generate, Report 01/08/2023 24M  /  MRN: 11ui No Consent' and @name = 'Generate, Report 01/08/2023 24M  /  MRN: 11ui No Consent']"}
[38;5;0m[HTTP][0m <-- POST /wd/hub/session/e6cc2604-f04b-4835-bf96-2b5df2386912/elements 200 1086 ms - 523
[38;5;0m[HTTP][0m 
[38;5;0m[HTTP][0m [37m-->[39m [37mGET[39m [37m/wd/hub/session/e6cc2604-f04b-4835-bf96-2b5df2386912/element/E9000000-0000-0000-FC15-000000000000/location[39m
[38;5;0m[HTTP][0m {}
[38;5;0m[HTTP][0m <-- GET /wd/hub/session/e6cc2604-f04b-4835-bf96-2b5df2386912/element/E9000000-0000-0000-FC15-000000000000/location 200 83 ms - 26
[38;5;0m[HTTP][0m 
[38;5;0m[HTTP][0m [37m-->[39m [37mPOST[39m [37m/wd/hub/session/e6cc2604-f04b-4835-bf96-2b5df2386912/elements[39m
[38;5;0m[HTTP][0m {"using":"xpath","value":"//*[@type = 'XCUIElementTypeOther' and @label = 'Generate, Report 01/08/2023 24M  /  MRN: 11ui No Consent' and @name = 'Generate, Report 01/08/2023 24M  /  MRN: 11ui No Consent']"}
[38;5;0m[HTTP][0m <-- POST /wd/hub/session/e6cc2604-f04b-4835-bf96-2b5df2386912/elements 200 1194 ms - 523
[38;5;0m[HTTP][0m 
[38;5;0m[HTTP][0m [37m-->[39m [37mGET[39m [37m/wd/hub/session/e6cc2604-f04b-4835-bf96-2b5df2386912/element/E9000000-0000-0000-FC15-000000000000/location[39m
[38;5;0m[HTTP][0m {}
[38;5;0m[HTTP][0m <-- GET /wd/hub/session/e6cc2604-f04b-4835-bf96-2b5df2386912/element/E9000000-0000-0000-FC15-000000000000/location 200 89 ms - 26
[38;5;0m[HTTP][0m 
[38;5;0m[HTTP][0m [37m-->[39m [37mPOST[39m [37m/wd/hub/session/e6cc2604-f04b-4835-bf96-2b5df2386912/elements[39m
[38;5;0m[HTTP][0m {"using":"xpath","value":"//*[@type = 'XCUIElementTypeOther' and @label = 'Generate, Report 01/08/2023 24M  /  MRN: 11ui No Consent' and @name = 'Generate, Report 01/08/2023 24M  /  MRN: 11ui No Consent']"}
[38;5;0m[HTTP][0m <-- POST /wd/hub/session/e6cc2604-f04b-4835-bf96-2b5df2386912/elements 200 1080 ms - 523
[38;5;0m[HTTP][0m 
[38;5;0m[HTTP][0m [37m-->[39m [37mGET[39m [37m/wd/hub/session/e6cc2604-f04b-4835-bf96-2b5df2386912/element/E9000000-0000-0000-FC15-000000000000/location[39m
[38;5;0m[HTTP][0m {}
[38;5;0m[HTTP][0m <-- GET /wd/hub/session/e6cc2604-f04b-4835-bf96-2b5df2386912/element/E9000000-0000-0000-FC15-000000000000/location 200 88 ms - 26
[38;5;0m[HTTP][0m 
[38;5;0m[HTTP][0m [37m-->[39m [37mPOST[39m [37m/wd/hub/session/e6cc2604-f04b-4835-bf96-2b5df2386912/elements[39m
[38;5;0m[HTTP][0m {"using":"xpath","value":"//*[@type = 'XCUIElementTypeOther' and @label = 'Generate, Report 01/08/2023 24M  /  MRN: 11ui No Consent' and @name = 'Generate, Report 01/08/2023 24M  /  MRN: 11ui No Consent']"}
[38;5;0m[HTTP][0m <-- POST /wd/hub/session/e6cc2604-f04b-4835-bf96-2b5df2386912/elements 200 1147 ms - 523
[38;5;0m[HTTP][0m 
[38;5;0m[HTTP][0m [37m-->[39m [37mGET[39m [37m/wd/hub/session/e6cc2604-f04b-4835-bf96-2b5df2386912/element/E9000000-0000-0000-FC15-000000000000/location[39m
[38;5;0m[HTTP][0m {}
[38;5;0m[HTTP][0m <-- GET /wd/hub/session/e6cc2604-f04b-4835-bf96-2b5df2386912/element/E9000000-0000-0000-FC15-000000000000/location 200 89 ms - 26
[38;5;0m[HTTP][0m 
[38;5;0m[HTTP][0m [37m-->[39m [37mPOST[39m [37m/wd/hub/session/e6cc2604-f04b-4835-bf96-2b5df2386912/elements[39m
[38;5;0m[HTTP][0m {"using":"xpath","value":"//*[@type = 'XCUIElementTypeOther' and @label = 'Generate, Report 01/08/2023 24M  /  MRN: 11ui No Consent' and @name = 'Generate, Report 01/08/2023 24M  /  MRN: 11ui No Consent']"}
[38;5;0m[HTTP][0m <-- POST /wd/hub/session/e6cc2604-f04b-4835-bf96-2b5df2386912/elements 200 1309 ms - 523
[38;5;0m[HTTP][0m 
[38;5;0m[HTTP][0m [37m-->[39m [37mGET[39m [37m/wd/hub/session/e6cc2604-f04b-4835-bf96-2b5df2386912/element/E9000000-0000-0000-FC15-000000000000/location[39m
[38;5;0m[HTTP][0m {}
[38;5;0m[HTTP][0m <-- GET /wd/hub/session/e6cc2604-f04b-4835-bf96-2b5df2386912/element/E9000000-0000-0000-FC15-000000000000/location 200 89 ms - 26
[38;5;0m[HTTP][0m 
[38;5;0m[HTTP][0m [37m-->[39m [37mPOST[39m [37m/wd/hub/session/e6cc2604-f04b-4835-bf96-2b5df2386912/elements[39m
[38;5;0m[HTTP][0m {"using":"xpath","value":"//*[@type = 'XCUIElementTypeOther' and @label = 'Generate, Report 01/08/2023 24M  /  MRN: 11ui No Consent' and @name = 'Generate, Report 01/08/2023 24M  /  MRN: 11ui No Consent']"}
[38;5;0m[HTTP][0m <-- POST /wd/hub/session/e6cc2604-f04b-4835-bf96-2b5df2386912/elements 200 1160 ms - 523
[38;5;0m[HTTP][0m 
[38;5;0m[HTTP][0m [37m-->[39m [37mGET[39m [37m/wd/hub/session/e6cc2604-f04b-4835-bf96-2b5df2386912/element/E9000000-0000-0000-FC15-000000000000/location[39m
[38;5;0m[HTTP][0m {}
[38;5;0m[HTTP][0m <-- GET /wd/hub/session/e6cc2604-f04b-4835-bf96-2b5df2386912/element/E9000000-0000-0000-FC15-000000000000/location 200 89 ms - 26
[38;5;0m[HTTP][0m 
[38;5;0m[HTTP][0m [37m-->[39m [37mPOST[39m [37m/wd/hub/session/e6cc2604-f04b-4835-bf96-2b5df2386912/elements[39m
[38;5;0m[HTTP][0m {"using":"xpath","value":"//*[@type = 'XCUIElementTypeOther' and @label = 'Generate, Report 01/08/2023 24M  /  MRN: 11ui No Consent' and @name = 'Generate, Report 01/08/2023 24M  /  MRN: 11ui No Consent']"}
[38;5;0m[HTTP][0m <-- POST /wd/hub/session/e6cc2604-f04b-4835-bf96-2b5df2386912/elements 200 1229 ms - 523
[38;5;0m[HTTP][0m 
[38;5;0m[HTTP][0m [37m-->[39m [37mGET[39m [37m/wd/hub/session/e6cc2604-f04b-4835-bf96-2b5df2386912/element/E9000000-0000-0000-FC15-000000000000/location[39m
[38;5;0m[HTTP][0m {}
[38;5;0m[HTTP][0m <-- GET /wd/hub/session/e6cc2604-f04b-4835-bf96-2b5df2386912/element/E9000000-0000-0000-FC15-000000000000/location 200 86 ms - 26
[38;5;0m[HTTP][0m 
[38;5;0m[HTTP][0m [37m-->[39m [37mPOST[39m [37m/wd/hub/session/e6cc2604-f04b-4835-bf96-2b5df2386912/elements[39m
[38;5;0m[HTTP][0m {"using":"xpath","value":"//*[@type = 'XCUIElementTypeOther' and @label = 'Generate, Report 01/08/2023 24M  /  MRN: 11ui No Consent' and @name = 'Generate, Report 01/08/2023 24M  /  MRN: 11ui No Consent']"}
[38;5;0m[HTTP][0m <-- POST /wd/hub/session/e6cc2604-f04b-4835-bf96-2b5df2386912/elements 200 1158 ms - 523
[38;5;0m[HTTP][0m 
[38;5;0m[HTTP][0m [37m-->[39m [37mGET[39m [37m/wd/hub/session/e6cc2604-f04b-4835-bf96-2b5df2386912/element/E9000000-0000-0000-FC15-000000000000/location[39m
[38;5;0m[HTTP][0m {}
[38;5;0m[HTTP][0m <-- GET /wd/hub/session/e6cc2604-f04b-4835-bf96-2b5df2386912/element/E9000000-0000-0000-FC15-000000000000/location 200 92 ms - 26
[38;5;0m[HTTP][0m 
[38;5;0m[HTTP][0m [37m-->[39m [37mPOST[39m [37m/wd/hub/session/e6cc2604-f04b-4835-bf96-2b5df2386912/elements[39m
[38;5;0m[HTTP][0m {"using":"xpath","value":"//*[@type = 'XCUIElementTypeOther' and @label = 'Generate, Report 01/08/2023 24M  /  MRN: 11ui No Consent' and @name = 'Generate, Report 01/08/2023 24M  /  MRN: 11ui No Consent']"}
[38;5;0m[HTTP][0m <-- POST /wd/hub/session/e6cc2604-f04b-4835-bf96-2b5df2386912/elements 200 1092 ms - 523
[38;5;0m[HTTP][0m 
[38;5;0m[HTTP][0m [37m-->[39m [37mGET[39m [37m/wd/hub/session/e6cc2604-f04b-4835-bf96-2b5df2386912/element/E9000000-0000-0000-FC15-000000000000/location[39m
[38;5;0m[HTTP][0m {}
[38;5;0m[HTTP][0m <-- GET /wd/hub/session/e6cc2604-f04b-4835-bf96-2b5df2386912/element/E9000000-0000-0000-FC15-000000000000/location 200 90 ms - 26
[38;5;0m[HTTP][0m 
[38;5;0m[HTTP][0m [37m-->[39m [37mPOST[39m [37m/wd/hub/session/e6cc2604-f04b-4835-bf96-2b5df2386912/timeouts[39m
[38;5;0m[HTTP][0m {"implicit":30000}
[38;5;0m[HTTP][0m <-- POST /wd/hub/session/e6cc2604-f04b-4835-bf96-2b5df2386912/timeouts 200 0 ms - 14
[38;5;0m[HTTP][0m 
[38;5;0m[HTTP][0m [37m-->[39m [37mPOST[39m [37m/wd/hub/session/e6cc2604-f04b-4835-bf96-2b5df2386912/element/E9000000-0000-0000-FC15-000000000000/click[39m
[38;5;0m[HTTP][0m {"id":"E9000000-0000-0000-FC15-000000000000"}
[38;5;32m[XCUITestDriver@bb8a (e6cc2604)][0m Driver proxy active, passing request on via HTTP proxy
[38;5;32m[XCUITestDriver@bb8a (e6cc2604)][0m Replacing sessionId 223CD3E7-3EF0-4C95-A62A-8DE695D2FE2F with e6cc2604-f04b-4835-bf96-2b5df2386912
[38;5;0m[HTTP][0m <-- POST /wd/hub/session/e6cc2604-f04b-4835-bf96-2b5df2386912/element/E9000000-0000-0000-FC15-000000000000/click 200 592 ms - 65
[38;5;0m[HTTP][0m 
[38;5;0m[HTTP][0m [37m-->[39m [37mPOST[39m [37m/wd/hub/session/e6cc2604-f04b-4835-bf96-2b5df2386912/timeouts[39m
[38;5;0m[HTTP][0m {"implicit":50}
[38;5;0m[HTTP][0m <-- POST /wd/hub/session/e6cc2604-f04b-4835-bf96-2b5df2386912/timeouts 200 1 ms - 14
[38;5;0m[HTTP][0m 
[38;5;0m[HTTP][0m [37m-->[39m [37mGET[39m [37m/wd/hub/session/e6cc2604-f04b-4835-bf96-2b5df2386912/window/rect[39m
[38;5;0m[HTTP][0m {}
[38;5;0m[HTTP][0m <-- GET /wd/hub/session/e6cc2604-f04b-4835-bf96-2b5df2386912/window/rect 200 93 ms - 48
[38;5;0m[HTTP][0m 
[38;5;0m[HTTP][0m [37m-->[39m [37mPOST[39m [37m/wd/hub/session/e6cc2604-f04b-4835-bf96-2b5df2386912/elements[39m
[38;5;0m[HTTP][0m {"using":"xpath","value":"//XCUIElementTypeApplication/XCUIElementTypeWindow[1]/XCUIElementTypeOther[1]/XCUIElementTypeOther[1]/XCUIElementTypeOther[1]/XCUIElementTypeOther[1]/XCUIElementTypeOther[1]/XCUIElementTypeOther[1]/XCUIElementTypeOther[1]/XCUIElementTypeOther[1]/XCUIElementTypeOther[1]/XCUIElementTypeOther[1]/XCUIElementTypeOther[1]/XCUIElementTypeOther[2]/XCUIElementTypeOther[1]/XCUIElementTypeOther[1]/XCUIElementTypeOther[1]/XCUIElementTypeOther[1]/XCUIElementTypeOther[1]/XCUIElementTypeOther[2]/XCUIElementTypeOther[1]/XCUIElementTypeOther[2]/XCUIElementTypeOther[1]/XCUIElementTypeOther[1]/XCUIElementTypeOther[1]/XCUIElementTypeOther[2]/XCUIElementTypeOther[4]/XCUIElementTypeOther[1]"}
[38;5;0m[HTTP][0m <-- POST /wd/hub/session/e6cc2604-f04b-4835-bf96-2b5df2386912/elements 200 332 ms - 12
[38;5;0m[HTTP][0m 
[38;5;0m[HTTP][0m [37m-->[39m [37mPOST[39m [37m/wd/hub/session/e6cc2604-f04b-4835-bf96-2b5df2386912/elements[39m
[38;5;0m[HTTP][0m {"using":"xpath","value":"//XCUIElementTypeApplication/XCUIElementTypeWindow[1]/XCUIElementTypeOther[1]/XCUIElementTypeOther[1]/XCUIElementTypeOther[1]/XCUIElementTypeOther[1]/XCUIElementTypeOther[1]/XCUIElementTypeOther[1]/XCUIElementTypeOther[1]/XCUIElementTypeOther[1]/XCUIElementTypeOther[1]/XCUIElementTypeOther[1]/XCUIElementTypeOther[1]/XCUIElementTypeOther[2]/XCUIElementTypeOther[1]/XCUIElementTypeOther[1]/XCUIElementTypeOther[1]/XCUIElementTypeOther[1]/XCUIElementTypeOther[1]/XCUIElementTypeOther[2]/XCUIElementTypeOther[1]/XCUIElementTypeOther[2]/XCUIElementTypeOther[1]/XCUIElementTypeOther[1]/XCUIElementTypeOther[1]/XCUIElementTypeOther[2]/XCUIElementTypeOther[4]/XCUIElementTypeOther[1]"}
[38;5;0m[HTTP][0m <-- POST /wd/hub/session/e6cc2604-f04b-4835-bf96-2b5df2386912/elements 200 562 ms - 139
[38;5;0m[HTTP][0m 
[38;5;0m[HTTP][0m [37m-->[39m [37mGET[39m [37m/wd/hub/session/e6cc2604-f04b-4835-bf96-2b5df2386912/element/55010000-0000-0000-FC15-000000000000/location[39m
[38;5;0m[HTTP][0m {}
[38;5;0m[HTTP][0m <-- GET /wd/hub/session/e6cc2604-f04b-4835-bf96-2b5df2386912/element/55010000-0000-0000-FC15-000000000000/location 200 74 ms - 26
[38;5;0m[HTTP][0m 
[38;5;0m[HTTP][0m [37m-->[39m [37mPOST[39m [37m/wd/hub/session/e6cc2604-f04b-4835-bf96-2b5df2386912/timeouts[39m
[38;5;0m[HTTP][0m {"implicit":30000}
[38;5;0m[HTTP][0m <-- POST /wd/hub/session/e6cc2604-f04b-4835-bf96-2b5df2386912/timeouts 200 0 ms - 14
[38;5;0m[HTTP][0m 
[38;5;0m[HTTP][0m [37m-->[39m [37mPOST[39m [37m/wd/hub/session/e6cc2604-f04b-4835-bf96-2b5df2386912/element/55010000-0000-0000-FC15-000000000000/click[39m
[38;5;0m[HTTP][0m {"id":"55010000-0000-0000-FC15-000000000000"}
[38;5;32m[XCUITestDriver@bb8a (e6cc2604)][0m Driver proxy active, passing request on via HTTP proxy
[38;5;32m[XCUITestDriver@bb8a (e6cc2604)][0m Replacing sessionId 223CD3E7-3EF0-4C95-A62A-8DE695D2FE2F with e6cc2604-f04b-4835-bf96-2b5df2386912
[38;5;0m[HTTP][0m <-- POST /wd/hub/session/e6cc2604-f04b-4835-bf96-2b5df2386912/element/55010000-0000-0000-FC15-000000000000/click 200 482 ms - 65
[38;5;0m[HTTP][0m 
[38;5;0m[HTTP][0m [37m-->[39m [37mPOST[39m [37m/wd/hub/session/e6cc2604-f04b-4835-bf96-2b5df2386912/timeouts[39m
[38;5;0m[HTTP][0m {"implicit":50}
[38;5;0m[HTTP][0m <-- POST /wd/hub/session/e6cc2604-f04b-4835-bf96-2b5df2386912/timeouts 200 0 ms - 14
[38;5;0m[HTTP][0m 
[38;5;0m[HTTP][0m [37m-->[39m [37mGET[39m [37m/wd/hub/session/e6cc2604-f04b-4835-bf96-2b5df2386912/window/rect[39m
[38;5;0m[HTTP][0m {}
[38;5;0m[HTTP][0m <-- GET /wd/hub/session/e6cc2604-f04b-4835-bf96-2b5df2386912/window/rect 200 104 ms - 48
[38;5;0m[HTTP][0m 
[38;5;0m[HTTP][0m [37m-->[39m [37mPOST[39m [37m/wd/hub/session/e6cc2604-f04b-4835-bf96-2b5df2386912/elements[39m
[38;5;0m[HTTP][0m {"using":"xpath","value":"//*[@type = 'XCUIElementTypeOther' and @label = 'Generate Report' and @name = 'Generate Report']"}
[38;5;0m[HTTP][0m <-- POST /wd/hub/session/e6cc2604-f04b-4835-bf96-2b5df2386912/elements 200 756 ms - 139
[38;5;0m[HTTP][0m 
[38;5;0m[HTTP][0m [37m-->[39m [37mGET[39m [37m/wd/hub/session/e6cc2604-f04b-4835-bf96-2b5df2386912/element/81010000-0000-0000-FC15-000000000000/location[39m
[38;5;0m[HTTP][0m {}
[38;5;0m[HTTP][0m <-- GET /wd/hub/session/e6cc2604-f04b-4835-bf96-2b5df2386912/element/81010000-0000-0000-FC15-000000000000/location 200 72 ms - 26
[38;5;0m[HTTP][0m 
[38;5;0m[HTTP][0m [37m-->[39m [37mPOST[39m [37m/wd/hub/session/e6cc2604-f04b-4835-bf96-2b5df2386912/timeouts[39m
[38;5;0m[HTTP][0m {"implicit":30000}
[38;5;0m[HTTP][0m <-- POST /wd/hub/session/e6cc2604-f04b-4835-bf96-2b5df2386912/timeouts 200 0 ms - 14
[38;5;0m[HTTP][0m 
[38;5;0m[HTTP][0m [37m-->[39m [37mPOST[39m [37m/wd/hub/session/e6cc2604-f04b-4835-bf96-2b5df2386912/element/81010000-0000-0000-FC15-000000000000/click[39m
[38;5;0m[HTTP][0m {"id":"81010000-0000-0000-FC15-000000000000"}
[38;5;32m[XCUITestDriver@bb8a (e6cc2604)][0m Driver proxy active, passing request on via HTTP proxy
[38;5;32m[XCUITestDriver@bb8a (e6cc2604)][0m Replacing sessionId 223CD3E7-3EF0-4C95-A62A-8DE695D2FE2F with e6cc2604-f04b-4835-bf96-2b5df2386912
[38;5;0m[HTTP][0m <-- POST /wd/hub/session/e6cc2604-f04b-4835-bf96-2b5df2386912/element/81010000-0000-0000-FC15-000000000000/click 200 475 ms - 65
[38;5;0m[HTTP][0m 
[38;5;0m[HTTP][0m [37m-->[39m [37mPOST[39m [37m/wd/hub/session/e6cc2604-f04b-4835-bf96-2b5df2386912/timeouts[39m
[38;5;0m[HTTP][0m {"implicit":50}
[38;5;0m[HTTP][0m <-- POST /wd/hub/session/e6cc2604-f04b-4835-bf96-2b5df2386912/timeouts 200 0 ms - 14
[38;5;0m[HTTP][0m 
[38;5;0m[HTTP][0m [37m-->[39m [37mGET[39m [37m/wd/hub/session/e6cc2604-f04b-4835-bf96-2b5df2386912/window/rect[39m
[38;5;0m[HTTP][0m {}
[38;5;0m[HTTP][0m <-- GET /wd/hub/session/e6cc2604-f04b-4835-bf96-2b5df2386912/window/rect 200 107 ms - 48
[38;5;0m[HTTP][0m 
[38;5;0m[HTTP][0m [37m-->[39m [37mPOST[39m [37m/wd/hub/session/e6cc2604-f04b-4835-bf96-2b5df2386912/elements[39m
[38;5;0m[HTTP][0m {"using":"xpath","value":"//*[@type = 'XCUIElementTypeOther' and @label = 'Generate' and @name = 'Generate']"}
[38;5;0m[HTTP][0m <-- POST /wd/hub/session/e6cc2604-f04b-4835-bf96-2b5df2386912/elements 200 901 ms - 12
[38;5;0m[HTTP][0m 
[38;5;0m[HTTP][0m [37m-->[39m [37mPOST[39m [37m/wd/hub/session/e6cc2604-f04b-4835-bf96-2b5df2386912/elements[39m
[38;5;0m[HTTP][0m {"using":"xpath","value":"//*[@type = 'XCUIElementTypeOther' and @label = 'Generate' and @name = 'Generate']"}
[38;5;0m[HTTP][0m <-- POST /wd/hub/session/e6cc2604-f04b-4835-bf96-2b5df2386912/elements 200 864 ms - 267
[38;5;0m[HTTP][0m 
[38;5;0m[HTTP][0m [37m-->[39m [37mGET[39m [37m/wd/hub/session/e6cc2604-f04b-4835-bf96-2b5df2386912/element/8E010000-0000-0000-FC15-000000000000/location[39m
[38;5;0m[HTTP][0m {}
[38;5;0m[HTTP][0m <-- GET /wd/hub/session/e6cc2604-f04b-4835-bf96-2b5df2386912/element/8E010000-0000-0000-FC15-000000000000/location 200 70 ms - 25
[38;5;0m[HTTP][0m 
[38;5;0m[HTTP][0m [37m-->[39m [37mPOST[39m [37m/wd/hub/session/e6cc2604-f04b-4835-bf96-2b5df2386912/timeouts[39m
[38;5;0m[HTTP][0m {"implicit":30000}
[38;5;0m[HTTP][0m <-- POST /wd/hub/session/e6cc2604-f04b-4835-bf96-2b5df2386912/timeouts 200 0 ms - 14
[38;5;0m[HTTP][0m 
[38;5;0m[HTTP][0m [37m-->[39m [37mPOST[39m [37m/wd/hub/session/e6cc2604-f04b-4835-bf96-2b5df2386912/element/8E010000-0000-0000-FC15-000000000000/click[39m
[38;5;0m[HTTP][0m {"id":"8E010000-0000-0000-FC15-000000000000"}
[38;5;32m[XCUITestDriver@bb8a (e6cc2604)][0m Driver proxy active, passing request on via HTTP proxy
[38;5;32m[XCUITestDriver@bb8a (e6cc2604)][0m Replacing sessionId 223CD3E7-3EF0-4C95-A62A-8DE695D2FE2F with e6cc2604-f04b-4835-bf96-2b5df2386912
[38;5;0m[HTTP][0m <-- POST /wd/hub/session/e6cc2604-f04b-4835-bf96-2b5df2386912/element/8E010000-0000-0000-FC15-000000000000/click 200 457 ms - 65
[38;5;0m[HTTP][0m 
[38;5;0m[HTTP][0m [37m-->[39m [37mPOST[39m [37m/wd/hub/session/e6cc2604-f04b-4835-bf96-2b5df2386912/timeouts[39m
[38;5;0m[HTTP][0m {"implicit":50}
[38;5;0m[HTTP][0m <-- POST /wd/hub/session/e6cc2604-f04b-4835-bf96-2b5df2386912/timeouts 200 0 ms - 14
[38;5;0m[HTTP][0m 
[38;5;0m[HTTP][0m [37m-->[39m [37mGET[39m [37m/wd/hub/session/e6cc2604-f04b-4835-bf96-2b5df2386912/window/rect[39m
[38;5;0m[HTTP][0m {}
[38;5;0m[HTTP][0m <-- GET /wd/hub/session/e6cc2604-f04b-4835-bf96-2b5df2386912/window/rect 200 92 ms - 48
[38;5;0m[HTTP][0m 
[38;5;0m[HTTP][0m [37m-->[39m [37mPOST[39m [37m/wd/hub/session/e6cc2604-f04b-4835-bf96-2b5df2386912/elements[39m
[38;5;0m[HTTP][0m {"using":"xpath","value":"//XCUIElementTypeApplication/XCUIElementTypeWindow[1]/XCUIElementTypeOther[2]/XCUIElementTypeOther[1]/XCUIElementTypeOther[1]/XCUIElementTypeOther[1]/XCUIElementTypeOther[1]/XCUIElementTypeOther[1]/XCUIElementTypeOther[1]/XCUIElementTypeOther[1]/XCUIElementTypeOther[1]/XCUIElementTypeOther[1]/XCUIElementTypeOther[1]/XCUIElementTypeOther[1]/XCUIElementTypeOther[1]/XCUIElementTypeOther[1]/XCUIElementTypeOther[1]/XCUIElementTypeScrollView[1]/XCUIElementTypeOther[1]/XCUIElementTypeOther[1]/XCUIElementTypeOther[1]/XCUIElementTypeOther[1]/XCUIElementTypeOther[1]/XCUIElementTypeOther[1]/XCUIElementTypeOther[2]/XCUIElementTypeOther[1]/XCUIElementTypeScrollView[1]/XCUIElementTypeTextView[1]/XCUIElementTypeOther[1]/XCUIElementTypeOther[1]/XCUIElementTypeOther[1]/XCUIElementTypeOther[1]/XCUIElementTypeImage[1]"}
[38;5;0m[HTTP][0m <-- POST /wd/hub/session/e6cc2604-f04b-4835-bf96-2b5df2386912/elements 200 223 ms - 12
[38;5;0m[HTTP][0m 
[38;5;0m[HTTP][0m [37m-->[39m [37mPOST[39m [37m/wd/hub/session/e6cc2604-f04b-4835-bf96-2b5df2386912/elements[39m
[38;5;0m[HTTP][0m {"using":"xpath","value":"//XCUIElementTypeApplication/XCUIElementTypeWindow[1]/XCUIElementTypeOther[2]/XCUIElementTypeOther[1]/XCUIElementTypeOther[1]/XCUIElementTypeOther[1]/XCUIElementTypeOther[1]/XCUIElementTypeOther[1]/XCUIElementTypeOther[1]/XCUIElementTypeOther[1]/XCUIElementTypeOther[1]/XCUIElementTypeOther[1]/XCUIElementTypeOther[1]/XCUIElementTypeOther[1]/XCUIElementTypeOther[1]/XCUIElementTypeOther[1]/XCUIElementTypeOther[1]/XCUIElementTypeScrollView[1]/XCUIElementTypeOther[1]/XCUIElementTypeOther[1]/XCUIElementTypeOther[1]/XCUIElementTypeOther[1]/XCUIElementTypeOther[1]/XCUIElementTypeOther[1]/XCUIElementTypeOther[2]/XCUIElementTypeOther[1]/XCUIElementTypeScrollView[1]/XCUIElementTypeTextView[1]/XCUIElementTypeOther[1]/XCUIElementTypeOther[1]/XCUIElementTypeOther[1]/XCUIElementTypeOther[1]/XCUIElementTypeImage[1]"}
[38;5;0m[HTTP][0m <-- POST /wd/hub/session/e6cc2604-f04b-4835-bf96-2b5df2386912/elements 200 216 ms - 12
[38;5;0m[HTTP][0m 
[38;5;0m[HTTP][0m [37m-->[39m [37mPOST[39m [37m/wd/hub/session/e6cc2604-f04b-4835-bf96-2b5df2386912/elements[39m
[38;5;0m[HTTP][0m {"using":"xpath","value":"//XCUIElementTypeApplication/XCUIElementTypeWindow[1]/XCUIElementTypeOther[2]/XCUIElementTypeOther[1]/XCUIElementTypeOther[1]/XCUIElementTypeOther[1]/XCUIElementTypeOther[1]/XCUIElementTypeOther[1]/XCUIElementTypeOther[1]/XCUIElementTypeOther[1]/XCUIElementTypeOther[1]/XCUIElementTypeOther[1]/XCUIElementTypeOther[1]/XCUIElementTypeOther[1]/XCUIElementTypeOther[1]/XCUIElementTypeOther[1]/XCUIElementTypeOther[1]/XCUIElementTypeScrollView[1]/XCUIElementTypeOther[1]/XCUIElementTypeOther[1]/XCUIElementTypeOther[1]/XCUIElementTypeOther[1]/XCUIElementTypeOther[1]/XCUIElementTypeOther[1]/XCUIElementTypeOther[2]/XCUIElementTypeOther[1]/XCUIElementTypeScrollView[1]/XCUIElementTypeTextView[1]/XCUIElementTypeOther[1]/XCUIElementTypeOther[1]/XCUIElementTypeOther[1]/XCUIElementTypeOther[1]/XCUIElementTypeImage[1]"}
[38;5;0m[HTTP][0m <-- POST /wd/hub/session/e6cc2604-f04b-4835-bf96-2b5df2386912/elements 200 218 ms - 12
[38;5;0m[HTTP][0m 
[38;5;0m[HTTP][0m [37m-->[39m [37mPOST[39m [37m/wd/hub/session/e6cc2604-f04b-4835-bf96-2b5df2386912/elements[39m
[38;5;0m[HTTP][0m {"using":"xpath","value":"//XCUIElementTypeApplication/XCUIElementTypeWindow[1]/XCUIElementTypeOther[2]/XCUIElementTypeOther[1]/XCUIElementTypeOther[1]/XCUIElementTypeOther[1]/XCUIElementTypeOther[1]/XCUIElementTypeOther[1]/XCUIElementTypeOther[1]/XCUIElementTypeOther[1]/XCUIElementTypeOther[1]/XCUIElementTypeOther[1]/XCUIElementTypeOther[1]/XCUIElementTypeOther[1]/XCUIElementTypeOther[1]/XCUIElementTypeOther[1]/XCUIElementTypeOther[1]/XCUIElementTypeScrollView[1]/XCUIElementTypeOther[1]/XCUIElementTypeOther[1]/XCUIElementTypeOther[1]/XCUIElementTypeOther[1]/XCUIElementTypeOther[1]/XCUIElementTypeOther[1]/XCUIElementTypeOther[2]/XCUIElementTypeOther[1]/XCUIElementTypeScrollView[1]/XCUIElementTypeTextView[1]/XCUIElementTypeOther[1]/XCUIElementTypeOther[1]/XCUIElementTypeOther[1]/XCUIElementTypeOther[1]/XCUIElementTypeImage[1]"}
[38;5;0m[HTTP][0m <-- POST /wd/hub/session/e6cc2604-f04b-4835-bf96-2b5df2386912/elements 200 199 ms - 12
[38;5;0m[HTTP][0m 
[38;5;0m[HTTP][0m [37m-->[39m [37mPOST[39m [37m/wd/hub/session/e6cc2604-f04b-4835-bf96-2b5df2386912/elements[39m
[38;5;0m[HTTP][0m {"using":"xpath","value":"//XCUIElementTypeApplication/XCUIElementTypeWindow[1]/XCUIElementTypeOther[2]/XCUIElementTypeOther[1]/XCUIElementTypeOther[1]/XCUIElementTypeOther[1]/XCUIElementTypeOther[1]/XCUIElementTypeOther[1]/XCUIElementTypeOther[1]/XCUIElementTypeOther[1]/XCUIElementTypeOther[1]/XCUIElementTypeOther[1]/XCUIElementTypeOther[1]/XCUIElementTypeOther[1]/XCUIElementTypeOther[1]/XCUIElementTypeOther[1]/XCUIElementTypeOther[1]/XCUIElementTypeScrollView[1]/XCUIElementTypeOther[1]/XCUIElementTypeOther[1]/XCUIElementTypeOther[1]/XCUIElementTypeOther[1]/XCUIElementTypeOther[1]/XCUIElementTypeOther[1]/XCUIElementTypeOther[2]/XCUIElementTypeOther[1]/XCUIElementTypeScrollView[1]/XCUIElementTypeTextView[1]/XCUIElementTypeOther[1]/XCUIElementTypeOther[1]/XCUIElementTypeOther[1]/XCUIElementTypeOther[1]/XCUIElementTypeImage[1]"}
[38;5;0m[HTTP][0m <-- POST /wd/hub/session/e6cc2604-f04b-4835-bf96-2b5df2386912/elements 200 232 ms - 12
[38;5;0m[HTTP][0m 
[38;5;0m[HTTP][0m [37m-->[39m [37mPOST[39m [37m/wd/hub/session/e6cc2604-f04b-4835-bf96-2b5df2386912/elements[39m
[38;5;0m[HTTP][0m {"using":"xpath","value":"//XCUIElementTypeApplication/XCUIElementTypeWindow[1]/XCUIElementTypeOther[2]/XCUIElementTypeOther[1]/XCUIElementTypeOther[1]/XCUIElementTypeOther[1]/XCUIElementTypeOther[1]/XCUIElementTypeOther[1]/XCUIElementTypeOther[1]/XCUIElementTypeOther[1]/XCUIElementTypeOther[1]/XCUIElementTypeOther[1]/XCUIElementTypeOther[1]/XCUIElementTypeOther[1]/XCUIElementTypeOther[1]/XCUIElementTypeOther[1]/XCUIElementTypeOther[1]/XCUIElementTypeScrollView[1]/XCUIElementTypeOther[1]/XCUIElementTypeOther[1]/XCUIElementTypeOther[1]/XCUIElementTypeOther[1]/XCUIElementTypeOther[1]/XCUIElementTypeOther[1]/XCUIElementTypeOther[2]/XCUIElementTypeOther[1]/XCUIElementTypeScrollView[1]/XCUIElementTypeTextView[1]/XCUIElementTypeOther[1]/XCUIElementTypeOther[1]/XCUIElementTypeOther[1]/XCUIElementTypeOther[1]/XCUIElementTypeImage[1]"}
[38;5;0m[HTTP][0m <-- POST /wd/hub/session/e6cc2604-f04b-4835-bf96-2b5df2386912/elements 200 198 ms - 12
[38;5;0m[HTTP][0m 
[38;5;0m[HTTP][0m [37m-->[39m [37mPOST[39m [37m/wd/hub/session/e6cc2604-f04b-4835-bf96-2b5df2386912/elements[39m
[38;5;0m[HTTP][0m {"using":"xpath","value":"//XCUIElementTypeApplication/XCUIElementTypeWindow[1]/XCUIElementTypeOther[2]/XCUIElementTypeOther[1]/XCUIElementTypeOther[1]/XCUIElementTypeOther[1]/XCUIElementTypeOther[1]/XCUIElementTypeOther[1]/XCUIElementTypeOther[1]/XCUIElementTypeOther[1]/XCUIElementTypeOther[1]/XCUIElementTypeOther[1]/XCUIElementTypeOther[1]/XCUIElementTypeOther[1]/XCUIElementTypeOther[1]/XCUIElementTypeOther[1]/XCUIElementTypeOther[1]/XCUIElementTypeScrollView[1]/XCUIElementTypeOther[1]/XCUIElementTypeOther[1]/XCUIElementTypeOther[1]/XCUIElementTypeOther[1]/XCUIElementTypeOther[1]/XCUIElementTypeOther[1]/XCUIElementTypeOther[2]/XCUIElementTypeOther[1]/XCUIElementTypeScrollView[1]/XCUIElementTypeTextView[1]/XCUIElementTypeOther[1]/XCUIElementTypeOther[1]/XCUIElementTypeOther[1]/XCUIElementTypeOther[1]/XCUIElementTypeImage[1]"}
[38;5;0m[HTTP][0m <-- POST /wd/hub/session/e6cc2604-f04b-4835-bf96-2b5df2386912/elements 200 211 ms - 12
[38;5;0m[HTTP][0m 
[38;5;0m[HTTP][0m [37m-->[39m [37mPOST[39m [37m/wd/hub/session/e6cc2604-f04b-4835-bf96-2b5df2386912/elements[39m
[38;5;0m[HTTP][0m {"using":"xpath","value":"//XCUIElementTypeApplication/XCUIElementTypeWindow[1]/XCUIElementTypeOther[2]/XCUIElementTypeOther[1]/XCUIElementTypeOther[1]/XCUIElementTypeOther[1]/XCUIElementTypeOther[1]/XCUIElementTypeOther[1]/XCUIElementTypeOther[1]/XCUIElementTypeOther[1]/XCUIElementTypeOther[1]/XCUIElementTypeOther[1]/XCUIElementTypeOther[1]/XCUIElementTypeOther[1]/XCUIElementTypeOther[1]/XCUIElementTypeOther[1]/XCUIElementTypeOther[1]/XCUIElementTypeScrollView[1]/XCUIElementTypeOther[1]/XCUIElementTypeOther[1]/XCUIElementTypeOther[1]/XCUIElementTypeOther[1]/XCUIElementTypeOther[1]/XCUIElementTypeOther[1]/XCUIElementTypeOther[2]/XCUIElementTypeOther[1]/XCUIElementTypeScrollView[1]/XCUIElementTypeTextView[1]/XCUIElementTypeOther[1]/XCUIElementTypeOther[1]/XCUIElementTypeOther[1]/XCUIElementTypeOther[1]/XCUIElementTypeImage[1]"}
[38;5;0m[HTTP][0m <-- POST /wd/hub/session/e6cc2604-f04b-4835-bf96-2b5df2386912/elements 200 220 ms - 12
[38;5;0m[HTTP][0m 
[38;5;0m[HTTP][0m [37m-->[39m [37mPOST[39m [37m/wd/hub/session/e6cc2604-f04b-4835-bf96-2b5df2386912/elements[39m
[38;5;0m[HTTP][0m {"using":"xpath","value":"//XCUIElementTypeApplication/XCUIElementTypeWindow[1]/XCUIElementTypeOther[2]/XCUIElementTypeOther[1]/XCUIElementTypeOther[1]/XCUIElementTypeOther[1]/XCUIElementTypeOther[1]/XCUIElementTypeOther[1]/XCUIElementTypeOther[1]/XCUIElementTypeOther[1]/XCUIElementTypeOther[1]/XCUIElementTypeOther[1]/XCUIElementTypeOther[1]/XCUIElementTypeOther[1]/XCUIElementTypeOther[1]/XCUIElementTypeOther[1]/XCUIElementTypeOther[1]/XCUIElementTypeScrollView[1]/XCUIElementTypeOther[1]/XCUIElementTypeOther[1]/XCUIElementTypeOther[1]/XCUIElementTypeOther[1]/XCUIElementTypeOther[1]/XCUIElementTypeOther[1]/XCUIElementTypeOther[2]/XCUIElementTypeOther[1]/XCUIElementTypeScrollView[1]/XCUIElementTypeTextView[1]/XCUIElementTypeOther[1]/XCUIElementTypeOther[1]/XCUIElementTypeOther[1]/XCUIElementTypeOther[1]/XCUIElementTypeImage[1]"}
[38;5;0m[HTTP][0m <-- POST /wd/hub/session/e6cc2604-f04b-4835-bf96-2b5df2386912/elements 200 232 ms - 12
[38;5;0m[HTTP][0m 
[38;5;0m[HTTP][0m [37m-->[39m [37mPOST[39m [37m/wd/hub/session/e6cc2604-f04b-4835-bf96-2b5df2386912/elements[39m
[38;5;0m[HTTP][0m {"using":"xpath","value":"//XCUIElementTypeApplication/XCUIElementTypeWindow[1]/XCUIElementTypeOther[2]/XCUIElementTypeOther[1]/XCUIElementTypeOther[1]/XCUIElementTypeOther[1]/XCUIElementTypeOther[1]/XCUIElementTypeOther[1]/XCUIElementTypeOther[1]/XCUIElementTypeOther[1]/XCUIElementTypeOther[1]/XCUIElementTypeOther[1]/XCUIElementTypeOther[1]/XCUIElementTypeOther[1]/XCUIElementTypeOther[1]/XCUIElementTypeOther[1]/XCUIElementTypeOther[1]/XCUIElementTypeScrollView[1]/XCUIElementTypeOther[1]/XCUIElementTypeOther[1]/XCUIElementTypeOther[1]/XCUIElementTypeOther[1]/XCUIElementTypeOther[1]/XCUIElementTypeOther[1]/XCUIElementTypeOther[2]/XCUIElementTypeOther[1]/XCUIElementTypeScrollView[1]/XCUIElementTypeTextView[1]/XCUIElementTypeOther[1]/XCUIElementTypeOther[1]/XCUIElementTypeOther[1]/XCUIElementTypeOther[1]/XCUIElementTypeImage[1]"}
[38;5;0m[HTTP][0m <-- POST /wd/hub/session/e6cc2604-f04b-4835-bf96-2b5df2386912/elements 200 210 ms - 12
[38;5;0m[HTTP][0m 
[38;5;0m[HTTP][0m [37m-->[39m [37mPOST[39m [37m/wd/hub/session/e6cc2604-f04b-4835-bf96-2b5df2386912/elements[39m
[38;5;0m[HTTP][0m {"using":"xpath","value":"//XCUIElementTypeApplication/XCUIElementTypeWindow[1]/XCUIElementTypeOther[2]/XCUIElementTypeOther[1]/XCUIElementTypeOther[1]/XCUIElementTypeOther[1]/XCUIElementTypeOther[1]/XCUIElementTypeOther[1]/XCUIElementTypeOther[1]/XCUIElementTypeOther[1]/XCUIElementTypeOther[1]/XCUIElementTypeOther[1]/XCUIElementTypeOther[1]/XCUIElementTypeOther[1]/XCUIElementTypeOther[1]/XCUIElementTypeOther[1]/XCUIElementTypeOther[1]/XCUIElementTypeScrollView[1]/XCUIElementTypeOther[1]/XCUIElementTypeOther[1]/XCUIElementTypeOther[1]/XCUIElementTypeOther[1]/XCUIElementTypeOther[1]/XCUIElementTypeOther[1]/XCUIElementTypeOther[2]/XCUIElementTypeOther[1]/XCUIElementTypeScrollView[1]/XCUIElementTypeTextView[1]/XCUIElementTypeOther[1]/XCUIElementTypeOther[1]/XCUIElementTypeOther[1]/XCUIElementTypeOther[1]/XCUIElementTypeImage[1]"}
[38;5;0m[HTTP][0m <-- POST /wd/hub/session/e6cc2604-f04b-4835-bf96-2b5df2386912/elements 200 209 ms - 12
[38;5;0m[HTTP][0m 
[38;5;0m[HTTP][0m [37m-->[39m [37mPOST[39m [37m/wd/hub/session/e6cc2604-f04b-4835-bf96-2b5df2386912/elements[39m
[38;5;0m[HTTP][0m {"using":"xpath","value":"//XCUIElementTypeApplication/XCUIElementTypeWindow[1]/XCUIElementTypeOther[2]/XCUIElementTypeOther[1]/XCUIElementTypeOther[1]/XCUIElementTypeOther[1]/XCUIElementTypeOther[1]/XCUIElementTypeOther[1]/XCUIElementTypeOther[1]/XCUIElementTypeOther[1]/XCUIElementTypeOther[1]/XCUIElementTypeOther[1]/XCUIElementTypeOther[1]/XCUIElementTypeOther[1]/XCUIElementTypeOther[1]/XCUIElementTypeOther[1]/XCUIElementTypeOther[1]/XCUIElementTypeScrollView[1]/XCUIElementTypeOther[1]/XCUIElementTypeOther[1]/XCUIElementTypeOther[1]/XCUIElementTypeOther[1]/XCUIElementTypeOther[1]/XCUIElementTypeOther[1]/XCUIElementTypeOther[2]/XCUIElementTypeOther[1]/XCUIElementTypeScrollView[1]/XCUIElementTypeTextView[1]/XCUIElementTypeOther[1]/XCUIElementTypeOther[1]/XCUIElementTypeOther[1]/XCUIElementTypeOther[1]/XCUIElementTypeImage[1]"}
[38;5;0m[HTTP][0m <-- POST /wd/hub/session/e6cc2604-f04b-4835-bf96-2b5df2386912/elements 200 215 ms - 12
[38;5;0m[HTTP][0m 
[38;5;0m[HTTP][0m [37m-->[39m [37mPOST[39m [37m/wd/hub/session/e6cc2604-f04b-4835-bf96-2b5df2386912/elements[39m
[38;5;0m[HTTP][0m {"using":"xpath","value":"//XCUIElementTypeApplication/XCUIElementTypeWindow[1]/XCUIElementTypeOther[2]/XCUIElementTypeOther[1]/XCUIElementTypeOther[1]/XCUIElementTypeOther[1]/XCUIElementTypeOther[1]/XCUIElementTypeOther[1]/XCUIElementTypeOther[1]/XCUIElementTypeOther[1]/XCUIElementTypeOther[1]/XCUIElementTypeOther[1]/XCUIElementTypeOther[1]/XCUIElementTypeOther[1]/XCUIElementTypeOther[1]/XCUIElementTypeOther[1]/XCUIElementTypeOther[1]/XCUIElementTypeScrollView[1]/XCUIElementTypeOther[1]/XCUIElementTypeOther[1]/XCUIElementTypeOther[1]/XCUIElementTypeOther[1]/XCUIElementTypeOther[1]/XCUIElementTypeOther[1]/XCUIElementTypeOther[2]/XCUIElementTypeOther[1]/XCUIElementTypeScrollView[1]/XCUIElementTypeTextView[1]/XCUIElementTypeOther[1]/XCUIElementTypeOther[1]/XCUIElementTypeOther[1]/XCUIElementTypeOther[1]/XCUIElementTypeImage[1]"}
[38;5;0m[HTTP][0m <-- POST /wd/hub/session/e6cc2604-f04b-4835-bf96-2b5df2386912/elements 200 236 ms - 12
[38;5;0m[HTTP][0m 
[38;5;0m[HTTP][0m [37m-->[39m [37mPOST[39m [37m/wd/hub/session/e6cc2604-f04b-4835-bf96-2b5df2386912/elements[39m
[38;5;0m[HTTP][0m {"using":"xpath","value":"//XCUIElementTypeApplication/XCUIElementTypeWindow[1]/XCUIElementTypeOther[2]/XCUIElementTypeOther[1]/XCUIElementTypeOther[1]/XCUIElementTypeOther[1]/XCUIElementTypeOther[1]/XCUIElementTypeOther[1]/XCUIElementTypeOther[1]/XCUIElementTypeOther[1]/XCUIElementTypeOther[1]/XCUIElementTypeOther[1]/XCUIElementTypeOther[1]/XCUIElementTypeOther[1]/XCUIElementTypeOther[1]/XCUIElementTypeOther[1]/XCUIElementTypeOther[1]/XCUIElementTypeScrollView[1]/XCUIElementTypeOther[1]/XCUIElementTypeOther[1]/XCUIElementTypeOther[1]/XCUIElementTypeOther[1]/XCUIElementTypeOther[1]/XCUIElementTypeOther[1]/XCUIElementTypeOther[2]/XCUIElementTypeOther[1]/XCUIElementTypeScrollView[1]/XCUIElementTypeTextView[1]/XCUIElementTypeOther[1]/XCUIElementTypeOther[1]/XCUIElementTypeOther[1]/XCUIElementTypeOther[1]/XCUIElementTypeImage[1]"}
[38;5;0m[HTTP][0m <-- POST /wd/hub/session/e6cc2604-f04b-4835-bf96-2b5df2386912/elements 200 421 ms - 12
[38;5;0m[HTTP][0m 
[38;5;0m[HTTP][0m [37m-->[39m [37mPOST[39m [37m/wd/hub/session/e6cc2604-f04b-4835-bf96-2b5df2386912/elements[39m
[38;5;0m[HTTP][0m {"using":"xpath","value":"//XCUIElementTypeApplication/XCUIElementTypeWindow[1]/XCUIElementTypeOther[2]/XCUIElementTypeOther[1]/XCUIElementTypeOther[1]/XCUIElementTypeOther[1]/XCUIElementTypeOther[1]/XCUIElementTypeOther[1]/XCUIElementTypeOther[1]/XCUIElementTypeOther[1]/XCUIElementTypeOther[1]/XCUIElementTypeOther[1]/XCUIElementTypeOther[1]/XCUIElementTypeOther[1]/XCUIElementTypeOther[1]/XCUIElementTypeOther[1]/XCUIElementTypeOther[1]/XCUIElementTypeScrollView[1]/XCUIElementTypeOther[1]/XCUIElementTypeOther[1]/XCUIElementTypeOther[1]/XCUIElementTypeOther[1]/XCUIElementTypeOther[1]/XCUIElementTypeOther[1]/XCUIElementTypeOther[2]/XCUIElementTypeOther[1]/XCUIElementTypeScrollView[1]/XCUIElementTypeTextView[1]/XCUIElementTypeOther[1]/XCUIElementTypeOther[1]/XCUIElementTypeOther[1]/XCUIElementTypeOther[1]/XCUIElementTypeImage[1]"}
[38;5;0m[HTTP][0m <-- POST /wd/hub/session/e6cc2604-f04b-4835-bf96-2b5df2386912/elements 200 466 ms - 12
[38;5;0m[HTTP][0m 
[38;5;0m[HTTP][0m [37m-->[39m [37mPOST[39m [37m/wd/hub/session/e6cc2604-f04b-4835-bf96-2b5df2386912/elements[39m
[38;5;0m[HTTP][0m {"using":"xpath","value":"//XCUIElementTypeApplication/XCUIElementTypeWindow[1]/XCUIElementTypeOther[2]/XCUIElementTypeOther[1]/XCUIElementTypeOther[1]/XCUIElementTypeOther[1]/XCUIElementTypeOther[1]/XCUIElementTypeOther[1]/XCUIElementTypeOther[1]/XCUIElementTypeOther[1]/XCUIElementTypeOther[1]/XCUIElementTypeOther[1]/XCUIElementTypeOther[1]/XCUIElementTypeOther[1]/XCUIElementTypeOther[1]/XCUIElementTypeOther[1]/XCUIElementTypeOther[1]/XCUIElementTypeScrollView[1]/XCUIElementTypeOther[1]/XCUIElementTypeOther[1]/XCUIElementTypeOther[1]/XCUIElementTypeOther[1]/XCUIElementTypeOther[1]/XCUIElementTypeOther[1]/XCUIElementTypeOther[2]/XCUIElementTypeOther[1]/XCUIElementTypeScrollView[1]/XCUIElementTypeTextView[1]/XCUIElementTypeOther[1]/XCUIElementTypeOther[1]/XCUIElementTypeOther[1]/XCUIElementTypeOther[1]/XCUIElementTypeImage[1]"}
[38;5;0m[HTTP][0m <-- POST /wd/hub/session/e6cc2604-f04b-4835-bf96-2b5df2386912/elements 200 203 ms - 139
[38;5;0m[HTTP][0m 
[38;5;0m[HTTP][0m [37m-->[39m [37mGET[39m [37m/wd/hub/session/e6cc2604-f04b-4835-bf96-2b5df2386912/element/3E000000-0000-0000-FE15-000000000000/location[39m
[38;5;0m[HTTP][0m {}
[38;5;0m[HTTP][0m <-- GET /wd/hub/session/e6cc2604-f04b-4835-bf96-2b5df2386912/element/3E000000-0000-0000-FE15-000000000000/location 200 37 ms - 26
[38;5;0m[HTTP][0m 
[38;5;0m[HTTP][0m [37m-->[39m [37mPOST[39m [37m/wd/hub/session/e6cc2604-f04b-4835-bf96-2b5df2386912/timeouts[39m
[38;5;0m[HTTP][0m {"implicit":30000}
[38;5;0m[HTTP][0m <-- POST /wd/hub/session/e6cc2604-f04b-4835-bf96-2b5df2386912/timeouts 200 0 ms - 14
[38;5;0m[HTTP][0m 
[38;5;0m[HTTP][0m [37m-->[39m [37mPOST[39m [37m/wd/hub/session/e6cc2604-f04b-4835-bf96-2b5df2386912/timeouts[39m
[38;5;0m[HTTP][0m {"implicit":50}
[38;5;0m[HTTP][0m <-- POST /wd/hub/session/e6cc2604-f04b-4835-bf96-2b5df2386912/timeouts 200 0 ms - 14
[38;5;0m[HTTP][0m 
[38;5;0m[HTTP][0m [37m-->[39m [37mGET[39m [37m/wd/hub/session/e6cc2604-f04b-4835-bf96-2b5df2386912/window/rect[39m
[38;5;0m[HTTP][0m {}
[38;5;0m[HTTP][0m <-- GET /wd/hub/session/e6cc2604-f04b-4835-bf96-2b5df2386912/window/rect 200 41 ms - 48
[38;5;0m[HTTP][0m 
[38;5;0m[HTTP][0m [37m-->[39m [37mPOST[39m [37m/wd/hub/session/e6cc2604-f04b-4835-bf96-2b5df2386912/elements[39m
[38;5;0m[HTTP][0m {"using":"xpath","value":"//*[@type = 'XCUIElementTypeButton' and @label = 'Done' and @name = 'QLOverlayDoneButtonAccessibilityIdentifier']"}
[38;5;0m[HTTP][0m <-- POST /wd/hub/session/e6cc2604-f04b-4835-bf96-2b5df2386912/elements 200 611 ms - 139
[38;5;0m[HTTP][0m 
[38;5;0m[HTTP][0m [37m-->[39m [37mGET[39m [37m/wd/hub/session/e6cc2604-f04b-4835-bf96-2b5df2386912/element/C8010000-0000-0000-FC15-000000000000/location[39m
[38;5;0m[HTTP][0m {}
[38;5;0m[HTTP][0m <-- GET /wd/hub/session/e6cc2604-f04b-4835-bf96-2b5df2386912/element/C8010000-0000-0000-FC15-000000000000/location 200 55 ms - 26
[38;5;0m[HTTP][0m 
[38;5;0m[HTTP][0m [37m-->[39m [37mPOST[39m [37m/wd/hub/session/e6cc2604-f04b-4835-bf96-2b5df2386912/timeouts[39m
[38;5;0m[HTTP][0m {"implicit":30000}
[38;5;0m[HTTP][0m <-- POST /wd/hub/session/e6cc2604-f04b-4835-bf96-2b5df2386912/timeouts 200 0 ms - 14
[38;5;0m[HTTP][0m 
[38;5;0m[HTTP][0m [37m-->[39m [37mPOST[39m [37m/wd/hub/session/e6cc2604-f04b-4835-bf96-2b5df2386912/element/C8010000-0000-0000-FC15-000000000000/click[39m
[38;5;0m[HTTP][0m {"id":"C8010000-0000-0000-FC15-000000000000"}
[38;5;32m[XCUITestDriver@bb8a (e6cc2604)][0m Driver proxy active, passing request on via HTTP proxy
[38;5;32m[XCUITestDriver@bb8a (e6cc2604)][0m Replacing sessionId 223CD3E7-3EF0-4C95-A62A-8DE695D2FE2F with e6cc2604-f04b-4835-bf96-2b5df2386912
[38;5;0m[HTTP][0m <-- POST /wd/hub/session/e6cc2604-f04b-4835-bf96-2b5df2386912/element/C8010000-0000-0000-FC15-000000000000/click 200 694 ms - 65
[38;5;0m[HTTP][0m 
[38;5;0m[HTTP][0m [37m-->[39m [37mDELETE[39m [37m/wd/hub/session/e6cc2604-f04b-4835-bf96-2b5df2386912[39m
[38;5;0m[HTTP][0m {}
[38;5;16m[AppiumDriver@2dd8][0m Removing session e6cc2604-f04b-4835-bf96-2b5df2386912 from our master session list
[38;5;96m[DevCon Factory][0m Releasing connections for 00008110-00112D590CD0201E device on any port number
[38;5;96m[DevCon Factory][0m Found cached connections to release: ["00008110-00112D590CD0201E:62403"]
[38;5;96m[DevCon Factory][0m Releasing the listener for '00008110-00112D590CD0201E:62403'
[38;5;0m[HTTP][0m <-- DELETE /wd/hub/session/e6cc2604-f04b-4835-bf96-2b5df2386912 200 1066 ms - 14
[38;5;0m[HTTP][0m 
[Appium] Received SIGTERM - shutting down
[38;5;0m[HTTP][0m Waiting until the server is closed
[38;5;0m[HTTP][0m Received server close event
