<?xml version="1.0" encoding="UTF-8" standalone="no"?>
<!DOCTYPE log SYSTEM "logger.dtd">
<log>
<record>
  <date>2024-04-16T10:16:10.253363Z</date>
  <millis>1713262570253</millis>
  <nanos>363000</nanos>
  <sequence>0</sequence>
  <level>START</level>
  <class>com.kms.katalon.core.logging.XmlKeywordLogger</class>
  <method>startSuite</method>
  <thread>1</thread>
  <message>Start Test Suite : Test Suites/IS iPhone/Data Report</message>
  <nestedLevel>0</nestedLevel>
  <escapedJava>false</escapedJava>
  <property name="rerunTestFailImmediately">true</property>
  <property name="retryCount">0</property>
  <property name="name">Data Report</property>
  <property name="description"></property>
  <property name="id">Test Suites/IS iPhone/Data Report</property>
</record>
<record>
  <date>2024-04-16T10:16:10.260737Z</date>
  <millis>1713262570260</millis>
  <nanos>737000</nanos>
  <sequence>1</sequence>
  <level>RUN_DATA</level>
  <class>com.kms.katalon.core.logging.XmlKeywordLogger</class>
  <method>logMessage</method>
  <thread>1</thread>
  <message>hostName = safaamarir - localhost</message>
  <nestedLevel>0</nestedLevel>
  <escapedJava>false</escapedJava>
  <property name="hostName">safaamarir - localhost</property>
</record>
<record>
  <date>2024-04-16T10:16:10.260990Z</date>
  <millis>1713262570260</millis>
  <nanos>990000</nanos>
  <sequence>2</sequence>
  <level>RUN_DATA</level>
  <class>com.kms.katalon.core.logging.XmlKeywordLogger</class>
  <method>logMessage</method>
  <thread>1</thread>
  <message>os = Mac OS X 64bit</message>
  <nestedLevel>0</nestedLevel>
  <escapedJava>false</escapedJava>
  <property name="os">Mac OS X 64bit</property>
</record>
<record>
  <date>2024-04-16T10:16:10.261197Z</date>
  <millis>1713262570261</millis>
  <nanos>197000</nanos>
  <sequence>3</sequence>
  <level>RUN_DATA</level>
  <class>com.kms.katalon.core.logging.XmlKeywordLogger</class>
  <method>logMessage</method>
  <thread>1</thread>
  <message>hostAddress = 127.0.0.1</message>
  <nestedLevel>0</nestedLevel>
  <escapedJava>false</escapedJava>
  <property name="hostAddress">127.0.0.1</property>
</record>
<record>
  <date>2024-04-16T10:16:10.261377Z</date>
  <millis>1713262570261</millis>
  <nanos>377000</nanos>
  <sequence>4</sequence>
  <level>RUN_DATA</level>
  <class>com.kms.katalon.core.logging.XmlKeywordLogger</class>
  <method>logMessage</method>
  <thread>1</thread>
  <message>katalonVersion = 9.2.0.212</message>
  <nestedLevel>0</nestedLevel>
  <escapedJava>false</escapedJava>
  <property name="katalonVersion">9.2.0.212</property>
</record>
<record>
  <date>2024-04-16T10:16:10.313388Z</date>
  <millis>1713262570313</millis>
  <nanos>388000</nanos>
  <sequence>5</sequence>
  <level>START</level>
  <class>com.kms.katalon.core.logging.XmlKeywordLogger</class>
  <method>startTest</method>
  <thread>1</thread>
  <message>Start Test Case : Test Cases/IOS/User Management/EK-8491 IS iPhone - Sign in</message>
  <nestedLevel>1</nestedLevel>
  <escapedJava>false</escapedJava>
  <property name="remainingRetryCount">0</property>
  <property name="name">Test Cases/IOS/User Management/EK-8491 IS iPhone - Sign in</property>
  <property name="description">Summary: IS iPhone - Sign in
Description: </property>
  <property name="iteration"></property>
  <property name="id">Test Cases/IOS/User Management/EK-8491 IS iPhone - Sign in</property>
  <property name="source">\Users\safaamarir\git\Android_Automation\Test Cases\IOS\User Management\EK-8491 IS iPhone - Sign in.tc</property>
  <property name="tag">jira-integration</property>
  <property name="isOptional">false</property>
  <property name="currentRetryCount">0</property>
</record>
<record>
  <date>2024-04-16T10:16:10.334992Z</date>
  <millis>1713262570334</millis>
  <nanos>992000</nanos>
  <sequence>7</sequence>
  <level>START</level>
  <class>com.kms.katalon.core.logging.XmlKeywordLogger</class>
  <method>startKeyword</method>
  <thread>1</thread>
  <message>Start listener action : beforeTestCase</message>
  <nestedLevel>1</nestedLevel>
  <escapedJava>false</escapedJava>
</record>
<record>
  <date>2024-04-16T10:16:10.340502Z</date>
  <millis>1713262570340</millis>
  <nanos>502000</nanos>
  <sequence>9</sequence>
  <level>START</level>
  <class>com.kms.katalon.core.logging.XmlKeywordLogger</class>
  <method>startKeyword</method>
  <thread>1</thread>
  <message>Start action : addDefaultPackages()</message>
  <nestedLevel>1</nestedLevel>
  <escapedJava>false</escapedJava>
  <property name="startLine">30</property>
  <property name="stepIndex">1</property>
</record>
<record>
  <date>2024-04-16T10:16:10.355115Z</date>
  <millis>1713262570355</millis>
  <nanos>115000</nanos>
  <sequence>11</sequence>
  <level>END</level>
  <class>com.kms.katalon.core.logging.XmlKeywordLogger</class>
  <method>endKeyword</method>
  <thread>1</thread>
  <message>End action : addDefaultPackages()</message>
  <nestedLevel>1</nestedLevel>
  <escapedJava>false</escapedJava>
</record>
<record>
  <date>2024-04-16T10:16:10.355342Z</date>
  <millis>1713262570355</millis>
  <nanos>342000</nanos>
  <sequence>12</sequence>
  <level>END</level>
  <class>com.kms.katalon.core.logging.XmlKeywordLogger</class>
  <method>endKeyword</method>
  <thread>1</thread>
  <message>End listener action : beforeTestCase</message>
  <nestedLevel>1</nestedLevel>
  <escapedJava>false</escapedJava>
</record>
<record>
  <date>2024-04-16T10:16:10.594583Z</date>
  <millis>1713262570594</millis>
  <nanos>583000</nanos>
  <sequence>13</sequence>
  <level>START</level>
  <class>com.kms.katalon.core.logging.XmlKeywordLogger</class>
  <method>startKeyword</method>
  <thread>1</thread>
  <message>Start action : runFeatureFile(&amp;quot;Include/features/EK-8491 IS iPhone - Sign in.feature&amp;quot;)</message>
  <nestedLevel>1</nestedLevel>
  <escapedJava>false</escapedJava>
  <property name="startLine">20</property>
  <property name="stepIndex">1</property>
</record>
<record>
  <date>2024-04-16T10:16:10.615173Z</date>
  <millis>1713262570615</millis>
  <nanos>173000</nanos>
  <sequence>14</sequence>
  <level>INFO</level>
  <class>com.kms.katalon.core.logging.XmlKeywordLogger</class>
  <method>logMessage</method>
  <thread>1</thread>
  <message>Starting run keyword runFeatureFile: &amp;apos;Include/features/EK-8491 IS iPhone - Sign in.feature&amp;apos; and extract report to folder: &amp;apos;/Users/safaamarir/git/Android_Automation/Reports/20240416_111605/IS iPhone/Data Report/20240416_111606/cucumber_report/1713262570612&amp;apos;...</message>
  <nestedLevel>1</nestedLevel>
  <escapedJava>false</escapedJava>
</record>
<record>
  <date>2024-04-16T10:16:10.739736Z</date>
  <millis>1713262570739</millis>
  <nanos>736000</nanos>
  <sequence>17</sequence>
  <level>PASSED</level>
  <class>com.kms.katalon.core.logging.XmlKeywordLogger</class>
  <method>logMessage</method>
  <thread>1</thread>
  <message>Feature file: &amp;apos;Include/features/EK-8491 IS iPhone - Sign in.feature&amp;apos; was passed</message>
  <nestedLevel>1</nestedLevel>
  <escapedJava>false</escapedJava>
  <property name="testops-method-name">com.kms.katalon.core.keyword.internal.KeywordMain.runKeyword</property>
  <property name="testops-execution-stacktrace">com.kms.katalon.core.logging.KeywordLogger.logPassed(KeywordLogger.java:343)
com.kms.katalon.core.logging.KeywordLogger.logPassed(KeywordLogger.java:337)
com.kms.katalon.core.logging.KeywordLogger$logPassed$2.call(Unknown Source)
com.kms.katalon.core.cucumber.keyword.CucumberBuiltinKeywords$_runFeatureFile_closure1.doCall(CucumberBuiltinKeywords.groovy:114)
com.kms.katalon.core.cucumber.keyword.CucumberBuiltinKeywords$_runFeatureFile_closure1.doCall(CucumberBuiltinKeywords.groovy)
java.base/jdk.internal.reflect.NativeMethodAccessorImpl.invoke0(Native Method)
java.base/jdk.internal.reflect.NativeMethodAccessorImpl.invoke(NativeMethodAccessorImpl.java:77)
java.base/jdk.internal.reflect.DelegatingMethodAccessorImpl.invoke(DelegatingMethodAccessorImpl.java:43)
com.kms.katalon.core.keyword.internal.KeywordMain.runKeyword(KeywordMain.groovy:75)
com.kms.katalon.core.keyword.internal.KeywordMain.runKeyword(KeywordMain.groovy:69)
com.kms.katalon.core.keyword.internal.KeywordMain$runKeyword.call(Unknown Source)
com.kms.katalon.core.cucumber.keyword.CucumberBuiltinKeywords.runFeatureFile(CucumberBuiltinKeywords.groovy:77)
com.kms.katalon.core.cucumber.keyword.CucumberBuiltinKeywords$runFeatureFile.callStatic(Unknown Source)
com.kms.katalon.core.cucumber.keyword.CucumberBuiltinKeywords.runFeatureFile(CucumberBuiltinKeywords.groovy:256)
EK-8491 IS iPhone - Sign in.run(EK-8491 IS iPhone - Sign in:20)
</property>
</record>
<record>
  <date>2024-04-16T10:16:10.743044Z</date>
  <millis>1713262570743</millis>
  <nanos>44000</nanos>
  <sequence>18</sequence>
  <level>END</level>
  <class>com.kms.katalon.core.logging.XmlKeywordLogger</class>
  <method>endKeyword</method>
  <thread>1</thread>
  <message>End action : runFeatureFile(&amp;quot;Include/features/EK-8491 IS iPhone - Sign in.feature&amp;quot;)</message>
  <nestedLevel>1</nestedLevel>
  <escapedJava>false</escapedJava>
</record>
<record>
  <date>2024-04-16T10:16:10.743250Z</date>
  <millis>1713262570743</millis>
  <nanos>250000</nanos>
  <sequence>19</sequence>
  <level>START</level>
  <class>com.kms.katalon.core.logging.XmlKeywordLogger</class>
  <method>startKeyword</method>
  <thread>1</thread>
  <message>Start action : startApplication(IPA, true)</message>
  <nestedLevel>1</nestedLevel>
  <escapedJava>false</escapedJava>
  <property name="startLine">22</property>
  <property name="stepIndex">2</property>
</record>
<record>
  <date>2024-04-16T10:16:10.994997Z</date>
  <millis>1713262570994</millis>
  <nanos>997000</nanos>
  <sequence>21</sequence>
  <level>INFO</level>
  <class>com.kms.katalon.core.logging.XmlKeywordLogger</class>
  <method>logMessage</method>
  <thread>1</thread>
  <message>User set preference: [&amp;apos;automationName&amp;apos;, &amp;apos;XCUITest&amp;apos;]</message>
  <nestedLevel>1</nestedLevel>
  <escapedJava>false</escapedJava>
</record>
<record>
  <date>2024-04-16T10:16:10.995321Z</date>
  <millis>1713262570995</millis>
  <nanos>321000</nanos>
  <sequence>22</sequence>
  <level>INFO</level>
  <class>com.kms.katalon.core.logging.XmlKeywordLogger</class>
  <method>logMessage</method>
  <thread>1</thread>
  <message>User set preference: [&amp;apos;deviceId&amp;apos;, &amp;apos;00008110-00112D590CD0201E&amp;apos;]</message>
  <nestedLevel>1</nestedLevel>
  <escapedJava>false</escapedJava>
</record>
<record>
  <date>2024-04-16T10:16:21.012067Z</date>
  <millis>1713262581012</millis>
  <nanos>67000</nanos>
  <sequence>24</sequence>
  <level>WARNING</level>
  <class>com.kms.katalon.core.logging.XmlKeywordLogger</class>
  <method>logMessage</method>
  <thread>1</thread>
  <message>Failed to start ios_webkit_debug_proxy on default port 27753</message>
  <nestedLevel>1</nestedLevel>
  <escapedJava>false</escapedJava>
  <property name="failed.exception.class">com.kms.katalon.core.appium.exception.IOSWebkitStartException</property>
  <property name="failed.exception.stacktrace">com.kms.katalon.core.appium.exception.IOSWebkitStartException: Failed to start ios_webkit_debug_proxy on default port 27753
	at com.kms.katalon.core.appium.driver.AppiumDriverManager.startWebProxyServer(AppiumDriverManager.java:192)
	at com.kms.katalon.core.appium.driver.AppiumDriverManager.ensureWebProxyServerStarted(AppiumDriverManager.java:168)
	at com.kms.katalon.core.appium.driver.AppiumDriverManager.ensureServicesStarted(AppiumDriverManager.java:248)
	at com.kms.katalon.core.appium.driver.AppiumDriverManager.createMobileDriver(AppiumDriverManager.java:535)
	at com.kms.katalon.core.mobile.keyword.internal.MobileDriverFactory.startLocalMobileDriver(MobileDriverFactory.java:589)
	at com.kms.katalon.core.mobile.keyword.internal.MobileDriverFactory.startMobileDriver(MobileDriverFactory.java:502)
	at com.kms.katalon.core.mobile.keyword.builtin.StartApplicationKeyword$_startApplication_closure1.doCall(StartApplicationKeyword.groovy:61)
	at com.kms.katalon.core.mobile.keyword.builtin.StartApplicationKeyword$_startApplication_closure1.call(StartApplicationKeyword.groovy)
	at com.kms.katalon.core.mobile.keyword.internal.MobileKeywordMain.runKeyword(MobileKeywordMain.groovy:19)
	at com.kms.katalon.core.mobile.keyword.builtin.StartApplicationKeyword.startApplication(StartApplicationKeyword.groovy:63)
	at com.kms.katalon.core.mobile.keyword.builtin.StartApplicationKeyword.execute(StartApplicationKeyword.groovy:42)
	at com.kms.katalon.core.keyword.internal.KeywordExecutor.executeKeywordForPlatform(KeywordExecutor.groovy:74)
	at com.kms.katalon.core.mobile.keyword.MobileBuiltInKeywords.startApplication(MobileBuiltInKeywords.groovy:78)
	at EK-8491 IS iPhone - Sign in.run(EK-8491 IS iPhone - Sign in:22)
	at com.kms.katalon.core.main.ScriptEngine.run(ScriptEngine.java:194)
	at com.kms.katalon.core.main.ScriptEngine.runScriptAsRawText(ScriptEngine.java:119)
	at com.kms.katalon.core.main.TestCaseExecutor.runScript(TestCaseExecutor.java:448)
	at com.kms.katalon.core.main.TestCaseExecutor.doExecute(TestCaseExecutor.java:439)
	at com.kms.katalon.core.main.TestCaseExecutor.processExecutionPhase(TestCaseExecutor.java:418)
	at com.kms.katalon.core.main.TestCaseExecutor.accessMainPhase(TestCaseExecutor.java:410)
	at com.kms.katalon.core.main.TestCaseExecutor.execute(TestCaseExecutor.java:285)
	at com.kms.katalon.core.common.CommonExecutor.accessTestCaseMainPhase(CommonExecutor.java:65)
	at com.kms.katalon.core.main.TestSuiteExecutor.accessTestSuiteMainPhase(TestSuiteExecutor.java:148)
	at com.kms.katalon.core.main.TestSuiteExecutor.execute(TestSuiteExecutor.java:106)
	at com.kms.katalon.core.main.TestCaseMain.startTestSuite(TestCaseMain.java:180)
	at TempTestSuite1713262566801.run(TempTestSuite1713262566801.groovy:36)
	at java.base/jdk.internal.reflect.NativeMethodAccessorImpl.invoke0(Native Method)
	at java.base/jdk.internal.reflect.NativeMethodAccessorImpl.invoke(NativeMethodAccessorImpl.java:77)
	at java.base/jdk.internal.reflect.DelegatingMethodAccessorImpl.invoke(DelegatingMethodAccessorImpl.java:43)
</property>
  <property name="failed.exception.message">Failed to start ios_webkit_debug_proxy on default port 27753</property>
</record>
<record>
  <date>2024-04-16T10:16:21.055872Z</date>
  <millis>1713262581055</millis>
  <nanos>872000</nanos>
  <sequence>25</sequence>
  <level>INFO</level>
  <class>com.kms.katalon.core.logging.XmlKeywordLogger</class>
  <method>logMessage</method>
  <thread>1</thread>
  <message>Detected NodeJS location: &amp;quot;/opt/homebrew/Cellar/node/21.7.1/bin/node&amp;quot;</message>
  <nestedLevel>1</nestedLevel>
  <escapedJava>false</escapedJava>
</record>
<record>
  <date>2024-04-16T10:16:21.060254Z</date>
  <millis>1713262581060</millis>
  <nanos>254000</nanos>
  <sequence>26</sequence>
  <level>INFO</level>
  <class>com.kms.katalon.core.logging.XmlKeywordLogger</class>
  <method>logMessage</method>
  <thread>1</thread>
  <message>PATH: /opt/homebrew/Cellar/node/21.7.1/bin:/opt/homebrew/bin:/usr/bin:/bin:/usr/sbin:/sbin:/usr/local/bin</message>
  <nestedLevel>1</nestedLevel>
  <escapedJava>false</escapedJava>
</record>
<record>
  <date>2024-04-16T10:16:21.071923Z</date>
  <millis>1713262581071</millis>
  <nanos>923000</nanos>
  <sequence>27</sequence>
  <level>INFO</level>
  <class>com.kms.katalon.core.logging.XmlKeywordLogger</class>
  <method>logMessage</method>
  <thread>1</thread>
  <message>APPIUM_HOME: /Users/safaamarir/.appium</message>
  <nestedLevel>1</nestedLevel>
  <escapedJava>false</escapedJava>
</record>
<record>
  <date>2024-04-16T10:16:21.072187Z</date>
  <millis>1713262581072</millis>
  <nanos>187000</nanos>
  <sequence>28</sequence>
  <level>INFO</level>
  <class>com.kms.katalon.core.logging.XmlKeywordLogger</class>
  <method>logMessage</method>
  <thread>1</thread>
  <message>appium outlog: /Users/safaamarir/git/Android_Automation/Reports/20240416_111605/IS iPhone/Data Report/20240416_111606/appium.log</message>
  <nestedLevel>1</nestedLevel>
  <escapedJava>false</escapedJava>
</record>
<record>
  <date>2024-04-16T10:16:21.072353Z</date>
  <millis>1713262581072</millis>
  <nanos>353000</nanos>
  <sequence>29</sequence>
  <level>INFO</level>
  <class>com.kms.katalon.core.logging.XmlKeywordLogger</class>
  <method>logMessage</method>
  <thread>1</thread>
  <message>appium errlog: /Users/safaamarir/git/Android_Automation/Reports/20240416_111605/IS iPhone/Data Report/20240416_111606/appium_error.log</message>
  <nestedLevel>1</nestedLevel>
  <escapedJava>false</escapedJava>
</record>
<record>
  <date>2024-04-16T10:16:22.699918Z</date>
  <millis>1713262582699</millis>
  <nanos>918000</nanos>
  <sequence>30</sequence>
  <level>INFO</level>
  <class>com.kms.katalon.core.logging.XmlKeywordLogger</class>
  <method>logMessage</method>
  <thread>1</thread>
  <message>Appium server started on port 62,440</message>
  <nestedLevel>1</nestedLevel>
  <escapedJava>false</escapedJava>
</record>
<record>
  <date>2024-04-16T10:16:55.230405Z</date>
  <millis>1713262615230</millis>
  <nanos>405000</nanos>
  <sequence>32</sequence>
  <level>RUN_DATA</level>
  <class>com.kms.katalon.core.logging.XmlKeywordLogger</class>
  <method>logMessage</method>
  <thread>1</thread>
  <message>appiumVersion = 2.4.1</message>
  <nestedLevel>1</nestedLevel>
  <escapedJava>false</escapedJava>
  <property name="appiumVersion">2.4.1</property>
</record>
<record>
  <date>2024-04-16T10:16:55.231044Z</date>
  <millis>1713262615231</millis>
  <nanos>44000</nanos>
  <sequence>33</sequence>
  <level>RUN_DATA</level>
  <class>com.kms.katalon.core.logging.XmlKeywordLogger</class>
  <method>logMessage</method>
  <thread>1</thread>
  <message>appiumServerStatus = {&amp;quot;value&amp;quot;:{&amp;quot;ready&amp;quot;:true,&amp;quot;message&amp;quot;:&amp;quot;The server is ready to accept new connections&amp;quot;,&amp;quot;build&amp;quot;:{&amp;quot;version&amp;quot;:&amp;quot;2.4.1&amp;quot;,&amp;quot;git-sha&amp;quot;:&amp;quot;0476c2e5e4f02b409084553896340b2f4ab3352e&amp;quot;,&amp;quot;built&amp;quot;:&amp;quot;2024-04-07 06:56:18 +0800&amp;quot;}}}</message>
  <nestedLevel>1</nestedLevel>
  <escapedJava>false</escapedJava>
  <property name="appiumServerStatus">{&quot;value&quot;:{&quot;ready&quot;:true,&quot;message&quot;:&quot;The server is ready to accept new connections&quot;,&quot;build&quot;:{&quot;version&quot;:&quot;2.4.1&quot;,&quot;git-sha&quot;:&quot;0476c2e5e4f02b409084553896340b2f4ab3352e&quot;,&quot;built&quot;:&quot;2024-04-07 06:56:18 +0800&quot;}}}</property>
</record>
<record>
  <date>2024-04-16T10:16:55.236418Z</date>
  <millis>1713262615236</millis>
  <nanos>418000</nanos>
  <sequence>34</sequence>
  <level>RUN_DATA</level>
  <class>com.kms.katalon.core.logging.XmlKeywordLogger</class>
  <method>logMessage</method>
  <thread>1</thread>
  <message>deviceId = 00008110-00112D590CD0201E</message>
  <nestedLevel>1</nestedLevel>
  <escapedJava>false</escapedJava>
  <property name="deviceId">00008110-00112D590CD0201E</property>
</record>
<record>
  <date>2024-04-16T10:16:55.236665Z</date>
  <millis>1713262615236</millis>
  <nanos>665000</nanos>
  <sequence>35</sequence>
  <level>RUN_DATA</level>
  <class>com.kms.katalon.core.logging.XmlKeywordLogger</class>
  <method>logMessage</method>
  <thread>1</thread>
  <message>deviceName = Safa’s iPhone</message>
  <nestedLevel>1</nestedLevel>
  <escapedJava>false</escapedJava>
  <property name="deviceName">Safa’s iPhone</property>
</record>
<record>
  <date>2024-04-16T10:16:55.236908Z</date>
  <millis>1713262615236</millis>
  <nanos>908000</nanos>
  <sequence>36</sequence>
  <level>RUN_DATA</level>
  <class>com.kms.katalon.core.logging.XmlKeywordLogger</class>
  <method>logMessage</method>
  <thread>1</thread>
  <message>deviceModel = iPhone14,5</message>
  <nestedLevel>1</nestedLevel>
  <escapedJava>false</escapedJava>
  <property name="deviceModel">iPhone14,5</property>
</record>
<record>
  <date>2024-04-16T10:16:55.237061Z</date>
  <millis>1713262615237</millis>
  <nanos>61000</nanos>
  <sequence>37</sequence>
  <level>RUN_DATA</level>
  <class>com.kms.katalon.core.logging.XmlKeywordLogger</class>
  <method>logMessage</method>
  <thread>1</thread>
  <message>deviceManufacturer = Apple</message>
  <nestedLevel>1</nestedLevel>
  <escapedJava>false</escapedJava>
  <property name="deviceManufacturer">Apple</property>
</record>
<record>
  <date>2024-04-16T10:16:55.237179Z</date>
  <millis>1713262615237</millis>
  <nanos>179000</nanos>
  <sequence>38</sequence>
  <level>RUN_DATA</level>
  <class>com.kms.katalon.core.logging.XmlKeywordLogger</class>
  <method>logMessage</method>
  <thread>1</thread>
  <message>deviceOS = iOS</message>
  <nestedLevel>1</nestedLevel>
  <escapedJava>false</escapedJava>
  <property name="deviceOS">iOS</property>
</record>
<record>
  <date>2024-04-16T10:16:55.237295Z</date>
  <millis>1713262615237</millis>
  <nanos>295000</nanos>
  <sequence>39</sequence>
  <level>RUN_DATA</level>
  <class>com.kms.katalon.core.logging.XmlKeywordLogger</class>
  <method>logMessage</method>
  <thread>1</thread>
  <message>deviceOSVersion = 17.4.1</message>
  <nestedLevel>1</nestedLevel>
  <escapedJava>false</escapedJava>
  <property name="deviceOSVersion">17.4.1</property>
</record>
<record>
  <date>2024-04-16T10:16:55.482573Z</date>
  <millis>1713262615482</millis>
  <nanos>573000</nanos>
  <sequence>40</sequence>
  <level>PASSED</level>
  <class>com.kms.katalon.core.logging.XmlKeywordLogger</class>
  <method>logMessage</method>
  <thread>1</thread>
  <message>Started app at: &amp;apos;/Users/safaamarir/APK/IOS/IS/IS_Preprod_2.2.1_290.ipa&amp;apos;</message>
  <nestedLevel>1</nestedLevel>
  <escapedJava>false</escapedJava>
  <property name="testops-method-name">com.kms.katalon.core.mobile.keyword.builtin.StartApplicationKeyword.startApplication</property>
  <property name="testops-execution-stacktrace"></property>
</record>
<record>
  <date>2024-04-16T10:16:55.484279Z</date>
  <millis>1713262615484</millis>
  <nanos>279000</nanos>
  <sequence>41</sequence>
  <level>END</level>
  <class>com.kms.katalon.core.logging.XmlKeywordLogger</class>
  <method>endKeyword</method>
  <thread>1</thread>
  <message>End action : startApplication(IPA, true)</message>
  <nestedLevel>1</nestedLevel>
  <escapedJava>false</escapedJava>
</record>
<record>
  <date>2024-04-16T10:16:55.484580Z</date>
  <millis>1713262615484</millis>
  <nanos>580000</nanos>
  <sequence>42</sequence>
  <level>START</level>
  <class>com.kms.katalon.core.logging.XmlKeywordLogger</class>
  <method>startKeyword</method>
  <thread>1</thread>
  <message>Start action : tap(findTestObject(&amp;quot;Object Repository/IOS/User Management/Sign In/XCUIElementTypeButton - Allow&amp;quot;), 30)</message>
  <nestedLevel>1</nestedLevel>
  <escapedJava>false</escapedJava>
  <property name="startLine">24</property>
  <property name="stepIndex">3</property>
</record>
<record>
  <date>2024-04-16T10:16:56.971009Z</date>
  <millis>1713262616971</millis>
  <nanos>9000</nanos>
  <sequence>46</sequence>
  <level>PASSED</level>
  <class>com.kms.katalon.core.logging.XmlKeywordLogger</class>
  <method>logMessage</method>
  <thread>1</thread>
  <message>Tapped on element &amp;apos;Object Repository/IOS/User Management/Sign In/XCUIElementTypeButton - Allow&amp;apos;</message>
  <nestedLevel>1</nestedLevel>
  <escapedJava>false</escapedJava>
  <property name="testops-method-name">com.kms.katalon.core.mobile.keyword.builtin.TapKeyword.tap</property>
  <property name="testops-execution-stacktrace"></property>
</record>
<record>
  <date>2024-04-16T10:16:56.972190Z</date>
  <millis>1713262616972</millis>
  <nanos>190000</nanos>
  <sequence>47</sequence>
  <level>END</level>
  <class>com.kms.katalon.core.logging.XmlKeywordLogger</class>
  <method>endKeyword</method>
  <thread>1</thread>
  <message>End action : tap(findTestObject(&amp;quot;Object Repository/IOS/User Management/Sign In/XCUIElementTypeButton - Allow&amp;quot;), 30)</message>
  <nestedLevel>1</nestedLevel>
  <escapedJava>false</escapedJava>
</record>
<record>
  <date>2024-04-16T10:16:56.972514Z</date>
  <millis>1713262616972</millis>
  <nanos>514000</nanos>
  <sequence>48</sequence>
  <level>START</level>
  <class>com.kms.katalon.core.logging.XmlKeywordLogger</class>
  <method>startKeyword</method>
  <thread>1</thread>
  <message>Start action : setText(findTestObject(&amp;quot;Object Repository/IOS/User Management/Sign In/XCUIElementTypeTextField - username&amp;quot;), LoginCreds.get(&amp;quot;username&amp;quot;), 30)</message>
  <nestedLevel>1</nestedLevel>
  <escapedJava>false</escapedJava>
  <property name="startLine">26</property>
  <property name="stepIndex">4</property>
</record>
<record>
  <date>2024-04-16T10:16:58.815787Z</date>
  <millis>1713262618815</millis>
  <nanos>787000</nanos>
  <sequence>52</sequence>
  <level>PASSED</level>
  <class>com.kms.katalon.core.logging.XmlKeywordLogger</class>
  <method>logMessage</method>
  <thread>1</thread>
  <message>Text &amp;apos;katalon&amp;apos; has been set to element &amp;apos;Object Repository/IOS/User Management/Sign In/XCUIElementTypeTextField - username&amp;apos;</message>
  <nestedLevel>1</nestedLevel>
  <escapedJava>false</escapedJava>
  <property name="testops-method-name">com.kms.katalon.core.mobile.keyword.builtin.SetTextKeyword.setText</property>
  <property name="testops-execution-stacktrace"></property>
</record>
<record>
  <date>2024-04-16T10:16:58.816804Z</date>
  <millis>1713262618816</millis>
  <nanos>804000</nanos>
  <sequence>53</sequence>
  <level>END</level>
  <class>com.kms.katalon.core.logging.XmlKeywordLogger</class>
  <method>endKeyword</method>
  <thread>1</thread>
  <message>End action : setText(findTestObject(&amp;quot;Object Repository/IOS/User Management/Sign In/XCUIElementTypeTextField - username&amp;quot;), LoginCreds.get(&amp;quot;username&amp;quot;), 30)</message>
  <nestedLevel>1</nestedLevel>
  <escapedJava>false</escapedJava>
</record>
<record>
  <date>2024-04-16T10:16:58.816983Z</date>
  <millis>1713262618816</millis>
  <nanos>983000</nanos>
  <sequence>54</sequence>
  <level>START</level>
  <class>com.kms.katalon.core.logging.XmlKeywordLogger</class>
  <method>startKeyword</method>
  <thread>1</thread>
  <message>Start action : setText(findTestObject(&amp;quot;Object Repository/IOS/User Management/Sign In/XCUIElementTypeSecureTextField - Passcode&amp;quot;), LoginCreds.get(&amp;quot;password&amp;quot;), 30)</message>
  <nestedLevel>1</nestedLevel>
  <escapedJava>false</escapedJava>
  <property name="startLine">29</property>
  <property name="stepIndex">5</property>
</record>
<record>
  <date>2024-04-16T10:17:00.484130Z</date>
  <millis>1713262620484</millis>
  <nanos>130000</nanos>
  <sequence>58</sequence>
  <level>PASSED</level>
  <class>com.kms.katalon.core.logging.XmlKeywordLogger</class>
  <method>logMessage</method>
  <thread>1</thread>
  <message>Text &amp;apos;eKare123@&amp;apos; has been set to element &amp;apos;Object Repository/IOS/User Management/Sign In/XCUIElementTypeSecureTextField - Passcode&amp;apos;</message>
  <nestedLevel>1</nestedLevel>
  <escapedJava>false</escapedJava>
  <property name="testops-method-name">com.kms.katalon.core.mobile.keyword.builtin.SetTextKeyword.setText</property>
  <property name="testops-execution-stacktrace"></property>
</record>
<record>
  <date>2024-04-16T10:17:00.485177Z</date>
  <millis>1713262620485</millis>
  <nanos>177000</nanos>
  <sequence>59</sequence>
  <level>END</level>
  <class>com.kms.katalon.core.logging.XmlKeywordLogger</class>
  <method>endKeyword</method>
  <thread>1</thread>
  <message>End action : setText(findTestObject(&amp;quot;Object Repository/IOS/User Management/Sign In/XCUIElementTypeSecureTextField - Passcode&amp;quot;), LoginCreds.get(&amp;quot;password&amp;quot;), 30)</message>
  <nestedLevel>1</nestedLevel>
  <escapedJava>false</escapedJava>
</record>
<record>
  <date>2024-04-16T10:17:00.485317Z</date>
  <millis>1713262620485</millis>
  <nanos>317000</nanos>
  <sequence>60</sequence>
  <level>START</level>
  <class>com.kms.katalon.core.logging.XmlKeywordLogger</class>
  <method>startKeyword</method>
  <thread>1</thread>
  <message>Start action : tap(findTestObject(&amp;quot;Object Repository/IOS/User Management/Sign In/XCUIElementTypeOther - SIGN IN&amp;quot;), 30)</message>
  <nestedLevel>1</nestedLevel>
  <escapedJava>false</escapedJava>
  <property name="startLine">32</property>
  <property name="stepIndex">6</property>
</record>
<record>
  <date>2024-04-16T10:17:02.178691Z</date>
  <millis>1713262622178</millis>
  <nanos>691000</nanos>
  <sequence>64</sequence>
  <level>PASSED</level>
  <class>com.kms.katalon.core.logging.XmlKeywordLogger</class>
  <method>logMessage</method>
  <thread>1</thread>
  <message>Tapped on element &amp;apos;Object Repository/IOS/User Management/Sign In/XCUIElementTypeOther - SIGN IN&amp;apos;</message>
  <nestedLevel>1</nestedLevel>
  <escapedJava>false</escapedJava>
  <property name="testops-method-name">com.kms.katalon.core.mobile.keyword.builtin.TapKeyword.tap</property>
  <property name="testops-execution-stacktrace"></property>
</record>
<record>
  <date>2024-04-16T10:17:02.179744Z</date>
  <millis>1713262622179</millis>
  <nanos>744000</nanos>
  <sequence>65</sequence>
  <level>END</level>
  <class>com.kms.katalon.core.logging.XmlKeywordLogger</class>
  <method>endKeyword</method>
  <thread>1</thread>
  <message>End action : tap(findTestObject(&amp;quot;Object Repository/IOS/User Management/Sign In/XCUIElementTypeOther - SIGN IN&amp;quot;), 30)</message>
  <nestedLevel>1</nestedLevel>
  <escapedJava>false</escapedJava>
</record>
<record>
  <date>2024-04-16T10:17:02.179935Z</date>
  <millis>1713262622179</millis>
  <nanos>935000</nanos>
  <sequence>66</sequence>
  <level>START</level>
  <class>com.kms.katalon.core.logging.XmlKeywordLogger</class>
  <method>startKeyword</method>
  <thread>1</thread>
  <message>Start action : tap(findTestObject(&amp;quot;IOS/User Management/Sign In/XCUIElementTypeOther - Katalon&amp;quot;), 30)</message>
  <nestedLevel>1</nestedLevel>
  <escapedJava>false</escapedJava>
  <property name="startLine">34</property>
  <property name="stepIndex">7</property>
</record>
<record>
  <date>2024-04-16T10:17:03.127850Z</date>
  <millis>1713262623127</millis>
  <nanos>850000</nanos>
  <sequence>70</sequence>
  <level>PASSED</level>
  <class>com.kms.katalon.core.logging.XmlKeywordLogger</class>
  <method>logMessage</method>
  <thread>1</thread>
  <message>Tapped on element &amp;apos;Object Repository/IOS/User Management/Sign In/XCUIElementTypeOther - Katalon&amp;apos;</message>
  <nestedLevel>1</nestedLevel>
  <escapedJava>false</escapedJava>
  <property name="testops-method-name">com.kms.katalon.core.mobile.keyword.builtin.TapKeyword.tap</property>
  <property name="testops-execution-stacktrace"></property>
</record>
<record>
  <date>2024-04-16T10:17:03.128993Z</date>
  <millis>1713262623128</millis>
  <nanos>993000</nanos>
  <sequence>71</sequence>
  <level>END</level>
  <class>com.kms.katalon.core.logging.XmlKeywordLogger</class>
  <method>endKeyword</method>
  <thread>1</thread>
  <message>End action : tap(findTestObject(&amp;quot;IOS/User Management/Sign In/XCUIElementTypeOther - Katalon&amp;quot;), 30)</message>
  <nestedLevel>1</nestedLevel>
  <escapedJava>false</escapedJava>
</record>
<record>
  <date>2024-04-16T10:17:03.129096Z</date>
  <millis>1713262623129</millis>
  <nanos>96000</nanos>
  <sequence>72</sequence>
  <level>START</level>
  <class>com.kms.katalon.core.logging.XmlKeywordLogger</class>
  <method>startKeyword</method>
  <thread>1</thread>
  <message>Start action : delay(10)</message>
  <nestedLevel>1</nestedLevel>
  <escapedJava>false</escapedJava>
  <property name="startLine">36</property>
  <property name="stepIndex">8</property>
</record>
<record>
  <date>2024-04-16T10:17:13.148767Z</date>
  <millis>1713262633148</millis>
  <nanos>767000</nanos>
  <sequence>74</sequence>
  <level>PASSED</level>
  <class>com.kms.katalon.core.logging.XmlKeywordLogger</class>
  <method>logMessage</method>
  <thread>1</thread>
  <message>Delayed 10 second(s)</message>
  <nestedLevel>1</nestedLevel>
  <escapedJava>false</escapedJava>
  <property name="testops-method-name">com.kms.katalon.core.keyword.builtin.DelayKeyword.delay</property>
  <property name="testops-execution-stacktrace"></property>
</record>
<record>
  <date>2024-04-16T10:17:13.149052Z</date>
  <millis>1713262633149</millis>
  <nanos>52000</nanos>
  <sequence>75</sequence>
  <level>END</level>
  <class>com.kms.katalon.core.logging.XmlKeywordLogger</class>
  <method>endKeyword</method>
  <thread>1</thread>
  <message>End action : delay(10)</message>
  <nestedLevel>1</nestedLevel>
  <escapedJava>false</escapedJava>
</record>
<record>
  <date>2024-04-16T10:17:13.149189Z</date>
  <millis>1713262633149</millis>
  <nanos>189000</nanos>
  <sequence>76</sequence>
  <level>PASSED</level>
  <class>com.kms.katalon.core.logging.XmlKeywordLogger</class>
  <method>logMessage</method>
  <thread>1</thread>
  <message>Test Cases/IOS/User Management/EK-8491 IS iPhone - Sign in</message>
  <nestedLevel>1</nestedLevel>
  <escapedJava>false</escapedJava>
</record>
<record>
  <date>2024-04-16T10:17:15.192082Z</date>
  <millis>1713262635192</millis>
  <nanos>82000</nanos>
  <sequence>77</sequence>
  <level>START</level>
  <class>com.kms.katalon.core.logging.XmlKeywordLogger</class>
  <method>startKeyword</method>
  <thread>1</thread>
  <message>Start action : Video</message>
  <nestedLevel>1</nestedLevel>
  <escapedJava>false</escapedJava>
</record>
<record>
  <date>2024-04-16T10:17:15.192341Z</date>
  <millis>1713262635192</millis>
  <nanos>341000</nanos>
  <sequence>78</sequence>
  <level>INFO</level>
  <class>com.kms.katalon.core.logging.XmlKeywordLogger</class>
  <method>logMessage</method>
  <thread>1</thread>
  <message>Video recording for test case &amp;apos;Test Cases/IOS/User Management/EK-8491 IS iPhone - Sign in&amp;apos; .</message>
  <nestedLevel>1</nestedLevel>
  <escapedJava>false</escapedJava>
  <property name="video-attachment">videos/screen_recording_1_0.avi</property>
</record>
<record>
  <date>2024-04-16T10:17:15.192578Z</date>
  <millis>1713262635192</millis>
  <nanos>578000</nanos>
  <sequence>79</sequence>
  <level>END</level>
  <class>com.kms.katalon.core.logging.XmlKeywordLogger</class>
  <method>endKeyword</method>
  <thread>1</thread>
  <message>End End action : Video</message>
  <nestedLevel>1</nestedLevel>
  <escapedJava>false</escapedJava>
</record>
<record>
  <date>2024-04-16T10:17:15.192965Z</date>
  <millis>1713262635192</millis>
  <nanos>965000</nanos>
  <sequence>80</sequence>
  <level>END</level>
  <class>com.kms.katalon.core.logging.XmlKeywordLogger</class>
  <method>endTest</method>
  <thread>1</thread>
  <message>End Test Case : Test Cases/IOS/User Management/EK-8491 IS iPhone - Sign in</message>
  <nestedLevel>0</nestedLevel>
  <escapedJava>false</escapedJava>
  <property name="executionBindingVariables">[]</property>
  <property name="applitools">false</property>
  <property name="remainingRetryCount">0</property>
  <property name="currentRetryCount">0</property>
  <property name="keywordsUsage">{
  &quot;web_ui&quot;: false,
  &quot;web_service&quot;: false,
  &quot;cucumber&quot;: true,
  &quot;builtin&quot;: true,
  &quot;mobile&quot;: true,
  &quot;windows&quot;: false,
  &quot;testng&quot;: false
}</property>
</record>
<record>
  <date>2024-04-16T10:17:15.195838Z</date>
  <millis>1713262635195</millis>
  <nanos>838000</nanos>
  <sequence>81</sequence>
  <level>START</level>
  <class>com.kms.katalon.core.logging.XmlKeywordLogger</class>
  <method>startTest</method>
  <thread>1</thread>
  <message>Start Test Case : Test Cases/IOS/Data Report/EK-8596 IS iPhone - Patient (PDF) Report</message>
  <nestedLevel>1</nestedLevel>
  <escapedJava>false</escapedJava>
  <property name="remainingRetryCount">0</property>
  <property name="name">Test Cases/IOS/Data Report/EK-8596 IS iPhone - Patient (PDF) Report</property>
  <property name="description">Summary: IS iPhone - Patient (PDF) Report
Description: </property>
  <property name="iteration"></property>
  <property name="id">Test Cases/IOS/Data Report/EK-8596 IS iPhone - Patient (PDF) Report</property>
  <property name="source">\Users\safaamarir\git\Android_Automation\Test Cases\IOS\Data Report\EK-8596 IS iPhone - Patient (PDF) Report.tc</property>
  <property name="tag">jira-integration</property>
  <property name="isOptional">false</property>
  <property name="currentRetryCount">0</property>
</record>
<record>
  <date>2024-04-16T10:17:15.202534Z</date>
  <millis>1713262635202</millis>
  <nanos>534000</nanos>
  <sequence>83</sequence>
  <level>START</level>
  <class>com.kms.katalon.core.logging.XmlKeywordLogger</class>
  <method>startKeyword</method>
  <thread>1</thread>
  <message>Start listener action : beforeTestCase</message>
  <nestedLevel>1</nestedLevel>
  <escapedJava>false</escapedJava>
</record>
<record>
  <date>2024-04-16T10:17:15.203215Z</date>
  <millis>1713262635203</millis>
  <nanos>215000</nanos>
  <sequence>85</sequence>
  <level>START</level>
  <class>com.kms.katalon.core.logging.XmlKeywordLogger</class>
  <method>startKeyword</method>
  <thread>1</thread>
  <message>Start action : addDefaultPackages()</message>
  <nestedLevel>1</nestedLevel>
  <escapedJava>false</escapedJava>
  <property name="startLine">30</property>
  <property name="stepIndex">1</property>
</record>
<record>
  <date>2024-04-16T10:17:15.203871Z</date>
  <millis>1713262635203</millis>
  <nanos>871000</nanos>
  <sequence>87</sequence>
  <level>END</level>
  <class>com.kms.katalon.core.logging.XmlKeywordLogger</class>
  <method>endKeyword</method>
  <thread>1</thread>
  <message>End action : addDefaultPackages()</message>
  <nestedLevel>1</nestedLevel>
  <escapedJava>false</escapedJava>
</record>
<record>
  <date>2024-04-16T10:17:15.204006Z</date>
  <millis>1713262635204</millis>
  <nanos>6000</nanos>
  <sequence>88</sequence>
  <level>END</level>
  <class>com.kms.katalon.core.logging.XmlKeywordLogger</class>
  <method>endKeyword</method>
  <thread>1</thread>
  <message>End listener action : beforeTestCase</message>
  <nestedLevel>1</nestedLevel>
  <escapedJava>false</escapedJava>
</record>
<record>
  <date>2024-04-16T10:17:15.222345Z</date>
  <millis>1713262635222</millis>
  <nanos>345000</nanos>
  <sequence>89</sequence>
  <level>START</level>
  <class>com.kms.katalon.core.logging.XmlKeywordLogger</class>
  <method>startKeyword</method>
  <thread>1</thread>
  <message>Start action : runFeatureFile(&amp;quot;Include/features/EK-8596 IS iPhone - Patient (PDF) Report.feature&amp;quot;)</message>
  <nestedLevel>1</nestedLevel>
  <escapedJava>false</escapedJava>
  <property name="startLine">20</property>
  <property name="stepIndex">1</property>
</record>
<record>
  <date>2024-04-16T10:17:15.222817Z</date>
  <millis>1713262635222</millis>
  <nanos>817000</nanos>
  <sequence>90</sequence>
  <level>INFO</level>
  <class>com.kms.katalon.core.logging.XmlKeywordLogger</class>
  <method>logMessage</method>
  <thread>1</thread>
  <message>Starting run keyword runFeatureFile: &amp;apos;Include/features/EK-8596 IS iPhone - Patient (PDF) Report.feature&amp;apos; and extract report to folder: &amp;apos;/Users/safaamarir/git/Android_Automation/Reports/20240416_111605/IS iPhone/Data Report/20240416_111606/cucumber_report/1713262635222&amp;apos;...</message>
  <nestedLevel>1</nestedLevel>
  <escapedJava>false</escapedJava>
</record>
<record>
  <date>2024-04-16T10:17:15.228110Z</date>
  <millis>1713262635228</millis>
  <nanos>110000</nanos>
  <sequence>93</sequence>
  <level>PASSED</level>
  <class>com.kms.katalon.core.logging.XmlKeywordLogger</class>
  <method>logMessage</method>
  <thread>1</thread>
  <message>Feature file: &amp;apos;Include/features/EK-8596 IS iPhone - Patient (PDF) Report.feature&amp;apos; was passed</message>
  <nestedLevel>1</nestedLevel>
  <escapedJava>false</escapedJava>
  <property name="testops-method-name">com.kms.katalon.core.keyword.internal.KeywordMain.runKeyword</property>
  <property name="testops-execution-stacktrace">com.kms.katalon.core.logging.KeywordLogger.logPassed(KeywordLogger.java:343)
com.kms.katalon.core.logging.KeywordLogger.logPassed(KeywordLogger.java:337)
com.kms.katalon.core.logging.KeywordLogger$logPassed$2.call(Unknown Source)
com.kms.katalon.core.cucumber.keyword.CucumberBuiltinKeywords$_runFeatureFile_closure1.doCall(CucumberBuiltinKeywords.groovy:114)
com.kms.katalon.core.cucumber.keyword.CucumberBuiltinKeywords$_runFeatureFile_closure1.doCall(CucumberBuiltinKeywords.groovy)
java.base/jdk.internal.reflect.NativeMethodAccessorImpl.invoke0(Native Method)
java.base/jdk.internal.reflect.NativeMethodAccessorImpl.invoke(NativeMethodAccessorImpl.java:77)
java.base/jdk.internal.reflect.DelegatingMethodAccessorImpl.invoke(DelegatingMethodAccessorImpl.java:43)
com.kms.katalon.core.keyword.internal.KeywordMain.runKeyword(KeywordMain.groovy:75)
com.kms.katalon.core.keyword.internal.KeywordMain.runKeyword(KeywordMain.groovy:69)
com.kms.katalon.core.keyword.internal.KeywordMain$runKeyword.call(Unknown Source)
com.kms.katalon.core.cucumber.keyword.CucumberBuiltinKeywords.runFeatureFile(CucumberBuiltinKeywords.groovy:77)
com.kms.katalon.core.cucumber.keyword.CucumberBuiltinKeywords$runFeatureFile.callStatic(Unknown Source)
com.kms.katalon.core.cucumber.keyword.CucumberBuiltinKeywords.runFeatureFile(CucumberBuiltinKeywords.groovy:256)
EK-8596 IS iPhone - Patient (PDF) Report.run(EK-8596 IS iPhone - Patient (PDF) Report:20)
</property>
</record>
<record>
  <date>2024-04-16T10:17:15.228857Z</date>
  <millis>1713262635228</millis>
  <nanos>857000</nanos>
  <sequence>94</sequence>
  <level>END</level>
  <class>com.kms.katalon.core.logging.XmlKeywordLogger</class>
  <method>endKeyword</method>
  <thread>1</thread>
  <message>End action : runFeatureFile(&amp;quot;Include/features/EK-8596 IS iPhone - Patient (PDF) Report.feature&amp;quot;)</message>
  <nestedLevel>1</nestedLevel>
  <escapedJava>false</escapedJava>
</record>
<record>
  <date>2024-04-16T10:17:15.228936Z</date>
  <millis>1713262635228</millis>
  <nanos>936000</nanos>
  <sequence>95</sequence>
  <level>START</level>
  <class>com.kms.katalon.core.logging.XmlKeywordLogger</class>
  <method>startKeyword</method>
  <thread>1</thread>
  <message>Start action : scrollToText(&amp;quot;Generate, Report&amp;quot;)</message>
  <nestedLevel>1</nestedLevel>
  <escapedJava>false</escapedJava>
  <property name="startLine">22</property>
  <property name="stepIndex">2</property>
</record>
<record>
  <date>2024-04-16T10:17:18.285582Z</date>
  <millis>1713262638285</millis>
  <nanos>582000</nanos>
  <sequence>99</sequence>
  <level>PASSED</level>
  <class>com.kms.katalon.core.logging.XmlKeywordLogger</class>
  <method>logMessage</method>
  <thread>1</thread>
  <message>Scrolling to text &amp;apos;Generate, Report&amp;apos; successfully</message>
  <nestedLevel>1</nestedLevel>
  <escapedJava>false</escapedJava>
  <property name="testops-method-name">com.kms.katalon.core.mobile.keyword.internal.MobileKeywordMain$runKeyword.call</property>
  <property name="testops-execution-stacktrace">com.kms.katalon.core.logging.KeywordLogger.logPassed(KeywordLogger.java:343)
com.kms.katalon.core.logging.KeywordLogger.logPassed(KeywordLogger.java:337)
com.kms.katalon.core.logging.KeywordLogger$logPassed$2.call(Unknown Source)
com.kms.katalon.core.mobile.keyword.builtin.ScrollToTextKeyword$_scrollToText_closure1.doCall(ScrollToTextKeyword.groovy:76)
com.kms.katalon.core.mobile.keyword.builtin.ScrollToTextKeyword$_scrollToText_closure1.doCall(ScrollToTextKeyword.groovy)
java.base/jdk.internal.reflect.NativeMethodAccessorImpl.invoke0(Native Method)
java.base/jdk.internal.reflect.NativeMethodAccessorImpl.invoke(NativeMethodAccessorImpl.java:77)
java.base/jdk.internal.reflect.DelegatingMethodAccessorImpl.invoke(DelegatingMethodAccessorImpl.java:43)
com.kms.katalon.core.mobile.keyword.internal.MobileKeywordMain.runKeyword(MobileKeywordMain.groovy:19)
com.kms.katalon.core.mobile.keyword.internal.MobileKeywordMain$runKeyword.call(Unknown Source)
com.kms.katalon.core.mobile.keyword.builtin.ScrollToTextKeyword.scrollToText(ScrollToTextKeyword.groovy:83)
com.kms.katalon.core.mobile.keyword.builtin.ScrollToTextKeyword.execute(ScrollToTextKeyword.groovy:39)
com.kms.katalon.core.keyword.internal.KeywordExecutor.executeKeywordForPlatform(KeywordExecutor.groovy:74)
com.kms.katalon.core.mobile.keyword.MobileBuiltInKeywords.scrollToText(MobileBuiltInKeywords.groovy:1998)
EK-8596 IS iPhone - Patient (PDF) Report.run(EK-8596 IS iPhone - Patient (PDF) Report:22)
</property>
</record>
<record>
  <date>2024-04-16T10:17:18.289407Z</date>
  <millis>1713262638289</millis>
  <nanos>407000</nanos>
  <sequence>100</sequence>
  <level>END</level>
  <class>com.kms.katalon.core.logging.XmlKeywordLogger</class>
  <method>endKeyword</method>
  <thread>1</thread>
  <message>End action : scrollToText(&amp;quot;Generate, Report&amp;quot;)</message>
  <nestedLevel>1</nestedLevel>
  <escapedJava>false</escapedJava>
</record>
<record>
  <date>2024-04-16T10:17:18.289595Z</date>
  <millis>1713262638289</millis>
  <nanos>595000</nanos>
  <sequence>101</sequence>
  <level>START</level>
  <class>com.kms.katalon.core.logging.XmlKeywordLogger</class>
  <method>startKeyword</method>
  <thread>1</thread>
  <message>Start action : delay(5, STOP_ON_FAILURE)</message>
  <nestedLevel>1</nestedLevel>
  <escapedJava>false</escapedJava>
  <property name="startLine">24</property>
  <property name="stepIndex">3</property>
</record>
<record>
  <date>2024-04-16T10:17:23.299293Z</date>
  <millis>1713262643299</millis>
  <nanos>293000</nanos>
  <sequence>103</sequence>
  <level>PASSED</level>
  <class>com.kms.katalon.core.logging.XmlKeywordLogger</class>
  <method>logMessage</method>
  <thread>1</thread>
  <message>Delayed 5 second(s)</message>
  <nestedLevel>1</nestedLevel>
  <escapedJava>false</escapedJava>
  <property name="testops-method-name">com.kms.katalon.core.keyword.builtin.DelayKeyword.delay</property>
  <property name="testops-execution-stacktrace"></property>
</record>
<record>
  <date>2024-04-16T10:17:23.300335Z</date>
  <millis>1713262643300</millis>
  <nanos>335000</nanos>
  <sequence>104</sequence>
  <level>END</level>
  <class>com.kms.katalon.core.logging.XmlKeywordLogger</class>
  <method>endKeyword</method>
  <thread>1</thread>
  <message>End action : delay(5, STOP_ON_FAILURE)</message>
  <nestedLevel>1</nestedLevel>
  <escapedJava>false</escapedJava>
</record>
<record>
  <date>2024-04-16T10:17:23.300431Z</date>
  <millis>1713262643300</millis>
  <nanos>431000</nanos>
  <sequence>105</sequence>
  <level>START</level>
  <class>com.kms.katalon.core.logging.XmlKeywordLogger</class>
  <method>startKeyword</method>
  <thread>1</thread>
  <message>Start action : tap(findTestObject(&amp;quot;Object Repository/IOS/Data Report/XCUIElementTypeOther - Generate, Report 01082023 24M    MRN 11ui No Consent&amp;quot;), 30)</message>
  <nestedLevel>1</nestedLevel>
  <escapedJava>false</escapedJava>
  <property name="startLine">26</property>
  <property name="stepIndex">4</property>
</record>
<record>
  <date>2024-04-16T10:17:53.966112Z</date>
  <millis>1713262673966</millis>
  <nanos>112000</nanos>
  <sequence>109</sequence>
  <level>PASSED</level>
  <class>com.kms.katalon.core.logging.XmlKeywordLogger</class>
  <method>logMessage</method>
  <thread>1</thread>
  <message>Tapped on element &amp;apos;Object Repository/IOS/Data Report/XCUIElementTypeOther - Generate, Report 01082023 24M    MRN 11ui No Consent&amp;apos;</message>
  <nestedLevel>1</nestedLevel>
  <escapedJava>false</escapedJava>
  <property name="testops-method-name">com.kms.katalon.core.mobile.keyword.builtin.TapKeyword.tap</property>
  <property name="testops-execution-stacktrace"></property>
</record>
<record>
  <date>2024-04-16T10:17:53.968113Z</date>
  <millis>1713262673968</millis>
  <nanos>113000</nanos>
  <sequence>110</sequence>
  <level>END</level>
  <class>com.kms.katalon.core.logging.XmlKeywordLogger</class>
  <method>endKeyword</method>
  <thread>1</thread>
  <message>End action : tap(findTestObject(&amp;quot;Object Repository/IOS/Data Report/XCUIElementTypeOther - Generate, Report 01082023 24M    MRN 11ui No Consent&amp;quot;), 30)</message>
  <nestedLevel>1</nestedLevel>
  <escapedJava>false</escapedJava>
</record>
<record>
  <date>2024-04-16T10:17:53.968232Z</date>
  <millis>1713262673968</millis>
  <nanos>232000</nanos>
  <sequence>111</sequence>
  <level>START</level>
  <class>com.kms.katalon.core.logging.XmlKeywordLogger</class>
  <method>startKeyword</method>
  <thread>1</thread>
  <message>Start action : tap(findTestObject(&amp;quot;Object Repository/IOS/Data Report/XCUIElementTypeOther - menu&amp;quot;), 30)</message>
  <nestedLevel>1</nestedLevel>
  <escapedJava>false</escapedJava>
  <property name="startLine">29</property>
  <property name="stepIndex">5</property>
</record>
<record>
  <date>2024-04-16T10:17:55.534802Z</date>
  <millis>1713262675534</millis>
  <nanos>802000</nanos>
  <sequence>115</sequence>
  <level>PASSED</level>
  <class>com.kms.katalon.core.logging.XmlKeywordLogger</class>
  <method>logMessage</method>
  <thread>1</thread>
  <message>Tapped on element &amp;apos;Object Repository/IOS/Data Report/XCUIElementTypeOther - menu&amp;apos;</message>
  <nestedLevel>1</nestedLevel>
  <escapedJava>false</escapedJava>
  <property name="testops-method-name">com.kms.katalon.core.mobile.keyword.builtin.TapKeyword.tap</property>
  <property name="testops-execution-stacktrace"></property>
</record>
<record>
  <date>2024-04-16T10:17:55.535818Z</date>
  <millis>1713262675535</millis>
  <nanos>818000</nanos>
  <sequence>116</sequence>
  <level>END</level>
  <class>com.kms.katalon.core.logging.XmlKeywordLogger</class>
  <method>endKeyword</method>
  <thread>1</thread>
  <message>End action : tap(findTestObject(&amp;quot;Object Repository/IOS/Data Report/XCUIElementTypeOther - menu&amp;quot;), 30)</message>
  <nestedLevel>1</nestedLevel>
  <escapedJava>false</escapedJava>
</record>
<record>
  <date>2024-04-16T10:17:55.535913Z</date>
  <millis>1713262675535</millis>
  <nanos>913000</nanos>
  <sequence>117</sequence>
  <level>START</level>
  <class>com.kms.katalon.core.logging.XmlKeywordLogger</class>
  <method>startKeyword</method>
  <thread>1</thread>
  <message>Start action : tap(findTestObject(&amp;quot;Object Repository/IOS/Data Report/XCUIElementTypeOther - Generate Report&amp;quot;), 30)</message>
  <nestedLevel>1</nestedLevel>
  <escapedJava>false</escapedJava>
  <property name="startLine">31</property>
  <property name="stepIndex">6</property>
</record>
<record>
  <date>2024-04-16T10:17:56.961566Z</date>
  <millis>1713262676961</millis>
  <nanos>566000</nanos>
  <sequence>121</sequence>
  <level>PASSED</level>
  <class>com.kms.katalon.core.logging.XmlKeywordLogger</class>
  <method>logMessage</method>
  <thread>1</thread>
  <message>Tapped on element &amp;apos;Object Repository/IOS/Data Report/XCUIElementTypeOther - Generate Report&amp;apos;</message>
  <nestedLevel>1</nestedLevel>
  <escapedJava>false</escapedJava>
  <property name="testops-method-name">com.kms.katalon.core.mobile.keyword.builtin.TapKeyword.tap</property>
  <property name="testops-execution-stacktrace"></property>
</record>
<record>
  <date>2024-04-16T10:17:56.962458Z</date>
  <millis>1713262676962</millis>
  <nanos>458000</nanos>
  <sequence>122</sequence>
  <level>END</level>
  <class>com.kms.katalon.core.logging.XmlKeywordLogger</class>
  <method>endKeyword</method>
  <thread>1</thread>
  <message>End action : tap(findTestObject(&amp;quot;Object Repository/IOS/Data Report/XCUIElementTypeOther - Generate Report&amp;quot;), 30)</message>
  <nestedLevel>1</nestedLevel>
  <escapedJava>false</escapedJava>
</record>
<record>
  <date>2024-04-16T10:17:56.962695Z</date>
  <millis>1713262676962</millis>
  <nanos>695000</nanos>
  <sequence>123</sequence>
  <level>START</level>
  <class>com.kms.katalon.core.logging.XmlKeywordLogger</class>
  <method>startKeyword</method>
  <thread>1</thread>
  <message>Start action : tap(findTestObject(&amp;quot;Object Repository/IOS/Data Report/XCUIElementTypeOther - Generate&amp;quot;), 30)</message>
  <nestedLevel>1</nestedLevel>
  <escapedJava>false</escapedJava>
  <property name="startLine">33</property>
  <property name="stepIndex">7</property>
</record>
<record>
  <date>2024-04-16T10:17:59.383842Z</date>
  <millis>1713262679383</millis>
  <nanos>842000</nanos>
  <sequence>127</sequence>
  <level>PASSED</level>
  <class>com.kms.katalon.core.logging.XmlKeywordLogger</class>
  <method>logMessage</method>
  <thread>1</thread>
  <message>Tapped on element &amp;apos;Object Repository/IOS/Data Report/XCUIElementTypeOther - Generate&amp;apos;</message>
  <nestedLevel>1</nestedLevel>
  <escapedJava>false</escapedJava>
  <property name="testops-method-name">com.kms.katalon.core.mobile.keyword.builtin.TapKeyword.tap</property>
  <property name="testops-execution-stacktrace"></property>
</record>
<record>
  <date>2024-04-16T10:17:59.384833Z</date>
  <millis>1713262679384</millis>
  <nanos>833000</nanos>
  <sequence>128</sequence>
  <level>END</level>
  <class>com.kms.katalon.core.logging.XmlKeywordLogger</class>
  <method>endKeyword</method>
  <thread>1</thread>
  <message>End action : tap(findTestObject(&amp;quot;Object Repository/IOS/Data Report/XCUIElementTypeOther - Generate&amp;quot;), 30)</message>
  <nestedLevel>1</nestedLevel>
  <escapedJava>false</escapedJava>
</record>
<record>
  <date>2024-04-16T10:17:59.384931Z</date>
  <millis>1713262679384</millis>
  <nanos>931000</nanos>
  <sequence>129</sequence>
  <level>START</level>
  <class>com.kms.katalon.core.logging.XmlKeywordLogger</class>
  <method>startKeyword</method>
  <thread>1</thread>
  <message>Start action : verifyElementExist(findTestObject(&amp;quot;Object Repository/IOS/Data Report/XCUIElementTypeImage - eKare logo&amp;quot;), 30)</message>
  <nestedLevel>1</nestedLevel>
  <escapedJava>false</escapedJava>
  <property name="startLine">35</property>
  <property name="stepIndex">8</property>
</record>
<record>
  <date>2024-04-16T10:18:03.473521Z</date>
  <millis>1713262683473</millis>
  <nanos>521000</nanos>
  <sequence>133</sequence>
  <level>PASSED</level>
  <class>com.kms.katalon.core.logging.XmlKeywordLogger</class>
  <method>logMessage</method>
  <thread>1</thread>
  <message>Element &amp;apos;Object Repository/IOS/Data Report/XCUIElementTypeImage - eKare logo&amp;apos; is exist</message>
  <nestedLevel>1</nestedLevel>
  <escapedJava>false</escapedJava>
  <property name="testops-is-assertion">true</property>
  <property name="testops-method-name">com.kms.katalon.core.mobile.keyword.builtin.VerifyElementExistKeyword.verifyElementExist</property>
  <property name="testops-execution-stacktrace"></property>
</record>
<record>
  <date>2024-04-16T10:18:03.475204Z</date>
  <millis>1713262683475</millis>
  <nanos>204000</nanos>
  <sequence>134</sequence>
  <level>END</level>
  <class>com.kms.katalon.core.logging.XmlKeywordLogger</class>
  <method>endKeyword</method>
  <thread>1</thread>
  <message>End action : verifyElementExist(findTestObject(&amp;quot;Object Repository/IOS/Data Report/XCUIElementTypeImage - eKare logo&amp;quot;), 30)</message>
  <nestedLevel>1</nestedLevel>
  <escapedJava>false</escapedJava>
</record>
<record>
  <date>2024-04-16T10:18:03.475311Z</date>
  <millis>1713262683475</millis>
  <nanos>311000</nanos>
  <sequence>135</sequence>
  <level>START</level>
  <class>com.kms.katalon.core.logging.XmlKeywordLogger</class>
  <method>startKeyword</method>
  <thread>1</thread>
  <message>Start action : tap(findTestObject(&amp;quot;Object Repository/IOS/Data Report/XCUIElementTypeButton - QLOverlayDoneButtonAccessibilityIdentifier&amp;quot;), 30)</message>
  <nestedLevel>1</nestedLevel>
  <escapedJava>false</escapedJava>
  <property name="startLine">37</property>
  <property name="stepIndex">9</property>
</record>
<record>
  <date>2024-04-16T10:18:04.894009Z</date>
  <millis>1713262684894</millis>
  <nanos>9000</nanos>
  <sequence>139</sequence>
  <level>PASSED</level>
  <class>com.kms.katalon.core.logging.XmlKeywordLogger</class>
  <method>logMessage</method>
  <thread>1</thread>
  <message>Tapped on element &amp;apos;Object Repository/IOS/Data Report/XCUIElementTypeButton - QLOverlayDoneButtonAccessibilityIdentifier&amp;apos;</message>
  <nestedLevel>1</nestedLevel>
  <escapedJava>false</escapedJava>
  <property name="testops-method-name">com.kms.katalon.core.mobile.keyword.builtin.TapKeyword.tap</property>
  <property name="testops-execution-stacktrace"></property>
</record>
<record>
  <date>2024-04-16T10:18:04.894224Z</date>
  <millis>1713262684894</millis>
  <nanos>224000</nanos>
  <sequence>140</sequence>
  <level>END</level>
  <class>com.kms.katalon.core.logging.XmlKeywordLogger</class>
  <method>endKeyword</method>
  <thread>1</thread>
  <message>End action : tap(findTestObject(&amp;quot;Object Repository/IOS/Data Report/XCUIElementTypeButton - QLOverlayDoneButtonAccessibilityIdentifier&amp;quot;), 30)</message>
  <nestedLevel>1</nestedLevel>
  <escapedJava>false</escapedJava>
</record>
<record>
  <date>2024-04-16T10:18:04.894331Z</date>
  <millis>1713262684894</millis>
  <nanos>331000</nanos>
  <sequence>141</sequence>
  <level>PASSED</level>
  <class>com.kms.katalon.core.logging.XmlKeywordLogger</class>
  <method>logMessage</method>
  <thread>1</thread>
  <message>Test Cases/IOS/Data Report/EK-8596 IS iPhone - Patient (PDF) Report</message>
  <nestedLevel>1</nestedLevel>
  <escapedJava>false</escapedJava>
</record>
<record>
  <date>2024-04-16T10:18:06.953753Z</date>
  <millis>1713262686953</millis>
  <nanos>753000</nanos>
  <sequence>142</sequence>
  <level>START</level>
  <class>com.kms.katalon.core.logging.XmlKeywordLogger</class>
  <method>startKeyword</method>
  <thread>1</thread>
  <message>Start action : Video</message>
  <nestedLevel>1</nestedLevel>
  <escapedJava>false</escapedJava>
</record>
<record>
  <date>2024-04-16T10:18:06.954030Z</date>
  <millis>1713262686954</millis>
  <nanos>30000</nanos>
  <sequence>143</sequence>
  <level>INFO</level>
  <class>com.kms.katalon.core.logging.XmlKeywordLogger</class>
  <method>logMessage</method>
  <thread>1</thread>
  <message>Video recording for test case &amp;apos;Test Cases/IOS/Data Report/EK-8596 IS iPhone - Patient (PDF) Report&amp;apos; .</message>
  <nestedLevel>1</nestedLevel>
  <escapedJava>false</escapedJava>
  <property name="video-attachment">videos/screen_recording_2_0.avi</property>
</record>
<record>
  <date>2024-04-16T10:18:06.954112Z</date>
  <millis>1713262686954</millis>
  <nanos>112000</nanos>
  <sequence>144</sequence>
  <level>END</level>
  <class>com.kms.katalon.core.logging.XmlKeywordLogger</class>
  <method>endKeyword</method>
  <thread>1</thread>
  <message>End End action : Video</message>
  <nestedLevel>1</nestedLevel>
  <escapedJava>false</escapedJava>
</record>
<record>
  <date>2024-04-16T10:18:06.954372Z</date>
  <millis>1713262686954</millis>
  <nanos>372000</nanos>
  <sequence>145</sequence>
  <level>END</level>
  <class>com.kms.katalon.core.logging.XmlKeywordLogger</class>
  <method>endTest</method>
  <thread>1</thread>
  <message>End Test Case : Test Cases/IOS/Data Report/EK-8596 IS iPhone - Patient (PDF) Report</message>
  <nestedLevel>0</nestedLevel>
  <escapedJava>false</escapedJava>
  <property name="executionBindingVariables">[]</property>
  <property name="applitools">false</property>
  <property name="remainingRetryCount">0</property>
  <property name="currentRetryCount">0</property>
  <property name="keywordsUsage">{
  &quot;web_ui&quot;: false,
  &quot;web_service&quot;: false,
  &quot;cucumber&quot;: true,
  &quot;builtin&quot;: true,
  &quot;mobile&quot;: true,
  &quot;windows&quot;: false,
  &quot;testng&quot;: false
}</property>
</record>
<record>
  <date>2024-04-16T10:18:06.954499Z</date>
  <millis>1713262686954</millis>
  <nanos>499000</nanos>
  <sequence>146</sequence>
  <level>START</level>
  <class>com.kms.katalon.core.logging.XmlKeywordLogger</class>
  <method>startKeyword</method>
  <thread>1</thread>
  <message>Start listener action : exportKatalonReports</message>
  <nestedLevel>0</nestedLevel>
  <escapedJava>false</escapedJava>
</record>
<record>
  <date>2024-04-16T10:18:07.031996Z</date>
  <millis>1713262687031</millis>
  <nanos>996000</nanos>
  <sequence>340</sequence>
  <level>INFO</level>
  <class>com.kms.katalon.core.logging.XmlKeywordLogger</class>
  <method>logMessage</method>
  <thread>1</thread>
  <message>Start generating PDF report folder at: /Users/safaamarir/git/Android_Automation/Reports/20240416_111605/IS iPhone/Data Report/20240416_111606...</message>
  <nestedLevel>0</nestedLevel>
  <escapedJava>false</escapedJava>
</record>
<record>
  <date>2024-04-16T10:18:08.133835Z</date>
  <millis>1713262688133</millis>
  <nanos>835000</nanos>
  <sequence>341</sequence>
  <level>INFO</level>
  <class>com.kms.katalon.core.logging.XmlKeywordLogger</class>
  <method>logMessage</method>
  <thread>1</thread>
  <message>PDF report generated</message>
  <nestedLevel>0</nestedLevel>
  <escapedJava>false</escapedJava>
</record>
<record>
  <date>2024-04-16T10:18:08.139277Z</date>
  <millis>1713262688139</millis>
  <nanos>277000</nanos>
  <sequence>343</sequence>
  <level>END</level>
  <class>com.kms.katalon.core.logging.XmlKeywordLogger</class>
  <method>endKeyword</method>
  <thread>1</thread>
  <message>End listener action : exportKatalonReports</message>
  <nestedLevel>0</nestedLevel>
  <escapedJava>false</escapedJava>
</record>
<record>
  <date>2024-04-16T10:18:09.412510Z</date>
  <millis>1713262689412</millis>
  <nanos>510000</nanos>
  <sequence>344</sequence>
  <level>END</level>
  <class>com.kms.katalon.core.logging.XmlKeywordLogger</class>
  <method>endSuite</method>
  <thread>1</thread>
  <message>End Test Suite : Test Suites/IS iPhone/Data Report</message>
  <nestedLevel>0</nestedLevel>
  <escapedJava>false</escapedJava>
</record>
<!DOCTYPE log SYSTEM "logger.dtd">
<record>
  <date>2024-04-17T08:47:55.057639Z</date>
  <millis>1713343675057</millis>
  <nanos>639000</nanos>
  <sequence>976</sequence>
  <level>INFO</level>
  <class>com.kms.katalon.core.logging.XmlKeywordLogger</class>
  <method>logMessage</method>
  <thread>833</thread>
  <message>Checking object</message>
  <nestedLevel>0</nestedLevel>
  <escapedJava>false</escapedJava>
</record>
<record>
  <date>2024-04-17T08:48:05.529333Z</date>
  <millis>1713343685529</millis>
  <nanos>333000</nanos>
  <sequence>977</sequence>
  <level>INFO</level>
  <class>com.kms.katalon.core.logging.XmlKeywordLogger</class>
  <method>logMessage</method>
  <thread>837</thread>
  <message>Checking object</message>
  <nestedLevel>0</nestedLevel>
  <escapedJava>false</escapedJava>
</record>
<record>
  <date>2024-04-17T08:48:18.793780Z</date>
  <millis>1713343698793</millis>
  <nanos>780000</nanos>
  <sequence>978</sequence>
  <level>INFO</level>
  <class>com.kms.katalon.core.logging.XmlKeywordLogger</class>
  <method>logMessage</method>
  <thread>841</thread>
  <message>Checking object</message>
  <nestedLevel>0</nestedLevel>
  <escapedJava>false</escapedJava>
</record>
<record>
  <date>2024-04-17T08:49:19.352977Z</date>
  <millis>1713343759352</millis>
  <nanos>977000</nanos>
  <sequence>980</sequence>
  <level>FAILED</level>
  <class>com.kms.katalon.core.logging.XmlKeywordLogger</class>
  <method>logMessage</method>
  <thread>841</thread>
  <message>Object XCUIElementTypeOther - Date Range All not found</message>
  <nestedLevel>0</nestedLevel>
  <escapedJava>false</escapedJava>
  <property name="testops-execution-stacktrace">com.kms.katalon.core.logging.testops.TestOpsLogHelper.handleFailedLogEntry(TestOpsLogHelper.java:112)
com.kms.katalon.core.logging.KeywordLogger.logFailed(KeywordLogger.java:290)
com.kms.katalon.core.keyword.internal.KeywordMain.stepFailed(KeywordMain.groovy:43)
com.kms.katalon.core.keyword.internal.KeywordMain.stepFailed(KeywordMain.groovy)
com.kms.katalon.composer.mobile.objectspy.util.MobileActionHelper.getText(MobileActionHelper.java:160)
com.kms.katalon.composer.mobile.recorder.handlers.RecordActionPerformHandler.handleVerifyElementText(RecordActionPerformHandler.java:425)
com.kms.katalon.composer.mobile.recorder.handlers.RecordActionPerformHandler.performAction(RecordActionPerformHandler.java:185)
com.kms.katalon.composer.mobile.recorder.components.MobileRecorderDialog$2$1.call(MobileRecorderDialog.java:503)
com.kms.katalon.composer.components.impl.dialogs.ProgressMonitorDialogWithThread.startThreadAndWait(ProgressMonitorDialogWithThread.java:36)
com.kms.katalon.composer.components.impl.dialogs.ProgressMonitorDialogWithThread.runAndWait(ProgressMonitorDialogWithThread.java:48)
com.kms.katalon.composer.mobile.recorder.components.MobileRecorderDialog$2.run(MobileRecorderDialog.java:495)
org.eclipse.jface.operation.ModalContext$ModalContextThread.run(ModalContext.java:122)
</property>
</record>
<record>
  <date>2024-04-17T08:50:10.825357Z</date>
  <millis>1713343810825</millis>
  <nanos>357000</nanos>
  <sequence>982</sequence>
  <level>INFO</level>
  <class>com.kms.katalon.core.logging.XmlKeywordLogger</class>
  <method>logMessage</method>
  <thread>849</thread>
  <message>Checking object</message>
  <nestedLevel>0</nestedLevel>
  <escapedJava>false</escapedJava>
</record>
<record>
  <date>2024-04-17T08:52:22.154900Z</date>
  <millis>1713343942154</millis>
  <nanos>900000</nanos>
  <sequence>983</sequence>
  <level>INFO</level>
  <class>com.kms.katalon.core.logging.XmlKeywordLogger</class>
  <method>logMessage</method>
  <thread>890</thread>
  <message>Detected NodeJS location: &amp;quot;/opt/homebrew/Cellar/node/21.7.1/bin/node&amp;quot;</message>
  <nestedLevel>0</nestedLevel>
  <escapedJava>false</escapedJava>
</record>
<record>
  <date>2024-04-17T08:52:22.158655Z</date>
  <millis>1713343942158</millis>
  <nanos>655000</nanos>
  <sequence>984</sequence>
  <level>INFO</level>
  <class>com.kms.katalon.core.logging.XmlKeywordLogger</class>
  <method>logMessage</method>
  <thread>890</thread>
  <message>PATH: /opt/homebrew/Cellar/node/21.7.1/bin:/opt/homebrew/bin:/usr/bin:/bin:/usr/sbin:/sbin:/usr/local/bin</message>
  <nestedLevel>0</nestedLevel>
  <escapedJava>false</escapedJava>
</record>
<record>
  <date>2024-04-17T08:52:22.158815Z</date>
  <millis>1713343942158</millis>
  <nanos>815000</nanos>
  <sequence>985</sequence>
  <level>INFO</level>
  <class>com.kms.katalon.core.logging.XmlKeywordLogger</class>
  <method>logMessage</method>
  <thread>890</thread>
  <message>APPIUM_HOME: /Users/safaamarir/.appium</message>
  <nestedLevel>0</nestedLevel>
  <escapedJava>false</escapedJava>
</record>
<record>
  <date>2024-04-17T08:52:22.158904Z</date>
  <millis>1713343942158</millis>
  <nanos>904000</nanos>
  <sequence>986</sequence>
  <level>INFO</level>
  <class>com.kms.katalon.core.logging.XmlKeywordLogger</class>
  <method>logMessage</method>
  <thread>890</thread>
  <message>appium outlog: /Users/safaamarir/git/Android_Automation/appium.log</message>
  <nestedLevel>0</nestedLevel>
  <escapedJava>false</escapedJava>
</record>
<record>
  <date>2024-04-17T08:52:22.159002Z</date>
  <millis>1713343942159</millis>
  <nanos>2000</nanos>
  <sequence>987</sequence>
  <level>INFO</level>
  <class>com.kms.katalon.core.logging.XmlKeywordLogger</class>
  <method>logMessage</method>
  <thread>890</thread>
  <message>appium errlog: /Users/safaamarir/git/Android_Automation/appium_error.log</message>
  <nestedLevel>0</nestedLevel>
  <escapedJava>false</escapedJava>
</record>
<record>
  <date>2024-04-17T08:52:23.807838Z</date>
  <millis>1713343943807</millis>
  <nanos>838000</nanos>
  <sequence>988</sequence>
  <level>INFO</level>
  <class>com.kms.katalon.core.logging.XmlKeywordLogger</class>
  <method>logMessage</method>
  <thread>890</thread>
  <message>Appium server started on port 60,616</message>
  <nestedLevel>0</nestedLevel>
  <escapedJava>false</escapedJava>
</record>
<record>
  <date>2024-04-17T08:52:23.954926Z</date>
  <millis>1713343943954</millis>
  <nanos>926000</nanos>
  <sequence>989</sequence>
  <level>INFO</level>
  <class>com.kms.katalon.core.logging.XmlKeywordLogger</class>
  <method>logMessage</method>
  <thread>890</thread>
  <message>User set preference: [&amp;apos;automationName&amp;apos;, &amp;apos;XCUITest&amp;apos;]</message>
  <nestedLevel>0</nestedLevel>
  <escapedJava>false</escapedJava>
</record>
<record>
  <date>2024-04-17T08:52:23.955181Z</date>
  <millis>1713343943955</millis>
  <nanos>181000</nanos>
  <sequence>990</sequence>
  <level>INFO</level>
  <class>com.kms.katalon.core.logging.XmlKeywordLogger</class>
  <method>logMessage</method>
  <thread>890</thread>
  <message>User set preference: [&amp;apos;deviceId&amp;apos;, &amp;apos;00008110-00112D590CD0201E&amp;apos;]</message>
  <nestedLevel>0</nestedLevel>
  <escapedJava>false</escapedJava>
</record>
<record>
  <date>2024-04-17T08:52:33.962023Z</date>
  <millis>1713343953962</millis>
  <nanos>23000</nanos>
  <sequence>992</sequence>
  <level>WARNING</level>
  <class>com.kms.katalon.core.logging.XmlKeywordLogger</class>
  <method>logMessage</method>
  <thread>890</thread>
  <message>Failed to start ios_webkit_debug_proxy on default port 27753</message>
  <nestedLevel>0</nestedLevel>
  <escapedJava>false</escapedJava>
  <property name="failed.exception.class">com.kms.katalon.core.appium.exception.IOSWebkitStartException</property>
  <property name="failed.exception.stacktrace">com.kms.katalon.core.appium.exception.IOSWebkitStartException: Failed to start ios_webkit_debug_proxy on default port 27753
	at com.kms.katalon.core.appium.driver.AppiumDriverManager.startWebProxyServer(AppiumDriverManager.java:192)
	at com.kms.katalon.core.appium.driver.AppiumDriverManager.ensureWebProxyServerStarted(AppiumDriverManager.java:168)
	at com.kms.katalon.core.appium.driver.AppiumDriverManager.ensureServicesStarted(AppiumDriverManager.java:248)
	at com.kms.katalon.core.appium.driver.AppiumDriverManager.createMobileDriver(AppiumDriverManager.java:535)
	at com.kms.katalon.core.mobile.keyword.internal.MobileDriverFactory.startLocalMobileDriver(MobileDriverFactory.java:589)
	at com.kms.katalon.composer.mobile.objectspy.dialog.MobileInspectorController.startMobileApp(MobileInspectorController.java:201)
	at com.kms.katalon.composer.mobile.objectspy.components.MobileLocalAppComposite.startLocalAppAsNormal(MobileLocalAppComposite.java:561)
	at com.kms.katalon.composer.mobile.objectspy.components.MobileLocalAppComposite$12$1.call(MobileLocalAppComposite.java:496)
	at com.kms.katalon.composer.components.impl.dialogs.ProgressMonitorDialogWithThread.startThreadAndWait(ProgressMonitorDialogWithThread.java:36)
	at com.kms.katalon.composer.components.impl.dialogs.ProgressMonitorDialogWithThread.runAndWait(ProgressMonitorDialogWithThread.java:48)
	at com.kms.katalon.composer.mobile.objectspy.components.MobileLocalAppComposite$12.run(MobileLocalAppComposite.java:488)
	at org.eclipse.jface.operation.ModalContext$ModalContextThread.run(ModalContext.java:122)
</property>
  <property name="failed.exception.message">Failed to start ios_webkit_debug_proxy on default port 27753</property>
</record>
<record>
  <date>2024-04-17T08:52:47.540699Z</date>
  <millis>1713343967540</millis>
  <nanos>699000</nanos>
  <sequence>994</sequence>
  <level>RUN_DATA</level>
  <class>com.kms.katalon.core.logging.XmlKeywordLogger</class>
  <method>logMessage</method>
  <thread>890</thread>
  <message>appiumVersion = 2.4.1</message>
  <nestedLevel>0</nestedLevel>
  <escapedJava>false</escapedJava>
  <property name="appiumVersion">2.4.1</property>
</record>
<record>
  <date>2024-04-17T08:52:47.541186Z</date>
  <millis>1713343967541</millis>
  <nanos>186000</nanos>
  <sequence>995</sequence>
  <level>RUN_DATA</level>
  <class>com.kms.katalon.core.logging.XmlKeywordLogger</class>
  <method>logMessage</method>
  <thread>890</thread>
  <message>appiumServerStatus = {&amp;quot;value&amp;quot;:{&amp;quot;ready&amp;quot;:true,&amp;quot;message&amp;quot;:&amp;quot;The server is ready to accept new connections&amp;quot;,&amp;quot;build&amp;quot;:{&amp;quot;version&amp;quot;:&amp;quot;2.4.1&amp;quot;,&amp;quot;git-sha&amp;quot;:&amp;quot;0476c2e5e4f02b409084553896340b2f4ab3352e&amp;quot;,&amp;quot;built&amp;quot;:&amp;quot;2024-04-07 06:56:18 +0800&amp;quot;}}}</message>
  <nestedLevel>0</nestedLevel>
  <escapedJava>false</escapedJava>
  <property name="appiumServerStatus">{&quot;value&quot;:{&quot;ready&quot;:true,&quot;message&quot;:&quot;The server is ready to accept new connections&quot;,&quot;build&quot;:{&quot;version&quot;:&quot;2.4.1&quot;,&quot;git-sha&quot;:&quot;0476c2e5e4f02b409084553896340b2f4ab3352e&quot;,&quot;built&quot;:&quot;2024-04-07 06:56:18 +0800&quot;}}}</property>
</record>
<record>
  <date>2024-04-17T08:52:47.544204Z</date>
  <millis>1713343967544</millis>
  <nanos>204000</nanos>
  <sequence>996</sequence>
  <level>RUN_DATA</level>
  <class>com.kms.katalon.core.logging.XmlKeywordLogger</class>
  <method>logMessage</method>
  <thread>890</thread>
  <message>deviceId = 00008110-00112D590CD0201E</message>
  <nestedLevel>0</nestedLevel>
  <escapedJava>false</escapedJava>
  <property name="deviceId">00008110-00112D590CD0201E</property>
</record>
<record>
  <date>2024-04-17T08:52:47.544358Z</date>
  <millis>1713343967544</millis>
  <nanos>358000</nanos>
  <sequence>997</sequence>
  <level>RUN_DATA</level>
  <class>com.kms.katalon.core.logging.XmlKeywordLogger</class>
  <method>logMessage</method>
  <thread>890</thread>
  <message>deviceName = Safa’s iPhone</message>
  <nestedLevel>0</nestedLevel>
  <escapedJava>false</escapedJava>
  <property name="deviceName">Safa’s iPhone</property>
</record>
<record>
  <date>2024-04-17T08:52:47.544507Z</date>
  <millis>1713343967544</millis>
  <nanos>507000</nanos>
  <sequence>998</sequence>
  <level>RUN_DATA</level>
  <class>com.kms.katalon.core.logging.XmlKeywordLogger</class>
  <method>logMessage</method>
  <thread>890</thread>
  <message>deviceModel = iPhone14,5</message>
  <nestedLevel>0</nestedLevel>
  <escapedJava>false</escapedJava>
  <property name="deviceModel">iPhone14,5</property>
</record>
<record>
  <date>2024-04-17T08:52:47.544608Z</date>
  <millis>1713343967544</millis>
  <nanos>608000</nanos>
  <sequence>999</sequence>
  <level>RUN_DATA</level>
  <class>com.kms.katalon.core.logging.XmlKeywordLogger</class>
  <method>logMessage</method>
  <thread>890</thread>
  <message>deviceManufacturer = Apple</message>
  <nestedLevel>0</nestedLevel>
  <escapedJava>false</escapedJava>
  <property name="deviceManufacturer">Apple</property>
</record>
<record>
  <date>2024-04-17T08:52:47.544712Z</date>
  <millis>1713343967544</millis>
  <nanos>712000</nanos>
  <sequence>1000</sequence>
  <level>RUN_DATA</level>
  <class>com.kms.katalon.core.logging.XmlKeywordLogger</class>
  <method>logMessage</method>
  <thread>890</thread>
  <message>deviceOS = iOS</message>
  <nestedLevel>0</nestedLevel>
  <escapedJava>false</escapedJava>
  <property name="deviceOS">iOS</property>
</record>
<record>
  <date>2024-04-17T08:52:47.544788Z</date>
  <millis>1713343967544</millis>
  <nanos>788000</nanos>
  <sequence>1001</sequence>
  <level>RUN_DATA</level>
  <class>com.kms.katalon.core.logging.XmlKeywordLogger</class>
  <method>logMessage</method>
  <thread>890</thread>
  <message>deviceOSVersion = 17.4.1</message>
  <nestedLevel>0</nestedLevel>
  <escapedJava>false</escapedJava>
  <property name="deviceOSVersion">17.4.1</property>
</record>
<record>
  <date>2024-04-17T08:52:52.955505Z</date>
  <millis>1713343972955</millis>
  <nanos>505000</nanos>
  <sequence>1002</sequence>
  <level>INFO</level>
  <class>com.kms.katalon.core.logging.XmlKeywordLogger</class>
  <method>logMessage</method>
  <thread>910</thread>
  <message>Checking object</message>
  <nestedLevel>0</nestedLevel>
  <escapedJava>false</escapedJava>
</record>
</log><record>
  <date>2024-04-17T09:04:25.982367Z</date>
  <millis>1713344665982</millis>
  <nanos>367000</nanos>
  <sequence>1739</sequence>
  <level>INFO</level>
  <class>com.kms.katalon.core.logging.XmlKeywordLogger</class>
  <method>logMessage</method>
  <thread>1079</thread>
  <message>Detected NodeJS location: &amp;quot;/opt/homebrew/Cellar/node/21.7.1/bin/node&amp;quot;</message>
  <nestedLevel>0</nestedLevel>
  <escapedJava>false</escapedJava>
</record>
<record>
  <date>2024-04-17T09:04:25.985696Z</date>
  <millis>1713344665985</millis>
  <nanos>696000</nanos>
  <sequence>1740</sequence>
  <level>INFO</level>
  <class>com.kms.katalon.core.logging.XmlKeywordLogger</class>
  <method>logMessage</method>
  <thread>1079</thread>
  <message>PATH: /opt/homebrew/Cellar/node/21.7.1/bin:/opt/homebrew/bin:/usr/bin:/bin:/usr/sbin:/sbin:/usr/local/bin</message>
  <nestedLevel>0</nestedLevel>
  <escapedJava>false</escapedJava>
</record>
<record>
  <date>2024-04-17T09:04:25.985859Z</date>
  <millis>1713344665985</millis>
  <nanos>859000</nanos>
  <sequence>1741</sequence>
  <level>INFO</level>
  <class>com.kms.katalon.core.logging.XmlKeywordLogger</class>
  <method>logMessage</method>
  <thread>1079</thread>
  <message>APPIUM_HOME: /Users/safaamarir/.appium</message>
  <nestedLevel>0</nestedLevel>
  <escapedJava>false</escapedJava>
</record>
<record>
  <date>2024-04-17T09:04:25.985956Z</date>
  <millis>1713344665985</millis>
  <nanos>956000</nanos>
  <sequence>1742</sequence>
  <level>INFO</level>
  <class>com.kms.katalon.core.logging.XmlKeywordLogger</class>
  <method>logMessage</method>
  <thread>1079</thread>
  <message>appium outlog: /Users/safaamarir/git/Android_Automation/appium.log</message>
  <nestedLevel>0</nestedLevel>
  <escapedJava>false</escapedJava>
</record>
<record>
  <date>2024-04-17T09:04:25.986045Z</date>
  <millis>1713344665986</millis>
  <nanos>45000</nanos>
  <sequence>1743</sequence>
  <level>INFO</level>
  <class>com.kms.katalon.core.logging.XmlKeywordLogger</class>
  <method>logMessage</method>
  <thread>1079</thread>
  <message>appium errlog: /Users/safaamarir/git/Android_Automation/appium_error.log</message>
  <nestedLevel>0</nestedLevel>
  <escapedJava>false</escapedJava>
</record>
<record>
  <date>2024-04-17T09:04:27.633588Z</date>
  <millis>1713344667633</millis>
  <nanos>588000</nanos>
  <sequence>1744</sequence>
  <level>INFO</level>
  <class>com.kms.katalon.core.logging.XmlKeywordLogger</class>
  <method>logMessage</method>
  <thread>1079</thread>
  <message>Appium server started on port 61,076</message>
  <nestedLevel>0</nestedLevel>
  <escapedJava>false</escapedJava>
</record>
<record>
  <date>2024-04-17T09:04:27.805116Z</date>
  <millis>1713344667805</millis>
  <nanos>116000</nanos>
  <sequence>1745</sequence>
  <level>INFO</level>
  <class>com.kms.katalon.core.logging.XmlKeywordLogger</class>
  <method>logMessage</method>
  <thread>1079</thread>
  <message>User set preference: [&amp;apos;automationName&amp;apos;, &amp;apos;XCUITest&amp;apos;]</message>
  <nestedLevel>0</nestedLevel>
  <escapedJava>false</escapedJava>
</record>
<record>
  <date>2024-04-17T09:04:27.805331Z</date>
  <millis>1713344667805</millis>
  <nanos>331000</nanos>
  <sequence>1746</sequence>
  <level>INFO</level>
  <class>com.kms.katalon.core.logging.XmlKeywordLogger</class>
  <method>logMessage</method>
  <thread>1079</thread>
  <message>User set preference: [&amp;apos;deviceId&amp;apos;, &amp;apos;00008110-00112D590CD0201E&amp;apos;]</message>
  <nestedLevel>0</nestedLevel>
  <escapedJava>false</escapedJava>
</record>
<record>
  <date>2024-04-17T09:04:37.813707Z</date>
  <millis>1713344677813</millis>
  <nanos>707000</nanos>
  <sequence>1748</sequence>
  <level>WARNING</level>
  <class>com.kms.katalon.core.logging.XmlKeywordLogger</class>
  <method>logMessage</method>
  <thread>1079</thread>
  <message>Failed to start ios_webkit_debug_proxy on default port 27753</message>
  <nestedLevel>0</nestedLevel>
  <escapedJava>false</escapedJava>
  <property name="failed.exception.class">com.kms.katalon.core.appium.exception.IOSWebkitStartException</property>
  <property name="failed.exception.stacktrace">com.kms.katalon.core.appium.exception.IOSWebkitStartException: Failed to start ios_webkit_debug_proxy on default port 27753
	at com.kms.katalon.core.appium.driver.AppiumDriverManager.startWebProxyServer(AppiumDriverManager.java:192)
	at com.kms.katalon.core.appium.driver.AppiumDriverManager.ensureWebProxyServerStarted(AppiumDriverManager.java:168)
	at com.kms.katalon.core.appium.driver.AppiumDriverManager.ensureServicesStarted(AppiumDriverManager.java:248)
	at com.kms.katalon.core.appium.driver.AppiumDriverManager.createMobileDriver(AppiumDriverManager.java:535)
	at com.kms.katalon.core.mobile.keyword.internal.MobileDriverFactory.startLocalMobileDriver(MobileDriverFactory.java:589)
	at com.kms.katalon.composer.mobile.objectspy.dialog.MobileInspectorController.startMobileApp(MobileInspectorController.java:201)
	at com.kms.katalon.composer.mobile.objectspy.components.MobileLocalAppComposite.startLocalAppAsNormal(MobileLocalAppComposite.java:561)
	at com.kms.katalon.composer.mobile.objectspy.components.MobileLocalAppComposite$12$1.call(MobileLocalAppComposite.java:496)
	at com.kms.katalon.composer.components.impl.dialogs.ProgressMonitorDialogWithThread.startThreadAndWait(ProgressMonitorDialogWithThread.java:36)
	at com.kms.katalon.composer.components.impl.dialogs.ProgressMonitorDialogWithThread.runAndWait(ProgressMonitorDialogWithThread.java:48)
	at com.kms.katalon.composer.mobile.objectspy.components.MobileLocalAppComposite$12.run(MobileLocalAppComposite.java:488)
	at org.eclipse.jface.operation.ModalContext$ModalContextThread.run(ModalContext.java:122)
</property>
  <property name="failed.exception.message">Failed to start ios_webkit_debug_proxy on default port 27753</property>
</record>
<record>
  <date>2024-04-17T09:05:16.095843Z</date>
  <millis>1713344716095</millis>
  <nanos>843000</nanos>
  <sequence>1750</sequence>
  <level>RUN_DATA</level>
  <class>com.kms.katalon.core.logging.XmlKeywordLogger</class>
  <method>logMessage</method>
  <thread>1079</thread>
  <message>appiumVersion = 2.4.1</message>
  <nestedLevel>0</nestedLevel>
  <escapedJava>false</escapedJava>
  <property name="appiumVersion">2.4.1</property>
</record>
<record>
  <date>2024-04-17T09:05:16.096443Z</date>
  <millis>1713344716096</millis>
  <nanos>443000</nanos>
  <sequence>1751</sequence>
  <level>RUN_DATA</level>
  <class>com.kms.katalon.core.logging.XmlKeywordLogger</class>
  <method>logMessage</method>
  <thread>1079</thread>
  <message>appiumServerStatus = {&amp;quot;value&amp;quot;:{&amp;quot;ready&amp;quot;:true,&amp;quot;message&amp;quot;:&amp;quot;The server is ready to accept new connections&amp;quot;,&amp;quot;build&amp;quot;:{&amp;quot;version&amp;quot;:&amp;quot;2.4.1&amp;quot;,&amp;quot;git-sha&amp;quot;:&amp;quot;0476c2e5e4f02b409084553896340b2f4ab3352e&amp;quot;,&amp;quot;built&amp;quot;:&amp;quot;2024-04-07 06:56:18 +0800&amp;quot;}}}</message>
  <nestedLevel>0</nestedLevel>
  <escapedJava>false</escapedJava>
  <property name="appiumServerStatus">{&quot;value&quot;:{&quot;ready&quot;:true,&quot;message&quot;:&quot;The server is ready to accept new connections&quot;,&quot;build&quot;:{&quot;version&quot;:&quot;2.4.1&quot;,&quot;git-sha&quot;:&quot;0476c2e5e4f02b409084553896340b2f4ab3352e&quot;,&quot;built&quot;:&quot;2024-04-07 06:56:18 +0800&quot;}}}</property>
</record>
<record>
  <date>2024-04-17T09:05:16.100862Z</date>
  <millis>1713344716100</millis>
  <nanos>862000</nanos>
  <sequence>1752</sequence>
  <level>RUN_DATA</level>
  <class>com.kms.katalon.core.logging.XmlKeywordLogger</class>
  <method>logMessage</method>
  <thread>1079</thread>
  <message>deviceId = 00008110-00112D590CD0201E</message>
  <nestedLevel>0</nestedLevel>
  <escapedJava>false</escapedJava>
  <property name="deviceId">00008110-00112D590CD0201E</property>
</record>
<record>
  <date>2024-04-17T09:05:16.101042Z</date>
  <millis>1713344716101</millis>
  <nanos>42000</nanos>
  <sequence>1753</sequence>
  <level>RUN_DATA</level>
  <class>com.kms.katalon.core.logging.XmlKeywordLogger</class>
  <method>logMessage</method>
  <thread>1079</thread>
  <message>deviceName = Safa’s iPhone</message>
  <nestedLevel>0</nestedLevel>
  <escapedJava>false</escapedJava>
  <property name="deviceName">Safa’s iPhone</property>
</record>
<record>
  <date>2024-04-17T09:05:16.101184Z</date>
  <millis>1713344716101</millis>
  <nanos>184000</nanos>
  <sequence>1754</sequence>
  <level>RUN_DATA</level>
  <class>com.kms.katalon.core.logging.XmlKeywordLogger</class>
  <method>logMessage</method>
  <thread>1079</thread>
  <message>deviceModel = iPhone14,5</message>
  <nestedLevel>0</nestedLevel>
  <escapedJava>false</escapedJava>
  <property name="deviceModel">iPhone14,5</property>
</record>
<record>
  <date>2024-04-17T09:05:16.101291Z</date>
  <millis>1713344716101</millis>
  <nanos>291000</nanos>
  <sequence>1755</sequence>
  <level>RUN_DATA</level>
  <class>com.kms.katalon.core.logging.XmlKeywordLogger</class>
  <method>logMessage</method>
  <thread>1079</thread>
  <message>deviceManufacturer = Apple</message>
  <nestedLevel>0</nestedLevel>
  <escapedJava>false</escapedJava>
  <property name="deviceManufacturer">Apple</property>
</record>
<record>
  <date>2024-04-17T09:05:16.101395Z</date>
  <millis>1713344716101</millis>
  <nanos>395000</nanos>
  <sequence>1756</sequence>
  <level>RUN_DATA</level>
  <class>com.kms.katalon.core.logging.XmlKeywordLogger</class>
  <method>logMessage</method>
  <thread>1079</thread>
  <message>deviceOS = iOS</message>
  <nestedLevel>0</nestedLevel>
  <escapedJava>false</escapedJava>
  <property name="deviceOS">iOS</property>
</record>
<record>
  <date>2024-04-17T09:05:16.101491Z</date>
  <millis>1713344716101</millis>
  <nanos>491000</nanos>
  <sequence>1757</sequence>
  <level>RUN_DATA</level>
  <class>com.kms.katalon.core.logging.XmlKeywordLogger</class>
  <method>logMessage</method>
  <thread>1079</thread>
  <message>deviceOSVersion = 17.4.1</message>
  <nestedLevel>0</nestedLevel>
  <escapedJava>false</escapedJava>
  <property name="deviceOSVersion">17.4.1</property>
</record>
<record>
  <date>2024-04-17T09:06:01.343587Z</date>
  <millis>1713344761343</millis>
  <nanos>587000</nanos>
  <sequence>1758</sequence>
  <level>INFO</level>
  <class>com.kms.katalon.core.logging.XmlKeywordLogger</class>
  <method>logMessage</method>
  <thread>1099</thread>
  <message>Checking object</message>
  <nestedLevel>0</nestedLevel>
  <escapedJava>false</escapedJava>
</record>
<record>
  <date>2024-04-17T09:06:08.743309Z</date>
  <millis>1713344768743</millis>
  <nanos>309000</nanos>
  <sequence>1759</sequence>
  <level>INFO</level>
  <class>com.kms.katalon.core.logging.XmlKeywordLogger</class>
  <method>logMessage</method>
  <thread>1103</thread>
  <message>Checking object</message>
  <nestedLevel>0</nestedLevel>
  <escapedJava>false</escapedJava>
</record>
<record>
  <date>2024-04-17T09:06:15.305901Z</date>
  <millis>1713344775305</millis>
  <nanos>901000</nanos>
  <sequence>1760</sequence>
  <level>INFO</level>
  <class>com.kms.katalon.core.logging.XmlKeywordLogger</class>
  <method>logMessage</method>
  <thread>1107</thread>
  <message>Checking object</message>
  <nestedLevel>0</nestedLevel>
  <escapedJava>false</escapedJava>
</record>
<record>
  <date>2024-04-17T09:07:15.068246Z</date>
  <millis>1713344835068</millis>
  <nanos>246000</nanos>
  <sequence>1761</sequence>
  <level>INFO</level>
  <class>com.kms.katalon.core.logging.XmlKeywordLogger</class>
  <method>logMessage</method>
  <thread>1121</thread>
  <message>Checking object</message>
  <nestedLevel>0</nestedLevel>
  <escapedJava>false</escapedJava>
</record>
<record>
  <date>2024-04-17T09:07:24.696747Z</date>
  <millis>1713344844696</millis>
  <nanos>747000</nanos>
  <sequence>1762</sequence>
  <level>INFO</level>
  <class>com.kms.katalon.core.logging.XmlKeywordLogger</class>
  <method>logMessage</method>
  <thread>1125</thread>
  <message>Checking object</message>
  <nestedLevel>0</nestedLevel>
  <escapedJava>false</escapedJava>
</record>
<record>
  <date>2024-04-17T09:07:32.729579Z</date>
  <millis>1713344852729</millis>
  <nanos>579000</nanos>
  <sequence>1763</sequence>
  <level>INFO</level>
  <class>com.kms.katalon.core.logging.XmlKeywordLogger</class>
  <method>logMessage</method>
  <thread>1129</thread>
  <message>Checking object</message>
  <nestedLevel>0</nestedLevel>
  <escapedJava>false</escapedJava>
</record>
<record>
  <date>2024-04-17T09:07:58.944086Z</date>
  <millis>1713344878944</millis>
  <nanos>86000</nanos>
  <sequence>1764</sequence>
  <level>INFO</level>
  <class>com.kms.katalon.core.logging.XmlKeywordLogger</class>
  <method>logMessage</method>
  <thread>1133</thread>
  <message>Checking object</message>
  <nestedLevel>0</nestedLevel>
  <escapedJava>false</escapedJava>
</record>
<record>
  <date>2024-04-17T09:08:25.487786Z</date>
  <millis>1713344905487</millis>
  <nanos>786000</nanos>
  <sequence>1765</sequence>
  <level>INFO</level>
  <class>com.kms.katalon.core.logging.XmlKeywordLogger</class>
  <method>logMessage</method>
  <thread>1137</thread>
  <message>Checking object</message>
  <nestedLevel>0</nestedLevel>
  <escapedJava>false</escapedJava>
</record>
<record>
  <date>2024-04-17T09:08:59.630606Z</date>
  <millis>1713344939630</millis>
  <nanos>606000</nanos>
  <sequence>1766</sequence>
  <level>INFO</level>
  <class>com.kms.katalon.core.logging.XmlKeywordLogger</class>
  <method>logMessage</method>
  <thread>1145</thread>
  <message>Checking object</message>
  <nestedLevel>0</nestedLevel>
  <escapedJava>false</escapedJava>
</record>
<record>
  <date>2024-04-17T09:09:10.139497Z</date>
  <millis>1713344950139</millis>
  <nanos>497000</nanos>
  <sequence>1767</sequence>
  <level>INFO</level>
  <class>com.kms.katalon.core.logging.XmlKeywordLogger</class>
  <method>logMessage</method>
  <thread>1149</thread>
  <message>Checking object</message>
  <nestedLevel>0</nestedLevel>
  <escapedJava>false</escapedJava>
</record>
<record>
  <date>2024-04-17T09:09:32.007490Z</date>
  <millis>1713344972007</millis>
  <nanos>490000</nanos>
  <sequence>1768</sequence>
  <level>INFO</level>
  <class>com.kms.katalon.core.logging.XmlKeywordLogger</class>
  <method>logMessage</method>
  <thread>1153</thread>
  <message>Checking object</message>
  <nestedLevel>0</nestedLevel>
  <escapedJava>false</escapedJava>
</record>
<record>
  <date>2024-04-17T09:10:37.450143Z</date>
  <millis>1713345037450</millis>
  <nanos>143000</nanos>
  <sequence>1769</sequence>
  <level>INFO</level>
  <class>com.kms.katalon.core.logging.XmlKeywordLogger</class>
  <method>logMessage</method>
  <thread>1161</thread>
  <message>Checking object</message>
  <nestedLevel>0</nestedLevel>
  <escapedJava>false</escapedJava>
</record>
