[35m[Appium][39m Welcome to Appium v2.4.1 (REV 780fbbc65e90fbe09629aba180a1839e9e7dbaf2)
[35m[Appium][39m Non-default server args:
[35m[Appium][39m { basePath: [32m'/wd/hub'[39m, loglevel: [32m'info'[39m, port: [33m59265[39m }
[35m[Appium][39m Attempting to load driver xcuitest...
[35m[Appium][39m Attempting to load driver uiautomator2...
[Appium] Appium REST http interface listener started on http://0.0.0.0:59265/wd/hub
[Appium] You can provide the following URLs in your client code to connect to this server:
[Appium] 	http://127.0.0.1:59265/wd/hub (only accessible from the same host)
[Appium] 	http://192.168.1.3:59265/wd/hub
[Appium] 	http://169.254.64.132:59265/wd/hub
[Appium] Available drivers:
[Appium]   - xcuitest@5.12.2 (automationName 'XCUITest')
[Appium]   - uiautomator2@2.40.0 (automationName 'UiAutomator2')
[Appium] No plugins have been installed. Use the "appium plugin" command to install the one(s) you want to use.
[38;5;0m[HTTP][0m [37m-->[39m [37mGET[39m [37m/wd/hub/status[39m
[38;5;0m[HTTP][0m {}
[38;5;0m[HTTP][0m <-- GET /wd/hub/status 200 2 ms - 199
[38;5;0m[HTTP][0m 
[38;5;0m[HTTP][0m [37m-->[39m [37mPOST[39m [37m/wd/hub/session[39m
[38;5;0m[HTTP][0m {"desiredCapabilities":{"appium:waitForAppScript":"true;","appium:newCommandTimeout":1800,"appium:automationName":"XCUITest","appium:fullReset":true,"appium:platformVersion":"17.3","appium:deviceId":"00008110-00112D590CD0201E","appium:noReset":false,"appium:udid":"00008110-00112D590CD0201E","appium:wdaLocalPort":59228,"appium:deviceName":"Safa’s iPhone","platformName":"iOS","appium:app":"/Users/safaamarir/APK/IOS/IS/IS_PreProd_2.1.5_214.ipa"},"capabilities":{"firstMatch":[{"appium:app":"/Users/safaamarir/APK/IOS/IS/IS_PreProd_2.1.5_214.ipa","appium:automationName":"XCUITest","appium:deviceId":"00008110-00112D590CD0201E","appium:deviceName":"Safa’s iPhone","appium:fullReset":true,"appium:newCommandTimeout":1800,"appium:noReset":false,"appium:platformVersion":"17.3","appium:udid":"00008110-00112D590CD0201E","appium:waitForAppScript":"true;","appium:wdaLocalPort":59228,"platformName":"ios"}]}}
[Appium] Attempting to find matching driver for automationName 'XCUITest' and platformName 'ios'
[Appium] The 'xcuitest' driver was installed and matched caps.
[Appium] Will require it at /Users/safaamarir/.appium/node_modules/appium-xcuitest-driver
[38;5;16m[AppiumDriver@4ddc][0m Appium v2.4.1 creating new XCUITestDriver (v5.12.2) session
[38;5;16m[AppiumDriver@4ddc][0m Checking BaseDriver versions for Appium and XCUITestDriver
[38;5;16m[AppiumDriver@4ddc][0m Appium's BaseDriver version is 9.5.0
[38;5;16m[AppiumDriver@4ddc][0m XCUITestDriver's BaseDriver version is 9.5.0
[38;5;32m[XCUITestDriver@89c3][0m The following provided capabilities were not recognized by this driver:
[38;5;32m[XCUITestDriver@89c3][0m   deviceId
[38;5;32m[XCUITestDriver@89c3][0m   waitForAppScript
[38;5;32m[XCUITestDriver@89c3 (b477c041)][0m Session created with session id: b477c041-3291-4c48-b451-ebc55e57c569
[38;5;32m[XCUITestDriver@89c3 (b477c041)][0m Determining device to run tests on: udid: '00008110-00112D590CD0201E', real device: true
[38;5;64m[BaseDriver][0m Using local app '/Users/safaamarir/APK/IOS/IS/IS_PreProd_2.1.5_214.ipa'
[38;5;32m[XCUITestDriver@89c3 (b477c041)][0m 'Payload/eKareApp.app' is the resulting application bundle selected from '/Users/safaamarir/APK/IOS/IS/IS_PreProd_2.1.5_214.ipa'
[38;5;32m[XCUITestDriver@89c3 (b477c041)][0m Using WDA path: '/Users/safaamarir/.appium/node_modules/appium-xcuitest-driver/node_modules/appium-webdriveragent'
[38;5;32m[XCUITestDriver@89c3 (b477c041)][0m Using WDA agent: '/Users/safaamarir/.appium/node_modules/appium-xcuitest-driver/node_modules/appium-webdriveragent/WebDriverAgent.xcodeproj'
[38;5;32m[XCUITestDriver@89c3 (b477c041)][0m Setting up real device
[38;5;32m[XCUITestDriver@89c3 (b477c041)][0m App 'com.ekareinc.insight.healthcare' is not installed yet or it has an offload and cannot be detected, which might keep the local data.
[38;5;48m[XCUITest][0m App installation succeeded after 11209ms
[38;5;96m[DevCon Factory][0m Requesting connection for device 00008110-00112D590CD0201E on local port 59228, device port 59228
[38;5;96m[DevCon Factory][0m Successfully requested the connection for 00008110-00112D590CD0201E:59228
[38;5;112m[WD Proxy][0m socket hang up
[38;5;32m[XCUITestDriver@89c3 (b477c041)][0m Launching WebDriverAgent on the device
[38;5;32m[XCUITestDriver@89c3 (b477c041)][0m There is no need to perform the project cleanup. A fresh install has been detected
[38;5;32m[XCUITestDriver@89c3 (b477c041)][0m socket hang up
[38;5;32m[XCUITestDriver@89c3 (b477c041)][0m socket hang up
[38;5;32m[XCUITestDriver@89c3 (b477c041)][0m socket hang up
[38;5;32m[XCUITestDriver@89c3 (b477c041)][0m socket hang up
[38;5;32m[XCUITestDriver@89c3 (b477c041)][0m socket hang up
[38;5;32m[XCUITestDriver@89c3 (b477c041)][0m socket hang up
[38;5;32m[XCUITestDriver@89c3 (b477c041)][0m socket hang up
[38;5;32m[XCUITestDriver@89c3 (b477c041)][0m socket hang up
[38;5;32m[XCUITestDriver@89c3 (b477c041)][0m socket hang up
[38;5;32m[XCUITestDriver@89c3 (b477c041)][0m socket hang up
[38;5;32m[XCUITestDriver@89c3 (b477c041)][0m Determined the downstream protocol as 'W3C'
[38;5;16m[AppiumDriver@4ddc][0m New XCUITestDriver session created successfully, session b477c041-3291-4c48-b451-ebc55e57c569 added to master session list
[38;5;0m[HTTP][0m <-- POST /wd/hub/session 200 30392 ms - 622
[38;5;0m[HTTP][0m 
[38;5;0m[HTTP][0m [37m-->[39m [37mGET[39m [37m/wd/hub/session/b477c041-3291-4c48-b451-ebc55e57c569[39m
[38;5;0m[HTTP][0m {}
[38;5;0m[HTTP][0m <-- GET /wd/hub/session/b477c041-3291-4c48-b451-ebc55e57c569 200 1 ms - 358
[38;5;0m[HTTP][0m 
[38;5;0m[HTTP][0m [37m-->[39m [37mGET[39m [37m/wd/hub/session/b477c041-3291-4c48-b451-ebc55e57c569[39m
[38;5;0m[HTTP][0m {}
[38;5;0m[HTTP][0m <-- GET /wd/hub/session/b477c041-3291-4c48-b451-ebc55e57c569 200 0 ms - 358
[38;5;0m[HTTP][0m 
[38;5;0m[HTTP][0m [37m-->[39m [37mGET[39m [37m/wd/hub/status[39m
[38;5;0m[HTTP][0m {}
[38;5;0m[HTTP][0m <-- GET /wd/hub/status 200 1 ms - 199
[38;5;0m[HTTP][0m 
[38;5;0m[HTTP][0m [37m-->[39m [37mPOST[39m [37m/wd/hub/session/b477c041-3291-4c48-b451-ebc55e57c569/timeouts[39m
[38;5;0m[HTTP][0m {"implicit":30000}
[38;5;0m[HTTP][0m <-- POST /wd/hub/session/b477c041-3291-4c48-b451-ebc55e57c569/timeouts 200 1 ms - 14
[38;5;0m[HTTP][0m 
[38;5;0m[HTTP][0m [37m-->[39m [37mPOST[39m [37m/wd/hub/session/b477c041-3291-4c48-b451-ebc55e57c569/execute/sync[39m
[38;5;0m[HTTP][0m {"script":"mobile: deviceScreenInfo","args":[]}
[38;5;0m[HTTP][0m <-- POST /wd/hub/session/b477c041-3291-4c48-b451-ebc55e57c569/execute/sync 200 223 ms - 63
[38;5;0m[HTTP][0m 
[38;5;0m[HTTP][0m [37m-->[39m [37mPOST[39m [37m/wd/hub/session/b477c041-3291-4c48-b451-ebc55e57c569/execute/sync[39m
[38;5;0m[HTTP][0m {"script":"mobile: deviceScreenInfo","args":[]}
[38;5;0m[HTTP][0m <-- POST /wd/hub/session/b477c041-3291-4c48-b451-ebc55e57c569/execute/sync 200 3 ms - 63
[38;5;0m[HTTP][0m 
[38;5;0m[HTTP][0m [37m-->[39m [37mPOST[39m [37m/wd/hub/session/b477c041-3291-4c48-b451-ebc55e57c569/timeouts[39m
[38;5;0m[HTTP][0m {"implicit":50}
[38;5;0m[HTTP][0m <-- POST /wd/hub/session/b477c041-3291-4c48-b451-ebc55e57c569/timeouts 200 1 ms - 14
[38;5;0m[HTTP][0m 
[38;5;0m[HTTP][0m [37m-->[39m [37mGET[39m [37m/wd/hub/session/b477c041-3291-4c48-b451-ebc55e57c569/window/rect[39m
[38;5;0m[HTTP][0m {}
[38;5;0m[HTTP][0m <-- GET /wd/hub/session/b477c041-3291-4c48-b451-ebc55e57c569/window/rect 200 116 ms - 48
[38;5;0m[HTTP][0m 
[38;5;0m[HTTP][0m [37m-->[39m [37mPOST[39m [37m/wd/hub/session/b477c041-3291-4c48-b451-ebc55e57c569/elements[39m
[38;5;0m[HTTP][0m {"using":"xpath","value":"//*[@type = 'XCUIElementTypeButton' and @label = 'Allow' and @name = 'Allow']"}
[38;5;0m[HTTP][0m <-- POST /wd/hub/session/b477c041-3291-4c48-b451-ebc55e57c569/elements 200 478 ms - 139
[38;5;0m[HTTP][0m 
[38;5;0m[HTTP][0m [37m-->[39m [37mGET[39m [37m/wd/hub/session/b477c041-3291-4c48-b451-ebc55e57c569/element/20020000-0000-0000-2100-000000000000/location[39m
[38;5;0m[HTTP][0m {}
[38;5;0m[HTTP][0m <-- GET /wd/hub/session/b477c041-3291-4c48-b451-ebc55e57c569/element/20020000-0000-0000-2100-000000000000/location 200 76 ms - 27
[38;5;0m[HTTP][0m 
[38;5;0m[HTTP][0m [37m-->[39m [37mPOST[39m [37m/wd/hub/session/b477c041-3291-4c48-b451-ebc55e57c569/timeouts[39m
[38;5;0m[HTTP][0m {"implicit":30000}
[38;5;0m[HTTP][0m <-- POST /wd/hub/session/b477c041-3291-4c48-b451-ebc55e57c569/timeouts 200 0 ms - 14
[38;5;0m[HTTP][0m 
[38;5;0m[HTTP][0m [37m-->[39m [37mPOST[39m [37m/wd/hub/session/b477c041-3291-4c48-b451-ebc55e57c569/element/20020000-0000-0000-2100-000000000000/click[39m
[38;5;0m[HTTP][0m {"id":"20020000-0000-0000-2100-000000000000"}
[38;5;32m[XCUITestDriver@89c3 (b477c041)][0m Driver proxy active, passing request on via HTTP proxy
[38;5;32m[XCUITestDriver@89c3 (b477c041)][0m Replacing sessionId 5AAB6648-9FFB-40AB-9EA2-50F5808E428F with b477c041-3291-4c48-b451-ebc55e57c569
[38;5;0m[HTTP][0m <-- POST /wd/hub/session/b477c041-3291-4c48-b451-ebc55e57c569/element/20020000-0000-0000-2100-000000000000/click 200 776 ms - 65
[38;5;0m[HTTP][0m 
[38;5;0m[HTTP][0m [37m-->[39m [37mPOST[39m [37m/wd/hub/session/b477c041-3291-4c48-b451-ebc55e57c569/timeouts[39m
[38;5;0m[HTTP][0m {"implicit":50}
[38;5;0m[HTTP][0m <-- POST /wd/hub/session/b477c041-3291-4c48-b451-ebc55e57c569/timeouts 200 1 ms - 14
[38;5;0m[HTTP][0m 
[38;5;0m[HTTP][0m [37m-->[39m [37mGET[39m [37m/wd/hub/session/b477c041-3291-4c48-b451-ebc55e57c569/window/rect[39m
[38;5;0m[HTTP][0m {}
[38;5;0m[HTTP][0m <-- GET /wd/hub/session/b477c041-3291-4c48-b451-ebc55e57c569/window/rect 200 193 ms - 48
[38;5;0m[HTTP][0m 
[38;5;0m[HTTP][0m [37m-->[39m [37mPOST[39m [37m/wd/hub/session/b477c041-3291-4c48-b451-ebc55e57c569/elements[39m
[38;5;0m[HTTP][0m {"using":"xpath","value":"//*[@type = 'XCUIElementTypeTextField']"}
[38;5;0m[HTTP][0m <-- POST /wd/hub/session/b477c041-3291-4c48-b451-ebc55e57c569/elements 200 207 ms - 139
[38;5;0m[HTTP][0m 
[38;5;0m[HTTP][0m [37m-->[39m [37mGET[39m [37m/wd/hub/session/b477c041-3291-4c48-b451-ebc55e57c569/element/2E000000-0000-0000-DC07-000000000000/location[39m
[38;5;0m[HTTP][0m {}
[38;5;0m[HTTP][0m <-- GET /wd/hub/session/b477c041-3291-4c48-b451-ebc55e57c569/element/2E000000-0000-0000-DC07-000000000000/location 200 41 ms - 26
[38;5;0m[HTTP][0m 
[38;5;0m[HTTP][0m [37m-->[39m [37mPOST[39m [37m/wd/hub/session/b477c041-3291-4c48-b451-ebc55e57c569/timeouts[39m
[38;5;0m[HTTP][0m {"implicit":30000}
[38;5;0m[HTTP][0m <-- POST /wd/hub/session/b477c041-3291-4c48-b451-ebc55e57c569/timeouts 200 0 ms - 14
[38;5;0m[HTTP][0m 
[38;5;0m[HTTP][0m [37m-->[39m [37mPOST[39m [37m/wd/hub/session/b477c041-3291-4c48-b451-ebc55e57c569/element/2E000000-0000-0000-DC07-000000000000/clear[39m
[38;5;0m[HTTP][0m {"id":"2E000000-0000-0000-DC07-000000000000"}
[38;5;0m[HTTP][0m <-- POST /wd/hub/session/b477c041-3291-4c48-b451-ebc55e57c569/element/2E000000-0000-0000-DC07-000000000000/clear 200 41 ms - 14
[38;5;0m[HTTP][0m 
[38;5;0m[HTTP][0m [37m-->[39m [37mPOST[39m [37m/wd/hub/session/b477c041-3291-4c48-b451-ebc55e57c569/element/2E000000-0000-0000-DC07-000000000000/click[39m
[38;5;0m[HTTP][0m {"id":"2E000000-0000-0000-DC07-000000000000"}
[38;5;32m[XCUITestDriver@89c3 (b477c041)][0m Driver proxy active, passing request on via HTTP proxy
[38;5;32m[XCUITestDriver@89c3 (b477c041)][0m Replacing sessionId 5AAB6648-9FFB-40AB-9EA2-50F5808E428F with b477c041-3291-4c48-b451-ebc55e57c569
[38;5;0m[HTTP][0m <-- POST /wd/hub/session/b477c041-3291-4c48-b451-ebc55e57c569/element/2E000000-0000-0000-DC07-000000000000/click 200 412 ms - 65
[38;5;0m[HTTP][0m 
[38;5;0m[HTTP][0m [37m-->[39m [37mPOST[39m [37m/wd/hub/session/b477c041-3291-4c48-b451-ebc55e57c569/element/2E000000-0000-0000-DC07-000000000000/value[39m
[38;5;0m[HTTP][0m {"id":"2E000000-0000-0000-DC07-000000000000","text":"katalon","value":["k","a","t","a","l","o","n"]}
[38;5;0m[HTTP][0m <-- POST /wd/hub/session/b477c041-3291-4c48-b451-ebc55e57c569/element/2E000000-0000-0000-DC07-000000000000/value 200 471 ms - 14
[38;5;0m[HTTP][0m 
[38;5;0m[HTTP][0m [37m-->[39m [37mPOST[39m [37m/wd/hub/session/b477c041-3291-4c48-b451-ebc55e57c569/timeouts[39m
[38;5;0m[HTTP][0m {"implicit":50}
[38;5;0m[HTTP][0m <-- POST /wd/hub/session/b477c041-3291-4c48-b451-ebc55e57c569/timeouts 200 0 ms - 14
[38;5;0m[HTTP][0m 
[38;5;0m[HTTP][0m [37m-->[39m [37mGET[39m [37m/wd/hub/session/b477c041-3291-4c48-b451-ebc55e57c569/window/rect[39m
[38;5;0m[HTTP][0m {}
[38;5;0m[HTTP][0m <-- GET /wd/hub/session/b477c041-3291-4c48-b451-ebc55e57c569/window/rect 200 102 ms - 48
[38;5;0m[HTTP][0m 
[38;5;0m[HTTP][0m [37m-->[39m [37mPOST[39m [37m/wd/hub/session/b477c041-3291-4c48-b451-ebc55e57c569/elements[39m
[38;5;0m[HTTP][0m {"using":"xpath","value":"//*[@type = 'XCUIElementTypeSecureTextField']"}
[38;5;0m[HTTP][0m <-- POST /wd/hub/session/b477c041-3291-4c48-b451-ebc55e57c569/elements 200 388 ms - 139
[38;5;0m[HTTP][0m 
[38;5;0m[HTTP][0m [37m-->[39m [37mGET[39m [37m/wd/hub/session/b477c041-3291-4c48-b451-ebc55e57c569/element/2F000000-0000-0000-DC07-000000000000/location[39m
[38;5;0m[HTTP][0m {}
[38;5;0m[HTTP][0m <-- GET /wd/hub/session/b477c041-3291-4c48-b451-ebc55e57c569/element/2F000000-0000-0000-DC07-000000000000/location 200 73 ms - 26
[38;5;0m[HTTP][0m 
[38;5;0m[HTTP][0m [37m-->[39m [37mPOST[39m [37m/wd/hub/session/b477c041-3291-4c48-b451-ebc55e57c569/timeouts[39m
[38;5;0m[HTTP][0m {"implicit":30000}
[38;5;0m[HTTP][0m <-- POST /wd/hub/session/b477c041-3291-4c48-b451-ebc55e57c569/timeouts 200 0 ms - 14
[38;5;0m[HTTP][0m 
[38;5;0m[HTTP][0m [37m-->[39m [37mPOST[39m [37m/wd/hub/session/b477c041-3291-4c48-b451-ebc55e57c569/element/2F000000-0000-0000-DC07-000000000000/clear[39m
[38;5;0m[HTTP][0m {"id":"2F000000-0000-0000-DC07-000000000000"}
[38;5;0m[HTTP][0m <-- POST /wd/hub/session/b477c041-3291-4c48-b451-ebc55e57c569/element/2F000000-0000-0000-DC07-000000000000/clear 200 66 ms - 14
[38;5;0m[HTTP][0m 
[38;5;0m[HTTP][0m [37m-->[39m [37mPOST[39m [37m/wd/hub/session/b477c041-3291-4c48-b451-ebc55e57c569/element/2F000000-0000-0000-DC07-000000000000/click[39m
[38;5;0m[HTTP][0m {"id":"2F000000-0000-0000-DC07-000000000000"}
[38;5;32m[XCUITestDriver@89c3 (b477c041)][0m Driver proxy active, passing request on via HTTP proxy
[38;5;32m[XCUITestDriver@89c3 (b477c041)][0m Replacing sessionId 5AAB6648-9FFB-40AB-9EA2-50F5808E428F with b477c041-3291-4c48-b451-ebc55e57c569
[38;5;0m[HTTP][0m <-- POST /wd/hub/session/b477c041-3291-4c48-b451-ebc55e57c569/element/2F000000-0000-0000-DC07-000000000000/click 200 440 ms - 65
[38;5;0m[HTTP][0m 
[38;5;0m[HTTP][0m [37m-->[39m [37mPOST[39m [37m/wd/hub/session/b477c041-3291-4c48-b451-ebc55e57c569/element/2F000000-0000-0000-DC07-000000000000/value[39m
[38;5;0m[HTTP][0m {"id":"2F000000-0000-0000-DC07-000000000000","text":"eKare123@","value":["e","K","a","r","e","1","2","3","@"]}
[38;5;0m[HTTP][0m <-- POST /wd/hub/session/b477c041-3291-4c48-b451-ebc55e57c569/element/2F000000-0000-0000-DC07-000000000000/value 200 466 ms - 14
[38;5;0m[HTTP][0m 
[38;5;0m[HTTP][0m [37m-->[39m [37mPOST[39m [37m/wd/hub/session/b477c041-3291-4c48-b451-ebc55e57c569/timeouts[39m
[38;5;0m[HTTP][0m {"implicit":50}
[38;5;0m[HTTP][0m <-- POST /wd/hub/session/b477c041-3291-4c48-b451-ebc55e57c569/timeouts 200 0 ms - 14
[38;5;0m[HTTP][0m 
[38;5;0m[HTTP][0m [37m-->[39m [37mGET[39m [37m/wd/hub/session/b477c041-3291-4c48-b451-ebc55e57c569/window/rect[39m
[38;5;0m[HTTP][0m {}
[38;5;0m[HTTP][0m <-- GET /wd/hub/session/b477c041-3291-4c48-b451-ebc55e57c569/window/rect 200 98 ms - 48
[38;5;0m[HTTP][0m 
[38;5;0m[HTTP][0m [37m-->[39m [37mPOST[39m [37m/wd/hub/session/b477c041-3291-4c48-b451-ebc55e57c569/elements[39m
[38;5;0m[HTTP][0m {"using":"xpath","value":"//*[@type = 'XCUIElementTypeOther' and @label = 'SIGN IN' and @name = 'SIGN IN']"}
[38;5;0m[HTTP][0m <-- POST /wd/hub/session/b477c041-3291-4c48-b451-ebc55e57c569/elements 200 516 ms - 139
[38;5;0m[HTTP][0m 
[38;5;0m[HTTP][0m [37m-->[39m [37mGET[39m [37m/wd/hub/session/b477c041-3291-4c48-b451-ebc55e57c569/element/1A000000-0000-0000-DC07-000000000000/location[39m
[38;5;0m[HTTP][0m {}
[38;5;0m[HTTP][0m <-- GET /wd/hub/session/b477c041-3291-4c48-b451-ebc55e57c569/element/1A000000-0000-0000-DC07-000000000000/location 200 60 ms - 26
[38;5;0m[HTTP][0m 
[38;5;0m[HTTP][0m [37m-->[39m [37mPOST[39m [37m/wd/hub/session/b477c041-3291-4c48-b451-ebc55e57c569/timeouts[39m
[38;5;0m[HTTP][0m {"implicit":30000}
[38;5;0m[HTTP][0m <-- POST /wd/hub/session/b477c041-3291-4c48-b451-ebc55e57c569/timeouts 200 0 ms - 14
[38;5;0m[HTTP][0m 
[38;5;0m[HTTP][0m [37m-->[39m [37mPOST[39m [37m/wd/hub/session/b477c041-3291-4c48-b451-ebc55e57c569/element/1A000000-0000-0000-DC07-000000000000/click[39m
[38;5;0m[HTTP][0m {"id":"1A000000-0000-0000-DC07-000000000000"}
[38;5;32m[XCUITestDriver@89c3 (b477c041)][0m Driver proxy active, passing request on via HTTP proxy
[38;5;32m[XCUITestDriver@89c3 (b477c041)][0m Replacing sessionId 5AAB6648-9FFB-40AB-9EA2-50F5808E428F with b477c041-3291-4c48-b451-ebc55e57c569
[38;5;0m[HTTP][0m <-- POST /wd/hub/session/b477c041-3291-4c48-b451-ebc55e57c569/element/1A000000-0000-0000-DC07-000000000000/click 200 834 ms - 65
[38;5;0m[HTTP][0m 
[38;5;0m[HTTP][0m [37m-->[39m [37mPOST[39m [37m/wd/hub/session/b477c041-3291-4c48-b451-ebc55e57c569/timeouts[39m
[38;5;0m[HTTP][0m {"implicit":50}
[38;5;0m[HTTP][0m <-- POST /wd/hub/session/b477c041-3291-4c48-b451-ebc55e57c569/timeouts 200 1 ms - 14
[38;5;0m[HTTP][0m 
[38;5;0m[HTTP][0m [37m-->[39m [37mGET[39m [37m/wd/hub/session/b477c041-3291-4c48-b451-ebc55e57c569/window/rect[39m
[38;5;0m[HTTP][0m {}
[38;5;0m[HTTP][0m <-- GET /wd/hub/session/b477c041-3291-4c48-b451-ebc55e57c569/window/rect 200 58 ms - 48
[38;5;0m[HTTP][0m 
[38;5;0m[HTTP][0m [37m-->[39m [37mPOST[39m [37m/wd/hub/session/b477c041-3291-4c48-b451-ebc55e57c569/elements[39m
[38;5;0m[HTTP][0m {"using":"xpath","value":"//XCUIElementTypeApplication/XCUIElementTypeWindow[1]/XCUIElementTypeOther[2]/XCUIElementTypeOther[1]/XCUIElementTypeOther[1]/XCUIElementTypeOther[2]/XCUIElementTypeOther[1]/XCUIElementTypeOther[1]/XCUIElementTypeOther[1]/XCUIElementTypeScrollView[1]/XCUIElementTypeOther[1]/XCUIElementTypeOther[1]/XCUIElementTypeOther[2]"}
[38;5;0m[HTTP][0m <-- POST /wd/hub/session/b477c041-3291-4c48-b451-ebc55e57c569/elements 200 348 ms - 139
[38;5;0m[HTTP][0m 
[38;5;0m[HTTP][0m [37m-->[39m [37mGET[39m [37m/wd/hub/session/b477c041-3291-4c48-b451-ebc55e57c569/element/8D000000-0000-0000-DC07-000000000000/location[39m
[38;5;0m[HTTP][0m {}
[38;5;0m[HTTP][0m <-- GET /wd/hub/session/b477c041-3291-4c48-b451-ebc55e57c569/element/8D000000-0000-0000-DC07-000000000000/location 200 57 ms - 26
[38;5;0m[HTTP][0m 
[38;5;0m[HTTP][0m [37m-->[39m [37mPOST[39m [37m/wd/hub/session/b477c041-3291-4c48-b451-ebc55e57c569/timeouts[39m
[38;5;0m[HTTP][0m {"implicit":30000}
[38;5;0m[HTTP][0m <-- POST /wd/hub/session/b477c041-3291-4c48-b451-ebc55e57c569/timeouts 200 0 ms - 14
[38;5;0m[HTTP][0m 
[38;5;0m[HTTP][0m [37m-->[39m [37mPOST[39m [37m/wd/hub/session/b477c041-3291-4c48-b451-ebc55e57c569/element/8D000000-0000-0000-DC07-000000000000/click[39m
[38;5;0m[HTTP][0m {"id":"8D000000-0000-0000-DC07-000000000000"}
[38;5;32m[XCUITestDriver@89c3 (b477c041)][0m Driver proxy active, passing request on via HTTP proxy
[38;5;32m[XCUITestDriver@89c3 (b477c041)][0m Replacing sessionId 5AAB6648-9FFB-40AB-9EA2-50F5808E428F with b477c041-3291-4c48-b451-ebc55e57c569
[38;5;0m[HTTP][0m <-- POST /wd/hub/session/b477c041-3291-4c48-b451-ebc55e57c569/element/8D000000-0000-0000-DC07-000000000000/click 200 429 ms - 65
[38;5;0m[HTTP][0m 
[38;5;0m[HTTP][0m [37m-->[39m [37mGET[39m [37m/wd/hub/status[39m
[38;5;0m[HTTP][0m {}
[38;5;0m[HTTP][0m <-- GET /wd/hub/status 200 0 ms - 199
[38;5;0m[HTTP][0m 
[38;5;0m[HTTP][0m [37m-->[39m [37mPOST[39m [37m/wd/hub/session[39m
[38;5;0m[HTTP][0m {"desiredCapabilities":{"appium:waitForAppScript":"true;","appium:newCommandTimeout":1800,"appium:automationName":"XCUITest","appium:fullReset":true,"appium:platformVersion":"17.3","appium:deviceId":"00008110-00112D590CD0201E","appium:noReset":false,"appium:udid":"00008110-00112D590CD0201E","appium:wdaLocalPort":59318,"appium:deviceName":"Safa’s iPhone","platformName":"iOS","appium:app":"/Users/safaamarir/APK/IOS/IS/IS_PreProd_2.1.5_214.ipa"},"capabilities":{"firstMatch":[{"appium:app":"/Users/safaamarir/APK/IOS/IS/IS_PreProd_2.1.5_214.ipa","appium:automationName":"XCUITest","appium:deviceId":"00008110-00112D590CD0201E","appium:deviceName":"Safa’s iPhone","appium:fullReset":true,"appium:newCommandTimeout":1800,"appium:noReset":false,"appium:platformVersion":"17.3","appium:udid":"00008110-00112D590CD0201E","appium:waitForAppScript":"true;","appium:wdaLocalPort":59318,"platformName":"ios"}]}}
[Appium] Attempting to find matching driver for automationName 'XCUITest' and platformName 'ios'
[Appium] The 'xcuitest' driver was installed and matched caps.
[Appium] Will require it at /Users/safaamarir/.appium/node_modules/appium-xcuitest-driver
[38;5;16m[AppiumDriver@4ddc][0m Appium v2.4.1 creating new XCUITestDriver (v5.12.2) session
[38;5;16m[AppiumDriver@4ddc][0m Checking BaseDriver versions for Appium and XCUITestDriver
[38;5;16m[AppiumDriver@4ddc][0m Appium's BaseDriver version is 9.5.0
[38;5;16m[AppiumDriver@4ddc][0m XCUITestDriver's BaseDriver version is 9.5.0
[38;5;32m[XCUITestDriver@fbc1][0m The following provided capabilities were not recognized by this driver:
[38;5;32m[XCUITestDriver@fbc1][0m   deviceId
[38;5;32m[XCUITestDriver@fbc1][0m   waitForAppScript
[38;5;32m[XCUITestDriver@fbc1 (b0b79173)][0m Session created with session id: b0b79173-ca55-4294-a721-8a5091503cfd
[38;5;32m[XCUITestDriver@fbc1 (b0b79173)][0m Determining device to run tests on: udid: '00008110-00112D590CD0201E', real device: true
[38;5;64m[BaseDriver][0m Using local app '/Users/safaamarir/APK/IOS/IS/IS_PreProd_2.1.5_214.ipa'
[38;5;32m[XCUITestDriver@fbc1 (b0b79173)][0m Using '/var/folders/dr/hvvl248x633c1m8wcfxyldx00000gn/T/Katalon/Appium/Temp1710843804215/2024219-11139-1bc5a1n.c4np/eKareApp.app' which was cached from '/Users/safaamarir/APK/IOS/IS/IS_PreProd_2.1.5_214.ipa'
[38;5;32m[XCUITestDriver@fbc1 (b0b79173)][0m Using WDA path: '/Users/safaamarir/.appium/node_modules/appium-xcuitest-driver/node_modules/appium-webdriveragent'
[38;5;32m[XCUITestDriver@fbc1 (b0b79173)][0m Using WDA agent: '/Users/safaamarir/.appium/node_modules/appium-xcuitest-driver/node_modules/appium-webdriveragent/WebDriverAgent.xcodeproj'
[38;5;32m[XCUITestDriver@fbc1 (b0b79173)][0m Setting up real device
[38;5;32m[XCUITestDriver@fbc1 (b0b79173)][0m App 'com.ekareinc.insight.healthcare' is not installed yet or it has an offload and cannot be detected, which might keep the local data.
[38;5;48m[XCUITest][0m App installation succeeded after 11425ms
[38;5;96m[DevCon Factory][0m Requesting connection for device 00008110-00112D590CD0201E on local port 59318, device port 59318
[38;5;96m[DevCon Factory][0m Successfully requested the connection for 00008110-00112D590CD0201E:59318
[38;5;112m[WD Proxy][0m socket hang up
[38;5;32m[XCUITestDriver@fbc1 (b0b79173)][0m Launching WebDriverAgent on the device
[38;5;32m[XCUITestDriver@fbc1 (b0b79173)][0m There is no need to perform the project cleanup. A fresh install has been detected
[38;5;32m[XCUITestDriver@fbc1 (b0b79173)][0m socket hang up
[38;5;32m[XCUITestDriver@fbc1 (b0b79173)][0m socket hang up
[38;5;32m[XCUITestDriver@fbc1 (b0b79173)][0m socket hang up
[38;5;32m[XCUITestDriver@fbc1 (b0b79173)][0m socket hang up
[38;5;32m[XCUITestDriver@fbc1 (b0b79173)][0m socket hang up
[38;5;32m[XCUITestDriver@fbc1 (b0b79173)][0m socket hang up
[38;5;32m[XCUITestDriver@fbc1 (b0b79173)][0m socket hang up
[38;5;32m[XCUITestDriver@fbc1 (b0b79173)][0m socket hang up
[38;5;32m[XCUITestDriver@fbc1 (b0b79173)][0m socket hang up
[38;5;32m[XCUITestDriver@fbc1 (b0b79173)][0m socket hang up
[38;5;32m[XCUITestDriver@fbc1 (b0b79173)][0m socket hang up
[38;5;32m[XCUITestDriver@fbc1 (b0b79173)][0m socket hang up
[38;5;32m[XCUITestDriver@fbc1 (b0b79173)][0m socket hang up
[38;5;32m[XCUITestDriver@fbc1 (b0b79173)][0m socket hang up
[38;5;32m[XCUITestDriver@fbc1 (b0b79173)][0m socket hang up
[38;5;32m[XCUITestDriver@fbc1 (b0b79173)][0m socket hang up
[38;5;32m[XCUITestDriver@fbc1 (b0b79173)][0m socket hang up
[38;5;32m[XCUITestDriver@fbc1 (b0b79173)][0m socket hang up
[38;5;32m[XCUITestDriver@fbc1 (b0b79173)][0m socket hang up
[38;5;32m[XCUITestDriver@fbc1 (b0b79173)][0m socket hang up
[38;5;32m[XCUITestDriver@fbc1 (b0b79173)][0m socket hang up
[38;5;32m[XCUITestDriver@fbc1 (b0b79173)][0m socket hang up
[38;5;32m[XCUITestDriver@fbc1 (b0b79173)][0m socket hang up
[38;5;32m[XCUITestDriver@fbc1 (b0b79173)][0m socket hang up
[38;5;32m[XCUITestDriver@fbc1 (b0b79173)][0m socket hang up
[38;5;32m[XCUITestDriver@fbc1 (b0b79173)][0m socket hang up
[38;5;32m[XCUITestDriver@fbc1 (b0b79173)][0m socket hang up
[38;5;32m[XCUITestDriver@fbc1 (b0b79173)][0m socket hang up
[38;5;32m[XCUITestDriver@fbc1 (b0b79173)][0m socket hang up
[38;5;32m[XCUITestDriver@fbc1 (b0b79173)][0m socket hang up
[38;5;32m[XCUITestDriver@fbc1 (b0b79173)][0m socket hang up
[38;5;32m[XCUITestDriver@fbc1 (b0b79173)][0m socket hang up
[38;5;32m[XCUITestDriver@fbc1 (b0b79173)][0m socket hang up
[38;5;32m[XCUITestDriver@fbc1 (b0b79173)][0m socket hang up
[38;5;32m[XCUITestDriver@fbc1 (b0b79173)][0m socket hang up
[38;5;32m[XCUITestDriver@fbc1 (b0b79173)][0m socket hang up
[38;5;32m[XCUITestDriver@fbc1 (b0b79173)][0m socket hang up
[38;5;32m[XCUITestDriver@fbc1 (b0b79173)][0m socket hang up
[38;5;32m[XCUITestDriver@fbc1 (b0b79173)][0m socket hang up
[38;5;32m[XCUITestDriver@fbc1 (b0b79173)][0m socket hang up
[38;5;32m[XCUITestDriver@fbc1 (b0b79173)][0m socket hang up
[38;5;32m[XCUITestDriver@fbc1 (b0b79173)][0m socket hang up
[38;5;32m[XCUITestDriver@fbc1 (b0b79173)][0m socket hang up
[38;5;32m[XCUITestDriver@fbc1 (b0b79173)][0m socket hang up
[38;5;32m[XCUITestDriver@fbc1 (b0b79173)][0m socket hang up
[38;5;32m[XCUITestDriver@fbc1 (b0b79173)][0m socket hang up
[38;5;32m[XCUITestDriver@fbc1 (b0b79173)][0m Launching WebDriverAgent on the device
[38;5;32m[XCUITestDriver@fbc1 (b0b79173)][0m There is no need to perform the project cleanup. A fresh install has been detected
[38;5;32m[XCUITestDriver@fbc1 (b0b79173)][0m socket hang up
[38;5;32m[XCUITestDriver@fbc1 (b0b79173)][0m socket hang up
[38;5;32m[XCUITestDriver@fbc1 (b0b79173)][0m socket hang up
[38;5;32m[XCUITestDriver@fbc1 (b0b79173)][0m socket hang up
[38;5;32m[XCUITestDriver@fbc1 (b0b79173)][0m Quitting and uninstalling WebDriverAgent
[38;5;32m[XCUITestDriver@fbc1 (b0b79173)][0m Shutting down sub-processes
[38;5;32m[XCUITestDriver@fbc1 (b0b79173)][0m WebDriverAgent uninstall failed. Perhaps, it is already uninstalled? Original error: Could not find the expected device '00008110-00112D590CD0201E'
[38;5;96m[DevCon Factory][0m Releasing connections for 00008110-00112D590CD0201E device on any port number
[38;5;96m[DevCon Factory][0m Found cached connections to release: ["00008110-00112D590CD0201E:59228","00008110-00112D590CD0201E:59318"]
[38;5;96m[DevCon Factory][0m Releasing the listener for '00008110-00112D590CD0201E:59228'
[38;5;96m[DevCon Factory][0m Releasing the listener for '00008110-00112D590CD0201E:59318'
[38;5;128m[iProxy@00008110:59228][0m The connection has been closed
[38;5;128m[iProxy@00008110:59318][0m The connection has been closed
[38;5;0m[HTTP][0m <-- POST /wd/hub/session 500 61161 ms - 1818
[38;5;0m[HTTP][0m 
[38;5;32m[XCUITestDriver@fbc1][0m connect ECONNREFUSED 127.0.0.1:59318
[38;5;32m[XCUITestDriver@fbc1][0m connect ECONNREFUSED 127.0.0.1:59318
[38;5;32m[XCUITestDriver@fbc1][0m connect ECONNREFUSED 127.0.0.1:59318
[38;5;32m[XCUITestDriver@fbc1][0m connect ECONNREFUSED 127.0.0.1:59318
[38;5;0m[HTTP][0m [37m-->[39m [37mPOST[39m [37m/wd/hub/session/b477c041-3291-4c48-b451-ebc55e57c569/timeouts[39m
[38;5;0m[HTTP][0m {"implicit":50}
[38;5;0m[HTTP][0m <-- POST /wd/hub/session/b477c041-3291-4c48-b451-ebc55e57c569/timeouts 200 1 ms - 14
[38;5;0m[HTTP][0m 
[38;5;0m[HTTP][0m [37m-->[39m [37mGET[39m [37m/wd/hub/session/b477c041-3291-4c48-b451-ebc55e57c569/window/rect[39m
[38;5;0m[HTTP][0m {}
[38;5;32m[XCUITestDriver@89c3 (b477c041)][0m connect ECONNREFUSED 127.0.0.1:59228
[38;5;0m[HTTP][0m <-- GET /wd/hub/session/b477c041-3291-4c48-b451-ebc55e57c569/window/rect 500 10 ms - 1208
[38;5;0m[HTTP][0m 
[38;5;0m[HTTP][0m [37m-->[39m [37mPOST[39m [37m/wd/hub/session/b477c041-3291-4c48-b451-ebc55e57c569/timeouts[39m
[38;5;0m[HTTP][0m {"implicit":30000}
[38;5;0m[HTTP][0m <-- POST /wd/hub/session/b477c041-3291-4c48-b451-ebc55e57c569/timeouts 200 0 ms - 14
[38;5;0m[HTTP][0m 
[38;5;0m[HTTP][0m [37m-->[39m [37mGET[39m [37m/wd/hub/session/b477c041-3291-4c48-b451-ebc55e57c569/context[39m
[38;5;0m[HTTP][0m {}
[38;5;0m[HTTP][0m <-- GET /wd/hub/session/b477c041-3291-4c48-b451-ebc55e57c569/context 200 0 ms - 22
[38;5;0m[HTTP][0m 
[38;5;0m[HTTP][0m [37m-->[39m [37mGET[39m [37m/wd/hub/session/b477c041-3291-4c48-b451-ebc55e57c569/contexts[39m
[38;5;0m[HTTP][0m {}
[38;5;176m[RemoteDebugger][0m Remote Debugger version 10.2.0
[38;5;176m[RemoteDebugger][0m Setting communication protocol: using Target-based communication
[38;5;0m[HTTP][0m <-- GET /wd/hub/session/b477c041-3291-4c48-b451-ebc55e57c569/contexts 500 10 ms - 630
[38;5;0m[HTTP][0m 
[38;5;0m[HTTP][0m [37m-->[39m [37mGET[39m [37m/wd/hub/session/b477c041-3291-4c48-b451-ebc55e57c569/screenshot[39m
[38;5;0m[HTTP][0m {}
[38;5;32m[XCUITestDriver@89c3 (b477c041)][0m connect ECONNREFUSED 127.0.0.1:59228
[38;5;32m[XCUITestDriver@89c3 (b477c041)][0m Error getting screenshot: An unknown server-side error occurred while processing the command. Original error: Could not proxy command to the remote server. Original error: connect ECONNREFUSED 127.0.0.1:59228
[38;5;32m[XCUITestDriver@89c3 (b477c041)][0m connect ECONNREFUSED 127.0.0.1:59228
[38;5;32m[XCUITestDriver@fbc1][0m connect ECONNREFUSED 127.0.0.1:59318
[38;5;32m[XCUITestDriver@fbc1][0m connect ECONNREFUSED 127.0.0.1:59318
[38;5;32m[XCUITestDriver@89c3 (b477c041)][0m connect ECONNREFUSED 127.0.0.1:59228
[38;5;0m[HTTP][0m <-- GET /wd/hub/session/b477c041-3291-4c48-b451-ebc55e57c569/screenshot 500 1005 ms - 1446
[38;5;0m[HTTP][0m 
[38;5;0m[HTTP][0m [37m-->[39m [37mPOST[39m [37m/wd/hub/session/b477c041-3291-4c48-b451-ebc55e57c569/context[39m
[38;5;0m[HTTP][0m {"name":"NATIVE_APP"}
[38;5;0m[HTTP][0m <-- POST /wd/hub/session/b477c041-3291-4c48-b451-ebc55e57c569/context 200 1 ms - 14
[38;5;0m[HTTP][0m 
[38;5;32m[XCUITestDriver@fbc1][0m connect ECONNREFUSED 127.0.0.1:59318
[38;5;32m[XCUITestDriver@fbc1][0m connect ECONNREFUSED 127.0.0.1:59318
[38;5;32m[XCUITestDriver@fbc1][0m connect ECONNREFUSED 127.0.0.1:59318
[38;5;32m[XCUITestDriver@fbc1][0m connect ECONNREFUSED 127.0.0.1:59318
[38;5;0m[HTTP][0m [37m-->[39m [37mPOST[39m [37m/wd/hub/session/b477c041-3291-4c48-b451-ebc55e57c569/timeouts[39m
[38;5;0m[HTTP][0m {"implicit":50}
[38;5;0m[HTTP][0m <-- POST /wd/hub/session/b477c041-3291-4c48-b451-ebc55e57c569/timeouts 200 0 ms - 14
[38;5;0m[HTTP][0m 
[38;5;0m[HTTP][0m [37m-->[39m [37mGET[39m [37m/wd/hub/session/b477c041-3291-4c48-b451-ebc55e57c569/window/rect[39m
[38;5;0m[HTTP][0m {}
[38;5;32m[XCUITestDriver@89c3 (b477c041)][0m connect ECONNREFUSED 127.0.0.1:59228
[38;5;0m[HTTP][0m <-- GET /wd/hub/session/b477c041-3291-4c48-b451-ebc55e57c569/window/rect 500 2 ms - 1208
[38;5;0m[HTTP][0m 
[38;5;0m[HTTP][0m [37m-->[39m [37mPOST[39m [37m/wd/hub/session/b477c041-3291-4c48-b451-ebc55e57c569/timeouts[39m
[38;5;0m[HTTP][0m {"implicit":30000}
[38;5;0m[HTTP][0m <-- POST /wd/hub/session/b477c041-3291-4c48-b451-ebc55e57c569/timeouts 200 0 ms - 14
[38;5;0m[HTTP][0m 
[38;5;0m[HTTP][0m [37m-->[39m [37mGET[39m [37m/wd/hub/session/b477c041-3291-4c48-b451-ebc55e57c569/context[39m
[38;5;0m[HTTP][0m {}
[38;5;0m[HTTP][0m <-- GET /wd/hub/session/b477c041-3291-4c48-b451-ebc55e57c569/context 200 0 ms - 22
[38;5;0m[HTTP][0m 
[38;5;0m[HTTP][0m [37m-->[39m [37mGET[39m [37m/wd/hub/session/b477c041-3291-4c48-b451-ebc55e57c569/contexts[39m
[38;5;0m[HTTP][0m {}
[38;5;0m[HTTP][0m <-- GET /wd/hub/session/b477c041-3291-4c48-b451-ebc55e57c569/contexts 200 0 ms - 24
[38;5;0m[HTTP][0m 
[38;5;0m[HTTP][0m [37m-->[39m [37mPOST[39m [37m/wd/hub/session/b477c041-3291-4c48-b451-ebc55e57c569/context[39m
[38;5;0m[HTTP][0m {"name":"NATIVE_APP"}
[38;5;0m[HTTP][0m <-- POST /wd/hub/session/b477c041-3291-4c48-b451-ebc55e57c569/context 200 0 ms - 14
[38;5;0m[HTTP][0m 
[38;5;0m[HTTP][0m [37m-->[39m [37mGET[39m [37m/wd/hub/session/b477c041-3291-4c48-b451-ebc55e57c569/screenshot[39m
[38;5;0m[HTTP][0m {}
[38;5;32m[XCUITestDriver@89c3 (b477c041)][0m connect ECONNREFUSED 127.0.0.1:59228
[38;5;32m[XCUITestDriver@89c3 (b477c041)][0m Error getting screenshot: An unknown server-side error occurred while processing the command. Original error: Could not proxy command to the remote server. Original error: connect ECONNREFUSED 127.0.0.1:59228
[38;5;32m[XCUITestDriver@89c3 (b477c041)][0m connect ECONNREFUSED 127.0.0.1:59228
[38;5;32m[XCUITestDriver@fbc1][0m connect ECONNREFUSED 127.0.0.1:59318
[38;5;32m[XCUITestDriver@fbc1][0m connect ECONNREFUSED 127.0.0.1:59318
[38;5;32m[XCUITestDriver@89c3 (b477c041)][0m connect ECONNREFUSED 127.0.0.1:59228
[38;5;0m[HTTP][0m <-- GET /wd/hub/session/b477c041-3291-4c48-b451-ebc55e57c569/screenshot 500 1004 ms - 1446
[38;5;0m[HTTP][0m 
[38;5;0m[HTTP][0m [37m-->[39m [37mPOST[39m [37m/wd/hub/session/b477c041-3291-4c48-b451-ebc55e57c569/context[39m
[38;5;0m[HTTP][0m {"name":"NATIVE_APP"}
[38;5;0m[HTTP][0m <-- POST /wd/hub/session/b477c041-3291-4c48-b451-ebc55e57c569/context 200 0 ms - 14
[38;5;0m[HTTP][0m 
[38;5;32m[XCUITestDriver@fbc1][0m connect ECONNREFUSED 127.0.0.1:59318
[38;5;32m[XCUITestDriver@fbc1][0m connect ECONNREFUSED 127.0.0.1:59318
[38;5;32m[XCUITestDriver@fbc1][0m connect ECONNREFUSED 127.0.0.1:59318
[38;5;32m[XCUITestDriver@fbc1][0m connect ECONNREFUSED 127.0.0.1:59318
[38;5;0m[HTTP][0m [37m-->[39m [37mPOST[39m [37m/wd/hub/session/b477c041-3291-4c48-b451-ebc55e57c569/timeouts[39m
[38;5;0m[HTTP][0m {"implicit":50}
[38;5;0m[HTTP][0m <-- POST /wd/hub/session/b477c041-3291-4c48-b451-ebc55e57c569/timeouts 200 0 ms - 14
[38;5;0m[HTTP][0m 
[38;5;0m[HTTP][0m [37m-->[39m [37mGET[39m [37m/wd/hub/session/b477c041-3291-4c48-b451-ebc55e57c569/window/rect[39m
[38;5;0m[HTTP][0m {}
[38;5;32m[XCUITestDriver@89c3 (b477c041)][0m connect ECONNREFUSED 127.0.0.1:59228
[38;5;0m[HTTP][0m <-- GET /wd/hub/session/b477c041-3291-4c48-b451-ebc55e57c569/window/rect 500 2 ms - 1208
[38;5;0m[HTTP][0m 
[38;5;0m[HTTP][0m [37m-->[39m [37mPOST[39m [37m/wd/hub/session/b477c041-3291-4c48-b451-ebc55e57c569/timeouts[39m
[38;5;0m[HTTP][0m {"implicit":30000}
[38;5;0m[HTTP][0m <-- POST /wd/hub/session/b477c041-3291-4c48-b451-ebc55e57c569/timeouts 200 0 ms - 14
[38;5;0m[HTTP][0m 
[38;5;0m[HTTP][0m [37m-->[39m [37mGET[39m [37m/wd/hub/session/b477c041-3291-4c48-b451-ebc55e57c569/context[39m
[38;5;0m[HTTP][0m {}
[38;5;0m[HTTP][0m <-- GET /wd/hub/session/b477c041-3291-4c48-b451-ebc55e57c569/context 200 0 ms - 22
[38;5;0m[HTTP][0m 
[38;5;0m[HTTP][0m [37m-->[39m [37mGET[39m [37m/wd/hub/session/b477c041-3291-4c48-b451-ebc55e57c569/contexts[39m
[38;5;0m[HTTP][0m {}
[38;5;0m[HTTP][0m <-- GET /wd/hub/session/b477c041-3291-4c48-b451-ebc55e57c569/contexts 200 0 ms - 24
[38;5;0m[HTTP][0m 
[38;5;0m[HTTP][0m [37m-->[39m [37mPOST[39m [37m/wd/hub/session/b477c041-3291-4c48-b451-ebc55e57c569/context[39m
[38;5;0m[HTTP][0m {"name":"NATIVE_APP"}
[38;5;0m[HTTP][0m <-- POST /wd/hub/session/b477c041-3291-4c48-b451-ebc55e57c569/context 200 0 ms - 14
[38;5;0m[HTTP][0m 
[38;5;0m[HTTP][0m [37m-->[39m [37mGET[39m [37m/wd/hub/session/b477c041-3291-4c48-b451-ebc55e57c569/screenshot[39m
[38;5;0m[HTTP][0m {}
[38;5;32m[XCUITestDriver@89c3 (b477c041)][0m connect ECONNREFUSED 127.0.0.1:59228
[38;5;32m[XCUITestDriver@89c3 (b477c041)][0m Error getting screenshot: An unknown server-side error occurred while processing the command. Original error: Could not proxy command to the remote server. Original error: connect ECONNREFUSED 127.0.0.1:59228
[38;5;32m[XCUITestDriver@89c3 (b477c041)][0m connect ECONNREFUSED 127.0.0.1:59228
[38;5;32m[XCUITestDriver@fbc1][0m connect ECONNREFUSED 127.0.0.1:59318
[38;5;32m[XCUITestDriver@fbc1][0m connect ECONNREFUSED 127.0.0.1:59318
[38;5;32m[XCUITestDriver@89c3 (b477c041)][0m connect ECONNREFUSED 127.0.0.1:59228
[38;5;0m[HTTP][0m <-- GET /wd/hub/session/b477c041-3291-4c48-b451-ebc55e57c569/screenshot 500 1003 ms - 1446
[38;5;0m[HTTP][0m 
[38;5;0m[HTTP][0m [37m-->[39m [37mPOST[39m [37m/wd/hub/session/b477c041-3291-4c48-b451-ebc55e57c569/context[39m
[38;5;0m[HTTP][0m {"name":"NATIVE_APP"}
[38;5;0m[HTTP][0m <-- POST /wd/hub/session/b477c041-3291-4c48-b451-ebc55e57c569/context 200 0 ms - 14
[38;5;0m[HTTP][0m 
[38;5;32m[XCUITestDriver@fbc1][0m connect ECONNREFUSED 127.0.0.1:59318
[38;5;32m[XCUITestDriver@fbc1][0m connect ECONNREFUSED 127.0.0.1:59318
[38;5;32m[XCUITestDriver@fbc1][0m connect ECONNREFUSED 127.0.0.1:59318
[38;5;32m[XCUITestDriver@fbc1][0m connect ECONNREFUSED 127.0.0.1:59318
[38;5;32m[XCUITestDriver@fbc1][0m connect ECONNREFUSED 127.0.0.1:59318
[38;5;32m[XCUITestDriver@fbc1][0m connect ECONNREFUSED 127.0.0.1:59318
[38;5;32m[XCUITestDriver@fbc1][0m connect ECONNREFUSED 127.0.0.1:59318
[38;5;32m[XCUITestDriver@fbc1][0m connect ECONNREFUSED 127.0.0.1:59318
[38;5;0m[HTTP][0m [37m-->[39m [37mDELETE[39m [37m/wd/hub/session/b477c041-3291-4c48-b451-ebc55e57c569[39m
[38;5;0m[HTTP][0m {}
[38;5;16m[AppiumDriver@4ddc][0m Removing session b477c041-3291-4c48-b451-ebc55e57c569 from our master session list
[38;5;32m[XCUITestDriver@89c3 (b477c041)][0m connect ECONNREFUSED 127.0.0.1:59228
[38;5;96m[DevCon Factory][0m Releasing connections for 00008110-00112D590CD0201E device on any port number
[38;5;96m[DevCon Factory][0m No cached connections have been found
[38;5;0m[HTTP][0m <-- DELETE /wd/hub/session/b477c041-3291-4c48-b451-ebc55e57c569 200 2 ms - 14
[38;5;0m[HTTP][0m 
[Appium] Received SIGTERM - shutting down
[38;5;0m[HTTP][0m Waiting until the server is closed
[38;5;0m[HTTP][0m Received server close event
