[35m[Appium][39m Welcome to Appium v2.4.1 (REV b3751bca8c4a3c76107d5aa3b75b81db93cf4bb6)
[35m[Appium][39m Non-default server args:
[35m[Appium][39m { basePath: [32m'/wd/hub'[39m, loglevel: [32m'info'[39m, port: [33m51364[39m }
[35m[Appium][39m Attempting to load driver xcuitest...
[35m[Appium][39m Attempting to load driver uiautomator2...
[Appium] Appium REST http interface listener started on http://0.0.0.0:51364/wd/hub
[Appium] You can provide the following URLs in your client code to connect to this server:
[Appium] 	http://127.0.0.1:51364/wd/hub (only accessible from the same host)
[Appium] 	http://192.168.1.4:51364/wd/hub
[Appium] 	http://169.254.92.39:51364/wd/hub
[Appium] Available drivers:
[Appium]   - xcuitest@5.12.2 (automationName 'XCUITest')
[Appium]   - uiautomator2@2.40.0 (automationName 'UiAutomator2')
[Appium] No plugins have been installed. Use the "appium plugin" command to install the one(s) you want to use.
[38;5;0m[HTTP][0m [37m-->[39m [37mGET[39m [37m/wd/hub/status[39m
[38;5;0m[HTTP][0m {}
[38;5;0m[HTTP][0m <-- GET /wd/hub/status 200 2 ms - 199
[38;5;0m[HTTP][0m 
[38;5;0m[HTTP][0m [37m-->[39m [37mPOST[39m [37m/wd/hub/session[39m
[38;5;0m[HTTP][0m {"desiredCapabilities":{"appium:waitForAppScript":"true;","appium:newCommandTimeout":1800,"appium:automationName":"XCUITest","appium:fullReset":true,"appium:platformVersion":"17.3","appium:deviceId":"00008110-00112D590CD0201E","appium:noReset":false,"appium:udid":"00008110-00112D590CD0201E","appium:wdaLocalPort":51320,"appium:deviceName":"Safa’s iPhone","platformName":"iOS","appium:app":"/Users/safaamarir/APK/IOS/IS/IS_PreProd_2.1.5_214.ipa"},"capabilities":{"firstMatch":[{"appium:app":"/Users/safaamarir/APK/IOS/IS/IS_PreProd_2.1.5_214.ipa","appium:automationName":"XCUITest","appium:deviceId":"00008110-00112D590CD0201E","appium:deviceName":"Safa’s iPhone","appium:fullReset":true,"appium:newCommandTimeout":1800,"appium:noReset":false,"appium:platformVersion":"17.3","appium:udid":"00008110-00112D590CD0201E","appium:waitForAppScript":"true;","appium:wdaLocalPort":51320,"platformName":"ios"}]}}
[Appium] Attempting to find matching driver for automationName 'XCUITest' and platformName 'ios'
[Appium] The 'xcuitest' driver was installed and matched caps.
[Appium] Will require it at /Users/safaamarir/.appium/node_modules/appium-xcuitest-driver
[38;5;16m[AppiumDriver@0394][0m Appium v2.4.1 creating new XCUITestDriver (v5.12.2) session
[38;5;16m[AppiumDriver@0394][0m Checking BaseDriver versions for Appium and XCUITestDriver
[38;5;16m[AppiumDriver@0394][0m Appium's BaseDriver version is 9.5.0
[38;5;16m[AppiumDriver@0394][0m XCUITestDriver's BaseDriver version is 9.5.0
[38;5;32m[XCUITestDriver@ab71][0m The following provided capabilities were not recognized by this driver:
[38;5;32m[XCUITestDriver@ab71][0m   deviceId
[38;5;32m[XCUITestDriver@ab71][0m   waitForAppScript
[38;5;32m[XCUITestDriver@ab71 (c097f9fd)][0m Session created with session id: c097f9fd-ddcd-4a23-a64e-3f73f404d1b9
[38;5;32m[XCUITestDriver@ab71 (c097f9fd)][0m Determining device to run tests on: udid: '00008110-00112D590CD0201E', real device: true
[38;5;64m[BaseDriver][0m Using local app '/Users/safaamarir/APK/IOS/IS/IS_PreProd_2.1.5_214.ipa'
[38;5;32m[XCUITestDriver@ab71 (c097f9fd)][0m 'Payload/eKareApp.app' is the resulting application bundle selected from '/Users/safaamarir/APK/IOS/IS/IS_PreProd_2.1.5_214.ipa'
[38;5;32m[XCUITestDriver@ab71 (c097f9fd)][0m Using WDA path: '/Users/safaamarir/.appium/node_modules/appium-xcuitest-driver/node_modules/appium-webdriveragent'
[38;5;32m[XCUITestDriver@ab71 (c097f9fd)][0m Using WDA agent: '/Users/safaamarir/.appium/node_modules/appium-xcuitest-driver/node_modules/appium-webdriveragent/WebDriverAgent.xcodeproj'
[38;5;32m[XCUITestDriver@ab71 (c097f9fd)][0m Setting up real device
[38;5;32m[XCUITestDriver@ab71 (c097f9fd)][0m App 'com.ekareinc.insight.healthcare' is not installed yet or it has an offload and cannot be detected, which might keep the local data.
[38;5;48m[XCUITest][0m App installation succeeded after 12893ms
[38;5;96m[DevCon Factory][0m Requesting connection for device 00008110-00112D590CD0201E on local port 51320, device port 51320
[38;5;96m[DevCon Factory][0m Successfully requested the connection for 00008110-00112D590CD0201E:51320
[38;5;112m[WD Proxy][0m socket hang up
[38;5;32m[XCUITestDriver@ab71 (c097f9fd)][0m Launching WebDriverAgent on the device
[38;5;32m[XCUITestDriver@ab71 (c097f9fd)][0m There is no need to perform the project cleanup. A fresh install has been detected
[38;5;32m[XCUITestDriver@ab71 (c097f9fd)][0m socket hang up
[38;5;32m[XCUITestDriver@ab71 (c097f9fd)][0m socket hang up
[38;5;32m[XCUITestDriver@ab71 (c097f9fd)][0m socket hang up
[38;5;32m[XCUITestDriver@ab71 (c097f9fd)][0m socket hang up
[38;5;32m[XCUITestDriver@ab71 (c097f9fd)][0m socket hang up
[38;5;32m[XCUITestDriver@ab71 (c097f9fd)][0m socket hang up
[38;5;32m[XCUITestDriver@ab71 (c097f9fd)][0m socket hang up
[38;5;32m[XCUITestDriver@ab71 (c097f9fd)][0m socket hang up
[38;5;32m[XCUITestDriver@ab71 (c097f9fd)][0m socket hang up
[38;5;32m[XCUITestDriver@ab71 (c097f9fd)][0m socket hang up
[38;5;32m[XCUITestDriver@ab71 (c097f9fd)][0m socket hang up
[38;5;32m[XCUITestDriver@ab71 (c097f9fd)][0m socket hang up
[38;5;32m[XCUITestDriver@ab71 (c097f9fd)][0m socket hang up
[38;5;32m[XCUITestDriver@ab71 (c097f9fd)][0m socket hang up
[38;5;32m[XCUITestDriver@ab71 (c097f9fd)][0m socket hang up
[38;5;32m[XCUITestDriver@ab71 (c097f9fd)][0m socket hang up
[38;5;32m[XCUITestDriver@ab71 (c097f9fd)][0m socket hang up
[38;5;32m[XCUITestDriver@ab71 (c097f9fd)][0m socket hang up
[38;5;32m[XCUITestDriver@ab71 (c097f9fd)][0m socket hang up
[38;5;32m[XCUITestDriver@ab71 (c097f9fd)][0m socket hang up
[38;5;32m[XCUITestDriver@ab71 (c097f9fd)][0m socket hang up
[38;5;32m[XCUITestDriver@ab71 (c097f9fd)][0m socket hang up
[38;5;32m[XCUITestDriver@ab71 (c097f9fd)][0m socket hang up
[38;5;32m[XCUITestDriver@ab71 (c097f9fd)][0m socket hang up
[38;5;32m[XCUITestDriver@ab71 (c097f9fd)][0m socket hang up
[38;5;32m[XCUITestDriver@ab71 (c097f9fd)][0m socket hang up
[38;5;32m[XCUITestDriver@ab71 (c097f9fd)][0m socket hang up
[38;5;32m[XCUITestDriver@ab71 (c097f9fd)][0m socket hang up
[38;5;32m[XCUITestDriver@ab71 (c097f9fd)][0m socket hang up
[38;5;32m[XCUITestDriver@ab71 (c097f9fd)][0m Determined the downstream protocol as 'W3C'
[38;5;16m[AppiumDriver@0394][0m New XCUITestDriver session created successfully, session c097f9fd-ddcd-4a23-a64e-3f73f404d1b9 added to master session list
[38;5;0m[HTTP][0m <-- POST /wd/hub/session 200 51433 ms - 622
[38;5;0m[HTTP][0m 
[38;5;0m[HTTP][0m [37m-->[39m [37mGET[39m [37m/wd/hub/session/c097f9fd-ddcd-4a23-a64e-3f73f404d1b9[39m
[38;5;0m[HTTP][0m {}
[38;5;0m[HTTP][0m <-- GET /wd/hub/session/c097f9fd-ddcd-4a23-a64e-3f73f404d1b9 200 1 ms - 358
[38;5;0m[HTTP][0m 
[38;5;0m[HTTP][0m [37m-->[39m [37mGET[39m [37m/wd/hub/session/c097f9fd-ddcd-4a23-a64e-3f73f404d1b9[39m
[38;5;0m[HTTP][0m {}
[38;5;0m[HTTP][0m <-- GET /wd/hub/session/c097f9fd-ddcd-4a23-a64e-3f73f404d1b9 200 0 ms - 358
[38;5;0m[HTTP][0m 
[38;5;0m[HTTP][0m [37m-->[39m [37mGET[39m [37m/wd/hub/status[39m
[38;5;0m[HTTP][0m {}
[38;5;0m[HTTP][0m <-- GET /wd/hub/status 200 1 ms - 199
[38;5;0m[HTTP][0m 
[38;5;0m[HTTP][0m [37m-->[39m [37mPOST[39m [37m/wd/hub/session/c097f9fd-ddcd-4a23-a64e-3f73f404d1b9/timeouts[39m
[38;5;0m[HTTP][0m {"implicit":30000}
[38;5;0m[HTTP][0m <-- POST /wd/hub/session/c097f9fd-ddcd-4a23-a64e-3f73f404d1b9/timeouts 200 1 ms - 14
[38;5;0m[HTTP][0m 
[38;5;0m[HTTP][0m [37m-->[39m [37mPOST[39m [37m/wd/hub/session/c097f9fd-ddcd-4a23-a64e-3f73f404d1b9/execute/sync[39m
[38;5;0m[HTTP][0m {"script":"mobile: deviceScreenInfo","args":[]}
[38;5;0m[HTTP][0m <-- POST /wd/hub/session/c097f9fd-ddcd-4a23-a64e-3f73f404d1b9/execute/sync 200 247 ms - 63
[38;5;0m[HTTP][0m 
[38;5;0m[HTTP][0m [37m-->[39m [37mPOST[39m [37m/wd/hub/session/c097f9fd-ddcd-4a23-a64e-3f73f404d1b9/execute/sync[39m
[38;5;0m[HTTP][0m {"script":"mobile: deviceScreenInfo","args":[]}
[38;5;0m[HTTP][0m <-- POST /wd/hub/session/c097f9fd-ddcd-4a23-a64e-3f73f404d1b9/execute/sync 200 3 ms - 63
[38;5;0m[HTTP][0m 
[38;5;0m[HTTP][0m [37m-->[39m [37mPOST[39m [37m/wd/hub/session/c097f9fd-ddcd-4a23-a64e-3f73f404d1b9/timeouts[39m
[38;5;0m[HTTP][0m {"implicit":50}
[38;5;0m[HTTP][0m <-- POST /wd/hub/session/c097f9fd-ddcd-4a23-a64e-3f73f404d1b9/timeouts 200 1 ms - 14
[38;5;0m[HTTP][0m 
[38;5;0m[HTTP][0m [37m-->[39m [37mGET[39m [37m/wd/hub/session/c097f9fd-ddcd-4a23-a64e-3f73f404d1b9/window/rect[39m
[38;5;0m[HTTP][0m {}
[38;5;0m[HTTP][0m <-- GET /wd/hub/session/c097f9fd-ddcd-4a23-a64e-3f73f404d1b9/window/rect 200 122 ms - 48
[38;5;0m[HTTP][0m 
[38;5;0m[HTTP][0m [37m-->[39m [37mPOST[39m [37m/wd/hub/session/c097f9fd-ddcd-4a23-a64e-3f73f404d1b9/elements[39m
[38;5;0m[HTTP][0m {"using":"xpath","value":"//*[@type = 'XCUIElementTypeButton' and @label = 'Allow' and @name = 'Allow']"}
[38;5;0m[HTTP][0m <-- POST /wd/hub/session/c097f9fd-ddcd-4a23-a64e-3f73f404d1b9/elements 200 448 ms - 139
[38;5;0m[HTTP][0m 
[38;5;0m[HTTP][0m [37m-->[39m [37mGET[39m [37m/wd/hub/session/c097f9fd-ddcd-4a23-a64e-3f73f404d1b9/element/9A0D0000-0000-0000-2300-000000000000/location[39m
[38;5;0m[HTTP][0m {}
[38;5;0m[HTTP][0m <-- GET /wd/hub/session/c097f9fd-ddcd-4a23-a64e-3f73f404d1b9/element/9A0D0000-0000-0000-2300-000000000000/location 200 70 ms - 27
[38;5;0m[HTTP][0m 
[38;5;0m[HTTP][0m [37m-->[39m [37mPOST[39m [37m/wd/hub/session/c097f9fd-ddcd-4a23-a64e-3f73f404d1b9/timeouts[39m
[38;5;0m[HTTP][0m {"implicit":30000}
[38;5;0m[HTTP][0m <-- POST /wd/hub/session/c097f9fd-ddcd-4a23-a64e-3f73f404d1b9/timeouts 200 1 ms - 14
[38;5;0m[HTTP][0m 
[38;5;0m[HTTP][0m [37m-->[39m [37mPOST[39m [37m/wd/hub/session/c097f9fd-ddcd-4a23-a64e-3f73f404d1b9/element/9A0D0000-0000-0000-2300-000000000000/click[39m
[38;5;0m[HTTP][0m {"id":"9A0D0000-0000-0000-2300-000000000000"}
[38;5;32m[XCUITestDriver@ab71 (c097f9fd)][0m Driver proxy active, passing request on via HTTP proxy
[38;5;32m[XCUITestDriver@ab71 (c097f9fd)][0m Replacing sessionId CAA245CE-15E7-4B26-9614-2B2A8A080946 with c097f9fd-ddcd-4a23-a64e-3f73f404d1b9
[38;5;0m[HTTP][0m <-- POST /wd/hub/session/c097f9fd-ddcd-4a23-a64e-3f73f404d1b9/element/9A0D0000-0000-0000-2300-000000000000/click 200 812 ms - 65
[38;5;0m[HTTP][0m 
[38;5;0m[HTTP][0m [37m-->[39m [37mPOST[39m [37m/wd/hub/session/c097f9fd-ddcd-4a23-a64e-3f73f404d1b9/timeouts[39m
[38;5;0m[HTTP][0m {"implicit":50}
[38;5;0m[HTTP][0m <-- POST /wd/hub/session/c097f9fd-ddcd-4a23-a64e-3f73f404d1b9/timeouts 200 1 ms - 14
[38;5;0m[HTTP][0m 
[38;5;0m[HTTP][0m [37m-->[39m [37mGET[39m [37m/wd/hub/session/c097f9fd-ddcd-4a23-a64e-3f73f404d1b9/window/rect[39m
[38;5;0m[HTTP][0m {}
[38;5;0m[HTTP][0m <-- GET /wd/hub/session/c097f9fd-ddcd-4a23-a64e-3f73f404d1b9/window/rect 200 98 ms - 48
[38;5;0m[HTTP][0m 
[38;5;0m[HTTP][0m [37m-->[39m [37mPOST[39m [37m/wd/hub/session/c097f9fd-ddcd-4a23-a64e-3f73f404d1b9/elements[39m
[38;5;0m[HTTP][0m {"using":"xpath","value":"//*[@type = 'XCUIElementTypeTextField']"}
[38;5;0m[HTTP][0m <-- POST /wd/hub/session/c097f9fd-ddcd-4a23-a64e-3f73f404d1b9/elements 200 247 ms - 139
[38;5;0m[HTTP][0m 
[38;5;0m[HTTP][0m [37m-->[39m [37mGET[39m [37m/wd/hub/session/c097f9fd-ddcd-4a23-a64e-3f73f404d1b9/element/2E000000-0000-0000-2F1F-000000000000/location[39m
[38;5;0m[HTTP][0m {}
[38;5;0m[HTTP][0m <-- GET /wd/hub/session/c097f9fd-ddcd-4a23-a64e-3f73f404d1b9/element/2E000000-0000-0000-2F1F-000000000000/location 200 51 ms - 26
[38;5;0m[HTTP][0m 
[38;5;0m[HTTP][0m [37m-->[39m [37mPOST[39m [37m/wd/hub/session/c097f9fd-ddcd-4a23-a64e-3f73f404d1b9/timeouts[39m
[38;5;0m[HTTP][0m {"implicit":30000}
[38;5;0m[HTTP][0m <-- POST /wd/hub/session/c097f9fd-ddcd-4a23-a64e-3f73f404d1b9/timeouts 200 0 ms - 14
[38;5;0m[HTTP][0m 
[38;5;0m[HTTP][0m [37m-->[39m [37mPOST[39m [37m/wd/hub/session/c097f9fd-ddcd-4a23-a64e-3f73f404d1b9/element/2E000000-0000-0000-2F1F-000000000000/clear[39m
[38;5;0m[HTTP][0m {"id":"2E000000-0000-0000-2F1F-000000000000"}
[38;5;0m[HTTP][0m <-- POST /wd/hub/session/c097f9fd-ddcd-4a23-a64e-3f73f404d1b9/element/2E000000-0000-0000-2F1F-000000000000/clear 200 50 ms - 14
[38;5;0m[HTTP][0m 
[38;5;0m[HTTP][0m [37m-->[39m [37mPOST[39m [37m/wd/hub/session/c097f9fd-ddcd-4a23-a64e-3f73f404d1b9/element/2E000000-0000-0000-2F1F-000000000000/click[39m
[38;5;0m[HTTP][0m {"id":"2E000000-0000-0000-2F1F-000000000000"}
[38;5;32m[XCUITestDriver@ab71 (c097f9fd)][0m Driver proxy active, passing request on via HTTP proxy
[38;5;32m[XCUITestDriver@ab71 (c097f9fd)][0m Replacing sessionId CAA245CE-15E7-4B26-9614-2B2A8A080946 with c097f9fd-ddcd-4a23-a64e-3f73f404d1b9
[38;5;0m[HTTP][0m <-- POST /wd/hub/session/c097f9fd-ddcd-4a23-a64e-3f73f404d1b9/element/2E000000-0000-0000-2F1F-000000000000/click 200 929 ms - 65
[38;5;0m[HTTP][0m 
[38;5;0m[HTTP][0m [37m-->[39m [37mPOST[39m [37m/wd/hub/session/c097f9fd-ddcd-4a23-a64e-3f73f404d1b9/element/2E000000-0000-0000-2F1F-000000000000/value[39m
[38;5;0m[HTTP][0m {"id":"2E000000-0000-0000-2F1F-000000000000","text":"katalon","value":["k","a","t","a","l","o","n"]}
[38;5;0m[HTTP][0m <-- POST /wd/hub/session/c097f9fd-ddcd-4a23-a64e-3f73f404d1b9/element/2E000000-0000-0000-2F1F-000000000000/value 200 519 ms - 14
[38;5;0m[HTTP][0m 
[38;5;0m[HTTP][0m [37m-->[39m [37mPOST[39m [37m/wd/hub/session/c097f9fd-ddcd-4a23-a64e-3f73f404d1b9/timeouts[39m
[38;5;0m[HTTP][0m {"implicit":50}
[38;5;0m[HTTP][0m <-- POST /wd/hub/session/c097f9fd-ddcd-4a23-a64e-3f73f404d1b9/timeouts 200 1 ms - 14
[38;5;0m[HTTP][0m 
[38;5;0m[HTTP][0m [37m-->[39m [37mGET[39m [37m/wd/hub/session/c097f9fd-ddcd-4a23-a64e-3f73f404d1b9/window/rect[39m
[38;5;0m[HTTP][0m {}
[38;5;0m[HTTP][0m <-- GET /wd/hub/session/c097f9fd-ddcd-4a23-a64e-3f73f404d1b9/window/rect 200 113 ms - 48
[38;5;0m[HTTP][0m 
[38;5;0m[HTTP][0m [37m-->[39m [37mPOST[39m [37m/wd/hub/session/c097f9fd-ddcd-4a23-a64e-3f73f404d1b9/elements[39m
[38;5;0m[HTTP][0m {"using":"xpath","value":"//*[@type = 'XCUIElementTypeSecureTextField']"}
[38;5;0m[HTTP][0m <-- POST /wd/hub/session/c097f9fd-ddcd-4a23-a64e-3f73f404d1b9/elements 200 477 ms - 139
[38;5;0m[HTTP][0m 
[38;5;0m[HTTP][0m [37m-->[39m [37mGET[39m [37m/wd/hub/session/c097f9fd-ddcd-4a23-a64e-3f73f404d1b9/element/2F000000-0000-0000-2F1F-000000000000/location[39m
[38;5;0m[HTTP][0m {}
[38;5;0m[HTTP][0m <-- GET /wd/hub/session/c097f9fd-ddcd-4a23-a64e-3f73f404d1b9/element/2F000000-0000-0000-2F1F-000000000000/location 200 81 ms - 26
[38;5;0m[HTTP][0m 
[38;5;0m[HTTP][0m [37m-->[39m [37mPOST[39m [37m/wd/hub/session/c097f9fd-ddcd-4a23-a64e-3f73f404d1b9/timeouts[39m
[38;5;0m[HTTP][0m {"implicit":30000}
[38;5;0m[HTTP][0m <-- POST /wd/hub/session/c097f9fd-ddcd-4a23-a64e-3f73f404d1b9/timeouts 200 0 ms - 14
[38;5;0m[HTTP][0m 
[38;5;0m[HTTP][0m [37m-->[39m [37mPOST[39m [37m/wd/hub/session/c097f9fd-ddcd-4a23-a64e-3f73f404d1b9/element/2F000000-0000-0000-2F1F-000000000000/clear[39m
[38;5;0m[HTTP][0m {"id":"2F000000-0000-0000-2F1F-000000000000"}
[38;5;0m[HTTP][0m <-- POST /wd/hub/session/c097f9fd-ddcd-4a23-a64e-3f73f404d1b9/element/2F000000-0000-0000-2F1F-000000000000/clear 200 83 ms - 14
[38;5;0m[HTTP][0m 
[38;5;0m[HTTP][0m [37m-->[39m [37mPOST[39m [37m/wd/hub/session/c097f9fd-ddcd-4a23-a64e-3f73f404d1b9/element/2F000000-0000-0000-2F1F-000000000000/click[39m
[38;5;0m[HTTP][0m {"id":"2F000000-0000-0000-2F1F-000000000000"}
[38;5;32m[XCUITestDriver@ab71 (c097f9fd)][0m Driver proxy active, passing request on via HTTP proxy
[38;5;32m[XCUITestDriver@ab71 (c097f9fd)][0m Replacing sessionId CAA245CE-15E7-4B26-9614-2B2A8A080946 with c097f9fd-ddcd-4a23-a64e-3f73f404d1b9
[38;5;0m[HTTP][0m <-- POST /wd/hub/session/c097f9fd-ddcd-4a23-a64e-3f73f404d1b9/element/2F000000-0000-0000-2F1F-000000000000/click 200 481 ms - 65
[38;5;0m[HTTP][0m 
[38;5;0m[HTTP][0m [37m-->[39m [37mPOST[39m [37m/wd/hub/session/c097f9fd-ddcd-4a23-a64e-3f73f404d1b9/element/2F000000-0000-0000-2F1F-000000000000/value[39m
[38;5;0m[HTTP][0m {"id":"2F000000-0000-0000-2F1F-000000000000","text":"eKare123@","value":["e","K","a","r","e","1","2","3","@"]}
[38;5;0m[HTTP][0m <-- POST /wd/hub/session/c097f9fd-ddcd-4a23-a64e-3f73f404d1b9/element/2F000000-0000-0000-2F1F-000000000000/value 200 485 ms - 14
[38;5;0m[HTTP][0m 
[38;5;0m[HTTP][0m [37m-->[39m [37mPOST[39m [37m/wd/hub/session/c097f9fd-ddcd-4a23-a64e-3f73f404d1b9/timeouts[39m
[38;5;0m[HTTP][0m {"implicit":50}
[38;5;0m[HTTP][0m <-- POST /wd/hub/session/c097f9fd-ddcd-4a23-a64e-3f73f404d1b9/timeouts 200 0 ms - 14
[38;5;0m[HTTP][0m 
[38;5;0m[HTTP][0m [37m-->[39m [37mGET[39m [37m/wd/hub/session/c097f9fd-ddcd-4a23-a64e-3f73f404d1b9/window/rect[39m
[38;5;0m[HTTP][0m {}
[38;5;0m[HTTP][0m <-- GET /wd/hub/session/c097f9fd-ddcd-4a23-a64e-3f73f404d1b9/window/rect 200 105 ms - 48
[38;5;0m[HTTP][0m 
[38;5;0m[HTTP][0m [37m-->[39m [37mPOST[39m [37m/wd/hub/session/c097f9fd-ddcd-4a23-a64e-3f73f404d1b9/elements[39m
[38;5;0m[HTTP][0m {"using":"xpath","value":"//*[@type = 'XCUIElementTypeOther' and @label = 'SIGN IN' and @name = 'SIGN IN']"}
[38;5;0m[HTTP][0m <-- POST /wd/hub/session/c097f9fd-ddcd-4a23-a64e-3f73f404d1b9/elements 200 946 ms - 139
[38;5;0m[HTTP][0m 
[38;5;0m[HTTP][0m [37m-->[39m [37mGET[39m [37m/wd/hub/session/c097f9fd-ddcd-4a23-a64e-3f73f404d1b9/element/1A000000-0000-0000-2F1F-000000000000/location[39m
[38;5;0m[HTTP][0m {}
[38;5;0m[HTTP][0m <-- GET /wd/hub/session/c097f9fd-ddcd-4a23-a64e-3f73f404d1b9/element/1A000000-0000-0000-2F1F-000000000000/location 200 75 ms - 26
[38;5;0m[HTTP][0m 
[38;5;0m[HTTP][0m [37m-->[39m [37mPOST[39m [37m/wd/hub/session/c097f9fd-ddcd-4a23-a64e-3f73f404d1b9/timeouts[39m
[38;5;0m[HTTP][0m {"implicit":30000}
[38;5;0m[HTTP][0m <-- POST /wd/hub/session/c097f9fd-ddcd-4a23-a64e-3f73f404d1b9/timeouts 200 1 ms - 14
[38;5;0m[HTTP][0m 
[38;5;0m[HTTP][0m [37m-->[39m [37mPOST[39m [37m/wd/hub/session/c097f9fd-ddcd-4a23-a64e-3f73f404d1b9/element/1A000000-0000-0000-2F1F-000000000000/click[39m
[38;5;0m[HTTP][0m {"id":"1A000000-0000-0000-2F1F-000000000000"}
[38;5;32m[XCUITestDriver@ab71 (c097f9fd)][0m Driver proxy active, passing request on via HTTP proxy
[38;5;32m[XCUITestDriver@ab71 (c097f9fd)][0m Replacing sessionId CAA245CE-15E7-4B26-9614-2B2A8A080946 with c097f9fd-ddcd-4a23-a64e-3f73f404d1b9
[38;5;0m[HTTP][0m <-- POST /wd/hub/session/c097f9fd-ddcd-4a23-a64e-3f73f404d1b9/element/1A000000-0000-0000-2F1F-000000000000/click 200 844 ms - 65
[38;5;0m[HTTP][0m 
[38;5;0m[HTTP][0m [37m-->[39m [37mPOST[39m [37m/wd/hub/session/c097f9fd-ddcd-4a23-a64e-3f73f404d1b9/timeouts[39m
[38;5;0m[HTTP][0m {"implicit":50}
[38;5;0m[HTTP][0m <-- POST /wd/hub/session/c097f9fd-ddcd-4a23-a64e-3f73f404d1b9/timeouts 200 0 ms - 14
[38;5;0m[HTTP][0m 
[38;5;0m[HTTP][0m [37m-->[39m [37mGET[39m [37m/wd/hub/session/c097f9fd-ddcd-4a23-a64e-3f73f404d1b9/window/rect[39m
[38;5;0m[HTTP][0m {}
[38;5;0m[HTTP][0m <-- GET /wd/hub/session/c097f9fd-ddcd-4a23-a64e-3f73f404d1b9/window/rect 200 71 ms - 48
[38;5;0m[HTTP][0m 
[38;5;0m[HTTP][0m [37m-->[39m [37mPOST[39m [37m/wd/hub/session/c097f9fd-ddcd-4a23-a64e-3f73f404d1b9/elements[39m
[38;5;0m[HTTP][0m {"using":"xpath","value":"//XCUIElementTypeApplication/XCUIElementTypeWindow[1]/XCUIElementTypeOther[2]/XCUIElementTypeOther[1]/XCUIElementTypeOther[1]/XCUIElementTypeOther[2]/XCUIElementTypeOther[1]/XCUIElementTypeOther[1]/XCUIElementTypeOther[1]/XCUIElementTypeScrollView[1]/XCUIElementTypeOther[1]/XCUIElementTypeOther[1]/XCUIElementTypeOther[2]"}
[38;5;0m[HTTP][0m <-- POST /wd/hub/session/c097f9fd-ddcd-4a23-a64e-3f73f404d1b9/elements 200 352 ms - 139
[38;5;0m[HTTP][0m 
[38;5;0m[HTTP][0m [37m-->[39m [37mGET[39m [37m/wd/hub/session/c097f9fd-ddcd-4a23-a64e-3f73f404d1b9/element/88000000-0000-0000-2F1F-000000000000/location[39m
[38;5;0m[HTTP][0m {}
[38;5;0m[HTTP][0m <-- GET /wd/hub/session/c097f9fd-ddcd-4a23-a64e-3f73f404d1b9/element/88000000-0000-0000-2F1F-000000000000/location 200 68 ms - 26
[38;5;0m[HTTP][0m 
[38;5;0m[HTTP][0m [37m-->[39m [37mPOST[39m [37m/wd/hub/session/c097f9fd-ddcd-4a23-a64e-3f73f404d1b9/timeouts[39m
[38;5;0m[HTTP][0m {"implicit":30000}
[38;5;0m[HTTP][0m <-- POST /wd/hub/session/c097f9fd-ddcd-4a23-a64e-3f73f404d1b9/timeouts 200 0 ms - 14
[38;5;0m[HTTP][0m 
[38;5;0m[HTTP][0m [37m-->[39m [37mPOST[39m [37m/wd/hub/session/c097f9fd-ddcd-4a23-a64e-3f73f404d1b9/element/88000000-0000-0000-2F1F-000000000000/click[39m
[38;5;0m[HTTP][0m {"id":"88000000-0000-0000-2F1F-000000000000"}
[38;5;32m[XCUITestDriver@ab71 (c097f9fd)][0m Driver proxy active, passing request on via HTTP proxy
[38;5;32m[XCUITestDriver@ab71 (c097f9fd)][0m Replacing sessionId CAA245CE-15E7-4B26-9614-2B2A8A080946 with c097f9fd-ddcd-4a23-a64e-3f73f404d1b9
[38;5;0m[HTTP][0m <-- POST /wd/hub/session/c097f9fd-ddcd-4a23-a64e-3f73f404d1b9/element/88000000-0000-0000-2F1F-000000000000/click 200 453 ms - 65
[38;5;0m[HTTP][0m 
[38;5;0m[HTTP][0m [37m-->[39m [37mPOST[39m [37m/wd/hub/session/c097f9fd-ddcd-4a23-a64e-3f73f404d1b9/timeouts[39m
[38;5;0m[HTTP][0m {"implicit":50}
[38;5;0m[HTTP][0m <-- POST /wd/hub/session/c097f9fd-ddcd-4a23-a64e-3f73f404d1b9/timeouts 200 1 ms - 14
[38;5;0m[HTTP][0m 
[38;5;0m[HTTP][0m [37m-->[39m [37mGET[39m [37m/wd/hub/session/c097f9fd-ddcd-4a23-a64e-3f73f404d1b9/window/rect[39m
[38;5;0m[HTTP][0m {}
[38;5;0m[HTTP][0m <-- GET /wd/hub/session/c097f9fd-ddcd-4a23-a64e-3f73f404d1b9/window/rect 200 151 ms - 48
[38;5;0m[HTTP][0m 
[38;5;0m[HTTP][0m [37m-->[39m [37mPOST[39m [37m/wd/hub/session/c097f9fd-ddcd-4a23-a64e-3f73f404d1b9/elements[39m
[38;5;0m[HTTP][0m {"using":"xpath","value":"//XCUIElementTypeApplication/XCUIElementTypeWindow[1]/XCUIElementTypeOther[1]/XCUIElementTypeOther[1]/XCUIElementTypeOther[1]/XCUIElementTypeOther[1]/XCUIElementTypeOther[1]/XCUIElementTypeOther[1]/XCUIElementTypeOther[1]/XCUIElementTypeOther[1]/XCUIElementTypeOther[1]/XCUIElementTypeOther[1]/XCUIElementTypeOther[1]/XCUIElementTypeOther[2]/XCUIElementTypeOther[1]/XCUIElementTypeOther[1]/XCUIElementTypeOther[1]/XCUIElementTypeOther[1]/XCUIElementTypeOther[1]/XCUIElementTypeOther[2]/XCUIElementTypeOther[1]/XCUIElementTypeOther[1]/XCUIElementTypeOther[1]/XCUIElementTypeOther[1]/XCUIElementTypeOther[1]/XCUIElementTypeOther[2]/XCUIElementTypeOther[1]/XCUIElementTypeOther[1]"}
[38;5;0m[HTTP][0m <-- POST /wd/hub/session/c097f9fd-ddcd-4a23-a64e-3f73f404d1b9/elements 200 637 ms - 139
[38;5;0m[HTTP][0m 
[38;5;0m[HTTP][0m [37m-->[39m [37mGET[39m [37m/wd/hub/session/c097f9fd-ddcd-4a23-a64e-3f73f404d1b9/element/CA000000-0000-0000-2F1F-000000000000/location[39m
[38;5;0m[HTTP][0m {}
[38;5;0m[HTTP][0m <-- GET /wd/hub/session/c097f9fd-ddcd-4a23-a64e-3f73f404d1b9/element/CA000000-0000-0000-2F1F-000000000000/location 200 102 ms - 25
[38;5;0m[HTTP][0m 
[38;5;0m[HTTP][0m [37m-->[39m [37mPOST[39m [37m/wd/hub/session/c097f9fd-ddcd-4a23-a64e-3f73f404d1b9/timeouts[39m
[38;5;0m[HTTP][0m {"implicit":30000}
[38;5;0m[HTTP][0m <-- POST /wd/hub/session/c097f9fd-ddcd-4a23-a64e-3f73f404d1b9/timeouts 200 0 ms - 14
[38;5;0m[HTTP][0m 
[38;5;0m[HTTP][0m [37m-->[39m [37mPOST[39m [37m/wd/hub/session/c097f9fd-ddcd-4a23-a64e-3f73f404d1b9/element/CA000000-0000-0000-2F1F-000000000000/click[39m
[38;5;0m[HTTP][0m {"id":"CA000000-0000-0000-2F1F-000000000000"}
[38;5;32m[XCUITestDriver@ab71 (c097f9fd)][0m Driver proxy active, passing request on via HTTP proxy
[38;5;32m[XCUITestDriver@ab71 (c097f9fd)][0m Replacing sessionId CAA245CE-15E7-4B26-9614-2B2A8A080946 with c097f9fd-ddcd-4a23-a64e-3f73f404d1b9
[38;5;0m[HTTP][0m <-- POST /wd/hub/session/c097f9fd-ddcd-4a23-a64e-3f73f404d1b9/element/CA000000-0000-0000-2F1F-000000000000/click 200 504 ms - 65
[38;5;0m[HTTP][0m 
[38;5;0m[HTTP][0m [37m-->[39m [37mPOST[39m [37m/wd/hub/session/c097f9fd-ddcd-4a23-a64e-3f73f404d1b9/timeouts[39m
[38;5;0m[HTTP][0m {"implicit":50}
[38;5;0m[HTTP][0m <-- POST /wd/hub/session/c097f9fd-ddcd-4a23-a64e-3f73f404d1b9/timeouts 200 0 ms - 14
[38;5;0m[HTTP][0m 
[38;5;0m[HTTP][0m [37m-->[39m [37mGET[39m [37m/wd/hub/session/c097f9fd-ddcd-4a23-a64e-3f73f404d1b9/window/rect[39m
[38;5;0m[HTTP][0m {}
[38;5;0m[HTTP][0m <-- GET /wd/hub/session/c097f9fd-ddcd-4a23-a64e-3f73f404d1b9/window/rect 200 131 ms - 48
[38;5;0m[HTTP][0m 
[38;5;0m[HTTP][0m [37m-->[39m [37mPOST[39m [37m/wd/hub/session/c097f9fd-ddcd-4a23-a64e-3f73f404d1b9/elements[39m
[38;5;0m[HTTP][0m {"using":"xpath","value":"//*[@type = 'XCUIElementTypeOther' and @label = 'Help' and @name = 'Help']"}
[38;5;0m[HTTP][0m <-- POST /wd/hub/session/c097f9fd-ddcd-4a23-a64e-3f73f404d1b9/elements 200 1309 ms - 139
[38;5;0m[HTTP][0m 
[38;5;0m[HTTP][0m [37m-->[39m [37mGET[39m [37m/wd/hub/session/c097f9fd-ddcd-4a23-a64e-3f73f404d1b9/element/A2000000-0000-0000-2F1F-000000000000/location[39m
[38;5;0m[HTTP][0m {}
[38;5;0m[HTTP][0m <-- GET /wd/hub/session/c097f9fd-ddcd-4a23-a64e-3f73f404d1b9/element/A2000000-0000-0000-2F1F-000000000000/location 200 108 ms - 25
[38;5;0m[HTTP][0m 
[38;5;0m[HTTP][0m [37m-->[39m [37mPOST[39m [37m/wd/hub/session/c097f9fd-ddcd-4a23-a64e-3f73f404d1b9/timeouts[39m
[38;5;0m[HTTP][0m {"implicit":30000}
[38;5;0m[HTTP][0m <-- POST /wd/hub/session/c097f9fd-ddcd-4a23-a64e-3f73f404d1b9/timeouts 200 0 ms - 14
[38;5;0m[HTTP][0m 
[38;5;0m[HTTP][0m [37m-->[39m [37mPOST[39m [37m/wd/hub/session/c097f9fd-ddcd-4a23-a64e-3f73f404d1b9/element/A2000000-0000-0000-2F1F-000000000000/click[39m
[38;5;0m[HTTP][0m {"id":"A2000000-0000-0000-2F1F-000000000000"}
[38;5;32m[XCUITestDriver@ab71 (c097f9fd)][0m Driver proxy active, passing request on via HTTP proxy
[38;5;32m[XCUITestDriver@ab71 (c097f9fd)][0m Replacing sessionId CAA245CE-15E7-4B26-9614-2B2A8A080946 with c097f9fd-ddcd-4a23-a64e-3f73f404d1b9
[38;5;0m[HTTP][0m <-- POST /wd/hub/session/c097f9fd-ddcd-4a23-a64e-3f73f404d1b9/element/A2000000-0000-0000-2F1F-000000000000/click 200 490 ms - 65
[38;5;0m[HTTP][0m 
[38;5;0m[HTTP][0m [37m-->[39m [37mPOST[39m [37m/wd/hub/session/c097f9fd-ddcd-4a23-a64e-3f73f404d1b9/timeouts[39m
[38;5;0m[HTTP][0m {"implicit":50}
[38;5;0m[HTTP][0m <-- POST /wd/hub/session/c097f9fd-ddcd-4a23-a64e-3f73f404d1b9/timeouts 200 0 ms - 14
[38;5;0m[HTTP][0m 
[38;5;0m[HTTP][0m [37m-->[39m [37mGET[39m [37m/wd/hub/session/c097f9fd-ddcd-4a23-a64e-3f73f404d1b9/window/rect[39m
[38;5;0m[HTTP][0m {}
[38;5;0m[HTTP][0m <-- GET /wd/hub/session/c097f9fd-ddcd-4a23-a64e-3f73f404d1b9/window/rect 200 133 ms - 48
[38;5;0m[HTTP][0m 
[38;5;0m[HTTP][0m [37m-->[39m [37mPOST[39m [37m/wd/hub/session/c097f9fd-ddcd-4a23-a64e-3f73f404d1b9/elements[39m
[38;5;0m[HTTP][0m {"using":"xpath","value":"//*[@type = 'XCUIElementTypeOther' and @label = 'App Intro' and @name = 'App Intro']"}
[38;5;0m[HTTP][0m <-- POST /wd/hub/session/c097f9fd-ddcd-4a23-a64e-3f73f404d1b9/elements 200 1482 ms - 139
[38;5;0m[HTTP][0m 
[38;5;0m[HTTP][0m [37m-->[39m [37mGET[39m [37m/wd/hub/session/c097f9fd-ddcd-4a23-a64e-3f73f404d1b9/element/32010000-0000-0000-2F1F-000000000000/location[39m
[38;5;0m[HTTP][0m {}
[38;5;0m[HTTP][0m <-- GET /wd/hub/session/c097f9fd-ddcd-4a23-a64e-3f73f404d1b9/element/32010000-0000-0000-2F1F-000000000000/location 200 109 ms - 25
[38;5;0m[HTTP][0m 
[38;5;0m[HTTP][0m [37m-->[39m [37mPOST[39m [37m/wd/hub/session/c097f9fd-ddcd-4a23-a64e-3f73f404d1b9/timeouts[39m
[38;5;0m[HTTP][0m {"implicit":30000}
[38;5;0m[HTTP][0m <-- POST /wd/hub/session/c097f9fd-ddcd-4a23-a64e-3f73f404d1b9/timeouts 200 0 ms - 14
[38;5;0m[HTTP][0m 
[38;5;0m[HTTP][0m [37m-->[39m [37mPOST[39m [37m/wd/hub/session/c097f9fd-ddcd-4a23-a64e-3f73f404d1b9/element/32010000-0000-0000-2F1F-000000000000/click[39m
[38;5;0m[HTTP][0m {"id":"32010000-0000-0000-2F1F-000000000000"}
[38;5;32m[XCUITestDriver@ab71 (c097f9fd)][0m Driver proxy active, passing request on via HTTP proxy
[38;5;32m[XCUITestDriver@ab71 (c097f9fd)][0m Replacing sessionId CAA245CE-15E7-4B26-9614-2B2A8A080946 with c097f9fd-ddcd-4a23-a64e-3f73f404d1b9
[38;5;0m[HTTP][0m <-- POST /wd/hub/session/c097f9fd-ddcd-4a23-a64e-3f73f404d1b9/element/32010000-0000-0000-2F1F-000000000000/click 200 516 ms - 65
[38;5;0m[HTTP][0m 
[38;5;0m[HTTP][0m [37m-->[39m [37mPOST[39m [37m/wd/hub/session/c097f9fd-ddcd-4a23-a64e-3f73f404d1b9/timeouts[39m
[38;5;0m[HTTP][0m {"implicit":50}
[38;5;0m[HTTP][0m <-- POST /wd/hub/session/c097f9fd-ddcd-4a23-a64e-3f73f404d1b9/timeouts 200 0 ms - 14
[38;5;0m[HTTP][0m 
[38;5;0m[HTTP][0m [37m-->[39m [37mGET[39m [37m/wd/hub/session/c097f9fd-ddcd-4a23-a64e-3f73f404d1b9/window/rect[39m
[38;5;0m[HTTP][0m {}
[38;5;0m[HTTP][0m <-- GET /wd/hub/session/c097f9fd-ddcd-4a23-a64e-3f73f404d1b9/window/rect 200 86 ms - 48
[38;5;0m[HTTP][0m 
[38;5;0m[HTTP][0m [37m-->[39m [37mPOST[39m [37m/wd/hub/session/c097f9fd-ddcd-4a23-a64e-3f73f404d1b9/elements[39m
[38;5;0m[HTTP][0m {"using":"xpath","value":"//*[@type = 'XCUIElementTypeImage']"}
[38;5;0m[HTTP][0m <-- POST /wd/hub/session/c097f9fd-ddcd-4a23-a64e-3f73f404d1b9/elements 200 516 ms - 523
[38;5;0m[HTTP][0m 
[38;5;0m[HTTP][0m [37m-->[39m [37mGET[39m [37m/wd/hub/session/c097f9fd-ddcd-4a23-a64e-3f73f404d1b9/element/B1000000-0000-0000-2F1F-000000000000/location[39m
[38;5;0m[HTTP][0m {}
[38;5;0m[HTTP][0m <-- GET /wd/hub/session/c097f9fd-ddcd-4a23-a64e-3f73f404d1b9/element/B1000000-0000-0000-2F1F-000000000000/location 200 56 ms - 26
[38;5;0m[HTTP][0m 
[38;5;0m[HTTP][0m [37m-->[39m [37mPOST[39m [37m/wd/hub/session/c097f9fd-ddcd-4a23-a64e-3f73f404d1b9/timeouts[39m
[38;5;0m[HTTP][0m {"implicit":30000}
[38;5;0m[HTTP][0m <-- POST /wd/hub/session/c097f9fd-ddcd-4a23-a64e-3f73f404d1b9/timeouts 200 0 ms - 14
[38;5;0m[HTTP][0m 
[38;5;0m[HTTP][0m [37m-->[39m [37mPOST[39m [37m/wd/hub/session/c097f9fd-ddcd-4a23-a64e-3f73f404d1b9/timeouts[39m
[38;5;0m[HTTP][0m {"implicit":50}
[38;5;0m[HTTP][0m <-- POST /wd/hub/session/c097f9fd-ddcd-4a23-a64e-3f73f404d1b9/timeouts 200 1 ms - 14
[38;5;0m[HTTP][0m 
[38;5;0m[HTTP][0m [37m-->[39m [37mGET[39m [37m/wd/hub/session/c097f9fd-ddcd-4a23-a64e-3f73f404d1b9/window/rect[39m
[38;5;0m[HTTP][0m {}
[38;5;0m[HTTP][0m <-- GET /wd/hub/session/c097f9fd-ddcd-4a23-a64e-3f73f404d1b9/window/rect 200 66 ms - 48
[38;5;0m[HTTP][0m 
[38;5;0m[HTTP][0m [37m-->[39m [37mPOST[39m [37m/wd/hub/session/c097f9fd-ddcd-4a23-a64e-3f73f404d1b9/elements[39m
[38;5;0m[HTTP][0m {"using":"xpath","value":"//*[@type = 'XCUIElementTypeStaticText' and @label = 'To start, add a new patient or select from your list' and @name = 'To start, add a new patient or select from your list' and @value = 'To start, add a new patient or select from your list']"}
[38;5;0m[HTTP][0m <-- POST /wd/hub/session/c097f9fd-ddcd-4a23-a64e-3f73f404d1b9/elements 200 812 ms - 139
[38;5;0m[HTTP][0m 
[38;5;0m[HTTP][0m [37m-->[39m [37mGET[39m [37m/wd/hub/session/c097f9fd-ddcd-4a23-a64e-3f73f404d1b9/element/53010000-0000-0000-2F1F-000000000000/location[39m
[38;5;0m[HTTP][0m {}
[38;5;0m[HTTP][0m <-- GET /wd/hub/session/c097f9fd-ddcd-4a23-a64e-3f73f404d1b9/element/53010000-0000-0000-2F1F-000000000000/location 200 76 ms - 26
[38;5;0m[HTTP][0m 
[38;5;0m[HTTP][0m [37m-->[39m [37mPOST[39m [37m/wd/hub/session/c097f9fd-ddcd-4a23-a64e-3f73f404d1b9/timeouts[39m
[38;5;0m[HTTP][0m {"implicit":30000}
[38;5;0m[HTTP][0m <-- POST /wd/hub/session/c097f9fd-ddcd-4a23-a64e-3f73f404d1b9/timeouts 200 0 ms - 14
[38;5;0m[HTTP][0m 
[38;5;0m[HTTP][0m [37m-->[39m [37mGET[39m [37m/wd/hub/session/c097f9fd-ddcd-4a23-a64e-3f73f404d1b9/element/53010000-0000-0000-2F1F-000000000000/text[39m
[38;5;0m[HTTP][0m {}
[38;5;32m[XCUITestDriver@ab71 (c097f9fd)][0m Driver proxy active, passing request on via HTTP proxy
[38;5;32m[XCUITestDriver@ab71 (c097f9fd)][0m Replacing sessionId CAA245CE-15E7-4B26-9614-2B2A8A080946 with c097f9fd-ddcd-4a23-a64e-3f73f404d1b9
[38;5;0m[HTTP][0m <-- GET /wd/hub/session/c097f9fd-ddcd-4a23-a64e-3f73f404d1b9/element/53010000-0000-0000-2F1F-000000000000/text 200 72 ms - 115
[38;5;0m[HTTP][0m 
[38;5;0m[HTTP][0m [37m-->[39m [37mPOST[39m [37m/wd/hub/session/c097f9fd-ddcd-4a23-a64e-3f73f404d1b9/timeouts[39m
[38;5;0m[HTTP][0m {"implicit":50}
[38;5;0m[HTTP][0m <-- POST /wd/hub/session/c097f9fd-ddcd-4a23-a64e-3f73f404d1b9/timeouts 200 1 ms - 14
[38;5;0m[HTTP][0m 
[38;5;0m[HTTP][0m [37m-->[39m [37mGET[39m [37m/wd/hub/session/c097f9fd-ddcd-4a23-a64e-3f73f404d1b9/window/rect[39m
[38;5;0m[HTTP][0m {}
[38;5;0m[HTTP][0m <-- GET /wd/hub/session/c097f9fd-ddcd-4a23-a64e-3f73f404d1b9/window/rect 200 86 ms - 48
[38;5;0m[HTTP][0m 
[38;5;0m[HTTP][0m [37m-->[39m [37mPOST[39m [37m/wd/hub/session/c097f9fd-ddcd-4a23-a64e-3f73f404d1b9/elements[39m
[38;5;0m[HTTP][0m {"using":"xpath","value":"//XCUIElementTypeApplication/XCUIElementTypeWindow[1]/XCUIElementTypeOther[1]/XCUIElementTypeOther[1]/XCUIElementTypeOther[1]/XCUIElementTypeOther[1]/XCUIElementTypeOther[1]/XCUIElementTypeOther[1]/XCUIElementTypeOther[1]/XCUIElementTypeOther[1]/XCUIElementTypeOther[1]/XCUIElementTypeOther[1]/XCUIElementTypeOther[1]/XCUIElementTypeOther[2]/XCUIElementTypeOther[1]/XCUIElementTypeOther[1]/XCUIElementTypeOther[1]/XCUIElementTypeOther[1]/XCUIElementTypeOther[1]/XCUIElementTypeOther[2]/XCUIElementTypeOther[1]/XCUIElementTypeOther[2]/XCUIElementTypeOther[1]/XCUIElementTypeOther[1]/XCUIElementTypeOther[3]/XCUIElementTypeOther[1]/XCUIElementTypeOther[1]"}
[38;5;0m[HTTP][0m <-- POST /wd/hub/session/c097f9fd-ddcd-4a23-a64e-3f73f404d1b9/elements 200 413 ms - 139
[38;5;0m[HTTP][0m 
[38;5;0m[HTTP][0m [37m-->[39m [37mGET[39m [37m/wd/hub/session/c097f9fd-ddcd-4a23-a64e-3f73f404d1b9/element/42010000-0000-0000-2F1F-000000000000/location[39m
[38;5;0m[HTTP][0m {}
[38;5;0m[HTTP][0m <-- GET /wd/hub/session/c097f9fd-ddcd-4a23-a64e-3f73f404d1b9/element/42010000-0000-0000-2F1F-000000000000/location 200 73 ms - 27
[38;5;0m[HTTP][0m 
[38;5;0m[HTTP][0m [37m-->[39m [37mPOST[39m [37m/wd/hub/session/c097f9fd-ddcd-4a23-a64e-3f73f404d1b9/timeouts[39m
[38;5;0m[HTTP][0m {"implicit":30000}
[38;5;0m[HTTP][0m <-- POST /wd/hub/session/c097f9fd-ddcd-4a23-a64e-3f73f404d1b9/timeouts 200 0 ms - 14
[38;5;0m[HTTP][0m 
[38;5;0m[HTTP][0m [37m-->[39m [37mPOST[39m [37m/wd/hub/session/c097f9fd-ddcd-4a23-a64e-3f73f404d1b9/element/42010000-0000-0000-2F1F-000000000000/click[39m
[38;5;0m[HTTP][0m {"id":"42010000-0000-0000-2F1F-000000000000"}
[38;5;32m[XCUITestDriver@ab71 (c097f9fd)][0m Driver proxy active, passing request on via HTTP proxy
[38;5;32m[XCUITestDriver@ab71 (c097f9fd)][0m Replacing sessionId CAA245CE-15E7-4B26-9614-2B2A8A080946 with c097f9fd-ddcd-4a23-a64e-3f73f404d1b9
[38;5;0m[HTTP][0m <-- POST /wd/hub/session/c097f9fd-ddcd-4a23-a64e-3f73f404d1b9/element/42010000-0000-0000-2F1F-000000000000/click 200 472 ms - 65
[38;5;0m[HTTP][0m 
[38;5;0m[HTTP][0m [37m-->[39m [37mPOST[39m [37m/wd/hub/session/c097f9fd-ddcd-4a23-a64e-3f73f404d1b9/timeouts[39m
[38;5;0m[HTTP][0m {"implicit":50}
[38;5;0m[HTTP][0m <-- POST /wd/hub/session/c097f9fd-ddcd-4a23-a64e-3f73f404d1b9/timeouts 200 1 ms - 14
[38;5;0m[HTTP][0m 
[38;5;0m[HTTP][0m [37m-->[39m [37mGET[39m [37m/wd/hub/session/c097f9fd-ddcd-4a23-a64e-3f73f404d1b9/window/rect[39m
[38;5;0m[HTTP][0m {}
[38;5;0m[HTTP][0m <-- GET /wd/hub/session/c097f9fd-ddcd-4a23-a64e-3f73f404d1b9/window/rect 200 101 ms - 48
[38;5;0m[HTTP][0m 
[38;5;0m[HTTP][0m [37m-->[39m [37mPOST[39m [37m/wd/hub/session/c097f9fd-ddcd-4a23-a64e-3f73f404d1b9/elements[39m
[38;5;0m[HTTP][0m {"using":"xpath","value":"//*[@type = 'XCUIElementTypeStaticText' and @label = 'Add new or select an existing wound.' and @name = 'Add new or select an existing wound.' and @value = 'Add new or select an existing wound.']"}
[38;5;0m[HTTP][0m <-- POST /wd/hub/session/c097f9fd-ddcd-4a23-a64e-3f73f404d1b9/elements 200 1074 ms - 139
[38;5;0m[HTTP][0m 
[38;5;0m[HTTP][0m [37m-->[39m [37mGET[39m [37m/wd/hub/session/c097f9fd-ddcd-4a23-a64e-3f73f404d1b9/element/55010000-0000-0000-2F1F-000000000000/location[39m
[38;5;0m[HTTP][0m {}
[38;5;0m[HTTP][0m <-- GET /wd/hub/session/c097f9fd-ddcd-4a23-a64e-3f73f404d1b9/element/55010000-0000-0000-2F1F-000000000000/location 200 79 ms - 26
[38;5;0m[HTTP][0m 
[38;5;0m[HTTP][0m [37m-->[39m [37mPOST[39m [37m/wd/hub/session/c097f9fd-ddcd-4a23-a64e-3f73f404d1b9/timeouts[39m
[38;5;0m[HTTP][0m {"implicit":30000}
[38;5;0m[HTTP][0m <-- POST /wd/hub/session/c097f9fd-ddcd-4a23-a64e-3f73f404d1b9/timeouts 200 0 ms - 14
[38;5;0m[HTTP][0m 
[38;5;0m[HTTP][0m [37m-->[39m [37mGET[39m [37m/wd/hub/session/c097f9fd-ddcd-4a23-a64e-3f73f404d1b9/element/55010000-0000-0000-2F1F-000000000000/text[39m
[38;5;0m[HTTP][0m {}
[38;5;32m[XCUITestDriver@ab71 (c097f9fd)][0m Driver proxy active, passing request on via HTTP proxy
[38;5;32m[XCUITestDriver@ab71 (c097f9fd)][0m Replacing sessionId CAA245CE-15E7-4B26-9614-2B2A8A080946 with c097f9fd-ddcd-4a23-a64e-3f73f404d1b9
[38;5;0m[HTTP][0m <-- GET /wd/hub/session/c097f9fd-ddcd-4a23-a64e-3f73f404d1b9/element/55010000-0000-0000-2F1F-000000000000/text 200 73 ms - 99
[38;5;0m[HTTP][0m 
[38;5;0m[HTTP][0m [37m-->[39m [37mPOST[39m [37m/wd/hub/session/c097f9fd-ddcd-4a23-a64e-3f73f404d1b9/timeouts[39m
[38;5;0m[HTTP][0m {"implicit":50}
[38;5;0m[HTTP][0m <-- POST /wd/hub/session/c097f9fd-ddcd-4a23-a64e-3f73f404d1b9/timeouts 200 0 ms - 14
[38;5;0m[HTTP][0m 
[38;5;0m[HTTP][0m [37m-->[39m [37mGET[39m [37m/wd/hub/session/c097f9fd-ddcd-4a23-a64e-3f73f404d1b9/window/rect[39m
[38;5;0m[HTTP][0m {}
[38;5;0m[HTTP][0m <-- GET /wd/hub/session/c097f9fd-ddcd-4a23-a64e-3f73f404d1b9/window/rect 200 81 ms - 48
[38;5;0m[HTTP][0m 
[38;5;0m[HTTP][0m [37m-->[39m [37mPOST[39m [37m/wd/hub/session/c097f9fd-ddcd-4a23-a64e-3f73f404d1b9/elements[39m
[38;5;0m[HTTP][0m {"using":"xpath","value":"//XCUIElementTypeApplication/XCUIElementTypeWindow[1]/XCUIElementTypeOther[1]/XCUIElementTypeOther[1]/XCUIElementTypeOther[1]/XCUIElementTypeOther[1]/XCUIElementTypeOther[1]/XCUIElementTypeOther[1]/XCUIElementTypeOther[1]/XCUIElementTypeOther[1]/XCUIElementTypeOther[1]/XCUIElementTypeOther[1]/XCUIElementTypeOther[1]/XCUIElementTypeOther[2]/XCUIElementTypeOther[1]/XCUIElementTypeOther[1]/XCUIElementTypeOther[1]/XCUIElementTypeOther[1]/XCUIElementTypeOther[1]/XCUIElementTypeOther[2]/XCUIElementTypeOther[1]/XCUIElementTypeOther[2]/XCUIElementTypeOther[1]/XCUIElementTypeOther[1]/XCUIElementTypeOther[3]/XCUIElementTypeOther[1]/XCUIElementTypeOther[2]"}
[38;5;0m[HTTP][0m <-- POST /wd/hub/session/c097f9fd-ddcd-4a23-a64e-3f73f404d1b9/elements 200 407 ms - 139
[38;5;0m[HTTP][0m 
[38;5;0m[HTTP][0m [37m-->[39m [37mGET[39m [37m/wd/hub/session/c097f9fd-ddcd-4a23-a64e-3f73f404d1b9/element/42010000-0000-0000-2F1F-000000000000/location[39m
[38;5;0m[HTTP][0m {}
[38;5;0m[HTTP][0m <-- GET /wd/hub/session/c097f9fd-ddcd-4a23-a64e-3f73f404d1b9/element/42010000-0000-0000-2F1F-000000000000/location 200 71 ms - 27
[38;5;0m[HTTP][0m 
[38;5;0m[HTTP][0m [37m-->[39m [37mPOST[39m [37m/wd/hub/session/c097f9fd-ddcd-4a23-a64e-3f73f404d1b9/timeouts[39m
[38;5;0m[HTTP][0m {"implicit":30000}
[38;5;0m[HTTP][0m <-- POST /wd/hub/session/c097f9fd-ddcd-4a23-a64e-3f73f404d1b9/timeouts 200 0 ms - 14
[38;5;0m[HTTP][0m 
[38;5;0m[HTTP][0m [37m-->[39m [37mPOST[39m [37m/wd/hub/session/c097f9fd-ddcd-4a23-a64e-3f73f404d1b9/element/42010000-0000-0000-2F1F-000000000000/click[39m
[38;5;0m[HTTP][0m {"id":"42010000-0000-0000-2F1F-000000000000"}
[38;5;32m[XCUITestDriver@ab71 (c097f9fd)][0m Driver proxy active, passing request on via HTTP proxy
[38;5;32m[XCUITestDriver@ab71 (c097f9fd)][0m Replacing sessionId CAA245CE-15E7-4B26-9614-2B2A8A080946 with c097f9fd-ddcd-4a23-a64e-3f73f404d1b9
[38;5;0m[HTTP][0m <-- POST /wd/hub/session/c097f9fd-ddcd-4a23-a64e-3f73f404d1b9/element/42010000-0000-0000-2F1F-000000000000/click 200 464 ms - 65
[38;5;0m[HTTP][0m 
[38;5;0m[HTTP][0m [37m-->[39m [37mPOST[39m [37m/wd/hub/session/c097f9fd-ddcd-4a23-a64e-3f73f404d1b9/timeouts[39m
[38;5;0m[HTTP][0m {"implicit":50}
[38;5;0m[HTTP][0m <-- POST /wd/hub/session/c097f9fd-ddcd-4a23-a64e-3f73f404d1b9/timeouts 200 0 ms - 14
[38;5;0m[HTTP][0m 
[38;5;0m[HTTP][0m [37m-->[39m [37mGET[39m [37m/wd/hub/session/c097f9fd-ddcd-4a23-a64e-3f73f404d1b9/window/rect[39m
[38;5;0m[HTTP][0m {}
[38;5;0m[HTTP][0m <-- GET /wd/hub/session/c097f9fd-ddcd-4a23-a64e-3f73f404d1b9/window/rect 200 99 ms - 48
[38;5;0m[HTTP][0m 
[38;5;0m[HTTP][0m [37m-->[39m [37mPOST[39m [37m/wd/hub/session/c097f9fd-ddcd-4a23-a64e-3f73f404d1b9/elements[39m
[38;5;0m[HTTP][0m {"using":"xpath","value":"//*[@type = 'XCUIElementTypeOther' and @label = 'Measure wound dimensions and color composition' and @name = 'Measure wound dimensions and color composition']"}
[38;5;0m[HTTP][0m <-- POST /wd/hub/session/c097f9fd-ddcd-4a23-a64e-3f73f404d1b9/elements 200 965 ms - 139
[38;5;0m[HTTP][0m 
[38;5;0m[HTTP][0m [37m-->[39m [37mGET[39m [37m/wd/hub/session/c097f9fd-ddcd-4a23-a64e-3f73f404d1b9/element/5C010000-0000-0000-2F1F-000000000000/location[39m
[38;5;0m[HTTP][0m {}
[38;5;0m[HTTP][0m <-- GET /wd/hub/session/c097f9fd-ddcd-4a23-a64e-3f73f404d1b9/element/5C010000-0000-0000-2F1F-000000000000/location 200 75 ms - 25
[38;5;0m[HTTP][0m 
[38;5;0m[HTTP][0m [37m-->[39m [37mPOST[39m [37m/wd/hub/session/c097f9fd-ddcd-4a23-a64e-3f73f404d1b9/timeouts[39m
[38;5;0m[HTTP][0m {"implicit":30000}
[38;5;0m[HTTP][0m <-- POST /wd/hub/session/c097f9fd-ddcd-4a23-a64e-3f73f404d1b9/timeouts 200 0 ms - 14
[38;5;0m[HTTP][0m 
[38;5;0m[HTTP][0m [37m-->[39m [37mGET[39m [37m/wd/hub/session/c097f9fd-ddcd-4a23-a64e-3f73f404d1b9/element/5C010000-0000-0000-2F1F-000000000000/text[39m
[38;5;0m[HTTP][0m {}
[38;5;32m[XCUITestDriver@ab71 (c097f9fd)][0m Driver proxy active, passing request on via HTTP proxy
[38;5;32m[XCUITestDriver@ab71 (c097f9fd)][0m Replacing sessionId CAA245CE-15E7-4B26-9614-2B2A8A080946 with c097f9fd-ddcd-4a23-a64e-3f73f404d1b9
[38;5;0m[HTTP][0m <-- GET /wd/hub/session/c097f9fd-ddcd-4a23-a64e-3f73f404d1b9/element/5C010000-0000-0000-2F1F-000000000000/text 200 72 ms - 109
[38;5;0m[HTTP][0m 
[38;5;0m[HTTP][0m [37m-->[39m [37mPOST[39m [37m/wd/hub/session/c097f9fd-ddcd-4a23-a64e-3f73f404d1b9/timeouts[39m
[38;5;0m[HTTP][0m {"implicit":50}
[38;5;0m[HTTP][0m <-- POST /wd/hub/session/c097f9fd-ddcd-4a23-a64e-3f73f404d1b9/timeouts 200 1 ms - 14
[38;5;0m[HTTP][0m 
[38;5;0m[HTTP][0m [37m-->[39m [37mGET[39m [37m/wd/hub/session/c097f9fd-ddcd-4a23-a64e-3f73f404d1b9/window/rect[39m
[38;5;0m[HTTP][0m {}
[38;5;0m[HTTP][0m <-- GET /wd/hub/session/c097f9fd-ddcd-4a23-a64e-3f73f404d1b9/window/rect 200 81 ms - 48
[38;5;0m[HTTP][0m 
[38;5;0m[HTTP][0m [37m-->[39m [37mPOST[39m [37m/wd/hub/session/c097f9fd-ddcd-4a23-a64e-3f73f404d1b9/elements[39m
[38;5;0m[HTTP][0m {"using":"xpath","value":"//XCUIElementTypeApplication/XCUIElementTypeWindow[1]/XCUIElementTypeOther[1]/XCUIElementTypeOther[1]/XCUIElementTypeOther[1]/XCUIElementTypeOther[1]/XCUIElementTypeOther[1]/XCUIElementTypeOther[1]/XCUIElementTypeOther[1]/XCUIElementTypeOther[1]/XCUIElementTypeOther[1]/XCUIElementTypeOther[1]/XCUIElementTypeOther[1]/XCUIElementTypeOther[2]/XCUIElementTypeOther[1]/XCUIElementTypeOther[1]/XCUIElementTypeOther[1]/XCUIElementTypeOther[1]/XCUIElementTypeOther[1]/XCUIElementTypeOther[2]/XCUIElementTypeOther[1]/XCUIElementTypeOther[2]/XCUIElementTypeOther[1]/XCUIElementTypeOther[1]/XCUIElementTypeOther[3]/XCUIElementTypeOther[1]/XCUIElementTypeOther[2]"}
[38;5;0m[HTTP][0m <-- POST /wd/hub/session/c097f9fd-ddcd-4a23-a64e-3f73f404d1b9/elements 200 469 ms - 139
[38;5;0m[HTTP][0m 
[38;5;0m[HTTP][0m [37m-->[39m [37mGET[39m [37m/wd/hub/session/c097f9fd-ddcd-4a23-a64e-3f73f404d1b9/element/42010000-0000-0000-2F1F-000000000000/location[39m
[38;5;0m[HTTP][0m {}
[38;5;0m[HTTP][0m <-- GET /wd/hub/session/c097f9fd-ddcd-4a23-a64e-3f73f404d1b9/element/42010000-0000-0000-2F1F-000000000000/location 200 78 ms - 27
[38;5;0m[HTTP][0m 
[38;5;0m[HTTP][0m [37m-->[39m [37mPOST[39m [37m/wd/hub/session/c097f9fd-ddcd-4a23-a64e-3f73f404d1b9/timeouts[39m
[38;5;0m[HTTP][0m {"implicit":30000}
[38;5;0m[HTTP][0m <-- POST /wd/hub/session/c097f9fd-ddcd-4a23-a64e-3f73f404d1b9/timeouts 200 0 ms - 14
[38;5;0m[HTTP][0m 
[38;5;0m[HTTP][0m [37m-->[39m [37mPOST[39m [37m/wd/hub/session/c097f9fd-ddcd-4a23-a64e-3f73f404d1b9/element/42010000-0000-0000-2F1F-000000000000/click[39m
[38;5;0m[HTTP][0m {"id":"42010000-0000-0000-2F1F-000000000000"}
[38;5;32m[XCUITestDriver@ab71 (c097f9fd)][0m Driver proxy active, passing request on via HTTP proxy
[38;5;32m[XCUITestDriver@ab71 (c097f9fd)][0m Replacing sessionId CAA245CE-15E7-4B26-9614-2B2A8A080946 with c097f9fd-ddcd-4a23-a64e-3f73f404d1b9
[38;5;0m[HTTP][0m <-- POST /wd/hub/session/c097f9fd-ddcd-4a23-a64e-3f73f404d1b9/element/42010000-0000-0000-2F1F-000000000000/click 200 460 ms - 65
[38;5;0m[HTTP][0m 
[38;5;0m[HTTP][0m [37m-->[39m [37mPOST[39m [37m/wd/hub/session/c097f9fd-ddcd-4a23-a64e-3f73f404d1b9/timeouts[39m
[38;5;0m[HTTP][0m {"implicit":50}
[38;5;0m[HTTP][0m <-- POST /wd/hub/session/c097f9fd-ddcd-4a23-a64e-3f73f404d1b9/timeouts 200 1 ms - 14
[38;5;0m[HTTP][0m 
[38;5;0m[HTTP][0m [37m-->[39m [37mGET[39m [37m/wd/hub/session/c097f9fd-ddcd-4a23-a64e-3f73f404d1b9/window/rect[39m
[38;5;0m[HTTP][0m {}
[38;5;0m[HTTP][0m <-- GET /wd/hub/session/c097f9fd-ddcd-4a23-a64e-3f73f404d1b9/window/rect 200 95 ms - 48
[38;5;0m[HTTP][0m 
[38;5;0m[HTTP][0m [37m-->[39m [37mPOST[39m [37m/wd/hub/session/c097f9fd-ddcd-4a23-a64e-3f73f404d1b9/elements[39m
[38;5;0m[HTTP][0m {"using":"xpath","value":"//*[@type = 'XCUIElementTypeStaticText' and @label = 'Enter clinical information for documentation and reporting' and @name = 'Enter clinical information for documentation and reporting' and @value = 'Enter clinical information for documentation and reporting']"}
[38;5;0m[HTTP][0m <-- POST /wd/hub/session/c097f9fd-ddcd-4a23-a64e-3f73f404d1b9/elements 200 1113 ms - 139
[38;5;0m[HTTP][0m 
[38;5;0m[HTTP][0m [37m-->[39m [37mGET[39m [37m/wd/hub/session/c097f9fd-ddcd-4a23-a64e-3f73f404d1b9/element/65010000-0000-0000-2F1F-000000000000/location[39m
[38;5;0m[HTTP][0m {}
[38;5;0m[HTTP][0m <-- GET /wd/hub/session/c097f9fd-ddcd-4a23-a64e-3f73f404d1b9/element/65010000-0000-0000-2F1F-000000000000/location 200 82 ms - 26
[38;5;0m[HTTP][0m 
[38;5;0m[HTTP][0m [37m-->[39m [37mPOST[39m [37m/wd/hub/session/c097f9fd-ddcd-4a23-a64e-3f73f404d1b9/timeouts[39m
[38;5;0m[HTTP][0m {"implicit":30000}
[38;5;0m[HTTP][0m <-- POST /wd/hub/session/c097f9fd-ddcd-4a23-a64e-3f73f404d1b9/timeouts 200 0 ms - 14
[38;5;0m[HTTP][0m 
[38;5;0m[HTTP][0m [37m-->[39m [37mGET[39m [37m/wd/hub/session/c097f9fd-ddcd-4a23-a64e-3f73f404d1b9/element/65010000-0000-0000-2F1F-000000000000/text[39m
[38;5;0m[HTTP][0m {}
[38;5;32m[XCUITestDriver@ab71 (c097f9fd)][0m Driver proxy active, passing request on via HTTP proxy
[38;5;32m[XCUITestDriver@ab71 (c097f9fd)][0m Replacing sessionId CAA245CE-15E7-4B26-9614-2B2A8A080946 with c097f9fd-ddcd-4a23-a64e-3f73f404d1b9
[38;5;0m[HTTP][0m <-- GET /wd/hub/session/c097f9fd-ddcd-4a23-a64e-3f73f404d1b9/element/65010000-0000-0000-2F1F-000000000000/text 200 79 ms - 121
[38;5;0m[HTTP][0m 
[38;5;0m[HTTP][0m [37m-->[39m [37mPOST[39m [37m/wd/hub/session/c097f9fd-ddcd-4a23-a64e-3f73f404d1b9/timeouts[39m
[38;5;0m[HTTP][0m {"implicit":50}
[38;5;0m[HTTP][0m <-- POST /wd/hub/session/c097f9fd-ddcd-4a23-a64e-3f73f404d1b9/timeouts 200 0 ms - 14
[38;5;0m[HTTP][0m 
[38;5;0m[HTTP][0m [37m-->[39m [37mGET[39m [37m/wd/hub/session/c097f9fd-ddcd-4a23-a64e-3f73f404d1b9/window/rect[39m
[38;5;0m[HTTP][0m {}
[38;5;0m[HTTP][0m <-- GET /wd/hub/session/c097f9fd-ddcd-4a23-a64e-3f73f404d1b9/window/rect 200 56 ms - 48
[38;5;0m[HTTP][0m 
[38;5;0m[HTTP][0m [37m-->[39m [37mPOST[39m [37m/wd/hub/session/c097f9fd-ddcd-4a23-a64e-3f73f404d1b9/elements[39m
[38;5;0m[HTTP][0m {"using":"xpath","value":"//XCUIElementTypeApplication/XCUIElementTypeWindow[1]/XCUIElementTypeOther[1]/XCUIElementTypeOther[1]/XCUIElementTypeOther[1]/XCUIElementTypeOther[1]/XCUIElementTypeOther[1]/XCUIElementTypeOther[1]/XCUIElementTypeOther[1]/XCUIElementTypeOther[1]/XCUIElementTypeOther[1]/XCUIElementTypeOther[1]/XCUIElementTypeOther[1]/XCUIElementTypeOther[2]/XCUIElementTypeOther[1]/XCUIElementTypeOther[1]/XCUIElementTypeOther[1]/XCUIElementTypeOther[1]/XCUIElementTypeOther[1]/XCUIElementTypeOther[2]/XCUIElementTypeOther[1]/XCUIElementTypeOther[2]/XCUIElementTypeOther[1]/XCUIElementTypeOther[1]/XCUIElementTypeOther[3]/XCUIElementTypeOther[1]/XCUIElementTypeOther[2]"}
[38;5;0m[HTTP][0m <-- POST /wd/hub/session/c097f9fd-ddcd-4a23-a64e-3f73f404d1b9/elements 200 400 ms - 139
[38;5;0m[HTTP][0m 
[38;5;0m[HTTP][0m [37m-->[39m [37mGET[39m [37m/wd/hub/session/c097f9fd-ddcd-4a23-a64e-3f73f404d1b9/element/42010000-0000-0000-2F1F-000000000000/location[39m
[38;5;0m[HTTP][0m {}
[38;5;0m[HTTP][0m <-- GET /wd/hub/session/c097f9fd-ddcd-4a23-a64e-3f73f404d1b9/element/42010000-0000-0000-2F1F-000000000000/location 200 66 ms - 27
[38;5;0m[HTTP][0m 
[38;5;0m[HTTP][0m [37m-->[39m [37mPOST[39m [37m/wd/hub/session/c097f9fd-ddcd-4a23-a64e-3f73f404d1b9/timeouts[39m
[38;5;0m[HTTP][0m {"implicit":30000}
[38;5;0m[HTTP][0m <-- POST /wd/hub/session/c097f9fd-ddcd-4a23-a64e-3f73f404d1b9/timeouts 200 0 ms - 14
[38;5;0m[HTTP][0m 
[38;5;0m[HTTP][0m [37m-->[39m [37mPOST[39m [37m/wd/hub/session/c097f9fd-ddcd-4a23-a64e-3f73f404d1b9/element/42010000-0000-0000-2F1F-000000000000/click[39m
[38;5;0m[HTTP][0m {"id":"42010000-0000-0000-2F1F-000000000000"}
[38;5;32m[XCUITestDriver@ab71 (c097f9fd)][0m Driver proxy active, passing request on via HTTP proxy
[38;5;32m[XCUITestDriver@ab71 (c097f9fd)][0m Replacing sessionId CAA245CE-15E7-4B26-9614-2B2A8A080946 with c097f9fd-ddcd-4a23-a64e-3f73f404d1b9
[38;5;0m[HTTP][0m <-- POST /wd/hub/session/c097f9fd-ddcd-4a23-a64e-3f73f404d1b9/element/42010000-0000-0000-2F1F-000000000000/click 200 439 ms - 65
[38;5;0m[HTTP][0m 
[38;5;0m[HTTP][0m [37m-->[39m [37mGET[39m [37m/wd/hub/session/c097f9fd-ddcd-4a23-a64e-3f73f404d1b9/window/rect[39m
[38;5;0m[HTTP][0m {}
[38;5;0m[HTTP][0m <-- GET /wd/hub/session/c097f9fd-ddcd-4a23-a64e-3f73f404d1b9/window/rect 200 90 ms - 48
[38;5;0m[HTTP][0m 
[38;5;0m[HTTP][0m [37m-->[39m [37mPOST[39m [37m/wd/hub/session/c097f9fd-ddcd-4a23-a64e-3f73f404d1b9/elements[39m
[38;5;0m[HTTP][0m {"using":"xpath","value":"//*[@type = 'XCUIElementTypeStaticText' and @label = 'Monitor wound and healing progress' and @name = 'Monitor wound and healing progress' and @value = 'Monitor wound and healing progress']"}
[38;5;0m[HTTP][0m <-- POST /wd/hub/session/c097f9fd-ddcd-4a23-a64e-3f73f404d1b9/elements 200 802 ms - 139
[38;5;0m[HTTP][0m 
[38;5;0m[HTTP][0m [37m-->[39m [37mGET[39m [37m/wd/hub/session/c097f9fd-ddcd-4a23-a64e-3f73f404d1b9/element/6C010000-0000-0000-2F1F-000000000000/location[39m
[38;5;0m[HTTP][0m {}
[38;5;0m[HTTP][0m <-- GET /wd/hub/session/c097f9fd-ddcd-4a23-a64e-3f73f404d1b9/element/6C010000-0000-0000-2F1F-000000000000/location 200 67 ms - 26
[38;5;0m[HTTP][0m 
[38;5;0m[HTTP][0m [37m-->[39m [37mGET[39m [37m/wd/hub/session/c097f9fd-ddcd-4a23-a64e-3f73f404d1b9/element/6C010000-0000-0000-2F1F-000000000000/attribute/value[39m
[38;5;0m[HTTP][0m {}
[38;5;0m[HTTP][0m <-- GET /wd/hub/session/c097f9fd-ddcd-4a23-a64e-3f73f404d1b9/element/6C010000-0000-0000-2F1F-000000000000/attribute/value 200 60 ms - 46
[38;5;0m[HTTP][0m 
[38;5;0m[HTTP][0m [37m-->[39m [37mPOST[39m [37m/wd/hub/session/c097f9fd-ddcd-4a23-a64e-3f73f404d1b9/touch/perform[39m
[38;5;0m[HTTP][0m {"actions":[{"action":"tap","options":{"x":1,"y":1,"element":"6C010000-0000-0000-2F1F-000000000000"}}]}
[38;5;0m[HTTP][0m <-- POST /wd/hub/session/c097f9fd-ddcd-4a23-a64e-3f73f404d1b9/touch/perform 200 701 ms - 14
[38;5;0m[HTTP][0m 
[38;5;0m[HTTP][0m [37m-->[39m [37mPOST[39m [37m/wd/hub/session/c097f9fd-ddcd-4a23-a64e-3f73f404d1b9/timeouts[39m
[38;5;0m[HTTP][0m {"implicit":50}
[38;5;0m[HTTP][0m <-- POST /wd/hub/session/c097f9fd-ddcd-4a23-a64e-3f73f404d1b9/timeouts 200 0 ms - 14
[38;5;0m[HTTP][0m 
[38;5;0m[HTTP][0m [37m-->[39m [37mGET[39m [37m/wd/hub/session/c097f9fd-ddcd-4a23-a64e-3f73f404d1b9/window/rect[39m
[38;5;0m[HTTP][0m {}
[38;5;0m[HTTP][0m <-- GET /wd/hub/session/c097f9fd-ddcd-4a23-a64e-3f73f404d1b9/window/rect 200 99 ms - 48
[38;5;0m[HTTP][0m 
[38;5;0m[HTTP][0m [37m-->[39m [37mPOST[39m [37m/wd/hub/session/c097f9fd-ddcd-4a23-a64e-3f73f404d1b9/elements[39m
[38;5;0m[HTTP][0m {"using":"xpath","value":"//*[@type = 'XCUIElementTypeOther' and @label = 'Got it' and @name = 'Got it']"}
[38;5;0m[HTTP][0m <-- POST /wd/hub/session/c097f9fd-ddcd-4a23-a64e-3f73f404d1b9/elements 200 1063 ms - 267
[38;5;0m[HTTP][0m 
[38;5;0m[HTTP][0m [37m-->[39m [37mGET[39m [37m/wd/hub/session/c097f9fd-ddcd-4a23-a64e-3f73f404d1b9/element/6E010000-0000-0000-2F1F-000000000000/location[39m
[38;5;0m[HTTP][0m {}
[38;5;0m[HTTP][0m <-- GET /wd/hub/session/c097f9fd-ddcd-4a23-a64e-3f73f404d1b9/element/6E010000-0000-0000-2F1F-000000000000/location 200 66 ms - 25
[38;5;0m[HTTP][0m 
[38;5;0m[HTTP][0m [37m-->[39m [37mPOST[39m [37m/wd/hub/session/c097f9fd-ddcd-4a23-a64e-3f73f404d1b9/timeouts[39m
[38;5;0m[HTTP][0m {"implicit":30000}
[38;5;0m[HTTP][0m <-- POST /wd/hub/session/c097f9fd-ddcd-4a23-a64e-3f73f404d1b9/timeouts 200 0 ms - 14
[38;5;0m[HTTP][0m 
[38;5;0m[HTTP][0m [37m-->[39m [37mPOST[39m [37m/wd/hub/session/c097f9fd-ddcd-4a23-a64e-3f73f404d1b9/element/6E010000-0000-0000-2F1F-000000000000/click[39m
[38;5;0m[HTTP][0m {"id":"6E010000-0000-0000-2F1F-000000000000"}
[38;5;32m[XCUITestDriver@ab71 (c097f9fd)][0m Driver proxy active, passing request on via HTTP proxy
[38;5;32m[XCUITestDriver@ab71 (c097f9fd)][0m Replacing sessionId CAA245CE-15E7-4B26-9614-2B2A8A080946 with c097f9fd-ddcd-4a23-a64e-3f73f404d1b9
[38;5;0m[HTTP][0m <-- POST /wd/hub/session/c097f9fd-ddcd-4a23-a64e-3f73f404d1b9/element/6E010000-0000-0000-2F1F-000000000000/click 200 450 ms - 65
[38;5;0m[HTTP][0m 
[38;5;0m[HTTP][0m [37m-->[39m [37mDELETE[39m [37m/wd/hub/session/c097f9fd-ddcd-4a23-a64e-3f73f404d1b9[39m
[38;5;0m[HTTP][0m {}
[38;5;16m[AppiumDriver@0394][0m Removing session c097f9fd-ddcd-4a23-a64e-3f73f404d1b9 from our master session list
[38;5;96m[DevCon Factory][0m Releasing connections for 00008110-00112D590CD0201E device on any port number
[38;5;96m[DevCon Factory][0m Found cached connections to release: ["00008110-00112D590CD0201E:51320"]
[38;5;96m[DevCon Factory][0m Releasing the listener for '00008110-00112D590CD0201E:51320'
[38;5;0m[HTTP][0m <-- DELETE /wd/hub/session/c097f9fd-ddcd-4a23-a64e-3f73f404d1b9 200 1033 ms - 14
[38;5;0m[HTTP][0m 
[Appium] Received SIGTERM - shutting down
[38;5;0m[HTTP][0m Waiting until the server is closed
[38;5;0m[HTTP][0m Received server close event
