[35m[Appium][39m Welcome to Appium v2.4.1 (REV b3751bca8c4a3c76107d5aa3b75b81db93cf4bb6)
[35m[Appium][39m Non-default server args:
[35m[Appium][39m { basePath: [32m'/wd/hub'[39m, loglevel: [32m'info'[39m, port: [33m50884[39m }
[35m[Appium][39m Attempting to load driver xcuitest...
[35m[Appium][39m Attempting to load driver uiautomator2...
[Appium] Appium REST http interface listener started on http://0.0.0.0:50884/wd/hub
[Appium] You can provide the following URLs in your client code to connect to this server:
[Appium] 	http://127.0.0.1:50884/wd/hub (only accessible from the same host)
[Appium] 	http://192.168.1.113:50884/wd/hub
[Appium] 	http://169.254.241.10:50884/wd/hub
[Appium] Available drivers:
[Appium]   - xcuitest@5.12.2 (automationName 'XCUITest')
[Appium]   - uiautomator2@2.40.0 (automationName 'UiAutomator2')
[Appium] No plugins have been installed. Use the "appium plugin" command to install the one(s) you want to use.
[38;5;0m[HTTP][0m [37m-->[39m [37mGET[39m [37m/wd/hub/status[39m
[38;5;0m[HTTP][0m {}
[38;5;0m[HTTP][0m <-- GET /wd/hub/status 200 2 ms - 199
[38;5;0m[HTTP][0m 
[38;5;0m[HTTP][0m [37m-->[39m [37mPOST[39m [37m/wd/hub/session[39m
[38;5;0m[HTTP][0m {"desiredCapabilities":{"appium:waitForAppScript":"true;","appium:newCommandTimeout":1800,"appium:automationName":"XCUITest","appium:fullReset":true,"appium:platformVersion":"17.3","appium:deviceId":"00008110-00112D590CD0201E","appium:noReset":false,"appium:udid":"00008110-00112D590CD0201E","appium:wdaLocalPort":50845,"appium:deviceName":"Safa’s iPhone","platformName":"iOS","appium:app":"/Users/safaamarir/APK/IOS/IS/IS_PreProd_2.1_192.ipa"},"capabilities":{"firstMatch":[{"appium:app":"/Users/safaamarir/APK/IOS/IS/IS_PreProd_2.1_192.ipa","appium:automationName":"XCUITest","appium:deviceId":"00008110-00112D590CD0201E","appium:deviceName":"Safa’s iPhone","appium:fullReset":true,"appium:newCommandTimeout":1800,"appium:noReset":false,"appium:platformVersion":"17.3","appium:udid":"00008110-00112D590CD0201E","appium:waitForAppScript":"true;","appium:wdaLocalPort":50845,"platformName":"ios"}]}}
[Appium] Attempting to find matching driver for automationName 'XCUITest' and platformName 'ios'
[Appium] The 'xcuitest' driver was installed and matched caps.
[Appium] Will require it at /Users/safaamarir/.appium/node_modules/appium-xcuitest-driver
[38;5;16m[AppiumDriver@909a][0m Appium v2.4.1 creating new XCUITestDriver (v5.12.2) session
[38;5;16m[AppiumDriver@909a][0m Checking BaseDriver versions for Appium and XCUITestDriver
[38;5;16m[AppiumDriver@909a][0m Appium's BaseDriver version is 9.5.0
[38;5;16m[AppiumDriver@909a][0m XCUITestDriver's BaseDriver version is 9.5.0
[38;5;32m[XCUITestDriver@9c4d][0m The following provided capabilities were not recognized by this driver:
[38;5;32m[XCUITestDriver@9c4d][0m   deviceId
[38;5;32m[XCUITestDriver@9c4d][0m   waitForAppScript
[38;5;32m[XCUITestDriver@9c4d (29d1cdec)][0m Session created with session id: 29d1cdec-31da-4c4d-b5ca-75e2e7679a27
[38;5;32m[XCUITestDriver@9c4d (29d1cdec)][0m Determining device to run tests on: udid: '00008110-00112D590CD0201E', real device: true
[38;5;64m[BaseDriver][0m Using local app '/Users/safaamarir/APK/IOS/IS/IS_PreProd_2.1_192.ipa'
[38;5;32m[XCUITestDriver@9c4d (29d1cdec)][0m 'Payload/eKareApp.app' is the resulting application bundle selected from '/Users/safaamarir/APK/IOS/IS/IS_PreProd_2.1_192.ipa'
[38;5;32m[XCUITestDriver@9c4d (29d1cdec)][0m Using WDA path: '/Users/safaamarir/.appium/node_modules/appium-xcuitest-driver/node_modules/appium-webdriveragent'
[38;5;32m[XCUITestDriver@9c4d (29d1cdec)][0m Using WDA agent: '/Users/safaamarir/.appium/node_modules/appium-xcuitest-driver/node_modules/appium-webdriveragent/WebDriverAgent.xcodeproj'
[38;5;32m[XCUITestDriver@9c4d (29d1cdec)][0m Setting up real device
[38;5;32m[XCUITestDriver@9c4d (29d1cdec)][0m App 'com.ekareinc.insight.healthcare' is not installed yet or it has an offload and cannot be detected, which might keep the local data.
[38;5;48m[XCUITest][0m App installation succeeded after 11810ms
[38;5;96m[DevCon Factory][0m Requesting connection for device 00008110-00112D590CD0201E on local port 50845, device port 50845
[38;5;96m[DevCon Factory][0m Successfully requested the connection for 00008110-00112D590CD0201E:50845
[38;5;112m[WD Proxy][0m socket hang up
[38;5;32m[XCUITestDriver@9c4d (29d1cdec)][0m Launching WebDriverAgent on the device
[38;5;32m[XCUITestDriver@9c4d (29d1cdec)][0m There is no need to perform the project cleanup. A fresh install has been detected
[38;5;32m[XCUITestDriver@9c4d (29d1cdec)][0m socket hang up
[38;5;32m[XCUITestDriver@9c4d (29d1cdec)][0m socket hang up
[38;5;32m[XCUITestDriver@9c4d (29d1cdec)][0m socket hang up
[38;5;32m[XCUITestDriver@9c4d (29d1cdec)][0m socket hang up
[38;5;32m[XCUITestDriver@9c4d (29d1cdec)][0m socket hang up
[38;5;32m[XCUITestDriver@9c4d (29d1cdec)][0m socket hang up
[38;5;32m[XCUITestDriver@9c4d (29d1cdec)][0m Determined the downstream protocol as 'W3C'
[38;5;16m[AppiumDriver@909a][0m New XCUITestDriver session created successfully, session 29d1cdec-31da-4c4d-b5ca-75e2e7679a27 added to master session list
[38;5;0m[HTTP][0m <-- POST /wd/hub/session 200 23549 ms - 620
[38;5;0m[HTTP][0m 
[38;5;0m[HTTP][0m [37m-->[39m [37mGET[39m [37m/wd/hub/session/29d1cdec-31da-4c4d-b5ca-75e2e7679a27[39m
[38;5;0m[HTTP][0m {}
[38;5;0m[HTTP][0m <-- GET /wd/hub/session/29d1cdec-31da-4c4d-b5ca-75e2e7679a27 200 1 ms - 356
[38;5;0m[HTTP][0m 
[38;5;0m[HTTP][0m [37m-->[39m [37mGET[39m [37m/wd/hub/session/29d1cdec-31da-4c4d-b5ca-75e2e7679a27[39m
[38;5;0m[HTTP][0m {}
[38;5;0m[HTTP][0m <-- GET /wd/hub/session/29d1cdec-31da-4c4d-b5ca-75e2e7679a27 200 0 ms - 356
[38;5;0m[HTTP][0m 
[38;5;0m[HTTP][0m [37m-->[39m [37mGET[39m [37m/wd/hub/status[39m
[38;5;0m[HTTP][0m {}
[38;5;0m[HTTP][0m <-- GET /wd/hub/status 200 1 ms - 199
[38;5;0m[HTTP][0m 
[38;5;0m[HTTP][0m [37m-->[39m [37mPOST[39m [37m/wd/hub/session/29d1cdec-31da-4c4d-b5ca-75e2e7679a27/timeouts[39m
[38;5;0m[HTTP][0m {"implicit":30000}
[38;5;0m[HTTP][0m <-- POST /wd/hub/session/29d1cdec-31da-4c4d-b5ca-75e2e7679a27/timeouts 200 1 ms - 14
[38;5;0m[HTTP][0m 
[38;5;0m[HTTP][0m [37m-->[39m [37mPOST[39m [37m/wd/hub/session/29d1cdec-31da-4c4d-b5ca-75e2e7679a27/execute/sync[39m
[38;5;0m[HTTP][0m {"script":"mobile: deviceScreenInfo","args":[]}
[38;5;0m[HTTP][0m <-- POST /wd/hub/session/29d1cdec-31da-4c4d-b5ca-75e2e7679a27/execute/sync 200 206 ms - 63
[38;5;0m[HTTP][0m 
[38;5;0m[HTTP][0m [37m-->[39m [37mPOST[39m [37m/wd/hub/session/29d1cdec-31da-4c4d-b5ca-75e2e7679a27/execute/sync[39m
[38;5;0m[HTTP][0m {"script":"mobile: deviceScreenInfo","args":[]}
[38;5;0m[HTTP][0m <-- POST /wd/hub/session/29d1cdec-31da-4c4d-b5ca-75e2e7679a27/execute/sync 200 3 ms - 63
[38;5;0m[HTTP][0m 
[38;5;0m[HTTP][0m [37m-->[39m [37mPOST[39m [37m/wd/hub/session/29d1cdec-31da-4c4d-b5ca-75e2e7679a27/timeouts[39m
[38;5;0m[HTTP][0m {"implicit":50}
[38;5;0m[HTTP][0m <-- POST /wd/hub/session/29d1cdec-31da-4c4d-b5ca-75e2e7679a27/timeouts 200 1 ms - 14
[38;5;0m[HTTP][0m 
[38;5;0m[HTTP][0m [37m-->[39m [37mGET[39m [37m/wd/hub/session/29d1cdec-31da-4c4d-b5ca-75e2e7679a27/window/rect[39m
[38;5;0m[HTTP][0m {}
[38;5;0m[HTTP][0m <-- GET /wd/hub/session/29d1cdec-31da-4c4d-b5ca-75e2e7679a27/window/rect 200 75 ms - 48
[38;5;0m[HTTP][0m 
[38;5;0m[HTTP][0m [37m-->[39m [37mPOST[39m [37m/wd/hub/session/29d1cdec-31da-4c4d-b5ca-75e2e7679a27/elements[39m
[38;5;0m[HTTP][0m {"using":"xpath","value":"//*[@type = 'XCUIElementTypeOther' and @label = 'Terms & Conditions' and @name = 'Terms & Conditions']"}
[38;5;0m[HTTP][0m <-- POST /wd/hub/session/29d1cdec-31da-4c4d-b5ca-75e2e7679a27/elements 200 315 ms - 139
[38;5;0m[HTTP][0m 
[38;5;0m[HTTP][0m [37m-->[39m [37mGET[39m [37m/wd/hub/session/29d1cdec-31da-4c4d-b5ca-75e2e7679a27/element/2B000000-0000-0000-8319-000000000000/location[39m
[38;5;0m[HTTP][0m {}
[38;5;0m[HTTP][0m <-- GET /wd/hub/session/29d1cdec-31da-4c4d-b5ca-75e2e7679a27/element/2B000000-0000-0000-8319-000000000000/location 200 52 ms - 27
[38;5;0m[HTTP][0m 
[38;5;0m[HTTP][0m [37m-->[39m [37mPOST[39m [37m/wd/hub/session/29d1cdec-31da-4c4d-b5ca-75e2e7679a27/timeouts[39m
[38;5;0m[HTTP][0m {"implicit":30000}
[38;5;0m[HTTP][0m <-- POST /wd/hub/session/29d1cdec-31da-4c4d-b5ca-75e2e7679a27/timeouts 200 0 ms - 14
[38;5;0m[HTTP][0m 
[38;5;0m[HTTP][0m [37m-->[39m [37mPOST[39m [37m/wd/hub/session/29d1cdec-31da-4c4d-b5ca-75e2e7679a27/timeouts[39m
[38;5;0m[HTTP][0m {"implicit":50}
[38;5;0m[HTTP][0m <-- POST /wd/hub/session/29d1cdec-31da-4c4d-b5ca-75e2e7679a27/timeouts 200 0 ms - 14
[38;5;0m[HTTP][0m 
[38;5;0m[HTTP][0m [37m-->[39m [37mGET[39m [37m/wd/hub/session/29d1cdec-31da-4c4d-b5ca-75e2e7679a27/window/rect[39m
[38;5;0m[HTTP][0m {}
[38;5;0m[HTTP][0m <-- GET /wd/hub/session/29d1cdec-31da-4c4d-b5ca-75e2e7679a27/window/rect 200 61 ms - 48
[38;5;0m[HTTP][0m 
[38;5;0m[HTTP][0m [37m-->[39m [37mPOST[39m [37m/wd/hub/session/29d1cdec-31da-4c4d-b5ca-75e2e7679a27/elements[39m
[38;5;0m[HTTP][0m {"using":"xpath","value":"//*[@type = 'XCUIElementTypeOther' and @label = 'Terms & Conditions' and @name = 'Terms & Conditions']"}
[38;5;0m[HTTP][0m <-- POST /wd/hub/session/29d1cdec-31da-4c4d-b5ca-75e2e7679a27/elements 200 329 ms - 139
[38;5;0m[HTTP][0m 
[38;5;0m[HTTP][0m [37m-->[39m [37mGET[39m [37m/wd/hub/session/29d1cdec-31da-4c4d-b5ca-75e2e7679a27/element/2B000000-0000-0000-8319-000000000000/location[39m
[38;5;0m[HTTP][0m {}
[38;5;0m[HTTP][0m <-- GET /wd/hub/session/29d1cdec-31da-4c4d-b5ca-75e2e7679a27/element/2B000000-0000-0000-8319-000000000000/location 200 42 ms - 27
[38;5;0m[HTTP][0m 
[38;5;0m[HTTP][0m [37m-->[39m [37mPOST[39m [37m/wd/hub/session/29d1cdec-31da-4c4d-b5ca-75e2e7679a27/timeouts[39m
[38;5;0m[HTTP][0m {"implicit":30000}
[38;5;0m[HTTP][0m <-- POST /wd/hub/session/29d1cdec-31da-4c4d-b5ca-75e2e7679a27/timeouts 200 1 ms - 14
[38;5;0m[HTTP][0m 
[38;5;0m[HTTP][0m [37m-->[39m [37mPOST[39m [37m/wd/hub/session/29d1cdec-31da-4c4d-b5ca-75e2e7679a27/element/2B000000-0000-0000-8319-000000000000/click[39m
[38;5;0m[HTTP][0m {"id":"2B000000-0000-0000-8319-000000000000"}
[38;5;32m[XCUITestDriver@9c4d (29d1cdec)][0m Driver proxy active, passing request on via HTTP proxy
[38;5;32m[XCUITestDriver@9c4d (29d1cdec)][0m Replacing sessionId 388DD640-5674-44FB-A8A2-8CD10834231E with 29d1cdec-31da-4c4d-b5ca-75e2e7679a27
[38;5;0m[HTTP][0m <-- POST /wd/hub/session/29d1cdec-31da-4c4d-b5ca-75e2e7679a27/element/2B000000-0000-0000-8319-000000000000/click 200 406 ms - 65
[38;5;0m[HTTP][0m 
[38;5;0m[HTTP][0m [37m-->[39m [37mPOST[39m [37m/wd/hub/session/29d1cdec-31da-4c4d-b5ca-75e2e7679a27/touch/perform[39m
[38;5;0m[HTTP][0m {"actions":[{"action":"tap","options":{"x":44,"y":42}},{"action":"wait","options":{"ms":50}}]}
[38;5;0m[HTTP][0m <-- POST /wd/hub/session/29d1cdec-31da-4c4d-b5ca-75e2e7679a27/touch/perform 200 1185 ms - 14
[38;5;0m[HTTP][0m 
[38;5;0m[HTTP][0m [37m-->[39m [37mPOST[39m [37m/wd/hub/session/29d1cdec-31da-4c4d-b5ca-75e2e7679a27/timeouts[39m
[38;5;0m[HTTP][0m {"implicit":50}
[38;5;0m[HTTP][0m <-- POST /wd/hub/session/29d1cdec-31da-4c4d-b5ca-75e2e7679a27/timeouts 200 0 ms - 14
[38;5;0m[HTTP][0m 
[38;5;0m[HTTP][0m [37m-->[39m [37mGET[39m [37m/wd/hub/session/29d1cdec-31da-4c4d-b5ca-75e2e7679a27/window/rect[39m
[38;5;0m[HTTP][0m {}
[38;5;0m[HTTP][0m <-- GET /wd/hub/session/29d1cdec-31da-4c4d-b5ca-75e2e7679a27/window/rect 200 156 ms - 48
[38;5;0m[HTTP][0m 
[38;5;0m[HTTP][0m [37m-->[39m [37mPOST[39m [37m/wd/hub/session/29d1cdec-31da-4c4d-b5ca-75e2e7679a27/elements[39m
[38;5;0m[HTTP][0m {"using":"xpath","value":"//*[@type = 'XCUIElementTypeImage']"}
[38;5;0m[HTTP][0m <-- POST /wd/hub/session/29d1cdec-31da-4c4d-b5ca-75e2e7679a27/elements 200 154 ms - 267
[38;5;0m[HTTP][0m 
[38;5;0m[HTTP][0m [37m-->[39m [37mGET[39m [37m/wd/hub/session/29d1cdec-31da-4c4d-b5ca-75e2e7679a27/element/20000000-0000-0000-8319-000000000000/location[39m
[38;5;0m[HTTP][0m {}
[38;5;0m[HTTP][0m <-- GET /wd/hub/session/29d1cdec-31da-4c4d-b5ca-75e2e7679a27/element/20000000-0000-0000-8319-000000000000/location 200 27 ms - 27
[38;5;0m[HTTP][0m 
[38;5;0m[HTTP][0m [37m-->[39m [37mPOST[39m [37m/wd/hub/session/29d1cdec-31da-4c4d-b5ca-75e2e7679a27/timeouts[39m
[38;5;0m[HTTP][0m {"implicit":30000}
[38;5;0m[HTTP][0m <-- POST /wd/hub/session/29d1cdec-31da-4c4d-b5ca-75e2e7679a27/timeouts 200 0 ms - 14
[38;5;0m[HTTP][0m 
[38;5;0m[HTTP][0m [37m-->[39m [37mPOST[39m [37m/wd/hub/session/29d1cdec-31da-4c4d-b5ca-75e2e7679a27/timeouts[39m
[38;5;0m[HTTP][0m {"implicit":50}
[38;5;0m[HTTP][0m <-- POST /wd/hub/session/29d1cdec-31da-4c4d-b5ca-75e2e7679a27/timeouts 200 0 ms - 14
[38;5;0m[HTTP][0m 
[38;5;0m[HTTP][0m [37m-->[39m [37mGET[39m [37m/wd/hub/session/29d1cdec-31da-4c4d-b5ca-75e2e7679a27/window/rect[39m
[38;5;0m[HTTP][0m {}
[38;5;0m[HTTP][0m <-- GET /wd/hub/session/29d1cdec-31da-4c4d-b5ca-75e2e7679a27/window/rect 200 41 ms - 48
[38;5;0m[HTTP][0m 
[38;5;0m[HTTP][0m [37m-->[39m [37mPOST[39m [37m/wd/hub/session/29d1cdec-31da-4c4d-b5ca-75e2e7679a27/elements[39m
[38;5;0m[HTTP][0m {"using":"xpath","value":"//*[@type = 'XCUIElementTypeOther' and @label = 'Privacy Policy' and @name = 'Privacy Policy']"}
[38;5;0m[HTTP][0m <-- POST /wd/hub/session/29d1cdec-31da-4c4d-b5ca-75e2e7679a27/elements 200 342 ms - 139
[38;5;0m[HTTP][0m 
[38;5;0m[HTTP][0m [37m-->[39m [37mGET[39m [37m/wd/hub/session/29d1cdec-31da-4c4d-b5ca-75e2e7679a27/element/2C000000-0000-0000-8319-000000000000/location[39m
[38;5;0m[HTTP][0m {}
[38;5;0m[HTTP][0m <-- GET /wd/hub/session/29d1cdec-31da-4c4d-b5ca-75e2e7679a27/element/2C000000-0000-0000-8319-000000000000/location 200 25 ms - 27
[38;5;0m[HTTP][0m 
[38;5;0m[HTTP][0m [37m-->[39m [37mPOST[39m [37m/wd/hub/session/29d1cdec-31da-4c4d-b5ca-75e2e7679a27/timeouts[39m
[38;5;0m[HTTP][0m {"implicit":30000}
[38;5;0m[HTTP][0m <-- POST /wd/hub/session/29d1cdec-31da-4c4d-b5ca-75e2e7679a27/timeouts 200 0 ms - 14
[38;5;0m[HTTP][0m 
[38;5;0m[HTTP][0m [37m-->[39m [37mPOST[39m [37m/wd/hub/session/29d1cdec-31da-4c4d-b5ca-75e2e7679a27/timeouts[39m
[38;5;0m[HTTP][0m {"implicit":50}
[38;5;0m[HTTP][0m <-- POST /wd/hub/session/29d1cdec-31da-4c4d-b5ca-75e2e7679a27/timeouts 200 0 ms - 14
[38;5;0m[HTTP][0m 
[38;5;0m[HTTP][0m [37m-->[39m [37mGET[39m [37m/wd/hub/session/29d1cdec-31da-4c4d-b5ca-75e2e7679a27/window/rect[39m
[38;5;0m[HTTP][0m {}
[38;5;0m[HTTP][0m <-- GET /wd/hub/session/29d1cdec-31da-4c4d-b5ca-75e2e7679a27/window/rect 200 26 ms - 48
[38;5;0m[HTTP][0m 
[38;5;0m[HTTP][0m [37m-->[39m [37mPOST[39m [37m/wd/hub/session/29d1cdec-31da-4c4d-b5ca-75e2e7679a27/elements[39m
[38;5;0m[HTTP][0m {"using":"xpath","value":"//*[@type = 'XCUIElementTypeOther' and @label = 'Privacy Policy' and @name = 'Privacy Policy']"}
[38;5;0m[HTTP][0m <-- POST /wd/hub/session/29d1cdec-31da-4c4d-b5ca-75e2e7679a27/elements 200 229 ms - 139
[38;5;0m[HTTP][0m 
[38;5;0m[HTTP][0m [37m-->[39m [37mGET[39m [37m/wd/hub/session/29d1cdec-31da-4c4d-b5ca-75e2e7679a27/element/2C000000-0000-0000-8319-000000000000/location[39m
[38;5;0m[HTTP][0m {}
[38;5;0m[HTTP][0m <-- GET /wd/hub/session/29d1cdec-31da-4c4d-b5ca-75e2e7679a27/element/2C000000-0000-0000-8319-000000000000/location 200 29 ms - 27
[38;5;0m[HTTP][0m 
[38;5;0m[HTTP][0m [37m-->[39m [37mPOST[39m [37m/wd/hub/session/29d1cdec-31da-4c4d-b5ca-75e2e7679a27/timeouts[39m
[38;5;0m[HTTP][0m {"implicit":30000}
[38;5;0m[HTTP][0m <-- POST /wd/hub/session/29d1cdec-31da-4c4d-b5ca-75e2e7679a27/timeouts 200 0 ms - 14
[38;5;0m[HTTP][0m 
[38;5;0m[HTTP][0m [37m-->[39m [37mPOST[39m [37m/wd/hub/session/29d1cdec-31da-4c4d-b5ca-75e2e7679a27/element/2C000000-0000-0000-8319-000000000000/click[39m
[38;5;0m[HTTP][0m {"id":"2C000000-0000-0000-8319-000000000000"}
[38;5;32m[XCUITestDriver@9c4d (29d1cdec)][0m Driver proxy active, passing request on via HTTP proxy
[38;5;32m[XCUITestDriver@9c4d (29d1cdec)][0m Replacing sessionId 388DD640-5674-44FB-A8A2-8CD10834231E with 29d1cdec-31da-4c4d-b5ca-75e2e7679a27
[38;5;0m[HTTP][0m <-- POST /wd/hub/session/29d1cdec-31da-4c4d-b5ca-75e2e7679a27/element/2C000000-0000-0000-8319-000000000000/click 200 401 ms - 65
[38;5;0m[HTTP][0m 
[38;5;0m[HTTP][0m [37m-->[39m [37mPOST[39m [37m/wd/hub/session/29d1cdec-31da-4c4d-b5ca-75e2e7679a27/touch/perform[39m
[38;5;0m[HTTP][0m {"actions":[{"action":"tap","options":{"x":44,"y":42}},{"action":"wait","options":{"ms":50}}]}
[38;5;0m[HTTP][0m <-- POST /wd/hub/session/29d1cdec-31da-4c4d-b5ca-75e2e7679a27/touch/perform 200 1454 ms - 14
[38;5;0m[HTTP][0m 
[38;5;0m[HTTP][0m [37m-->[39m [37mPOST[39m [37m/wd/hub/session/29d1cdec-31da-4c4d-b5ca-75e2e7679a27/timeouts[39m
[38;5;0m[HTTP][0m {"implicit":50}
[38;5;0m[HTTP][0m <-- POST /wd/hub/session/29d1cdec-31da-4c4d-b5ca-75e2e7679a27/timeouts 200 0 ms - 14
[38;5;0m[HTTP][0m 
[38;5;0m[HTTP][0m [37m-->[39m [37mGET[39m [37m/wd/hub/session/29d1cdec-31da-4c4d-b5ca-75e2e7679a27/window/rect[39m
[38;5;0m[HTTP][0m {}
[38;5;0m[HTTP][0m <-- GET /wd/hub/session/29d1cdec-31da-4c4d-b5ca-75e2e7679a27/window/rect 200 86 ms - 48
[38;5;0m[HTTP][0m 
[38;5;0m[HTTP][0m [37m-->[39m [37mPOST[39m [37m/wd/hub/session/29d1cdec-31da-4c4d-b5ca-75e2e7679a27/elements[39m
[38;5;0m[HTTP][0m {"using":"xpath","value":"//*[@type = 'XCUIElementTypeImage']"}
[38;5;0m[HTTP][0m <-- POST /wd/hub/session/29d1cdec-31da-4c4d-b5ca-75e2e7679a27/elements 200 331 ms - 267
[38;5;0m[HTTP][0m 
[38;5;0m[HTTP][0m [37m-->[39m [37mGET[39m [37m/wd/hub/session/29d1cdec-31da-4c4d-b5ca-75e2e7679a27/element/20000000-0000-0000-8319-000000000000/location[39m
[38;5;0m[HTTP][0m {}
[38;5;0m[HTTP][0m <-- GET /wd/hub/session/29d1cdec-31da-4c4d-b5ca-75e2e7679a27/element/20000000-0000-0000-8319-000000000000/location 200 27 ms - 27
[38;5;0m[HTTP][0m 
[38;5;0m[HTTP][0m [37m-->[39m [37mPOST[39m [37m/wd/hub/session/29d1cdec-31da-4c4d-b5ca-75e2e7679a27/timeouts[39m
[38;5;0m[HTTP][0m {"implicit":30000}
[38;5;0m[HTTP][0m <-- POST /wd/hub/session/29d1cdec-31da-4c4d-b5ca-75e2e7679a27/timeouts 200 0 ms - 14
[38;5;0m[HTTP][0m 
[38;5;0m[HTTP][0m [37m-->[39m [37mPOST[39m [37m/wd/hub/session/29d1cdec-31da-4c4d-b5ca-75e2e7679a27/timeouts[39m
[38;5;0m[HTTP][0m {"implicit":50}
[38;5;0m[HTTP][0m <-- POST /wd/hub/session/29d1cdec-31da-4c4d-b5ca-75e2e7679a27/timeouts 200 1 ms - 14
[38;5;0m[HTTP][0m 
[38;5;0m[HTTP][0m [37m-->[39m [37mGET[39m [37m/wd/hub/session/29d1cdec-31da-4c4d-b5ca-75e2e7679a27/window/rect[39m
[38;5;0m[HTTP][0m {}
[38;5;0m[HTTP][0m <-- GET /wd/hub/session/29d1cdec-31da-4c4d-b5ca-75e2e7679a27/window/rect 200 74 ms - 48
[38;5;0m[HTTP][0m 
[38;5;0m[HTTP][0m [37m-->[39m [37mPOST[39m [37m/wd/hub/session/29d1cdec-31da-4c4d-b5ca-75e2e7679a27/elements[39m
[38;5;0m[HTTP][0m {"using":"xpath","value":"//*[@type = 'XCUIElementTypeOther' and @label = 'Forgot your password?' and @name = 'Forgot your password?']"}
[38;5;0m[HTTP][0m <-- POST /wd/hub/session/29d1cdec-31da-4c4d-b5ca-75e2e7679a27/elements 200 285 ms - 139
[38;5;0m[HTTP][0m 
[38;5;0m[HTTP][0m [37m-->[39m [37mGET[39m [37m/wd/hub/session/29d1cdec-31da-4c4d-b5ca-75e2e7679a27/element/1B000000-0000-0000-8319-000000000000/location[39m
[38;5;0m[HTTP][0m {}
[38;5;0m[HTTP][0m <-- GET /wd/hub/session/29d1cdec-31da-4c4d-b5ca-75e2e7679a27/element/1B000000-0000-0000-8319-000000000000/location 200 50 ms - 27
[38;5;0m[HTTP][0m 
[38;5;0m[HTTP][0m [37m-->[39m [37mPOST[39m [37m/wd/hub/session/29d1cdec-31da-4c4d-b5ca-75e2e7679a27/timeouts[39m
[38;5;0m[HTTP][0m {"implicit":30000}
[38;5;0m[HTTP][0m <-- POST /wd/hub/session/29d1cdec-31da-4c4d-b5ca-75e2e7679a27/timeouts 200 0 ms - 14
[38;5;0m[HTTP][0m 
[38;5;0m[HTTP][0m [37m-->[39m [37mPOST[39m [37m/wd/hub/session/29d1cdec-31da-4c4d-b5ca-75e2e7679a27/element/1B000000-0000-0000-8319-000000000000/click[39m
[38;5;0m[HTTP][0m {"id":"1B000000-0000-0000-8319-000000000000"}
[38;5;32m[XCUITestDriver@9c4d (29d1cdec)][0m Driver proxy active, passing request on via HTTP proxy
[38;5;32m[XCUITestDriver@9c4d (29d1cdec)][0m Replacing sessionId 388DD640-5674-44FB-A8A2-8CD10834231E with 29d1cdec-31da-4c4d-b5ca-75e2e7679a27
[38;5;0m[HTTP][0m <-- POST /wd/hub/session/29d1cdec-31da-4c4d-b5ca-75e2e7679a27/element/1B000000-0000-0000-8319-000000000000/click 200 417 ms - 65
[38;5;0m[HTTP][0m 
[38;5;0m[HTTP][0m [37m-->[39m [37mPOST[39m [37m/wd/hub/session/29d1cdec-31da-4c4d-b5ca-75e2e7679a27/timeouts[39m
[38;5;0m[HTTP][0m {"implicit":50}
[38;5;0m[HTTP][0m <-- POST /wd/hub/session/29d1cdec-31da-4c4d-b5ca-75e2e7679a27/timeouts 200 1 ms - 14
[38;5;0m[HTTP][0m 
[38;5;0m[HTTP][0m [37m-->[39m [37mGET[39m [37m/wd/hub/session/29d1cdec-31da-4c4d-b5ca-75e2e7679a27/window/rect[39m
[38;5;0m[HTTP][0m {}
[38;5;0m[HTTP][0m <-- GET /wd/hub/session/29d1cdec-31da-4c4d-b5ca-75e2e7679a27/window/rect 200 56 ms - 48
[38;5;0m[HTTP][0m 
[38;5;0m[HTTP][0m [37m-->[39m [37mPOST[39m [37m/wd/hub/session/29d1cdec-31da-4c4d-b5ca-75e2e7679a27/elements[39m
[38;5;0m[HTTP][0m {"using":"xpath","value":"//XCUIElementTypeApplication/XCUIElementTypeWindow[1]/XCUIElementTypeOther[1]/XCUIElementTypeOther[1]/XCUIElementTypeOther[1]/XCUIElementTypeOther[1]/XCUIElementTypeOther[1]/XCUIElementTypeOther[1]/XCUIElementTypeOther[1]/XCUIElementTypeOther[1]/XCUIElementTypeOther[1]/XCUIElementTypeOther[1]/XCUIElementTypeOther[1]/XCUIElementTypeOther[1]/XCUIElementTypeScrollView[1]/XCUIElementTypeOther[1]/XCUIElementTypeOther[3]/XCUIElementTypeOther[1]/XCUIElementTypeOther[1]/XCUIElementTypeTextField[1]"}
[38;5;0m[HTTP][0m <-- POST /wd/hub/session/29d1cdec-31da-4c4d-b5ca-75e2e7679a27/elements 200 166 ms - 139
[38;5;0m[HTTP][0m 
[38;5;0m[HTTP][0m [37m-->[39m [37mGET[39m [37m/wd/hub/session/29d1cdec-31da-4c4d-b5ca-75e2e7679a27/element/48000000-0000-0000-8319-000000000000/location[39m
[38;5;0m[HTTP][0m {}
[38;5;0m[HTTP][0m <-- GET /wd/hub/session/29d1cdec-31da-4c4d-b5ca-75e2e7679a27/element/48000000-0000-0000-8319-000000000000/location 200 45 ms - 26
[38;5;0m[HTTP][0m 
[38;5;0m[HTTP][0m [37m-->[39m [37mPOST[39m [37m/wd/hub/session/29d1cdec-31da-4c4d-b5ca-75e2e7679a27/timeouts[39m
[38;5;0m[HTTP][0m {"implicit":30000}
[38;5;0m[HTTP][0m <-- POST /wd/hub/session/29d1cdec-31da-4c4d-b5ca-75e2e7679a27/timeouts 200 0 ms - 14
[38;5;0m[HTTP][0m 
[38;5;0m[HTTP][0m [37m-->[39m [37mPOST[39m [37m/wd/hub/session/29d1cdec-31da-4c4d-b5ca-75e2e7679a27/element/48000000-0000-0000-8319-000000000000/clear[39m
[38;5;0m[HTTP][0m {"id":"48000000-0000-0000-8319-000000000000"}
[38;5;0m[HTTP][0m <-- POST /wd/hub/session/29d1cdec-31da-4c4d-b5ca-75e2e7679a27/element/48000000-0000-0000-8319-000000000000/clear 200 47 ms - 14
[38;5;0m[HTTP][0m 
[38;5;0m[HTTP][0m [37m-->[39m [37mPOST[39m [37m/wd/hub/session/29d1cdec-31da-4c4d-b5ca-75e2e7679a27/element/48000000-0000-0000-8319-000000000000/click[39m
[38;5;0m[HTTP][0m {"id":"48000000-0000-0000-8319-000000000000"}
[38;5;32m[XCUITestDriver@9c4d (29d1cdec)][0m Driver proxy active, passing request on via HTTP proxy
[38;5;32m[XCUITestDriver@9c4d (29d1cdec)][0m Replacing sessionId 388DD640-5674-44FB-A8A2-8CD10834231E with 29d1cdec-31da-4c4d-b5ca-75e2e7679a27
[38;5;0m[HTTP][0m <-- POST /wd/hub/session/29d1cdec-31da-4c4d-b5ca-75e2e7679a27/element/48000000-0000-0000-8319-000000000000/click 200 490 ms - 65
[38;5;0m[HTTP][0m 
[38;5;0m[HTTP][0m [37m-->[39m [37mPOST[39m [37m/wd/hub/session/29d1cdec-31da-4c4d-b5ca-75e2e7679a27/element/48000000-0000-0000-8319-000000000000/value[39m
[38;5;0m[HTTP][0m {"id":"48000000-0000-0000-8319-000000000000","text":"katalon","value":["k","a","t","a","l","o","n"]}
[38;5;0m[HTTP][0m <-- POST /wd/hub/session/29d1cdec-31da-4c4d-b5ca-75e2e7679a27/element/48000000-0000-0000-8319-000000000000/value 200 384 ms - 14
[38;5;0m[HTTP][0m 
[38;5;0m[HTTP][0m [37m-->[39m [37mPOST[39m [37m/wd/hub/session/29d1cdec-31da-4c4d-b5ca-75e2e7679a27/timeouts[39m
[38;5;0m[HTTP][0m {"implicit":50}
[38;5;0m[HTTP][0m <-- POST /wd/hub/session/29d1cdec-31da-4c4d-b5ca-75e2e7679a27/timeouts 200 0 ms - 14
[38;5;0m[HTTP][0m 
[38;5;0m[HTTP][0m [37m-->[39m [37mGET[39m [37m/wd/hub/session/29d1cdec-31da-4c4d-b5ca-75e2e7679a27/window/rect[39m
[38;5;0m[HTTP][0m {}
[38;5;0m[HTTP][0m <-- GET /wd/hub/session/29d1cdec-31da-4c4d-b5ca-75e2e7679a27/window/rect 200 69 ms - 48
[38;5;0m[HTTP][0m 
[38;5;0m[HTTP][0m [37m-->[39m [37mPOST[39m [37m/wd/hub/session/29d1cdec-31da-4c4d-b5ca-75e2e7679a27/elements[39m
[38;5;0m[HTTP][0m {"using":"xpath","value":"//XCUIElementTypeApplication/XCUIElementTypeWindow[1]/XCUIElementTypeOther[1]/XCUIElementTypeOther[1]/XCUIElementTypeOther[1]/XCUIElementTypeOther[1]/XCUIElementTypeOther[1]/XCUIElementTypeOther[1]/XCUIElementTypeOther[1]/XCUIElementTypeOther[1]/XCUIElementTypeOther[1]/XCUIElementTypeOther[1]/XCUIElementTypeOther[1]/XCUIElementTypeOther[1]/XCUIElementTypeScrollView[1]/XCUIElementTypeOther[1]/XCUIElementTypeOther[3]/XCUIElementTypeOther[2]/XCUIElementTypeOther[1]/XCUIElementTypeTextField[1]"}
[38;5;0m[HTTP][0m <-- POST /wd/hub/session/29d1cdec-31da-4c4d-b5ca-75e2e7679a27/elements 200 246 ms - 139
[38;5;0m[HTTP][0m 
[38;5;0m[HTTP][0m [37m-->[39m [37mGET[39m [37m/wd/hub/session/29d1cdec-31da-4c4d-b5ca-75e2e7679a27/element/49000000-0000-0000-8319-000000000000/location[39m
[38;5;0m[HTTP][0m {}
[38;5;0m[HTTP][0m <-- GET /wd/hub/session/29d1cdec-31da-4c4d-b5ca-75e2e7679a27/element/49000000-0000-0000-8319-000000000000/location 200 60 ms - 26
[38;5;0m[HTTP][0m 
[38;5;0m[HTTP][0m [37m-->[39m [37mPOST[39m [37m/wd/hub/session/29d1cdec-31da-4c4d-b5ca-75e2e7679a27/timeouts[39m
[38;5;0m[HTTP][0m {"implicit":30000}
[38;5;0m[HTTP][0m <-- POST /wd/hub/session/29d1cdec-31da-4c4d-b5ca-75e2e7679a27/timeouts 200 0 ms - 14
[38;5;0m[HTTP][0m 
[38;5;0m[HTTP][0m [37m-->[39m [37mPOST[39m [37m/wd/hub/session/29d1cdec-31da-4c4d-b5ca-75e2e7679a27/element/49000000-0000-0000-8319-000000000000/clear[39m
[38;5;0m[HTTP][0m {"id":"49000000-0000-0000-8319-000000000000"}
[38;5;0m[HTTP][0m <-- POST /wd/hub/session/29d1cdec-31da-4c4d-b5ca-75e2e7679a27/element/49000000-0000-0000-8319-000000000000/clear 200 53 ms - 14
[38;5;0m[HTTP][0m 
[38;5;0m[HTTP][0m [37m-->[39m [37mPOST[39m [37m/wd/hub/session/29d1cdec-31da-4c4d-b5ca-75e2e7679a27/element/49000000-0000-0000-8319-000000000000/click[39m
[38;5;0m[HTTP][0m {"id":"49000000-0000-0000-8319-000000000000"}
[38;5;32m[XCUITestDriver@9c4d (29d1cdec)][0m Driver proxy active, passing request on via HTTP proxy
[38;5;32m[XCUITestDriver@9c4d (29d1cdec)][0m Replacing sessionId 388DD640-5674-44FB-A8A2-8CD10834231E with 29d1cdec-31da-4c4d-b5ca-75e2e7679a27
[38;5;0m[HTTP][0m <-- POST /wd/hub/session/29d1cdec-31da-4c4d-b5ca-75e2e7679a27/element/49000000-0000-0000-8319-000000000000/click 200 443 ms - 65
[38;5;0m[HTTP][0m 
[38;5;0m[HTTP][0m [37m-->[39m [37mPOST[39m [37m/wd/hub/session/29d1cdec-31da-4c4d-b5ca-75e2e7679a27/element/49000000-0000-0000-8319-000000000000/value[39m
[38;5;0m[HTTP][0m {"id":"49000000-0000-0000-8319-000000000000","text":"samarir@masaratapp.com","value":["s","a","m","a","r","i","r","@","m","a","s","a","r","a","t","a","p","p",".","c","o","m"]}
[38;5;0m[HTTP][0m <-- POST /wd/hub/session/29d1cdec-31da-4c4d-b5ca-75e2e7679a27/element/49000000-0000-0000-8319-000000000000/value 200 693 ms - 14
[38;5;0m[HTTP][0m 
[38;5;0m[HTTP][0m [37m-->[39m [37mPOST[39m [37m/wd/hub/session/29d1cdec-31da-4c4d-b5ca-75e2e7679a27/timeouts[39m
[38;5;0m[HTTP][0m {"implicit":50}
[38;5;0m[HTTP][0m <-- POST /wd/hub/session/29d1cdec-31da-4c4d-b5ca-75e2e7679a27/timeouts 200 0 ms - 14
[38;5;0m[HTTP][0m 
[38;5;0m[HTTP][0m [37m-->[39m [37mGET[39m [37m/wd/hub/session/29d1cdec-31da-4c4d-b5ca-75e2e7679a27/window/rect[39m
[38;5;0m[HTTP][0m {}
[38;5;0m[HTTP][0m <-- GET /wd/hub/session/29d1cdec-31da-4c4d-b5ca-75e2e7679a27/window/rect 200 101 ms - 48
[38;5;0m[HTTP][0m 
[38;5;0m[HTTP][0m [37m-->[39m [37mPOST[39m [37m/wd/hub/session/29d1cdec-31da-4c4d-b5ca-75e2e7679a27/elements[39m
[38;5;0m[HTTP][0m {"using":"xpath","value":"//XCUIElementTypeApplication/XCUIElementTypeWindow[1]/XCUIElementTypeOther[1]/XCUIElementTypeOther[1]/XCUIElementTypeOther[1]/XCUIElementTypeOther[1]/XCUIElementTypeOther[1]/XCUIElementTypeOther[1]/XCUIElementTypeOther[1]/XCUIElementTypeOther[1]/XCUIElementTypeOther[1]/XCUIElementTypeOther[1]/XCUIElementTypeOther[1]/XCUIElementTypeOther[1]/XCUIElementTypeScrollView[1]/XCUIElementTypeOther[1]/XCUIElementTypeOther[3]/XCUIElementTypeOther[3]"}
[38;5;0m[HTTP][0m <-- POST /wd/hub/session/29d1cdec-31da-4c4d-b5ca-75e2e7679a27/elements 200 345 ms - 139
[38;5;0m[HTTP][0m 
[38;5;0m[HTTP][0m [37m-->[39m [37mGET[39m [37m/wd/hub/session/29d1cdec-31da-4c4d-b5ca-75e2e7679a27/element/3E000000-0000-0000-8319-000000000000/location[39m
[38;5;0m[HTTP][0m {}
[38;5;0m[HTTP][0m <-- GET /wd/hub/session/29d1cdec-31da-4c4d-b5ca-75e2e7679a27/element/3E000000-0000-0000-8319-000000000000/location 200 72 ms - 26
[38;5;0m[HTTP][0m 
[38;5;0m[HTTP][0m [37m-->[39m [37mPOST[39m [37m/wd/hub/session/29d1cdec-31da-4c4d-b5ca-75e2e7679a27/timeouts[39m
[38;5;0m[HTTP][0m {"implicit":30000}
[38;5;0m[HTTP][0m <-- POST /wd/hub/session/29d1cdec-31da-4c4d-b5ca-75e2e7679a27/timeouts 200 0 ms - 14
[38;5;0m[HTTP][0m 
[38;5;0m[HTTP][0m [37m-->[39m [37mPOST[39m [37m/wd/hub/session/29d1cdec-31da-4c4d-b5ca-75e2e7679a27/element/3E000000-0000-0000-8319-000000000000/click[39m
[38;5;0m[HTTP][0m {"id":"3E000000-0000-0000-8319-000000000000"}
[38;5;32m[XCUITestDriver@9c4d (29d1cdec)][0m Driver proxy active, passing request on via HTTP proxy
[38;5;32m[XCUITestDriver@9c4d (29d1cdec)][0m Replacing sessionId 388DD640-5674-44FB-A8A2-8CD10834231E with 29d1cdec-31da-4c4d-b5ca-75e2e7679a27
[38;5;0m[HTTP][0m <-- POST /wd/hub/session/29d1cdec-31da-4c4d-b5ca-75e2e7679a27/element/3E000000-0000-0000-8319-000000000000/click 200 810 ms - 65
[38;5;0m[HTTP][0m 
[38;5;0m[HTTP][0m [37m-->[39m [37mPOST[39m [37m/wd/hub/session/29d1cdec-31da-4c4d-b5ca-75e2e7679a27/timeouts[39m
[38;5;0m[HTTP][0m {"implicit":50}
[38;5;0m[HTTP][0m <-- POST /wd/hub/session/29d1cdec-31da-4c4d-b5ca-75e2e7679a27/timeouts 200 0 ms - 14
[38;5;0m[HTTP][0m 
[38;5;0m[HTTP][0m [37m-->[39m [37mGET[39m [37m/wd/hub/session/29d1cdec-31da-4c4d-b5ca-75e2e7679a27/window/rect[39m
[38;5;0m[HTTP][0m {}
[38;5;0m[HTTP][0m <-- GET /wd/hub/session/29d1cdec-31da-4c4d-b5ca-75e2e7679a27/window/rect 200 48 ms - 48
[38;5;0m[HTTP][0m 
[38;5;0m[HTTP][0m [37m-->[39m [37mPOST[39m [37m/wd/hub/session/29d1cdec-31da-4c4d-b5ca-75e2e7679a27/elements[39m
[38;5;0m[HTTP][0m {"using":"xpath","value":"//XCUIElementTypeApplication/XCUIElementTypeWindow[1]/XCUIElementTypeOther[1]/XCUIElementTypeOther[1]/XCUIElementTypeOther[1]/XCUIElementTypeOther[1]/XCUIElementTypeOther[1]/XCUIElementTypeOther[1]/XCUIElementTypeOther[1]/XCUIElementTypeOther[1]/XCUIElementTypeOther[1]/XCUIElementTypeOther[1]/XCUIElementTypeOther[1]/XCUIElementTypeOther[1]/XCUIElementTypeScrollView[1]/XCUIElementTypeOther[1]/XCUIElementTypeOther[3]/XCUIElementTypeOther[3]"}
[38;5;0m[HTTP][0m <-- POST /wd/hub/session/29d1cdec-31da-4c4d-b5ca-75e2e7679a27/elements 200 197 ms - 139
[38;5;0m[HTTP][0m 
[38;5;0m[HTTP][0m [37m-->[39m [37mGET[39m [37m/wd/hub/session/29d1cdec-31da-4c4d-b5ca-75e2e7679a27/element/3E000000-0000-0000-8319-000000000000/location[39m
[38;5;0m[HTTP][0m {}
[38;5;0m[HTTP][0m <-- GET /wd/hub/session/29d1cdec-31da-4c4d-b5ca-75e2e7679a27/element/3E000000-0000-0000-8319-000000000000/location 200 41 ms - 26
[38;5;0m[HTTP][0m 
[38;5;0m[HTTP][0m [37m-->[39m [37mPOST[39m [37m/wd/hub/session/29d1cdec-31da-4c4d-b5ca-75e2e7679a27/timeouts[39m
[38;5;0m[HTTP][0m {"implicit":30000}
[38;5;0m[HTTP][0m <-- POST /wd/hub/session/29d1cdec-31da-4c4d-b5ca-75e2e7679a27/timeouts 200 0 ms - 14
[38;5;0m[HTTP][0m 
[38;5;0m[HTTP][0m [37m-->[39m [37mPOST[39m [37m/wd/hub/session/29d1cdec-31da-4c4d-b5ca-75e2e7679a27/element/3E000000-0000-0000-8319-000000000000/click[39m
[38;5;0m[HTTP][0m {"id":"3E000000-0000-0000-8319-000000000000"}
[38;5;32m[XCUITestDriver@9c4d (29d1cdec)][0m Driver proxy active, passing request on via HTTP proxy
[38;5;32m[XCUITestDriver@9c4d (29d1cdec)][0m Replacing sessionId 388DD640-5674-44FB-A8A2-8CD10834231E with 29d1cdec-31da-4c4d-b5ca-75e2e7679a27
[38;5;0m[HTTP][0m <-- POST /wd/hub/session/29d1cdec-31da-4c4d-b5ca-75e2e7679a27/element/3E000000-0000-0000-8319-000000000000/click 200 389 ms - 65
[38;5;0m[HTTP][0m 
[38;5;0m[HTTP][0m [37m-->[39m [37mPOST[39m [37m/wd/hub/session/29d1cdec-31da-4c4d-b5ca-75e2e7679a27/timeouts[39m
[38;5;0m[HTTP][0m {"implicit":50}
[38;5;0m[HTTP][0m <-- POST /wd/hub/session/29d1cdec-31da-4c4d-b5ca-75e2e7679a27/timeouts 200 0 ms - 14
[38;5;0m[HTTP][0m 
[38;5;0m[HTTP][0m [37m-->[39m [37mGET[39m [37m/wd/hub/session/29d1cdec-31da-4c4d-b5ca-75e2e7679a27/window/rect[39m
[38;5;0m[HTTP][0m {}
[38;5;0m[HTTP][0m <-- GET /wd/hub/session/29d1cdec-31da-4c4d-b5ca-75e2e7679a27/window/rect 200 76 ms - 48
[38;5;0m[HTTP][0m 
[38;5;0m[HTTP][0m [37m-->[39m [37mPOST[39m [37m/wd/hub/session/29d1cdec-31da-4c4d-b5ca-75e2e7679a27/elements[39m
[38;5;0m[HTTP][0m {"using":"xpath","value":"//*[@type = 'XCUIElementTypeTextField']"}
[38;5;0m[HTTP][0m <-- POST /wd/hub/session/29d1cdec-31da-4c4d-b5ca-75e2e7679a27/elements 200 236 ms - 139
[38;5;0m[HTTP][0m 
[38;5;0m[HTTP][0m [37m-->[39m [37mGET[39m [37m/wd/hub/session/29d1cdec-31da-4c4d-b5ca-75e2e7679a27/element/A2000000-0000-0000-8319-000000000000/location[39m
[38;5;0m[HTTP][0m {}
[38;5;0m[HTTP][0m <-- GET /wd/hub/session/29d1cdec-31da-4c4d-b5ca-75e2e7679a27/element/A2000000-0000-0000-8319-000000000000/location 200 48 ms - 26
[38;5;0m[HTTP][0m 
[38;5;0m[HTTP][0m [37m-->[39m [37mPOST[39m [37m/wd/hub/session/29d1cdec-31da-4c4d-b5ca-75e2e7679a27/timeouts[39m
[38;5;0m[HTTP][0m {"implicit":30000}
[38;5;0m[HTTP][0m <-- POST /wd/hub/session/29d1cdec-31da-4c4d-b5ca-75e2e7679a27/timeouts 200 0 ms - 14
[38;5;0m[HTTP][0m 
[38;5;0m[HTTP][0m [37m-->[39m [37mPOST[39m [37m/wd/hub/session/29d1cdec-31da-4c4d-b5ca-75e2e7679a27/element/A2000000-0000-0000-8319-000000000000/clear[39m
[38;5;0m[HTTP][0m {"id":"A2000000-0000-0000-8319-000000000000"}
[38;5;0m[HTTP][0m <-- POST /wd/hub/session/29d1cdec-31da-4c4d-b5ca-75e2e7679a27/element/A2000000-0000-0000-8319-000000000000/clear 200 45 ms - 14
[38;5;0m[HTTP][0m 
[38;5;0m[HTTP][0m [37m-->[39m [37mPOST[39m [37m/wd/hub/session/29d1cdec-31da-4c4d-b5ca-75e2e7679a27/element/A2000000-0000-0000-8319-000000000000/click[39m
[38;5;0m[HTTP][0m {"id":"A2000000-0000-0000-8319-000000000000"}
[38;5;32m[XCUITestDriver@9c4d (29d1cdec)][0m Driver proxy active, passing request on via HTTP proxy
[38;5;32m[XCUITestDriver@9c4d (29d1cdec)][0m Replacing sessionId 388DD640-5674-44FB-A8A2-8CD10834231E with 29d1cdec-31da-4c4d-b5ca-75e2e7679a27
[38;5;0m[HTTP][0m <-- POST /wd/hub/session/29d1cdec-31da-4c4d-b5ca-75e2e7679a27/element/A2000000-0000-0000-8319-000000000000/click 200 875 ms - 65
[38;5;0m[HTTP][0m 
[38;5;0m[HTTP][0m [37m-->[39m [37mPOST[39m [37m/wd/hub/session/29d1cdec-31da-4c4d-b5ca-75e2e7679a27/element/A2000000-0000-0000-8319-000000000000/value[39m
[38;5;0m[HTTP][0m {"id":"A2000000-0000-0000-8319-000000000000","text":"Test10times","value":["T","e","s","t","1","0","t","i","m","e","s"]}
[38;5;0m[HTTP][0m <-- POST /wd/hub/session/29d1cdec-31da-4c4d-b5ca-75e2e7679a27/element/A2000000-0000-0000-8319-000000000000/value 200 501 ms - 14
[38;5;0m[HTTP][0m 
[38;5;0m[HTTP][0m [37m-->[39m [37mPOST[39m [37m/wd/hub/session/29d1cdec-31da-4c4d-b5ca-75e2e7679a27/timeouts[39m
[38;5;0m[HTTP][0m {"implicit":50}
[38;5;0m[HTTP][0m <-- POST /wd/hub/session/29d1cdec-31da-4c4d-b5ca-75e2e7679a27/timeouts 200 0 ms - 14
[38;5;0m[HTTP][0m 
[38;5;0m[HTTP][0m [37m-->[39m [37mGET[39m [37m/wd/hub/session/29d1cdec-31da-4c4d-b5ca-75e2e7679a27/window/rect[39m
[38;5;0m[HTTP][0m {}
[38;5;0m[HTTP][0m <-- GET /wd/hub/session/29d1cdec-31da-4c4d-b5ca-75e2e7679a27/window/rect 200 121 ms - 48
[38;5;0m[HTTP][0m 
[38;5;0m[HTTP][0m [37m-->[39m [37mPOST[39m [37m/wd/hub/session/29d1cdec-31da-4c4d-b5ca-75e2e7679a27/elements[39m
[38;5;0m[HTTP][0m {"using":"xpath","value":"//*[@type = 'XCUIElementTypeSecureTextField']"}
[38;5;0m[HTTP][0m <-- POST /wd/hub/session/29d1cdec-31da-4c4d-b5ca-75e2e7679a27/elements 200 371 ms - 139
[38;5;0m[HTTP][0m 
[38;5;0m[HTTP][0m [37m-->[39m [37mGET[39m [37m/wd/hub/session/29d1cdec-31da-4c4d-b5ca-75e2e7679a27/element/A3000000-0000-0000-8319-000000000000/location[39m
[38;5;0m[HTTP][0m {}
[38;5;0m[HTTP][0m <-- GET /wd/hub/session/29d1cdec-31da-4c4d-b5ca-75e2e7679a27/element/A3000000-0000-0000-8319-000000000000/location 200 79 ms - 26
[38;5;0m[HTTP][0m 
[38;5;0m[HTTP][0m [37m-->[39m [37mPOST[39m [37m/wd/hub/session/29d1cdec-31da-4c4d-b5ca-75e2e7679a27/timeouts[39m
[38;5;0m[HTTP][0m {"implicit":30000}
[38;5;0m[HTTP][0m <-- POST /wd/hub/session/29d1cdec-31da-4c4d-b5ca-75e2e7679a27/timeouts 200 0 ms - 14
[38;5;0m[HTTP][0m 
[38;5;0m[HTTP][0m [37m-->[39m [37mPOST[39m [37m/wd/hub/session/29d1cdec-31da-4c4d-b5ca-75e2e7679a27/element/A3000000-0000-0000-8319-000000000000/clear[39m
[38;5;0m[HTTP][0m {"id":"A3000000-0000-0000-8319-000000000000"}
[38;5;0m[HTTP][0m <-- POST /wd/hub/session/29d1cdec-31da-4c4d-b5ca-75e2e7679a27/element/A3000000-0000-0000-8319-000000000000/clear 200 83 ms - 14
[38;5;0m[HTTP][0m 
[38;5;0m[HTTP][0m [37m-->[39m [37mPOST[39m [37m/wd/hub/session/29d1cdec-31da-4c4d-b5ca-75e2e7679a27/element/A3000000-0000-0000-8319-000000000000/click[39m
[38;5;0m[HTTP][0m {"id":"A3000000-0000-0000-8319-000000000000"}
[38;5;32m[XCUITestDriver@9c4d (29d1cdec)][0m Driver proxy active, passing request on via HTTP proxy
[38;5;32m[XCUITestDriver@9c4d (29d1cdec)][0m Replacing sessionId 388DD640-5674-44FB-A8A2-8CD10834231E with 29d1cdec-31da-4c4d-b5ca-75e2e7679a27
[38;5;0m[HTTP][0m <-- POST /wd/hub/session/29d1cdec-31da-4c4d-b5ca-75e2e7679a27/element/A3000000-0000-0000-8319-000000000000/click 200 482 ms - 65
[38;5;0m[HTTP][0m 
[38;5;0m[HTTP][0m [37m-->[39m [37mPOST[39m [37m/wd/hub/session/29d1cdec-31da-4c4d-b5ca-75e2e7679a27/element/A3000000-0000-0000-8319-000000000000/value[39m
[38;5;0m[HTTP][0m {"id":"A3000000-0000-0000-8319-000000000000","text":"123","value":["1","2","3"]}
[38;5;0m[HTTP][0m <-- POST /wd/hub/session/29d1cdec-31da-4c4d-b5ca-75e2e7679a27/element/A3000000-0000-0000-8319-000000000000/value 200 370 ms - 14
[38;5;0m[HTTP][0m 
[38;5;0m[HTTP][0m [37m-->[39m [37mPOST[39m [37m/wd/hub/session/29d1cdec-31da-4c4d-b5ca-75e2e7679a27/timeouts[39m
[38;5;0m[HTTP][0m {"implicit":50}
[38;5;0m[HTTP][0m <-- POST /wd/hub/session/29d1cdec-31da-4c4d-b5ca-75e2e7679a27/timeouts 200 0 ms - 14
[38;5;0m[HTTP][0m 
[38;5;0m[HTTP][0m [37m-->[39m [37mGET[39m [37m/wd/hub/session/29d1cdec-31da-4c4d-b5ca-75e2e7679a27/window/rect[39m
[38;5;0m[HTTP][0m {}
[38;5;0m[HTTP][0m <-- GET /wd/hub/session/29d1cdec-31da-4c4d-b5ca-75e2e7679a27/window/rect 200 154 ms - 48
[38;5;0m[HTTP][0m 
[38;5;0m[HTTP][0m [37m-->[39m [37mPOST[39m [37m/wd/hub/session/29d1cdec-31da-4c4d-b5ca-75e2e7679a27/elements[39m
[38;5;0m[HTTP][0m {"using":"xpath","value":"//*[@type = 'XCUIElementTypeOther' and @label = 'SIGN IN' and @name = 'SIGN IN']"}
[38;5;0m[HTTP][0m <-- POST /wd/hub/session/29d1cdec-31da-4c4d-b5ca-75e2e7679a27/elements 200 295 ms - 12
[38;5;0m[HTTP][0m 
[38;5;0m[HTTP][0m [37m-->[39m [37mPOST[39m [37m/wd/hub/session/29d1cdec-31da-4c4d-b5ca-75e2e7679a27/elements[39m
[38;5;0m[HTTP][0m {"using":"xpath","value":"//*[@type = 'XCUIElementTypeOther' and @label = 'SIGN IN' and @name = 'SIGN IN']"}
[38;5;0m[HTTP][0m <-- POST /wd/hub/session/29d1cdec-31da-4c4d-b5ca-75e2e7679a27/elements 200 254 ms - 12
[38;5;0m[HTTP][0m 
[38;5;0m[HTTP][0m [37m-->[39m [37mPOST[39m [37m/wd/hub/session/29d1cdec-31da-4c4d-b5ca-75e2e7679a27/elements[39m
[38;5;0m[HTTP][0m {"using":"xpath","value":"//*[@type = 'XCUIElementTypeOther' and @label = 'SIGN IN' and @name = 'SIGN IN']"}
[38;5;0m[HTTP][0m <-- POST /wd/hub/session/29d1cdec-31da-4c4d-b5ca-75e2e7679a27/elements 200 266 ms - 12
[38;5;0m[HTTP][0m 
[38;5;0m[HTTP][0m [37m-->[39m [37mPOST[39m [37m/wd/hub/session/29d1cdec-31da-4c4d-b5ca-75e2e7679a27/elements[39m
[38;5;0m[HTTP][0m {"using":"xpath","value":"//*[@type = 'XCUIElementTypeOther' and @label = 'SIGN IN' and @name = 'SIGN IN']"}
[38;5;0m[HTTP][0m <-- POST /wd/hub/session/29d1cdec-31da-4c4d-b5ca-75e2e7679a27/elements 200 261 ms - 12
[38;5;0m[HTTP][0m 
[38;5;0m[HTTP][0m [37m-->[39m [37mPOST[39m [37m/wd/hub/session/29d1cdec-31da-4c4d-b5ca-75e2e7679a27/elements[39m
[38;5;0m[HTTP][0m {"using":"xpath","value":"//*[@type = 'XCUIElementTypeOther' and @label = 'SIGN IN' and @name = 'SIGN IN']"}
[38;5;0m[HTTP][0m <-- POST /wd/hub/session/29d1cdec-31da-4c4d-b5ca-75e2e7679a27/elements 200 255 ms - 12
[38;5;0m[HTTP][0m 
[38;5;0m[HTTP][0m [37m-->[39m [37mPOST[39m [37m/wd/hub/session/29d1cdec-31da-4c4d-b5ca-75e2e7679a27/elements[39m
[38;5;0m[HTTP][0m {"using":"xpath","value":"//*[@type = 'XCUIElementTypeOther' and @label = 'SIGN IN' and @name = 'SIGN IN']"}
[38;5;0m[HTTP][0m <-- POST /wd/hub/session/29d1cdec-31da-4c4d-b5ca-75e2e7679a27/elements 200 254 ms - 12
[38;5;0m[HTTP][0m 
[38;5;0m[HTTP][0m [37m-->[39m [37mPOST[39m [37m/wd/hub/session/29d1cdec-31da-4c4d-b5ca-75e2e7679a27/elements[39m
[38;5;0m[HTTP][0m {"using":"xpath","value":"//*[@type = 'XCUIElementTypeOther' and @label = 'SIGN IN' and @name = 'SIGN IN']"}
[38;5;0m[HTTP][0m <-- POST /wd/hub/session/29d1cdec-31da-4c4d-b5ca-75e2e7679a27/elements 200 268 ms - 12
[38;5;0m[HTTP][0m 
[38;5;0m[HTTP][0m [37m-->[39m [37mPOST[39m [37m/wd/hub/session/29d1cdec-31da-4c4d-b5ca-75e2e7679a27/elements[39m
[38;5;0m[HTTP][0m {"using":"xpath","value":"//*[@type = 'XCUIElementTypeOther' and @label = 'SIGN IN' and @name = 'SIGN IN']"}
[38;5;0m[HTTP][0m <-- POST /wd/hub/session/29d1cdec-31da-4c4d-b5ca-75e2e7679a27/elements 200 269 ms - 12
[38;5;0m[HTTP][0m 
[38;5;0m[HTTP][0m [37m-->[39m [37mPOST[39m [37m/wd/hub/session/29d1cdec-31da-4c4d-b5ca-75e2e7679a27/elements[39m
[38;5;0m[HTTP][0m {"using":"xpath","value":"//*[@type = 'XCUIElementTypeOther' and @label = 'SIGN IN' and @name = 'SIGN IN']"}
[38;5;0m[HTTP][0m <-- POST /wd/hub/session/29d1cdec-31da-4c4d-b5ca-75e2e7679a27/elements 200 252 ms - 12
[38;5;0m[HTTP][0m 
[38;5;0m[HTTP][0m [37m-->[39m [37mPOST[39m [37m/wd/hub/session/29d1cdec-31da-4c4d-b5ca-75e2e7679a27/elements[39m
[38;5;0m[HTTP][0m {"using":"xpath","value":"//*[@type = 'XCUIElementTypeOther' and @label = 'SIGN IN' and @name = 'SIGN IN']"}
[38;5;0m[HTTP][0m <-- POST /wd/hub/session/29d1cdec-31da-4c4d-b5ca-75e2e7679a27/elements 200 371 ms - 12
[38;5;0m[HTTP][0m 
[38;5;0m[HTTP][0m [37m-->[39m [37mPOST[39m [37m/wd/hub/session/29d1cdec-31da-4c4d-b5ca-75e2e7679a27/elements[39m
[38;5;0m[HTTP][0m {"using":"xpath","value":"//*[@type = 'XCUIElementTypeOther' and @label = 'SIGN IN' and @name = 'SIGN IN']"}
[38;5;0m[HTTP][0m <-- POST /wd/hub/session/29d1cdec-31da-4c4d-b5ca-75e2e7679a27/elements 200 234 ms - 12
[38;5;0m[HTTP][0m 
[38;5;0m[HTTP][0m [37m-->[39m [37mPOST[39m [37m/wd/hub/session/29d1cdec-31da-4c4d-b5ca-75e2e7679a27/elements[39m
[38;5;0m[HTTP][0m {"using":"xpath","value":"//*[@type = 'XCUIElementTypeOther' and @label = 'SIGN IN' and @name = 'SIGN IN']"}
[38;5;0m[HTTP][0m <-- POST /wd/hub/session/29d1cdec-31da-4c4d-b5ca-75e2e7679a27/elements 200 255 ms - 12
[38;5;0m[HTTP][0m 
[38;5;0m[HTTP][0m [37m-->[39m [37mPOST[39m [37m/wd/hub/session/29d1cdec-31da-4c4d-b5ca-75e2e7679a27/elements[39m
[38;5;0m[HTTP][0m {"using":"xpath","value":"//*[@type = 'XCUIElementTypeOther' and @label = 'SIGN IN' and @name = 'SIGN IN']"}
[38;5;0m[HTTP][0m <-- POST /wd/hub/session/29d1cdec-31da-4c4d-b5ca-75e2e7679a27/elements 200 252 ms - 12
[38;5;0m[HTTP][0m 
[38;5;0m[HTTP][0m [37m-->[39m [37mPOST[39m [37m/wd/hub/session/29d1cdec-31da-4c4d-b5ca-75e2e7679a27/elements[39m
[38;5;0m[HTTP][0m {"using":"xpath","value":"//*[@type = 'XCUIElementTypeOther' and @label = 'SIGN IN' and @name = 'SIGN IN']"}
[38;5;0m[HTTP][0m <-- POST /wd/hub/session/29d1cdec-31da-4c4d-b5ca-75e2e7679a27/elements 200 260 ms - 12
[38;5;0m[HTTP][0m 
[38;5;0m[HTTP][0m [37m-->[39m [37mPOST[39m [37m/wd/hub/session/29d1cdec-31da-4c4d-b5ca-75e2e7679a27/elements[39m
[38;5;0m[HTTP][0m {"using":"xpath","value":"//*[@type = 'XCUIElementTypeOther' and @label = 'SIGN IN' and @name = 'SIGN IN']"}
[38;5;0m[HTTP][0m <-- POST /wd/hub/session/29d1cdec-31da-4c4d-b5ca-75e2e7679a27/elements 200 375 ms - 12
[38;5;0m[HTTP][0m 
[38;5;0m[HTTP][0m [37m-->[39m [37mPOST[39m [37m/wd/hub/session/29d1cdec-31da-4c4d-b5ca-75e2e7679a27/elements[39m
[38;5;0m[HTTP][0m {"using":"xpath","value":"//*[@type = 'XCUIElementTypeOther' and @label = 'SIGN IN' and @name = 'SIGN IN']"}
[38;5;0m[HTTP][0m <-- POST /wd/hub/session/29d1cdec-31da-4c4d-b5ca-75e2e7679a27/elements 200 254 ms - 12
[38;5;0m[HTTP][0m 
[38;5;0m[HTTP][0m [37m-->[39m [37mPOST[39m [37m/wd/hub/session/29d1cdec-31da-4c4d-b5ca-75e2e7679a27/elements[39m
[38;5;0m[HTTP][0m {"using":"xpath","value":"//*[@type = 'XCUIElementTypeOther' and @label = 'SIGN IN' and @name = 'SIGN IN']"}
[38;5;0m[HTTP][0m <-- POST /wd/hub/session/29d1cdec-31da-4c4d-b5ca-75e2e7679a27/elements 200 257 ms - 12
[38;5;0m[HTTP][0m 
[38;5;0m[HTTP][0m [37m-->[39m [37mPOST[39m [37m/wd/hub/session/29d1cdec-31da-4c4d-b5ca-75e2e7679a27/elements[39m
[38;5;0m[HTTP][0m {"using":"xpath","value":"//*[@type = 'XCUIElementTypeOther' and @label = 'SIGN IN' and @name = 'SIGN IN']"}
[38;5;0m[HTTP][0m <-- POST /wd/hub/session/29d1cdec-31da-4c4d-b5ca-75e2e7679a27/elements 200 368 ms - 12
[38;5;0m[HTTP][0m 
[38;5;0m[HTTP][0m [37m-->[39m [37mPOST[39m [37m/wd/hub/session/29d1cdec-31da-4c4d-b5ca-75e2e7679a27/elements[39m
[38;5;0m[HTTP][0m {"using":"xpath","value":"//*[@type = 'XCUIElementTypeOther' and @label = 'SIGN IN' and @name = 'SIGN IN']"}
[38;5;0m[HTTP][0m <-- POST /wd/hub/session/29d1cdec-31da-4c4d-b5ca-75e2e7679a27/elements 200 258 ms - 12
[38;5;0m[HTTP][0m 
[38;5;0m[HTTP][0m [37m-->[39m [37mPOST[39m [37m/wd/hub/session/29d1cdec-31da-4c4d-b5ca-75e2e7679a27/elements[39m
[38;5;0m[HTTP][0m {"using":"xpath","value":"//*[@type = 'XCUIElementTypeOther' and @label = 'SIGN IN' and @name = 'SIGN IN']"}
[38;5;0m[HTTP][0m <-- POST /wd/hub/session/29d1cdec-31da-4c4d-b5ca-75e2e7679a27/elements 200 262 ms - 12
[38;5;0m[HTTP][0m 
[38;5;0m[HTTP][0m [37m-->[39m [37mPOST[39m [37m/wd/hub/session/29d1cdec-31da-4c4d-b5ca-75e2e7679a27/elements[39m
[38;5;0m[HTTP][0m {"using":"xpath","value":"//*[@type = 'XCUIElementTypeOther' and @label = 'SIGN IN' and @name = 'SIGN IN']"}
[38;5;0m[HTTP][0m <-- POST /wd/hub/session/29d1cdec-31da-4c4d-b5ca-75e2e7679a27/elements 200 263 ms - 12
[38;5;0m[HTTP][0m 
[38;5;0m[HTTP][0m [37m-->[39m [37mPOST[39m [37m/wd/hub/session/29d1cdec-31da-4c4d-b5ca-75e2e7679a27/elements[39m
[38;5;0m[HTTP][0m {"using":"xpath","value":"//*[@type = 'XCUIElementTypeOther' and @label = 'SIGN IN' and @name = 'SIGN IN']"}
[38;5;0m[HTTP][0m <-- POST /wd/hub/session/29d1cdec-31da-4c4d-b5ca-75e2e7679a27/elements 200 478 ms - 139
[38;5;0m[HTTP][0m 
[38;5;0m[HTTP][0m [37m-->[39m [37mGET[39m [37m/wd/hub/session/29d1cdec-31da-4c4d-b5ca-75e2e7679a27/element/8E000000-0000-0000-8319-000000000000/location[39m
[38;5;0m[HTTP][0m {}
[38;5;0m[HTTP][0m <-- GET /wd/hub/session/29d1cdec-31da-4c4d-b5ca-75e2e7679a27/element/8E000000-0000-0000-8319-000000000000/location 200 75 ms - 26
[38;5;0m[HTTP][0m 
[38;5;0m[HTTP][0m [37m-->[39m [37mPOST[39m [37m/wd/hub/session/29d1cdec-31da-4c4d-b5ca-75e2e7679a27/timeouts[39m
[38;5;0m[HTTP][0m {"implicit":30000}
[38;5;0m[HTTP][0m <-- POST /wd/hub/session/29d1cdec-31da-4c4d-b5ca-75e2e7679a27/timeouts 200 0 ms - 14
[38;5;0m[HTTP][0m 
[38;5;0m[HTTP][0m [37m-->[39m [37mPOST[39m [37m/wd/hub/session/29d1cdec-31da-4c4d-b5ca-75e2e7679a27/element/8E000000-0000-0000-8319-000000000000/click[39m
[38;5;0m[HTTP][0m {"id":"8E000000-0000-0000-8319-000000000000"}
[38;5;32m[XCUITestDriver@9c4d (29d1cdec)][0m Driver proxy active, passing request on via HTTP proxy
[38;5;32m[XCUITestDriver@9c4d (29d1cdec)][0m Replacing sessionId 388DD640-5674-44FB-A8A2-8CD10834231E with 29d1cdec-31da-4c4d-b5ca-75e2e7679a27
[38;5;0m[HTTP][0m <-- POST /wd/hub/session/29d1cdec-31da-4c4d-b5ca-75e2e7679a27/element/8E000000-0000-0000-8319-000000000000/click 200 1176 ms - 65
[38;5;0m[HTTP][0m 
[38;5;0m[HTTP][0m [37m-->[39m [37mPOST[39m [37m/wd/hub/session/29d1cdec-31da-4c4d-b5ca-75e2e7679a27/timeouts[39m
[38;5;0m[HTTP][0m {"implicit":50}
[38;5;0m[HTTP][0m <-- POST /wd/hub/session/29d1cdec-31da-4c4d-b5ca-75e2e7679a27/timeouts 200 0 ms - 14
[38;5;0m[HTTP][0m 
[38;5;0m[HTTP][0m [37m-->[39m [37mGET[39m [37m/wd/hub/session/29d1cdec-31da-4c4d-b5ca-75e2e7679a27/window/rect[39m
[38;5;0m[HTTP][0m {}
[38;5;0m[HTTP][0m <-- GET /wd/hub/session/29d1cdec-31da-4c4d-b5ca-75e2e7679a27/window/rect 200 85 ms - 48
[38;5;0m[HTTP][0m 
[38;5;0m[HTTP][0m [37m-->[39m [37mPOST[39m [37m/wd/hub/session/29d1cdec-31da-4c4d-b5ca-75e2e7679a27/elements[39m
[38;5;0m[HTTP][0m {"using":"xpath","value":"//XCUIElementTypeApplication/XCUIElementTypeWindow[1]/XCUIElementTypeOther[2]/XCUIElementTypeAlert[1]/XCUIElementTypeOther[1]/XCUIElementTypeOther[1]/XCUIElementTypeOther[2]/XCUIElementTypeScrollView[1]/XCUIElementTypeOther[1]/XCUIElementTypeStaticText[1]"}
[38;5;0m[HTTP][0m <-- POST /wd/hub/session/29d1cdec-31da-4c4d-b5ca-75e2e7679a27/elements 200 281 ms - 139
[38;5;0m[HTTP][0m 
[38;5;0m[HTTP][0m [37m-->[39m [37mGET[39m [37m/wd/hub/session/29d1cdec-31da-4c4d-b5ca-75e2e7679a27/element/D6000000-0000-0000-8319-000000000000/location[39m
[38;5;0m[HTTP][0m {}
[38;5;0m[HTTP][0m <-- GET /wd/hub/session/29d1cdec-31da-4c4d-b5ca-75e2e7679a27/element/D6000000-0000-0000-8319-000000000000/location 200 62 ms - 26
[38;5;0m[HTTP][0m 
[38;5;0m[HTTP][0m [37m-->[39m [37mPOST[39m [37m/wd/hub/session/29d1cdec-31da-4c4d-b5ca-75e2e7679a27/timeouts[39m
[38;5;0m[HTTP][0m {"implicit":30000}
[38;5;0m[HTTP][0m <-- POST /wd/hub/session/29d1cdec-31da-4c4d-b5ca-75e2e7679a27/timeouts 200 0 ms - 14
[38;5;0m[HTTP][0m 
[38;5;0m[HTTP][0m [37m-->[39m [37mGET[39m [37m/wd/hub/session/29d1cdec-31da-4c4d-b5ca-75e2e7679a27/element/D6000000-0000-0000-8319-000000000000/text[39m
[38;5;0m[HTTP][0m {}
[38;5;32m[XCUITestDriver@9c4d (29d1cdec)][0m Driver proxy active, passing request on via HTTP proxy
[38;5;32m[XCUITestDriver@9c4d (29d1cdec)][0m Replacing sessionId 388DD640-5674-44FB-A8A2-8CD10834231E with 29d1cdec-31da-4c4d-b5ca-75e2e7679a27
[38;5;0m[HTTP][0m <-- GET /wd/hub/session/29d1cdec-31da-4c4d-b5ca-75e2e7679a27/element/D6000000-0000-0000-8319-000000000000/text 200 66 ms - 195
[38;5;0m[HTTP][0m 
[38;5;0m[HTTP][0m [37m-->[39m [37mGET[39m [37m/wd/hub/session/29d1cdec-31da-4c4d-b5ca-75e2e7679a27/context[39m
[38;5;0m[HTTP][0m {}
[38;5;0m[HTTP][0m <-- GET /wd/hub/session/29d1cdec-31da-4c4d-b5ca-75e2e7679a27/context 200 0 ms - 22
[38;5;0m[HTTP][0m 
[38;5;0m[HTTP][0m [37m-->[39m [37mGET[39m [37m/wd/hub/session/29d1cdec-31da-4c4d-b5ca-75e2e7679a27/contexts[39m
[38;5;0m[HTTP][0m {}
[38;5;160m[RemoteDebugger][0m Remote Debugger version 10.2.0
[38;5;160m[RemoteDebugger][0m Setting communication protocol: using Target-based communication
[38;5;0m[HTTP][0m <-- GET /wd/hub/session/29d1cdec-31da-4c4d-b5ca-75e2e7679a27/contexts 200 115 ms - 24
[38;5;0m[HTTP][0m 
[38;5;0m[HTTP][0m [37m-->[39m [37mPOST[39m [37m/wd/hub/session/29d1cdec-31da-4c4d-b5ca-75e2e7679a27/context[39m
[38;5;0m[HTTP][0m {"name":"NATIVE_APP"}
[38;5;0m[HTTP][0m <-- POST /wd/hub/session/29d1cdec-31da-4c4d-b5ca-75e2e7679a27/context 200 1 ms - 14
[38;5;0m[HTTP][0m 
[38;5;0m[HTTP][0m [37m-->[39m [37mGET[39m [37m/wd/hub/session/29d1cdec-31da-4c4d-b5ca-75e2e7679a27/screenshot[39m
[38;5;0m[HTTP][0m {}
[38;5;0m[HTTP][0m <-- GET /wd/hub/session/29d1cdec-31da-4c4d-b5ca-75e2e7679a27/screenshot 200 334 ms - 1172596
[38;5;0m[HTTP][0m 
[38;5;0m[HTTP][0m [37m-->[39m [37mPOST[39m [37m/wd/hub/session/29d1cdec-31da-4c4d-b5ca-75e2e7679a27/context[39m
[38;5;0m[HTTP][0m {"name":"NATIVE_APP"}
[38;5;0m[HTTP][0m <-- POST /wd/hub/session/29d1cdec-31da-4c4d-b5ca-75e2e7679a27/context 200 0 ms - 14
[38;5;0m[HTTP][0m 
[38;5;0m[HTTP][0m [37m-->[39m [37mGET[39m [37m/wd/hub/session/29d1cdec-31da-4c4d-b5ca-75e2e7679a27/context[39m
[38;5;0m[HTTP][0m {}
[38;5;0m[HTTP][0m <-- GET /wd/hub/session/29d1cdec-31da-4c4d-b5ca-75e2e7679a27/context 200 0 ms - 22
[38;5;0m[HTTP][0m 
[38;5;0m[HTTP][0m [37m-->[39m [37mGET[39m [37m/wd/hub/session/29d1cdec-31da-4c4d-b5ca-75e2e7679a27/contexts[39m
[38;5;0m[HTTP][0m {}
[38;5;0m[HTTP][0m <-- GET /wd/hub/session/29d1cdec-31da-4c4d-b5ca-75e2e7679a27/contexts - - ms - -
[38;5;0m[HTTP][0m 
