[35m[Appium][39m Welcome to Appium v1.22.0
[35m[Appium][39m Non-default server args:
[35m[Appium][39m   port: 62210
[35m[Appium][39m   loglevel: info
[35m[Appium][39m   tmpDir: C:\Users\Amarir\AppData\Local\Temp\\Katalon\Appium\Temp1692446446847
[35m[Appium][39m   chromedriverPort: 62227
[35m[Appium][39m Deprecated server args:
[35m[Appium][39m   [31m--chromedriver-port[39m => --default-capabilities
[35m[Appium][39m Default capabilities, which will be added to each request unless overridden by desired capabilities:
[35m[Appium][39m   chromedriverPort: 62227
[35m[Appium][39m Appium REST http interface listener started on 0.0.0.0:62210
[35m[HTTP][39m [37m-->[39m [37mGET[39m [37m/wd/hub/status[39m
[35m[HTTP][39m [90m{}[39m
[35m[HTTP][39m [37m<-- GET /wd/hub/status [39m[32m200[39m [90m15 ms - 68[39m
[35m[HTTP][39m [90m[39m
[35m[HTTP][39m [37m-->[39m [37mPOST[39m [37m/wd/hub/session[39m
[35m[HTTP][39m [90m{"desiredCapabilities":{"app":"C:\\Users\\Amarir\\Downloads\\APK\\IS\\IS_Prod_2.1.apk","noReset":true,"deviceName":"samsung SM-N975F (Android 12)","fullReset":false,"platform":"ANDROID","newCommandTimeout":1800,"platformVersion":"12","automationName":"uiautomator2","autoGrantPermissions":true,"platformName":"Android","udid":"RF8N307NKZV","systemPort":62206},"capabilities":{"firstMatch":[{"appium:app":"C:\\Users\\Amarir\\Downloads\\APK\\IS\\IS_Prod_2.1.apk","appium:autoGrantPermissions":true,"appium:automationName":"uiautomator2","appium:deviceName":"samsung SM-N975F (Android 12)","appium:fullReset":false,"appium:newCommandTimeout":1800,"appium:noReset":true,"platform":"ANDROID","platformName":"android","appium:platformVersion":"12","appium:systemPort":62206,"appium:udid":"RF8N307NKZV"}]}}[39m
[35m[BaseDriver][39m The following capabilities are not standard capabilities and should have an extension prefix:
[35m[BaseDriver][39m   platform
[35m[BaseDriver][39m   chromedriverPort
[35m[Appium][39m Appium v1.22.0 creating new AndroidUiautomator2Driver (v1.69.0) session
[35m[BaseDriver][39m The following capabilities were provided, but are not recognized by Appium:
[35m[BaseDriver][39m   platform
[35m[BaseDriver][39m Session created with session id: f7b106ae-3a9e-47e5-a149-a379be9316a5
[35m[BaseDriver][39m Using local app 'C:\Users\Amarir\Downloads\APK\IS\IS_Prod_2.1.apk'
[35m[ADB][39m Found 1 'build-tools' folders under 'C:\Users\Amarir\.katalon\tools\android_sdk' (newest first):
[35m[ADB][39m     C:/Users/Amarir/.katalon/tools/android_sdk/build-tools/29.0.3
[35m[ADB][39m Using 'adb.exe' from 'C:\Users\Amarir\.katalon\tools\android_sdk\platform-tools\adb.exe'
[35m[AndroidDriver][39m Retrieving device list
[35m[AndroidDriver][39m Using device: RF8N307NKZV
[35m[ADB][39m Using 'adb.exe' from 'C:\Users\Amarir\.katalon\tools\android_sdk\platform-tools\adb.exe'
[35m[ADB][39m Getting device platform version
[35m[UiAutomator2][39m Relaxing hidden api policy
[35m[ADB][39m Package name: 'com.ekareinc.insight.standard'
[35m[ADB][39m Main activity name: 'com.ekareinc.insight.standard.MainActivity'
[35m[ADB][39m Using 'apksigner.jar' from 'C:\Users\Amarir\.katalon\tools\android_sdk\build-tools\29.0.3\lib\apksigner.jar'
[35m[ADB][39m 'C:\Users\Amarir\AppData\Roaming\npm\node_modules\appium\node_modules\appium-uiautomator2-server\apks\appium-uiautomator2-server-v4.24.0.apk' is signed with the default certificate
[35m[ADB][39m 'C:\Users\Amarir\AppData\Roaming\npm\node_modules\appium\node_modules\appium-uiautomator2-server\apks\appium-uiautomator2-server-debug-androidTest.apk' is signed with the default certificate
[35m[UiAutomator2][39m Server packages are not going to be (re)installed
[35m[ADB][39m Adding packages ["io.appium.settings","io.appium.uiautomator2.server","io.appium.uiautomator2.server.test"] to Doze whitelist
[35m[ADB][39m 'C:\Users\Amarir\Downloads\APK\IS\IS_Prod_2.1.apk' is signed with a non-default certificate
[35m[ADB][39m The application at 'C:\Users\Amarir\Downloads\APK\IS\IS_Prod_2.1.apk' will not be cached, because the device under test has confirmed the support of streamed installs
[35m[ADB][39m The installation of 'IS_Prod_2.1.apk' took 44106ms
[35m[UiAutomator2][39m Starting UIAutomator2 server 4.24.0
[35m[UiAutomator2][39m Using UIAutomator2 server from 'C:\Users\Amarir\AppData\Roaming\npm\node_modules\appium\node_modules\appium-uiautomator2-server\apks\appium-uiautomator2-server-v4.24.0.apk' and test from 'C:\Users\Amarir\AppData\Roaming\npm\node_modules\appium\node_modules\appium-uiautomator2-server\apks\appium-uiautomator2-server-debug-androidTest.apk'
[35m[UiAutomator2][39m Waiting up to 30000ms for UiAutomator2 to be online...
[35m[WD Proxy][39m Determined the downstream protocol as 'W3C'
[35m[AndroidDriver][39m Screen already unlocked, doing nothing
[35m[UiAutomator2][39m Starting 'com.ekareinc.insight.standard/com.ekareinc.insight.standard.MainActivity and waiting for 'com.ekareinc.insight.standard/com.ekareinc.insight.standard.MainActivity'
[35m[UiAutomator2][39m Did not get confirmation UiAutomator2 deleteSession worked; Error was: UnknownError: An unknown server-side error occurred while processing the command. Original error: 'DELETE /' cannot be proxied to UiAutomator2 server because the instrumentation process is not running (probably crashed). Check the server log and/or the logcat output for more details
[35m[UiAutomator2][39m Restoring hidden api policy to the device default configuration
[35m[HTTP][39m [37m<-- POST /wd/hub/session [39m[31m500[39m [90m105235 ms - 1515[39m
[35m[HTTP][39m [90m[39m
[35m[HTTP][39m [37m-->[39m [37mGET[39m [37m/wd/hub/status[39m
[35m[HTTP][39m [90m{}[39m
[35m[HTTP][39m [37m<-- GET /wd/hub/status [39m[32m200[39m [90m4 ms - 68[39m
[35m[HTTP][39m [90m[39m
[35m[HTTP][39m [37m-->[39m [37mPOST[39m [37m/wd/hub/session[39m
[35m[HTTP][39m [90m{"desiredCapabilities":{"app":"C:\\Users\\Amarir\\Downloads\\APK\\IS\\IS_Prod_2.1.apk","noReset":true,"deviceName":"samsung SM-N975F (Android 12)","fullReset":false,"platform":"ANDROID","newCommandTimeout":1800,"platformVersion":"12","automationName":"uiautomator2","autoGrantPermissions":true,"platformName":"Android","udid":"RF8N307NKZV","systemPort":63905},"capabilities":{"firstMatch":[{"appium:app":"C:\\Users\\Amarir\\Downloads\\APK\\IS\\IS_Prod_2.1.apk","appium:autoGrantPermissions":true,"appium:automationName":"uiautomator2","appium:deviceName":"samsung SM-N975F (Android 12)","appium:fullReset":false,"appium:newCommandTimeout":1800,"appium:noReset":true,"platform":"ANDROID","platformName":"android","appium:platformVersion":"12","appium:systemPort":63905,"appium:udid":"RF8N307NKZV"}]}}[39m
[35m[BaseDriver][39m The following capabilities are not standard capabilities and should have an extension prefix:
[35m[BaseDriver][39m   platform
[35m[BaseDriver][39m   chromedriverPort
[35m[Appium][39m Appium v1.22.0 creating new AndroidUiautomator2Driver (v1.69.0) session
[35m[BaseDriver][39m The following capabilities were provided, but are not recognized by Appium:
[35m[BaseDriver][39m   platform
[35m[BaseDriver][39m Session created with session id: f87bafa3-6e29-4afc-8707-a0d4976f726e
[35m[BaseDriver][39m Using local app 'C:\Users\Amarir\Downloads\APK\IS\IS_Prod_2.1.apk'
[35m[ADB][39m Using 'adb.exe' from 'C:\Users\Amarir\.katalon\tools\android_sdk\platform-tools\adb.exe'
[35m[AndroidDriver][39m Retrieving device list
[35m[AndroidDriver][39m Using device: RF8N307NKZV
[35m[ADB][39m Using 'adb.exe' from 'C:\Users\Amarir\.katalon\tools\android_sdk\platform-tools\adb.exe'
[35m[ADB][39m Getting device platform version
[35m[UiAutomator2][39m Relaxing hidden api policy
[35m[ADB][39m Package name: 'com.ekareinc.insight.standard'
[35m[ADB][39m Main activity name: 'com.ekareinc.insight.standard.MainActivity'
[35m[UiAutomator2][39m Server packages are not going to be (re)installed
[35m[ADB][39m Adding packages ["io.appium.settings","io.appium.uiautomator2.server","io.appium.uiautomator2.server.test"] to Doze whitelist
[35m[ADB][39m The application at 'C:\Users\Amarir\Downloads\APK\IS\IS_Prod_2.1.apk' will not be cached, because the device under test has confirmed the support of streamed installs
[35m[HTTP][39m [37m<-- POST /wd/hub/session [39m[32m-[39m [90m- ms - -[39m
[35m[HTTP][39m [90m[39m
[35m[ADB][39m The installation of 'IS_Prod_2.1.apk' took 61283ms
[35m[UiAutomator2][39m Starting UIAutomator2 server 4.24.0
[35m[UiAutomator2][39m Using UIAutomator2 server from 'C:\Users\Amarir\AppData\Roaming\npm\node_modules\appium\node_modules\appium-uiautomator2-server\apks\appium-uiautomator2-server-v4.24.0.apk' and test from 'C:\Users\Amarir\AppData\Roaming\npm\node_modules\appium\node_modules\appium-uiautomator2-server\apks\appium-uiautomator2-server-debug-androidTest.apk'
[35m[UiAutomator2][39m Waiting up to 30000ms for UiAutomator2 to be online...
[35m[WD Proxy][39m Determined the downstream protocol as 'W3C'
[35m[AndroidDriver][39m Screen already unlocked, doing nothing
[35m[UiAutomator2][39m Starting 'com.ekareinc.insight.standard/com.ekareinc.insight.standard.MainActivity and waiting for 'com.ekareinc.insight.standard/com.ekareinc.insight.standard.MainActivity'
[35m[WD Proxy][39m Got response with status 404: {"sessionId":"9264a0c3-a144-4f83-b672-e221c3de24a3","value":{"error":"invalid session id","message":"The session identified by 9264a0c3-a144-4f83-b672-e221c3de24a3 is not known","stacktrace":"io.appium.uiautomator2.common.exceptions.NoSuchDriverException: The session identified by 9264a0c3-a144-4f83-b672-e221c3de24a3 is not known\n\tat io.appium.uiautomator2.handler.request.SafeRequestHandler.handle(SafeRequestHandler.java:54)\n\tat io.appium.uiautomator2.server.AppiumServlet.handleRequest(AppiumServlet.java:264)\n\tat io.appium.uiautomator2.server.AppiumServlet.handleHttpRequest(AppiumServlet.java:258)\n\tat io.appium.uiautomator2.http.ServerHandler.channelRead(ServerHandler.java:68)\n\tat io.netty.channel.AbstractChannelHandlerContext.invokeChannelRead(AbstractChannelHandlerContext.java:366)\n\tat io.netty.channel.AbstractChannelHandlerContext.invokeChannelRead(AbstractChannelHandlerContext.java:352)\n\tat io.netty.channel.AbstractChannelHandlerContext.fireChannelRead(AbstractChannelHandlerContext.java:3...
[35m[UiAutomator2][39m Did not get confirmation UiAutomator2 deleteSession worked; Error was: NoSuchDriverError: The session identified by 9264a0c3-a144-4f83-b672-e221c3de24a3 is not known
[35m[UiAutomator2][39m Restoring hidden api policy to the device default configuration
