[38;5;160m[Xcode][0m 2024-05-08 08:58:25.438126+0100 WebDriverAgentRunner-Runner[9601:3981740] Failed to start web server on port 58783 with error Error Domain=com.facebook.WebDriverAgent Code=1 "Unable to start web server on port 58783" UserInfo={NSLocalizedDescription=Unable to start web server on port 58783, NSUnderlyingError=0x300af7510 {Error Domain=NSPOSIXErrorDomain Code=48 "Address already in use" UserInfo={NSLocalizedDescription=Address already in use, NSLocalizedFailureReason=Error in bind() function}}}
[38;5;160m[Xcode][0m 2024-05-08 08:58:25.438165+0100 WebDriverAgentRunner-Runner[9601:3981740] Last attempt to start web server failed with error Error Domain=com.facebook.WebDriverAgent Code=1 "Unable to start web server on port 58783" UserInfo={NSLocalizedDescription=Unable to start web server on port 58783, NSUnderlyingError=0x300af7510 {Error Domain=NSPOSIXErrorDomain Code=48 "Address already in use" UserInfo={NSLocalizedDescription=Address already in use, NSLocalizedFailureReason=Error in bind() function}}}
[38;5;160m[Xcode][0m 
[38;5;160m[Xcode][0m 2024-05-08 08:58:46.948533+0100 WebDriverAgentRunner-Runner[9602:3982150] [Default] Running tests...
[38;5;160m[Xcode][0m 
[38;5;160m[Xcode][0m 
[38;5;160m[Xcode][0m Restarting after unexpected exit, crash, or test timeout in -[UITestingUITests testRunner]; summary will include totals from previous launches.
[38;5;160m[Xcode][0m 
[38;5;160m[Xcode][0m 
[38;5;160m[Xcode][0m Test Suite 'Selected tests' started at 2024-05-08 08:58:47.364.
[38;5;160m[Xcode][0m 
[38;5;160m[Xcode][0m Test Suite 'WebDriverAgentRunner.xctest' started at 2024-05-08 08:58:47.366.
[38;5;160m[Xcode][0m Test Suite 'UITestingUITests' started at 2024-05-08 08:58:47.366.
[38;5;160m[Xcode][0m     t =      nans Suite Set Up
[38;5;160m[Xcode][0m 
[38;5;160m[Xcode][0m 2024-05-08 08:58:47.388803+0100 WebDriverAgentRunner-Runner[9602:3982150] [User Defaults] Couldn't write values for keys (
[38;5;160m[Xcode][0m     KeyboardAutocorrection
[38;5;160m[Xcode][0m ) in CFPrefsPlistSource<0x302236f40> (Domain: com.apple.keyboard.preferences, User: kCFPreferencesCurrentUser, ByHost: No, Container: (null), Contents Need Refresh: No): setting preferences outside an application's container requires user-preference-write or file-write-data sandbox access
[38;5;160m[Xcode][0m 2024-05-08 08:58:47.388838+0100 WebDriverAgentRunner-Runner[9602:3982150] [User Defaults] Not updating lastKnownShmemState in CFPrefsPlistSource<0x302236f40> (Domain: com.apple.keyboard.preferences, User: kCFPreferencesCurrentUser, ByHost: No, Container: (null), Contents Need Refresh: No): 353 -> 353
[38;5;160m[Xcode][0m 
[38;5;160m[Xcode][0m 2024-05-08 08:58:47.389161+0100 WebDriverAgentRunner-Runner[9602:3982150] [User Defaults] Couldn't write values for keys (
[38;5;160m[Xcode][0m     "KeyboardAutocorrection_changedAt"
[38;5;160m[Xcode][0m ) in CFPrefsPlistSource<0x302236f40> (Domain: com.apple.keyboard.preferences, User: kCFPreferencesCurrentUser, ByHost: No, Container: (null), Contents Need Refresh: No): setting preferences outside an application's container requires user-preference-write or file-write-data sandbox access
[38;5;160m[Xcode][0m 2024-05-08 08:58:47.389192+0100 WebDriverAgentRunner-Runner[9602:3982150] [User Defaults] Not updating lastKnownShmemState in CFPrefsPlistSource<0x302236f40> (Domain: com.apple.keyboard.preferences, User: kCFPreferencesCurrentUser, ByHost: No, Container: (null), Contents Need Refresh: No): 353 -> 353
[38;5;160m[Xcode][0m 2024-05-08 08:58:47.389453+0100 WebDriverAgentRunner-Runner[9602:3982150] [User Defaults] Couldn't write values for keys (
[38;5;160m[Xcode][0m     "KeyboardAutocorrection_buildAtChange"
[38;5;160m[Xcode][0m 
[38;5;160m[Xcode][0m ) in CFPrefsPlistSource<0x302236f40> (Domain: com.apple.keyboard.preferences, User: kCFPreferencesCurrentUser, ByHost: No, Container: (null), Contents Need Refresh: No): setting preferences outside an application's container requires user-preference-write or file-write-data sandbox access
[38;5;160m[Xcode][0m 2024-05-08 08:58:47.389622+0100 WebDriverAgentRunner-Runner[9602:3982150] [User Defaults] Not updating lastKnownShmemState in CFPrefsPlistSource<0x302236f40> (Domain: com.apple.keyboard.preferences, User: kCFPreferencesCurrentUser, ByHost: No, Container: (null), Contents Need Refresh: No): 353 -> 353
[38;5;160m[Xcode][0m 2024-05-08 08:58:47.389872+0100 WebDriverAgentRunner-Runner[9602:3982150] [User Defaults] Couldn't write values for keys (
[38;5;160m[Xcode][0m     "KeyboardAutocorrection_previousValue"
[38;5;160m[Xcode][0m ) in CFPrefsPlistSource<0x302236f40> (Domain: com.apple.keyboard.preferences, User: kCFPreferencesCurrentUser, ByHost: No, Container: (null), Contents Need Refresh: No): setting preferences outside an application's container requires user-preference-write or file-write-data sandbox access
[38;5;160m[Xcode][0m 
[38;5;160m[Xcode][0m 2024-05-08 08:58:47.389895+0100 WebDriverAgentRunner-Runner[9602:3982150] [User Defaults] Not updating lastKnownShmemState in CFPrefsPlistSource<0x302236f40> (Domain: com.apple.keyboard.preferences, User: kCFPreferencesCurrentUser, ByHost: No, Container: (null), Contents Need Refresh: No): 353 -> 353
[38;5;160m[Xcode][0m 2024-05-08 08:58:47.390138+0100 WebDriverAgentRunner-Runner[9602:3982150] [User Defaults] Couldn't write values for keys (
[38;5;160m[Xcode][0m     "KeyboardAutocorrection_analyzedAt"
[38;5;160m[Xcode][0m ) in CFPrefsPlistSource<0x302236f40> (Domain: com.apple.keyboard.preferences, User: kCFPreferencesCurrentUser, ByHost: No, Container: (null), Contents Need Refresh: No): setting preferences outside an application's container requires user-preference-write or file-write-data sandbox access
[38;5;160m[Xcode][0m 
[38;5;160m[Xcode][0m 2024-05-08 08:58:47.390311+0100 WebDriverAgentRunner-Runner[9602:3982150] [User Defaults] Not updating lastKnownShmemState in CFPrefsPlistSource<0x302236f40> (Domain: com.apple.keyboard.preferences, User: kCFPreferencesCurrentUser, ByHost: No, Container: (null), Contents Need Refresh: No): 353 -> 353
[38;5;160m[Xcode][0m 
[38;5;160m[Xcode][0m 2024-05-08 08:58:47.400548+0100 WebDriverAgentRunner-Runner[9602:3982150] [User Defaults] Couldn't write values for keys (
[38;5;160m[Xcode][0m     KeyboardPrediction
[38;5;160m[Xcode][0m ) in CFPrefsPlistSource<0x302236f40> (Domain: com.apple.keyboard.preferences, User: kCFPreferencesCurrentUser, ByHost: No, Container: (null), Contents Need Refresh: No): setting preferences outside an application's container requires user-preference-write or file-write-data sandbox access
[38;5;160m[Xcode][0m 2024-05-08 08:58:47.400569+0100 WebDriverAgentRunner-Runner[9602:3982150] [User Defaults] Not updating lastKnownShmemState in CFPrefsPlistSource<0x302236f40> (Domain: com.apple.keyboard.preferences, User: kCFPreferencesCurrentUser, ByHost: No, Container: (null), Contents Need Refresh: No): 353 -> 353
[38;5;160m[Xcode][0m 
[38;5;160m[Xcode][0m 2024-05-08 08:58:47.400841+0100 WebDriverAgentRunner-Runner[9602:3982150] [User Defaults] Couldn't write values for keys (
[38;5;160m[Xcode][0m     KeyboardShowPredictionBar
[38;5;160m[Xcode][0m ) in CFPrefsPlistSource<0x302236f40> (Domain: com.apple.keyboard.preferences, User: kCFPreferencesCurrentUser, ByHost: No, Container: (null), Contents Need Refresh: No): setting preferences outside an application's container requires user-preference-write or file-write-data sandbox access
[38;5;160m[Xcode][0m 2024-05-08 08:58:47.400863+0100 WebDriverAgentRunner-Runner[9602:3982150] [User Defaults] Not updating lastKnownShmemState in CFPrefsPlistSource<0x302236f40> (Domain: com.apple.keyboard.preferences, User: kCFPreferencesCurrentUser, ByHost: No, Container: (null), Contents Need Refresh: No): 353 -> 353
[38;5;160m[Xcode][0m 2024-05-08 08:58:47.401103+0100 WebDriverAgentRunner-Runner[9602:3982150] [User Defaults] Couldn't write values for keys (
[38;5;160m[Xcode][0m     DidShowGestureKeyboardIntroduction
[38;5;160m[Xcode][0m 
[38;5;160m[Xcode][0m ) in CFPrefsPlistSource<0x302236f40> (Domain: com.apple.keyboard.preferences, User: kCFPreferencesCurrentUser, ByHost: No, Container: (null), Contents Need Refresh: No): setting preferences outside an application's container requires user-preference-write or file-write-data sandbox access
[38;5;160m[Xcode][0m 2024-05-08 08:58:47.401122+0100 WebDriverAgentRunner-Runner[9602:3982150] [User Defaults] Not updating lastKnownShmemState in CFPrefsPlistSource<0x302236f40> (Domain: com.apple.keyboard.preferences, User: kCFPreferencesCurrentUser, ByHost: No, Container: (null), Contents Need Refresh: No): 353 -> 353
[38;5;160m[Xcode][0m 
[38;5;160m[Xcode][0m Test Suite 'UITestingUITests' failed at 2024-05-08 08:58:47.404.
[38;5;160m[Xcode][0m 	 Executed 1 test, with 1 failure (0 unexpected) in 0.000 (0.039) seconds
[38;5;160m[Xcode][0m 
[38;5;160m[Xcode][0m Test Suite 'WebDriverAgentRunner.xctest' failed at 2024-05-08 08:58:47.405.
[38;5;160m[Xcode][0m 	 Executed 1 test, with 1 failure (0 unexpected) in 0.000 (0.039) seconds
[38;5;160m[Xcode][0m Test Suite 'Selected tests' failed at 2024-05-08 08:58:47.405.
[38;5;160m[Xcode][0m 	 Executed 1 test, with 1 failure (0 unexpected) in 0.000 (0.040) seconds
[38;5;160m[Xcode][0m 
[38;5;160m[Xcode][0m 2024-05-08 08:58:54.484 xcodebuild[46822:10880447] [MT] IDETestOperationsObserverDebug: 30.692 elapsed -- Testing started completed.
[38;5;160m[Xcode][0m 
[38;5;160m[Xcode][0m 2024-05-08 08:58:54.484 xcodebuild[46822:10880447] [MT] IDETestOperationsObserverDebug: 0.000 sec, +0.000 sec -- start
[38;5;160m[Xcode][0m 2024-05-08 08:58:54.484 xcodebuild[46822:10880447] [MT] IDETestOperationsObserverDebug: 30.692 sec, +30.692 sec -- end
[38;5;160m[Xcode][0m 
[38;5;160m[Xcode][0m 
[38;5;160m[Xcode][0m Test session results, code coverage, and logs:
[38;5;160m[Xcode][0m 	/Users/safaamarir/Library/Developer/Xcode/DerivedData/WebDriverAgent-crwnbegrosjorcexwushcopiqllk/Logs/Test/Test-WebDriverAgentRunner-2024.05.08_08-58-06-+0100.xcresult
[38;5;160m[Xcode][0m 
[38;5;160m[Xcode][0m 
[38;5;160m[Xcode][0m Failing tests:
[38;5;160m[Xcode][0m 	-[UITestingUITests testRunner]
[38;5;160m[Xcode][0m 
[38;5;160m[Xcode][0m ** TEST EXECUTE FAILED **
[38;5;160m[Xcode][0m 
[38;5;160m[Xcode][0m 
[38;5;160m[Xcode][0m Testing started
[38;5;160m[Xcode][0m 
[38;5;160m[Xcode][0m xcodebuild exited with code '65' and signal 'null'
[38;5;160m[Xcode][0m 2024-05-08 08:59:06.618152+0100 WebDriverAgentRunner-Runner[9603:3982754] Failed to start web server on port 58783 with error Error Domain=com.facebook.WebDriverAgent Code=1 "Unable to start web server on port 58783" UserInfo={NSLocalizedDescription=Unable to start web server on port 58783, NSUnderlyingError=0x303227840 {Error Domain=NSPOSIXErrorDomain Code=48 "Address already in use" UserInfo={NSLocalizedDescription=Address already in use, NSLocalizedFailureReason=Error in bind() function}}}
[38;5;160m[Xcode][0m 
[38;5;160m[Xcode][0m 2024-05-08 08:59:06.618189+0100 WebDriverAgentRunner-Runner[9603:3982754] Last attempt to start web server failed with error Error Domain=com.facebook.WebDriverAgent Code=1 "Unable to start web server on port 58783" UserInfo={NSLocalizedDescription=Unable to start web server on port 58783, NSUnderlyingError=0x303227840 {Error Domain=NSPOSIXErrorDomain Code=48 "Address already in use" UserInfo={NSLocalizedDescription=Address already in use, NSLocalizedFailureReason=Error in bind() function}}}
[38;5;160m[Xcode][0m 
[38;5;160m[Xcode][0m 2024-05-08 08:59:26.948730+0100 WebDriverAgentRunner-Runner[9604:3983148] [Default] Running tests...
[38;5;160m[Xcode][0m 
[38;5;160m[Xcode][0m 
[38;5;160m[Xcode][0m Restarting after unexpected exit, crash, or test timeout in -[UITestingUITests testRunner]; summary will include totals from previous launches.
[38;5;160m[Xcode][0m 
[38;5;160m[Xcode][0m 
[38;5;160m[Xcode][0m Test Suite 'Selected tests' started at 2024-05-08 08:59:27.358.
[38;5;160m[Xcode][0m Test Suite 'WebDriverAgentRunner.xctest' started at 2024-05-08 08:59:27.360.
[38;5;160m[Xcode][0m 
[38;5;160m[Xcode][0m Test Suite 'UITestingUITests' started at 2024-05-08 08:59:27.360.
[38;5;160m[Xcode][0m     t =      nans Suite Set Up
[38;5;160m[Xcode][0m 
[38;5;160m[Xcode][0m 2024-05-08 08:59:27.382654+0100 WebDriverAgentRunner-Runner[9604:3983148] [User Defaults] Couldn't write values for keys (
[38;5;160m[Xcode][0m     KeyboardAutocorrection
[38;5;160m[Xcode][0m ) in CFPrefsPlistSource<0x30312d680> (Domain: com.apple.keyboard.preferences, User: kCFPreferencesCurrentUser, ByHost: No, Container: (null), Contents Need Refresh: No): setting preferences outside an application's container requires user-preference-write or file-write-data sandbox access
[38;5;160m[Xcode][0m 2024-05-08 08:59:27.382688+0100 WebDriverAgentRunner-Runner[9604:3983148] [User Defaults] Not updating lastKnownShmemState in CFPrefsPlistSource<0x30312d680> (Domain: com.apple.keyboard.preferences, User: kCFPreferencesCurrentUser, ByHost: No, Container: (null), Contents Need Refresh: No): 353 -> 353
[38;5;160m[Xcode][0m 
[38;5;160m[Xcode][0m 2024-05-08 08:59:27.382995+0100 WebDriverAgentRunner-Runner[9604:3983148] [User Defaults] Couldn't write values for keys (
[38;5;160m[Xcode][0m     "KeyboardAutocorrection_changedAt"
[38;5;160m[Xcode][0m ) in CFPrefsPlistSource<0x30312d680> (Domain: com.apple.keyboard.preferences, User: kCFPreferencesCurrentUser, ByHost: No, Container: (null), Contents Need Refresh: No): setting preferences outside an application's container requires user-preference-write or file-write-data sandbox access
[38;5;160m[Xcode][0m 2024-05-08 08:59:27.383021+0100 WebDriverAgentRunner-Runner[9604:3983148] [User Defaults] Not updating lastKnownShmemState in CFPrefsPlistSource<0x30312d680> (Domain: com.apple.keyboard.preferences, User: kCFPreferencesCurrentUser, ByHost: No, Container: (null), Contents Need Refresh: No): 353 -> 353
[38;5;160m[Xcode][0m 2024-05-08 08:59:27.383268+0100 WebDriverAgentRunner-Runner[9604:3983148] [User Defaults] Couldn't write values for keys (
[38;5;160m[Xcode][0m     "KeyboardAutocorrection_buildAtChange"
[38;5;160m[Xcode][0m ) in CFPrefsPlistSource<0x30312d680> (Domain: com.apple.keyboard.preferences, User: kCFPreferencesCurrentUser, ByHost: No, Container: (null), Contents Need Refresh: No): setting preferences outside an application's container requires user-preference-write or file-write-data sandbox access
[38;5;160m[Xcode][0m 2024-05-08 08:59:27.383724+0100 WebDriverAgentRunner-Runner[9604:3983148] [User Defaults] Not updating lastKnownShmemState in CFPrefsPlistSource<0x30312d680> (Domain: com.apple.keyboard.preferences, User: kCFPreferencesCurrentUser, ByHost: No, Container: (null), Contents Need Refresh: No): 353 -> 353
[38;5;160m[Xcode][0m 2024-05-08 08:59:27.383944+0100 WebDriverAgentRunner-Runner[9604:3983148] [User Defaults] Couldn't write values for keys (
[38;5;160m[Xcode][0m     "KeyboardAutocorrection_previousValue"
[38;5;160m[Xcode][0m ) in CFPrefsPlistSource<0x30312d680> (Domain: com.apple.keyboard.preferences, User: kCFPreferencesCurrentUser, ByHost: No, Container: (null), Contents Need Refresh: No): setting preferences outside an application's container requires user-preference-write or file-write-data sandbox access
[38;5;160m[Xcode][0m 2024-05-08 08:59:27.383965+0100 WebDriverAgentRunner-Runner[9604:3983148] [User Defaults] Not updating lastKnownShmemState in CFPrefsPlistSource<0x30312d680> (Domain: com.apple.keyboard.preferences, User: kCFPreferencesCurrentUser, ByHost: No, Container: (null), Contents Need Refresh: No): 353 -> 353
[38;5;160m[Xcode][0m 
[38;5;160m[Xcode][0m 2024-05-08 08:59:27.384910+0100 WebDriverAgentRunner-Runner[9604:3983148] [User Defaults] Couldn't write values for keys (
[38;5;160m[Xcode][0m     "KeyboardAutocorrection_analyzedAt"
[38;5;160m[Xcode][0m ) in CFPrefsPlistSource<0x30312d680> (Domain: com.apple.keyboard.preferences, User: kCFPreferencesCurrentUser, ByHost: No, Container: (null), Contents Need Refresh: No): setting preferences outside an application's container requires user-preference-write or file-write-data sandbox access
[38;5;160m[Xcode][0m 2024-05-08 08:59:27.384937+0100 WebDriverAgentRunner-Runner[9604:3983148] [User Defaults] Not updating lastKnownShmemState in CFPrefsPlistSource<0x30312d680> (Domain: com.apple.keyboard.preferences, User: kCFPreferencesCurrentUser, ByHost: No, Container: (null), Contents Need Refresh: No): 353 -> 353
[38;5;160m[Xcode][0m 
[38;5;160m[Xcode][0m 2024-05-08 08:59:27.395047+0100 WebDriverAgentRunner-Runner[9604:3983148] [User Defaults] Couldn't write values for keys (
[38;5;160m[Xcode][0m     KeyboardPrediction
[38;5;160m[Xcode][0m ) in CFPrefsPlistSource<0x30312d680> (Domain: com.apple.keyboard.preferences, User: kCFPreferencesCurrentUser, ByHost: No, Container: (null), Contents Need Refresh: No): setting preferences outside an application's container requires user-preference-write or file-write-data sandbox access
[38;5;160m[Xcode][0m 2024-05-08 08:59:27.395071+0100 WebDriverAgentRunner-Runner[9604:3983148] [User Defaults] Not updating lastKnownShmemState in CFPrefsPlistSource<0x30312d680> (Domain: com.apple.keyboard.preferences, User: kCFPreferencesCurrentUser, ByHost: No, Container: (null), Contents Need Refresh: No): 353 -> 353
[38;5;160m[Xcode][0m 
[38;5;160m[Xcode][0m 2024-05-08 08:59:27.395321+0100 WebDriverAgentRunner-Runner[9604:3983148] [User Defaults] Couldn't write values for keys (
[38;5;160m[Xcode][0m     KeyboardShowPredictionBar
[38;5;160m[Xcode][0m ) in CFPrefsPlistSource<0x30312d680> (Domain: com.apple.keyboard.preferences, User: kCFPreferencesCurrentUser, ByHost: No, Container: (null), Contents Need Refresh: No): setting preferences outside an application's container requires user-preference-write or file-write-data sandbox access
[38;5;160m[Xcode][0m 2024-05-08 08:59:27.395340+0100 WebDriverAgentRunner-Runner[9604:3983148] [User Defaults] Not updating lastKnownShmemState in CFPrefsPlistSource<0x30312d680> (Domain: com.apple.keyboard.preferences, User: kCFPreferencesCurrentUser, ByHost: No, Container: (null), Contents Need Refresh: No): 353 -> 353
[38;5;160m[Xcode][0m 2024-05-08 08:59:27.395591+0100 WebDriverAgentRunner-Runner[9604:3983148] [User Defaults] Couldn't write values for keys (
[38;5;160m[Xcode][0m     DidShowGestureKeyboardIntroduction
[38;5;160m[Xcode][0m 
[38;5;160m[Xcode][0m ) in CFPrefsPlistSource<0x30312d680> (Domain: com.apple.keyboard.preferences, User: kCFPreferencesCurrentUser, ByHost: No, Container: (null), Contents Need Refresh: No): setting preferences outside an application's container requires user-preference-write or file-write-data sandbox access
[38;5;160m[Xcode][0m 2024-05-08 08:59:27.395666+0100 WebDriverAgentRunner-Runner[9604:3983148] [User Defaults] Not updating lastKnownShmemState in CFPrefsPlistSource<0x30312d680> (Domain: com.apple.keyboard.preferences, User: kCFPreferencesCurrentUser, ByHost: No, Container: (null), Contents Need Refresh: No): 353 -> 353
[38;5;160m[Xcode][0m 
[38;5;160m[Xcode][0m Test Suite 'UITestingUITests' failed at 2024-05-08 08:59:27.399.
[38;5;160m[Xcode][0m 	 Executed 1 test, with 1 failure (0 unexpected) in 0.000 (0.039) seconds
[38;5;160m[Xcode][0m 
[38;5;160m[Xcode][0m Test Suite 'WebDriverAgentRunner.xctest' failed at 2024-05-08 08:59:27.399.
[38;5;160m[Xcode][0m 	 Executed 1 test, with 1 failure (0 unexpected) in 0.000 (0.040) seconds
[38;5;160m[Xcode][0m Test Suite 'Selected tests' failed at 2024-05-08 08:59:27.399.
[38;5;160m[Xcode][0m 	 Executed 1 test, with 1 failure (0 unexpected) in 0.000 (0.041) seconds
[38;5;160m[Xcode][0m 
[38;5;160m[Xcode][0m 2024-05-08 08:59:33.731 xcodebuild[46883:10881453] [MT] IDETestOperationsObserverDebug: 28.671 elapsed -- Testing started completed.
[38;5;160m[Xcode][0m 
[38;5;160m[Xcode][0m 2024-05-08 08:59:33.732 xcodebuild[46883:10881453] [MT] IDETestOperationsObserverDebug: 0.000 sec, +0.000 sec -- start
[38;5;160m[Xcode][0m 2024-05-08 08:59:33.732 xcodebuild[46883:10881453] [MT] IDETestOperationsObserverDebug: 28.671 sec, +28.671 sec -- end
[38;5;160m[Xcode][0m 
[38;5;160m[Xcode][0m 
[38;5;160m[Xcode][0m Test session results, code coverage, and logs:
[38;5;160m[Xcode][0m 	/Users/safaamarir/Library/Developer/Xcode/DerivedData/WebDriverAgent-crwnbegrosjorcexwushcopiqllk/Logs/Test/Test-WebDriverAgentRunner-2024.05.08_08-58-55-+0100.xcresult
[38;5;160m[Xcode][0m 
[38;5;160m[Xcode][0m 
[38;5;160m[Xcode][0m Failing tests:
[38;5;160m[Xcode][0m 	-[UITestingUITests testRunner]
[38;5;160m[Xcode][0m 
[38;5;160m[Xcode][0m ** TEST EXECUTE FAILED **
[38;5;160m[Xcode][0m 
[38;5;160m[Xcode][0m 
[38;5;160m[Xcode][0m Testing started
[38;5;160m[Xcode][0m 
[38;5;160m[Xcode][0m xcodebuild exited with code '65' and signal 'null'
[38;5;32m[XCUITestDriver@102c (5aa4df88)][0m {}
[38;5;32m[XCUITestDriver@102c][0m Unable to start WebDriverAgent: Error: We were not able to retrieve the /status response from the WebDriverAgent server after 60000ms timeout.Try to increase the value of 'appium:wdaLaunchTimeout' capability as a possible workaround.
[38;5;32m[XCUITestDriver@102c][0m Unable to start WebDriverAgent: Error: We were not able to retrieve the /status response from the WebDriverAgent server after 60000ms timeout.Try to increase the value of 'appium:wdaLaunchTimeout' capability as a possible workaround.
